[13-Nov-2025 13:20:55 UTC] Loaded file: blur_effects.php
[13-Nov-2025 13:20:55 UTC] Loaded file: rkit_post_duplicator.php
[13-Nov-2025 13:20:55 UTC] Loaded file: rkit_tool_tips.php
[13-Nov-2025 13:20:55 UTC] Loaded file: rkit_wrapper_link.php
[13-Nov-2025 13:20:55 UTC] Class not found: \RomethemeKit\Rkit_Custom_Cursor
[13-Nov-2025 13:20:55 UTC] Instantiated class: \RomethemeKit\RkitDuplicator
[13-Nov-2025 13:20:55 UTC] Instantiated class: \RomethemeKit\BlurEffects
[13-Nov-2025 13:20:55 UTC] Class not found: \RomethemeKit\Rkit_Sticky_Content
[13-Nov-2025 13:20:55 UTC] Instantiated class: \RomethemeKit\RkitToolTips
[13-Nov-2025 13:20:55 UTC] Instantiated class: \RomethemeKit\RkitWrapperLink
[13-Nov-2025 13:20:56 UTC] Loaded file: blur_effects.php
[13-Nov-2025 13:20:56 UTC] Loaded file: rkit_post_duplicator.php
[13-Nov-2025 13:20:56 UTC] Loaded file: rkit_tool_tips.php
[13-Nov-2025 13:20:56 UTC] Loaded file: rkit_wrapper_link.php
[13-Nov-2025 13:20:56 UTC] Class not found: \RomethemeKit\Rkit_Custom_Cursor
[13-Nov-2025 13:20:56 UTC] Instantiated class: \RomethemeKit\RkitDuplicator
[13-Nov-2025 13:20:56 UTC] Instantiated class: \RomethemeKit\BlurEffects
[13-Nov-2025 13:20:56 UTC] Class not found: \RomethemeKit\Rkit_Sticky_Content
[13-Nov-2025 13:20:56 UTC] Instantiated class: \RomethemeKit\RkitToolTips
[13-Nov-2025 13:20:56 UTC] Instantiated class: \RomethemeKit\RkitWrapperLink
[13-Nov-2025 13:20:59 UTC] Loaded file: blur_effects.php
[13-Nov-2025 13:20:59 UTC] Loaded file: rkit_post_duplicator.php
[13-Nov-2025 13:20:59 UTC] Loaded file: rkit_tool_tips.php
[13-Nov-2025 13:20:59 UTC] Loaded file: rkit_wrapper_link.php
[13-Nov-2025 13:20:59 UTC] Class not found: \RomethemeKit\Rkit_Custom_Cursor
[13-Nov-2025 13:20:59 UTC] Instantiated class: \RomethemeKit\RkitDuplicator
[13-Nov-2025 13:20:59 UTC] Instantiated class: \RomethemeKit\BlurEffects
[13-Nov-2025 13:20:59 UTC] Class not found: \RomethemeKit\Rkit_Sticky_Content
[13-Nov-2025 13:20:59 UTC] Instantiated class: \RomethemeKit\RkitToolTips
[13-Nov-2025 13:20:59 UTC] Instantiated class: \RomethemeKit\RkitWrapperLink
[13-Nov-2025 13:20:59 UTC] Soltour Booking V2: Plugin desativado
[13-Nov-2025 13:21:00 UTC] Loaded file: blur_effects.php
[13-Nov-2025 13:21:00 UTC] Loaded file: rkit_post_duplicator.php
[13-Nov-2025 13:21:00 UTC] Loaded file: rkit_tool_tips.php
[13-Nov-2025 13:21:00 UTC] Loaded file: rkit_wrapper_link.php
[13-Nov-2025 13:21:00 UTC] Class not found: \RomethemeKit\Rkit_Custom_Cursor
[13-Nov-2025 13:21:00 UTC] Instantiated class: \RomethemeKit\RkitDuplicator
[13-Nov-2025 13:21:00 UTC] Instantiated class: \RomethemeKit\BlurEffects
[13-Nov-2025 13:21:00 UTC] Class not found: \RomethemeKit\Rkit_Sticky_Content
[13-Nov-2025 13:21:00 UTC] Instantiated class: \RomethemeKit\RkitToolTips
[13-Nov-2025 13:21:00 UTC] Instantiated class: \RomethemeKit\RkitWrapperLink
[13-Nov-2025 13:21:04 UTC] Loaded file: blur_effects.php
[13-Nov-2025 13:21:04 UTC] Loaded file: rkit_post_duplicator.php
[13-Nov-2025 13:21:04 UTC] Loaded file: rkit_tool_tips.php
[13-Nov-2025 13:21:04 UTC] Loaded file: rkit_wrapper_link.php
[13-Nov-2025 13:21:04 UTC] Class not found: \RomethemeKit\Rkit_Custom_Cursor
[13-Nov-2025 13:21:04 UTC] Instantiated class: \RomethemeKit\RkitDuplicator
[13-Nov-2025 13:21:04 UTC] Instantiated class: \RomethemeKit\BlurEffects
[13-Nov-2025 13:21:04 UTC] Class not found: \RomethemeKit\Rkit_Sticky_Content
[13-Nov-2025 13:21:04 UTC] Instantiated class: \RomethemeKit\RkitToolTips
[13-Nov-2025 13:21:04 UTC] Instantiated class: \RomethemeKit\RkitWrapperLink
[13-Nov-2025 13:21:08 UTC] Loaded file: blur_effects.php
[13-Nov-2025 13:21:08 UTC] Loaded file: rkit_post_duplicator.php
[13-Nov-2025 13:21:08 UTC] Loaded file: rkit_tool_tips.php
[13-Nov-2025 13:21:08 UTC] Loaded file: rkit_wrapper_link.php
[13-Nov-2025 13:21:08 UTC] Class not found: \RomethemeKit\Rkit_Custom_Cursor
[13-Nov-2025 13:21:08 UTC] Instantiated class: \RomethemeKit\RkitDuplicator
[13-Nov-2025 13:21:08 UTC] Instantiated class: \RomethemeKit\BlurEffects
[13-Nov-2025 13:21:08 UTC] Class not found: \RomethemeKit\Rkit_Sticky_Content
[13-Nov-2025 13:21:08 UTC] Instantiated class: \RomethemeKit\RkitToolTips
[13-Nov-2025 13:21:08 UTC] Instantiated class: \RomethemeKit\RkitWrapperLink
[13-Nov-2025 13:22:02 UTC] Loaded file: blur_effects.php
[13-Nov-2025 13:22:02 UTC] Loaded file: rkit_post_duplicator.php
[13-Nov-2025 13:22:02 UTC] Loaded file: rkit_tool_tips.php
[13-Nov-2025 13:22:02 UTC] Loaded file: rkit_wrapper_link.php
[13-Nov-2025 13:22:02 UTC] Class not found: \RomethemeKit\Rkit_Custom_Cursor
[13-Nov-2025 13:22:02 UTC] Instantiated class: \RomethemeKit\RkitDuplicator
[13-Nov-2025 13:22:02 UTC] Instantiated class: \RomethemeKit\BlurEffects
[13-Nov-2025 13:22:02 UTC] Class not found: \RomethemeKit\Rkit_Sticky_Content
[13-Nov-2025 13:22:02 UTC] Instantiated class: \RomethemeKit\RkitToolTips
[13-Nov-2025 13:22:02 UTC] Instantiated class: \RomethemeKit\RkitWrapperLink
[13-Nov-2025 13:22:03 UTC] Loaded file: blur_effects.php
[13-Nov-2025 13:22:03 UTC] Loaded file: rkit_post_duplicator.php
[13-Nov-2025 13:22:03 UTC] Loaded file: rkit_tool_tips.php
[13-Nov-2025 13:22:03 UTC] Loaded file: rkit_wrapper_link.php
[13-Nov-2025 13:22:03 UTC] Class not found: \RomethemeKit\Rkit_Custom_Cursor
[13-Nov-2025 13:22:03 UTC] Instantiated class: \RomethemeKit\RkitDuplicator
[13-Nov-2025 13:22:03 UTC] Instantiated class: \RomethemeKit\BlurEffects
[13-Nov-2025 13:22:03 UTC] Class not found: \RomethemeKit\Rkit_Sticky_Content
[13-Nov-2025 13:22:03 UTC] Instantiated class: \RomethemeKit\RkitToolTips
[13-Nov-2025 13:22:03 UTC] Instantiated class: \RomethemeKit\RkitWrapperLink
[13-Nov-2025 13:22:03 UTC] Loaded file: blur_effects.php
[13-Nov-2025 13:22:03 UTC] Loaded file: rkit_post_duplicator.php
[13-Nov-2025 13:22:03 UTC] Loaded file: rkit_tool_tips.php
[13-Nov-2025 13:22:03 UTC] Loaded file: rkit_wrapper_link.php
[13-Nov-2025 13:22:03 UTC] Class not found: \RomethemeKit\Rkit_Custom_Cursor
[13-Nov-2025 13:22:03 UTC] Instantiated class: \RomethemeKit\RkitDuplicator
[13-Nov-2025 13:22:03 UTC] Instantiated class: \RomethemeKit\BlurEffects
[13-Nov-2025 13:22:03 UTC] Class not found: \RomethemeKit\Rkit_Sticky_Content
[13-Nov-2025 13:22:03 UTC] Instantiated class: \RomethemeKit\RkitToolTips
[13-Nov-2025 13:22:03 UTC] Instantiated class: \RomethemeKit\RkitWrapperLink
[13-Nov-2025 13:24:02 UTC] Loaded file: blur_effects.php
[13-Nov-2025 13:24:02 UTC] Loaded file: rkit_post_duplicator.php
[13-Nov-2025 13:24:02 UTC] Loaded file: rkit_tool_tips.php
[13-Nov-2025 13:24:02 UTC] Loaded file: rkit_wrapper_link.php
[13-Nov-2025 13:24:02 UTC] Class not found: \RomethemeKit\Rkit_Custom_Cursor
[13-Nov-2025 13:24:02 UTC] Instantiated class: \RomethemeKit\RkitDuplicator
[13-Nov-2025 13:24:02 UTC] Instantiated class: \RomethemeKit\BlurEffects
[13-Nov-2025 13:24:02 UTC] Class not found: \RomethemeKit\Rkit_Sticky_Content
[13-Nov-2025 13:24:02 UTC] Instantiated class: \RomethemeKit\RkitToolTips
[13-Nov-2025 13:24:02 UTC] Instantiated class: \RomethemeKit\RkitWrapperLink
[13-Nov-2025 13:24:03 UTC] Loaded file: blur_effects.php
[13-Nov-2025 13:24:03 UTC] Loaded file: rkit_post_duplicator.php
[13-Nov-2025 13:24:03 UTC] Loaded file: rkit_tool_tips.php
[13-Nov-2025 13:24:03 UTC] Loaded file: rkit_wrapper_link.php
[13-Nov-2025 13:24:03 UTC] Class not found: \RomethemeKit\Rkit_Custom_Cursor
[13-Nov-2025 13:24:03 UTC] Instantiated class: \RomethemeKit\RkitDuplicator
[13-Nov-2025 13:24:03 UTC] Instantiated class: \RomethemeKit\BlurEffects
[13-Nov-2025 13:24:03 UTC] Class not found: \RomethemeKit\Rkit_Sticky_Content
[13-Nov-2025 13:24:03 UTC] Instantiated class: \RomethemeKit\RkitToolTips
[13-Nov-2025 13:24:03 UTC] Instantiated class: \RomethemeKit\RkitWrapperLink
[13-Nov-2025 13:24:31 UTC] Loaded file: blur_effects.php
[13-Nov-2025 13:24:31 UTC] Loaded file: rkit_post_duplicator.php
[13-Nov-2025 13:24:31 UTC] Loaded file: rkit_tool_tips.php
[13-Nov-2025 13:24:31 UTC] Loaded file: rkit_wrapper_link.php
[13-Nov-2025 13:24:31 UTC] Class not found: \RomethemeKit\Rkit_Custom_Cursor
[13-Nov-2025 13:24:31 UTC] Instantiated class: \RomethemeKit\RkitDuplicator
[13-Nov-2025 13:24:31 UTC] Instantiated class: \RomethemeKit\BlurEffects
[13-Nov-2025 13:24:31 UTC] Class not found: \RomethemeKit\Rkit_Sticky_Content
[13-Nov-2025 13:24:31 UTC] Instantiated class: \RomethemeKit\RkitToolTips
[13-Nov-2025 13:24:31 UTC] Instantiated class: \RomethemeKit\RkitWrapperLink
[13-Nov-2025 13:24:32 UTC] Loaded file: blur_effects.php
[13-Nov-2025 13:24:32 UTC] Loaded file: rkit_post_duplicator.php
[13-Nov-2025 13:24:32 UTC] Loaded file: rkit_tool_tips.php
[13-Nov-2025 13:24:32 UTC] Loaded file: rkit_wrapper_link.php
[13-Nov-2025 13:24:32 UTC] Class not found: \RomethemeKit\Rkit_Custom_Cursor
[13-Nov-2025 13:24:32 UTC] Instantiated class: \RomethemeKit\RkitDuplicator
[13-Nov-2025 13:24:32 UTC] Instantiated class: \RomethemeKit\BlurEffects
[13-Nov-2025 13:24:32 UTC] Class not found: \RomethemeKit\Rkit_Sticky_Content
[13-Nov-2025 13:24:32 UTC] Instantiated class: \RomethemeKit\RkitToolTips
[13-Nov-2025 13:24:32 UTC] Instantiated class: \RomethemeKit\RkitWrapperLink
[13-Nov-2025 13:24:42 UTC] Loaded file: blur_effects.php
[13-Nov-2025 13:24:42 UTC] Loaded file: rkit_post_duplicator.php
[13-Nov-2025 13:24:42 UTC] Loaded file: rkit_tool_tips.php
[13-Nov-2025 13:24:42 UTC] Loaded file: rkit_wrapper_link.php
[13-Nov-2025 13:24:42 UTC] Class not found: \RomethemeKit\Rkit_Custom_Cursor
[13-Nov-2025 13:24:42 UTC] Instantiated class: \RomethemeKit\RkitDuplicator
[13-Nov-2025 13:24:42 UTC] Instantiated class: \RomethemeKit\BlurEffects
[13-Nov-2025 13:24:42 UTC] Class not found: \RomethemeKit\Rkit_Sticky_Content
[13-Nov-2025 13:24:42 UTC] Instantiated class: \RomethemeKit\RkitToolTips
[13-Nov-2025 13:24:42 UTC] Instantiated class: \RomethemeKit\RkitWrapperLink
[13-Nov-2025 13:24:42 UTC] Loaded file: blur_effects.php
[13-Nov-2025 13:24:42 UTC] Loaded file: rkit_post_duplicator.php
[13-Nov-2025 13:24:42 UTC] Loaded file: rkit_tool_tips.php
[13-Nov-2025 13:24:42 UTC] Loaded file: rkit_wrapper_link.php
[13-Nov-2025 13:24:42 UTC] Class not found: \RomethemeKit\Rkit_Custom_Cursor
[13-Nov-2025 13:24:42 UTC] Instantiated class: \RomethemeKit\RkitDuplicator
[13-Nov-2025 13:24:42 UTC] Instantiated class: \RomethemeKit\BlurEffects
[13-Nov-2025 13:24:42 UTC] Class not found: \RomethemeKit\Rkit_Sticky_Content
[13-Nov-2025 13:24:42 UTC] Instantiated class: \RomethemeKit\RkitToolTips
[13-Nov-2025 13:24:42 UTC] Instantiated class: \RomethemeKit\RkitWrapperLink
[13-Nov-2025 13:24:44 UTC] Loaded file: blur_effects.php
[13-Nov-2025 13:24:44 UTC] Loaded file: rkit_post_duplicator.php
[13-Nov-2025 13:24:44 UTC] Loaded file: rkit_tool_tips.php
[13-Nov-2025 13:24:44 UTC] Loaded file: rkit_wrapper_link.php
[13-Nov-2025 13:24:44 UTC] Class not found: \RomethemeKit\Rkit_Custom_Cursor
[13-Nov-2025 13:24:44 UTC] Instantiated class: \RomethemeKit\RkitDuplicator
[13-Nov-2025 13:24:44 UTC] Instantiated class: \RomethemeKit\BlurEffects
[13-Nov-2025 13:24:44 UTC] Class not found: \RomethemeKit\Rkit_Sticky_Content
[13-Nov-2025 13:24:44 UTC] Instantiated class: \RomethemeKit\RkitToolTips
[13-Nov-2025 13:24:44 UTC] Instantiated class: \RomethemeKit\RkitWrapperLink
[13-Nov-2025 13:24:45 UTC] Soltour Booking V2: Plugin ativado com sucesso
[13-Nov-2025 13:24:45 UTC] Loaded file: blur_effects.php
[13-Nov-2025 13:24:45 UTC] Loaded file: rkit_post_duplicator.php
[13-Nov-2025 13:24:45 UTC] Loaded file: rkit_tool_tips.php
[13-Nov-2025 13:24:45 UTC] Loaded file: rkit_wrapper_link.php
[13-Nov-2025 13:24:45 UTC] Class not found: \RomethemeKit\Rkit_Custom_Cursor
[13-Nov-2025 13:24:45 UTC] Instantiated class: \RomethemeKit\RkitDuplicator
[13-Nov-2025 13:24:45 UTC] Instantiated class: \RomethemeKit\BlurEffects
[13-Nov-2025 13:24:45 UTC] Class not found: \RomethemeKit\Rkit_Sticky_Content
[13-Nov-2025 13:24:45 UTC] Instantiated class: \RomethemeKit\RkitToolTips
[13-Nov-2025 13:24:45 UTC] Instantiated class: \RomethemeKit\RkitWrapperLink
[13-Nov-2025 13:24:45 UTC] [Soltour API info] Request to login/login: {"brand":"SOLTOUR","market":"XMLPT","languageCode":"PT","username":"BEAUTYT999","password":"XMLBEAUTYT999"}
[13-Nov-2025 13:24:45 UTC] [Soltour API info] Response from login/login: {"sessionToken":"eyJhbGciOiJIUzI1NiIsInR5cCI6IkpXVCJ9.eyJ1IjoiQkVBVVRZVDk5OSIsImRiaSI6IjQwMDM1OTA5IiwiYiI6IlNPTFRPVVIiLCJtIjoiWE1MUFQiLCJsbmciOiJQVCIsImNsIjoiQkVBVVRZVCIsIm9mIjoiOTk5IiwiYXBwIjpudWxsLCJtYWlsIjoiY3VuaGFAYmVhdXR5dHJhdmVsLnB0IiwicmwiOlsiQUdFTkNJQSIsIkNPTVVOIiwiQ09OU1VMVEEiLCJGQUNUVVJBQ0lPTiIsIk5FV19XRUIiXSwidG0iOjE3NjMwNDAyODU2ODgsInN0cHRtIjpudWxsLCJzdHBqd3QiOm51bGwsInN0cGlkIjpudWxsLCJvdmMiOmZhbHNlLCJzZWxsIjp0cnVlLCJhcHQiOm51bGwsImRldCI6dHJ1ZSwibmV4cCI6dHJ1ZSwic2VpeiI6ZmFsc2UsInVhZ0
[13-Nov-2025 13:24:45 UTC] [Soltour API info] Session token obtido com sucesso
[13-Nov-2025 13:24:48 UTC] Loaded file: blur_effects.php
[13-Nov-2025 13:24:48 UTC] Loaded file: rkit_post_duplicator.php
[13-Nov-2025 13:24:48 UTC] Loaded file: rkit_tool_tips.php
[13-Nov-2025 13:24:48 UTC] Loaded file: rkit_wrapper_link.php
[13-Nov-2025 13:24:48 UTC] Class not found: \RomethemeKit\Rkit_Custom_Cursor
[13-Nov-2025 13:24:48 UTC] Instantiated class: \RomethemeKit\RkitDuplicator
[13-Nov-2025 13:24:48 UTC] Instantiated class: \RomethemeKit\BlurEffects
[13-Nov-2025 13:24:48 UTC] Class not found: \RomethemeKit\Rkit_Sticky_Content
[13-Nov-2025 13:24:48 UTC] Instantiated class: \RomethemeKit\RkitToolTips
[13-Nov-2025 13:24:48 UTC] Instantiated class: \RomethemeKit\RkitWrapperLink
[13-Nov-2025 13:24:49 UTC] Loaded file: blur_effects.php
[13-Nov-2025 13:24:49 UTC] Loaded file: rkit_post_duplicator.php
[13-Nov-2025 13:24:49 UTC] Loaded file: rkit_tool_tips.php
[13-Nov-2025 13:24:49 UTC] Loaded file: rkit_wrapper_link.php
[13-Nov-2025 13:24:49 UTC] Class not found: \RomethemeKit\Rkit_Custom_Cursor
[13-Nov-2025 13:24:49 UTC] Instantiated class: \RomethemeKit\RkitDuplicator
[13-Nov-2025 13:24:49 UTC] Instantiated class: \RomethemeKit\BlurEffects
[13-Nov-2025 13:24:49 UTC] Class not found: \RomethemeKit\Rkit_Sticky_Content
[13-Nov-2025 13:24:49 UTC] Instantiated class: \RomethemeKit\RkitToolTips
[13-Nov-2025 13:24:49 UTC] Instantiated class: \RomethemeKit\RkitWrapperLink
[13-Nov-2025 13:24:50 UTC] Loaded file: blur_effects.php
[13-Nov-2025 13:24:50 UTC] Loaded file: rkit_post_duplicator.php
[13-Nov-2025 13:24:50 UTC] Loaded file: rkit_tool_tips.php
[13-Nov-2025 13:24:50 UTC] Loaded file: rkit_wrapper_link.php
[13-Nov-2025 13:24:50 UTC] Class not found: \RomethemeKit\Rkit_Custom_Cursor
[13-Nov-2025 13:24:50 UTC] Instantiated class: \RomethemeKit\RkitDuplicator
[13-Nov-2025 13:24:50 UTC] Instantiated class: \RomethemeKit\BlurEffects
[13-Nov-2025 13:24:50 UTC] Class not found: \RomethemeKit\Rkit_Sticky_Content
[13-Nov-2025 13:24:50 UTC] Instantiated class: \RomethemeKit\RkitToolTips
[13-Nov-2025 13:24:50 UTC] Instantiated class: \RomethemeKit\RkitWrapperLink
[13-Nov-2025 13:24:55 UTC] Loaded file: blur_effects.php
[13-Nov-2025 13:24:55 UTC] Loaded file: rkit_post_duplicator.php
[13-Nov-2025 13:24:55 UTC] Loaded file: rkit_tool_tips.php
[13-Nov-2025 13:24:55 UTC] Loaded file: rkit_wrapper_link.php
[13-Nov-2025 13:24:55 UTC] Class not found: \RomethemeKit\Rkit_Custom_Cursor
[13-Nov-2025 13:24:55 UTC] Instantiated class: \RomethemeKit\RkitDuplicator
[13-Nov-2025 13:24:55 UTC] Instantiated class: \RomethemeKit\BlurEffects
[13-Nov-2025 13:24:55 UTC] Class not found: \RomethemeKit\Rkit_Sticky_Content
[13-Nov-2025 13:24:55 UTC] Instantiated class: \RomethemeKit\RkitToolTips
[13-Nov-2025 13:24:55 UTC] Instantiated class: \RomethemeKit\RkitWrapperLink
[13-Nov-2025 13:25:02 UTC] Loaded file: blur_effects.php
[13-Nov-2025 13:25:02 UTC] Loaded file: rkit_post_duplicator.php
[13-Nov-2025 13:25:02 UTC] Loaded file: rkit_tool_tips.php
[13-Nov-2025 13:25:02 UTC] Loaded file: rkit_wrapper_link.php
[13-Nov-2025 13:25:02 UTC] Class not found: \RomethemeKit\Rkit_Custom_Cursor
[13-Nov-2025 13:25:02 UTC] Instantiated class: \RomethemeKit\RkitDuplicator
[13-Nov-2025 13:25:02 UTC] Instantiated class: \RomethemeKit\BlurEffects
[13-Nov-2025 13:25:02 UTC] Class not found: \RomethemeKit\Rkit_Sticky_Content
[13-Nov-2025 13:25:02 UTC] Instantiated class: \RomethemeKit\RkitToolTips
[13-Nov-2025 13:25:02 UTC] Instantiated class: \RomethemeKit\RkitWrapperLink
[13-Nov-2025 13:25:02 UTC] Loaded file: blur_effects.php
[13-Nov-2025 13:25:02 UTC] Loaded file: rkit_post_duplicator.php
[13-Nov-2025 13:25:02 UTC] Loaded file: rkit_tool_tips.php
[13-Nov-2025 13:25:02 UTC] Loaded file: rkit_wrapper_link.php
[13-Nov-2025 13:25:02 UTC] Class not found: \RomethemeKit\Rkit_Custom_Cursor
[13-Nov-2025 13:25:02 UTC] Instantiated class: \RomethemeKit\RkitDuplicator
[13-Nov-2025 13:25:02 UTC] Instantiated class: \RomethemeKit\BlurEffects
[13-Nov-2025 13:25:02 UTC] Class not found: \RomethemeKit\Rkit_Sticky_Content
[13-Nov-2025 13:25:02 UTC] Instantiated class: \RomethemeKit\RkitToolTips
[13-Nov-2025 13:25:02 UTC] Instantiated class: \RomethemeKit\RkitWrapperLink
[13-Nov-2025 13:25:02 UTC] Loaded file: blur_effects.php
[13-Nov-2025 13:25:02 UTC] Loaded file: rkit_post_duplicator.php
[13-Nov-2025 13:25:02 UTC] Loaded file: rkit_tool_tips.php
[13-Nov-2025 13:25:02 UTC] Loaded file: rkit_wrapper_link.php
[13-Nov-2025 13:25:02 UTC] Class not found: \RomethemeKit\Rkit_Custom_Cursor
[13-Nov-2025 13:25:02 UTC] Instantiated class: \RomethemeKit\RkitDuplicator
[13-Nov-2025 13:25:02 UTC] Instantiated class: \RomethemeKit\BlurEffects
[13-Nov-2025 13:25:02 UTC] Class not found: \RomethemeKit\Rkit_Sticky_Content
[13-Nov-2025 13:25:02 UTC] Instantiated class: \RomethemeKit\RkitToolTips
[13-Nov-2025 13:25:02 UTC] Instantiated class: \RomethemeKit\RkitWrapperLink
[13-Nov-2025 13:25:06 UTC] Loaded file: blur_effects.php
[13-Nov-2025 13:25:06 UTC] Loaded file: rkit_post_duplicator.php
[13-Nov-2025 13:25:06 UTC] Loaded file: rkit_tool_tips.php
[13-Nov-2025 13:25:06 UTC] Loaded file: rkit_wrapper_link.php
[13-Nov-2025 13:25:06 UTC] Class not found: \RomethemeKit\Rkit_Custom_Cursor
[13-Nov-2025 13:25:06 UTC] Instantiated class: \RomethemeKit\RkitDuplicator
[13-Nov-2025 13:25:06 UTC] Instantiated class: \RomethemeKit\BlurEffects
[13-Nov-2025 13:25:06 UTC] Class not found: \RomethemeKit\Rkit_Sticky_Content
[13-Nov-2025 13:25:06 UTC] Instantiated class: \RomethemeKit\RkitToolTips
[13-Nov-2025 13:25:06 UTC] Instantiated class: \RomethemeKit\RkitWrapperLink
[13-Nov-2025 13:25:07 UTC] [Soltour API info] Request to master/getAllOrigins: {"productType":"PACKAGE","destinationCode":"PUJ"}
[13-Nov-2025 13:25:07 UTC] [Soltour API info] Response from master/getAllOrigins: {"origins":[{"code":"LCG","name":"A Coruña","airportType":"AIRPORT","destinationCode":"LCG","destinationName":"LA CORUNA","description":"A Coruña","dynamic":false},{"code":"ABC","name":"Albacete","airportType":"AIRPORT","description":"Albacete","dynamic":false},{"code":"ALC","name":"Alicante","airportType":"AIRPORT","destinationCode":"ALC","destinationName":"ALICANTE","description":"Alicante","dynamic":false},{"code":"LEI","name":"Almería","airportType":"AIRPORT","destinationCode":"LEI","dest
[13-Nov-2025 13:25:15 UTC] Loaded file: blur_effects.php
[13-Nov-2025 13:25:15 UTC] Loaded file: rkit_post_duplicator.php
[13-Nov-2025 13:25:15 UTC] Loaded file: rkit_tool_tips.php
[13-Nov-2025 13:25:15 UTC] Loaded file: rkit_wrapper_link.php
[13-Nov-2025 13:25:15 UTC] Class not found: \RomethemeKit\Rkit_Custom_Cursor
[13-Nov-2025 13:25:15 UTC] Instantiated class: \RomethemeKit\RkitDuplicator
[13-Nov-2025 13:25:15 UTC] Instantiated class: \RomethemeKit\BlurEffects
[13-Nov-2025 13:25:15 UTC] Class not found: \RomethemeKit\Rkit_Sticky_Content
[13-Nov-2025 13:25:15 UTC] Instantiated class: \RomethemeKit\RkitToolTips
[13-Nov-2025 13:25:15 UTC] Instantiated class: \RomethemeKit\RkitWrapperLink
[13-Nov-2025 13:25:21 UTC] Loaded file: blur_effects.php
[13-Nov-2025 13:25:21 UTC] Loaded file: rkit_post_duplicator.php
[13-Nov-2025 13:25:21 UTC] Loaded file: rkit_tool_tips.php
[13-Nov-2025 13:25:21 UTC] Loaded file: rkit_wrapper_link.php
[13-Nov-2025 13:25:21 UTC] Class not found: \RomethemeKit\Rkit_Custom_Cursor
[13-Nov-2025 13:25:21 UTC] Instantiated class: \RomethemeKit\RkitDuplicator
[13-Nov-2025 13:25:21 UTC] Instantiated class: \RomethemeKit\BlurEffects
[13-Nov-2025 13:25:21 UTC] Class not found: \RomethemeKit\Rkit_Sticky_Content
[13-Nov-2025 13:25:21 UTC] Instantiated class: \RomethemeKit\RkitToolTips
[13-Nov-2025 13:25:21 UTC] Instantiated class: \RomethemeKit\RkitWrapperLink
[13-Nov-2025 13:25:21 UTC] Loaded file: blur_effects.php
[13-Nov-2025 13:25:21 UTC] Loaded file: rkit_post_duplicator.php
[13-Nov-2025 13:25:21 UTC] Loaded file: rkit_tool_tips.php
[13-Nov-2025 13:25:21 UTC] Loaded file: rkit_wrapper_link.php
[13-Nov-2025 13:25:21 UTC] Class not found: \RomethemeKit\Rkit_Custom_Cursor
[13-Nov-2025 13:25:21 UTC] Instantiated class: \RomethemeKit\RkitDuplicator
[13-Nov-2025 13:25:21 UTC] Instantiated class: \RomethemeKit\BlurEffects
[13-Nov-2025 13:25:21 UTC] Class not found: \RomethemeKit\Rkit_Sticky_Content
[13-Nov-2025 13:25:21 UTC] Instantiated class: \RomethemeKit\RkitToolTips
[13-Nov-2025 13:25:21 UTC] Instantiated class: \RomethemeKit\RkitWrapperLink
[13-Nov-2025 13:25:22 UTC] [Soltour API info] === AJAX SEARCH PACKAGES CALLED ===
[13-Nov-2025 13:25:22 UTC] [Soltour API info] Params recebidos do frontend:
[13-Nov-2025 13:25:22 UTC] [Soltour API info]   - first_item: 0
[13-Nov-2025 13:25:22 UTC] [Soltour API info]   - item_count: 100
[13-Nov-2025 13:25:22 UTC] [Soltour API info] Params completos: {"originCode":"MAD","destinationCode":"PUJ","startDate":"2025-11-23","numNights":7,"rooms":[{"passengers":[{"type":"ADULT","age":30},{"type":"ADULT","age":30}]}],"productType":"PACKAGE","onlyHotel":"N","forceAvail":true,"firstItem":0,"itemCount":100}
[13-Nov-2025 13:25:22 UTC] [Soltour API info] Enviando para API Soltour (booking/availability):
[13-Nov-2025 13:25:22 UTC] [Soltour API info]   - criteria.pagination.firstItem: 0
[13-Nov-2025 13:25:22 UTC] [Soltour API info]   - criteria.pagination.itemCount: 100
[13-Nov-2025 13:25:22 UTC] [Soltour API info] Request to booking/availability: {"productType":"PACKAGE","onlyHotel":"N","forceAvail":true,"criteria":{"order":{"type":"PRICE","direction":"ASC"},"pagination":{"firstItem":0,"itemCount":100}},"languageCode":"PT","params":{"startDate":"2025-11-23","endDate":"2025-11-30","residentType":"NONE","accomodation":{"rooms":[{"passengers":[{"type":"ADULT","age":30},{"type":"ADULT","age":30}]}]},"hotelParams":{"destinationCode":"PUJ","includeImmediatePayment":true},"flightParams":{"itineraries":[{"origins":["MAD"],"destinations":["PUJ"]}],"directFlightsOnly":false,"includeImmediatePayment":true}}}
[13-Nov-2025 13:25:29 UTC] [Soltour API info] Response from booking/availability: {"productType":"PACKAGE","availToken":"IQBjQ7chmEv5jT9A1BQqtpw23KAfbcgznF/j4BToPco=","timestamp":"2025-11-13T14:25:22.567439897","serviceType":"UNDEFINED","agencyInformation":{"clientCode":"BEAUTYT","branchOfficeCode":"999","taxApplicationType":"ISC","taxRate":0,"paymentType":"PP","commission":{"currency":"EUR","rate":15}},"budgets":[{"booked":false,"selected":false,"hotelServices":[{"responseId":"Fxf9+PvVgp5CrwnjBJpTJfM+gD/mAWmYSyqZtTUi2Ds=","id":"fecc8cf7-2e71-43cf-9daa-cf4a856794a4","type":"H
[13-Nov-2025 13:25:29 UTC] [Soltour API info] Resposta da API Soltour:
[13-Nov-2025 13:25:29 UTC] [Soltour API info]   - budgets: 85
[13-Nov-2025 13:25:29 UTC] [Soltour API info]   - totalCount: 0
[13-Nov-2025 13:25:29 UTC] [Soltour API info]   - hotels: 27
[13-Nov-2025 13:25:29 UTC] [Soltour API info]   - availToken: SIM
[13-Nov-2025 13:25:29 UTC] Loaded file: blur_effects.php
[13-Nov-2025 13:25:29 UTC] Loaded file: rkit_post_duplicator.php
[13-Nov-2025 13:25:29 UTC] Loaded file: rkit_tool_tips.php
[13-Nov-2025 13:25:29 UTC] Loaded file: rkit_wrapper_link.php
[13-Nov-2025 13:25:29 UTC] Class not found: \RomethemeKit\Rkit_Custom_Cursor
[13-Nov-2025 13:25:29 UTC] Instantiated class: \RomethemeKit\RkitDuplicator
[13-Nov-2025 13:25:29 UTC] Instantiated class: \RomethemeKit\BlurEffects
[13-Nov-2025 13:25:29 UTC] Class not found: \RomethemeKit\Rkit_Sticky_Content
[13-Nov-2025 13:25:29 UTC] Instantiated class: \RomethemeKit\RkitToolTips
[13-Nov-2025 13:25:29 UTC] Instantiated class: \RomethemeKit\RkitWrapperLink
[13-Nov-2025 13:25:29 UTC] Loaded file: blur_effects.php
[13-Nov-2025 13:25:29 UTC] Loaded file: rkit_post_duplicator.php
[13-Nov-2025 13:25:29 UTC] Loaded file: rkit_tool_tips.php
[13-Nov-2025 13:25:29 UTC] Loaded file: rkit_wrapper_link.php
[13-Nov-2025 13:25:29 UTC] Class not found: \RomethemeKit\Rkit_Custom_Cursor
[13-Nov-2025 13:25:29 UTC] Instantiated class: \RomethemeKit\RkitDuplicator
[13-Nov-2025 13:25:29 UTC] Instantiated class: \RomethemeKit\BlurEffects
[13-Nov-2025 13:25:29 UTC] Class not found: \RomethemeKit\Rkit_Sticky_Content
[13-Nov-2025 13:25:29 UTC] Instantiated class: \RomethemeKit\RkitToolTips
[13-Nov-2025 13:25:29 UTC] Instantiated class: \RomethemeKit\RkitWrapperLink
[13-Nov-2025 13:25:29 UTC] Loaded file: blur_effects.php
[13-Nov-2025 13:25:29 UTC] Loaded file: rkit_post_duplicator.php
[13-Nov-2025 13:25:29 UTC] Loaded file: rkit_tool_tips.php
[13-Nov-2025 13:25:29 UTC] Loaded file: rkit_wrapper_link.php
[13-Nov-2025 13:25:29 UTC] Class not found: \RomethemeKit\Rkit_Custom_Cursor
[13-Nov-2025 13:25:29 UTC] Instantiated class: \RomethemeKit\RkitDuplicator
[13-Nov-2025 13:25:29 UTC] Instantiated class: \RomethemeKit\BlurEffects
[13-Nov-2025 13:25:29 UTC] Class not found: \RomethemeKit\Rkit_Sticky_Content
[13-Nov-2025 13:25:29 UTC] Instantiated class: \RomethemeKit\RkitToolTips
[13-Nov-2025 13:25:29 UTC] Instantiated class: \RomethemeKit\RkitWrapperLink
[13-Nov-2025 13:25:30 UTC] Loaded file: blur_effects.php
[13-Nov-2025 13:25:30 UTC] Loaded file: rkit_post_duplicator.php
[13-Nov-2025 13:25:30 UTC] Loaded file: rkit_tool_tips.php
[13-Nov-2025 13:25:30 UTC] Loaded file: rkit_wrapper_link.php
[13-Nov-2025 13:25:30 UTC] Class not found: \RomethemeKit\Rkit_Custom_Cursor
[13-Nov-2025 13:25:30 UTC] Instantiated class: \RomethemeKit\RkitDuplicator
[13-Nov-2025 13:25:30 UTC] Instantiated class: \RomethemeKit\BlurEffects
[13-Nov-2025 13:25:30 UTC] Class not found: \RomethemeKit\Rkit_Sticky_Content
[13-Nov-2025 13:25:30 UTC] Instantiated class: \RomethemeKit\RkitToolTips
[13-Nov-2025 13:25:30 UTC] Instantiated class: \RomethemeKit\RkitWrapperLink
[13-Nov-2025 13:25:30 UTC] Loaded file: blur_effects.php
[13-Nov-2025 13:25:30 UTC] Loaded file: rkit_post_duplicator.php
[13-Nov-2025 13:25:30 UTC] Loaded file: rkit_tool_tips.php
[13-Nov-2025 13:25:30 UTC] Loaded file: rkit_wrapper_link.php
[13-Nov-2025 13:25:30 UTC] Class not found: \RomethemeKit\Rkit_Custom_Cursor
[13-Nov-2025 13:25:30 UTC] Instantiated class: \RomethemeKit\RkitDuplicator
[13-Nov-2025 13:25:30 UTC] Instantiated class: \RomethemeKit\BlurEffects
[13-Nov-2025 13:25:30 UTC] Class not found: \RomethemeKit\Rkit_Sticky_Content
[13-Nov-2025 13:25:30 UTC] Instantiated class: \RomethemeKit\RkitToolTips
[13-Nov-2025 13:25:30 UTC] Instantiated class: \RomethemeKit\RkitWrapperLink
[13-Nov-2025 13:25:30 UTC] [Soltour API info] Getting details for budget: H99741##TI##0$5523089380032887816@@CLASSICAL01, hotel: H99741
[13-Nov-2025 13:25:30 UTC] [Soltour API info] Request to booking/details: {"productType":"PACKAGE","availToken":"IQBjQ7chmEv5jT9A1BQqtpw23KAfbcgznF\/j4BToPco=","budgetId":"H99741##TI##0$5523089380032887816@@CLASSICAL01","hotelParams":{"hotelCode":"H99741","providerCode":"UNDEFINED"}}
[13-Nov-2025 13:25:30 UTC] [Soltour API info] Getting details for budget: H24##TI##0$4702754220604235453@@CLASSICAL01, hotel: H24
[13-Nov-2025 13:25:30 UTC] [Soltour API info] Request to booking/details: {"productType":"PACKAGE","availToken":"IQBjQ7chmEv5jT9A1BQqtpw23KAfbcgznF\/j4BToPco=","budgetId":"H24##TI##0$4702754220604235453@@CLASSICAL01","hotelParams":{"hotelCode":"H24","providerCode":"UNDEFINED"}}
[13-Nov-2025 13:25:30 UTC] [Soltour API info] Getting details for budget: H80090##TI##0$4852396891424670463@@CLASSICAL01, hotel: H80090
[13-Nov-2025 13:25:30 UTC] [Soltour API info] Request to booking/details: {"productType":"PACKAGE","availToken":"IQBjQ7chmEv5jT9A1BQqtpw23KAfbcgznF\/j4BToPco=","budgetId":"H80090##TI##0$4852396891424670463@@CLASSICAL01","hotelParams":{"hotelCode":"H80090","providerCode":"UNDEFINED"}}
[13-Nov-2025 13:25:30 UTC] Loaded file: blur_effects.php
[13-Nov-2025 13:25:30 UTC] Loaded file: rkit_post_duplicator.php
[13-Nov-2025 13:25:30 UTC] Loaded file: rkit_tool_tips.php
[13-Nov-2025 13:25:30 UTC] Loaded file: rkit_wrapper_link.php
[13-Nov-2025 13:25:30 UTC] Class not found: \RomethemeKit\Rkit_Custom_Cursor
[13-Nov-2025 13:25:30 UTC] Instantiated class: \RomethemeKit\RkitDuplicator
[13-Nov-2025 13:25:30 UTC] Instantiated class: \RomethemeKit\BlurEffects
[13-Nov-2025 13:25:30 UTC] Class not found: \RomethemeKit\Rkit_Sticky_Content
[13-Nov-2025 13:25:30 UTC] Instantiated class: \RomethemeKit\RkitToolTips
[13-Nov-2025 13:25:30 UTC] Instantiated class: \RomethemeKit\RkitWrapperLink
[13-Nov-2025 13:25:30 UTC] [Soltour API info] Getting details for budget: H81381##TI##0$4883992449161664565@@CLASSICAL01, hotel: H81381
[13-Nov-2025 13:25:30 UTC] [Soltour API info] Request to booking/details: {"productType":"PACKAGE","availToken":"IQBjQ7chmEv5jT9A1BQqtpw23KAfbcgznF\/j4BToPco=","budgetId":"H81381##TI##0$4883992449161664565@@CLASSICAL01","hotelParams":{"hotelCode":"H81381","providerCode":"UNDEFINED"}}
[13-Nov-2025 13:25:30 UTC] [Soltour API info] Getting details for budget: H217184##TI##0$5320747433548686130@@CLASSICAL01, hotel: H217184
[13-Nov-2025 13:25:30 UTC] [Soltour API info] Request to booking/details: {"productType":"PACKAGE","availToken":"IQBjQ7chmEv5jT9A1BQqtpw23KAfbcgznF\/j4BToPco=","budgetId":"H217184##TI##0$5320747433548686130@@CLASSICAL01","hotelParams":{"hotelCode":"H217184","providerCode":"UNDEFINED"}}
[13-Nov-2025 13:25:31 UTC] [Soltour API info] Response from booking/details: {"availToken":"IQBjQ7chmEv5jT9A1BQqtpw23KAfbcgznF/j4BToPco=","timestamp":"2025-11-13T14:25:31.381958502","serviceType":"UNDEFINED","agencyInformation":{"clientCode":"BEAUTYT","branchOfficeCode":"999","taxApplicationType":"ISC","taxRate":0,"paymentType":"PP","commission":{"currency":"EUR","rate":15}},"params":{"startDate":"2025-11-23","endDate":"2025-11-30","accomodation":{"rooms":[{"passengers":[{"age":30,"type":"ADULT"},{"age":30,"type":"ADULT"}]}]},"residentType":"NONE","numNights":0,"flightPa
[13-Nov-2025 13:25:31 UTC] [Soltour API info] Details response structure: {"has_budget":false,"has_details":true,"has_error":false,"error_msg":null}
[13-Nov-2025 13:25:31 UTC] [Soltour API info] Response from booking/details: {"availToken":"IQBjQ7chmEv5jT9A1BQqtpw23KAfbcgznF/j4BToPco=","timestamp":"2025-11-13T14:25:31.452453595","serviceType":"UNDEFINED","agencyInformation":{"clientCode":"BEAUTYT","branchOfficeCode":"999","taxApplicationType":"ISC","taxRate":0,"paymentType":"PP","commission":{"currency":"EUR","rate":15}},"params":{"startDate":"2025-11-23","endDate":"2025-11-30","accomodation":{"rooms":[{"passengers":[{"age":30,"type":"ADULT"},{"age":30,"type":"ADULT"}]}]},"residentType":"NONE","numNights":0,"flightPa
[13-Nov-2025 13:25:31 UTC] [Soltour API info] Details response structure: {"has_budget":false,"has_details":true,"has_error":false,"error_msg":null}
[13-Nov-2025 13:25:31 UTC] [Soltour API info] Response from booking/details: {"availToken":"IQBjQ7chmEv5jT9A1BQqtpw23KAfbcgznF/j4BToPco=","timestamp":"2025-11-13T14:25:31.646915486","serviceType":"UNDEFINED","agencyInformation":{"clientCode":"BEAUTYT","branchOfficeCode":"999","taxApplicationType":"ISC","taxRate":0,"paymentType":"PP","commission":{"currency":"EUR","rate":15}},"params":{"startDate":"2025-11-23","endDate":"2025-11-30","accomodation":{"rooms":[{"passengers":[{"age":30,"type":"ADULT"},{"age":30,"type":"ADULT"}]}]},"residentType":"NONE","numNights":0,"flightPa
[13-Nov-2025 13:25:31 UTC] [Soltour API info] Details response structure: {"has_budget":false,"has_details":true,"has_error":false,"error_msg":null}
[13-Nov-2025 13:25:31 UTC] [Soltour API info] Response from booking/details: {"availToken":"IQBjQ7chmEv5jT9A1BQqtpw23KAfbcgznF/j4BToPco=","timestamp":"2025-11-13T14:25:31.628284381","serviceType":"UNDEFINED","agencyInformation":{"clientCode":"BEAUTYT","branchOfficeCode":"999","taxApplicationType":"ISC","taxRate":0,"paymentType":"PP","commission":{"currency":"EUR","rate":15}},"params":{"startDate":"2025-11-23","endDate":"2025-11-30","accomodation":{"rooms":[{"passengers":[{"age":30,"type":"ADULT"},{"age":30,"type":"ADULT"}]}]},"residentType":"NONE","numNights":0,"flightPa
[13-Nov-2025 13:25:31 UTC] [Soltour API info] Details response structure: {"has_budget":false,"has_details":true,"has_error":false,"error_msg":null}
[13-Nov-2025 13:25:31 UTC] [Soltour API info] Response from booking/details: {"availToken":"IQBjQ7chmEv5jT9A1BQqtpw23KAfbcgznF/j4BToPco=","timestamp":"2025-11-13T14:25:31.684607894","serviceType":"UNDEFINED","agencyInformation":{"clientCode":"BEAUTYT","branchOfficeCode":"999","taxApplicationType":"ISC","taxRate":0,"paymentType":"PP","commission":{"currency":"EUR","rate":15}},"params":{"startDate":"2025-11-23","endDate":"2025-11-30","accomodation":{"rooms":[{"passengers":[{"age":30,"type":"ADULT"},{"age":30,"type":"ADULT"}]}]},"residentType":"NONE","numNights":0,"flightPa
[13-Nov-2025 13:25:31 UTC] [Soltour API info] Details response structure: {"has_budget":false,"has_details":true,"has_error":false,"error_msg":null}
[13-Nov-2025 13:25:32 UTC] Loaded file: blur_effects.php
[13-Nov-2025 13:25:32 UTC] Loaded file: rkit_post_duplicator.php
[13-Nov-2025 13:25:32 UTC] Loaded file: rkit_tool_tips.php
[13-Nov-2025 13:25:32 UTC] Loaded file: rkit_wrapper_link.php
[13-Nov-2025 13:25:32 UTC] Class not found: \RomethemeKit\Rkit_Custom_Cursor
[13-Nov-2025 13:25:32 UTC] Instantiated class: \RomethemeKit\RkitDuplicator
[13-Nov-2025 13:25:32 UTC] Instantiated class: \RomethemeKit\BlurEffects
[13-Nov-2025 13:25:32 UTC] Class not found: \RomethemeKit\Rkit_Sticky_Content
[13-Nov-2025 13:25:32 UTC] Instantiated class: \RomethemeKit\RkitToolTips
[13-Nov-2025 13:25:32 UTC] Instantiated class: \RomethemeKit\RkitWrapperLink
[13-Nov-2025 13:25:32 UTC] Loaded file: blur_effects.php
[13-Nov-2025 13:25:32 UTC] Loaded file: rkit_post_duplicator.php
[13-Nov-2025 13:25:32 UTC] Loaded file: rkit_tool_tips.php
[13-Nov-2025 13:25:32 UTC] Loaded file: rkit_wrapper_link.php
[13-Nov-2025 13:25:32 UTC] Class not found: \RomethemeKit\Rkit_Custom_Cursor
[13-Nov-2025 13:25:32 UTC] Instantiated class: \RomethemeKit\RkitDuplicator
[13-Nov-2025 13:25:32 UTC] Instantiated class: \RomethemeKit\BlurEffects
[13-Nov-2025 13:25:32 UTC] Class not found: \RomethemeKit\Rkit_Sticky_Content
[13-Nov-2025 13:25:32 UTC] Instantiated class: \RomethemeKit\RkitToolTips
[13-Nov-2025 13:25:32 UTC] Instantiated class: \RomethemeKit\RkitWrapperLink
[13-Nov-2025 13:25:32 UTC] Loaded file: blur_effects.php
[13-Nov-2025 13:25:32 UTC] Loaded file: rkit_post_duplicator.php
[13-Nov-2025 13:25:32 UTC] Loaded file: rkit_tool_tips.php
[13-Nov-2025 13:25:32 UTC] Loaded file: rkit_wrapper_link.php
[13-Nov-2025 13:25:32 UTC] Class not found: \RomethemeKit\Rkit_Custom_Cursor
[13-Nov-2025 13:25:32 UTC] Instantiated class: \RomethemeKit\RkitDuplicator
[13-Nov-2025 13:25:32 UTC] Instantiated class: \RomethemeKit\BlurEffects
[13-Nov-2025 13:25:32 UTC] Class not found: \RomethemeKit\Rkit_Sticky_Content
[13-Nov-2025 13:25:32 UTC] Instantiated class: \RomethemeKit\RkitToolTips
[13-Nov-2025 13:25:32 UTC] Instantiated class: \RomethemeKit\RkitWrapperLink
[13-Nov-2025 13:25:32 UTC] Loaded file: blur_effects.php
[13-Nov-2025 13:25:32 UTC] Loaded file: rkit_post_duplicator.php
[13-Nov-2025 13:25:32 UTC] Loaded file: rkit_tool_tips.php
[13-Nov-2025 13:25:32 UTC] Loaded file: rkit_wrapper_link.php
[13-Nov-2025 13:25:32 UTC] Class not found: \RomethemeKit\Rkit_Custom_Cursor
[13-Nov-2025 13:25:32 UTC] Instantiated class: \RomethemeKit\RkitDuplicator
[13-Nov-2025 13:25:32 UTC] Instantiated class: \RomethemeKit\BlurEffects
[13-Nov-2025 13:25:32 UTC] Class not found: \RomethemeKit\Rkit_Sticky_Content
[13-Nov-2025 13:25:32 UTC] Instantiated class: \RomethemeKit\RkitToolTips
[13-Nov-2025 13:25:32 UTC] Instantiated class: \RomethemeKit\RkitWrapperLink
[13-Nov-2025 13:25:32 UTC] Loaded file: blur_effects.php
[13-Nov-2025 13:25:32 UTC] Loaded file: rkit_post_duplicator.php
[13-Nov-2025 13:25:32 UTC] Loaded file: rkit_tool_tips.php
[13-Nov-2025 13:25:32 UTC] Loaded file: rkit_wrapper_link.php
[13-Nov-2025 13:25:32 UTC] Class not found: \RomethemeKit\Rkit_Custom_Cursor
[13-Nov-2025 13:25:32 UTC] Instantiated class: \RomethemeKit\RkitDuplicator
[13-Nov-2025 13:25:32 UTC] Instantiated class: \RomethemeKit\BlurEffects
[13-Nov-2025 13:25:32 UTC] Class not found: \RomethemeKit\Rkit_Sticky_Content
[13-Nov-2025 13:25:32 UTC] Instantiated class: \RomethemeKit\RkitToolTips
[13-Nov-2025 13:25:32 UTC] Instantiated class: \RomethemeKit\RkitWrapperLink
[13-Nov-2025 13:25:33 UTC] [Soltour API info] Getting details for budget: H199543##SA##0$5587487790992652203@@CLASSICAL01, hotel: H199543
[13-Nov-2025 13:25:33 UTC] [Soltour API info] Request to booking/details: {"productType":"PACKAGE","availToken":"IQBjQ7chmEv5jT9A1BQqtpw23KAfbcgznF\/j4BToPco=","budgetId":"H199543##SA##0$5587487790992652203@@CLASSICAL01","hotelParams":{"hotelCode":"H199543","providerCode":"UNDEFINED"}}
[13-Nov-2025 13:25:33 UTC] [Soltour API info] Getting details for budget: H49702##TI##0$4705907424211325538@@CLASSICAL01, hotel: H49702
[13-Nov-2025 13:25:33 UTC] [Soltour API info] Request to booking/details: {"productType":"PACKAGE","availToken":"IQBjQ7chmEv5jT9A1BQqtpw23KAfbcgznF\/j4BToPco=","budgetId":"H49702##TI##0$4705907424211325538@@CLASSICAL01","hotelParams":{"hotelCode":"H49702","providerCode":"UNDEFINED"}}
[13-Nov-2025 13:25:33 UTC] [Soltour API info] Getting details for budget: H81784##TI##0$5526793450346984111@@CLASSICAL01, hotel: H81784
[13-Nov-2025 13:25:33 UTC] [Soltour API info] Request to booking/details: {"productType":"PACKAGE","availToken":"IQBjQ7chmEv5jT9A1BQqtpw23KAfbcgznF\/j4BToPco=","budgetId":"H81784##TI##0$5526793450346984111@@CLASSICAL01","hotelParams":{"hotelCode":"H81784","providerCode":"UNDEFINED"}}
[13-Nov-2025 13:25:33 UTC] [Soltour API info] Getting details for budget: H408431##SA##0$4687640707239340152@@CLASSICAL01, hotel: H408431
[13-Nov-2025 13:25:33 UTC] [Soltour API info] Request to booking/details: {"productType":"PACKAGE","availToken":"IQBjQ7chmEv5jT9A1BQqtpw23KAfbcgznF\/j4BToPco=","budgetId":"H408431##SA##0$4687640707239340152@@CLASSICAL01","hotelParams":{"hotelCode":"H408431","providerCode":"UNDEFINED"}}
[13-Nov-2025 13:25:33 UTC] [Soltour API info] Getting details for budget: H186203##TI##0$4903511499222313309@@CLASSICAL01, hotel: H186203
[13-Nov-2025 13:25:33 UTC] [Soltour API info] Request to booking/details: {"productType":"PACKAGE","availToken":"IQBjQ7chmEv5jT9A1BQqtpw23KAfbcgznF\/j4BToPco=","budgetId":"H186203##TI##0$4903511499222313309@@CLASSICAL01","hotelParams":{"hotelCode":"H186203","providerCode":"UNDEFINED"}}
[13-Nov-2025 13:25:33 UTC] [Soltour API info] Response from booking/details: {"availToken":"IQBjQ7chmEv5jT9A1BQqtpw23KAfbcgznF/j4BToPco=","timestamp":"2025-11-13T14:25:33.698965953","serviceType":"UNDEFINED","agencyInformation":{"clientCode":"BEAUTYT","branchOfficeCode":"999","taxApplicationType":"ISC","taxRate":0,"paymentType":"PP","commission":{"currency":"EUR","rate":15}},"params":{"startDate":"2025-11-23","endDate":"2025-11-30","accomodation":{"rooms":[{"passengers":[{"age":30,"type":"ADULT"},{"age":30,"type":"ADULT"}]}]},"residentType":"NONE","numNights":0,"flightPa
[13-Nov-2025 13:25:33 UTC] [Soltour API info] Details response structure: {"has_budget":false,"has_details":true,"has_error":false,"error_msg":null}
[13-Nov-2025 13:25:33 UTC] [Soltour API info] Response from booking/details: {"availToken":"IQBjQ7chmEv5jT9A1BQqtpw23KAfbcgznF/j4BToPco=","timestamp":"2025-11-13T14:25:33.803167218","serviceType":"UNDEFINED","agencyInformation":{"clientCode":"BEAUTYT","branchOfficeCode":"999","taxApplicationType":"ISC","taxRate":0,"paymentType":"PP","commission":{"currency":"EUR","rate":15}},"params":{"startDate":"2025-11-23","endDate":"2025-11-30","accomodation":{"rooms":[{"passengers":[{"age":30,"type":"ADULT"},{"age":30,"type":"ADULT"}]}]},"residentType":"NONE","numNights":0,"flightPa
[13-Nov-2025 13:25:33 UTC] [Soltour API info] Details response structure: {"has_budget":false,"has_details":true,"has_error":false,"error_msg":null}
[13-Nov-2025 13:25:33 UTC] [Soltour API info] Response from booking/details: {"availToken":"IQBjQ7chmEv5jT9A1BQqtpw23KAfbcgznF/j4BToPco=","timestamp":"2025-11-13T14:25:33.820780900","serviceType":"UNDEFINED","agencyInformation":{"clientCode":"BEAUTYT","branchOfficeCode":"999","taxApplicationType":"ISC","taxRate":0,"paymentType":"PP","commission":{"currency":"EUR","rate":15}},"params":{"startDate":"2025-11-23","endDate":"2025-11-30","accomodation":{"rooms":[{"passengers":[{"age":30,"type":"ADULT"},{"age":30,"type":"ADULT"}]}]},"residentType":"NONE","numNights":0,"flightPa
[13-Nov-2025 13:25:33 UTC] [Soltour API info] Details response structure: {"has_budget":false,"has_details":true,"has_error":false,"error_msg":null}
[13-Nov-2025 13:25:34 UTC] [Soltour API info] Response from booking/details: {"availToken":"IQBjQ7chmEv5jT9A1BQqtpw23KAfbcgznF/j4BToPco=","timestamp":"2025-11-13T14:25:34.003723302","serviceType":"UNDEFINED","agencyInformation":{"clientCode":"BEAUTYT","branchOfficeCode":"999","taxApplicationType":"ISC","taxRate":0,"paymentType":"PP","commission":{"currency":"EUR","rate":15}},"params":{"startDate":"2025-11-23","endDate":"2025-11-30","accomodation":{"rooms":[{"passengers":[{"age":30,"type":"ADULT"},{"age":30,"type":"ADULT"}]}]},"residentType":"NONE","numNights":0,"flightPa
[13-Nov-2025 13:25:34 UTC] [Soltour API info] Details response structure: {"has_budget":false,"has_details":true,"has_error":false,"error_msg":null}
[13-Nov-2025 13:25:34 UTC] [Soltour API info] Response from booking/details: {"availToken":"IQBjQ7chmEv5jT9A1BQqtpw23KAfbcgznF/j4BToPco=","timestamp":"2025-11-13T14:25:34.025053272","serviceType":"UNDEFINED","agencyInformation":{"clientCode":"BEAUTYT","branchOfficeCode":"999","taxApplicationType":"ISC","taxRate":0,"paymentType":"PP","commission":{"currency":"EUR","rate":15}},"params":{"startDate":"2025-11-23","endDate":"2025-11-30","accomodation":{"rooms":[{"passengers":[{"age":30,"type":"ADULT"},{"age":30,"type":"ADULT"}]}]},"residentType":"NONE","numNights":0,"flightPa
[13-Nov-2025 13:25:34 UTC] [Soltour API info] Details response structure: {"has_budget":false,"has_details":true,"has_error":false,"error_msg":null}
[13-Nov-2025 13:25:34 UTC] Loaded file: blur_effects.php
[13-Nov-2025 13:25:34 UTC] Loaded file: rkit_post_duplicator.php
[13-Nov-2025 13:25:34 UTC] Loaded file: rkit_tool_tips.php
[13-Nov-2025 13:25:34 UTC] Loaded file: rkit_wrapper_link.php
[13-Nov-2025 13:25:34 UTC] Class not found: \RomethemeKit\Rkit_Custom_Cursor
[13-Nov-2025 13:25:34 UTC] Instantiated class: \RomethemeKit\RkitDuplicator
[13-Nov-2025 13:25:34 UTC] Instantiated class: \RomethemeKit\BlurEffects
[13-Nov-2025 13:25:34 UTC] Class not found: \RomethemeKit\Rkit_Sticky_Content
[13-Nov-2025 13:25:34 UTC] Instantiated class: \RomethemeKit\RkitToolTips
[13-Nov-2025 13:25:34 UTC] Instantiated class: \RomethemeKit\RkitWrapperLink
[13-Nov-2025 13:25:34 UTC] Loaded file: blur_effects.php
[13-Nov-2025 13:25:34 UTC] Loaded file: rkit_post_duplicator.php
[13-Nov-2025 13:25:34 UTC] Loaded file: rkit_tool_tips.php
[13-Nov-2025 13:25:34 UTC] Loaded file: rkit_wrapper_link.php
[13-Nov-2025 13:25:34 UTC] Class not found: \RomethemeKit\Rkit_Custom_Cursor
[13-Nov-2025 13:25:34 UTC] Instantiated class: \RomethemeKit\RkitDuplicator
[13-Nov-2025 13:25:34 UTC] Instantiated class: \RomethemeKit\BlurEffects
[13-Nov-2025 13:25:34 UTC] Class not found: \RomethemeKit\Rkit_Sticky_Content
[13-Nov-2025 13:25:34 UTC] Instantiated class: \RomethemeKit\RkitToolTips
[13-Nov-2025 13:25:34 UTC] Instantiated class: \RomethemeKit\RkitWrapperLink
[13-Nov-2025 13:25:34 UTC] Loaded file: blur_effects.php
[13-Nov-2025 13:25:34 UTC] Loaded file: rkit_post_duplicator.php
[13-Nov-2025 13:25:34 UTC] Loaded file: rkit_tool_tips.php
[13-Nov-2025 13:25:34 UTC] Loaded file: rkit_wrapper_link.php
[13-Nov-2025 13:25:34 UTC] Class not found: \RomethemeKit\Rkit_Custom_Cursor
[13-Nov-2025 13:25:34 UTC] Instantiated class: \RomethemeKit\RkitDuplicator
[13-Nov-2025 13:25:34 UTC] Instantiated class: \RomethemeKit\BlurEffects
[13-Nov-2025 13:25:34 UTC] Class not found: \RomethemeKit\Rkit_Sticky_Content
[13-Nov-2025 13:25:34 UTC] Instantiated class: \RomethemeKit\RkitToolTips
[13-Nov-2025 13:25:34 UTC] Instantiated class: \RomethemeKit\RkitWrapperLink
[13-Nov-2025 13:25:34 UTC] [Soltour API info] Getting details for budget: H3784##TI##0$4649159461468430942@@CLASSICAL01, hotel: H3784
[13-Nov-2025 13:25:34 UTC] [Soltour API info] Request to booking/details: {"productType":"PACKAGE","availToken":"IQBjQ7chmEv5jT9A1BQqtpw23KAfbcgznF\/j4BToPco=","budgetId":"H3784##TI##0$4649159461468430942@@CLASSICAL01","hotelParams":{"hotelCode":"H3784","providerCode":"UNDEFINED"}}
[13-Nov-2025 13:25:34 UTC] [Soltour API info] Getting details for budget: H50725##TI##0$5448439723288024557@@CLASSICAL01, hotel: H50725
[13-Nov-2025 13:25:34 UTC] [Soltour API info] Request to booking/details: {"productType":"PACKAGE","availToken":"IQBjQ7chmEv5jT9A1BQqtpw23KAfbcgznF\/j4BToPco=","budgetId":"H50725##TI##0$5448439723288024557@@CLASSICAL01","hotelParams":{"hotelCode":"H50725","providerCode":"UNDEFINED"}}
[13-Nov-2025 13:25:34 UTC] [Soltour API info] Getting details for budget: H68719##TI##0$5711847236685352242@@CLASSICAL01, hotel: H68719
[13-Nov-2025 13:25:34 UTC] [Soltour API info] Request to booking/details: {"productType":"PACKAGE","availToken":"IQBjQ7chmEv5jT9A1BQqtpw23KAfbcgznF\/j4BToPco=","budgetId":"H68719##TI##0$5711847236685352242@@CLASSICAL01","hotelParams":{"hotelCode":"H68719","providerCode":"UNDEFINED"}}
[13-Nov-2025 13:25:35 UTC] [Soltour API info] Response from booking/details: {"availToken":"IQBjQ7chmEv5jT9A1BQqtpw23KAfbcgznF/j4BToPco=","timestamp":"2025-11-13T14:25:35.205310277","serviceType":"UNDEFINED","agencyInformation":{"clientCode":"BEAUTYT","branchOfficeCode":"999","taxApplicationType":"ISC","taxRate":0,"paymentType":"PP","commission":{"currency":"EUR","rate":15}},"params":{"startDate":"2025-11-23","endDate":"2025-11-30","accomodation":{"rooms":[{"passengers":[{"age":30,"type":"ADULT"},{"age":30,"type":"ADULT"}]}]},"residentType":"NONE","numNights":0,"flightPa
[13-Nov-2025 13:25:35 UTC] [Soltour API info] Details response structure: {"has_budget":false,"has_details":true,"has_error":false,"error_msg":null}
[13-Nov-2025 13:25:35 UTC] Loaded file: blur_effects.php
[13-Nov-2025 13:25:35 UTC] Loaded file: rkit_post_duplicator.php
[13-Nov-2025 13:25:35 UTC] Loaded file: rkit_tool_tips.php
[13-Nov-2025 13:25:35 UTC] Loaded file: rkit_wrapper_link.php
[13-Nov-2025 13:25:35 UTC] Class not found: \RomethemeKit\Rkit_Custom_Cursor
[13-Nov-2025 13:25:35 UTC] Instantiated class: \RomethemeKit\RkitDuplicator
[13-Nov-2025 13:25:35 UTC] Instantiated class: \RomethemeKit\BlurEffects
[13-Nov-2025 13:25:35 UTC] Class not found: \RomethemeKit\Rkit_Sticky_Content
[13-Nov-2025 13:25:35 UTC] Instantiated class: \RomethemeKit\RkitToolTips
[13-Nov-2025 13:25:35 UTC] Instantiated class: \RomethemeKit\RkitWrapperLink
[13-Nov-2025 13:25:35 UTC] Loaded file: blur_effects.php
[13-Nov-2025 13:25:35 UTC] Loaded file: rkit_post_duplicator.php
[13-Nov-2025 13:25:35 UTC] Loaded file: rkit_tool_tips.php
[13-Nov-2025 13:25:35 UTC] Loaded file: rkit_wrapper_link.php
[13-Nov-2025 13:25:35 UTC] Class not found: \RomethemeKit\Rkit_Custom_Cursor
[13-Nov-2025 13:25:35 UTC] Instantiated class: \RomethemeKit\RkitDuplicator
[13-Nov-2025 13:25:35 UTC] Instantiated class: \RomethemeKit\BlurEffects
[13-Nov-2025 13:25:35 UTC] Class not found: \RomethemeKit\Rkit_Sticky_Content
[13-Nov-2025 13:25:35 UTC] Instantiated class: \RomethemeKit\RkitToolTips
[13-Nov-2025 13:25:35 UTC] Instantiated class: \RomethemeKit\RkitWrapperLink
[13-Nov-2025 13:25:35 UTC] [Soltour API info] Response from booking/details: {"availToken":"IQBjQ7chmEv5jT9A1BQqtpw23KAfbcgznF/j4BToPco=","timestamp":"2025-11-13T14:25:35.266735251","serviceType":"UNDEFINED","agencyInformation":{"clientCode":"BEAUTYT","branchOfficeCode":"999","taxApplicationType":"ISC","taxRate":0,"paymentType":"PP","commission":{"currency":"EUR","rate":15}},"params":{"startDate":"2025-11-23","endDate":"2025-11-30","accomodation":{"rooms":[{"passengers":[{"age":30,"type":"ADULT"},{"age":30,"type":"ADULT"}]}]},"residentType":"NONE","numNights":0,"flightPa
[13-Nov-2025 13:25:35 UTC] [Soltour API info] Details response structure: {"has_budget":false,"has_details":true,"has_error":false,"error_msg":null}
[13-Nov-2025 13:25:35 UTC] [Soltour API info] Response from booking/details: {"availToken":"IQBjQ7chmEv5jT9A1BQqtpw23KAfbcgznF/j4BToPco=","timestamp":"2025-11-13T14:25:35.441567414","serviceType":"UNDEFINED","agencyInformation":{"clientCode":"BEAUTYT","branchOfficeCode":"999","taxApplicationType":"ISC","taxRate":0,"paymentType":"PP","commission":{"currency":"EUR","rate":15}},"params":{"startDate":"2025-11-23","endDate":"2025-11-30","accomodation":{"rooms":[{"passengers":[{"age":30,"type":"ADULT"},{"age":30,"type":"ADULT"}]}]},"residentType":"NONE","numNights":0,"flightPa
[13-Nov-2025 13:25:35 UTC] [Soltour API info] Details response structure: {"has_budget":false,"has_details":true,"has_error":false,"error_msg":null}
[13-Nov-2025 13:25:35 UTC] [Soltour API info] Getting details for budget: H1##TI##0$4682075613899649157@@CLASSICAL01, hotel: H1
[13-Nov-2025 13:25:35 UTC] [Soltour API info] Request to booking/details: {"productType":"PACKAGE","availToken":"IQBjQ7chmEv5jT9A1BQqtpw23KAfbcgznF\/j4BToPco=","budgetId":"H1##TI##0$4682075613899649157@@CLASSICAL01","hotelParams":{"hotelCode":"H1","providerCode":"UNDEFINED"}}
[13-Nov-2025 13:25:35 UTC] [Soltour API info] Getting details for budget: H14##TI##0$5041156138019806023@@CLASSICAL01, hotel: H14
[13-Nov-2025 13:25:35 UTC] [Soltour API info] Request to booking/details: {"productType":"PACKAGE","availToken":"IQBjQ7chmEv5jT9A1BQqtpw23KAfbcgznF\/j4BToPco=","budgetId":"H14##TI##0$5041156138019806023@@CLASSICAL01","hotelParams":{"hotelCode":"H14","providerCode":"UNDEFINED"}}
[13-Nov-2025 13:25:36 UTC] Loaded file: blur_effects.php
[13-Nov-2025 13:25:36 UTC] Loaded file: rkit_post_duplicator.php
[13-Nov-2025 13:25:36 UTC] Loaded file: rkit_tool_tips.php
[13-Nov-2025 13:25:36 UTC] Loaded file: rkit_wrapper_link.php
[13-Nov-2025 13:25:36 UTC] Class not found: \RomethemeKit\Rkit_Custom_Cursor
[13-Nov-2025 13:25:36 UTC] Instantiated class: \RomethemeKit\RkitDuplicator
[13-Nov-2025 13:25:36 UTC] Instantiated class: \RomethemeKit\BlurEffects
[13-Nov-2025 13:25:36 UTC] Class not found: \RomethemeKit\Rkit_Sticky_Content
[13-Nov-2025 13:25:36 UTC] Instantiated class: \RomethemeKit\RkitToolTips
[13-Nov-2025 13:25:36 UTC] Instantiated class: \RomethemeKit\RkitWrapperLink
[13-Nov-2025 13:25:36 UTC] Loaded file: blur_effects.php
[13-Nov-2025 13:25:36 UTC] Loaded file: rkit_post_duplicator.php
[13-Nov-2025 13:25:36 UTC] Loaded file: rkit_tool_tips.php
[13-Nov-2025 13:25:36 UTC] Loaded file: rkit_wrapper_link.php
[13-Nov-2025 13:25:36 UTC] Class not found: \RomethemeKit\Rkit_Custom_Cursor
[13-Nov-2025 13:25:36 UTC] Instantiated class: \RomethemeKit\RkitDuplicator
[13-Nov-2025 13:25:36 UTC] Instantiated class: \RomethemeKit\BlurEffects
[13-Nov-2025 13:25:36 UTC] Class not found: \RomethemeKit\Rkit_Sticky_Content
[13-Nov-2025 13:25:36 UTC] Instantiated class: \RomethemeKit\RkitToolTips
[13-Nov-2025 13:25:36 UTC] Instantiated class: \RomethemeKit\RkitWrapperLink
[13-Nov-2025 13:25:36 UTC] Loaded file: blur_effects.php
[13-Nov-2025 13:25:36 UTC] Loaded file: rkit_post_duplicator.php
[13-Nov-2025 13:25:36 UTC] Loaded file: rkit_tool_tips.php
[13-Nov-2025 13:25:36 UTC] Loaded file: rkit_wrapper_link.php
[13-Nov-2025 13:25:36 UTC] Class not found: \RomethemeKit\Rkit_Custom_Cursor
[13-Nov-2025 13:25:36 UTC] Instantiated class: \RomethemeKit\RkitDuplicator
[13-Nov-2025 13:25:36 UTC] Instantiated class: \RomethemeKit\BlurEffects
[13-Nov-2025 13:25:36 UTC] Class not found: \RomethemeKit\Rkit_Sticky_Content
[13-Nov-2025 13:25:36 UTC] Instantiated class: \RomethemeKit\RkitToolTips
[13-Nov-2025 13:25:36 UTC] Instantiated class: \RomethemeKit\RkitWrapperLink
[13-Nov-2025 13:25:36 UTC] [Soltour API info] Response from booking/details: {"availToken":"IQBjQ7chmEv5jT9A1BQqtpw23KAfbcgznF/j4BToPco=","timestamp":"2025-11-13T14:25:36.392603939","serviceType":"UNDEFINED","agencyInformation":{"clientCode":"BEAUTYT","branchOfficeCode":"999","taxApplicationType":"ISC","taxRate":0,"paymentType":"PP","commission":{"currency":"EUR","rate":15}},"params":{"startDate":"2025-11-23","endDate":"2025-11-30","accomodation":{"rooms":[{"passengers":[{"age":30,"type":"ADULT"},{"age":30,"type":"ADULT"}]}]},"residentType":"NONE","numNights":0,"flightPa
[13-Nov-2025 13:25:36 UTC] [Soltour API info] Details response structure: {"has_budget":false,"has_details":true,"has_error":false,"error_msg":null}
[13-Nov-2025 13:25:36 UTC] [Soltour API info] Response from booking/details: {"availToken":"IQBjQ7chmEv5jT9A1BQqtpw23KAfbcgznF/j4BToPco=","timestamp":"2025-11-13T14:25:36.444906892","serviceType":"UNDEFINED","agencyInformation":{"clientCode":"BEAUTYT","branchOfficeCode":"999","taxApplicationType":"ISC","taxRate":0,"paymentType":"PP","commission":{"currency":"EUR","rate":15}},"params":{"startDate":"2025-11-23","endDate":"2025-11-30","accomodation":{"rooms":[{"passengers":[{"age":30,"type":"ADULT"},{"age":30,"type":"ADULT"}]}]},"residentType":"NONE","numNights":0,"flightPa
[13-Nov-2025 13:25:36 UTC] [Soltour API info] Details response structure: {"has_budget":false,"has_details":true,"has_error":false,"error_msg":null}
[13-Nov-2025 13:25:36 UTC] [Soltour API info] Getting details for budget: H13##TI##0$5533704511171240789@@CLASSICAL01, hotel: H13
[13-Nov-2025 13:25:36 UTC] [Soltour API info] Request to booking/details: {"productType":"PACKAGE","availToken":"IQBjQ7chmEv5jT9A1BQqtpw23KAfbcgznF\/j4BToPco=","budgetId":"H13##TI##0$5533704511171240789@@CLASSICAL01","hotelParams":{"hotelCode":"H13","providerCode":"UNDEFINED"}}
[13-Nov-2025 13:25:37 UTC] [Soltour API info] Getting details for budget: H3##TI##0$5311660958587044218@@CLASSICAL01, hotel: H3
[13-Nov-2025 13:25:37 UTC] [Soltour API info] Request to booking/details: {"productType":"PACKAGE","availToken":"IQBjQ7chmEv5jT9A1BQqtpw23KAfbcgznF\/j4BToPco=","budgetId":"H3##TI##0$5311660958587044218@@CLASSICAL01","hotelParams":{"hotelCode":"H3","providerCode":"UNDEFINED"}}
[13-Nov-2025 13:25:37 UTC] [Soltour API info] Getting details for budget: H35##TI##0$5128798586625016354@@CLASSICAL01, hotel: H35
[13-Nov-2025 13:25:37 UTC] [Soltour API info] Request to booking/details: {"productType":"PACKAGE","availToken":"IQBjQ7chmEv5jT9A1BQqtpw23KAfbcgznF\/j4BToPco=","budgetId":"H35##TI##0$5128798586625016354@@CLASSICAL01","hotelParams":{"hotelCode":"H35","providerCode":"UNDEFINED"}}
[13-Nov-2025 13:25:37 UTC] Loaded file: blur_effects.php
[13-Nov-2025 13:25:37 UTC] Loaded file: rkit_post_duplicator.php
[13-Nov-2025 13:25:37 UTC] Loaded file: rkit_tool_tips.php
[13-Nov-2025 13:25:37 UTC] Loaded file: rkit_wrapper_link.php
[13-Nov-2025 13:25:37 UTC] Class not found: \RomethemeKit\Rkit_Custom_Cursor
[13-Nov-2025 13:25:37 UTC] Instantiated class: \RomethemeKit\RkitDuplicator
[13-Nov-2025 13:25:37 UTC] Instantiated class: \RomethemeKit\BlurEffects
[13-Nov-2025 13:25:37 UTC] Class not found: \RomethemeKit\Rkit_Sticky_Content
[13-Nov-2025 13:25:37 UTC] Instantiated class: \RomethemeKit\RkitToolTips
[13-Nov-2025 13:25:37 UTC] Instantiated class: \RomethemeKit\RkitWrapperLink
[13-Nov-2025 13:25:37 UTC] [Soltour API info] Response from booking/details: {"availToken":"IQBjQ7chmEv5jT9A1BQqtpw23KAfbcgznF/j4BToPco=","timestamp":"2025-11-13T14:25:37.421466844","serviceType":"UNDEFINED","agencyInformation":{"clientCode":"BEAUTYT","branchOfficeCode":"999","taxApplicationType":"ISC","taxRate":0,"paymentType":"PP","commission":{"currency":"EUR","rate":15}},"params":{"startDate":"2025-11-23","endDate":"2025-11-30","accomodation":{"rooms":[{"passengers":[{"age":30,"type":"ADULT"},{"age":30,"type":"ADULT"}]}]},"residentType":"NONE","numNights":0,"flightPa
[13-Nov-2025 13:25:37 UTC] [Soltour API info] Details response structure: {"has_budget":false,"has_details":true,"has_error":false,"error_msg":null}
[13-Nov-2025 13:25:37 UTC] Loaded file: blur_effects.php
[13-Nov-2025 13:25:37 UTC] Loaded file: rkit_post_duplicator.php
[13-Nov-2025 13:25:37 UTC] Loaded file: rkit_tool_tips.php
[13-Nov-2025 13:25:37 UTC] Loaded file: rkit_wrapper_link.php
[13-Nov-2025 13:25:37 UTC] Class not found: \RomethemeKit\Rkit_Custom_Cursor
[13-Nov-2025 13:25:37 UTC] Instantiated class: \RomethemeKit\RkitDuplicator
[13-Nov-2025 13:25:37 UTC] Instantiated class: \RomethemeKit\BlurEffects
[13-Nov-2025 13:25:37 UTC] Class not found: \RomethemeKit\Rkit_Sticky_Content
[13-Nov-2025 13:25:37 UTC] Instantiated class: \RomethemeKit\RkitToolTips
[13-Nov-2025 13:25:37 UTC] Instantiated class: \RomethemeKit\RkitWrapperLink
[13-Nov-2025 13:25:37 UTC] [Soltour API info] Response from booking/details: {"availToken":"IQBjQ7chmEv5jT9A1BQqtpw23KAfbcgznF/j4BToPco=","timestamp":"2025-11-13T14:25:37.555273182","serviceType":"UNDEFINED","agencyInformation":{"clientCode":"BEAUTYT","branchOfficeCode":"999","taxApplicationType":"ISC","taxRate":0,"paymentType":"PP","commission":{"currency":"EUR","rate":15}},"params":{"startDate":"2025-11-23","endDate":"2025-11-30","accomodation":{"rooms":[{"passengers":[{"age":30,"type":"ADULT"},{"age":30,"type":"ADULT"}]}]},"residentType":"NONE","numNights":0,"flightPa
[13-Nov-2025 13:25:37 UTC] [Soltour API info] Details response structure: {"has_budget":false,"has_details":true,"has_error":false,"error_msg":null}
[13-Nov-2025 13:25:37 UTC] [Soltour API info] Response from booking/details: {"availToken":"IQBjQ7chmEv5jT9A1BQqtpw23KAfbcgznF/j4BToPco=","timestamp":"2025-11-13T14:25:37.594831823","serviceType":"UNDEFINED","agencyInformation":{"clientCode":"BEAUTYT","branchOfficeCode":"999","taxApplicationType":"ISC","taxRate":0,"paymentType":"PP","commission":{"currency":"EUR","rate":15}},"params":{"startDate":"2025-11-23","endDate":"2025-11-30","accomodation":{"rooms":[{"passengers":[{"age":30,"type":"ADULT"},{"age":30,"type":"ADULT"}]}]},"residentType":"NONE","numNights":0,"flightPa
[13-Nov-2025 13:25:37 UTC] [Soltour API info] Details response structure: {"has_budget":false,"has_details":true,"has_error":false,"error_msg":null}
[13-Nov-2025 13:25:37 UTC] [Soltour API info] Getting details for budget: H224289##TI##0$4639752453542760937@@CLASSICAL01, hotel: H224289
[13-Nov-2025 13:25:37 UTC] [Soltour API info] Request to booking/details: {"productType":"PACKAGE","availToken":"IQBjQ7chmEv5jT9A1BQqtpw23KAfbcgznF\/j4BToPco=","budgetId":"H224289##TI##0$4639752453542760937@@CLASSICAL01","hotelParams":{"hotelCode":"H224289","providerCode":"UNDEFINED"}}
[13-Nov-2025 13:25:38 UTC] [Soltour API info] Getting details for budget: H199537##TI##0$4664367705363974058@@CLASSICAL01, hotel: H199537
[13-Nov-2025 13:25:38 UTC] [Soltour API info] Request to booking/details: {"productType":"PACKAGE","availToken":"IQBjQ7chmEv5jT9A1BQqtpw23KAfbcgznF\/j4BToPco=","budgetId":"H199537##TI##0$4664367705363974058@@CLASSICAL01","hotelParams":{"hotelCode":"H199537","providerCode":"UNDEFINED"}}
[13-Nov-2025 13:25:38 UTC] Loaded file: blur_effects.php
[13-Nov-2025 13:25:38 UTC] Loaded file: rkit_post_duplicator.php
[13-Nov-2025 13:25:38 UTC] Loaded file: rkit_tool_tips.php
[13-Nov-2025 13:25:38 UTC] Loaded file: rkit_wrapper_link.php
[13-Nov-2025 13:25:38 UTC] Class not found: \RomethemeKit\Rkit_Custom_Cursor
[13-Nov-2025 13:25:38 UTC] Instantiated class: \RomethemeKit\RkitDuplicator
[13-Nov-2025 13:25:38 UTC] Instantiated class: \RomethemeKit\BlurEffects
[13-Nov-2025 13:25:38 UTC] Class not found: \RomethemeKit\Rkit_Sticky_Content
[13-Nov-2025 13:25:38 UTC] Instantiated class: \RomethemeKit\RkitToolTips
[13-Nov-2025 13:25:38 UTC] Instantiated class: \RomethemeKit\RkitWrapperLink
[13-Nov-2025 13:25:38 UTC] Loaded file: blur_effects.php
[13-Nov-2025 13:25:38 UTC] Loaded file: rkit_post_duplicator.php
[13-Nov-2025 13:25:38 UTC] Loaded file: rkit_tool_tips.php
[13-Nov-2025 13:25:38 UTC] Loaded file: rkit_wrapper_link.php
[13-Nov-2025 13:25:38 UTC] Class not found: \RomethemeKit\Rkit_Custom_Cursor
[13-Nov-2025 13:25:38 UTC] Instantiated class: \RomethemeKit\RkitDuplicator
[13-Nov-2025 13:25:38 UTC] Instantiated class: \RomethemeKit\BlurEffects
[13-Nov-2025 13:25:38 UTC] Class not found: \RomethemeKit\Rkit_Sticky_Content
[13-Nov-2025 13:25:38 UTC] Instantiated class: \RomethemeKit\RkitToolTips
[13-Nov-2025 13:25:38 UTC] Instantiated class: \RomethemeKit\RkitWrapperLink
[13-Nov-2025 13:25:38 UTC] Loaded file: blur_effects.php
[13-Nov-2025 13:25:38 UTC] Loaded file: rkit_post_duplicator.php
[13-Nov-2025 13:25:38 UTC] Loaded file: rkit_tool_tips.php
[13-Nov-2025 13:25:38 UTC] Loaded file: rkit_wrapper_link.php
[13-Nov-2025 13:25:38 UTC] Class not found: \RomethemeKit\Rkit_Custom_Cursor
[13-Nov-2025 13:25:38 UTC] Instantiated class: \RomethemeKit\RkitDuplicator
[13-Nov-2025 13:25:38 UTC] Instantiated class: \RomethemeKit\BlurEffects
[13-Nov-2025 13:25:38 UTC] Class not found: \RomethemeKit\Rkit_Sticky_Content
[13-Nov-2025 13:25:38 UTC] Instantiated class: \RomethemeKit\RkitToolTips
[13-Nov-2025 13:25:38 UTC] Instantiated class: \RomethemeKit\RkitWrapperLink
[13-Nov-2025 13:25:38 UTC] [Soltour API info] Response from booking/details: {"availToken":"IQBjQ7chmEv5jT9A1BQqtpw23KAfbcgznF/j4BToPco=","timestamp":"2025-11-13T14:25:38.468964491","serviceType":"UNDEFINED","agencyInformation":{"clientCode":"BEAUTYT","branchOfficeCode":"999","taxApplicationType":"ISC","taxRate":0,"paymentType":"PP","commission":{"currency":"EUR","rate":15}},"params":{"startDate":"2025-11-23","endDate":"2025-11-30","accomodation":{"rooms":[{"passengers":[{"age":30,"type":"ADULT"},{"age":30,"type":"ADULT"}]}]},"residentType":"NONE","numNights":0,"flightPa
[13-Nov-2025 13:25:38 UTC] [Soltour API info] Details response structure: {"has_budget":false,"has_details":true,"has_error":false,"error_msg":null}
[13-Nov-2025 13:25:38 UTC] [Soltour API info] Response from booking/details: {"availToken":"IQBjQ7chmEv5jT9A1BQqtpw23KAfbcgznF/j4BToPco=","timestamp":"2025-11-13T14:25:38.584105783","serviceType":"UNDEFINED","agencyInformation":{"clientCode":"BEAUTYT","branchOfficeCode":"999","taxApplicationType":"ISC","taxRate":0,"paymentType":"PP","commission":{"currency":"EUR","rate":15}},"params":{"startDate":"2025-11-23","endDate":"2025-11-30","accomodation":{"rooms":[{"passengers":[{"age":30,"type":"ADULT"},{"age":30,"type":"ADULT"}]}]},"residentType":"NONE","numNights":0,"flightPa
[13-Nov-2025 13:25:38 UTC] [Soltour API info] Details response structure: {"has_budget":false,"has_details":true,"has_error":false,"error_msg":null}
[13-Nov-2025 13:25:38 UTC] [Soltour API info] Getting details for budget: H199373##TI##0$5212179004113997752@@CLASSICAL01, hotel: H199373
[13-Nov-2025 13:25:38 UTC] [Soltour API info] Request to booking/details: {"productType":"PACKAGE","availToken":"IQBjQ7chmEv5jT9A1BQqtpw23KAfbcgznF\/j4BToPco=","budgetId":"H199373##TI##0$5212179004113997752@@CLASSICAL01","hotelParams":{"hotelCode":"H199373","providerCode":"UNDEFINED"}}
[13-Nov-2025 13:25:38 UTC] [Soltour API info] Getting details for budget: H199374##TI##0$5263394897349565806@@CLASSICAL01, hotel: H199374
[13-Nov-2025 13:25:38 UTC] [Soltour API info] Request to booking/details: {"productType":"PACKAGE","availToken":"IQBjQ7chmEv5jT9A1BQqtpw23KAfbcgznF\/j4BToPco=","budgetId":"H199374##TI##0$5263394897349565806@@CLASSICAL01","hotelParams":{"hotelCode":"H199374","providerCode":"UNDEFINED"}}
[13-Nov-2025 13:25:39 UTC] [Soltour API info] Getting details for budget: H199372##TI##0$5246335427942621454@@CLASSICAL01, hotel: H199372
[13-Nov-2025 13:25:39 UTC] [Soltour API info] Request to booking/details: {"productType":"PACKAGE","availToken":"IQBjQ7chmEv5jT9A1BQqtpw23KAfbcgznF\/j4BToPco=","budgetId":"H199372##TI##0$5246335427942621454@@CLASSICAL01","hotelParams":{"hotelCode":"H199372","providerCode":"UNDEFINED"}}
[13-Nov-2025 13:25:39 UTC] [Soltour API info] Response from booking/details: {"availToken":"IQBjQ7chmEv5jT9A1BQqtpw23KAfbcgznF/j4BToPco=","timestamp":"2025-11-13T14:25:39.312464715","serviceType":"UNDEFINED","agencyInformation":{"clientCode":"BEAUTYT","branchOfficeCode":"999","taxApplicationType":"ISC","taxRate":0,"paymentType":"PP","commission":{"currency":"EUR","rate":15}},"params":{"startDate":"2025-11-23","endDate":"2025-11-30","accomodation":{"rooms":[{"passengers":[{"age":30,"type":"ADULT"},{"age":30,"type":"ADULT"}]}]},"residentType":"NONE","numNights":0,"flightPa
[13-Nov-2025 13:25:39 UTC] [Soltour API info] Details response structure: {"has_budget":false,"has_details":true,"has_error":false,"error_msg":null}
[13-Nov-2025 13:25:39 UTC] [Soltour API info] Response from booking/details: {"availToken":"IQBjQ7chmEv5jT9A1BQqtpw23KAfbcgznF/j4BToPco=","timestamp":"2025-11-13T14:25:39.458810818","serviceType":"UNDEFINED","agencyInformation":{"clientCode":"BEAUTYT","branchOfficeCode":"999","taxApplicationType":"ISC","taxRate":0,"paymentType":"PP","commission":{"currency":"EUR","rate":15}},"params":{"startDate":"2025-11-23","endDate":"2025-11-30","accomodation":{"rooms":[{"passengers":[{"age":30,"type":"ADULT"},{"age":30,"type":"ADULT"}]}]},"residentType":"NONE","numNights":0,"flightPa
[13-Nov-2025 13:25:39 UTC] [Soltour API info] Details response structure: {"has_budget":false,"has_details":true,"has_error":false,"error_msg":null}
[13-Nov-2025 13:25:39 UTC] [Soltour API info] Response from booking/details: {"availToken":"IQBjQ7chmEv5jT9A1BQqtpw23KAfbcgznF/j4BToPco=","timestamp":"2025-11-13T14:25:39.580571603","serviceType":"UNDEFINED","agencyInformation":{"clientCode":"BEAUTYT","branchOfficeCode":"999","taxApplicationType":"ISC","taxRate":0,"paymentType":"PP","commission":{"currency":"EUR","rate":15}},"params":{"startDate":"2025-11-23","endDate":"2025-11-30","accomodation":{"rooms":[{"passengers":[{"age":30,"type":"ADULT"},{"age":30,"type":"ADULT"}]}]},"residentType":"NONE","numNights":0,"flightPa
[13-Nov-2025 13:25:39 UTC] [Soltour API info] Details response structure: {"has_budget":false,"has_details":true,"has_error":false,"error_msg":null}
[13-Nov-2025 13:26:13 UTC] Loaded file: blur_effects.php
[13-Nov-2025 13:26:13 UTC] Loaded file: rkit_post_duplicator.php
[13-Nov-2025 13:26:13 UTC] Loaded file: rkit_tool_tips.php
[13-Nov-2025 13:26:13 UTC] Loaded file: rkit_wrapper_link.php
[13-Nov-2025 13:26:13 UTC] Class not found: \RomethemeKit\Rkit_Custom_Cursor
[13-Nov-2025 13:26:13 UTC] Instantiated class: \RomethemeKit\RkitDuplicator
[13-Nov-2025 13:26:13 UTC] Instantiated class: \RomethemeKit\BlurEffects
[13-Nov-2025 13:26:13 UTC] Class not found: \RomethemeKit\Rkit_Sticky_Content
[13-Nov-2025 13:26:13 UTC] Instantiated class: \RomethemeKit\RkitToolTips
[13-Nov-2025 13:26:13 UTC] Instantiated class: \RomethemeKit\RkitWrapperLink
[13-Nov-2025 13:26:14 UTC] Loaded file: blur_effects.php
[13-Nov-2025 13:26:14 UTC] Loaded file: rkit_post_duplicator.php
[13-Nov-2025 13:26:14 UTC] Loaded file: rkit_tool_tips.php
[13-Nov-2025 13:26:14 UTC] Loaded file: rkit_wrapper_link.php
[13-Nov-2025 13:26:14 UTC] Class not found: \RomethemeKit\Rkit_Custom_Cursor
[13-Nov-2025 13:26:14 UTC] Instantiated class: \RomethemeKit\RkitDuplicator
[13-Nov-2025 13:26:14 UTC] Instantiated class: \RomethemeKit\BlurEffects
[13-Nov-2025 13:26:14 UTC] Class not found: \RomethemeKit\Rkit_Sticky_Content
[13-Nov-2025 13:26:14 UTC] Instantiated class: \RomethemeKit\RkitToolTips
[13-Nov-2025 13:26:14 UTC] Instantiated class: \RomethemeKit\RkitWrapperLink
