[13-Nov-2025 09:06:15 UTC] Loaded file: blur_effects.php
[13-Nov-2025 09:06:15 UTC] Loaded file: rkit_post_duplicator.php
[13-Nov-2025 09:06:15 UTC] Loaded file: rkit_tool_tips.php
[13-Nov-2025 09:06:15 UTC] Loaded file: rkit_wrapper_link.php
[13-Nov-2025 09:06:15 UTC] Class not found: \RomethemeKit\Rkit_Custom_Cursor
[13-Nov-2025 09:06:15 UTC] Instantiated class: \RomethemeKit\RkitDuplicator
[13-Nov-2025 09:06:15 UTC] Instantiated class: \RomethemeKit\BlurEffects
[13-Nov-2025 09:06:15 UTC] Class not found: \RomethemeKit\Rkit_Sticky_Content
[13-Nov-2025 09:06:15 UTC] Instantiated class: \RomethemeKit\RkitToolTips
[13-Nov-2025 09:06:15 UTC] Instantiated class: \RomethemeKit\RkitWrapperLink
[13-Nov-2025 09:06:16 UTC] Loaded file: blur_effects.php
[13-Nov-2025 09:06:16 UTC] Loaded file: rkit_post_duplicator.php
[13-Nov-2025 09:06:16 UTC] Loaded file: rkit_tool_tips.php
[13-Nov-2025 09:06:16 UTC] Loaded file: rkit_wrapper_link.php
[13-Nov-2025 09:06:16 UTC] Class not found: \RomethemeKit\Rkit_Custom_Cursor
[13-Nov-2025 09:06:16 UTC] Instantiated class: \RomethemeKit\RkitDuplicator
[13-Nov-2025 09:06:16 UTC] Instantiated class: \RomethemeKit\BlurEffects
[13-Nov-2025 09:06:16 UTC] Class not found: \RomethemeKit\Rkit_Sticky_Content
[13-Nov-2025 09:06:16 UTC] Instantiated class: \RomethemeKit\RkitToolTips
[13-Nov-2025 09:06:16 UTC] Instantiated class: \RomethemeKit\RkitWrapperLink
[13-Nov-2025 09:06:20 UTC] Loaded file: blur_effects.php
[13-Nov-2025 09:06:20 UTC] Loaded file: rkit_post_duplicator.php
[13-Nov-2025 09:06:20 UTC] Loaded file: rkit_tool_tips.php
[13-Nov-2025 09:06:20 UTC] Loaded file: rkit_wrapper_link.php
[13-Nov-2025 09:06:20 UTC] Class not found: \RomethemeKit\Rkit_Custom_Cursor
[13-Nov-2025 09:06:20 UTC] Instantiated class: \RomethemeKit\RkitDuplicator
[13-Nov-2025 09:06:20 UTC] Instantiated class: \RomethemeKit\BlurEffects
[13-Nov-2025 09:06:20 UTC] Class not found: \RomethemeKit\Rkit_Sticky_Content
[13-Nov-2025 09:06:20 UTC] Instantiated class: \RomethemeKit\RkitToolTips
[13-Nov-2025 09:06:20 UTC] Instantiated class: \RomethemeKit\RkitWrapperLink
[13-Nov-2025 09:06:20 UTC] Loaded file: blur_effects.php
[13-Nov-2025 09:06:20 UTC] Loaded file: rkit_post_duplicator.php
[13-Nov-2025 09:06:20 UTC] Loaded file: rkit_tool_tips.php
[13-Nov-2025 09:06:20 UTC] Loaded file: rkit_wrapper_link.php
[13-Nov-2025 09:06:20 UTC] Class not found: \RomethemeKit\Rkit_Custom_Cursor
[13-Nov-2025 09:06:20 UTC] Instantiated class: \RomethemeKit\RkitDuplicator
[13-Nov-2025 09:06:20 UTC] Instantiated class: \RomethemeKit\BlurEffects
[13-Nov-2025 09:06:20 UTC] Class not found: \RomethemeKit\Rkit_Sticky_Content
[13-Nov-2025 09:06:20 UTC] Instantiated class: \RomethemeKit\RkitToolTips
[13-Nov-2025 09:06:20 UTC] Instantiated class: \RomethemeKit\RkitWrapperLink
[13-Nov-2025 09:06:24 UTC] Loaded file: blur_effects.php
[13-Nov-2025 09:06:24 UTC] Loaded file: rkit_post_duplicator.php
[13-Nov-2025 09:06:24 UTC] Loaded file: rkit_tool_tips.php
[13-Nov-2025 09:06:24 UTC] Loaded file: rkit_wrapper_link.php
[13-Nov-2025 09:06:24 UTC] Class not found: \RomethemeKit\Rkit_Custom_Cursor
[13-Nov-2025 09:06:24 UTC] Instantiated class: \RomethemeKit\RkitDuplicator
[13-Nov-2025 09:06:24 UTC] Instantiated class: \RomethemeKit\BlurEffects
[13-Nov-2025 09:06:24 UTC] Class not found: \RomethemeKit\Rkit_Sticky_Content
[13-Nov-2025 09:06:24 UTC] Instantiated class: \RomethemeKit\RkitToolTips
[13-Nov-2025 09:06:24 UTC] Instantiated class: \RomethemeKit\RkitWrapperLink
[13-Nov-2025 09:06:32 UTC] Loaded file: blur_effects.php
[13-Nov-2025 09:06:32 UTC] Loaded file: rkit_post_duplicator.php
[13-Nov-2025 09:06:32 UTC] Loaded file: rkit_tool_tips.php
[13-Nov-2025 09:06:32 UTC] Loaded file: rkit_wrapper_link.php
[13-Nov-2025 09:06:32 UTC] Class not found: \RomethemeKit\Rkit_Custom_Cursor
[13-Nov-2025 09:06:32 UTC] Instantiated class: \RomethemeKit\RkitDuplicator
[13-Nov-2025 09:06:32 UTC] Instantiated class: \RomethemeKit\BlurEffects
[13-Nov-2025 09:06:32 UTC] Class not found: \RomethemeKit\Rkit_Sticky_Content
[13-Nov-2025 09:06:32 UTC] Instantiated class: \RomethemeKit\RkitToolTips
[13-Nov-2025 09:06:32 UTC] Instantiated class: \RomethemeKit\RkitWrapperLink
[13-Nov-2025 09:06:33 UTC] Loaded file: blur_effects.php
[13-Nov-2025 09:06:33 UTC] Loaded file: rkit_post_duplicator.php
[13-Nov-2025 09:06:33 UTC] Loaded file: rkit_tool_tips.php
[13-Nov-2025 09:06:33 UTC] Loaded file: rkit_wrapper_link.php
[13-Nov-2025 09:06:33 UTC] Class not found: \RomethemeKit\Rkit_Custom_Cursor
[13-Nov-2025 09:06:33 UTC] Instantiated class: \RomethemeKit\RkitDuplicator
[13-Nov-2025 09:06:33 UTC] Instantiated class: \RomethemeKit\BlurEffects
[13-Nov-2025 09:06:33 UTC] Class not found: \RomethemeKit\Rkit_Sticky_Content
[13-Nov-2025 09:06:33 UTC] Instantiated class: \RomethemeKit\RkitToolTips
[13-Nov-2025 09:06:33 UTC] Instantiated class: \RomethemeKit\RkitWrapperLink
[13-Nov-2025 09:06:35 UTC] Loaded file: blur_effects.php
[13-Nov-2025 09:06:35 UTC] Loaded file: rkit_post_duplicator.php
[13-Nov-2025 09:06:35 UTC] Loaded file: rkit_tool_tips.php
[13-Nov-2025 09:06:35 UTC] Loaded file: rkit_wrapper_link.php
[13-Nov-2025 09:06:35 UTC] Class not found: \RomethemeKit\Rkit_Custom_Cursor
[13-Nov-2025 09:06:35 UTC] Instantiated class: \RomethemeKit\RkitDuplicator
[13-Nov-2025 09:06:35 UTC] Instantiated class: \RomethemeKit\BlurEffects
[13-Nov-2025 09:06:35 UTC] Class not found: \RomethemeKit\Rkit_Sticky_Content
[13-Nov-2025 09:06:35 UTC] Instantiated class: \RomethemeKit\RkitToolTips
[13-Nov-2025 09:06:35 UTC] Instantiated class: \RomethemeKit\RkitWrapperLink
[13-Nov-2025 09:06:36 UTC] Soltour Booking V2: Plugin ativado com sucesso
[13-Nov-2025 09:06:36 UTC] Loaded file: blur_effects.php
[13-Nov-2025 09:06:36 UTC] Loaded file: rkit_post_duplicator.php
[13-Nov-2025 09:06:36 UTC] Loaded file: rkit_tool_tips.php
[13-Nov-2025 09:06:36 UTC] Loaded file: rkit_wrapper_link.php
[13-Nov-2025 09:06:36 UTC] Class not found: \RomethemeKit\Rkit_Custom_Cursor
[13-Nov-2025 09:06:36 UTC] Instantiated class: \RomethemeKit\RkitDuplicator
[13-Nov-2025 09:06:36 UTC] Instantiated class: \RomethemeKit\BlurEffects
[13-Nov-2025 09:06:36 UTC] Class not found: \RomethemeKit\Rkit_Sticky_Content
[13-Nov-2025 09:06:36 UTC] Instantiated class: \RomethemeKit\RkitToolTips
[13-Nov-2025 09:06:36 UTC] Instantiated class: \RomethemeKit\RkitWrapperLink
[13-Nov-2025 09:06:36 UTC] [Soltour API info] Request to login/login: {"brand":"SOLTOUR","market":"XMLPT","languageCode":"PT","username":"BEAUTYT999","password":"XMLBEAUTYT999"}
[13-Nov-2025 09:06:37 UTC] [Soltour API info] Response from login/login: {"sessionToken":"eyJhbGciOiJIUzI1NiIsInR5cCI6IkpXVCJ9.eyJ1IjoiQkVBVVRZVDk5OSIsImRiaSI6IjQwMDM1MzYyIiwiYiI6IlNPTFRPVVIiLCJtIjoiWE1MUFQiLCJsbmciOiJQVCIsImNsIjoiQkVBVVRZVCIsIm9mIjoiOTk5IiwiYXBwIjpudWxsLCJtYWlsIjoiY3VuaGFAYmVhdXR5dHJhdmVsLnB0IiwicmwiOlsiQUdFTkNJQSIsIkNPTVVOIiwiQ09OU1VMVEEiLCJGQUNUVVJBQ0lPTiIsIk5FV19XRUIiXSwidG0iOjE3NjMwMjQ3OTY5ODksInN0cHRtIjpudWxsLCJzdHBqd3QiOm51bGwsInN0cGlkIjpudWxsLCJvdmMiOmZhbHNlLCJzZWxsIjp0cnVlLCJhcHQiOm51bGwsImRldCI6dHJ1ZSwibmV4cCI6dHJ1ZSwic2VpeiI6ZmFsc2UsInVhZ0
[13-Nov-2025 09:06:37 UTC] [Soltour API info] Session token obtido com sucesso
[13-Nov-2025 09:06:40 UTC] Loaded file: blur_effects.php
[13-Nov-2025 09:06:40 UTC] Loaded file: rkit_post_duplicator.php
[13-Nov-2025 09:06:40 UTC] Loaded file: rkit_tool_tips.php
[13-Nov-2025 09:06:40 UTC] Loaded file: rkit_wrapper_link.php
[13-Nov-2025 09:06:40 UTC] Class not found: \RomethemeKit\Rkit_Custom_Cursor
[13-Nov-2025 09:06:40 UTC] Instantiated class: \RomethemeKit\RkitDuplicator
[13-Nov-2025 09:06:40 UTC] Instantiated class: \RomethemeKit\BlurEffects
[13-Nov-2025 09:06:40 UTC] Class not found: \RomethemeKit\Rkit_Sticky_Content
[13-Nov-2025 09:06:40 UTC] Instantiated class: \RomethemeKit\RkitToolTips
[13-Nov-2025 09:06:40 UTC] Instantiated class: \RomethemeKit\RkitWrapperLink
[13-Nov-2025 09:06:40 UTC] Loaded file: blur_effects.php
[13-Nov-2025 09:06:40 UTC] Loaded file: rkit_post_duplicator.php
[13-Nov-2025 09:06:40 UTC] Loaded file: rkit_tool_tips.php
[13-Nov-2025 09:06:40 UTC] Loaded file: rkit_wrapper_link.php
[13-Nov-2025 09:06:40 UTC] Class not found: \RomethemeKit\Rkit_Custom_Cursor
[13-Nov-2025 09:06:40 UTC] Instantiated class: \RomethemeKit\RkitDuplicator
[13-Nov-2025 09:06:40 UTC] Instantiated class: \RomethemeKit\BlurEffects
[13-Nov-2025 09:06:40 UTC] Class not found: \RomethemeKit\Rkit_Sticky_Content
[13-Nov-2025 09:06:40 UTC] Instantiated class: \RomethemeKit\RkitToolTips
[13-Nov-2025 09:06:40 UTC] Instantiated class: \RomethemeKit\RkitWrapperLink
[13-Nov-2025 09:06:41 UTC] Loaded file: blur_effects.php
[13-Nov-2025 09:06:41 UTC] Loaded file: rkit_post_duplicator.php
[13-Nov-2025 09:06:41 UTC] Loaded file: rkit_tool_tips.php
[13-Nov-2025 09:06:41 UTC] Loaded file: rkit_wrapper_link.php
[13-Nov-2025 09:06:41 UTC] Class not found: \RomethemeKit\Rkit_Custom_Cursor
[13-Nov-2025 09:06:41 UTC] Instantiated class: \RomethemeKit\RkitDuplicator
[13-Nov-2025 09:06:41 UTC] Instantiated class: \RomethemeKit\BlurEffects
[13-Nov-2025 09:06:41 UTC] Class not found: \RomethemeKit\Rkit_Sticky_Content
[13-Nov-2025 09:06:41 UTC] Instantiated class: \RomethemeKit\RkitToolTips
[13-Nov-2025 09:06:41 UTC] Instantiated class: \RomethemeKit\RkitWrapperLink
[13-Nov-2025 09:06:44 UTC] Loaded file: blur_effects.php
[13-Nov-2025 09:06:44 UTC] Loaded file: rkit_post_duplicator.php
[13-Nov-2025 09:06:44 UTC] Loaded file: rkit_tool_tips.php
[13-Nov-2025 09:06:44 UTC] Loaded file: rkit_wrapper_link.php
[13-Nov-2025 09:06:44 UTC] Class not found: \RomethemeKit\Rkit_Custom_Cursor
[13-Nov-2025 09:06:44 UTC] Instantiated class: \RomethemeKit\RkitDuplicator
[13-Nov-2025 09:06:44 UTC] Instantiated class: \RomethemeKit\BlurEffects
[13-Nov-2025 09:06:44 UTC] Class not found: \RomethemeKit\Rkit_Sticky_Content
[13-Nov-2025 09:06:44 UTC] Instantiated class: \RomethemeKit\RkitToolTips
[13-Nov-2025 09:06:44 UTC] Instantiated class: \RomethemeKit\RkitWrapperLink
[13-Nov-2025 09:06:49 UTC] Loaded file: blur_effects.php
[13-Nov-2025 09:06:49 UTC] Loaded file: rkit_post_duplicator.php
[13-Nov-2025 09:06:49 UTC] Loaded file: rkit_tool_tips.php
[13-Nov-2025 09:06:49 UTC] Loaded file: rkit_wrapper_link.php
[13-Nov-2025 09:06:49 UTC] Class not found: \RomethemeKit\Rkit_Custom_Cursor
[13-Nov-2025 09:06:49 UTC] Instantiated class: \RomethemeKit\RkitDuplicator
[13-Nov-2025 09:06:49 UTC] Instantiated class: \RomethemeKit\BlurEffects
[13-Nov-2025 09:06:49 UTC] Class not found: \RomethemeKit\Rkit_Sticky_Content
[13-Nov-2025 09:06:49 UTC] Instantiated class: \RomethemeKit\RkitToolTips
[13-Nov-2025 09:06:49 UTC] Instantiated class: \RomethemeKit\RkitWrapperLink
[13-Nov-2025 09:06:51 UTC] Loaded file: blur_effects.php
[13-Nov-2025 09:06:51 UTC] Loaded file: rkit_post_duplicator.php
[13-Nov-2025 09:06:51 UTC] Loaded file: rkit_tool_tips.php
[13-Nov-2025 09:06:51 UTC] Loaded file: rkit_wrapper_link.php
[13-Nov-2025 09:06:51 UTC] Class not found: \RomethemeKit\Rkit_Custom_Cursor
[13-Nov-2025 09:06:51 UTC] Instantiated class: \RomethemeKit\RkitDuplicator
[13-Nov-2025 09:06:51 UTC] Instantiated class: \RomethemeKit\BlurEffects
[13-Nov-2025 09:06:51 UTC] Class not found: \RomethemeKit\Rkit_Sticky_Content
[13-Nov-2025 09:06:51 UTC] Instantiated class: \RomethemeKit\RkitToolTips
[13-Nov-2025 09:06:51 UTC] Instantiated class: \RomethemeKit\RkitWrapperLink
[13-Nov-2025 09:06:51 UTC] Loaded file: blur_effects.php
[13-Nov-2025 09:06:51 UTC] Loaded file: rkit_post_duplicator.php
[13-Nov-2025 09:06:51 UTC] Loaded file: rkit_tool_tips.php
[13-Nov-2025 09:06:51 UTC] Loaded file: rkit_wrapper_link.php
[13-Nov-2025 09:06:51 UTC] Class not found: \RomethemeKit\Rkit_Custom_Cursor
[13-Nov-2025 09:06:51 UTC] Instantiated class: \RomethemeKit\RkitDuplicator
[13-Nov-2025 09:06:51 UTC] Instantiated class: \RomethemeKit\BlurEffects
[13-Nov-2025 09:06:51 UTC] Class not found: \RomethemeKit\Rkit_Sticky_Content
[13-Nov-2025 09:06:51 UTC] Instantiated class: \RomethemeKit\RkitToolTips
[13-Nov-2025 09:06:51 UTC] Instantiated class: \RomethemeKit\RkitWrapperLink
[13-Nov-2025 09:06:51 UTC] Loaded file: blur_effects.php
[13-Nov-2025 09:06:51 UTC] Loaded file: rkit_post_duplicator.php
[13-Nov-2025 09:06:51 UTC] Loaded file: rkit_tool_tips.php
[13-Nov-2025 09:06:51 UTC] Loaded file: rkit_wrapper_link.php
[13-Nov-2025 09:06:51 UTC] Class not found: \RomethemeKit\Rkit_Custom_Cursor
[13-Nov-2025 09:06:51 UTC] Instantiated class: \RomethemeKit\RkitDuplicator
[13-Nov-2025 09:06:51 UTC] Instantiated class: \RomethemeKit\BlurEffects
[13-Nov-2025 09:06:51 UTC] Class not found: \RomethemeKit\Rkit_Sticky_Content
[13-Nov-2025 09:06:51 UTC] Instantiated class: \RomethemeKit\RkitToolTips
[13-Nov-2025 09:06:51 UTC] Instantiated class: \RomethemeKit\RkitWrapperLink
[13-Nov-2025 09:06:57 UTC] Loaded file: blur_effects.php
[13-Nov-2025 09:06:57 UTC] Loaded file: rkit_post_duplicator.php
[13-Nov-2025 09:06:57 UTC] Loaded file: rkit_tool_tips.php
[13-Nov-2025 09:06:57 UTC] Loaded file: rkit_wrapper_link.php
[13-Nov-2025 09:06:57 UTC] Class not found: \RomethemeKit\Rkit_Custom_Cursor
[13-Nov-2025 09:06:57 UTC] Instantiated class: \RomethemeKit\RkitDuplicator
[13-Nov-2025 09:06:57 UTC] Instantiated class: \RomethemeKit\BlurEffects
[13-Nov-2025 09:06:57 UTC] Class not found: \RomethemeKit\Rkit_Sticky_Content
[13-Nov-2025 09:06:57 UTC] Instantiated class: \RomethemeKit\RkitToolTips
[13-Nov-2025 09:06:57 UTC] Instantiated class: \RomethemeKit\RkitWrapperLink
[13-Nov-2025 09:06:58 UTC] Loaded file: blur_effects.php
[13-Nov-2025 09:06:58 UTC] Loaded file: rkit_post_duplicator.php
[13-Nov-2025 09:06:58 UTC] Loaded file: rkit_tool_tips.php
[13-Nov-2025 09:06:58 UTC] Loaded file: rkit_wrapper_link.php
[13-Nov-2025 09:06:58 UTC] Class not found: \RomethemeKit\Rkit_Custom_Cursor
[13-Nov-2025 09:06:58 UTC] Instantiated class: \RomethemeKit\RkitDuplicator
[13-Nov-2025 09:06:58 UTC] Instantiated class: \RomethemeKit\BlurEffects
[13-Nov-2025 09:06:58 UTC] Class not found: \RomethemeKit\Rkit_Sticky_Content
[13-Nov-2025 09:06:58 UTC] Instantiated class: \RomethemeKit\RkitToolTips
[13-Nov-2025 09:06:58 UTC] Instantiated class: \RomethemeKit\RkitWrapperLink
[13-Nov-2025 09:07:01 UTC] Loaded file: blur_effects.php
[13-Nov-2025 09:07:01 UTC] Loaded file: rkit_post_duplicator.php
[13-Nov-2025 09:07:01 UTC] Loaded file: rkit_tool_tips.php
[13-Nov-2025 09:07:01 UTC] Loaded file: rkit_wrapper_link.php
[13-Nov-2025 09:07:01 UTC] Class not found: \RomethemeKit\Rkit_Custom_Cursor
[13-Nov-2025 09:07:01 UTC] Instantiated class: \RomethemeKit\RkitDuplicator
[13-Nov-2025 09:07:01 UTC] Instantiated class: \RomethemeKit\BlurEffects
[13-Nov-2025 09:07:01 UTC] Class not found: \RomethemeKit\Rkit_Sticky_Content
[13-Nov-2025 09:07:01 UTC] Instantiated class: \RomethemeKit\RkitToolTips
[13-Nov-2025 09:07:01 UTC] Instantiated class: \RomethemeKit\RkitWrapperLink
[13-Nov-2025 09:07:04 UTC] Loaded file: blur_effects.php
[13-Nov-2025 09:07:04 UTC] Loaded file: rkit_post_duplicator.php
[13-Nov-2025 09:07:04 UTC] Loaded file: rkit_tool_tips.php
[13-Nov-2025 09:07:04 UTC] Loaded file: rkit_wrapper_link.php
[13-Nov-2025 09:07:04 UTC] Class not found: \RomethemeKit\Rkit_Custom_Cursor
[13-Nov-2025 09:07:04 UTC] Instantiated class: \RomethemeKit\RkitDuplicator
[13-Nov-2025 09:07:04 UTC] Instantiated class: \RomethemeKit\BlurEffects
[13-Nov-2025 09:07:04 UTC] Class not found: \RomethemeKit\Rkit_Sticky_Content
[13-Nov-2025 09:07:04 UTC] Instantiated class: \RomethemeKit\RkitToolTips
[13-Nov-2025 09:07:04 UTC] Instantiated class: \RomethemeKit\RkitWrapperLink
[13-Nov-2025 09:07:04 UTC] Loaded file: blur_effects.php
[13-Nov-2025 09:07:04 UTC] Loaded file: rkit_post_duplicator.php
[13-Nov-2025 09:07:04 UTC] Loaded file: rkit_tool_tips.php
[13-Nov-2025 09:07:04 UTC] Loaded file: rkit_wrapper_link.php
[13-Nov-2025 09:07:04 UTC] Class not found: \RomethemeKit\Rkit_Custom_Cursor
[13-Nov-2025 09:07:04 UTC] Instantiated class: \RomethemeKit\RkitDuplicator
[13-Nov-2025 09:07:04 UTC] Instantiated class: \RomethemeKit\BlurEffects
[13-Nov-2025 09:07:04 UTC] Class not found: \RomethemeKit\Rkit_Sticky_Content
[13-Nov-2025 09:07:04 UTC] Instantiated class: \RomethemeKit\RkitToolTips
[13-Nov-2025 09:07:04 UTC] Instantiated class: \RomethemeKit\RkitWrapperLink
[13-Nov-2025 09:07:04 UTC] Loaded file: blur_effects.php
[13-Nov-2025 09:07:04 UTC] Loaded file: rkit_post_duplicator.php
[13-Nov-2025 09:07:04 UTC] Loaded file: rkit_tool_tips.php
[13-Nov-2025 09:07:04 UTC] Loaded file: rkit_wrapper_link.php
[13-Nov-2025 09:07:04 UTC] Class not found: \RomethemeKit\Rkit_Custom_Cursor
[13-Nov-2025 09:07:04 UTC] Instantiated class: \RomethemeKit\RkitDuplicator
[13-Nov-2025 09:07:04 UTC] Instantiated class: \RomethemeKit\BlurEffects
[13-Nov-2025 09:07:04 UTC] Class not found: \RomethemeKit\Rkit_Sticky_Content
[13-Nov-2025 09:07:04 UTC] Instantiated class: \RomethemeKit\RkitToolTips
[13-Nov-2025 09:07:04 UTC] Instantiated class: \RomethemeKit\RkitWrapperLink
[13-Nov-2025 09:07:08 UTC] Loaded file: blur_effects.php
[13-Nov-2025 09:07:08 UTC] Loaded file: rkit_post_duplicator.php
[13-Nov-2025 09:07:08 UTC] Loaded file: rkit_tool_tips.php
[13-Nov-2025 09:07:08 UTC] Loaded file: rkit_wrapper_link.php
[13-Nov-2025 09:07:08 UTC] Class not found: \RomethemeKit\Rkit_Custom_Cursor
[13-Nov-2025 09:07:08 UTC] Instantiated class: \RomethemeKit\RkitDuplicator
[13-Nov-2025 09:07:08 UTC] Instantiated class: \RomethemeKit\BlurEffects
[13-Nov-2025 09:07:08 UTC] Class not found: \RomethemeKit\Rkit_Sticky_Content
[13-Nov-2025 09:07:08 UTC] Instantiated class: \RomethemeKit\RkitToolTips
[13-Nov-2025 09:07:08 UTC] Instantiated class: \RomethemeKit\RkitWrapperLink
[13-Nov-2025 09:07:10 UTC] Loaded file: blur_effects.php
[13-Nov-2025 09:07:10 UTC] Loaded file: rkit_post_duplicator.php
[13-Nov-2025 09:07:10 UTC] Loaded file: rkit_tool_tips.php
[13-Nov-2025 09:07:10 UTC] Loaded file: rkit_wrapper_link.php
[13-Nov-2025 09:07:10 UTC] Class not found: \RomethemeKit\Rkit_Custom_Cursor
[13-Nov-2025 09:07:10 UTC] Instantiated class: \RomethemeKit\RkitDuplicator
[13-Nov-2025 09:07:10 UTC] Instantiated class: \RomethemeKit\BlurEffects
[13-Nov-2025 09:07:10 UTC] Class not found: \RomethemeKit\Rkit_Sticky_Content
[13-Nov-2025 09:07:10 UTC] Instantiated class: \RomethemeKit\RkitToolTips
[13-Nov-2025 09:07:10 UTC] Instantiated class: \RomethemeKit\RkitWrapperLink
[13-Nov-2025 09:07:10 UTC] Loaded file: blur_effects.php
[13-Nov-2025 09:07:10 UTC] Loaded file: rkit_post_duplicator.php
[13-Nov-2025 09:07:10 UTC] Loaded file: rkit_tool_tips.php
[13-Nov-2025 09:07:10 UTC] Loaded file: rkit_wrapper_link.php
[13-Nov-2025 09:07:10 UTC] Class not found: \RomethemeKit\Rkit_Custom_Cursor
[13-Nov-2025 09:07:10 UTC] Instantiated class: \RomethemeKit\RkitDuplicator
[13-Nov-2025 09:07:10 UTC] Instantiated class: \RomethemeKit\BlurEffects
[13-Nov-2025 09:07:10 UTC] Class not found: \RomethemeKit\Rkit_Sticky_Content
[13-Nov-2025 09:07:10 UTC] Instantiated class: \RomethemeKit\RkitToolTips
[13-Nov-2025 09:07:10 UTC] Instantiated class: \RomethemeKit\RkitWrapperLink
[13-Nov-2025 09:07:10 UTC] Loaded file: blur_effects.php
[13-Nov-2025 09:07:10 UTC] Loaded file: rkit_post_duplicator.php
[13-Nov-2025 09:07:10 UTC] Loaded file: rkit_tool_tips.php
[13-Nov-2025 09:07:10 UTC] Loaded file: rkit_wrapper_link.php
[13-Nov-2025 09:07:10 UTC] Class not found: \RomethemeKit\Rkit_Custom_Cursor
[13-Nov-2025 09:07:10 UTC] Instantiated class: \RomethemeKit\RkitDuplicator
[13-Nov-2025 09:07:10 UTC] Instantiated class: \RomethemeKit\BlurEffects
[13-Nov-2025 09:07:10 UTC] Class not found: \RomethemeKit\Rkit_Sticky_Content
[13-Nov-2025 09:07:10 UTC] Instantiated class: \RomethemeKit\RkitToolTips
[13-Nov-2025 09:07:10 UTC] Instantiated class: \RomethemeKit\RkitWrapperLink
[13-Nov-2025 09:07:14 UTC] Loaded file: blur_effects.php
[13-Nov-2025 09:07:14 UTC] Loaded file: rkit_post_duplicator.php
[13-Nov-2025 09:07:14 UTC] Loaded file: rkit_tool_tips.php
[13-Nov-2025 09:07:14 UTC] Loaded file: rkit_wrapper_link.php
[13-Nov-2025 09:07:14 UTC] Class not found: \RomethemeKit\Rkit_Custom_Cursor
[13-Nov-2025 09:07:14 UTC] Instantiated class: \RomethemeKit\RkitDuplicator
[13-Nov-2025 09:07:14 UTC] Instantiated class: \RomethemeKit\BlurEffects
[13-Nov-2025 09:07:14 UTC] Class not found: \RomethemeKit\Rkit_Sticky_Content
[13-Nov-2025 09:07:14 UTC] Instantiated class: \RomethemeKit\RkitToolTips
[13-Nov-2025 09:07:14 UTC] Instantiated class: \RomethemeKit\RkitWrapperLink
[13-Nov-2025 09:07:14 UTC] [Soltour API info] Request to master/getAllOrigins: {"productType":"PACKAGE","destinationCode":"PUJ"}
[13-Nov-2025 09:07:14 UTC] [Soltour API info] Response from master/getAllOrigins: {"origins":[{"code":"LCG","name":"A Coruña","airportType":"AIRPORT","destinationCode":"LCG","destinationName":"LA CORUNA","description":"A Coruña","dynamic":false},{"code":"ABC","name":"Albacete","airportType":"AIRPORT","description":"Albacete","dynamic":false},{"code":"ALC","name":"Alicante","airportType":"AIRPORT","destinationCode":"ALC","destinationName":"ALICANTE","description":"Alicante","dynamic":false},{"code":"LEI","name":"Almería","airportType":"AIRPORT","destinationCode":"LEI","dest
[13-Nov-2025 09:07:25 UTC] Loaded file: blur_effects.php
[13-Nov-2025 09:07:25 UTC] Loaded file: rkit_post_duplicator.php
[13-Nov-2025 09:07:25 UTC] Loaded file: rkit_tool_tips.php
[13-Nov-2025 09:07:25 UTC] Loaded file: rkit_wrapper_link.php
[13-Nov-2025 09:07:25 UTC] Class not found: \RomethemeKit\Rkit_Custom_Cursor
[13-Nov-2025 09:07:25 UTC] Instantiated class: \RomethemeKit\RkitDuplicator
[13-Nov-2025 09:07:25 UTC] Instantiated class: \RomethemeKit\BlurEffects
[13-Nov-2025 09:07:25 UTC] Class not found: \RomethemeKit\Rkit_Sticky_Content
[13-Nov-2025 09:07:25 UTC] Instantiated class: \RomethemeKit\RkitToolTips
[13-Nov-2025 09:07:25 UTC] Instantiated class: \RomethemeKit\RkitWrapperLink
[13-Nov-2025 09:07:30 UTC] Loaded file: blur_effects.php
[13-Nov-2025 09:07:30 UTC] Loaded file: rkit_post_duplicator.php
[13-Nov-2025 09:07:30 UTC] Loaded file: rkit_tool_tips.php
[13-Nov-2025 09:07:30 UTC] Loaded file: rkit_wrapper_link.php
[13-Nov-2025 09:07:30 UTC] Class not found: \RomethemeKit\Rkit_Custom_Cursor
[13-Nov-2025 09:07:30 UTC] Instantiated class: \RomethemeKit\RkitDuplicator
[13-Nov-2025 09:07:30 UTC] Instantiated class: \RomethemeKit\BlurEffects
[13-Nov-2025 09:07:30 UTC] Class not found: \RomethemeKit\Rkit_Sticky_Content
[13-Nov-2025 09:07:30 UTC] Instantiated class: \RomethemeKit\RkitToolTips
[13-Nov-2025 09:07:30 UTC] Instantiated class: \RomethemeKit\RkitWrapperLink
[13-Nov-2025 09:07:30 UTC] Loaded file: blur_effects.php
[13-Nov-2025 09:07:30 UTC] Loaded file: rkit_post_duplicator.php
[13-Nov-2025 09:07:30 UTC] Loaded file: rkit_tool_tips.php
[13-Nov-2025 09:07:30 UTC] Loaded file: rkit_wrapper_link.php
[13-Nov-2025 09:07:30 UTC] Class not found: \RomethemeKit\Rkit_Custom_Cursor
[13-Nov-2025 09:07:30 UTC] Instantiated class: \RomethemeKit\RkitDuplicator
[13-Nov-2025 09:07:30 UTC] Instantiated class: \RomethemeKit\BlurEffects
[13-Nov-2025 09:07:30 UTC] Class not found: \RomethemeKit\Rkit_Sticky_Content
[13-Nov-2025 09:07:30 UTC] Instantiated class: \RomethemeKit\RkitToolTips
[13-Nov-2025 09:07:30 UTC] Instantiated class: \RomethemeKit\RkitWrapperLink
[13-Nov-2025 09:07:30 UTC] [Soltour API info] === AJAX SEARCH PACKAGES CALLED ===
[13-Nov-2025 09:07:30 UTC] [Soltour API info] Params recebidos do frontend:
[13-Nov-2025 09:07:30 UTC] [Soltour API info]   - first_item: 0
[13-Nov-2025 09:07:30 UTC] [Soltour API info]   - item_count: 100
[13-Nov-2025 09:07:30 UTC] [Soltour API info] Params completos: {"originCode":"MAD","destinationCode":"PUJ","startDate":"2025-11-23","numNights":7,"rooms":[{"passengers":[{"type":"ADULT","age":30},{"type":"ADULT","age":30}]}],"productType":"PACKAGE","onlyHotel":"N","forceAvail":false,"firstItem":0,"itemCount":100}
[13-Nov-2025 09:07:30 UTC] [Soltour API info] Enviando para API Soltour (booking/availability):
[13-Nov-2025 09:07:30 UTC] [Soltour API info]   - criteria.pagination.firstItem: 0
[13-Nov-2025 09:07:30 UTC] [Soltour API info]   - criteria.pagination.itemCount: 100
[13-Nov-2025 09:07:30 UTC] [Soltour API info] Request to booking/availability: {"productType":"PACKAGE","onlyHotel":"N","forceAvail":false,"criteria":{"order":{"type":"PRICE","direction":"ASC"},"pagination":{"firstItem":0,"itemCount":100}},"languageCode":"PT","params":{"startDate":"2025-11-23","endDate":"2025-11-30","residentType":"NONE","accomodation":{"rooms":[{"passengers":[{"type":"ADULT","age":30},{"type":"ADULT","age":30}]}]},"hotelParams":{"destinationCode":"PUJ","includeImmediatePayment":true},"flightParams":{"itineraries":[{"origins":["MAD"],"destinations":["PUJ"]}],"directFlightsOnly":false,"includeImmediatePayment":true}}}
[13-Nov-2025 09:07:30 UTC] Loaded file: blur_effects.php
[13-Nov-2025 09:07:30 UTC] Loaded file: rkit_post_duplicator.php
[13-Nov-2025 09:07:30 UTC] Loaded file: rkit_tool_tips.php
[13-Nov-2025 09:07:30 UTC] Loaded file: rkit_wrapper_link.php
[13-Nov-2025 09:07:30 UTC] Class not found: \RomethemeKit\Rkit_Custom_Cursor
[13-Nov-2025 09:07:30 UTC] Instantiated class: \RomethemeKit\RkitDuplicator
[13-Nov-2025 09:07:30 UTC] Instantiated class: \RomethemeKit\BlurEffects
[13-Nov-2025 09:07:30 UTC] Class not found: \RomethemeKit\Rkit_Sticky_Content
[13-Nov-2025 09:07:30 UTC] Instantiated class: \RomethemeKit\RkitToolTips
[13-Nov-2025 09:07:30 UTC] Instantiated class: \RomethemeKit\RkitWrapperLink
[13-Nov-2025 09:07:46 UTC] [Soltour API info] Response from booking/availability: {"productType":"PACKAGE","availToken":"TTA4ljf2rZ9bV4UcJTsK5sanwTleQTXe0JAQWvQt6Wg=","timestamp":"2025-11-13T10:07:30.720671243","serviceType":"UNDEFINED","agencyInformation":{"clientCode":"BEAUTYT","branchOfficeCode":"999","taxApplicationType":"ISC","taxRate":0,"paymentType":"PP","commission":{"currency":"EUR","rate":15}},"budgets":[{"booked":false,"selected":false,"hotelServices":[{"responseId":"oIJDYDPsGfhsdHXKks3wJFWo4epRHiDkgHbfV2Aou/k=","id":"772de088-d46b-4079-9834-3aaf57fd8767","type":"H
[13-Nov-2025 09:07:46 UTC] [Soltour API info] Resposta da API Soltour:
[13-Nov-2025 09:07:46 UTC] [Soltour API info]   - budgets: 176
[13-Nov-2025 09:07:46 UTC] [Soltour API info]   - totalCount: 0
[13-Nov-2025 09:07:46 UTC] [Soltour API info]   - hotels: 28
[13-Nov-2025 09:07:46 UTC] [Soltour API info]   - availToken: SIM
[13-Nov-2025 09:07:46 UTC] Loaded file: blur_effects.php
[13-Nov-2025 09:07:46 UTC] Loaded file: rkit_post_duplicator.php
[13-Nov-2025 09:07:46 UTC] Loaded file: rkit_tool_tips.php
[13-Nov-2025 09:07:46 UTC] Loaded file: rkit_wrapper_link.php
[13-Nov-2025 09:07:46 UTC] Class not found: \RomethemeKit\Rkit_Custom_Cursor
[13-Nov-2025 09:07:46 UTC] Instantiated class: \RomethemeKit\RkitDuplicator
[13-Nov-2025 09:07:46 UTC] Instantiated class: \RomethemeKit\BlurEffects
[13-Nov-2025 09:07:46 UTC] Class not found: \RomethemeKit\Rkit_Sticky_Content
[13-Nov-2025 09:07:46 UTC] Instantiated class: \RomethemeKit\RkitToolTips
[13-Nov-2025 09:07:46 UTC] Instantiated class: \RomethemeKit\RkitWrapperLink
[13-Nov-2025 09:07:46 UTC] Loaded file: blur_effects.php
[13-Nov-2025 09:07:46 UTC] Loaded file: rkit_post_duplicator.php
[13-Nov-2025 09:07:46 UTC] Loaded file: rkit_tool_tips.php
[13-Nov-2025 09:07:46 UTC] Loaded file: rkit_wrapper_link.php
[13-Nov-2025 09:07:46 UTC] Class not found: \RomethemeKit\Rkit_Custom_Cursor
[13-Nov-2025 09:07:46 UTC] Instantiated class: \RomethemeKit\RkitDuplicator
[13-Nov-2025 09:07:46 UTC] Instantiated class: \RomethemeKit\BlurEffects
[13-Nov-2025 09:07:46 UTC] Class not found: \RomethemeKit\Rkit_Sticky_Content
[13-Nov-2025 09:07:46 UTC] Instantiated class: \RomethemeKit\RkitToolTips
[13-Nov-2025 09:07:46 UTC] Instantiated class: \RomethemeKit\RkitWrapperLink
[13-Nov-2025 09:07:46 UTC] Loaded file: blur_effects.php
[13-Nov-2025 09:07:46 UTC] Loaded file: rkit_post_duplicator.php
[13-Nov-2025 09:07:46 UTC] Loaded file: rkit_tool_tips.php
[13-Nov-2025 09:07:46 UTC] Loaded file: rkit_wrapper_link.php
[13-Nov-2025 09:07:46 UTC] Class not found: \RomethemeKit\Rkit_Custom_Cursor
[13-Nov-2025 09:07:46 UTC] Instantiated class: \RomethemeKit\RkitDuplicator
[13-Nov-2025 09:07:46 UTC] Instantiated class: \RomethemeKit\BlurEffects
[13-Nov-2025 09:07:46 UTC] Class not found: \RomethemeKit\Rkit_Sticky_Content
[13-Nov-2025 09:07:46 UTC] Instantiated class: \RomethemeKit\RkitToolTips
[13-Nov-2025 09:07:46 UTC] Instantiated class: \RomethemeKit\RkitWrapperLink
[13-Nov-2025 09:07:47 UTC] Loaded file: blur_effects.php
[13-Nov-2025 09:07:47 UTC] Loaded file: rkit_post_duplicator.php
[13-Nov-2025 09:07:47 UTC] Loaded file: rkit_tool_tips.php
[13-Nov-2025 09:07:47 UTC] Loaded file: rkit_wrapper_link.php
[13-Nov-2025 09:07:47 UTC] Class not found: \RomethemeKit\Rkit_Custom_Cursor
[13-Nov-2025 09:07:47 UTC] Instantiated class: \RomethemeKit\RkitDuplicator
[13-Nov-2025 09:07:47 UTC] Instantiated class: \RomethemeKit\BlurEffects
[13-Nov-2025 09:07:47 UTC] Class not found: \RomethemeKit\Rkit_Sticky_Content
[13-Nov-2025 09:07:47 UTC] Instantiated class: \RomethemeKit\RkitToolTips
[13-Nov-2025 09:07:47 UTC] Instantiated class: \RomethemeKit\RkitWrapperLink
[13-Nov-2025 09:07:47 UTC] Loaded file: blur_effects.php
[13-Nov-2025 09:07:47 UTC] Loaded file: rkit_post_duplicator.php
[13-Nov-2025 09:07:47 UTC] Loaded file: rkit_tool_tips.php
[13-Nov-2025 09:07:47 UTC] Loaded file: rkit_wrapper_link.php
[13-Nov-2025 09:07:47 UTC] Class not found: \RomethemeKit\Rkit_Custom_Cursor
[13-Nov-2025 09:07:47 UTC] Instantiated class: \RomethemeKit\RkitDuplicator
[13-Nov-2025 09:07:47 UTC] Instantiated class: \RomethemeKit\BlurEffects
[13-Nov-2025 09:07:47 UTC] Class not found: \RomethemeKit\Rkit_Sticky_Content
[13-Nov-2025 09:07:47 UTC] Instantiated class: \RomethemeKit\RkitToolTips
[13-Nov-2025 09:07:47 UTC] Instantiated class: \RomethemeKit\RkitWrapperLink
[13-Nov-2025 09:07:47 UTC] [Soltour API info] Getting details for budget: H81381##TI##0$5073470605104620099@@CLASSICAL01, hotel: H81381
[13-Nov-2025 09:07:47 UTC] [Soltour API info] Request to booking/details: {"productType":"PACKAGE","availToken":"TTA4ljf2rZ9bV4UcJTsK5sanwTleQTXe0JAQWvQt6Wg=","budgetId":"H81381##TI##0$5073470605104620099@@CLASSICAL01","hotelParams":{"hotelCode":"H81381","providerCode":"UNDEFINED"}}
[13-Nov-2025 09:07:47 UTC] [Soltour API info] Getting details for budget: H49702##TI##0$4672326218484463889@@CLASSICAL01, hotel: H49702
[13-Nov-2025 09:07:47 UTC] [Soltour API info] Request to booking/details: {"productType":"PACKAGE","availToken":"TTA4ljf2rZ9bV4UcJTsK5sanwTleQTXe0JAQWvQt6Wg=","budgetId":"H49702##TI##0$4672326218484463889@@CLASSICAL01","hotelParams":{"hotelCode":"H49702","providerCode":"UNDEFINED"}}
[13-Nov-2025 09:07:47 UTC] [Soltour API info] Getting details for budget: H99741##SA##0$4997877676686497643@@CLASSICAL01, hotel: H99741
[13-Nov-2025 09:07:47 UTC] [Soltour API info] Request to booking/details: {"productType":"PACKAGE","availToken":"TTA4ljf2rZ9bV4UcJTsK5sanwTleQTXe0JAQWvQt6Wg=","budgetId":"H99741##SA##0$4997877676686497643@@CLASSICAL01","hotelParams":{"hotelCode":"H99741","providerCode":"UNDEFINED"}}
[13-Nov-2025 09:07:47 UTC] Loaded file: blur_effects.php
[13-Nov-2025 09:07:47 UTC] Loaded file: rkit_post_duplicator.php
[13-Nov-2025 09:07:47 UTC] Loaded file: rkit_tool_tips.php
[13-Nov-2025 09:07:47 UTC] Loaded file: rkit_wrapper_link.php
[13-Nov-2025 09:07:47 UTC] Class not found: \RomethemeKit\Rkit_Custom_Cursor
[13-Nov-2025 09:07:47 UTC] Instantiated class: \RomethemeKit\RkitDuplicator
[13-Nov-2025 09:07:47 UTC] Instantiated class: \RomethemeKit\BlurEffects
[13-Nov-2025 09:07:47 UTC] Class not found: \RomethemeKit\Rkit_Sticky_Content
[13-Nov-2025 09:07:47 UTC] Instantiated class: \RomethemeKit\RkitToolTips
[13-Nov-2025 09:07:47 UTC] Instantiated class: \RomethemeKit\RkitWrapperLink
[13-Nov-2025 09:07:47 UTC] [Soltour API info] Getting details for budget: H199543##SA##0$5622283898376810972@@CLASSICAL01, hotel: H199543
[13-Nov-2025 09:07:47 UTC] [Soltour API info] Request to booking/details: {"productType":"PACKAGE","availToken":"TTA4ljf2rZ9bV4UcJTsK5sanwTleQTXe0JAQWvQt6Wg=","budgetId":"H199543##SA##0$5622283898376810972@@CLASSICAL01","hotelParams":{"hotelCode":"H199543","providerCode":"UNDEFINED"}}
[13-Nov-2025 09:07:47 UTC] [Soltour API info] Getting details for budget: H217184##TI##0$4983207145917091327@@CLASSICAL01, hotel: H217184
[13-Nov-2025 09:07:47 UTC] [Soltour API info] Request to booking/details: {"productType":"PACKAGE","availToken":"TTA4ljf2rZ9bV4UcJTsK5sanwTleQTXe0JAQWvQt6Wg=","budgetId":"H217184##TI##0$4983207145917091327@@CLASSICAL01","hotelParams":{"hotelCode":"H217184","providerCode":"UNDEFINED"}}
[13-Nov-2025 09:07:48 UTC] [Soltour API info] Response from booking/details: {"availToken":"TTA4ljf2rZ9bV4UcJTsK5sanwTleQTXe0JAQWvQt6Wg=","timestamp":"2025-11-13T10:07:48.333736018","serviceType":"UNDEFINED","agencyInformation":{"clientCode":"BEAUTYT","branchOfficeCode":"999","taxApplicationType":"ISC","taxRate":0,"paymentType":"PP","commission":{"currency":"EUR","rate":15}},"params":{"startDate":"2025-11-23","endDate":"2025-11-30","accomodation":{"rooms":[{"passengers":[{"age":30,"type":"ADULT"},{"age":30,"type":"ADULT"}]}]},"residentType":"NONE","numNights":0,"flightPa
[13-Nov-2025 09:07:48 UTC] [Soltour API info] Details response structure: {"has_budget":false,"has_details":true,"has_error":false,"error_msg":null}
[13-Nov-2025 09:07:48 UTC] [Soltour API info] Response from booking/details: {"availToken":"TTA4ljf2rZ9bV4UcJTsK5sanwTleQTXe0JAQWvQt6Wg=","timestamp":"2025-11-13T10:07:48.416915512","serviceType":"UNDEFINED","agencyInformation":{"clientCode":"BEAUTYT","branchOfficeCode":"999","taxApplicationType":"ISC","taxRate":0,"paymentType":"PP","commission":{"currency":"EUR","rate":15}},"params":{"startDate":"2025-11-23","endDate":"2025-11-30","accomodation":{"rooms":[{"passengers":[{"age":30,"type":"ADULT"},{"age":30,"type":"ADULT"}]}]},"residentType":"NONE","numNights":0,"flightPa
[13-Nov-2025 09:07:48 UTC] [Soltour API info] Details response structure: {"has_budget":false,"has_details":true,"has_error":false,"error_msg":null}
[13-Nov-2025 09:07:48 UTC] [Soltour API info] Response from booking/details: {"availToken":"TTA4ljf2rZ9bV4UcJTsK5sanwTleQTXe0JAQWvQt6Wg=","timestamp":"2025-11-13T10:07:48.473937165","serviceType":"UNDEFINED","agencyInformation":{"clientCode":"BEAUTYT","branchOfficeCode":"999","taxApplicationType":"ISC","taxRate":0,"paymentType":"PP","commission":{"currency":"EUR","rate":15}},"params":{"startDate":"2025-11-23","endDate":"2025-11-30","accomodation":{"rooms":[{"passengers":[{"age":30,"type":"ADULT"},{"age":30,"type":"ADULT"}]}]},"residentType":"NONE","numNights":0,"flightPa
[13-Nov-2025 09:07:48 UTC] [Soltour API info] Details response structure: {"has_budget":false,"has_details":true,"has_error":false,"error_msg":null}
[13-Nov-2025 09:07:48 UTC] [Soltour API info] Response from booking/details: {"availToken":"TTA4ljf2rZ9bV4UcJTsK5sanwTleQTXe0JAQWvQt6Wg=","timestamp":"2025-11-13T10:07:48.460084925","serviceType":"UNDEFINED","agencyInformation":{"clientCode":"BEAUTYT","branchOfficeCode":"999","taxApplicationType":"ISC","taxRate":0,"paymentType":"PP","commission":{"currency":"EUR","rate":15}},"params":{"startDate":"2025-11-23","endDate":"2025-11-30","accomodation":{"rooms":[{"passengers":[{"age":30,"type":"ADULT"},{"age":30,"type":"ADULT"}]}]},"residentType":"NONE","numNights":0,"flightPa
[13-Nov-2025 09:07:48 UTC] [Soltour API info] Details response structure: {"has_budget":false,"has_details":true,"has_error":false,"error_msg":null}
[13-Nov-2025 09:07:48 UTC] [Soltour API info] Response from booking/details: {"availToken":"TTA4ljf2rZ9bV4UcJTsK5sanwTleQTXe0JAQWvQt6Wg=","timestamp":"2025-11-13T10:07:48.570397077","serviceType":"UNDEFINED","agencyInformation":{"clientCode":"BEAUTYT","branchOfficeCode":"999","taxApplicationType":"ISC","taxRate":0,"paymentType":"PP","commission":{"currency":"EUR","rate":15}},"params":{"startDate":"2025-11-23","endDate":"2025-11-30","accomodation":{"rooms":[{"passengers":[{"age":30,"type":"ADULT"},{"age":30,"type":"ADULT"}]}]},"residentType":"NONE","numNights":0,"flightPa
[13-Nov-2025 09:07:48 UTC] [Soltour API info] Details response structure: {"has_budget":false,"has_details":true,"has_error":false,"error_msg":null}
[13-Nov-2025 09:07:48 UTC] Loaded file: blur_effects.php
[13-Nov-2025 09:07:48 UTC] Loaded file: rkit_post_duplicator.php
[13-Nov-2025 09:07:48 UTC] Loaded file: rkit_tool_tips.php
[13-Nov-2025 09:07:48 UTC] Loaded file: rkit_wrapper_link.php
[13-Nov-2025 09:07:48 UTC] Class not found: \RomethemeKit\Rkit_Custom_Cursor
[13-Nov-2025 09:07:48 UTC] Instantiated class: \RomethemeKit\RkitDuplicator
[13-Nov-2025 09:07:48 UTC] Instantiated class: \RomethemeKit\BlurEffects
[13-Nov-2025 09:07:48 UTC] Class not found: \RomethemeKit\Rkit_Sticky_Content
[13-Nov-2025 09:07:48 UTC] Instantiated class: \RomethemeKit\RkitToolTips
[13-Nov-2025 09:07:48 UTC] Instantiated class: \RomethemeKit\RkitWrapperLink
[13-Nov-2025 09:07:48 UTC] Loaded file: blur_effects.php
[13-Nov-2025 09:07:48 UTC] Loaded file: rkit_post_duplicator.php
[13-Nov-2025 09:07:48 UTC] Loaded file: rkit_tool_tips.php
[13-Nov-2025 09:07:48 UTC] Loaded file: rkit_wrapper_link.php
[13-Nov-2025 09:07:48 UTC] Class not found: \RomethemeKit\Rkit_Custom_Cursor
[13-Nov-2025 09:07:48 UTC] Instantiated class: \RomethemeKit\RkitDuplicator
[13-Nov-2025 09:07:48 UTC] Instantiated class: \RomethemeKit\BlurEffects
[13-Nov-2025 09:07:48 UTC] Class not found: \RomethemeKit\Rkit_Sticky_Content
[13-Nov-2025 09:07:48 UTC] Instantiated class: \RomethemeKit\RkitToolTips
[13-Nov-2025 09:07:48 UTC] Instantiated class: \RomethemeKit\RkitWrapperLink
[13-Nov-2025 09:07:49 UTC] [Soltour API info] Getting details for budget: H80090##TI##0$5577017095746517851@@CLASSICAL01, hotel: H80090
[13-Nov-2025 09:07:49 UTC] [Soltour API info] Request to booking/details: {"productType":"PACKAGE","availToken":"TTA4ljf2rZ9bV4UcJTsK5sanwTleQTXe0JAQWvQt6Wg=","budgetId":"H80090##TI##0$5577017095746517851@@CLASSICAL01","hotelParams":{"hotelCode":"H80090","providerCode":"UNDEFINED"}}
[13-Nov-2025 09:07:49 UTC] [Soltour API info] Getting details for budget: H24##TI##0$5147407011720058679@@CLASSICAL01, hotel: H24
[13-Nov-2025 09:07:49 UTC] [Soltour API info] Request to booking/details: {"productType":"PACKAGE","availToken":"TTA4ljf2rZ9bV4UcJTsK5sanwTleQTXe0JAQWvQt6Wg=","budgetId":"H24##TI##0$5147407011720058679@@CLASSICAL01","hotelParams":{"hotelCode":"H24","providerCode":"UNDEFINED"}}
[13-Nov-2025 09:07:49 UTC] Loaded file: blur_effects.php
[13-Nov-2025 09:07:49 UTC] Loaded file: rkit_post_duplicator.php
[13-Nov-2025 09:07:49 UTC] Loaded file: rkit_tool_tips.php
[13-Nov-2025 09:07:49 UTC] Loaded file: rkit_wrapper_link.php
[13-Nov-2025 09:07:49 UTC] Class not found: \RomethemeKit\Rkit_Custom_Cursor
[13-Nov-2025 09:07:49 UTC] Instantiated class: \RomethemeKit\RkitDuplicator
[13-Nov-2025 09:07:49 UTC] Instantiated class: \RomethemeKit\BlurEffects
[13-Nov-2025 09:07:49 UTC] Class not found: \RomethemeKit\Rkit_Sticky_Content
[13-Nov-2025 09:07:49 UTC] Instantiated class: \RomethemeKit\RkitToolTips
[13-Nov-2025 09:07:49 UTC] Instantiated class: \RomethemeKit\RkitWrapperLink
[13-Nov-2025 09:07:49 UTC] Loaded file: blur_effects.php
[13-Nov-2025 09:07:49 UTC] Loaded file: rkit_post_duplicator.php
[13-Nov-2025 09:07:49 UTC] Loaded file: rkit_tool_tips.php
[13-Nov-2025 09:07:49 UTC] Loaded file: rkit_wrapper_link.php
[13-Nov-2025 09:07:49 UTC] Class not found: \RomethemeKit\Rkit_Custom_Cursor
[13-Nov-2025 09:07:49 UTC] Instantiated class: \RomethemeKit\RkitDuplicator
[13-Nov-2025 09:07:49 UTC] Instantiated class: \RomethemeKit\BlurEffects
[13-Nov-2025 09:07:49 UTC] Class not found: \RomethemeKit\Rkit_Sticky_Content
[13-Nov-2025 09:07:49 UTC] Instantiated class: \RomethemeKit\RkitToolTips
[13-Nov-2025 09:07:49 UTC] Instantiated class: \RomethemeKit\RkitWrapperLink
[13-Nov-2025 09:07:49 UTC] Loaded file: blur_effects.php
[13-Nov-2025 09:07:49 UTC] Loaded file: rkit_post_duplicator.php
[13-Nov-2025 09:07:49 UTC] Loaded file: rkit_tool_tips.php
[13-Nov-2025 09:07:49 UTC] Loaded file: rkit_wrapper_link.php
[13-Nov-2025 09:07:49 UTC] Class not found: \RomethemeKit\Rkit_Custom_Cursor
[13-Nov-2025 09:07:49 UTC] Instantiated class: \RomethemeKit\RkitDuplicator
[13-Nov-2025 09:07:49 UTC] Instantiated class: \RomethemeKit\BlurEffects
[13-Nov-2025 09:07:49 UTC] Class not found: \RomethemeKit\Rkit_Sticky_Content
[13-Nov-2025 09:07:49 UTC] Instantiated class: \RomethemeKit\RkitToolTips
[13-Nov-2025 09:07:49 UTC] Instantiated class: \RomethemeKit\RkitWrapperLink
[13-Nov-2025 09:07:50 UTC] [Soltour API info] Response from booking/details: {"availToken":"TTA4ljf2rZ9bV4UcJTsK5sanwTleQTXe0JAQWvQt6Wg=","timestamp":"2025-11-13T10:07:49.882815120","serviceType":"UNDEFINED","agencyInformation":{"clientCode":"BEAUTYT","branchOfficeCode":"999","taxApplicationType":"ISC","taxRate":0,"paymentType":"PP","commission":{"currency":"EUR","rate":15}},"params":{"startDate":"2025-11-23","endDate":"2025-11-30","accomodation":{"rooms":[{"passengers":[{"age":30,"type":"ADULT"},{"age":30,"type":"ADULT"}]}]},"residentType":"NONE","numNights":0,"flightPa
[13-Nov-2025 09:07:50 UTC] [Soltour API info] Details response structure: {"has_budget":false,"has_details":true,"has_error":false,"error_msg":null}
[13-Nov-2025 09:07:50 UTC] [Soltour API info] Response from booking/details: {"availToken":"TTA4ljf2rZ9bV4UcJTsK5sanwTleQTXe0JAQWvQt6Wg=","timestamp":"2025-11-13T10:07:49.924244542","serviceType":"UNDEFINED","agencyInformation":{"clientCode":"BEAUTYT","branchOfficeCode":"999","taxApplicationType":"ISC","taxRate":0,"paymentType":"PP","commission":{"currency":"EUR","rate":15}},"params":{"startDate":"2025-11-23","endDate":"2025-11-30","accomodation":{"rooms":[{"passengers":[{"age":30,"type":"ADULT"},{"age":30,"type":"ADULT"}]}]},"residentType":"NONE","numNights":0,"flightPa
[13-Nov-2025 09:07:50 UTC] [Soltour API info] Details response structure: {"has_budget":false,"has_details":true,"has_error":false,"error_msg":null}
[13-Nov-2025 09:07:50 UTC] [Soltour API info] Getting details for budget: H186203##TI##0$4787383009025431475@@CLASSICAL01, hotel: H186203
[13-Nov-2025 09:07:50 UTC] [Soltour API info] Request to booking/details: {"productType":"PACKAGE","availToken":"TTA4ljf2rZ9bV4UcJTsK5sanwTleQTXe0JAQWvQt6Wg=","budgetId":"H186203##TI##0$4787383009025431475@@CLASSICAL01","hotelParams":{"hotelCode":"H186203","providerCode":"UNDEFINED"}}
[13-Nov-2025 09:07:50 UTC] [Soltour API info] Getting details for budget: H81784##TI##0$5710695880178258512@@CLASSICAL01, hotel: H81784
[13-Nov-2025 09:07:50 UTC] [Soltour API info] Request to booking/details: {"productType":"PACKAGE","availToken":"TTA4ljf2rZ9bV4UcJTsK5sanwTleQTXe0JAQWvQt6Wg=","budgetId":"H81784##TI##0$5710695880178258512@@CLASSICAL01","hotelParams":{"hotelCode":"H81784","providerCode":"UNDEFINED"}}
[13-Nov-2025 09:07:50 UTC] [Soltour API info] Getting details for budget: H408431##SA##0$5145279359770266262@@CLASSICAL01, hotel: H408431
[13-Nov-2025 09:07:50 UTC] [Soltour API info] Request to booking/details: {"productType":"PACKAGE","availToken":"TTA4ljf2rZ9bV4UcJTsK5sanwTleQTXe0JAQWvQt6Wg=","budgetId":"H408431##SA##0$5145279359770266262@@CLASSICAL01","hotelParams":{"hotelCode":"H408431","providerCode":"UNDEFINED"}}
[13-Nov-2025 09:07:50 UTC] Loaded file: blur_effects.php
[13-Nov-2025 09:07:50 UTC] Loaded file: rkit_post_duplicator.php
[13-Nov-2025 09:07:50 UTC] Loaded file: rkit_tool_tips.php
[13-Nov-2025 09:07:50 UTC] Loaded file: rkit_wrapper_link.php
[13-Nov-2025 09:07:50 UTC] Class not found: \RomethemeKit\Rkit_Custom_Cursor
[13-Nov-2025 09:07:50 UTC] Instantiated class: \RomethemeKit\RkitDuplicator
[13-Nov-2025 09:07:50 UTC] Instantiated class: \RomethemeKit\BlurEffects
[13-Nov-2025 09:07:50 UTC] Class not found: \RomethemeKit\Rkit_Sticky_Content
[13-Nov-2025 09:07:50 UTC] Instantiated class: \RomethemeKit\RkitToolTips
[13-Nov-2025 09:07:50 UTC] Instantiated class: \RomethemeKit\RkitWrapperLink
[13-Nov-2025 09:07:50 UTC] Loaded file: blur_effects.php
[13-Nov-2025 09:07:50 UTC] Loaded file: rkit_post_duplicator.php
[13-Nov-2025 09:07:50 UTC] Loaded file: rkit_tool_tips.php
[13-Nov-2025 09:07:50 UTC] Loaded file: rkit_wrapper_link.php
[13-Nov-2025 09:07:50 UTC] Class not found: \RomethemeKit\Rkit_Custom_Cursor
[13-Nov-2025 09:07:50 UTC] Instantiated class: \RomethemeKit\RkitDuplicator
[13-Nov-2025 09:07:50 UTC] Instantiated class: \RomethemeKit\BlurEffects
[13-Nov-2025 09:07:50 UTC] Class not found: \RomethemeKit\Rkit_Sticky_Content
[13-Nov-2025 09:07:50 UTC] Instantiated class: \RomethemeKit\RkitToolTips
[13-Nov-2025 09:07:50 UTC] Instantiated class: \RomethemeKit\RkitWrapperLink
[13-Nov-2025 09:07:51 UTC] [Soltour API info] Response from booking/details: {"availToken":"TTA4ljf2rZ9bV4UcJTsK5sanwTleQTXe0JAQWvQt6Wg=","timestamp":"2025-11-13T10:07:51.027806533","serviceType":"UNDEFINED","agencyInformation":{"clientCode":"BEAUTYT","branchOfficeCode":"999","taxApplicationType":"ISC","taxRate":0,"paymentType":"PP","commission":{"currency":"EUR","rate":15}},"params":{"startDate":"2025-11-23","endDate":"2025-11-30","accomodation":{"rooms":[{"passengers":[{"age":30,"type":"ADULT"},{"age":30,"type":"ADULT"}]}]},"residentType":"NONE","numNights":0,"flightPa
[13-Nov-2025 09:07:51 UTC] [Soltour API info] Details response structure: {"has_budget":false,"has_details":true,"has_error":false,"error_msg":null}
[13-Nov-2025 09:07:51 UTC] [Soltour API info] Response from booking/details: {"availToken":"TTA4ljf2rZ9bV4UcJTsK5sanwTleQTXe0JAQWvQt6Wg=","timestamp":"2025-11-13T10:07:51.090296057","serviceType":"UNDEFINED","agencyInformation":{"clientCode":"BEAUTYT","branchOfficeCode":"999","taxApplicationType":"ISC","taxRate":0,"paymentType":"PP","commission":{"currency":"EUR","rate":15}},"params":{"startDate":"2025-11-23","endDate":"2025-11-30","accomodation":{"rooms":[{"passengers":[{"age":30,"type":"ADULT"},{"age":30,"type":"ADULT"}]}]},"residentType":"NONE","numNights":0,"flightPa
[13-Nov-2025 09:07:51 UTC] [Soltour API info] Details response structure: {"has_budget":false,"has_details":true,"has_error":false,"error_msg":null}
[13-Nov-2025 09:07:51 UTC] [Soltour API info] Response from booking/details: {"availToken":"TTA4ljf2rZ9bV4UcJTsK5sanwTleQTXe0JAQWvQt6Wg=","timestamp":"2025-11-13T10:07:51.086675344","serviceType":"UNDEFINED","agencyInformation":{"clientCode":"BEAUTYT","branchOfficeCode":"999","taxApplicationType":"ISC","taxRate":0,"paymentType":"PP","commission":{"currency":"EUR","rate":15}},"params":{"startDate":"2025-11-23","endDate":"2025-11-30","accomodation":{"rooms":[{"passengers":[{"age":30,"type":"ADULT"},{"age":30,"type":"ADULT"}]}]},"residentType":"NONE","numNights":0,"flightPa
[13-Nov-2025 09:07:51 UTC] [Soltour API info] Details response structure: {"has_budget":false,"has_details":true,"has_error":false,"error_msg":null}
[13-Nov-2025 09:07:51 UTC] [Soltour API info] Getting details for budget: H3784##TI##0$4834546425777260963@@CLASSICAL01, hotel: H3784
[13-Nov-2025 09:07:51 UTC] [Soltour API info] Request to booking/details: {"productType":"PACKAGE","availToken":"TTA4ljf2rZ9bV4UcJTsK5sanwTleQTXe0JAQWvQt6Wg=","budgetId":"H3784##TI##0$4834546425777260963@@CLASSICAL01","hotelParams":{"hotelCode":"H3784","providerCode":"UNDEFINED"}}
[13-Nov-2025 09:07:51 UTC] [Soltour API info] Getting details for budget: H68719##TI##0$5219507888828547969@@CLASSICAL01, hotel: H68719
[13-Nov-2025 09:07:51 UTC] [Soltour API info] Request to booking/details: {"productType":"PACKAGE","availToken":"TTA4ljf2rZ9bV4UcJTsK5sanwTleQTXe0JAQWvQt6Wg=","budgetId":"H68719##TI##0$5219507888828547969@@CLASSICAL01","hotelParams":{"hotelCode":"H68719","providerCode":"UNDEFINED"}}
[13-Nov-2025 09:07:51 UTC] Loaded file: blur_effects.php
[13-Nov-2025 09:07:51 UTC] Loaded file: rkit_post_duplicator.php
[13-Nov-2025 09:07:51 UTC] Loaded file: rkit_tool_tips.php
[13-Nov-2025 09:07:51 UTC] Loaded file: rkit_wrapper_link.php
[13-Nov-2025 09:07:51 UTC] Class not found: \RomethemeKit\Rkit_Custom_Cursor
[13-Nov-2025 09:07:51 UTC] Instantiated class: \RomethemeKit\RkitDuplicator
[13-Nov-2025 09:07:51 UTC] Instantiated class: \RomethemeKit\BlurEffects
[13-Nov-2025 09:07:51 UTC] Class not found: \RomethemeKit\Rkit_Sticky_Content
[13-Nov-2025 09:07:51 UTC] Instantiated class: \RomethemeKit\RkitToolTips
[13-Nov-2025 09:07:51 UTC] Instantiated class: \RomethemeKit\RkitWrapperLink
[13-Nov-2025 09:07:51 UTC] Loaded file: blur_effects.php
[13-Nov-2025 09:07:51 UTC] Loaded file: blur_effects.php
[13-Nov-2025 09:07:51 UTC] Loaded file: rkit_post_duplicator.php
[13-Nov-2025 09:07:51 UTC] Loaded file: rkit_tool_tips.php
[13-Nov-2025 09:07:51 UTC] Loaded file: rkit_wrapper_link.php
[13-Nov-2025 09:07:51 UTC] Class not found: \RomethemeKit\Rkit_Custom_Cursor
[13-Nov-2025 09:07:51 UTC] Instantiated class: \RomethemeKit\RkitDuplicator
[13-Nov-2025 09:07:51 UTC] Instantiated class: \RomethemeKit\BlurEffects
[13-Nov-2025 09:07:51 UTC] Class not found: \RomethemeKit\Rkit_Sticky_Content
[13-Nov-2025 09:07:51 UTC] Instantiated class: \RomethemeKit\RkitToolTips
[13-Nov-2025 09:07:51 UTC] Instantiated class: \RomethemeKit\RkitWrapperLink
[13-Nov-2025 09:07:51 UTC] Loaded file: rkit_post_duplicator.php
[13-Nov-2025 09:07:51 UTC] Loaded file: rkit_tool_tips.php
[13-Nov-2025 09:07:51 UTC] Loaded file: rkit_wrapper_link.php
[13-Nov-2025 09:07:51 UTC] Class not found: \RomethemeKit\Rkit_Custom_Cursor
[13-Nov-2025 09:07:51 UTC] Instantiated class: \RomethemeKit\RkitDuplicator
[13-Nov-2025 09:07:51 UTC] Instantiated class: \RomethemeKit\BlurEffects
[13-Nov-2025 09:07:51 UTC] Class not found: \RomethemeKit\Rkit_Sticky_Content
[13-Nov-2025 09:07:51 UTC] Instantiated class: \RomethemeKit\RkitToolTips
[13-Nov-2025 09:07:51 UTC] Instantiated class: \RomethemeKit\RkitWrapperLink
[13-Nov-2025 09:07:51 UTC] [Soltour API info] Response from booking/details: {"availToken":"TTA4ljf2rZ9bV4UcJTsK5sanwTleQTXe0JAQWvQt6Wg=","timestamp":"2025-11-13T10:07:51.850804640","serviceType":"UNDEFINED","agencyInformation":{"clientCode":"BEAUTYT","branchOfficeCode":"999","taxApplicationType":"ISC","taxRate":0,"paymentType":"PP","commission":{"currency":"EUR","rate":15}},"params":{"startDate":"2025-11-23","endDate":"2025-11-30","accomodation":{"rooms":[{"passengers":[{"age":30,"type":"ADULT"},{"age":30,"type":"ADULT"}]}]},"residentType":"NONE","numNights":0,"flightPa
[13-Nov-2025 09:07:51 UTC] [Soltour API info] Details response structure: {"has_budget":false,"has_details":true,"has_error":false,"error_msg":null}
[13-Nov-2025 09:07:52 UTC] [Soltour API info] Response from booking/details: {"availToken":"TTA4ljf2rZ9bV4UcJTsK5sanwTleQTXe0JAQWvQt6Wg=","timestamp":"2025-11-13T10:07:52.179057325","serviceType":"UNDEFINED","agencyInformation":{"clientCode":"BEAUTYT","branchOfficeCode":"999","taxApplicationType":"ISC","taxRate":0,"paymentType":"PP","commission":{"currency":"EUR","rate":15}},"params":{"startDate":"2025-11-23","endDate":"2025-11-30","accomodation":{"rooms":[{"passengers":[{"age":30,"type":"ADULT"},{"age":30,"type":"ADULT"}]}]},"residentType":"NONE","numNights":0,"flightPa
[13-Nov-2025 09:07:52 UTC] [Soltour API info] Details response structure: {"has_budget":false,"has_details":true,"has_error":false,"error_msg":null}
[13-Nov-2025 09:07:52 UTC] [Soltour API info] Getting details for budget: H14##TI##0$4943444098069257038@@CLASSICAL01, hotel: H14
[13-Nov-2025 09:07:52 UTC] [Soltour API info] Request to booking/details: {"productType":"PACKAGE","availToken":"TTA4ljf2rZ9bV4UcJTsK5sanwTleQTXe0JAQWvQt6Wg=","budgetId":"H14##TI##0$4943444098069257038@@CLASSICAL01","hotelParams":{"hotelCode":"H14","providerCode":"UNDEFINED"}}
[13-Nov-2025 09:07:52 UTC] [Soltour API info] Getting details for budget: H50725##TI##0$5654238959327611233@@CLASSICAL01, hotel: H50725
[13-Nov-2025 09:07:52 UTC] [Soltour API info] Request to booking/details: {"productType":"PACKAGE","availToken":"TTA4ljf2rZ9bV4UcJTsK5sanwTleQTXe0JAQWvQt6Wg=","budgetId":"H50725##TI##0$5654238959327611233@@CLASSICAL01","hotelParams":{"hotelCode":"H50725","providerCode":"UNDEFINED"}}
[13-Nov-2025 09:07:52 UTC] [Soltour API info] Getting details for budget: H1##TI##0$5747379021672499378@@CLASSICAL01, hotel: H1
[13-Nov-2025 09:07:52 UTC] [Soltour API info] Request to booking/details: {"productType":"PACKAGE","availToken":"TTA4ljf2rZ9bV4UcJTsK5sanwTleQTXe0JAQWvQt6Wg=","budgetId":"H1##TI##0$5747379021672499378@@CLASSICAL01","hotelParams":{"hotelCode":"H1","providerCode":"UNDEFINED"}}
[13-Nov-2025 09:07:52 UTC] Loaded file: blur_effects.php
[13-Nov-2025 09:07:52 UTC] Loaded file: rkit_post_duplicator.php
[13-Nov-2025 09:07:52 UTC] Loaded file: rkit_tool_tips.php
[13-Nov-2025 09:07:52 UTC] Loaded file: rkit_wrapper_link.php
[13-Nov-2025 09:07:52 UTC] Class not found: \RomethemeKit\Rkit_Custom_Cursor
[13-Nov-2025 09:07:52 UTC] Instantiated class: \RomethemeKit\RkitDuplicator
[13-Nov-2025 09:07:52 UTC] Instantiated class: \RomethemeKit\BlurEffects
[13-Nov-2025 09:07:52 UTC] Class not found: \RomethemeKit\Rkit_Sticky_Content
[13-Nov-2025 09:07:52 UTC] Instantiated class: \RomethemeKit\RkitToolTips
[13-Nov-2025 09:07:52 UTC] Instantiated class: \RomethemeKit\RkitWrapperLink
[13-Nov-2025 09:07:52 UTC] Loaded file: blur_effects.php
[13-Nov-2025 09:07:52 UTC] Loaded file: rkit_post_duplicator.php
[13-Nov-2025 09:07:52 UTC] Loaded file: rkit_tool_tips.php
[13-Nov-2025 09:07:52 UTC] Loaded file: rkit_wrapper_link.php
[13-Nov-2025 09:07:52 UTC] Class not found: \RomethemeKit\Rkit_Custom_Cursor
[13-Nov-2025 09:07:52 UTC] Instantiated class: \RomethemeKit\RkitDuplicator
[13-Nov-2025 09:07:52 UTC] Instantiated class: \RomethemeKit\BlurEffects
[13-Nov-2025 09:07:52 UTC] Class not found: \RomethemeKit\Rkit_Sticky_Content
[13-Nov-2025 09:07:52 UTC] Instantiated class: \RomethemeKit\RkitToolTips
[13-Nov-2025 09:07:52 UTC] Instantiated class: \RomethemeKit\RkitWrapperLink
[13-Nov-2025 09:07:53 UTC] [Soltour API info] Response from booking/details: {"availToken":"TTA4ljf2rZ9bV4UcJTsK5sanwTleQTXe0JAQWvQt6Wg=","timestamp":"2025-11-13T10:07:52.953287823","serviceType":"UNDEFINED","agencyInformation":{"clientCode":"BEAUTYT","branchOfficeCode":"999","taxApplicationType":"ISC","taxRate":0,"paymentType":"PP","commission":{"currency":"EUR","rate":15}},"params":{"startDate":"2025-11-23","endDate":"2025-11-30","accomodation":{"rooms":[{"passengers":[{"age":30,"type":"ADULT"},{"age":30,"type":"ADULT"}]}]},"residentType":"NONE","numNights":0,"flightPa
[13-Nov-2025 09:07:53 UTC] [Soltour API info] Details response structure: {"has_budget":false,"has_details":true,"has_error":false,"error_msg":null}
[13-Nov-2025 09:07:53 UTC] [Soltour API info] Response from booking/details: {"availToken":"TTA4ljf2rZ9bV4UcJTsK5sanwTleQTXe0JAQWvQt6Wg=","timestamp":"2025-11-13T10:07:53.022502040","serviceType":"UNDEFINED","agencyInformation":{"clientCode":"BEAUTYT","branchOfficeCode":"999","taxApplicationType":"ISC","taxRate":0,"paymentType":"PP","commission":{"currency":"EUR","rate":15}},"params":{"startDate":"2025-11-23","endDate":"2025-11-30","accomodation":{"rooms":[{"passengers":[{"age":30,"type":"ADULT"},{"age":30,"type":"ADULT"}]}]},"residentType":"NONE","numNights":0,"flightPa
[13-Nov-2025 09:07:53 UTC] [Soltour API info] Details response structure: {"has_budget":false,"has_details":true,"has_error":false,"error_msg":null}
[13-Nov-2025 09:07:53 UTC] [Soltour API info] Response from booking/details: {"availToken":"TTA4ljf2rZ9bV4UcJTsK5sanwTleQTXe0JAQWvQt6Wg=","timestamp":"2025-11-13T10:07:53.053755952","serviceType":"UNDEFINED","agencyInformation":{"clientCode":"BEAUTYT","branchOfficeCode":"999","taxApplicationType":"ISC","taxRate":0,"paymentType":"PP","commission":{"currency":"EUR","rate":15}},"params":{"startDate":"2025-11-23","endDate":"2025-11-30","accomodation":{"rooms":[{"passengers":[{"age":30,"type":"ADULT"},{"age":30,"type":"ADULT"}]}]},"residentType":"NONE","numNights":0,"flightPa
[13-Nov-2025 09:07:53 UTC] [Soltour API info] Details response structure: {"has_budget":false,"has_details":true,"has_error":false,"error_msg":null}
[13-Nov-2025 09:07:53 UTC] [Soltour API info] Getting details for budget: H13##TI##0$4887622993794442224@@CLASSICAL01, hotel: H13
[13-Nov-2025 09:07:53 UTC] [Soltour API info] Request to booking/details: {"productType":"PACKAGE","availToken":"TTA4ljf2rZ9bV4UcJTsK5sanwTleQTXe0JAQWvQt6Wg=","budgetId":"H13##TI##0$4887622993794442224@@CLASSICAL01","hotelParams":{"hotelCode":"H13","providerCode":"UNDEFINED"}}
[13-Nov-2025 09:07:53 UTC] [Soltour API info] Getting details for budget: H35##TI##0$5220123288520255934@@CLASSICAL01, hotel: H35
[13-Nov-2025 09:07:53 UTC] [Soltour API info] Request to booking/details: {"productType":"PACKAGE","availToken":"TTA4ljf2rZ9bV4UcJTsK5sanwTleQTXe0JAQWvQt6Wg=","budgetId":"H35##TI##0$5220123288520255934@@CLASSICAL01","hotelParams":{"hotelCode":"H35","providerCode":"UNDEFINED"}}
[13-Nov-2025 09:07:53 UTC] Loaded file: blur_effects.php
[13-Nov-2025 09:07:53 UTC] Loaded file: rkit_post_duplicator.php
[13-Nov-2025 09:07:53 UTC] Loaded file: rkit_tool_tips.php
[13-Nov-2025 09:07:53 UTC] Loaded file: rkit_wrapper_link.php
[13-Nov-2025 09:07:53 UTC] Class not found: \RomethemeKit\Rkit_Custom_Cursor
[13-Nov-2025 09:07:53 UTC] Instantiated class: \RomethemeKit\RkitDuplicator
[13-Nov-2025 09:07:53 UTC] Instantiated class: \RomethemeKit\BlurEffects
[13-Nov-2025 09:07:53 UTC] Class not found: \RomethemeKit\Rkit_Sticky_Content
[13-Nov-2025 09:07:53 UTC] Instantiated class: \RomethemeKit\RkitToolTips
[13-Nov-2025 09:07:53 UTC] Instantiated class: \RomethemeKit\RkitWrapperLink
[13-Nov-2025 09:07:53 UTC] Loaded file: blur_effects.php
[13-Nov-2025 09:07:53 UTC] Loaded file: rkit_post_duplicator.php
[13-Nov-2025 09:07:53 UTC] Loaded file: rkit_tool_tips.php
[13-Nov-2025 09:07:53 UTC] Loaded file: rkit_wrapper_link.php
[13-Nov-2025 09:07:53 UTC] Class not found: \RomethemeKit\Rkit_Custom_Cursor
[13-Nov-2025 09:07:53 UTC] Instantiated class: \RomethemeKit\RkitDuplicator
[13-Nov-2025 09:07:53 UTC] Instantiated class: \RomethemeKit\BlurEffects
[13-Nov-2025 09:07:53 UTC] Class not found: \RomethemeKit\Rkit_Sticky_Content
[13-Nov-2025 09:07:53 UTC] Instantiated class: \RomethemeKit\RkitToolTips
[13-Nov-2025 09:07:53 UTC] Instantiated class: \RomethemeKit\RkitWrapperLink
[13-Nov-2025 09:07:53 UTC] Loaded file: blur_effects.php
[13-Nov-2025 09:07:53 UTC] Loaded file: rkit_post_duplicator.php
[13-Nov-2025 09:07:53 UTC] Loaded file: rkit_tool_tips.php
[13-Nov-2025 09:07:53 UTC] Loaded file: rkit_wrapper_link.php
[13-Nov-2025 09:07:53 UTC] Class not found: \RomethemeKit\Rkit_Custom_Cursor
[13-Nov-2025 09:07:53 UTC] Instantiated class: \RomethemeKit\RkitDuplicator
[13-Nov-2025 09:07:53 UTC] Instantiated class: \RomethemeKit\BlurEffects
[13-Nov-2025 09:07:53 UTC] Class not found: \RomethemeKit\Rkit_Sticky_Content
[13-Nov-2025 09:07:53 UTC] Instantiated class: \RomethemeKit\RkitToolTips
[13-Nov-2025 09:07:53 UTC] Instantiated class: \RomethemeKit\RkitWrapperLink
[13-Nov-2025 09:07:53 UTC] [Soltour API info] Response from booking/details: {"availToken":"TTA4ljf2rZ9bV4UcJTsK5sanwTleQTXe0JAQWvQt6Wg=","timestamp":"2025-11-13T10:07:53.835446290","serviceType":"UNDEFINED","agencyInformation":{"clientCode":"BEAUTYT","branchOfficeCode":"999","taxApplicationType":"ISC","taxRate":0,"paymentType":"PP","commission":{"currency":"EUR","rate":15}},"params":{"startDate":"2025-11-23","endDate":"2025-11-30","accomodation":{"rooms":[{"passengers":[{"age":30,"type":"ADULT"},{"age":30,"type":"ADULT"}]}]},"residentType":"NONE","numNights":0,"flightPa
[13-Nov-2025 09:07:53 UTC] [Soltour API info] Details response structure: {"has_budget":false,"has_details":true,"has_error":false,"error_msg":null}
[13-Nov-2025 09:07:54 UTC] [Soltour API info] Response from booking/details: {"availToken":"TTA4ljf2rZ9bV4UcJTsK5sanwTleQTXe0JAQWvQt6Wg=","timestamp":"2025-11-13T10:07:53.935012043","serviceType":"UNDEFINED","agencyInformation":{"clientCode":"BEAUTYT","branchOfficeCode":"999","taxApplicationType":"ISC","taxRate":0,"paymentType":"PP","commission":{"currency":"EUR","rate":15}},"params":{"startDate":"2025-11-23","endDate":"2025-11-30","accomodation":{"rooms":[{"passengers":[{"age":30,"type":"ADULT"},{"age":30,"type":"ADULT"}]}]},"residentType":"NONE","numNights":0,"flightPa
[13-Nov-2025 09:07:54 UTC] [Soltour API info] Details response structure: {"has_budget":false,"has_details":true,"has_error":false,"error_msg":null}
[13-Nov-2025 09:07:54 UTC] [Soltour API info] Getting details for budget: H3##TI##0$4745181190212253143@@CLASSICAL01, hotel: H3
[13-Nov-2025 09:07:54 UTC] [Soltour API info] Request to booking/details: {"productType":"PACKAGE","availToken":"TTA4ljf2rZ9bV4UcJTsK5sanwTleQTXe0JAQWvQt6Wg=","budgetId":"H3##TI##0$4745181190212253143@@CLASSICAL01","hotelParams":{"hotelCode":"H3","providerCode":"UNDEFINED"}}
[13-Nov-2025 09:07:54 UTC] [Soltour API info] Getting details for budget: H224289##TI##0$4848727041725839965@@CLASSICAL01, hotel: H224289
[13-Nov-2025 09:07:54 UTC] [Soltour API info] Request to booking/details: {"productType":"PACKAGE","availToken":"TTA4ljf2rZ9bV4UcJTsK5sanwTleQTXe0JAQWvQt6Wg=","budgetId":"H224289##TI##0$4848727041725839965@@CLASSICAL01","hotelParams":{"hotelCode":"H224289","providerCode":"UNDEFINED"}}
[13-Nov-2025 09:07:54 UTC] [Soltour API info] Getting details for budget: H199537##TI##0$4855760216679734269@@CLASSICAL01, hotel: H199537
[13-Nov-2025 09:07:54 UTC] [Soltour API info] Request to booking/details: {"productType":"PACKAGE","availToken":"TTA4ljf2rZ9bV4UcJTsK5sanwTleQTXe0JAQWvQt6Wg=","budgetId":"H199537##TI##0$4855760216679734269@@CLASSICAL01","hotelParams":{"hotelCode":"H199537","providerCode":"UNDEFINED"}}
[13-Nov-2025 09:07:54 UTC] Loaded file: blur_effects.php
[13-Nov-2025 09:07:54 UTC] Loaded file: rkit_post_duplicator.php
[13-Nov-2025 09:07:54 UTC] Loaded file: rkit_tool_tips.php
[13-Nov-2025 09:07:54 UTC] Loaded file: rkit_wrapper_link.php
[13-Nov-2025 09:07:54 UTC] Class not found: \RomethemeKit\Rkit_Custom_Cursor
[13-Nov-2025 09:07:54 UTC] Instantiated class: \RomethemeKit\RkitDuplicator
[13-Nov-2025 09:07:54 UTC] Instantiated class: \RomethemeKit\BlurEffects
[13-Nov-2025 09:07:54 UTC] Class not found: \RomethemeKit\Rkit_Sticky_Content
[13-Nov-2025 09:07:54 UTC] Instantiated class: \RomethemeKit\RkitToolTips
[13-Nov-2025 09:07:54 UTC] Instantiated class: \RomethemeKit\RkitWrapperLink
[13-Nov-2025 09:07:54 UTC] Loaded file: blur_effects.php
[13-Nov-2025 09:07:54 UTC] Loaded file: rkit_post_duplicator.php
[13-Nov-2025 09:07:54 UTC] Loaded file: rkit_tool_tips.php
[13-Nov-2025 09:07:54 UTC] Loaded file: rkit_wrapper_link.php
[13-Nov-2025 09:07:54 UTC] Class not found: \RomethemeKit\Rkit_Custom_Cursor
[13-Nov-2025 09:07:54 UTC] Instantiated class: \RomethemeKit\RkitDuplicator
[13-Nov-2025 09:07:54 UTC] Instantiated class: \RomethemeKit\BlurEffects
[13-Nov-2025 09:07:54 UTC] Class not found: \RomethemeKit\Rkit_Sticky_Content
[13-Nov-2025 09:07:54 UTC] Instantiated class: \RomethemeKit\RkitToolTips
[13-Nov-2025 09:07:54 UTC] Instantiated class: \RomethemeKit\RkitWrapperLink
[13-Nov-2025 09:07:55 UTC] [Soltour API info] Response from booking/details: {"availToken":"TTA4ljf2rZ9bV4UcJTsK5sanwTleQTXe0JAQWvQt6Wg=","timestamp":"2025-11-13T10:07:54.909724605","serviceType":"UNDEFINED","agencyInformation":{"clientCode":"BEAUTYT","branchOfficeCode":"999","taxApplicationType":"ISC","taxRate":0,"paymentType":"PP","commission":{"currency":"EUR","rate":15}},"params":{"startDate":"2025-11-23","endDate":"2025-11-30","accomodation":{"rooms":[{"passengers":[{"age":30,"type":"ADULT"},{"age":30,"type":"ADULT"}]}]},"residentType":"NONE","numNights":0,"flightPa
[13-Nov-2025 09:07:55 UTC] [Soltour API info] Details response structure: {"has_budget":false,"has_details":true,"has_error":false,"error_msg":null}
[13-Nov-2025 09:07:55 UTC] [Soltour API info] Response from booking/details: {"availToken":"TTA4ljf2rZ9bV4UcJTsK5sanwTleQTXe0JAQWvQt6Wg=","timestamp":"2025-11-13T10:07:54.963915245","serviceType":"UNDEFINED","agencyInformation":{"clientCode":"BEAUTYT","branchOfficeCode":"999","taxApplicationType":"ISC","taxRate":0,"paymentType":"PP","commission":{"currency":"EUR","rate":15}},"params":{"startDate":"2025-11-23","endDate":"2025-11-30","accomodation":{"rooms":[{"passengers":[{"age":30,"type":"ADULT"},{"age":30,"type":"ADULT"}]}]},"residentType":"NONE","numNights":0,"flightPa
[13-Nov-2025 09:07:55 UTC] [Soltour API info] Details response structure: {"has_budget":false,"has_details":true,"has_error":false,"error_msg":null}
[13-Nov-2025 09:07:55 UTC] [Soltour API info] Response from booking/details: {"availToken":"TTA4ljf2rZ9bV4UcJTsK5sanwTleQTXe0JAQWvQt6Wg=","timestamp":"2025-11-13T10:07:54.988716940","serviceType":"UNDEFINED","agencyInformation":{"clientCode":"BEAUTYT","branchOfficeCode":"999","taxApplicationType":"ISC","taxRate":0,"paymentType":"PP","commission":{"currency":"EUR","rate":15}},"params":{"startDate":"2025-11-23","endDate":"2025-11-30","accomodation":{"rooms":[{"passengers":[{"age":30,"type":"ADULT"},{"age":30,"type":"ADULT"}]}]},"residentType":"NONE","numNights":0,"flightPa
[13-Nov-2025 09:07:55 UTC] [Soltour API info] Details response structure: {"has_budget":false,"has_details":true,"has_error":false,"error_msg":null}
[13-Nov-2025 09:07:55 UTC] [Soltour API info] Getting details for budget: H199535##TI##0$5443954344174734509@@CLASSICAL01, hotel: H199535
[13-Nov-2025 09:07:55 UTC] [Soltour API info] Request to booking/details: {"productType":"PACKAGE","availToken":"TTA4ljf2rZ9bV4UcJTsK5sanwTleQTXe0JAQWvQt6Wg=","budgetId":"H199535##TI##0$5443954344174734509@@CLASSICAL01","hotelParams":{"hotelCode":"H199535","providerCode":"UNDEFINED"}}
[13-Nov-2025 09:07:55 UTC] [Soltour API info] Getting details for budget: H199372##TI##0$5256992363535166844@@CLASSICAL01, hotel: H199372
[13-Nov-2025 09:07:55 UTC] [Soltour API info] Request to booking/details: {"productType":"PACKAGE","availToken":"TTA4ljf2rZ9bV4UcJTsK5sanwTleQTXe0JAQWvQt6Wg=","budgetId":"H199372##TI##0$5256992363535166844@@CLASSICAL01","hotelParams":{"hotelCode":"H199372","providerCode":"UNDEFINED"}}
[13-Nov-2025 09:07:55 UTC] Loaded file: blur_effects.php
[13-Nov-2025 09:07:55 UTC] Loaded file: rkit_post_duplicator.php
[13-Nov-2025 09:07:55 UTC] Loaded file: rkit_tool_tips.php
[13-Nov-2025 09:07:55 UTC] Loaded file: rkit_wrapper_link.php
[13-Nov-2025 09:07:55 UTC] Class not found: \RomethemeKit\Rkit_Custom_Cursor
[13-Nov-2025 09:07:55 UTC] Instantiated class: \RomethemeKit\RkitDuplicator
[13-Nov-2025 09:07:55 UTC] Instantiated class: \RomethemeKit\BlurEffects
[13-Nov-2025 09:07:55 UTC] Class not found: \RomethemeKit\Rkit_Sticky_Content
[13-Nov-2025 09:07:55 UTC] Instantiated class: \RomethemeKit\RkitToolTips
[13-Nov-2025 09:07:55 UTC] Instantiated class: \RomethemeKit\RkitWrapperLink
[13-Nov-2025 09:07:55 UTC] [Soltour API info] Response from booking/details: {"availToken":"TTA4ljf2rZ9bV4UcJTsK5sanwTleQTXe0JAQWvQt6Wg=","timestamp":"2025-11-13T10:07:55.843281582","serviceType":"UNDEFINED","agencyInformation":{"clientCode":"BEAUTYT","branchOfficeCode":"999","taxApplicationType":"ISC","taxRate":0,"paymentType":"PP","commission":{"currency":"EUR","rate":15}},"params":{"startDate":"2025-11-23","endDate":"2025-11-30","accomodation":{"rooms":[{"passengers":[{"age":30,"type":"ADULT"},{"age":30,"type":"ADULT"}]}]},"residentType":"NONE","numNights":0,"flightPa
[13-Nov-2025 09:07:55 UTC] [Soltour API info] Details response structure: {"has_budget":false,"has_details":true,"has_error":false,"error_msg":null}
[13-Nov-2025 09:07:55 UTC] Loaded file: blur_effects.php
[13-Nov-2025 09:07:55 UTC] Loaded file: rkit_post_duplicator.php
[13-Nov-2025 09:07:55 UTC] Loaded file: rkit_tool_tips.php
[13-Nov-2025 09:07:55 UTC] Loaded file: rkit_wrapper_link.php
[13-Nov-2025 09:07:55 UTC] Class not found: \RomethemeKit\Rkit_Custom_Cursor
[13-Nov-2025 09:07:55 UTC] Instantiated class: \RomethemeKit\RkitDuplicator
[13-Nov-2025 09:07:55 UTC] Instantiated class: \RomethemeKit\BlurEffects
[13-Nov-2025 09:07:55 UTC] Class not found: \RomethemeKit\Rkit_Sticky_Content
[13-Nov-2025 09:07:55 UTC] Instantiated class: \RomethemeKit\RkitToolTips
[13-Nov-2025 09:07:55 UTC] Instantiated class: \RomethemeKit\RkitWrapperLink
[13-Nov-2025 09:07:56 UTC] [Soltour API info] Response from booking/details: {"availToken":"TTA4ljf2rZ9bV4UcJTsK5sanwTleQTXe0JAQWvQt6Wg=","timestamp":"2025-11-13T10:07:56.145136747","serviceType":"UNDEFINED","agencyInformation":{"clientCode":"BEAUTYT","branchOfficeCode":"999","taxApplicationType":"ISC","taxRate":0,"paymentType":"PP","commission":{"currency":"EUR","rate":15}},"params":{"startDate":"2025-11-23","endDate":"2025-11-30","accomodation":{"rooms":[{"passengers":[{"age":30,"type":"ADULT"},{"age":30,"type":"ADULT"}]}]},"residentType":"NONE","numNights":0,"flightPa
[13-Nov-2025 09:07:56 UTC] [Soltour API info] Details response structure: {"has_budget":false,"has_details":true,"has_error":false,"error_msg":null}
[13-Nov-2025 09:07:56 UTC] [Soltour API info] Getting details for budget: H199374##TI##0$5748936344721931888@@CLASSICAL01, hotel: H199374
[13-Nov-2025 09:07:56 UTC] [Soltour API info] Request to booking/details: {"productType":"PACKAGE","availToken":"TTA4ljf2rZ9bV4UcJTsK5sanwTleQTXe0JAQWvQt6Wg=","budgetId":"H199374##TI##0$5748936344721931888@@CLASSICAL01","hotelParams":{"hotelCode":"H199374","providerCode":"UNDEFINED"}}
[13-Nov-2025 09:07:56 UTC] [Soltour API info] Getting details for budget: H199373##TI##0$4982090029178788177@@CLASSICAL01, hotel: H199373
[13-Nov-2025 09:07:56 UTC] [Soltour API info] Request to booking/details: {"productType":"PACKAGE","availToken":"TTA4ljf2rZ9bV4UcJTsK5sanwTleQTXe0JAQWvQt6Wg=","budgetId":"H199373##TI##0$4982090029178788177@@CLASSICAL01","hotelParams":{"hotelCode":"H199373","providerCode":"UNDEFINED"}}
[13-Nov-2025 09:07:57 UTC] [Soltour API info] Response from booking/details: {"availToken":"TTA4ljf2rZ9bV4UcJTsK5sanwTleQTXe0JAQWvQt6Wg=","timestamp":"2025-11-13T10:07:56.926021810","serviceType":"UNDEFINED","agencyInformation":{"clientCode":"BEAUTYT","branchOfficeCode":"999","taxApplicationType":"ISC","taxRate":0,"paymentType":"PP","commission":{"currency":"EUR","rate":15}},"params":{"startDate":"2025-11-23","endDate":"2025-11-30","accomodation":{"rooms":[{"passengers":[{"age":30,"type":"ADULT"},{"age":30,"type":"ADULT"}]}]},"residentType":"NONE","numNights":0,"flightPa
[13-Nov-2025 09:07:57 UTC] [Soltour API info] Details response structure: {"has_budget":false,"has_details":true,"has_error":false,"error_msg":null}
[13-Nov-2025 09:07:57 UTC] [Soltour API info] Response from booking/details: {"availToken":"TTA4ljf2rZ9bV4UcJTsK5sanwTleQTXe0JAQWvQt6Wg=","timestamp":"2025-11-13T10:07:56.991428100","serviceType":"UNDEFINED","agencyInformation":{"clientCode":"BEAUTYT","branchOfficeCode":"999","taxApplicationType":"ISC","taxRate":0,"paymentType":"PP","commission":{"currency":"EUR","rate":15}},"params":{"startDate":"2025-11-23","endDate":"2025-11-30","accomodation":{"rooms":[{"passengers":[{"age":30,"type":"ADULT"},{"age":30,"type":"ADULT"}]}]},"residentType":"NONE","numNights":0,"flightPa
[13-Nov-2025 09:07:57 UTC] [Soltour API info] Details response structure: {"has_budget":false,"has_details":true,"has_error":false,"error_msg":null}
[13-Nov-2025 09:07:57 UTC] Loaded file: blur_effects.php
[13-Nov-2025 09:07:57 UTC] Loaded file: rkit_post_duplicator.php
[13-Nov-2025 09:07:57 UTC] Loaded file: rkit_tool_tips.php
[13-Nov-2025 09:07:57 UTC] Loaded file: rkit_wrapper_link.php
[13-Nov-2025 09:07:57 UTC] Class not found: \RomethemeKit\Rkit_Custom_Cursor
[13-Nov-2025 09:07:57 UTC] Instantiated class: \RomethemeKit\RkitDuplicator
[13-Nov-2025 09:07:57 UTC] Instantiated class: \RomethemeKit\BlurEffects
[13-Nov-2025 09:07:57 UTC] Class not found: \RomethemeKit\Rkit_Sticky_Content
[13-Nov-2025 09:07:57 UTC] Instantiated class: \RomethemeKit\RkitToolTips
[13-Nov-2025 09:07:57 UTC] Instantiated class: \RomethemeKit\RkitWrapperLink
[13-Nov-2025 09:07:58 UTC] [Soltour API info] === AJAX SEARCH PACKAGES CALLED ===
[13-Nov-2025 09:07:58 UTC] [Soltour API info] Params recebidos do frontend:
[13-Nov-2025 09:07:58 UTC] [Soltour API info]   - first_item: 0
[13-Nov-2025 09:07:58 UTC] [Soltour API info]   - item_count: 10
[13-Nov-2025 09:07:58 UTC] [Soltour API info] Params completos: {"originCode":"MAD","destinationCode":"PUJ","startDate":"2025-11-23","numNights":7,"rooms":[{"passengers":[{"type":"ADULT","age":30},{"type":"ADULT","age":30}]}],"productType":"PACKAGE","onlyHotel":"N","forceAvail":true,"firstItem":0,"itemCount":10}
[13-Nov-2025 09:07:58 UTC] [Soltour API info] Enviando para API Soltour (booking/availability):
[13-Nov-2025 09:07:58 UTC] [Soltour API info]   - criteria.pagination.firstItem: 0
[13-Nov-2025 09:07:58 UTC] [Soltour API info]   - criteria.pagination.itemCount: 10
[13-Nov-2025 09:07:58 UTC] [Soltour API info] Request to booking/availability: {"productType":"PACKAGE","onlyHotel":"N","forceAvail":true,"criteria":{"order":{"type":"PRICE","direction":"ASC"},"pagination":{"firstItem":0,"itemCount":10}},"languageCode":"PT","params":{"startDate":"2025-11-23","endDate":"2025-11-30","residentType":"NONE","accomodation":{"rooms":[{"passengers":[{"type":"ADULT","age":30},{"type":"ADULT","age":30}]}]},"hotelParams":{"destinationCode":"PUJ","includeImmediatePayment":true},"flightParams":{"itineraries":[{"origins":["MAD"],"destinations":["PUJ"]}],"directFlightsOnly":false,"includeImmediatePayment":true}}}
[13-Nov-2025 09:07:59 UTC] Loaded file: blur_effects.php
[13-Nov-2025 09:07:59 UTC] Loaded file: rkit_post_duplicator.php
[13-Nov-2025 09:07:59 UTC] Loaded file: rkit_tool_tips.php
[13-Nov-2025 09:07:59 UTC] Loaded file: rkit_wrapper_link.php
[13-Nov-2025 09:07:59 UTC] Class not found: \RomethemeKit\Rkit_Custom_Cursor
[13-Nov-2025 09:07:59 UTC] Instantiated class: \RomethemeKit\RkitDuplicator
[13-Nov-2025 09:07:59 UTC] Instantiated class: \RomethemeKit\BlurEffects
[13-Nov-2025 09:07:59 UTC] Class not found: \RomethemeKit\Rkit_Sticky_Content
[13-Nov-2025 09:07:59 UTC] Instantiated class: \RomethemeKit\RkitToolTips
[13-Nov-2025 09:07:59 UTC] Instantiated class: \RomethemeKit\RkitWrapperLink
[13-Nov-2025 09:08:05 UTC] [Soltour API info] Response from booking/availability: {"productType":"PACKAGE","availToken":"fgu1JvRZWncO2Rs+qYkpD/I2hxQQpYPx5rNk1iyqeGE=","timestamp":"2025-11-13T10:07:58.580599324","serviceType":"UNDEFINED","agencyInformation":{"clientCode":"BEAUTYT","branchOfficeCode":"999","taxApplicationType":"ISC","taxRate":0,"paymentType":"PP","commission":{"currency":"EUR","rate":15}},"budgets":[{"booked":false,"selected":false,"hotelServices":[{"responseId":"QXxsvSUsNOecAQC6L4he4URHGAvv//zxqLzobvi0Uhs=","id":"1f163c3b-2c29-435b-b11d-16f699ec90e1","type":"H
[13-Nov-2025 09:08:05 UTC] [Soltour API info] Resposta da API Soltour:
[13-Nov-2025 09:08:05 UTC] [Soltour API info]   - budgets: 37
[13-Nov-2025 09:08:05 UTC] [Soltour API info]   - totalCount: 0
[13-Nov-2025 09:08:05 UTC] [Soltour API info]   - hotels: 28
[13-Nov-2025 09:08:05 UTC] [Soltour API info]   - availToken: SIM
[13-Nov-2025 09:08:59 UTC] Loaded file: blur_effects.php
[13-Nov-2025 09:08:59 UTC] Loaded file: rkit_post_duplicator.php
[13-Nov-2025 09:08:59 UTC] Loaded file: rkit_tool_tips.php
[13-Nov-2025 09:08:59 UTC] Loaded file: rkit_wrapper_link.php
[13-Nov-2025 09:08:59 UTC] Class not found: \RomethemeKit\Rkit_Custom_Cursor
[13-Nov-2025 09:08:59 UTC] Instantiated class: \RomethemeKit\RkitDuplicator
[13-Nov-2025 09:08:59 UTC] Instantiated class: \RomethemeKit\BlurEffects
[13-Nov-2025 09:08:59 UTC] Class not found: \RomethemeKit\Rkit_Sticky_Content
[13-Nov-2025 09:08:59 UTC] Instantiated class: \RomethemeKit\RkitToolTips
[13-Nov-2025 09:08:59 UTC] Instantiated class: \RomethemeKit\RkitWrapperLink
[13-Nov-2025 09:09:00 UTC] Loaded file: blur_effects.php
[13-Nov-2025 09:09:00 UTC] Loaded file: rkit_post_duplicator.php
[13-Nov-2025 09:09:00 UTC] Loaded file: rkit_tool_tips.php
[13-Nov-2025 09:09:00 UTC] Loaded file: rkit_wrapper_link.php
[13-Nov-2025 09:09:00 UTC] Class not found: \RomethemeKit\Rkit_Custom_Cursor
[13-Nov-2025 09:09:00 UTC] Instantiated class: \RomethemeKit\RkitDuplicator
[13-Nov-2025 09:09:00 UTC] Instantiated class: \RomethemeKit\BlurEffects
[13-Nov-2025 09:09:00 UTC] Class not found: \RomethemeKit\Rkit_Sticky_Content
[13-Nov-2025 09:09:00 UTC] Instantiated class: \RomethemeKit\RkitToolTips
[13-Nov-2025 09:09:00 UTC] Instantiated class: \RomethemeKit\RkitWrapperLink
