[09-Nov-2025 18:00:16 UTC] Loaded file: blur_effects.php
[09-Nov-2025 18:00:16 UTC] Loaded file: rkit_post_duplicator.php
[09-Nov-2025 18:00:16 UTC] Loaded file: rkit_tool_tips.php
[09-Nov-2025 18:00:16 UTC] Loaded file: rkit_wrapper_link.php
[09-Nov-2025 18:00:16 UTC] Class not found: \RomethemeKit\Rkit_Custom_Cursor
[09-Nov-2025 18:00:16 UTC] Instantiated class: \RomethemeKit\RkitDuplicator
[09-Nov-2025 18:00:16 UTC] Instantiated class: \RomethemeKit\BlurEffects
[09-Nov-2025 18:00:16 UTC] Class not found: \RomethemeKit\Rkit_Sticky_Content
[09-Nov-2025 18:00:16 UTC] Instantiated class: \RomethemeKit\RkitToolTips
[09-Nov-2025 18:00:16 UTC] Instantiated class: \RomethemeKit\RkitWrapperLink
[09-Nov-2025 18:00:16 UTC] Soltour Booking V2: Plugin desativado
[09-Nov-2025 18:00:17 UTC] Loaded file: blur_effects.php
[09-Nov-2025 18:00:17 UTC] Loaded file: rkit_post_duplicator.php
[09-Nov-2025 18:00:17 UTC] Loaded file: rkit_tool_tips.php
[09-Nov-2025 18:00:17 UTC] Loaded file: rkit_wrapper_link.php
[09-Nov-2025 18:00:17 UTC] Class not found: \RomethemeKit\Rkit_Custom_Cursor
[09-Nov-2025 18:00:17 UTC] Instantiated class: \RomethemeKit\RkitDuplicator
[09-Nov-2025 18:00:17 UTC] Instantiated class: \RomethemeKit\BlurEffects
[09-Nov-2025 18:00:17 UTC] Class not found: \RomethemeKit\Rkit_Sticky_Content
[09-Nov-2025 18:00:17 UTC] Instantiated class: \RomethemeKit\RkitToolTips
[09-Nov-2025 18:00:17 UTC] Instantiated class: \RomethemeKit\RkitWrapperLink
[09-Nov-2025 18:00:21 UTC] Loaded file: blur_effects.php
[09-Nov-2025 18:00:21 UTC] Loaded file: rkit_post_duplicator.php
[09-Nov-2025 18:00:21 UTC] Loaded file: rkit_tool_tips.php
[09-Nov-2025 18:00:21 UTC] Loaded file: rkit_wrapper_link.php
[09-Nov-2025 18:00:21 UTC] Class not found: \RomethemeKit\Rkit_Custom_Cursor
[09-Nov-2025 18:00:21 UTC] Instantiated class: \RomethemeKit\RkitDuplicator
[09-Nov-2025 18:00:21 UTC] Instantiated class: \RomethemeKit\BlurEffects
[09-Nov-2025 18:00:21 UTC] Class not found: \RomethemeKit\Rkit_Sticky_Content
[09-Nov-2025 18:00:21 UTC] Instantiated class: \RomethemeKit\RkitToolTips
[09-Nov-2025 18:00:21 UTC] Instantiated class: \RomethemeKit\RkitWrapperLink
[09-Nov-2025 18:00:24 UTC] Loaded file: blur_effects.php
[09-Nov-2025 18:00:24 UTC] Loaded file: rkit_post_duplicator.php
[09-Nov-2025 18:00:24 UTC] Loaded file: rkit_tool_tips.php
[09-Nov-2025 18:00:24 UTC] Loaded file: rkit_wrapper_link.php
[09-Nov-2025 18:00:24 UTC] Class not found: \RomethemeKit\Rkit_Custom_Cursor
[09-Nov-2025 18:00:24 UTC] Instantiated class: \RomethemeKit\RkitDuplicator
[09-Nov-2025 18:00:24 UTC] Instantiated class: \RomethemeKit\BlurEffects
[09-Nov-2025 18:00:24 UTC] Class not found: \RomethemeKit\Rkit_Sticky_Content
[09-Nov-2025 18:00:24 UTC] Instantiated class: \RomethemeKit\RkitToolTips
[09-Nov-2025 18:00:24 UTC] Instantiated class: \RomethemeKit\RkitWrapperLink
[09-Nov-2025 18:00:25 UTC] Loaded file: blur_effects.php
[09-Nov-2025 18:00:25 UTC] Loaded file: rkit_post_duplicator.php
[09-Nov-2025 18:00:25 UTC] Loaded file: rkit_tool_tips.php
[09-Nov-2025 18:00:25 UTC] Loaded file: rkit_wrapper_link.php
[09-Nov-2025 18:00:25 UTC] Class not found: \RomethemeKit\Rkit_Custom_Cursor
[09-Nov-2025 18:00:25 UTC] Instantiated class: \RomethemeKit\RkitDuplicator
[09-Nov-2025 18:00:25 UTC] Instantiated class: \RomethemeKit\BlurEffects
[09-Nov-2025 18:00:25 UTC] Class not found: \RomethemeKit\Rkit_Sticky_Content
[09-Nov-2025 18:00:25 UTC] Instantiated class: \RomethemeKit\RkitToolTips
[09-Nov-2025 18:00:25 UTC] Instantiated class: \RomethemeKit\RkitWrapperLink
[09-Nov-2025 18:00:29 UTC] Loaded file: blur_effects.php
[09-Nov-2025 18:00:29 UTC] Loaded file: rkit_post_duplicator.php
[09-Nov-2025 18:00:29 UTC] Loaded file: rkit_tool_tips.php
[09-Nov-2025 18:00:29 UTC] Loaded file: rkit_wrapper_link.php
[09-Nov-2025 18:00:29 UTC] Class not found: \RomethemeKit\Rkit_Custom_Cursor
[09-Nov-2025 18:00:29 UTC] Instantiated class: \RomethemeKit\RkitDuplicator
[09-Nov-2025 18:00:29 UTC] Instantiated class: \RomethemeKit\BlurEffects
[09-Nov-2025 18:00:29 UTC] Class not found: \RomethemeKit\Rkit_Sticky_Content
[09-Nov-2025 18:00:29 UTC] Instantiated class: \RomethemeKit\RkitToolTips
[09-Nov-2025 18:00:29 UTC] Instantiated class: \RomethemeKit\RkitWrapperLink
[09-Nov-2025 18:00:29 UTC] Loaded file: blur_effects.php
[09-Nov-2025 18:00:29 UTC] Loaded file: rkit_post_duplicator.php
[09-Nov-2025 18:00:29 UTC] Loaded file: rkit_tool_tips.php
[09-Nov-2025 18:00:29 UTC] Loaded file: rkit_wrapper_link.php
[09-Nov-2025 18:00:29 UTC] Class not found: \RomethemeKit\Rkit_Custom_Cursor
[09-Nov-2025 18:00:29 UTC] Instantiated class: \RomethemeKit\RkitDuplicator
[09-Nov-2025 18:00:29 UTC] Instantiated class: \RomethemeKit\BlurEffects
[09-Nov-2025 18:00:29 UTC] Class not found: \RomethemeKit\Rkit_Sticky_Content
[09-Nov-2025 18:00:29 UTC] Instantiated class: \RomethemeKit\RkitToolTips
[09-Nov-2025 18:00:29 UTC] Instantiated class: \RomethemeKit\RkitWrapperLink
[09-Nov-2025 18:00:37 UTC] Loaded file: blur_effects.php
[09-Nov-2025 18:00:37 UTC] Loaded file: rkit_post_duplicator.php
[09-Nov-2025 18:00:37 UTC] Loaded file: rkit_tool_tips.php
[09-Nov-2025 18:00:37 UTC] Loaded file: rkit_wrapper_link.php
[09-Nov-2025 18:00:37 UTC] Class not found: \RomethemeKit\Rkit_Custom_Cursor
[09-Nov-2025 18:00:37 UTC] Instantiated class: \RomethemeKit\RkitDuplicator
[09-Nov-2025 18:00:37 UTC] Instantiated class: \RomethemeKit\BlurEffects
[09-Nov-2025 18:00:37 UTC] Class not found: \RomethemeKit\Rkit_Sticky_Content
[09-Nov-2025 18:00:37 UTC] Instantiated class: \RomethemeKit\RkitToolTips
[09-Nov-2025 18:00:37 UTC] Instantiated class: \RomethemeKit\RkitWrapperLink
[09-Nov-2025 18:01:16 UTC] Loaded file: blur_effects.php
[09-Nov-2025 18:01:16 UTC] Loaded file: rkit_post_duplicator.php
[09-Nov-2025 18:01:16 UTC] Loaded file: rkit_tool_tips.php
[09-Nov-2025 18:01:16 UTC] Loaded file: rkit_wrapper_link.php
[09-Nov-2025 18:01:16 UTC] Class not found: \RomethemeKit\Rkit_Custom_Cursor
[09-Nov-2025 18:01:16 UTC] Instantiated class: \RomethemeKit\RkitDuplicator
[09-Nov-2025 18:01:16 UTC] Instantiated class: \RomethemeKit\BlurEffects
[09-Nov-2025 18:01:16 UTC] Class not found: \RomethemeKit\Rkit_Sticky_Content
[09-Nov-2025 18:01:16 UTC] Instantiated class: \RomethemeKit\RkitToolTips
[09-Nov-2025 18:01:16 UTC] Instantiated class: \RomethemeKit\RkitWrapperLink
[09-Nov-2025 18:01:17 UTC] Loaded file: blur_effects.php
[09-Nov-2025 18:01:17 UTC] Loaded file: rkit_post_duplicator.php
[09-Nov-2025 18:01:17 UTC] Loaded file: rkit_tool_tips.php
[09-Nov-2025 18:01:17 UTC] Loaded file: rkit_wrapper_link.php
[09-Nov-2025 18:01:17 UTC] Class not found: \RomethemeKit\Rkit_Custom_Cursor
[09-Nov-2025 18:01:17 UTC] Instantiated class: \RomethemeKit\RkitDuplicator
[09-Nov-2025 18:01:17 UTC] Instantiated class: \RomethemeKit\BlurEffects
[09-Nov-2025 18:01:17 UTC] Class not found: \RomethemeKit\Rkit_Sticky_Content
[09-Nov-2025 18:01:17 UTC] Instantiated class: \RomethemeKit\RkitToolTips
[09-Nov-2025 18:01:17 UTC] Instantiated class: \RomethemeKit\RkitWrapperLink
[09-Nov-2025 18:01:17 UTC] Loaded file: blur_effects.php
[09-Nov-2025 18:01:17 UTC] Loaded file: rkit_post_duplicator.php
[09-Nov-2025 18:01:17 UTC] Loaded file: rkit_tool_tips.php
[09-Nov-2025 18:01:17 UTC] Loaded file: rkit_wrapper_link.php
[09-Nov-2025 18:01:17 UTC] Class not found: \RomethemeKit\Rkit_Custom_Cursor
[09-Nov-2025 18:01:17 UTC] Instantiated class: \RomethemeKit\RkitDuplicator
[09-Nov-2025 18:01:17 UTC] Instantiated class: \RomethemeKit\BlurEffects
[09-Nov-2025 18:01:17 UTC] Class not found: \RomethemeKit\Rkit_Sticky_Content
[09-Nov-2025 18:01:17 UTC] Instantiated class: \RomethemeKit\RkitToolTips
[09-Nov-2025 18:01:17 UTC] Instantiated class: \RomethemeKit\RkitWrapperLink
[09-Nov-2025 18:01:26 UTC] Loaded file: blur_effects.php
[09-Nov-2025 18:01:26 UTC] Loaded file: rkit_post_duplicator.php
[09-Nov-2025 18:01:26 UTC] Loaded file: rkit_tool_tips.php
[09-Nov-2025 18:01:26 UTC] Loaded file: rkit_wrapper_link.php
[09-Nov-2025 18:01:26 UTC] Class not found: \RomethemeKit\Rkit_Custom_Cursor
[09-Nov-2025 18:01:26 UTC] Instantiated class: \RomethemeKit\RkitDuplicator
[09-Nov-2025 18:01:26 UTC] Instantiated class: \RomethemeKit\BlurEffects
[09-Nov-2025 18:01:26 UTC] Class not found: \RomethemeKit\Rkit_Sticky_Content
[09-Nov-2025 18:01:26 UTC] Instantiated class: \RomethemeKit\RkitToolTips
[09-Nov-2025 18:01:26 UTC] Instantiated class: \RomethemeKit\RkitWrapperLink
[09-Nov-2025 18:01:27 UTC] Loaded file: blur_effects.php
[09-Nov-2025 18:01:27 UTC] Loaded file: rkit_post_duplicator.php
[09-Nov-2025 18:01:27 UTC] Loaded file: rkit_tool_tips.php
[09-Nov-2025 18:01:27 UTC] Loaded file: rkit_wrapper_link.php
[09-Nov-2025 18:01:27 UTC] Class not found: \RomethemeKit\Rkit_Custom_Cursor
[09-Nov-2025 18:01:27 UTC] Instantiated class: \RomethemeKit\RkitDuplicator
[09-Nov-2025 18:01:27 UTC] Instantiated class: \RomethemeKit\BlurEffects
[09-Nov-2025 18:01:27 UTC] Class not found: \RomethemeKit\Rkit_Sticky_Content
[09-Nov-2025 18:01:27 UTC] Instantiated class: \RomethemeKit\RkitToolTips
[09-Nov-2025 18:01:27 UTC] Instantiated class: \RomethemeKit\RkitWrapperLink
[09-Nov-2025 18:01:28 UTC] Loaded file: blur_effects.php
[09-Nov-2025 18:01:28 UTC] Loaded file: rkit_post_duplicator.php
[09-Nov-2025 18:01:28 UTC] Loaded file: rkit_tool_tips.php
[09-Nov-2025 18:01:28 UTC] Loaded file: rkit_wrapper_link.php
[09-Nov-2025 18:01:28 UTC] Class not found: \RomethemeKit\Rkit_Custom_Cursor
[09-Nov-2025 18:01:28 UTC] Instantiated class: \RomethemeKit\RkitDuplicator
[09-Nov-2025 18:01:28 UTC] Instantiated class: \RomethemeKit\BlurEffects
[09-Nov-2025 18:01:28 UTC] Class not found: \RomethemeKit\Rkit_Sticky_Content
[09-Nov-2025 18:01:28 UTC] Instantiated class: \RomethemeKit\RkitToolTips
[09-Nov-2025 18:01:28 UTC] Instantiated class: \RomethemeKit\RkitWrapperLink
[09-Nov-2025 18:01:28 UTC] Soltour Booking V2: Plugin ativado com sucesso
[09-Nov-2025 18:01:29 UTC] Loaded file: blur_effects.php
[09-Nov-2025 18:01:29 UTC] Loaded file: rkit_post_duplicator.php
[09-Nov-2025 18:01:29 UTC] Loaded file: rkit_tool_tips.php
[09-Nov-2025 18:01:29 UTC] Loaded file: rkit_wrapper_link.php
[09-Nov-2025 18:01:29 UTC] Class not found: \RomethemeKit\Rkit_Custom_Cursor
[09-Nov-2025 18:01:29 UTC] Instantiated class: \RomethemeKit\RkitDuplicator
[09-Nov-2025 18:01:29 UTC] Instantiated class: \RomethemeKit\BlurEffects
[09-Nov-2025 18:01:29 UTC] Class not found: \RomethemeKit\Rkit_Sticky_Content
[09-Nov-2025 18:01:29 UTC] Instantiated class: \RomethemeKit\RkitToolTips
[09-Nov-2025 18:01:29 UTC] Instantiated class: \RomethemeKit\RkitWrapperLink
[09-Nov-2025 18:01:29 UTC] [Soltour API info] Request to login/login: {"brand":"SOLTOUR","market":"XMLPT","languageCode":"PT","username":"BEAUTYT999","password":"XMLBEAUTYT999"}
[09-Nov-2025 18:01:29 UTC] [Soltour API info] Response from login/login: {"sessionToken":"eyJhbGciOiJIUzI1NiIsInR5cCI6IkpXVCJ9.eyJ1IjoiQkVBVVRZVDk5OSIsImRiaSI6IjQwMDI5ODY0IiwiYiI6IlNPTFRPVVIiLCJtIjoiWE1MUFQiLCJsbmciOiJQVCIsImNsIjoiQkVBVVRZVCIsIm9mIjoiOTk5IiwiYXBwIjpudWxsLCJtYWlsIjoiY3VuaGFAYmVhdXR5dHJhdmVsLnB0IiwicmwiOlsiQUdFTkNJQSIsIkNPTVVOIiwiQ09OU1VMVEEiLCJGQUNUVVJBQ0lPTiIsIk5FV19XRUIiXSwidG0iOjE3NjI3MTEyODk3ODgsInN0cHRtIjpudWxsLCJzdHBqd3QiOm51bGwsInN0cGlkIjpudWxsLCJvdmMiOmZhbHNlLCJzZWxsIjp0cnVlLCJhcHQiOm51bGwsImRldCI6dHJ1ZSwibmV4cCI6dHJ1ZSwic2VpeiI6ZmFsc2UsInVhZ0
[09-Nov-2025 18:01:29 UTC] [Soltour API info] Session token obtido com sucesso
[09-Nov-2025 18:01:32 UTC] Loaded file: blur_effects.php
[09-Nov-2025 18:01:32 UTC] Loaded file: rkit_post_duplicator.php
[09-Nov-2025 18:01:32 UTC] Loaded file: rkit_tool_tips.php
[09-Nov-2025 18:01:32 UTC] Loaded file: rkit_wrapper_link.php
[09-Nov-2025 18:01:32 UTC] Class not found: \RomethemeKit\Rkit_Custom_Cursor
[09-Nov-2025 18:01:32 UTC] Instantiated class: \RomethemeKit\RkitDuplicator
[09-Nov-2025 18:01:32 UTC] Instantiated class: \RomethemeKit\BlurEffects
[09-Nov-2025 18:01:32 UTC] Class not found: \RomethemeKit\Rkit_Sticky_Content
[09-Nov-2025 18:01:32 UTC] Instantiated class: \RomethemeKit\RkitToolTips
[09-Nov-2025 18:01:32 UTC] Instantiated class: \RomethemeKit\RkitWrapperLink
[09-Nov-2025 18:01:33 UTC] Loaded file: blur_effects.php
[09-Nov-2025 18:01:33 UTC] Loaded file: rkit_post_duplicator.php
[09-Nov-2025 18:01:33 UTC] Loaded file: rkit_tool_tips.php
[09-Nov-2025 18:01:33 UTC] Loaded file: rkit_wrapper_link.php
[09-Nov-2025 18:01:33 UTC] Class not found: \RomethemeKit\Rkit_Custom_Cursor
[09-Nov-2025 18:01:33 UTC] Instantiated class: \RomethemeKit\RkitDuplicator
[09-Nov-2025 18:01:33 UTC] Instantiated class: \RomethemeKit\BlurEffects
[09-Nov-2025 18:01:33 UTC] Class not found: \RomethemeKit\Rkit_Sticky_Content
[09-Nov-2025 18:01:33 UTC] Instantiated class: \RomethemeKit\RkitToolTips
[09-Nov-2025 18:01:33 UTC] Instantiated class: \RomethemeKit\RkitWrapperLink
[09-Nov-2025 18:01:43 UTC] Loaded file: blur_effects.php
[09-Nov-2025 18:01:43 UTC] Loaded file: rkit_post_duplicator.php
[09-Nov-2025 18:01:43 UTC] Loaded file: rkit_tool_tips.php
[09-Nov-2025 18:01:43 UTC] Loaded file: rkit_wrapper_link.php
[09-Nov-2025 18:01:43 UTC] Class not found: \RomethemeKit\Rkit_Custom_Cursor
[09-Nov-2025 18:01:43 UTC] Instantiated class: \RomethemeKit\RkitDuplicator
[09-Nov-2025 18:01:43 UTC] Instantiated class: \RomethemeKit\BlurEffects
[09-Nov-2025 18:01:43 UTC] Class not found: \RomethemeKit\Rkit_Sticky_Content
[09-Nov-2025 18:01:43 UTC] Instantiated class: \RomethemeKit\RkitToolTips
[09-Nov-2025 18:01:43 UTC] Instantiated class: \RomethemeKit\RkitWrapperLink
[09-Nov-2025 18:01:44 UTC] Loaded file: blur_effects.php
[09-Nov-2025 18:01:44 UTC] Loaded file: rkit_post_duplicator.php
[09-Nov-2025 18:01:44 UTC] Loaded file: rkit_tool_tips.php
[09-Nov-2025 18:01:44 UTC] Loaded file: rkit_wrapper_link.php
[09-Nov-2025 18:01:44 UTC] Class not found: \RomethemeKit\Rkit_Custom_Cursor
[09-Nov-2025 18:01:44 UTC] Instantiated class: \RomethemeKit\RkitDuplicator
[09-Nov-2025 18:01:44 UTC] Instantiated class: \RomethemeKit\BlurEffects
[09-Nov-2025 18:01:44 UTC] Class not found: \RomethemeKit\Rkit_Sticky_Content
[09-Nov-2025 18:01:44 UTC] Instantiated class: \RomethemeKit\RkitToolTips
[09-Nov-2025 18:01:44 UTC] Instantiated class: \RomethemeKit\RkitWrapperLink
[09-Nov-2025 18:01:44 UTC] Loaded file: blur_effects.php
[09-Nov-2025 18:01:44 UTC] Loaded file: rkit_post_duplicator.php
[09-Nov-2025 18:01:44 UTC] Loaded file: rkit_tool_tips.php
[09-Nov-2025 18:01:44 UTC] Loaded file: rkit_wrapper_link.php
[09-Nov-2025 18:01:44 UTC] Class not found: \RomethemeKit\Rkit_Custom_Cursor
[09-Nov-2025 18:01:44 UTC] Instantiated class: \RomethemeKit\RkitDuplicator
[09-Nov-2025 18:01:44 UTC] Instantiated class: \RomethemeKit\BlurEffects
[09-Nov-2025 18:01:44 UTC] Class not found: \RomethemeKit\Rkit_Sticky_Content
[09-Nov-2025 18:01:44 UTC] Instantiated class: \RomethemeKit\RkitToolTips
[09-Nov-2025 18:01:44 UTC] Instantiated class: \RomethemeKit\RkitWrapperLink
[09-Nov-2025 18:01:46 UTC] Loaded file: blur_effects.php
[09-Nov-2025 18:01:46 UTC] Loaded file: rkit_post_duplicator.php
[09-Nov-2025 18:01:46 UTC] Loaded file: rkit_tool_tips.php
[09-Nov-2025 18:01:46 UTC] Loaded file: rkit_wrapper_link.php
[09-Nov-2025 18:01:46 UTC] Class not found: \RomethemeKit\Rkit_Custom_Cursor
[09-Nov-2025 18:01:46 UTC] Instantiated class: \RomethemeKit\RkitDuplicator
[09-Nov-2025 18:01:46 UTC] Instantiated class: \RomethemeKit\BlurEffects
[09-Nov-2025 18:01:46 UTC] Class not found: \RomethemeKit\Rkit_Sticky_Content
[09-Nov-2025 18:01:46 UTC] Instantiated class: \RomethemeKit\RkitToolTips
[09-Nov-2025 18:01:46 UTC] Instantiated class: \RomethemeKit\RkitWrapperLink
[09-Nov-2025 18:01:46 UTC] Loaded file: blur_effects.php
[09-Nov-2025 18:01:46 UTC] Loaded file: rkit_post_duplicator.php
[09-Nov-2025 18:01:46 UTC] Loaded file: rkit_tool_tips.php
[09-Nov-2025 18:01:46 UTC] Loaded file: rkit_wrapper_link.php
[09-Nov-2025 18:01:46 UTC] Class not found: \RomethemeKit\Rkit_Custom_Cursor
[09-Nov-2025 18:01:46 UTC] Instantiated class: \RomethemeKit\RkitDuplicator
[09-Nov-2025 18:01:46 UTC] Instantiated class: \RomethemeKit\BlurEffects
[09-Nov-2025 18:01:46 UTC] Class not found: \RomethemeKit\Rkit_Sticky_Content
[09-Nov-2025 18:01:46 UTC] Instantiated class: \RomethemeKit\RkitToolTips
[09-Nov-2025 18:01:46 UTC] Instantiated class: \RomethemeKit\RkitWrapperLink
[09-Nov-2025 18:01:46 UTC] Loaded file: blur_effects.php
[09-Nov-2025 18:01:46 UTC] Loaded file: rkit_post_duplicator.php
[09-Nov-2025 18:01:46 UTC] Loaded file: rkit_tool_tips.php
[09-Nov-2025 18:01:46 UTC] Loaded file: rkit_wrapper_link.php
[09-Nov-2025 18:01:46 UTC] Class not found: \RomethemeKit\Rkit_Custom_Cursor
[09-Nov-2025 18:01:46 UTC] Instantiated class: \RomethemeKit\RkitDuplicator
[09-Nov-2025 18:01:46 UTC] Instantiated class: \RomethemeKit\BlurEffects
[09-Nov-2025 18:01:46 UTC] Class not found: \RomethemeKit\Rkit_Sticky_Content
[09-Nov-2025 18:01:46 UTC] Instantiated class: \RomethemeKit\RkitToolTips
[09-Nov-2025 18:01:46 UTC] Instantiated class: \RomethemeKit\RkitWrapperLink
[09-Nov-2025 18:01:50 UTC] Loaded file: blur_effects.php
[09-Nov-2025 18:01:50 UTC] Loaded file: rkit_post_duplicator.php
[09-Nov-2025 18:01:50 UTC] Loaded file: rkit_tool_tips.php
[09-Nov-2025 18:01:50 UTC] Loaded file: rkit_wrapper_link.php
[09-Nov-2025 18:01:50 UTC] Class not found: \RomethemeKit\Rkit_Custom_Cursor
[09-Nov-2025 18:01:50 UTC] Instantiated class: \RomethemeKit\RkitDuplicator
[09-Nov-2025 18:01:50 UTC] Instantiated class: \RomethemeKit\BlurEffects
[09-Nov-2025 18:01:50 UTC] Class not found: \RomethemeKit\Rkit_Sticky_Content
[09-Nov-2025 18:01:50 UTC] Instantiated class: \RomethemeKit\RkitToolTips
[09-Nov-2025 18:01:50 UTC] Instantiated class: \RomethemeKit\RkitWrapperLink
[09-Nov-2025 18:01:50 UTC] Loaded file: blur_effects.php
[09-Nov-2025 18:01:50 UTC] Loaded file: rkit_post_duplicator.php
[09-Nov-2025 18:01:50 UTC] Loaded file: rkit_tool_tips.php
[09-Nov-2025 18:01:50 UTC] Loaded file: rkit_wrapper_link.php
[09-Nov-2025 18:01:50 UTC] Class not found: \RomethemeKit\Rkit_Custom_Cursor
[09-Nov-2025 18:01:50 UTC] Instantiated class: \RomethemeKit\RkitDuplicator
[09-Nov-2025 18:01:50 UTC] Instantiated class: \RomethemeKit\BlurEffects
[09-Nov-2025 18:01:50 UTC] Class not found: \RomethemeKit\Rkit_Sticky_Content
[09-Nov-2025 18:01:50 UTC] Instantiated class: \RomethemeKit\RkitToolTips
[09-Nov-2025 18:01:50 UTC] Instantiated class: \RomethemeKit\RkitWrapperLink
[09-Nov-2025 18:01:50 UTC] Loaded file: blur_effects.php
[09-Nov-2025 18:01:50 UTC] Loaded file: rkit_post_duplicator.php
[09-Nov-2025 18:01:50 UTC] Loaded file: rkit_tool_tips.php
[09-Nov-2025 18:01:50 UTC] Loaded file: rkit_wrapper_link.php
[09-Nov-2025 18:01:50 UTC] Class not found: \RomethemeKit\Rkit_Custom_Cursor
[09-Nov-2025 18:01:50 UTC] Instantiated class: \RomethemeKit\RkitDuplicator
[09-Nov-2025 18:01:50 UTC] Instantiated class: \RomethemeKit\BlurEffects
[09-Nov-2025 18:01:50 UTC] Class not found: \RomethemeKit\Rkit_Sticky_Content
[09-Nov-2025 18:01:50 UTC] Instantiated class: \RomethemeKit\RkitToolTips
[09-Nov-2025 18:01:50 UTC] Instantiated class: \RomethemeKit\RkitWrapperLink
[09-Nov-2025 18:01:50 UTC] Loaded file: blur_effects.php
[09-Nov-2025 18:01:50 UTC] Loaded file: rkit_post_duplicator.php
[09-Nov-2025 18:01:50 UTC] Loaded file: rkit_tool_tips.php
[09-Nov-2025 18:01:50 UTC] Loaded file: rkit_wrapper_link.php
[09-Nov-2025 18:01:50 UTC] Class not found: \RomethemeKit\Rkit_Custom_Cursor
[09-Nov-2025 18:01:50 UTC] Instantiated class: \RomethemeKit\RkitDuplicator
[09-Nov-2025 18:01:50 UTC] Instantiated class: \RomethemeKit\BlurEffects
[09-Nov-2025 18:01:50 UTC] Class not found: \RomethemeKit\Rkit_Sticky_Content
[09-Nov-2025 18:01:50 UTC] Instantiated class: \RomethemeKit\RkitToolTips
[09-Nov-2025 18:01:50 UTC] Instantiated class: \RomethemeKit\RkitWrapperLink
[09-Nov-2025 18:01:57 UTC] Loaded file: blur_effects.php
[09-Nov-2025 18:01:57 UTC] Loaded file: rkit_post_duplicator.php
[09-Nov-2025 18:01:57 UTC] Loaded file: rkit_tool_tips.php
[09-Nov-2025 18:01:57 UTC] Loaded file: rkit_wrapper_link.php
[09-Nov-2025 18:01:57 UTC] Class not found: \RomethemeKit\Rkit_Custom_Cursor
[09-Nov-2025 18:01:57 UTC] Instantiated class: \RomethemeKit\RkitDuplicator
[09-Nov-2025 18:01:57 UTC] Instantiated class: \RomethemeKit\BlurEffects
[09-Nov-2025 18:01:57 UTC] Class not found: \RomethemeKit\Rkit_Sticky_Content
[09-Nov-2025 18:01:57 UTC] Instantiated class: \RomethemeKit\RkitToolTips
[09-Nov-2025 18:01:57 UTC] Instantiated class: \RomethemeKit\RkitWrapperLink
[09-Nov-2025 18:01:58 UTC] [Soltour API info] Request to master/getAllOrigins: {"productType":"PACKAGE","destinationCode":"PUJ"}
[09-Nov-2025 18:01:58 UTC] [Soltour API info] Response from master/getAllOrigins: {"origins":[{"code":"LCG","name":"A Coruña","airportType":"AIRPORT","destinationCode":"LCG","destinationName":"LA CORUNA","description":"A Coruña","dynamic":false},{"code":"ABC","name":"Albacete","airportType":"AIRPORT","description":"Albacete","dynamic":false},{"code":"ALC","name":"Alicante","airportType":"AIRPORT","destinationCode":"ALC","destinationName":"ALICANTE","description":"Alicante","dynamic":false},{"code":"LEI","name":"Almería","airportType":"AIRPORT","destinationCode":"LEI","dest
[09-Nov-2025 18:02:07 UTC] Loaded file: blur_effects.php
[09-Nov-2025 18:02:07 UTC] Loaded file: rkit_post_duplicator.php
[09-Nov-2025 18:02:07 UTC] Loaded file: rkit_tool_tips.php
[09-Nov-2025 18:02:07 UTC] Loaded file: rkit_wrapper_link.php
[09-Nov-2025 18:02:07 UTC] Class not found: \RomethemeKit\Rkit_Custom_Cursor
[09-Nov-2025 18:02:07 UTC] Instantiated class: \RomethemeKit\RkitDuplicator
[09-Nov-2025 18:02:07 UTC] Instantiated class: \RomethemeKit\BlurEffects
[09-Nov-2025 18:02:07 UTC] Class not found: \RomethemeKit\Rkit_Sticky_Content
[09-Nov-2025 18:02:07 UTC] Instantiated class: \RomethemeKit\RkitToolTips
[09-Nov-2025 18:02:07 UTC] Instantiated class: \RomethemeKit\RkitWrapperLink
[09-Nov-2025 18:02:12 UTC] Loaded file: blur_effects.php
[09-Nov-2025 18:02:12 UTC] Loaded file: rkit_post_duplicator.php
[09-Nov-2025 18:02:12 UTC] Loaded file: rkit_tool_tips.php
[09-Nov-2025 18:02:12 UTC] Loaded file: rkit_wrapper_link.php
[09-Nov-2025 18:02:12 UTC] Class not found: \RomethemeKit\Rkit_Custom_Cursor
[09-Nov-2025 18:02:12 UTC] Instantiated class: \RomethemeKit\RkitDuplicator
[09-Nov-2025 18:02:12 UTC] Instantiated class: \RomethemeKit\BlurEffects
[09-Nov-2025 18:02:12 UTC] Class not found: \RomethemeKit\Rkit_Sticky_Content
[09-Nov-2025 18:02:12 UTC] Instantiated class: \RomethemeKit\RkitToolTips
[09-Nov-2025 18:02:12 UTC] Instantiated class: \RomethemeKit\RkitWrapperLink
[09-Nov-2025 18:02:12 UTC] Loaded file: blur_effects.php
[09-Nov-2025 18:02:12 UTC] Loaded file: rkit_post_duplicator.php
[09-Nov-2025 18:02:12 UTC] Loaded file: rkit_tool_tips.php
[09-Nov-2025 18:02:12 UTC] Loaded file: rkit_wrapper_link.php
[09-Nov-2025 18:02:12 UTC] Class not found: \RomethemeKit\Rkit_Custom_Cursor
[09-Nov-2025 18:02:12 UTC] Instantiated class: \RomethemeKit\RkitDuplicator
[09-Nov-2025 18:02:12 UTC] Instantiated class: \RomethemeKit\BlurEffects
[09-Nov-2025 18:02:12 UTC] Class not found: \RomethemeKit\Rkit_Sticky_Content
[09-Nov-2025 18:02:12 UTC] Instantiated class: \RomethemeKit\RkitToolTips
[09-Nov-2025 18:02:12 UTC] Instantiated class: \RomethemeKit\RkitWrapperLink
[09-Nov-2025 18:02:12 UTC] [Soltour API info] === AJAX SEARCH PACKAGES CALLED ===
[09-Nov-2025 18:02:12 UTC] [Soltour API info] Params with pagination: {"originCode":"MAD","destinationCode":"PUJ","startDate":"2025-11-16","numNights":7,"rooms":[{"passengers":[{"type":"ADULT","age":30},{"type":"ADULT","age":30}]}],"firstItem":0,"itemCount":10}
[09-Nov-2025 18:02:12 UTC] [Soltour API info] Request to booking/availability: {"productType":"PACKAGE","criteria":{"order":{"type":"PRICE","direction":"ASC"},"pagination":{"firstItem":0,"itemCount":10}},"languageCode":"PT","params":{"startDate":"2025-11-16","endDate":"2025-11-23","residentType":"NONE","accomodation":{"rooms":[{"passengers":[{"type":"ADULT","age":30},{"type":"ADULT","age":30}]}]},"hotelParams":{"destinationCode":"PUJ","includeImmediatePayment":true},"flightParams":{"itineraries":[{"origins":["MAD"],"destinations":["PUJ"]}],"directFlightsOnly":false,"includeImmediatePayment":true}}}
[09-Nov-2025 18:02:13 UTC] Loaded file: blur_effects.php
[09-Nov-2025 18:02:13 UTC] Loaded file: rkit_post_duplicator.php
[09-Nov-2025 18:02:13 UTC] Loaded file: rkit_tool_tips.php
[09-Nov-2025 18:02:13 UTC] Loaded file: rkit_wrapper_link.php
[09-Nov-2025 18:02:13 UTC] Class not found: \RomethemeKit\Rkit_Custom_Cursor
[09-Nov-2025 18:02:13 UTC] Instantiated class: \RomethemeKit\RkitDuplicator
[09-Nov-2025 18:02:13 UTC] Instantiated class: \RomethemeKit\BlurEffects
[09-Nov-2025 18:02:13 UTC] Class not found: \RomethemeKit\Rkit_Sticky_Content
[09-Nov-2025 18:02:13 UTC] Instantiated class: \RomethemeKit\RkitToolTips
[09-Nov-2025 18:02:13 UTC] Instantiated class: \RomethemeKit\RkitWrapperLink
[09-Nov-2025 18:02:18 UTC] [Soltour API info] Response from booking/availability: {"productType":"PACKAGE","availToken":"rZnBUnqAMN1Iz4YTDrw735zZWm5zZx7Puo+JpeRgKo0=","timestamp":"2025-11-09T19:02:12.956184543","serviceType":"UNDEFINED","agencyInformation":{"clientCode":"BEAUTYT","branchOfficeCode":"999","taxApplicationType":"ISC","taxRate":0,"paymentType":"PP","commission":{"currency":"EUR","rate":15}},"budgets":[{"booked":false,"selected":false,"hotelServices":[{"responseId":"MFLTpsvQAJSwMkXlr2yaefwC7O5X3UFE5OKeftEMQsk=","id":"d22f7c33-fb78-4dbe-95cb-d44d96c03ab5","type":"H
[09-Nov-2025 18:02:18 UTC] [Soltour API info] API Response: {"has_budgets":true,"budget_count":34,"has_availToken":true,"totalCount":0}
[09-Nov-2025 18:02:18 UTC] Loaded file: blur_effects.php
[09-Nov-2025 18:02:18 UTC] Loaded file: rkit_post_duplicator.php
[09-Nov-2025 18:02:18 UTC] Loaded file: rkit_tool_tips.php
[09-Nov-2025 18:02:18 UTC] Loaded file: rkit_wrapper_link.php
[09-Nov-2025 18:02:18 UTC] Class not found: \RomethemeKit\Rkit_Custom_Cursor
[09-Nov-2025 18:02:18 UTC] Instantiated class: \RomethemeKit\RkitDuplicator
[09-Nov-2025 18:02:18 UTC] Instantiated class: \RomethemeKit\BlurEffects
[09-Nov-2025 18:02:18 UTC] Class not found: \RomethemeKit\Rkit_Sticky_Content
[09-Nov-2025 18:02:18 UTC] Instantiated class: \RomethemeKit\RkitToolTips
[09-Nov-2025 18:02:18 UTC] Instantiated class: \RomethemeKit\RkitWrapperLink
[09-Nov-2025 18:02:18 UTC] Loaded file: blur_effects.php
[09-Nov-2025 18:02:18 UTC] Loaded file: rkit_post_duplicator.php
[09-Nov-2025 18:02:18 UTC] Loaded file: rkit_tool_tips.php
[09-Nov-2025 18:02:18 UTC] Loaded file: rkit_wrapper_link.php
[09-Nov-2025 18:02:18 UTC] Class not found: \RomethemeKit\Rkit_Custom_Cursor
[09-Nov-2025 18:02:18 UTC] Instantiated class: \RomethemeKit\RkitDuplicator
[09-Nov-2025 18:02:18 UTC] Instantiated class: \RomethemeKit\BlurEffects
[09-Nov-2025 18:02:18 UTC] Class not found: \RomethemeKit\Rkit_Sticky_Content
[09-Nov-2025 18:02:18 UTC] Instantiated class: \RomethemeKit\RkitToolTips
[09-Nov-2025 18:02:18 UTC] Instantiated class: \RomethemeKit\RkitWrapperLink
[09-Nov-2025 18:02:18 UTC] Loaded file: blur_effects.php
[09-Nov-2025 18:02:18 UTC] Loaded file: rkit_post_duplicator.php
[09-Nov-2025 18:02:18 UTC] Loaded file: rkit_tool_tips.php
[09-Nov-2025 18:02:18 UTC] Loaded file: rkit_wrapper_link.php
[09-Nov-2025 18:02:18 UTC] Class not found: \RomethemeKit\Rkit_Custom_Cursor
[09-Nov-2025 18:02:18 UTC] Instantiated class: \RomethemeKit\RkitDuplicator
[09-Nov-2025 18:02:18 UTC] Instantiated class: \RomethemeKit\BlurEffects
[09-Nov-2025 18:02:18 UTC] Class not found: \RomethemeKit\Rkit_Sticky_Content
[09-Nov-2025 18:02:18 UTC] Instantiated class: \RomethemeKit\RkitToolTips
[09-Nov-2025 18:02:18 UTC] Instantiated class: \RomethemeKit\RkitWrapperLink
[09-Nov-2025 18:02:18 UTC] Loaded file: blur_effects.php
[09-Nov-2025 18:02:18 UTC] Loaded file: rkit_post_duplicator.php
[09-Nov-2025 18:02:18 UTC] Loaded file: rkit_tool_tips.php
[09-Nov-2025 18:02:18 UTC] Loaded file: rkit_wrapper_link.php
[09-Nov-2025 18:02:18 UTC] Class not found: \RomethemeKit\Rkit_Custom_Cursor
[09-Nov-2025 18:02:18 UTC] Instantiated class: \RomethemeKit\RkitDuplicator
[09-Nov-2025 18:02:18 UTC] Instantiated class: \RomethemeKit\BlurEffects
[09-Nov-2025 18:02:18 UTC] Class not found: \RomethemeKit\Rkit_Sticky_Content
[09-Nov-2025 18:02:18 UTC] Instantiated class: \RomethemeKit\RkitToolTips
[09-Nov-2025 18:02:18 UTC] Instantiated class: \RomethemeKit\RkitWrapperLink
[09-Nov-2025 18:02:18 UTC] Loaded file: blur_effects.php
[09-Nov-2025 18:02:18 UTC] Loaded file: rkit_post_duplicator.php
[09-Nov-2025 18:02:18 UTC] Loaded file: rkit_tool_tips.php
[09-Nov-2025 18:02:18 UTC] Loaded file: rkit_wrapper_link.php
[09-Nov-2025 18:02:18 UTC] Class not found: \RomethemeKit\Rkit_Custom_Cursor
[09-Nov-2025 18:02:18 UTC] Instantiated class: \RomethemeKit\RkitDuplicator
[09-Nov-2025 18:02:18 UTC] Instantiated class: \RomethemeKit\BlurEffects
[09-Nov-2025 18:02:18 UTC] Class not found: \RomethemeKit\Rkit_Sticky_Content
[09-Nov-2025 18:02:18 UTC] Instantiated class: \RomethemeKit\RkitToolTips
[09-Nov-2025 18:02:18 UTC] Instantiated class: \RomethemeKit\RkitWrapperLink
[09-Nov-2025 18:02:19 UTC] [Soltour API info] Getting details for budget: H199543##SA##0$4656022810976099236@@CLASSICAL01, hotel: H199543
[09-Nov-2025 18:02:19 UTC] [Soltour API info] Request to booking/details: {"productType":"PACKAGE","availToken":"rZnBUnqAMN1Iz4YTDrw735zZWm5zZx7Puo+JpeRgKo0=","budgetId":"H199543##SA##0$4656022810976099236@@CLASSICAL01","hotelParams":{"hotelCode":"H199543","providerCode":"UNDEFINED"}}
[09-Nov-2025 18:02:19 UTC] [Soltour API info] Getting details for budget: H24##TI##0$4878424830408217332@@CLASSICAL01, hotel: H24
[09-Nov-2025 18:02:19 UTC] [Soltour API info] Request to booking/details: {"productType":"PACKAGE","availToken":"rZnBUnqAMN1Iz4YTDrw735zZWm5zZx7Puo+JpeRgKo0=","budgetId":"H24##TI##0$4878424830408217332@@CLASSICAL01","hotelParams":{"hotelCode":"H24","providerCode":"UNDEFINED"}}
[09-Nov-2025 18:02:19 UTC] [Soltour API info] Getting details for budget: H99741##TI##0$4926170751069243148@@CLASSICAL01, hotel: H99741
[09-Nov-2025 18:02:19 UTC] [Soltour API info] Request to booking/details: {"productType":"PACKAGE","availToken":"rZnBUnqAMN1Iz4YTDrw735zZWm5zZx7Puo+JpeRgKo0=","budgetId":"H99741##TI##0$4926170751069243148@@CLASSICAL01","hotelParams":{"hotelCode":"H99741","providerCode":"UNDEFINED"}}
[09-Nov-2025 18:02:19 UTC] [Soltour API info] Getting details for budget: H49702##TI##0$4863118699158137008@@CLASSICAL01, hotel: H49702
[09-Nov-2025 18:02:19 UTC] [Soltour API info] Request to booking/details: {"productType":"PACKAGE","availToken":"rZnBUnqAMN1Iz4YTDrw735zZWm5zZx7Puo+JpeRgKo0=","budgetId":"H49702##TI##0$4863118699158137008@@CLASSICAL01","hotelParams":{"hotelCode":"H49702","providerCode":"UNDEFINED"}}
[09-Nov-2025 18:02:19 UTC] [Soltour API info] Getting details for budget: H68719##TI##0$5098138901503459509@@CLASSICAL01, hotel: H68719
[09-Nov-2025 18:02:19 UTC] [Soltour API info] Request to booking/details: {"productType":"PACKAGE","availToken":"rZnBUnqAMN1Iz4YTDrw735zZWm5zZx7Puo+JpeRgKo0=","budgetId":"H68719##TI##0$5098138901503459509@@CLASSICAL01","hotelParams":{"hotelCode":"H68719","providerCode":"UNDEFINED"}}
[09-Nov-2025 18:02:20 UTC] [Soltour API info] Response from booking/details: {"availToken":"rZnBUnqAMN1Iz4YTDrw735zZWm5zZx7Puo+JpeRgKo0=","timestamp":"2025-11-09T19:02:19.995600534","serviceType":"UNDEFINED","agencyInformation":{"clientCode":"BEAUTYT","branchOfficeCode":"999","taxApplicationType":"ISC","taxRate":0,"paymentType":"PP","commission":{"currency":"EUR","rate":15}},"params":{"startDate":"2025-11-16","endDate":"2025-11-23","accomodation":{"rooms":[{"passengers":[{"age":30,"type":"ADULT"},{"age":30,"type":"ADULT"}]}]},"residentType":"NONE","numNights":0,"flightPa
[09-Nov-2025 18:02:20 UTC] [Soltour API info] Details response structure: {"has_budget":false,"has_details":true,"has_error":false,"error_msg":null}
[09-Nov-2025 18:02:20 UTC] Loaded file: blur_effects.php
[09-Nov-2025 18:02:20 UTC] Loaded file: rkit_post_duplicator.php
[09-Nov-2025 18:02:20 UTC] Loaded file: rkit_tool_tips.php
[09-Nov-2025 18:02:20 UTC] Loaded file: rkit_wrapper_link.php
[09-Nov-2025 18:02:20 UTC] Class not found: \RomethemeKit\Rkit_Custom_Cursor
[09-Nov-2025 18:02:20 UTC] Instantiated class: \RomethemeKit\RkitDuplicator
[09-Nov-2025 18:02:20 UTC] Instantiated class: \RomethemeKit\BlurEffects
[09-Nov-2025 18:02:20 UTC] Class not found: \RomethemeKit\Rkit_Sticky_Content
[09-Nov-2025 18:02:20 UTC] Instantiated class: \RomethemeKit\RkitToolTips
[09-Nov-2025 18:02:20 UTC] Instantiated class: \RomethemeKit\RkitWrapperLink
[09-Nov-2025 18:02:20 UTC] [Soltour API info] Response from booking/details: {"availToken":"rZnBUnqAMN1Iz4YTDrw735zZWm5zZx7Puo+JpeRgKo0=","timestamp":"2025-11-09T19:02:20.246026915","serviceType":"UNDEFINED","agencyInformation":{"clientCode":"BEAUTYT","branchOfficeCode":"999","taxApplicationType":"ISC","taxRate":0,"paymentType":"PP","commission":{"currency":"EUR","rate":15}},"params":{"startDate":"2025-11-16","endDate":"2025-11-23","accomodation":{"rooms":[{"passengers":[{"age":30,"type":"ADULT"},{"age":30,"type":"ADULT"}]}]},"residentType":"NONE","numNights":0,"flightPa
[09-Nov-2025 18:02:20 UTC] [Soltour API info] Details response structure: {"has_budget":false,"has_details":true,"has_error":false,"error_msg":null}
[09-Nov-2025 18:02:20 UTC] [Soltour API info] Response from booking/details: {"availToken":"rZnBUnqAMN1Iz4YTDrw735zZWm5zZx7Puo+JpeRgKo0=","timestamp":"2025-11-09T19:02:20.244512512","serviceType":"UNDEFINED","agencyInformation":{"clientCode":"BEAUTYT","branchOfficeCode":"999","taxApplicationType":"ISC","taxRate":0,"paymentType":"PP","commission":{"currency":"EUR","rate":15}},"params":{"startDate":"2025-11-16","endDate":"2025-11-23","accomodation":{"rooms":[{"passengers":[{"age":30,"type":"ADULT"},{"age":30,"type":"ADULT"}]}]},"residentType":"NONE","numNights":0,"flightPa
[09-Nov-2025 18:02:20 UTC] [Soltour API info] Details response structure: {"has_budget":false,"has_details":true,"has_error":false,"error_msg":null}
[09-Nov-2025 18:02:20 UTC] [Soltour API info] Response from booking/details: {"availToken":"rZnBUnqAMN1Iz4YTDrw735zZWm5zZx7Puo+JpeRgKo0=","timestamp":"2025-11-09T19:02:20.313913590","serviceType":"UNDEFINED","agencyInformation":{"clientCode":"BEAUTYT","branchOfficeCode":"999","taxApplicationType":"ISC","taxRate":0,"paymentType":"PP","commission":{"currency":"EUR","rate":15}},"params":{"startDate":"2025-11-16","endDate":"2025-11-23","accomodation":{"rooms":[{"passengers":[{"age":30,"type":"ADULT"},{"age":30,"type":"ADULT"}]}]},"residentType":"NONE","numNights":0,"flightPa
[09-Nov-2025 18:02:20 UTC] [Soltour API info] Details response structure: {"has_budget":false,"has_details":true,"has_error":false,"error_msg":null}
[09-Nov-2025 18:02:20 UTC] [Soltour API info] Response from booking/details: {"availToken":"rZnBUnqAMN1Iz4YTDrw735zZWm5zZx7Puo+JpeRgKo0=","timestamp":"2025-11-09T19:02:20.446858696","serviceType":"UNDEFINED","agencyInformation":{"clientCode":"BEAUTYT","branchOfficeCode":"999","taxApplicationType":"ISC","taxRate":0,"paymentType":"PP","commission":{"currency":"EUR","rate":15}},"params":{"startDate":"2025-11-16","endDate":"2025-11-23","accomodation":{"rooms":[{"passengers":[{"age":30,"type":"ADULT"},{"age":30,"type":"ADULT"}]}]},"residentType":"NONE","numNights":0,"flightPa
[09-Nov-2025 18:02:20 UTC] [Soltour API info] Details response structure: {"has_budget":false,"has_details":true,"has_error":false,"error_msg":null}
[09-Nov-2025 18:02:20 UTC] [Soltour API info] Getting details for budget: H408431##SA##0$4869502241430974897@@CLASSICAL01, hotel: H408431
[09-Nov-2025 18:02:20 UTC] [Soltour API info] Request to booking/details: {"productType":"PACKAGE","availToken":"rZnBUnqAMN1Iz4YTDrw735zZWm5zZx7Puo+JpeRgKo0=","budgetId":"H408431##SA##0$4869502241430974897@@CLASSICAL01","hotelParams":{"hotelCode":"H408431","providerCode":"UNDEFINED"}}
[09-Nov-2025 18:02:21 UTC] Loaded file: blur_effects.php
[09-Nov-2025 18:02:21 UTC] Loaded file: blur_effects.php
[09-Nov-2025 18:02:21 UTC] Loaded file: rkit_post_duplicator.php
[09-Nov-2025 18:02:21 UTC] Loaded file: rkit_post_duplicator.php
[09-Nov-2025 18:02:21 UTC] Loaded file: rkit_tool_tips.php
[09-Nov-2025 18:02:21 UTC] Loaded file: rkit_tool_tips.php
[09-Nov-2025 18:02:21 UTC] Loaded file: rkit_wrapper_link.php
[09-Nov-2025 18:02:21 UTC] Loaded file: rkit_wrapper_link.php
[09-Nov-2025 18:02:21 UTC] Class not found: \RomethemeKit\Rkit_Custom_Cursor
[09-Nov-2025 18:02:21 UTC] Class not found: \RomethemeKit\Rkit_Custom_Cursor
[09-Nov-2025 18:02:21 UTC] Instantiated class: \RomethemeKit\RkitDuplicator
[09-Nov-2025 18:02:21 UTC] Instantiated class: \RomethemeKit\RkitDuplicator
[09-Nov-2025 18:02:21 UTC] Instantiated class: \RomethemeKit\BlurEffects
[09-Nov-2025 18:02:21 UTC] Instantiated class: \RomethemeKit\BlurEffects
[09-Nov-2025 18:02:21 UTC] Class not found: \RomethemeKit\Rkit_Sticky_Content
[09-Nov-2025 18:02:21 UTC] Class not found: \RomethemeKit\Rkit_Sticky_Content
[09-Nov-2025 18:02:21 UTC] Instantiated class: \RomethemeKit\RkitToolTips
[09-Nov-2025 18:02:21 UTC] Instantiated class: \RomethemeKit\RkitToolTips
[09-Nov-2025 18:02:21 UTC] Instantiated class: \RomethemeKit\RkitWrapperLink
[09-Nov-2025 18:02:21 UTC] Instantiated class: \RomethemeKit\RkitWrapperLink
[09-Nov-2025 18:02:21 UTC] Loaded file: blur_effects.php
[09-Nov-2025 18:02:21 UTC] Loaded file: rkit_post_duplicator.php
[09-Nov-2025 18:02:21 UTC] Loaded file: rkit_tool_tips.php
[09-Nov-2025 18:02:21 UTC] Loaded file: rkit_wrapper_link.php
[09-Nov-2025 18:02:21 UTC] Class not found: \RomethemeKit\Rkit_Custom_Cursor
[09-Nov-2025 18:02:21 UTC] Instantiated class: \RomethemeKit\RkitDuplicator
[09-Nov-2025 18:02:21 UTC] Instantiated class: \RomethemeKit\BlurEffects
[09-Nov-2025 18:02:21 UTC] Class not found: \RomethemeKit\Rkit_Sticky_Content
[09-Nov-2025 18:02:21 UTC] Instantiated class: \RomethemeKit\RkitToolTips
[09-Nov-2025 18:02:21 UTC] Instantiated class: \RomethemeKit\RkitWrapperLink
[09-Nov-2025 18:02:21 UTC] [Soltour API info] Response from booking/details: {"availToken":"rZnBUnqAMN1Iz4YTDrw735zZWm5zZx7Puo+JpeRgKo0=","timestamp":"2025-11-09T19:02:21.273906638","serviceType":"UNDEFINED","agencyInformation":{"clientCode":"BEAUTYT","branchOfficeCode":"999","taxApplicationType":"ISC","taxRate":0,"paymentType":"PP","commission":{"currency":"EUR","rate":15}},"params":{"startDate":"2025-11-16","endDate":"2025-11-23","accomodation":{"rooms":[{"passengers":[{"age":30,"type":"ADULT"},{"age":30,"type":"ADULT"}]}]},"residentType":"NONE","numNights":0,"flightPa
[09-Nov-2025 18:02:21 UTC] [Soltour API info] Details response structure: {"has_budget":false,"has_details":true,"has_error":false,"error_msg":null}
[09-Nov-2025 18:02:21 UTC] Loaded file: blur_effects.php
[09-Nov-2025 18:02:21 UTC] Loaded file: rkit_post_duplicator.php
[09-Nov-2025 18:02:21 UTC] Loaded file: rkit_tool_tips.php
[09-Nov-2025 18:02:21 UTC] Loaded file: rkit_wrapper_link.php
[09-Nov-2025 18:02:21 UTC] Class not found: \RomethemeKit\Rkit_Custom_Cursor
[09-Nov-2025 18:02:21 UTC] Instantiated class: \RomethemeKit\RkitDuplicator
[09-Nov-2025 18:02:21 UTC] Instantiated class: \RomethemeKit\BlurEffects
[09-Nov-2025 18:02:21 UTC] Class not found: \RomethemeKit\Rkit_Sticky_Content
[09-Nov-2025 18:02:21 UTC] Instantiated class: \RomethemeKit\RkitToolTips
[09-Nov-2025 18:02:21 UTC] Instantiated class: \RomethemeKit\RkitWrapperLink
[09-Nov-2025 18:02:22 UTC] [Soltour API info] Getting details for budget: H14##TI##0$5079410152659991753@@CLASSICAL01, hotel: H14
[09-Nov-2025 18:02:22 UTC] [Soltour API info] Request to booking/details: {"productType":"PACKAGE","availToken":"rZnBUnqAMN1Iz4YTDrw735zZWm5zZx7Puo+JpeRgKo0=","budgetId":"H14##TI##0$5079410152659991753@@CLASSICAL01","hotelParams":{"hotelCode":"H14","providerCode":"UNDEFINED"}}
[09-Nov-2025 18:02:22 UTC] [Soltour API info] Getting details for budget: H50725##TI##0$4958025207436690855@@CLASSICAL01, hotel: H50725
[09-Nov-2025 18:02:22 UTC] [Soltour API info] Request to booking/details: {"productType":"PACKAGE","availToken":"rZnBUnqAMN1Iz4YTDrw735zZWm5zZx7Puo+JpeRgKo0=","budgetId":"H50725##TI##0$4958025207436690855@@CLASSICAL01","hotelParams":{"hotelCode":"H50725","providerCode":"UNDEFINED"}}
[09-Nov-2025 18:02:22 UTC] [Soltour API info] Getting details for budget: H199374##TI##0$5048755075467417879@@CLASSICAL01, hotel: H199374
[09-Nov-2025 18:02:22 UTC] [Soltour API info] Request to booking/details: {"productType":"PACKAGE","availToken":"rZnBUnqAMN1Iz4YTDrw735zZWm5zZx7Puo+JpeRgKo0=","budgetId":"H199374##TI##0$5048755075467417879@@CLASSICAL01","hotelParams":{"hotelCode":"H199374","providerCode":"UNDEFINED"}}
[09-Nov-2025 18:02:22 UTC] [Soltour API info] Getting details for budget: H35##TI##0$5379869114271787597@@CLASSICAL01, hotel: H35
[09-Nov-2025 18:02:22 UTC] [Soltour API info] Request to booking/details: {"productType":"PACKAGE","availToken":"rZnBUnqAMN1Iz4YTDrw735zZWm5zZx7Puo+JpeRgKo0=","budgetId":"H35##TI##0$5379869114271787597@@CLASSICAL01","hotelParams":{"hotelCode":"H35","providerCode":"UNDEFINED"}}
[09-Nov-2025 18:02:22 UTC] [Soltour API info] Response from booking/details: {"availToken":"rZnBUnqAMN1Iz4YTDrw735zZWm5zZx7Puo+JpeRgKo0=","timestamp":"2025-11-09T19:02:22.349240027","serviceType":"UNDEFINED","agencyInformation":{"clientCode":"BEAUTYT","branchOfficeCode":"999","taxApplicationType":"ISC","taxRate":0,"paymentType":"PP","commission":{"currency":"EUR","rate":15}},"params":{"startDate":"2025-11-16","endDate":"2025-11-23","accomodation":{"rooms":[{"passengers":[{"age":30,"type":"ADULT"},{"age":30,"type":"ADULT"}]}]},"residentType":"NONE","numNights":0,"flightPa
[09-Nov-2025 18:02:22 UTC] [Soltour API info] Details response structure: {"has_budget":false,"has_details":true,"has_error":false,"error_msg":null}
[09-Nov-2025 18:02:22 UTC] [Soltour API info] Response from booking/details: {"availToken":"rZnBUnqAMN1Iz4YTDrw735zZWm5zZx7Puo+JpeRgKo0=","timestamp":"2025-11-09T19:02:22.493045035","serviceType":"UNDEFINED","agencyInformation":{"clientCode":"BEAUTYT","branchOfficeCode":"999","taxApplicationType":"ISC","taxRate":0,"paymentType":"PP","commission":{"currency":"EUR","rate":15}},"params":{"startDate":"2025-11-16","endDate":"2025-11-23","accomodation":{"rooms":[{"passengers":[{"age":30,"type":"ADULT"},{"age":30,"type":"ADULT"}]}]},"residentType":"NONE","numNights":0,"flightPa
[09-Nov-2025 18:02:22 UTC] [Soltour API info] Details response structure: {"has_budget":false,"has_details":true,"has_error":false,"error_msg":null}
[09-Nov-2025 18:02:22 UTC] [Soltour API info] Response from booking/details: {"availToken":"rZnBUnqAMN1Iz4YTDrw735zZWm5zZx7Puo+JpeRgKo0=","timestamp":"2025-11-09T19:02:22.599759031","serviceType":"UNDEFINED","agencyInformation":{"clientCode":"BEAUTYT","branchOfficeCode":"999","taxApplicationType":"ISC","taxRate":0,"paymentType":"PP","commission":{"currency":"EUR","rate":15}},"params":{"startDate":"2025-11-16","endDate":"2025-11-23","accomodation":{"rooms":[{"passengers":[{"age":30,"type":"ADULT"},{"age":30,"type":"ADULT"}]}]},"residentType":"NONE","numNights":0,"flightPa
[09-Nov-2025 18:02:22 UTC] [Soltour API info] Details response structure: {"has_budget":false,"has_details":true,"has_error":false,"error_msg":null}
[09-Nov-2025 18:02:22 UTC] [Soltour API info] Response from booking/details: {"availToken":"rZnBUnqAMN1Iz4YTDrw735zZWm5zZx7Puo+JpeRgKo0=","timestamp":"2025-11-09T19:02:22.506644820","serviceType":"UNDEFINED","agencyInformation":{"clientCode":"BEAUTYT","branchOfficeCode":"999","taxApplicationType":"ISC","taxRate":0,"paymentType":"PP","commission":{"currency":"EUR","rate":15}},"params":{"startDate":"2025-11-16","endDate":"2025-11-23","accomodation":{"rooms":[{"passengers":[{"age":30,"type":"ADULT"},{"age":30,"type":"ADULT"}]}]},"residentType":"NONE","numNights":0,"flightPa
[09-Nov-2025 18:02:22 UTC] [Soltour API info] Details response structure: {"has_budget":false,"has_details":true,"has_error":false,"error_msg":null}
[09-Nov-2025 18:02:34 UTC] Loaded file: blur_effects.php
[09-Nov-2025 18:02:34 UTC] Loaded file: rkit_post_duplicator.php
[09-Nov-2025 18:02:34 UTC] Loaded file: rkit_tool_tips.php
[09-Nov-2025 18:02:34 UTC] Loaded file: rkit_wrapper_link.php
[09-Nov-2025 18:02:34 UTC] Class not found: \RomethemeKit\Rkit_Custom_Cursor
[09-Nov-2025 18:02:34 UTC] Instantiated class: \RomethemeKit\RkitDuplicator
[09-Nov-2025 18:02:34 UTC] Instantiated class: \RomethemeKit\BlurEffects
[09-Nov-2025 18:02:34 UTC] Class not found: \RomethemeKit\Rkit_Sticky_Content
[09-Nov-2025 18:02:34 UTC] Instantiated class: \RomethemeKit\RkitToolTips
[09-Nov-2025 18:02:34 UTC] Instantiated class: \RomethemeKit\RkitWrapperLink
[09-Nov-2025 18:02:35 UTC] Loaded file: blur_effects.php
[09-Nov-2025 18:02:35 UTC] Loaded file: rkit_post_duplicator.php
[09-Nov-2025 18:02:35 UTC] Loaded file: rkit_tool_tips.php
[09-Nov-2025 18:02:35 UTC] Loaded file: rkit_wrapper_link.php
[09-Nov-2025 18:02:35 UTC] Class not found: \RomethemeKit\Rkit_Custom_Cursor
[09-Nov-2025 18:02:35 UTC] Instantiated class: \RomethemeKit\RkitDuplicator
[09-Nov-2025 18:02:35 UTC] Instantiated class: \RomethemeKit\BlurEffects
[09-Nov-2025 18:02:35 UTC] Class not found: \RomethemeKit\Rkit_Sticky_Content
[09-Nov-2025 18:02:35 UTC] Instantiated class: \RomethemeKit\RkitToolTips
[09-Nov-2025 18:02:35 UTC] Instantiated class: \RomethemeKit\RkitWrapperLink
[09-Nov-2025 18:02:41 UTC] Loaded file: blur_effects.php
[09-Nov-2025 18:02:41 UTC] Loaded file: rkit_post_duplicator.php
[09-Nov-2025 18:02:41 UTC] Loaded file: rkit_tool_tips.php
[09-Nov-2025 18:02:41 UTC] Loaded file: rkit_wrapper_link.php
[09-Nov-2025 18:02:41 UTC] Class not found: \RomethemeKit\Rkit_Custom_Cursor
[09-Nov-2025 18:02:41 UTC] Instantiated class: \RomethemeKit\RkitDuplicator
[09-Nov-2025 18:02:41 UTC] Instantiated class: \RomethemeKit\BlurEffects
[09-Nov-2025 18:02:41 UTC] Class not found: \RomethemeKit\Rkit_Sticky_Content
[09-Nov-2025 18:02:41 UTC] Instantiated class: \RomethemeKit\RkitToolTips
[09-Nov-2025 18:02:41 UTC] Instantiated class: \RomethemeKit\RkitWrapperLink
[09-Nov-2025 18:02:42 UTC] Loaded file: blur_effects.php
[09-Nov-2025 18:02:42 UTC] Loaded file: rkit_post_duplicator.php
[09-Nov-2025 18:02:42 UTC] Loaded file: rkit_tool_tips.php
[09-Nov-2025 18:02:42 UTC] Loaded file: rkit_wrapper_link.php
[09-Nov-2025 18:02:42 UTC] Class not found: \RomethemeKit\Rkit_Custom_Cursor
[09-Nov-2025 18:02:42 UTC] Instantiated class: \RomethemeKit\RkitDuplicator
[09-Nov-2025 18:02:42 UTC] Instantiated class: \RomethemeKit\BlurEffects
[09-Nov-2025 18:02:42 UTC] Class not found: \RomethemeKit\Rkit_Sticky_Content
[09-Nov-2025 18:02:42 UTC] Instantiated class: \RomethemeKit\RkitToolTips
[09-Nov-2025 18:02:42 UTC] Instantiated class: \RomethemeKit\RkitWrapperLink
[09-Nov-2025 18:02:42 UTC] [Soltour API info] === AJAX SEARCH PACKAGES CALLED ===
[09-Nov-2025 18:02:42 UTC] [Soltour API info] Params with pagination: {"originCode":"MAD","destinationCode":"PUJ","startDate":"2025-11-16","numNights":7,"rooms":[{"passengers":[{"type":"ADULT","age":30},{"type":"ADULT","age":30}]}],"firstItem":10,"itemCount":10}
[09-Nov-2025 18:02:42 UTC] [Soltour API info] Request to booking/availability: {"productType":"PACKAGE","criteria":{"order":{"type":"PRICE","direction":"ASC"},"pagination":{"firstItem":10,"itemCount":10}},"languageCode":"PT","params":{"startDate":"2025-11-16","endDate":"2025-11-23","residentType":"NONE","accomodation":{"rooms":[{"passengers":[{"type":"ADULT","age":30},{"type":"ADULT","age":30}]}]},"hotelParams":{"destinationCode":"PUJ","includeImmediatePayment":true},"flightParams":{"itineraries":[{"origins":["MAD"],"destinations":["PUJ"]}],"directFlightsOnly":false,"includeImmediatePayment":true}}}
[09-Nov-2025 18:02:45 UTC] [Soltour API info] Response from booking/availability: {"productType":"PACKAGE","availToken":"GosWnHgLr7j2NFQ5ZcvEJ3g5VPgMLJH2VJTwHyZkDkQ=","timestamp":"2025-11-09T19:02:42.554034415","serviceType":"UNDEFINED","agencyInformation":{"clientCode":"BEAUTYT","branchOfficeCode":"999","taxApplicationType":"ISC","taxRate":0,"paymentType":"PP","commission":{"currency":"EUR","rate":15}},"budgets":[{"booked":false,"selected":true,"flightServices":[{"responseId":"-319221572","id":"f905d764-790d-4c51-a5e7-9171ec29dde5","type":"FLIGHT","priceApplicationType":"BY_
[09-Nov-2025 18:02:45 UTC] [Soltour API info] API Response: {"has_budgets":true,"budget_count":2,"has_availToken":true,"totalCount":0}
[09-Nov-2025 18:03:34 UTC] Loaded file: blur_effects.php
[09-Nov-2025 18:03:34 UTC] Loaded file: rkit_post_duplicator.php
[09-Nov-2025 18:03:34 UTC] Loaded file: rkit_tool_tips.php
[09-Nov-2025 18:03:34 UTC] Loaded file: rkit_wrapper_link.php
[09-Nov-2025 18:03:34 UTC] Class not found: \RomethemeKit\Rkit_Custom_Cursor
[09-Nov-2025 18:03:34 UTC] Instantiated class: \RomethemeKit\RkitDuplicator
[09-Nov-2025 18:03:34 UTC] Instantiated class: \RomethemeKit\BlurEffects
[09-Nov-2025 18:03:34 UTC] Class not found: \RomethemeKit\Rkit_Sticky_Content
[09-Nov-2025 18:03:34 UTC] Instantiated class: \RomethemeKit\RkitToolTips
[09-Nov-2025 18:03:34 UTC] Instantiated class: \RomethemeKit\RkitWrapperLink
[09-Nov-2025 18:03:35 UTC] Loaded file: blur_effects.php
[09-Nov-2025 18:03:35 UTC] Loaded file: rkit_post_duplicator.php
[09-Nov-2025 18:03:35 UTC] Loaded file: rkit_tool_tips.php
[09-Nov-2025 18:03:35 UTC] Loaded file: rkit_wrapper_link.php
[09-Nov-2025 18:03:35 UTC] Class not found: \RomethemeKit\Rkit_Custom_Cursor
[09-Nov-2025 18:03:35 UTC] Instantiated class: \RomethemeKit\RkitDuplicator
[09-Nov-2025 18:03:35 UTC] Instantiated class: \RomethemeKit\BlurEffects
[09-Nov-2025 18:03:35 UTC] Class not found: \RomethemeKit\Rkit_Sticky_Content
[09-Nov-2025 18:03:35 UTC] Instantiated class: \RomethemeKit\RkitToolTips
[09-Nov-2025 18:03:35 UTC] Instantiated class: \RomethemeKit\RkitWrapperLink
[09-Nov-2025 18:05:35 UTC] Loaded file: blur_effects.php
[09-Nov-2025 18:05:35 UTC] Loaded file: rkit_post_duplicator.php
[09-Nov-2025 18:05:35 UTC] Loaded file: rkit_tool_tips.php
[09-Nov-2025 18:05:35 UTC] Loaded file: rkit_wrapper_link.php
[09-Nov-2025 18:05:35 UTC] Class not found: \RomethemeKit\Rkit_Custom_Cursor
[09-Nov-2025 18:05:35 UTC] Instantiated class: \RomethemeKit\RkitDuplicator
[09-Nov-2025 18:05:35 UTC] Instantiated class: \RomethemeKit\BlurEffects
[09-Nov-2025 18:05:35 UTC] Class not found: \RomethemeKit\Rkit_Sticky_Content
[09-Nov-2025 18:05:35 UTC] Instantiated class: \RomethemeKit\RkitToolTips
[09-Nov-2025 18:05:35 UTC] Instantiated class: \RomethemeKit\RkitWrapperLink
[09-Nov-2025 18:05:36 UTC] Loaded file: blur_effects.php
[09-Nov-2025 18:05:36 UTC] Loaded file: rkit_post_duplicator.php
[09-Nov-2025 18:05:36 UTC] Loaded file: rkit_tool_tips.php
[09-Nov-2025 18:05:36 UTC] Loaded file: rkit_wrapper_link.php
[09-Nov-2025 18:05:36 UTC] Class not found: \RomethemeKit\Rkit_Custom_Cursor
[09-Nov-2025 18:05:36 UTC] Instantiated class: \RomethemeKit\RkitDuplicator
[09-Nov-2025 18:05:36 UTC] Instantiated class: \RomethemeKit\BlurEffects
[09-Nov-2025 18:05:36 UTC] Class not found: \RomethemeKit\Rkit_Sticky_Content
[09-Nov-2025 18:05:36 UTC] Instantiated class: \RomethemeKit\RkitToolTips
[09-Nov-2025 18:05:36 UTC] Instantiated class: \RomethemeKit\RkitWrapperLink
