[13-Nov-2025 13:31:22 UTC] Loaded file: blur_effects.php
[13-Nov-2025 13:31:22 UTC] Loaded file: rkit_post_duplicator.php
[13-Nov-2025 13:31:22 UTC] Loaded file: rkit_tool_tips.php
[13-Nov-2025 13:31:22 UTC] Loaded file: rkit_wrapper_link.php
[13-Nov-2025 13:31:22 UTC] Class not found: \RomethemeKit\Rkit_Custom_Cursor
[13-Nov-2025 13:31:22 UTC] Instantiated class: \RomethemeKit\RkitDuplicator
[13-Nov-2025 13:31:22 UTC] Instantiated class: \RomethemeKit\BlurEffects
[13-Nov-2025 13:31:22 UTC] Class not found: \RomethemeKit\Rkit_Sticky_Content
[13-Nov-2025 13:31:22 UTC] Instantiated class: \RomethemeKit\RkitToolTips
[13-Nov-2025 13:31:22 UTC] Instantiated class: \RomethemeKit\RkitWrapperLink
[13-Nov-2025 13:31:23 UTC] Loaded file: blur_effects.php
[13-Nov-2025 13:31:23 UTC] Loaded file: rkit_post_duplicator.php
[13-Nov-2025 13:31:23 UTC] Loaded file: rkit_tool_tips.php
[13-Nov-2025 13:31:23 UTC] Loaded file: rkit_wrapper_link.php
[13-Nov-2025 13:31:23 UTC] Class not found: \RomethemeKit\Rkit_Custom_Cursor
[13-Nov-2025 13:31:23 UTC] Instantiated class: \RomethemeKit\RkitDuplicator
[13-Nov-2025 13:31:23 UTC] Instantiated class: \RomethemeKit\BlurEffects
[13-Nov-2025 13:31:23 UTC] Class not found: \RomethemeKit\Rkit_Sticky_Content
[13-Nov-2025 13:31:23 UTC] Instantiated class: \RomethemeKit\RkitToolTips
[13-Nov-2025 13:31:23 UTC] Instantiated class: \RomethemeKit\RkitWrapperLink
[13-Nov-2025 13:31:23 UTC] Loaded file: blur_effects.php
[13-Nov-2025 13:31:23 UTC] Loaded file: rkit_post_duplicator.php
[13-Nov-2025 13:31:23 UTC] Loaded file: rkit_tool_tips.php
[13-Nov-2025 13:31:23 UTC] Loaded file: rkit_wrapper_link.php
[13-Nov-2025 13:31:23 UTC] Class not found: \RomethemeKit\Rkit_Custom_Cursor
[13-Nov-2025 13:31:23 UTC] Instantiated class: \RomethemeKit\RkitDuplicator
[13-Nov-2025 13:31:23 UTC] Instantiated class: \RomethemeKit\BlurEffects
[13-Nov-2025 13:31:23 UTC] Class not found: \RomethemeKit\Rkit_Sticky_Content
[13-Nov-2025 13:31:23 UTC] Instantiated class: \RomethemeKit\RkitToolTips
[13-Nov-2025 13:31:23 UTC] Instantiated class: \RomethemeKit\RkitWrapperLink
[13-Nov-2025 13:31:28 UTC] Loaded file: blur_effects.php
[13-Nov-2025 13:31:28 UTC] Loaded file: rkit_post_duplicator.php
[13-Nov-2025 13:31:28 UTC] Loaded file: rkit_tool_tips.php
[13-Nov-2025 13:31:28 UTC] Loaded file: rkit_wrapper_link.php
[13-Nov-2025 13:31:28 UTC] Class not found: \RomethemeKit\Rkit_Custom_Cursor
[13-Nov-2025 13:31:28 UTC] Instantiated class: \RomethemeKit\RkitDuplicator
[13-Nov-2025 13:31:28 UTC] Instantiated class: \RomethemeKit\BlurEffects
[13-Nov-2025 13:31:28 UTC] Class not found: \RomethemeKit\Rkit_Sticky_Content
[13-Nov-2025 13:31:28 UTC] Instantiated class: \RomethemeKit\RkitToolTips
[13-Nov-2025 13:31:28 UTC] Instantiated class: \RomethemeKit\RkitWrapperLink
[13-Nov-2025 13:31:29 UTC] Loaded file: blur_effects.php
[13-Nov-2025 13:31:29 UTC] Loaded file: rkit_post_duplicator.php
[13-Nov-2025 13:31:29 UTC] Loaded file: rkit_tool_tips.php
[13-Nov-2025 13:31:29 UTC] Loaded file: rkit_wrapper_link.php
[13-Nov-2025 13:31:29 UTC] Class not found: \RomethemeKit\Rkit_Custom_Cursor
[13-Nov-2025 13:31:29 UTC] Instantiated class: \RomethemeKit\RkitDuplicator
[13-Nov-2025 13:31:29 UTC] Instantiated class: \RomethemeKit\BlurEffects
[13-Nov-2025 13:31:29 UTC] Class not found: \RomethemeKit\Rkit_Sticky_Content
[13-Nov-2025 13:31:29 UTC] Instantiated class: \RomethemeKit\RkitToolTips
[13-Nov-2025 13:31:29 UTC] Instantiated class: \RomethemeKit\RkitWrapperLink
[13-Nov-2025 13:31:37 UTC] Loaded file: blur_effects.php
[13-Nov-2025 13:31:37 UTC] Loaded file: rkit_post_duplicator.php
[13-Nov-2025 13:31:37 UTC] Loaded file: rkit_tool_tips.php
[13-Nov-2025 13:31:37 UTC] Loaded file: rkit_wrapper_link.php
[13-Nov-2025 13:31:37 UTC] Class not found: \RomethemeKit\Rkit_Custom_Cursor
[13-Nov-2025 13:31:37 UTC] Instantiated class: \RomethemeKit\RkitDuplicator
[13-Nov-2025 13:31:37 UTC] Instantiated class: \RomethemeKit\BlurEffects
[13-Nov-2025 13:31:37 UTC] Class not found: \RomethemeKit\Rkit_Sticky_Content
[13-Nov-2025 13:31:37 UTC] Instantiated class: \RomethemeKit\RkitToolTips
[13-Nov-2025 13:31:37 UTC] Instantiated class: \RomethemeKit\RkitWrapperLink
[13-Nov-2025 13:31:40 UTC] Loaded file: blur_effects.php
[13-Nov-2025 13:31:40 UTC] Loaded file: rkit_post_duplicator.php
[13-Nov-2025 13:31:40 UTC] Loaded file: rkit_tool_tips.php
[13-Nov-2025 13:31:40 UTC] Loaded file: rkit_wrapper_link.php
[13-Nov-2025 13:31:40 UTC] Class not found: \RomethemeKit\Rkit_Custom_Cursor
[13-Nov-2025 13:31:40 UTC] Instantiated class: \RomethemeKit\RkitDuplicator
[13-Nov-2025 13:31:40 UTC] Instantiated class: \RomethemeKit\BlurEffects
[13-Nov-2025 13:31:40 UTC] Class not found: \RomethemeKit\Rkit_Sticky_Content
[13-Nov-2025 13:31:40 UTC] Instantiated class: \RomethemeKit\RkitToolTips
[13-Nov-2025 13:31:40 UTC] Instantiated class: \RomethemeKit\RkitWrapperLink
[13-Nov-2025 13:31:41 UTC] Loaded file: blur_effects.php
[13-Nov-2025 13:31:41 UTC] Loaded file: rkit_post_duplicator.php
[13-Nov-2025 13:31:41 UTC] Loaded file: rkit_tool_tips.php
[13-Nov-2025 13:31:41 UTC] Loaded file: rkit_wrapper_link.php
[13-Nov-2025 13:31:41 UTC] Class not found: \RomethemeKit\Rkit_Custom_Cursor
[13-Nov-2025 13:31:41 UTC] Instantiated class: \RomethemeKit\RkitDuplicator
[13-Nov-2025 13:31:41 UTC] Instantiated class: \RomethemeKit\BlurEffects
[13-Nov-2025 13:31:41 UTC] Class not found: \RomethemeKit\Rkit_Sticky_Content
[13-Nov-2025 13:31:41 UTC] Instantiated class: \RomethemeKit\RkitToolTips
[13-Nov-2025 13:31:41 UTC] Instantiated class: \RomethemeKit\RkitWrapperLink
[13-Nov-2025 13:31:42 UTC] Soltour Booking V2: Plugin ativado com sucesso
[13-Nov-2025 13:31:42 UTC] Loaded file: blur_effects.php
[13-Nov-2025 13:31:42 UTC] Loaded file: rkit_post_duplicator.php
[13-Nov-2025 13:31:42 UTC] Loaded file: rkit_tool_tips.php
[13-Nov-2025 13:31:42 UTC] Loaded file: rkit_wrapper_link.php
[13-Nov-2025 13:31:42 UTC] Class not found: \RomethemeKit\Rkit_Custom_Cursor
[13-Nov-2025 13:31:42 UTC] Instantiated class: \RomethemeKit\RkitDuplicator
[13-Nov-2025 13:31:42 UTC] Instantiated class: \RomethemeKit\BlurEffects
[13-Nov-2025 13:31:42 UTC] Class not found: \RomethemeKit\Rkit_Sticky_Content
[13-Nov-2025 13:31:42 UTC] Instantiated class: \RomethemeKit\RkitToolTips
[13-Nov-2025 13:31:42 UTC] Instantiated class: \RomethemeKit\RkitWrapperLink
[13-Nov-2025 13:31:51 UTC] Loaded file: blur_effects.php
[13-Nov-2025 13:31:51 UTC] Loaded file: rkit_post_duplicator.php
[13-Nov-2025 13:31:51 UTC] Loaded file: rkit_tool_tips.php
[13-Nov-2025 13:31:51 UTC] Loaded file: rkit_wrapper_link.php
[13-Nov-2025 13:31:51 UTC] Class not found: \RomethemeKit\Rkit_Custom_Cursor
[13-Nov-2025 13:31:51 UTC] Instantiated class: \RomethemeKit\RkitDuplicator
[13-Nov-2025 13:31:51 UTC] Instantiated class: \RomethemeKit\BlurEffects
[13-Nov-2025 13:31:51 UTC] Class not found: \RomethemeKit\Rkit_Sticky_Content
[13-Nov-2025 13:31:51 UTC] Instantiated class: \RomethemeKit\RkitToolTips
[13-Nov-2025 13:31:51 UTC] Instantiated class: \RomethemeKit\RkitWrapperLink
[13-Nov-2025 13:31:52 UTC] Loaded file: blur_effects.php
[13-Nov-2025 13:31:52 UTC] Loaded file: rkit_post_duplicator.php
[13-Nov-2025 13:31:52 UTC] Loaded file: rkit_tool_tips.php
[13-Nov-2025 13:31:52 UTC] Loaded file: rkit_wrapper_link.php
[13-Nov-2025 13:31:52 UTC] Class not found: \RomethemeKit\Rkit_Custom_Cursor
[13-Nov-2025 13:31:52 UTC] Instantiated class: \RomethemeKit\RkitDuplicator
[13-Nov-2025 13:31:52 UTC] Instantiated class: \RomethemeKit\BlurEffects
[13-Nov-2025 13:31:52 UTC] Class not found: \RomethemeKit\Rkit_Sticky_Content
[13-Nov-2025 13:31:52 UTC] Instantiated class: \RomethemeKit\RkitToolTips
[13-Nov-2025 13:31:52 UTC] Instantiated class: \RomethemeKit\RkitWrapperLink
[13-Nov-2025 13:32:48 UTC] Loaded file: blur_effects.php
[13-Nov-2025 13:32:48 UTC] Loaded file: rkit_post_duplicator.php
[13-Nov-2025 13:32:48 UTC] Loaded file: rkit_tool_tips.php
[13-Nov-2025 13:32:48 UTC] Loaded file: rkit_wrapper_link.php
[13-Nov-2025 13:32:48 UTC] Class not found: \RomethemeKit\Rkit_Custom_Cursor
[13-Nov-2025 13:32:48 UTC] Instantiated class: \RomethemeKit\RkitDuplicator
[13-Nov-2025 13:32:48 UTC] Instantiated class: \RomethemeKit\BlurEffects
[13-Nov-2025 13:32:48 UTC] Class not found: \RomethemeKit\Rkit_Sticky_Content
[13-Nov-2025 13:32:48 UTC] Instantiated class: \RomethemeKit\RkitToolTips
[13-Nov-2025 13:32:48 UTC] Instantiated class: \RomethemeKit\RkitWrapperLink
[13-Nov-2025 13:32:49 UTC] Loaded file: blur_effects.php
[13-Nov-2025 13:32:49 UTC] Loaded file: rkit_post_duplicator.php
[13-Nov-2025 13:32:49 UTC] Loaded file: rkit_tool_tips.php
[13-Nov-2025 13:32:49 UTC] Loaded file: rkit_wrapper_link.php
[13-Nov-2025 13:32:49 UTC] Class not found: \RomethemeKit\Rkit_Custom_Cursor
[13-Nov-2025 13:32:49 UTC] Instantiated class: \RomethemeKit\RkitDuplicator
[13-Nov-2025 13:32:49 UTC] Instantiated class: \RomethemeKit\BlurEffects
[13-Nov-2025 13:32:49 UTC] Class not found: \RomethemeKit\Rkit_Sticky_Content
[13-Nov-2025 13:32:49 UTC] Instantiated class: \RomethemeKit\RkitToolTips
[13-Nov-2025 13:32:49 UTC] Instantiated class: \RomethemeKit\RkitWrapperLink
[13-Nov-2025 13:32:53 UTC] Loaded file: blur_effects.php
[13-Nov-2025 13:32:53 UTC] Loaded file: rkit_post_duplicator.php
[13-Nov-2025 13:32:53 UTC] Loaded file: rkit_tool_tips.php
[13-Nov-2025 13:32:53 UTC] Loaded file: rkit_wrapper_link.php
[13-Nov-2025 13:32:53 UTC] Class not found: \RomethemeKit\Rkit_Custom_Cursor
[13-Nov-2025 13:32:53 UTC] Instantiated class: \RomethemeKit\RkitDuplicator
[13-Nov-2025 13:32:53 UTC] Instantiated class: \RomethemeKit\BlurEffects
[13-Nov-2025 13:32:53 UTC] Class not found: \RomethemeKit\Rkit_Sticky_Content
[13-Nov-2025 13:32:53 UTC] Instantiated class: \RomethemeKit\RkitToolTips
[13-Nov-2025 13:32:53 UTC] Instantiated class: \RomethemeKit\RkitWrapperLink
[13-Nov-2025 13:32:58 UTC] Loaded file: blur_effects.php
[13-Nov-2025 13:32:58 UTC] Loaded file: rkit_post_duplicator.php
[13-Nov-2025 13:32:58 UTC] Loaded file: rkit_tool_tips.php
[13-Nov-2025 13:32:58 UTC] Loaded file: rkit_wrapper_link.php
[13-Nov-2025 13:32:58 UTC] Class not found: \RomethemeKit\Rkit_Custom_Cursor
[13-Nov-2025 13:32:58 UTC] Instantiated class: \RomethemeKit\RkitDuplicator
[13-Nov-2025 13:32:58 UTC] Instantiated class: \RomethemeKit\BlurEffects
[13-Nov-2025 13:32:58 UTC] Class not found: \RomethemeKit\Rkit_Sticky_Content
[13-Nov-2025 13:32:58 UTC] Instantiated class: \RomethemeKit\RkitToolTips
[13-Nov-2025 13:32:58 UTC] Instantiated class: \RomethemeKit\RkitWrapperLink
[13-Nov-2025 13:32:58 UTC] Loaded file: blur_effects.php
[13-Nov-2025 13:32:58 UTC] Loaded file: rkit_post_duplicator.php
[13-Nov-2025 13:32:58 UTC] Loaded file: rkit_tool_tips.php
[13-Nov-2025 13:32:58 UTC] Loaded file: rkit_wrapper_link.php
[13-Nov-2025 13:32:58 UTC] Class not found: \RomethemeKit\Rkit_Custom_Cursor
[13-Nov-2025 13:32:58 UTC] Instantiated class: \RomethemeKit\RkitDuplicator
[13-Nov-2025 13:32:58 UTC] Instantiated class: \RomethemeKit\BlurEffects
[13-Nov-2025 13:32:58 UTC] Class not found: \RomethemeKit\Rkit_Sticky_Content
[13-Nov-2025 13:32:58 UTC] Instantiated class: \RomethemeKit\RkitToolTips
[13-Nov-2025 13:32:58 UTC] Instantiated class: \RomethemeKit\RkitWrapperLink
[13-Nov-2025 13:32:58 UTC] Loaded file: blur_effects.php
[13-Nov-2025 13:32:58 UTC] Loaded file: rkit_post_duplicator.php
[13-Nov-2025 13:32:58 UTC] Loaded file: rkit_tool_tips.php
[13-Nov-2025 13:32:58 UTC] Loaded file: rkit_wrapper_link.php
[13-Nov-2025 13:32:58 UTC] Class not found: \RomethemeKit\Rkit_Custom_Cursor
[13-Nov-2025 13:32:58 UTC] Instantiated class: \RomethemeKit\RkitDuplicator
[13-Nov-2025 13:32:58 UTC] Instantiated class: \RomethemeKit\BlurEffects
[13-Nov-2025 13:32:58 UTC] Class not found: \RomethemeKit\Rkit_Sticky_Content
[13-Nov-2025 13:32:58 UTC] Instantiated class: \RomethemeKit\RkitToolTips
[13-Nov-2025 13:32:58 UTC] Instantiated class: \RomethemeKit\RkitWrapperLink
[13-Nov-2025 13:33:02 UTC] Loaded file: blur_effects.php
[13-Nov-2025 13:33:02 UTC] Loaded file: rkit_post_duplicator.php
[13-Nov-2025 13:33:02 UTC] Loaded file: rkit_tool_tips.php
[13-Nov-2025 13:33:02 UTC] Loaded file: rkit_wrapper_link.php
[13-Nov-2025 13:33:02 UTC] Class not found: \RomethemeKit\Rkit_Custom_Cursor
[13-Nov-2025 13:33:02 UTC] Instantiated class: \RomethemeKit\RkitDuplicator
[13-Nov-2025 13:33:02 UTC] Instantiated class: \RomethemeKit\BlurEffects
[13-Nov-2025 13:33:02 UTC] Class not found: \RomethemeKit\Rkit_Sticky_Content
[13-Nov-2025 13:33:02 UTC] Instantiated class: \RomethemeKit\RkitToolTips
[13-Nov-2025 13:33:02 UTC] Instantiated class: \RomethemeKit\RkitWrapperLink
[13-Nov-2025 13:33:02 UTC] [Soltour API info] Request to master/getAllOrigins: {"productType":"PACKAGE","destinationCode":"PUJ"}
[13-Nov-2025 13:33:03 UTC] [Soltour API info] Response from master/getAllOrigins: {"origins":[{"code":"LCG","name":"A Coruña","airportType":"AIRPORT","destinationCode":"LCG","destinationName":"LA CORUNA","description":"A Coruña","dynamic":false},{"code":"ABC","name":"Albacete","airportType":"AIRPORT","description":"Albacete","dynamic":false},{"code":"ALC","name":"Alicante","airportType":"AIRPORT","destinationCode":"ALC","destinationName":"ALICANTE","description":"Alicante","dynamic":false},{"code":"LEI","name":"Almería","airportType":"AIRPORT","destinationCode":"LEI","dest
[13-Nov-2025 13:33:12 UTC] Loaded file: blur_effects.php
[13-Nov-2025 13:33:12 UTC] Loaded file: rkit_post_duplicator.php
[13-Nov-2025 13:33:12 UTC] Loaded file: rkit_tool_tips.php
[13-Nov-2025 13:33:12 UTC] Loaded file: rkit_wrapper_link.php
[13-Nov-2025 13:33:12 UTC] Class not found: \RomethemeKit\Rkit_Custom_Cursor
[13-Nov-2025 13:33:12 UTC] Instantiated class: \RomethemeKit\RkitDuplicator
[13-Nov-2025 13:33:12 UTC] Instantiated class: \RomethemeKit\BlurEffects
[13-Nov-2025 13:33:12 UTC] Class not found: \RomethemeKit\Rkit_Sticky_Content
[13-Nov-2025 13:33:12 UTC] Instantiated class: \RomethemeKit\RkitToolTips
[13-Nov-2025 13:33:12 UTC] Instantiated class: \RomethemeKit\RkitWrapperLink
[13-Nov-2025 13:33:17 UTC] Loaded file: blur_effects.php
[13-Nov-2025 13:33:17 UTC] Loaded file: rkit_post_duplicator.php
[13-Nov-2025 13:33:17 UTC] Loaded file: rkit_tool_tips.php
[13-Nov-2025 13:33:17 UTC] Loaded file: rkit_wrapper_link.php
[13-Nov-2025 13:33:17 UTC] Class not found: \RomethemeKit\Rkit_Custom_Cursor
[13-Nov-2025 13:33:17 UTC] Instantiated class: \RomethemeKit\RkitDuplicator
[13-Nov-2025 13:33:17 UTC] Instantiated class: \RomethemeKit\BlurEffects
[13-Nov-2025 13:33:17 UTC] Class not found: \RomethemeKit\Rkit_Sticky_Content
[13-Nov-2025 13:33:17 UTC] Instantiated class: \RomethemeKit\RkitToolTips
[13-Nov-2025 13:33:17 UTC] Instantiated class: \RomethemeKit\RkitWrapperLink
[13-Nov-2025 13:33:17 UTC] Loaded file: blur_effects.php
[13-Nov-2025 13:33:17 UTC] Loaded file: rkit_post_duplicator.php
[13-Nov-2025 13:33:17 UTC] Loaded file: rkit_tool_tips.php
[13-Nov-2025 13:33:17 UTC] Loaded file: rkit_wrapper_link.php
[13-Nov-2025 13:33:17 UTC] Class not found: \RomethemeKit\Rkit_Custom_Cursor
[13-Nov-2025 13:33:17 UTC] Instantiated class: \RomethemeKit\RkitDuplicator
[13-Nov-2025 13:33:17 UTC] Instantiated class: \RomethemeKit\BlurEffects
[13-Nov-2025 13:33:17 UTC] Class not found: \RomethemeKit\Rkit_Sticky_Content
[13-Nov-2025 13:33:17 UTC] Instantiated class: \RomethemeKit\RkitToolTips
[13-Nov-2025 13:33:17 UTC] Instantiated class: \RomethemeKit\RkitWrapperLink
[13-Nov-2025 13:33:18 UTC] [Soltour API info] === AJAX SEARCH PACKAGES CALLED ===
[13-Nov-2025 13:33:18 UTC] [Soltour API info] Params recebidos do frontend:
[13-Nov-2025 13:33:18 UTC] [Soltour API info]   - first_item: 0
[13-Nov-2025 13:33:18 UTC] [Soltour API info]   - item_count: 100
[13-Nov-2025 13:33:18 UTC] [Soltour API info] Params completos: {"originCode":"MAD","destinationCode":"PUJ","startDate":"2025-11-23","numNights":7,"rooms":[{"passengers":[{"type":"ADULT","age":30},{"type":"ADULT","age":30}]}],"productType":"PACKAGE","onlyHotel":"N","forceAvail":true,"firstItem":0,"itemCount":100}
[13-Nov-2025 13:33:18 UTC] [Soltour API info] Enviando para API Soltour (booking/availability):
[13-Nov-2025 13:33:18 UTC] [Soltour API info]   - criteria.pagination.firstItem: 0
[13-Nov-2025 13:33:18 UTC] [Soltour API info]   - criteria.pagination.itemCount: 100
[13-Nov-2025 13:33:18 UTC] [Soltour API info] Request to booking/availability: {"productType":"PACKAGE","onlyHotel":"N","forceAvail":true,"criteria":{"order":{"type":"PRICE","direction":"ASC"},"pagination":{"firstItem":0,"itemCount":100}},"languageCode":"PT","params":{"startDate":"2025-11-23","endDate":"2025-11-30","residentType":"NONE","accomodation":{"rooms":[{"passengers":[{"type":"ADULT","age":30},{"type":"ADULT","age":30}]}]},"hotelParams":{"destinationCode":"PUJ","includeImmediatePayment":true},"flightParams":{"itineraries":[{"origins":["MAD"],"destinations":["PUJ"]}],"directFlightsOnly":false,"includeImmediatePayment":true}}}
[13-Nov-2025 13:33:28 UTC] [Soltour API info] Response from booking/availability: {"productType":"PACKAGE","availToken":"P1iLoD6ZTWdFSATRLDWqsKJaylnPNsr4cVMR/Y6Uhkg=","timestamp":"2025-11-13T14:33:18.636156847","serviceType":"UNDEFINED","agencyInformation":{"clientCode":"BEAUTYT","branchOfficeCode":"999","taxApplicationType":"ISC","taxRate":0,"paymentType":"PP","commission":{"currency":"EUR","rate":15}},"budgets":[{"booked":false,"selected":false,"hotelServices":[{"responseId":"4roFlDZzEXYDi0DjEMBOIcqefZf2hooRqBn9OC8ibPs=","id":"80680934-5e46-43a6-ae98-00b293b22ae0","type":"H
[13-Nov-2025 13:33:28 UTC] [Soltour API info] Resposta da API Soltour:
[13-Nov-2025 13:33:28 UTC] [Soltour API info]   - budgets: 170
[13-Nov-2025 13:33:28 UTC] [Soltour API info]   - totalCount: 0
[13-Nov-2025 13:33:28 UTC] [Soltour API info]   - hotels: 27
[13-Nov-2025 13:33:28 UTC] [Soltour API info]   - availToken: SIM
[13-Nov-2025 13:33:29 UTC] Loaded file: blur_effects.php
[13-Nov-2025 13:33:29 UTC] Loaded file: rkit_post_duplicator.php
[13-Nov-2025 13:33:29 UTC] Loaded file: rkit_tool_tips.php
[13-Nov-2025 13:33:29 UTC] Loaded file: rkit_wrapper_link.php
[13-Nov-2025 13:33:29 UTC] Class not found: \RomethemeKit\Rkit_Custom_Cursor
[13-Nov-2025 13:33:29 UTC] Instantiated class: \RomethemeKit\RkitDuplicator
[13-Nov-2025 13:33:29 UTC] Instantiated class: \RomethemeKit\BlurEffects
[13-Nov-2025 13:33:29 UTC] Class not found: \RomethemeKit\Rkit_Sticky_Content
[13-Nov-2025 13:33:29 UTC] Instantiated class: \RomethemeKit\RkitToolTips
[13-Nov-2025 13:33:29 UTC] Instantiated class: \RomethemeKit\RkitWrapperLink
[13-Nov-2025 13:33:29 UTC] Loaded file: blur_effects.php
[13-Nov-2025 13:33:29 UTC] Loaded file: rkit_post_duplicator.php
[13-Nov-2025 13:33:29 UTC] Loaded file: rkit_tool_tips.php
[13-Nov-2025 13:33:29 UTC] Loaded file: rkit_wrapper_link.php
[13-Nov-2025 13:33:29 UTC] Class not found: \RomethemeKit\Rkit_Custom_Cursor
[13-Nov-2025 13:33:29 UTC] Instantiated class: \RomethemeKit\RkitDuplicator
[13-Nov-2025 13:33:29 UTC] Instantiated class: \RomethemeKit\BlurEffects
[13-Nov-2025 13:33:29 UTC] Class not found: \RomethemeKit\Rkit_Sticky_Content
[13-Nov-2025 13:33:29 UTC] Instantiated class: \RomethemeKit\RkitToolTips
[13-Nov-2025 13:33:29 UTC] Instantiated class: \RomethemeKit\RkitWrapperLink
[13-Nov-2025 13:33:29 UTC] Loaded file: blur_effects.php
[13-Nov-2025 13:33:29 UTC] Loaded file: rkit_post_duplicator.php
[13-Nov-2025 13:33:29 UTC] Loaded file: rkit_tool_tips.php
[13-Nov-2025 13:33:29 UTC] Loaded file: rkit_wrapper_link.php
[13-Nov-2025 13:33:29 UTC] Class not found: \RomethemeKit\Rkit_Custom_Cursor
[13-Nov-2025 13:33:29 UTC] Instantiated class: \RomethemeKit\RkitDuplicator
[13-Nov-2025 13:33:29 UTC] Instantiated class: \RomethemeKit\BlurEffects
[13-Nov-2025 13:33:29 UTC] Class not found: \RomethemeKit\Rkit_Sticky_Content
[13-Nov-2025 13:33:29 UTC] Instantiated class: \RomethemeKit\RkitToolTips
[13-Nov-2025 13:33:29 UTC] Instantiated class: \RomethemeKit\RkitWrapperLink
[13-Nov-2025 13:33:29 UTC] Loaded file: blur_effects.php
[13-Nov-2025 13:33:29 UTC] Loaded file: rkit_post_duplicator.php
[13-Nov-2025 13:33:29 UTC] Loaded file: rkit_tool_tips.php
[13-Nov-2025 13:33:29 UTC] Loaded file: rkit_wrapper_link.php
[13-Nov-2025 13:33:29 UTC] Class not found: \RomethemeKit\Rkit_Custom_Cursor
[13-Nov-2025 13:33:29 UTC] Instantiated class: \RomethemeKit\RkitDuplicator
[13-Nov-2025 13:33:29 UTC] Instantiated class: \RomethemeKit\BlurEffects
[13-Nov-2025 13:33:29 UTC] Class not found: \RomethemeKit\Rkit_Sticky_Content
[13-Nov-2025 13:33:29 UTC] Instantiated class: \RomethemeKit\RkitToolTips
[13-Nov-2025 13:33:29 UTC] Instantiated class: \RomethemeKit\RkitWrapperLink
[13-Nov-2025 13:33:29 UTC] Loaded file: blur_effects.php
[13-Nov-2025 13:33:29 UTC] Loaded file: rkit_post_duplicator.php
[13-Nov-2025 13:33:29 UTC] Loaded file: rkit_tool_tips.php
[13-Nov-2025 13:33:29 UTC] Loaded file: rkit_wrapper_link.php
[13-Nov-2025 13:33:29 UTC] Class not found: \RomethemeKit\Rkit_Custom_Cursor
[13-Nov-2025 13:33:29 UTC] Instantiated class: \RomethemeKit\RkitDuplicator
[13-Nov-2025 13:33:29 UTC] Instantiated class: \RomethemeKit\BlurEffects
[13-Nov-2025 13:33:29 UTC] Class not found: \RomethemeKit\Rkit_Sticky_Content
[13-Nov-2025 13:33:29 UTC] Instantiated class: \RomethemeKit\RkitToolTips
[13-Nov-2025 13:33:29 UTC] Instantiated class: \RomethemeKit\RkitWrapperLink
[13-Nov-2025 13:33:30 UTC] [Soltour API info] Getting details for budget: H24##TI##0$5736177976447503992@@CLASSICAL01, hotel: H24
[13-Nov-2025 13:33:30 UTC] [Soltour API info] Request to booking/details: {"productType":"PACKAGE","availToken":"P1iLoD6ZTWdFSATRLDWqsKJaylnPNsr4cVMR\/Y6Uhkg=","budgetId":"H24##TI##0$5736177976447503992@@CLASSICAL01","hotelParams":{"hotelCode":"H24","providerCode":"UNDEFINED"}}
[13-Nov-2025 13:33:30 UTC] [Soltour API info] Getting details for budget: H80090##TI##0$5547144107951909890@@CLASSICAL01, hotel: H80090
[13-Nov-2025 13:33:30 UTC] [Soltour API info] Request to booking/details: {"productType":"PACKAGE","availToken":"P1iLoD6ZTWdFSATRLDWqsKJaylnPNsr4cVMR\/Y6Uhkg=","budgetId":"H80090##TI##0$5547144107951909890@@CLASSICAL01","hotelParams":{"hotelCode":"H80090","providerCode":"UNDEFINED"}}
[13-Nov-2025 13:33:30 UTC] [Soltour API info] Getting details for budget: H81381##TI##0$5053406017467416562@@CLASSICAL01, hotel: H81381
[13-Nov-2025 13:33:30 UTC] [Soltour API info] Request to booking/details: {"productType":"PACKAGE","availToken":"P1iLoD6ZTWdFSATRLDWqsKJaylnPNsr4cVMR\/Y6Uhkg=","budgetId":"H81381##TI##0$5053406017467416562@@CLASSICAL01","hotelParams":{"hotelCode":"H81381","providerCode":"UNDEFINED"}}
[13-Nov-2025 13:33:30 UTC] Loaded file: blur_effects.php
[13-Nov-2025 13:33:30 UTC] Loaded file: rkit_post_duplicator.php
[13-Nov-2025 13:33:30 UTC] Loaded file: rkit_tool_tips.php
[13-Nov-2025 13:33:30 UTC] Loaded file: rkit_wrapper_link.php
[13-Nov-2025 13:33:30 UTC] Class not found: \RomethemeKit\Rkit_Custom_Cursor
[13-Nov-2025 13:33:30 UTC] Instantiated class: \RomethemeKit\RkitDuplicator
[13-Nov-2025 13:33:30 UTC] Instantiated class: \RomethemeKit\BlurEffects
[13-Nov-2025 13:33:30 UTC] Class not found: \RomethemeKit\Rkit_Sticky_Content
[13-Nov-2025 13:33:30 UTC] Instantiated class: \RomethemeKit\RkitToolTips
[13-Nov-2025 13:33:30 UTC] Instantiated class: \RomethemeKit\RkitWrapperLink
[13-Nov-2025 13:33:30 UTC] [Soltour API info] Getting details for budget: H217184##TI##0$5307526712841590772@@CLASSICAL01, hotel: H217184
[13-Nov-2025 13:33:30 UTC] [Soltour API info] Request to booking/details: {"productType":"PACKAGE","availToken":"P1iLoD6ZTWdFSATRLDWqsKJaylnPNsr4cVMR\/Y6Uhkg=","budgetId":"H217184##TI##0$5307526712841590772@@CLASSICAL01","hotelParams":{"hotelCode":"H217184","providerCode":"UNDEFINED"}}
[13-Nov-2025 13:33:30 UTC] [Soltour API info] Getting details for budget: H199543##SA##0$4934045693744376290@@CLASSICAL01, hotel: H199543
[13-Nov-2025 13:33:30 UTC] [Soltour API info] Request to booking/details: {"productType":"PACKAGE","availToken":"P1iLoD6ZTWdFSATRLDWqsKJaylnPNsr4cVMR\/Y6Uhkg=","budgetId":"H199543##SA##0$4934045693744376290@@CLASSICAL01","hotelParams":{"hotelCode":"H199543","providerCode":"UNDEFINED"}}
[13-Nov-2025 13:33:30 UTC] [Soltour API info] Response from booking/details: {"availToken":"P1iLoD6ZTWdFSATRLDWqsKJaylnPNsr4cVMR/Y6Uhkg=","timestamp":"2025-11-13T14:33:30.555528807","serviceType":"UNDEFINED","agencyInformation":{"clientCode":"BEAUTYT","branchOfficeCode":"999","taxApplicationType":"ISC","taxRate":0,"paymentType":"PP","commission":{"currency":"EUR","rate":15}},"params":{"startDate":"2025-11-23","endDate":"2025-11-30","accomodation":{"rooms":[{"passengers":[{"age":30,"type":"ADULT"},{"age":30,"type":"ADULT"}]}]},"residentType":"NONE","numNights":0,"flightPa
[13-Nov-2025 13:33:30 UTC] [Soltour API info] Details response structure: {"has_budget":false,"has_details":true,"has_error":false,"error_msg":null}
[13-Nov-2025 13:33:30 UTC] [Soltour API info] Response from booking/details: {"availToken":"P1iLoD6ZTWdFSATRLDWqsKJaylnPNsr4cVMR/Y6Uhkg=","timestamp":"2025-11-13T14:33:30.732590226","serviceType":"UNDEFINED","agencyInformation":{"clientCode":"BEAUTYT","branchOfficeCode":"999","taxApplicationType":"ISC","taxRate":0,"paymentType":"PP","commission":{"currency":"EUR","rate":15}},"params":{"startDate":"2025-11-23","endDate":"2025-11-30","accomodation":{"rooms":[{"passengers":[{"age":30,"type":"ADULT"},{"age":30,"type":"ADULT"}]}]},"residentType":"NONE","numNights":0,"flightPa
[13-Nov-2025 13:33:30 UTC] [Soltour API info] Details response structure: {"has_budget":false,"has_details":true,"has_error":false,"error_msg":null}
[13-Nov-2025 13:33:31 UTC] [Soltour API info] Response from booking/details: {"availToken":"P1iLoD6ZTWdFSATRLDWqsKJaylnPNsr4cVMR/Y6Uhkg=","timestamp":"2025-11-13T14:33:30.866382841","serviceType":"UNDEFINED","agencyInformation":{"clientCode":"BEAUTYT","branchOfficeCode":"999","taxApplicationType":"ISC","taxRate":0,"paymentType":"PP","commission":{"currency":"EUR","rate":15}},"params":{"startDate":"2025-11-23","endDate":"2025-11-30","accomodation":{"rooms":[{"passengers":[{"age":30,"type":"ADULT"},{"age":30,"type":"ADULT"}]}]},"residentType":"NONE","numNights":0,"flightPa
[13-Nov-2025 13:33:31 UTC] [Soltour API info] Details response structure: {"has_budget":false,"has_details":true,"has_error":false,"error_msg":null}
[13-Nov-2025 13:33:31 UTC] [Soltour API info] Response from booking/details: {"availToken":"P1iLoD6ZTWdFSATRLDWqsKJaylnPNsr4cVMR/Y6Uhkg=","timestamp":"2025-11-13T14:33:30.995089926","serviceType":"UNDEFINED","agencyInformation":{"clientCode":"BEAUTYT","branchOfficeCode":"999","taxApplicationType":"ISC","taxRate":0,"paymentType":"PP","commission":{"currency":"EUR","rate":15}},"params":{"startDate":"2025-11-23","endDate":"2025-11-30","accomodation":{"rooms":[{"passengers":[{"age":30,"type":"ADULT"},{"age":30,"type":"ADULT"}]}]},"residentType":"NONE","numNights":0,"flightPa
[13-Nov-2025 13:33:31 UTC] [Soltour API info] Details response structure: {"has_budget":false,"has_details":true,"has_error":false,"error_msg":null}
[13-Nov-2025 13:33:31 UTC] [Soltour API info] Response from booking/details: {"availToken":"P1iLoD6ZTWdFSATRLDWqsKJaylnPNsr4cVMR/Y6Uhkg=","timestamp":"2025-11-13T14:33:31.023601043","serviceType":"UNDEFINED","agencyInformation":{"clientCode":"BEAUTYT","branchOfficeCode":"999","taxApplicationType":"ISC","taxRate":0,"paymentType":"PP","commission":{"currency":"EUR","rate":15}},"params":{"startDate":"2025-11-23","endDate":"2025-11-30","accomodation":{"rooms":[{"passengers":[{"age":30,"type":"ADULT"},{"age":30,"type":"ADULT"}]}]},"residentType":"NONE","numNights":0,"flightPa
[13-Nov-2025 13:33:31 UTC] [Soltour API info] Details response structure: {"has_budget":false,"has_details":true,"has_error":false,"error_msg":null}
[13-Nov-2025 13:33:31 UTC] Loaded file: blur_effects.php
[13-Nov-2025 13:33:31 UTC] Loaded file: rkit_post_duplicator.php
[13-Nov-2025 13:33:31 UTC] Loaded file: rkit_tool_tips.php
[13-Nov-2025 13:33:31 UTC] Loaded file: rkit_wrapper_link.php
[13-Nov-2025 13:33:31 UTC] Class not found: \RomethemeKit\Rkit_Custom_Cursor
[13-Nov-2025 13:33:31 UTC] Instantiated class: \RomethemeKit\RkitDuplicator
[13-Nov-2025 13:33:31 UTC] Instantiated class: \RomethemeKit\BlurEffects
[13-Nov-2025 13:33:31 UTC] Class not found: \RomethemeKit\Rkit_Sticky_Content
[13-Nov-2025 13:33:31 UTC] Instantiated class: \RomethemeKit\RkitToolTips
[13-Nov-2025 13:33:31 UTC] Instantiated class: \RomethemeKit\RkitWrapperLink
[13-Nov-2025 13:33:31 UTC] Loaded file: blur_effects.php
[13-Nov-2025 13:33:31 UTC] Loaded file: rkit_post_duplicator.php
[13-Nov-2025 13:33:31 UTC] Loaded file: rkit_tool_tips.php
[13-Nov-2025 13:33:31 UTC] Loaded file: rkit_wrapper_link.php
[13-Nov-2025 13:33:31 UTC] Class not found: \RomethemeKit\Rkit_Custom_Cursor
[13-Nov-2025 13:33:31 UTC] Instantiated class: \RomethemeKit\RkitDuplicator
[13-Nov-2025 13:33:31 UTC] Instantiated class: \RomethemeKit\BlurEffects
[13-Nov-2025 13:33:31 UTC] Class not found: \RomethemeKit\Rkit_Sticky_Content
[13-Nov-2025 13:33:31 UTC] Instantiated class: \RomethemeKit\RkitToolTips
[13-Nov-2025 13:33:31 UTC] Instantiated class: \RomethemeKit\RkitWrapperLink
[13-Nov-2025 13:33:31 UTC] Loaded file: blur_effects.php
[13-Nov-2025 13:33:31 UTC] Loaded file: rkit_post_duplicator.php
[13-Nov-2025 13:33:31 UTC] Loaded file: rkit_tool_tips.php
[13-Nov-2025 13:33:31 UTC] Loaded file: rkit_wrapper_link.php
[13-Nov-2025 13:33:31 UTC] Class not found: \RomethemeKit\Rkit_Custom_Cursor
[13-Nov-2025 13:33:31 UTC] Instantiated class: \RomethemeKit\RkitDuplicator
[13-Nov-2025 13:33:31 UTC] Instantiated class: \RomethemeKit\BlurEffects
[13-Nov-2025 13:33:31 UTC] Class not found: \RomethemeKit\Rkit_Sticky_Content
[13-Nov-2025 13:33:31 UTC] Instantiated class: \RomethemeKit\RkitToolTips
[13-Nov-2025 13:33:31 UTC] Instantiated class: \RomethemeKit\RkitWrapperLink
[13-Nov-2025 13:33:31 UTC] Loaded file: blur_effects.php
[13-Nov-2025 13:33:31 UTC] Loaded file: rkit_post_duplicator.php
[13-Nov-2025 13:33:31 UTC] Loaded file: rkit_tool_tips.php
[13-Nov-2025 13:33:31 UTC] Loaded file: rkit_wrapper_link.php
[13-Nov-2025 13:33:31 UTC] Class not found: \RomethemeKit\Rkit_Custom_Cursor
[13-Nov-2025 13:33:31 UTC] Instantiated class: \RomethemeKit\RkitDuplicator
[13-Nov-2025 13:33:31 UTC] Instantiated class: \RomethemeKit\BlurEffects
[13-Nov-2025 13:33:31 UTC] Class not found: \RomethemeKit\Rkit_Sticky_Content
[13-Nov-2025 13:33:31 UTC] Instantiated class: \RomethemeKit\RkitToolTips
[13-Nov-2025 13:33:31 UTC] Instantiated class: \RomethemeKit\RkitWrapperLink
[13-Nov-2025 13:33:31 UTC] Loaded file: blur_effects.php
[13-Nov-2025 13:33:31 UTC] Loaded file: rkit_post_duplicator.php
[13-Nov-2025 13:33:31 UTC] Loaded file: rkit_tool_tips.php
[13-Nov-2025 13:33:31 UTC] Loaded file: rkit_wrapper_link.php
[13-Nov-2025 13:33:31 UTC] Class not found: \RomethemeKit\Rkit_Custom_Cursor
[13-Nov-2025 13:33:31 UTC] Instantiated class: \RomethemeKit\RkitDuplicator
[13-Nov-2025 13:33:31 UTC] Instantiated class: \RomethemeKit\BlurEffects
[13-Nov-2025 13:33:31 UTC] Class not found: \RomethemeKit\Rkit_Sticky_Content
[13-Nov-2025 13:33:31 UTC] Instantiated class: \RomethemeKit\RkitToolTips
[13-Nov-2025 13:33:31 UTC] Instantiated class: \RomethemeKit\RkitWrapperLink
[13-Nov-2025 13:33:32 UTC] [Soltour API info] Getting details for budget: H49702##TI##0$4860628978977078216@@CLASSICAL01, hotel: H49702
[13-Nov-2025 13:33:32 UTC] [Soltour API info] Request to booking/details: {"productType":"PACKAGE","availToken":"P1iLoD6ZTWdFSATRLDWqsKJaylnPNsr4cVMR\/Y6Uhkg=","budgetId":"H49702##TI##0$4860628978977078216@@CLASSICAL01","hotelParams":{"hotelCode":"H49702","providerCode":"UNDEFINED"}}
[13-Nov-2025 13:33:32 UTC] [Soltour API info] Getting details for budget: H408431##SA##0$4650564902809908118@@CLASSICAL01, hotel: H408431
[13-Nov-2025 13:33:32 UTC] [Soltour API info] Request to booking/details: {"productType":"PACKAGE","availToken":"P1iLoD6ZTWdFSATRLDWqsKJaylnPNsr4cVMR\/Y6Uhkg=","budgetId":"H408431##SA##0$4650564902809908118@@CLASSICAL01","hotelParams":{"hotelCode":"H408431","providerCode":"UNDEFINED"}}
[13-Nov-2025 13:33:32 UTC] [Soltour API info] Getting details for budget: H99741##TI##0$5176086936078486553@@CLASSICAL01, hotel: H99741
[13-Nov-2025 13:33:32 UTC] [Soltour API info] Request to booking/details: {"productType":"PACKAGE","availToken":"P1iLoD6ZTWdFSATRLDWqsKJaylnPNsr4cVMR\/Y6Uhkg=","budgetId":"H99741##TI##0$5176086936078486553@@CLASSICAL01","hotelParams":{"hotelCode":"H99741","providerCode":"UNDEFINED"}}
[13-Nov-2025 13:33:32 UTC] [Soltour API info] Getting details for budget: H81784##TI##0$5295933909001127286@@CLASSICAL01, hotel: H81784
[13-Nov-2025 13:33:32 UTC] [Soltour API info] Request to booking/details: {"productType":"PACKAGE","availToken":"P1iLoD6ZTWdFSATRLDWqsKJaylnPNsr4cVMR\/Y6Uhkg=","budgetId":"H81784##TI##0$5295933909001127286@@CLASSICAL01","hotelParams":{"hotelCode":"H81784","providerCode":"UNDEFINED"}}
[13-Nov-2025 13:33:32 UTC] [Soltour API info] Getting details for budget: H186203##TI##0$4911863100524895328@@CLASSICAL01, hotel: H186203
[13-Nov-2025 13:33:32 UTC] [Soltour API info] Request to booking/details: {"productType":"PACKAGE","availToken":"P1iLoD6ZTWdFSATRLDWqsKJaylnPNsr4cVMR\/Y6Uhkg=","budgetId":"H186203##TI##0$4911863100524895328@@CLASSICAL01","hotelParams":{"hotelCode":"H186203","providerCode":"UNDEFINED"}}
[13-Nov-2025 13:33:33 UTC] [Soltour API info] Response from booking/details: {"availToken":"P1iLoD6ZTWdFSATRLDWqsKJaylnPNsr4cVMR/Y6Uhkg=","timestamp":"2025-11-13T14:33:32.968471409","serviceType":"UNDEFINED","agencyInformation":{"clientCode":"BEAUTYT","branchOfficeCode":"999","taxApplicationType":"ISC","taxRate":0,"paymentType":"PP","commission":{"currency":"EUR","rate":15}},"params":{"startDate":"2025-11-23","endDate":"2025-11-30","accomodation":{"rooms":[{"passengers":[{"age":30,"type":"ADULT"},{"age":30,"type":"ADULT"}]}]},"residentType":"NONE","numNights":0,"flightPa
[13-Nov-2025 13:33:33 UTC] [Soltour API info] Details response structure: {"has_budget":false,"has_details":true,"has_error":false,"error_msg":null}
[13-Nov-2025 13:33:33 UTC] [Soltour API info] Response from booking/details: {"availToken":"P1iLoD6ZTWdFSATRLDWqsKJaylnPNsr4cVMR/Y6Uhkg=","timestamp":"2025-11-13T14:33:33.044806510","serviceType":"UNDEFINED","agencyInformation":{"clientCode":"BEAUTYT","branchOfficeCode":"999","taxApplicationType":"ISC","taxRate":0,"paymentType":"PP","commission":{"currency":"EUR","rate":15}},"params":{"startDate":"2025-11-23","endDate":"2025-11-30","accomodation":{"rooms":[{"passengers":[{"age":30,"type":"ADULT"},{"age":30,"type":"ADULT"}]}]},"residentType":"NONE","numNights":0,"flightPa
[13-Nov-2025 13:33:33 UTC] [Soltour API info] Details response structure: {"has_budget":false,"has_details":true,"has_error":false,"error_msg":null}
[13-Nov-2025 13:33:33 UTC] [Soltour API info] Response from booking/details: {"availToken":"P1iLoD6ZTWdFSATRLDWqsKJaylnPNsr4cVMR/Y6Uhkg=","timestamp":"2025-11-13T14:33:33.041369881","serviceType":"UNDEFINED","agencyInformation":{"clientCode":"BEAUTYT","branchOfficeCode":"999","taxApplicationType":"ISC","taxRate":0,"paymentType":"PP","commission":{"currency":"EUR","rate":15}},"params":{"startDate":"2025-11-23","endDate":"2025-11-30","accomodation":{"rooms":[{"passengers":[{"age":30,"type":"ADULT"},{"age":30,"type":"ADULT"}]}]},"residentType":"NONE","numNights":0,"flightPa
[13-Nov-2025 13:33:33 UTC] [Soltour API info] Details response structure: {"has_budget":false,"has_details":true,"has_error":false,"error_msg":null}
[13-Nov-2025 13:33:33 UTC] [Soltour API info] Response from booking/details: {"availToken":"P1iLoD6ZTWdFSATRLDWqsKJaylnPNsr4cVMR/Y6Uhkg=","timestamp":"2025-11-13T14:33:33.100488168","serviceType":"UNDEFINED","agencyInformation":{"clientCode":"BEAUTYT","branchOfficeCode":"999","taxApplicationType":"ISC","taxRate":0,"paymentType":"PP","commission":{"currency":"EUR","rate":15}},"params":{"startDate":"2025-11-23","endDate":"2025-11-30","accomodation":{"rooms":[{"passengers":[{"age":30,"type":"ADULT"},{"age":30,"type":"ADULT"}]}]},"residentType":"NONE","numNights":0,"flightPa
[13-Nov-2025 13:33:33 UTC] [Soltour API info] Details response structure: {"has_budget":false,"has_details":true,"has_error":false,"error_msg":null}
[13-Nov-2025 13:33:33 UTC] [Soltour API info] Response from booking/details: {"availToken":"P1iLoD6ZTWdFSATRLDWqsKJaylnPNsr4cVMR/Y6Uhkg=","timestamp":"2025-11-13T14:33:33.132103450","serviceType":"UNDEFINED","agencyInformation":{"clientCode":"BEAUTYT","branchOfficeCode":"999","taxApplicationType":"ISC","taxRate":0,"paymentType":"PP","commission":{"currency":"EUR","rate":15}},"params":{"startDate":"2025-11-23","endDate":"2025-11-30","accomodation":{"rooms":[{"passengers":[{"age":30,"type":"ADULT"},{"age":30,"type":"ADULT"}]}]},"residentType":"NONE","numNights":0,"flightPa
[13-Nov-2025 13:33:33 UTC] [Soltour API info] Details response structure: {"has_budget":false,"has_details":true,"has_error":false,"error_msg":null}
[13-Nov-2025 13:33:33 UTC] Loaded file: blur_effects.php
[13-Nov-2025 13:33:33 UTC] Loaded file: rkit_post_duplicator.php
[13-Nov-2025 13:33:33 UTC] Loaded file: rkit_tool_tips.php
[13-Nov-2025 13:33:33 UTC] Loaded file: rkit_wrapper_link.php
[13-Nov-2025 13:33:33 UTC] Class not found: \RomethemeKit\Rkit_Custom_Cursor
[13-Nov-2025 13:33:33 UTC] Instantiated class: \RomethemeKit\RkitDuplicator
[13-Nov-2025 13:33:33 UTC] Instantiated class: \RomethemeKit\BlurEffects
[13-Nov-2025 13:33:33 UTC] Class not found: \RomethemeKit\Rkit_Sticky_Content
[13-Nov-2025 13:33:33 UTC] Instantiated class: \RomethemeKit\RkitToolTips
[13-Nov-2025 13:33:33 UTC] Instantiated class: \RomethemeKit\RkitWrapperLink
[13-Nov-2025 13:33:33 UTC] Loaded file: blur_effects.php
[13-Nov-2025 13:33:33 UTC] Loaded file: rkit_post_duplicator.php
[13-Nov-2025 13:33:33 UTC] Loaded file: rkit_tool_tips.php
[13-Nov-2025 13:33:33 UTC] Loaded file: rkit_wrapper_link.php
[13-Nov-2025 13:33:33 UTC] Class not found: \RomethemeKit\Rkit_Custom_Cursor
[13-Nov-2025 13:33:33 UTC] Instantiated class: \RomethemeKit\RkitDuplicator
[13-Nov-2025 13:33:33 UTC] Instantiated class: \RomethemeKit\BlurEffects
[13-Nov-2025 13:33:33 UTC] Class not found: \RomethemeKit\Rkit_Sticky_Content
[13-Nov-2025 13:33:33 UTC] Instantiated class: \RomethemeKit\RkitToolTips
[13-Nov-2025 13:33:33 UTC] Instantiated class: \RomethemeKit\RkitWrapperLink
[13-Nov-2025 13:33:33 UTC] Loaded file: blur_effects.php
[13-Nov-2025 13:33:33 UTC] Loaded file: rkit_post_duplicator.php
[13-Nov-2025 13:33:33 UTC] Loaded file: rkit_tool_tips.php
[13-Nov-2025 13:33:33 UTC] Loaded file: rkit_wrapper_link.php
[13-Nov-2025 13:33:33 UTC] Class not found: \RomethemeKit\Rkit_Custom_Cursor
[13-Nov-2025 13:33:33 UTC] Instantiated class: \RomethemeKit\RkitDuplicator
[13-Nov-2025 13:33:33 UTC] Instantiated class: \RomethemeKit\BlurEffects
[13-Nov-2025 13:33:33 UTC] Class not found: \RomethemeKit\Rkit_Sticky_Content
[13-Nov-2025 13:33:33 UTC] Instantiated class: \RomethemeKit\RkitToolTips
[13-Nov-2025 13:33:33 UTC] Instantiated class: \RomethemeKit\RkitWrapperLink
[13-Nov-2025 13:33:33 UTC] Loaded file: blur_effects.php
[13-Nov-2025 13:33:33 UTC] Loaded file: rkit_post_duplicator.php
[13-Nov-2025 13:33:33 UTC] Loaded file: rkit_tool_tips.php
[13-Nov-2025 13:33:33 UTC] Loaded file: rkit_wrapper_link.php
[13-Nov-2025 13:33:33 UTC] Class not found: \RomethemeKit\Rkit_Custom_Cursor
[13-Nov-2025 13:33:33 UTC] Instantiated class: \RomethemeKit\RkitDuplicator
[13-Nov-2025 13:33:33 UTC] Instantiated class: \RomethemeKit\BlurEffects
[13-Nov-2025 13:33:33 UTC] Class not found: \RomethemeKit\Rkit_Sticky_Content
[13-Nov-2025 13:33:33 UTC] Instantiated class: \RomethemeKit\RkitToolTips
[13-Nov-2025 13:33:33 UTC] Instantiated class: \RomethemeKit\RkitWrapperLink
[13-Nov-2025 13:33:33 UTC] Loaded file: blur_effects.php
[13-Nov-2025 13:33:33 UTC] Loaded file: rkit_post_duplicator.php
[13-Nov-2025 13:33:33 UTC] Loaded file: rkit_tool_tips.php
[13-Nov-2025 13:33:33 UTC] Loaded file: rkit_wrapper_link.php
[13-Nov-2025 13:33:33 UTC] Class not found: \RomethemeKit\Rkit_Custom_Cursor
[13-Nov-2025 13:33:33 UTC] Instantiated class: \RomethemeKit\RkitDuplicator
[13-Nov-2025 13:33:33 UTC] Instantiated class: \RomethemeKit\BlurEffects
[13-Nov-2025 13:33:33 UTC] Class not found: \RomethemeKit\Rkit_Sticky_Content
[13-Nov-2025 13:33:33 UTC] Instantiated class: \RomethemeKit\RkitToolTips
[13-Nov-2025 13:33:33 UTC] Instantiated class: \RomethemeKit\RkitWrapperLink
[13-Nov-2025 13:33:34 UTC] [Soltour API info] Getting details for budget: H1##TI##0$5146331307223724487@@CLASSICAL01, hotel: H1
[13-Nov-2025 13:33:34 UTC] [Soltour API info] Request to booking/details: {"productType":"PACKAGE","availToken":"P1iLoD6ZTWdFSATRLDWqsKJaylnPNsr4cVMR\/Y6Uhkg=","budgetId":"H1##TI##0$5146331307223724487@@CLASSICAL01","hotelParams":{"hotelCode":"H1","providerCode":"UNDEFINED"}}
[13-Nov-2025 13:33:34 UTC] [Soltour API info] Getting details for budget: H14##TI##0$4947416245073558213@@CLASSICAL01, hotel: H14
[13-Nov-2025 13:33:34 UTC] [Soltour API info] Request to booking/details: {"productType":"PACKAGE","availToken":"P1iLoD6ZTWdFSATRLDWqsKJaylnPNsr4cVMR\/Y6Uhkg=","budgetId":"H14##TI##0$4947416245073558213@@CLASSICAL01","hotelParams":{"hotelCode":"H14","providerCode":"UNDEFINED"}}
[13-Nov-2025 13:33:34 UTC] [Soltour API info] Getting details for budget: H68719##TI##0$4647306122107515030@@CLASSICAL01, hotel: H68719
[13-Nov-2025 13:33:34 UTC] [Soltour API info] Request to booking/details: {"productType":"PACKAGE","availToken":"P1iLoD6ZTWdFSATRLDWqsKJaylnPNsr4cVMR\/Y6Uhkg=","budgetId":"H68719##TI##0$4647306122107515030@@CLASSICAL01","hotelParams":{"hotelCode":"H68719","providerCode":"UNDEFINED"}}
[13-Nov-2025 13:33:34 UTC] [Soltour API info] Getting details for budget: H50725##TI##0$5080180678762256440@@CLASSICAL01, hotel: H50725
[13-Nov-2025 13:33:34 UTC] [Soltour API info] Request to booking/details: {"productType":"PACKAGE","availToken":"P1iLoD6ZTWdFSATRLDWqsKJaylnPNsr4cVMR\/Y6Uhkg=","budgetId":"H50725##TI##0$5080180678762256440@@CLASSICAL01","hotelParams":{"hotelCode":"H50725","providerCode":"UNDEFINED"}}
[13-Nov-2025 13:33:34 UTC] [Soltour API info] Getting details for budget: H3784##TI##0$5258579106861077036@@CLASSICAL01, hotel: H3784
[13-Nov-2025 13:33:34 UTC] [Soltour API info] Request to booking/details: {"productType":"PACKAGE","availToken":"P1iLoD6ZTWdFSATRLDWqsKJaylnPNsr4cVMR\/Y6Uhkg=","budgetId":"H3784##TI##0$5258579106861077036@@CLASSICAL01","hotelParams":{"hotelCode":"H3784","providerCode":"UNDEFINED"}}
[13-Nov-2025 13:33:35 UTC] [Soltour API info] Response from booking/details: {"availToken":"P1iLoD6ZTWdFSATRLDWqsKJaylnPNsr4cVMR/Y6Uhkg=","timestamp":"2025-11-13T14:33:35.042356957","serviceType":"UNDEFINED","agencyInformation":{"clientCode":"BEAUTYT","branchOfficeCode":"999","taxApplicationType":"ISC","taxRate":0,"paymentType":"PP","commission":{"currency":"EUR","rate":15}},"params":{"startDate":"2025-11-23","endDate":"2025-11-30","accomodation":{"rooms":[{"passengers":[{"age":30,"type":"ADULT"},{"age":30,"type":"ADULT"}]}]},"residentType":"NONE","numNights":0,"flightPa
[13-Nov-2025 13:33:35 UTC] [Soltour API info] Details response structure: {"has_budget":false,"has_details":true,"has_error":false,"error_msg":null}
[13-Nov-2025 13:33:35 UTC] [Soltour API info] Response from booking/details: {"availToken":"P1iLoD6ZTWdFSATRLDWqsKJaylnPNsr4cVMR/Y6Uhkg=","timestamp":"2025-11-13T14:33:35.086427491","serviceType":"UNDEFINED","agencyInformation":{"clientCode":"BEAUTYT","branchOfficeCode":"999","taxApplicationType":"ISC","taxRate":0,"paymentType":"PP","commission":{"currency":"EUR","rate":15}},"params":{"startDate":"2025-11-23","endDate":"2025-11-30","accomodation":{"rooms":[{"passengers":[{"age":30,"type":"ADULT"},{"age":30,"type":"ADULT"}]}]},"residentType":"NONE","numNights":0,"flightPa
[13-Nov-2025 13:33:35 UTC] [Soltour API info] Details response structure: {"has_budget":false,"has_details":true,"has_error":false,"error_msg":null}
[13-Nov-2025 13:33:35 UTC] [Soltour API info] Response from booking/details: {"availToken":"P1iLoD6ZTWdFSATRLDWqsKJaylnPNsr4cVMR/Y6Uhkg=","timestamp":"2025-11-13T14:33:35.094418892","serviceType":"UNDEFINED","agencyInformation":{"clientCode":"BEAUTYT","branchOfficeCode":"999","taxApplicationType":"ISC","taxRate":0,"paymentType":"PP","commission":{"currency":"EUR","rate":15}},"params":{"startDate":"2025-11-23","endDate":"2025-11-30","accomodation":{"rooms":[{"passengers":[{"age":30,"type":"ADULT"},{"age":30,"type":"ADULT"}]}]},"residentType":"NONE","numNights":0,"flightPa
[13-Nov-2025 13:33:35 UTC] [Soltour API info] Details response structure: {"has_budget":false,"has_details":true,"has_error":false,"error_msg":null}
[13-Nov-2025 13:33:35 UTC] [Soltour API info] Response from booking/details: {"availToken":"P1iLoD6ZTWdFSATRLDWqsKJaylnPNsr4cVMR/Y6Uhkg=","timestamp":"2025-11-13T14:33:35.296264965","serviceType":"UNDEFINED","agencyInformation":{"clientCode":"BEAUTYT","branchOfficeCode":"999","taxApplicationType":"ISC","taxRate":0,"paymentType":"PP","commission":{"currency":"EUR","rate":15}},"params":{"startDate":"2025-11-23","endDate":"2025-11-30","accomodation":{"rooms":[{"passengers":[{"age":30,"type":"ADULT"},{"age":30,"type":"ADULT"}]}]},"residentType":"NONE","numNights":0,"flightPa
[13-Nov-2025 13:33:35 UTC] [Soltour API info] Details response structure: {"has_budget":false,"has_details":true,"has_error":false,"error_msg":null}
[13-Nov-2025 13:33:35 UTC] [Soltour API info] Response from booking/details: {"availToken":"P1iLoD6ZTWdFSATRLDWqsKJaylnPNsr4cVMR/Y6Uhkg=","timestamp":"2025-11-13T14:33:35.315270524","serviceType":"UNDEFINED","agencyInformation":{"clientCode":"BEAUTYT","branchOfficeCode":"999","taxApplicationType":"ISC","taxRate":0,"paymentType":"PP","commission":{"currency":"EUR","rate":15}},"params":{"startDate":"2025-11-23","endDate":"2025-11-30","accomodation":{"rooms":[{"passengers":[{"age":30,"type":"ADULT"},{"age":30,"type":"ADULT"}]}]},"residentType":"NONE","numNights":0,"flightPa
[13-Nov-2025 13:33:35 UTC] [Soltour API info] Details response structure: {"has_budget":false,"has_details":true,"has_error":false,"error_msg":null}
[13-Nov-2025 13:33:35 UTC] Loaded file: blur_effects.php
[13-Nov-2025 13:33:35 UTC] Loaded file: rkit_post_duplicator.php
[13-Nov-2025 13:33:35 UTC] Loaded file: rkit_tool_tips.php
[13-Nov-2025 13:33:35 UTC] Loaded file: rkit_wrapper_link.php
[13-Nov-2025 13:33:35 UTC] Class not found: \RomethemeKit\Rkit_Custom_Cursor
[13-Nov-2025 13:33:35 UTC] Instantiated class: \RomethemeKit\RkitDuplicator
[13-Nov-2025 13:33:35 UTC] Instantiated class: \RomethemeKit\BlurEffects
[13-Nov-2025 13:33:35 UTC] Class not found: \RomethemeKit\Rkit_Sticky_Content
[13-Nov-2025 13:33:35 UTC] Instantiated class: \RomethemeKit\RkitToolTips
[13-Nov-2025 13:33:35 UTC] Instantiated class: \RomethemeKit\RkitWrapperLink
[13-Nov-2025 13:33:35 UTC] Loaded file: blur_effects.php
[13-Nov-2025 13:33:35 UTC] Loaded file: rkit_post_duplicator.php
[13-Nov-2025 13:33:35 UTC] Loaded file: rkit_tool_tips.php
[13-Nov-2025 13:33:35 UTC] Loaded file: rkit_wrapper_link.php
[13-Nov-2025 13:33:35 UTC] Class not found: \RomethemeKit\Rkit_Custom_Cursor
[13-Nov-2025 13:33:35 UTC] Instantiated class: \RomethemeKit\RkitDuplicator
[13-Nov-2025 13:33:35 UTC] Instantiated class: \RomethemeKit\BlurEffects
[13-Nov-2025 13:33:35 UTC] Class not found: \RomethemeKit\Rkit_Sticky_Content
[13-Nov-2025 13:33:35 UTC] Instantiated class: \RomethemeKit\RkitToolTips
[13-Nov-2025 13:33:35 UTC] Instantiated class: \RomethemeKit\RkitWrapperLink
[13-Nov-2025 13:33:35 UTC] Loaded file: blur_effects.php
[13-Nov-2025 13:33:35 UTC] Loaded file: rkit_post_duplicator.php
[13-Nov-2025 13:33:35 UTC] Loaded file: rkit_tool_tips.php
[13-Nov-2025 13:33:35 UTC] Loaded file: rkit_wrapper_link.php
[13-Nov-2025 13:33:35 UTC] Class not found: \RomethemeKit\Rkit_Custom_Cursor
[13-Nov-2025 13:33:35 UTC] Instantiated class: \RomethemeKit\RkitDuplicator
[13-Nov-2025 13:33:35 UTC] Instantiated class: \RomethemeKit\BlurEffects
[13-Nov-2025 13:33:35 UTC] Class not found: \RomethemeKit\Rkit_Sticky_Content
[13-Nov-2025 13:33:35 UTC] Instantiated class: \RomethemeKit\RkitToolTips
[13-Nov-2025 13:33:35 UTC] Instantiated class: \RomethemeKit\RkitWrapperLink
[13-Nov-2025 13:33:36 UTC] [Soltour API info] Getting details for budget: H35##TI##0$5703401423504751023@@CLASSICAL01, hotel: H35
[13-Nov-2025 13:33:36 UTC] [Soltour API info] Request to booking/details: {"productType":"PACKAGE","availToken":"P1iLoD6ZTWdFSATRLDWqsKJaylnPNsr4cVMR\/Y6Uhkg=","budgetId":"H35##TI##0$5703401423504751023@@CLASSICAL01","hotelParams":{"hotelCode":"H35","providerCode":"UNDEFINED"}}
[13-Nov-2025 13:33:36 UTC] [Soltour API info] Getting details for budget: H3##TI##0$5413950320164730220@@CLASSICAL01, hotel: H3
[13-Nov-2025 13:33:36 UTC] [Soltour API info] Request to booking/details: {"productType":"PACKAGE","availToken":"P1iLoD6ZTWdFSATRLDWqsKJaylnPNsr4cVMR\/Y6Uhkg=","budgetId":"H3##TI##0$5413950320164730220@@CLASSICAL01","hotelParams":{"hotelCode":"H3","providerCode":"UNDEFINED"}}
[13-Nov-2025 13:33:36 UTC] [Soltour API info] Getting details for budget: H13##TI##0$5478311785350080439@@CLASSICAL01, hotel: H13
[13-Nov-2025 13:33:36 UTC] [Soltour API info] Request to booking/details: {"productType":"PACKAGE","availToken":"P1iLoD6ZTWdFSATRLDWqsKJaylnPNsr4cVMR\/Y6Uhkg=","budgetId":"H13##TI##0$5478311785350080439@@CLASSICAL01","hotelParams":{"hotelCode":"H13","providerCode":"UNDEFINED"}}
[13-Nov-2025 13:33:36 UTC] Loaded file: blur_effects.php
[13-Nov-2025 13:33:36 UTC] Loaded file: rkit_post_duplicator.php
[13-Nov-2025 13:33:36 UTC] Loaded file: rkit_tool_tips.php
[13-Nov-2025 13:33:36 UTC] Loaded file: rkit_wrapper_link.php
[13-Nov-2025 13:33:36 UTC] Class not found: \RomethemeKit\Rkit_Custom_Cursor
[13-Nov-2025 13:33:36 UTC] Instantiated class: \RomethemeKit\RkitDuplicator
[13-Nov-2025 13:33:36 UTC] Instantiated class: \RomethemeKit\BlurEffects
[13-Nov-2025 13:33:36 UTC] Class not found: \RomethemeKit\Rkit_Sticky_Content
[13-Nov-2025 13:33:36 UTC] Instantiated class: \RomethemeKit\RkitToolTips
[13-Nov-2025 13:33:36 UTC] Instantiated class: \RomethemeKit\RkitWrapperLink
[13-Nov-2025 13:33:36 UTC] Loaded file: blur_effects.php
[13-Nov-2025 13:33:36 UTC] Loaded file: rkit_post_duplicator.php
[13-Nov-2025 13:33:36 UTC] Loaded file: rkit_tool_tips.php
[13-Nov-2025 13:33:36 UTC] Loaded file: rkit_wrapper_link.php
[13-Nov-2025 13:33:36 UTC] Class not found: \RomethemeKit\Rkit_Custom_Cursor
[13-Nov-2025 13:33:36 UTC] Instantiated class: \RomethemeKit\RkitDuplicator
[13-Nov-2025 13:33:36 UTC] Instantiated class: \RomethemeKit\BlurEffects
[13-Nov-2025 13:33:36 UTC] Class not found: \RomethemeKit\Rkit_Sticky_Content
[13-Nov-2025 13:33:36 UTC] Instantiated class: \RomethemeKit\RkitToolTips
[13-Nov-2025 13:33:36 UTC] Instantiated class: \RomethemeKit\RkitWrapperLink
[13-Nov-2025 13:33:36 UTC] [Soltour API info] Response from booking/details: {"availToken":"P1iLoD6ZTWdFSATRLDWqsKJaylnPNsr4cVMR/Y6Uhkg=","timestamp":"2025-11-13T14:33:36.604239854","serviceType":"UNDEFINED","agencyInformation":{"clientCode":"BEAUTYT","branchOfficeCode":"999","taxApplicationType":"ISC","taxRate":0,"paymentType":"PP","commission":{"currency":"EUR","rate":15}},"params":{"startDate":"2025-11-23","endDate":"2025-11-30","accomodation":{"rooms":[{"passengers":[{"age":30,"type":"ADULT"},{"age":30,"type":"ADULT"}]}]},"residentType":"NONE","numNights":0,"flightPa
[13-Nov-2025 13:33:36 UTC] [Soltour API info] Details response structure: {"has_budget":false,"has_details":true,"has_error":false,"error_msg":null}
[13-Nov-2025 13:33:36 UTC] [Soltour API info] Response from booking/details: {"availToken":"P1iLoD6ZTWdFSATRLDWqsKJaylnPNsr4cVMR/Y6Uhkg=","timestamp":"2025-11-13T14:33:36.772486253","serviceType":"UNDEFINED","agencyInformation":{"clientCode":"BEAUTYT","branchOfficeCode":"999","taxApplicationType":"ISC","taxRate":0,"paymentType":"PP","commission":{"currency":"EUR","rate":15}},"params":{"startDate":"2025-11-23","endDate":"2025-11-30","accomodation":{"rooms":[{"passengers":[{"age":30,"type":"ADULT"},{"age":30,"type":"ADULT"}]}]},"residentType":"NONE","numNights":0,"flightPa
[13-Nov-2025 13:33:36 UTC] [Soltour API info] Details response structure: {"has_budget":false,"has_details":true,"has_error":false,"error_msg":null}
[13-Nov-2025 13:33:37 UTC] [Soltour API info] Response from booking/details: {"availToken":"P1iLoD6ZTWdFSATRLDWqsKJaylnPNsr4cVMR/Y6Uhkg=","timestamp":"2025-11-13T14:33:36.901301432","serviceType":"UNDEFINED","agencyInformation":{"clientCode":"BEAUTYT","branchOfficeCode":"999","taxApplicationType":"ISC","taxRate":0,"paymentType":"PP","commission":{"currency":"EUR","rate":15}},"params":{"startDate":"2025-11-23","endDate":"2025-11-30","accomodation":{"rooms":[{"passengers":[{"age":30,"type":"ADULT"},{"age":30,"type":"ADULT"}]}]},"residentType":"NONE","numNights":0,"flightPa
[13-Nov-2025 13:33:37 UTC] [Soltour API info] Details response structure: {"has_budget":false,"has_details":true,"has_error":false,"error_msg":null}
[13-Nov-2025 13:33:37 UTC] [Soltour API info] Getting details for budget: H199537##TI##0$5279581120223307029@@CLASSICAL01, hotel: H199537
[13-Nov-2025 13:33:37 UTC] [Soltour API info] Request to booking/details: {"productType":"PACKAGE","availToken":"P1iLoD6ZTWdFSATRLDWqsKJaylnPNsr4cVMR\/Y6Uhkg=","budgetId":"H199537##TI##0$5279581120223307029@@CLASSICAL01","hotelParams":{"hotelCode":"H199537","providerCode":"UNDEFINED"}}
[13-Nov-2025 13:33:37 UTC] [Soltour API info] Getting details for budget: H224289##TI##0$5538124271867720877@@CLASSICAL01, hotel: H224289
[13-Nov-2025 13:33:37 UTC] [Soltour API info] Request to booking/details: {"productType":"PACKAGE","availToken":"P1iLoD6ZTWdFSATRLDWqsKJaylnPNsr4cVMR\/Y6Uhkg=","budgetId":"H224289##TI##0$5538124271867720877@@CLASSICAL01","hotelParams":{"hotelCode":"H224289","providerCode":"UNDEFINED"}}
[13-Nov-2025 13:33:37 UTC] Loaded file: blur_effects.php
[13-Nov-2025 13:33:37 UTC] Loaded file: rkit_post_duplicator.php
[13-Nov-2025 13:33:37 UTC] Loaded file: rkit_tool_tips.php
[13-Nov-2025 13:33:37 UTC] Loaded file: rkit_wrapper_link.php
[13-Nov-2025 13:33:37 UTC] Class not found: \RomethemeKit\Rkit_Custom_Cursor
[13-Nov-2025 13:33:37 UTC] Instantiated class: \RomethemeKit\RkitDuplicator
[13-Nov-2025 13:33:37 UTC] Instantiated class: \RomethemeKit\BlurEffects
[13-Nov-2025 13:33:37 UTC] Class not found: \RomethemeKit\Rkit_Sticky_Content
[13-Nov-2025 13:33:37 UTC] Instantiated class: \RomethemeKit\RkitToolTips
[13-Nov-2025 13:33:37 UTC] Instantiated class: \RomethemeKit\RkitWrapperLink
[13-Nov-2025 13:33:37 UTC] Loaded file: blur_effects.php
[13-Nov-2025 13:33:37 UTC] Loaded file: rkit_post_duplicator.php
[13-Nov-2025 13:33:37 UTC] Loaded file: rkit_tool_tips.php
[13-Nov-2025 13:33:37 UTC] Loaded file: rkit_wrapper_link.php
[13-Nov-2025 13:33:37 UTC] Class not found: \RomethemeKit\Rkit_Custom_Cursor
[13-Nov-2025 13:33:37 UTC] Instantiated class: \RomethemeKit\RkitDuplicator
[13-Nov-2025 13:33:37 UTC] Instantiated class: \RomethemeKit\BlurEffects
[13-Nov-2025 13:33:37 UTC] Class not found: \RomethemeKit\Rkit_Sticky_Content
[13-Nov-2025 13:33:37 UTC] Instantiated class: \RomethemeKit\RkitToolTips
[13-Nov-2025 13:33:37 UTC] Instantiated class: \RomethemeKit\RkitWrapperLink
[13-Nov-2025 13:33:37 UTC] Loaded file: blur_effects.php
[13-Nov-2025 13:33:37 UTC] Loaded file: rkit_post_duplicator.php
[13-Nov-2025 13:33:37 UTC] Loaded file: rkit_tool_tips.php
[13-Nov-2025 13:33:37 UTC] [Soltour API info] Response from booking/details: {"availToken":"P1iLoD6ZTWdFSATRLDWqsKJaylnPNsr4cVMR/Y6Uhkg=","timestamp":"2025-11-13T14:33:37.507423448","serviceType":"UNDEFINED","agencyInformation":{"clientCode":"BEAUTYT","branchOfficeCode":"999","taxApplicationType":"ISC","taxRate":0,"paymentType":"PP","commission":{"currency":"EUR","rate":15}},"params":{"startDate":"2025-11-23","endDate":"2025-11-30","accomodation":{"rooms":[{"passengers":[{"age":30,"type":"ADULT"},{"age":30,"type":"ADULT"}]}]},"residentType":"NONE","numNights":0,"flightPa
[13-Nov-2025 13:33:37 UTC] [Soltour API info] Details response structure: {"has_budget":false,"has_details":true,"has_error":false,"error_msg":null}
[13-Nov-2025 13:33:37 UTC] Loaded file: rkit_wrapper_link.php
[13-Nov-2025 13:33:37 UTC] Class not found: \RomethemeKit\Rkit_Custom_Cursor
[13-Nov-2025 13:33:37 UTC] Instantiated class: \RomethemeKit\RkitDuplicator
[13-Nov-2025 13:33:37 UTC] Instantiated class: \RomethemeKit\BlurEffects
[13-Nov-2025 13:33:37 UTC] Class not found: \RomethemeKit\Rkit_Sticky_Content
[13-Nov-2025 13:33:37 UTC] Instantiated class: \RomethemeKit\RkitToolTips
[13-Nov-2025 13:33:37 UTC] Instantiated class: \RomethemeKit\RkitWrapperLink
[13-Nov-2025 13:33:37 UTC] [Soltour API info] Response from booking/details: {"availToken":"P1iLoD6ZTWdFSATRLDWqsKJaylnPNsr4cVMR/Y6Uhkg=","timestamp":"2025-11-13T14:33:37.537387023","serviceType":"UNDEFINED","agencyInformation":{"clientCode":"BEAUTYT","branchOfficeCode":"999","taxApplicationType":"ISC","taxRate":0,"paymentType":"PP","commission":{"currency":"EUR","rate":15}},"params":{"startDate":"2025-11-23","endDate":"2025-11-30","accomodation":{"rooms":[{"passengers":[{"age":30,"type":"ADULT"},{"age":30,"type":"ADULT"}]}]},"residentType":"NONE","numNights":0,"flightPa
[13-Nov-2025 13:33:37 UTC] [Soltour API info] Details response structure: {"has_budget":false,"has_details":true,"has_error":false,"error_msg":null}
[13-Nov-2025 13:33:37 UTC] [Soltour API info] Getting details for budget: H199372##TI##0$5734619541338924279@@CLASSICAL01, hotel: H199372
[13-Nov-2025 13:33:37 UTC] [Soltour API info] Request to booking/details: {"productType":"PACKAGE","availToken":"P1iLoD6ZTWdFSATRLDWqsKJaylnPNsr4cVMR\/Y6Uhkg=","budgetId":"H199372##TI##0$5734619541338924279@@CLASSICAL01","hotelParams":{"hotelCode":"H199372","providerCode":"UNDEFINED"}}
[13-Nov-2025 13:33:38 UTC] [Soltour API info] Getting details for budget: H199373##TI##0$5055128363144408730@@CLASSICAL01, hotel: H199373
[13-Nov-2025 13:33:38 UTC] [Soltour API info] Request to booking/details: {"productType":"PACKAGE","availToken":"P1iLoD6ZTWdFSATRLDWqsKJaylnPNsr4cVMR\/Y6Uhkg=","budgetId":"H199373##TI##0$5055128363144408730@@CLASSICAL01","hotelParams":{"hotelCode":"H199373","providerCode":"UNDEFINED"}}
[13-Nov-2025 13:33:38 UTC] [Soltour API info] Getting details for budget: H199374##TI##0$4970681486049977141@@CLASSICAL01, hotel: H199374
[13-Nov-2025 13:33:38 UTC] [Soltour API info] Request to booking/details: {"productType":"PACKAGE","availToken":"P1iLoD6ZTWdFSATRLDWqsKJaylnPNsr4cVMR\/Y6Uhkg=","budgetId":"H199374##TI##0$4970681486049977141@@CLASSICAL01","hotelParams":{"hotelCode":"H199374","providerCode":"UNDEFINED"}}
[13-Nov-2025 13:33:38 UTC] [Soltour API info] Response from booking/details: {"availToken":"P1iLoD6ZTWdFSATRLDWqsKJaylnPNsr4cVMR/Y6Uhkg=","timestamp":"2025-11-13T14:33:38.443099202","serviceType":"UNDEFINED","agencyInformation":{"clientCode":"BEAUTYT","branchOfficeCode":"999","taxApplicationType":"ISC","taxRate":0,"paymentType":"PP","commission":{"currency":"EUR","rate":15}},"params":{"startDate":"2025-11-23","endDate":"2025-11-30","accomodation":{"rooms":[{"passengers":[{"age":30,"type":"ADULT"},{"age":30,"type":"ADULT"}]}]},"residentType":"NONE","numNights":0,"flightPa
[13-Nov-2025 13:33:38 UTC] [Soltour API info] Details response structure: {"has_budget":false,"has_details":true,"has_error":false,"error_msg":null}
[13-Nov-2025 13:33:38 UTC] [Soltour API info] Response from booking/details: {"availToken":"P1iLoD6ZTWdFSATRLDWqsKJaylnPNsr4cVMR/Y6Uhkg=","timestamp":"2025-11-13T14:33:38.441149812","serviceType":"UNDEFINED","agencyInformation":{"clientCode":"BEAUTYT","branchOfficeCode":"999","taxApplicationType":"ISC","taxRate":0,"paymentType":"PP","commission":{"currency":"EUR","rate":15}},"params":{"startDate":"2025-11-23","endDate":"2025-11-30","accomodation":{"rooms":[{"passengers":[{"age":30,"type":"ADULT"},{"age":30,"type":"ADULT"}]}]},"residentType":"NONE","numNights":0,"flightPa
[13-Nov-2025 13:33:38 UTC] [Soltour API info] Details response structure: {"has_budget":false,"has_details":true,"has_error":false,"error_msg":null}
[13-Nov-2025 13:33:38 UTC] [Soltour API info] Response from booking/details: {"availToken":"P1iLoD6ZTWdFSATRLDWqsKJaylnPNsr4cVMR/Y6Uhkg=","timestamp":"2025-11-13T14:33:38.596709584","serviceType":"UNDEFINED","agencyInformation":{"clientCode":"BEAUTYT","branchOfficeCode":"999","taxApplicationType":"ISC","taxRate":0,"paymentType":"PP","commission":{"currency":"EUR","rate":15}},"params":{"startDate":"2025-11-23","endDate":"2025-11-30","accomodation":{"rooms":[{"passengers":[{"age":30,"type":"ADULT"},{"age":30,"type":"ADULT"}]}]},"residentType":"NONE","numNights":0,"flightPa
[13-Nov-2025 13:33:38 UTC] [Soltour API info] Details response structure: {"has_budget":false,"has_details":true,"has_error":false,"error_msg":null}
[13-Nov-2025 13:33:53 UTC] Loaded file: blur_effects.php
[13-Nov-2025 13:33:53 UTC] Loaded file: rkit_post_duplicator.php
[13-Nov-2025 13:33:53 UTC] Loaded file: rkit_tool_tips.php
[13-Nov-2025 13:33:53 UTC] Loaded file: rkit_wrapper_link.php
[13-Nov-2025 13:33:53 UTC] Class not found: \RomethemeKit\Rkit_Custom_Cursor
[13-Nov-2025 13:33:53 UTC] Instantiated class: \RomethemeKit\RkitDuplicator
[13-Nov-2025 13:33:53 UTC] Instantiated class: \RomethemeKit\BlurEffects
[13-Nov-2025 13:33:53 UTC] Class not found: \RomethemeKit\Rkit_Sticky_Content
[13-Nov-2025 13:33:53 UTC] Instantiated class: \RomethemeKit\RkitToolTips
[13-Nov-2025 13:33:53 UTC] Instantiated class: \RomethemeKit\RkitWrapperLink
[13-Nov-2025 13:33:54 UTC] Loaded file: blur_effects.php
[13-Nov-2025 13:33:54 UTC] Loaded file: rkit_post_duplicator.php
[13-Nov-2025 13:33:54 UTC] Loaded file: rkit_tool_tips.php
[13-Nov-2025 13:33:54 UTC] Loaded file: rkit_wrapper_link.php
[13-Nov-2025 13:33:54 UTC] Class not found: \RomethemeKit\Rkit_Custom_Cursor
[13-Nov-2025 13:33:54 UTC] Instantiated class: \RomethemeKit\RkitDuplicator
[13-Nov-2025 13:33:54 UTC] Instantiated class: \RomethemeKit\BlurEffects
[13-Nov-2025 13:33:54 UTC] Class not found: \RomethemeKit\Rkit_Sticky_Content
[13-Nov-2025 13:33:54 UTC] Instantiated class: \RomethemeKit\RkitToolTips
[13-Nov-2025 13:33:54 UTC] Instantiated class: \RomethemeKit\RkitWrapperLink
[13-Nov-2025 13:35:22 UTC] Loaded file: blur_effects.php
[13-Nov-2025 13:35:22 UTC] Loaded file: rkit_post_duplicator.php
[13-Nov-2025 13:35:22 UTC] Loaded file: rkit_tool_tips.php
[13-Nov-2025 13:35:22 UTC] Loaded file: rkit_wrapper_link.php
[13-Nov-2025 13:35:22 UTC] Class not found: \RomethemeKit\Rkit_Custom_Cursor
[13-Nov-2025 13:35:22 UTC] Instantiated class: \RomethemeKit\RkitDuplicator
[13-Nov-2025 13:35:22 UTC] Instantiated class: \RomethemeKit\BlurEffects
[13-Nov-2025 13:35:22 UTC] Class not found: \RomethemeKit\Rkit_Sticky_Content
[13-Nov-2025 13:35:22 UTC] Instantiated class: \RomethemeKit\RkitToolTips
[13-Nov-2025 13:35:22 UTC] Instantiated class: \RomethemeKit\RkitWrapperLink
[13-Nov-2025 13:35:23 UTC] Loaded file: blur_effects.php
[13-Nov-2025 13:35:23 UTC] Loaded file: rkit_post_duplicator.php
[13-Nov-2025 13:35:23 UTC] Loaded file: rkit_tool_tips.php
[13-Nov-2025 13:35:23 UTC] Loaded file: rkit_wrapper_link.php
[13-Nov-2025 13:35:23 UTC] Class not found: \RomethemeKit\Rkit_Custom_Cursor
[13-Nov-2025 13:35:23 UTC] Instantiated class: \RomethemeKit\RkitDuplicator
[13-Nov-2025 13:35:23 UTC] Instantiated class: \RomethemeKit\BlurEffects
[13-Nov-2025 13:35:23 UTC] Class not found: \RomethemeKit\Rkit_Sticky_Content
[13-Nov-2025 13:35:23 UTC] Instantiated class: \RomethemeKit\RkitToolTips
[13-Nov-2025 13:35:23 UTC] Instantiated class: \RomethemeKit\RkitWrapperLink
[13-Nov-2025 13:35:32 UTC] Loaded file: blur_effects.php
[13-Nov-2025 13:35:32 UTC] Loaded file: rkit_post_duplicator.php
[13-Nov-2025 13:35:32 UTC] Loaded file: rkit_tool_tips.php
[13-Nov-2025 13:35:32 UTC] Loaded file: rkit_wrapper_link.php
[13-Nov-2025 13:35:32 UTC] Class not found: \RomethemeKit\Rkit_Custom_Cursor
[13-Nov-2025 13:35:32 UTC] Instantiated class: \RomethemeKit\RkitDuplicator
[13-Nov-2025 13:35:32 UTC] Instantiated class: \RomethemeKit\BlurEffects
[13-Nov-2025 13:35:32 UTC] Class not found: \RomethemeKit\Rkit_Sticky_Content
[13-Nov-2025 13:35:32 UTC] Instantiated class: \RomethemeKit\RkitToolTips
[13-Nov-2025 13:35:32 UTC] Instantiated class: \RomethemeKit\RkitWrapperLink
[13-Nov-2025 13:35:33 UTC] Loaded file: blur_effects.php
[13-Nov-2025 13:35:33 UTC] Loaded file: rkit_post_duplicator.php
[13-Nov-2025 13:35:33 UTC] Loaded file: rkit_tool_tips.php
[13-Nov-2025 13:35:33 UTC] Loaded file: rkit_wrapper_link.php
[13-Nov-2025 13:35:33 UTC] Class not found: \RomethemeKit\Rkit_Custom_Cursor
[13-Nov-2025 13:35:33 UTC] Instantiated class: \RomethemeKit\RkitDuplicator
[13-Nov-2025 13:35:33 UTC] Instantiated class: \RomethemeKit\BlurEffects
[13-Nov-2025 13:35:33 UTC] Class not found: \RomethemeKit\Rkit_Sticky_Content
[13-Nov-2025 13:35:33 UTC] Instantiated class: \RomethemeKit\RkitToolTips
[13-Nov-2025 13:35:33 UTC] Instantiated class: \RomethemeKit\RkitWrapperLink
[13-Nov-2025 13:35:53 UTC] Loaded file: blur_effects.php
[13-Nov-2025 13:35:53 UTC] Loaded file: rkit_post_duplicator.php
[13-Nov-2025 13:35:53 UTC] Loaded file: rkit_tool_tips.php
[13-Nov-2025 13:35:53 UTC] Loaded file: rkit_wrapper_link.php
[13-Nov-2025 13:35:53 UTC] Class not found: \RomethemeKit\Rkit_Custom_Cursor
[13-Nov-2025 13:35:53 UTC] Instantiated class: \RomethemeKit\RkitDuplicator
[13-Nov-2025 13:35:53 UTC] Instantiated class: \RomethemeKit\BlurEffects
[13-Nov-2025 13:35:53 UTC] Class not found: \RomethemeKit\Rkit_Sticky_Content
[13-Nov-2025 13:35:53 UTC] Instantiated class: \RomethemeKit\RkitToolTips
[13-Nov-2025 13:35:53 UTC] Instantiated class: \RomethemeKit\RkitWrapperLink
[13-Nov-2025 13:35:54 UTC] Loaded file: blur_effects.php
[13-Nov-2025 13:35:54 UTC] Loaded file: rkit_post_duplicator.php
[13-Nov-2025 13:35:54 UTC] Loaded file: rkit_tool_tips.php
[13-Nov-2025 13:35:54 UTC] Loaded file: rkit_wrapper_link.php
[13-Nov-2025 13:35:54 UTC] Class not found: \RomethemeKit\Rkit_Custom_Cursor
[13-Nov-2025 13:35:54 UTC] Instantiated class: \RomethemeKit\RkitDuplicator
[13-Nov-2025 13:35:54 UTC] Instantiated class: \RomethemeKit\BlurEffects
[13-Nov-2025 13:35:54 UTC] Class not found: \RomethemeKit\Rkit_Sticky_Content
[13-Nov-2025 13:35:54 UTC] Instantiated class: \RomethemeKit\RkitToolTips
[13-Nov-2025 13:35:54 UTC] Instantiated class: \RomethemeKit\RkitWrapperLink
