[13-Nov-2025 09:24:28 UTC] Loaded file: blur_effects.php
[13-Nov-2025 09:24:28 UTC] Loaded file: rkit_post_duplicator.php
[13-Nov-2025 09:24:28 UTC] Loaded file: rkit_tool_tips.php
[13-Nov-2025 09:24:28 UTC] Loaded file: rkit_wrapper_link.php
[13-Nov-2025 09:24:28 UTC] Class not found: \RomethemeKit\Rkit_Custom_Cursor
[13-Nov-2025 09:24:28 UTC] Instantiated class: \RomethemeKit\RkitDuplicator
[13-Nov-2025 09:24:28 UTC] Instantiated class: \RomethemeKit\BlurEffects
[13-Nov-2025 09:24:28 UTC] Class not found: \RomethemeKit\Rkit_Sticky_Content
[13-Nov-2025 09:24:28 UTC] Instantiated class: \RomethemeKit\RkitToolTips
[13-Nov-2025 09:24:28 UTC] Instantiated class: \RomethemeKit\RkitWrapperLink
[13-Nov-2025 09:24:29 UTC] Loaded file: blur_effects.php
[13-Nov-2025 09:24:29 UTC] Loaded file: rkit_post_duplicator.php
[13-Nov-2025 09:24:29 UTC] Loaded file: rkit_tool_tips.php
[13-Nov-2025 09:24:29 UTC] Loaded file: rkit_wrapper_link.php
[13-Nov-2025 09:24:29 UTC] Class not found: \RomethemeKit\Rkit_Custom_Cursor
[13-Nov-2025 09:24:29 UTC] Instantiated class: \RomethemeKit\RkitDuplicator
[13-Nov-2025 09:24:29 UTC] Instantiated class: \RomethemeKit\BlurEffects
[13-Nov-2025 09:24:29 UTC] Class not found: \RomethemeKit\Rkit_Sticky_Content
[13-Nov-2025 09:24:29 UTC] Instantiated class: \RomethemeKit\RkitToolTips
[13-Nov-2025 09:24:29 UTC] Instantiated class: \RomethemeKit\RkitWrapperLink
[13-Nov-2025 09:24:29 UTC] Loaded file: blur_effects.php
[13-Nov-2025 09:24:29 UTC] Loaded file: rkit_post_duplicator.php
[13-Nov-2025 09:24:29 UTC] Loaded file: rkit_tool_tips.php
[13-Nov-2025 09:24:29 UTC] Loaded file: rkit_wrapper_link.php
[13-Nov-2025 09:24:29 UTC] Class not found: \RomethemeKit\Rkit_Custom_Cursor
[13-Nov-2025 09:24:29 UTC] Instantiated class: \RomethemeKit\RkitDuplicator
[13-Nov-2025 09:24:29 UTC] Instantiated class: \RomethemeKit\BlurEffects
[13-Nov-2025 09:24:29 UTC] Class not found: \RomethemeKit\Rkit_Sticky_Content
[13-Nov-2025 09:24:29 UTC] Instantiated class: \RomethemeKit\RkitToolTips
[13-Nov-2025 09:24:29 UTC] Instantiated class: \RomethemeKit\RkitWrapperLink
[13-Nov-2025 09:24:42 UTC] Loaded file: blur_effects.php
[13-Nov-2025 09:24:42 UTC] Loaded file: rkit_post_duplicator.php
[13-Nov-2025 09:24:42 UTC] Loaded file: rkit_tool_tips.php
[13-Nov-2025 09:24:42 UTC] Loaded file: rkit_wrapper_link.php
[13-Nov-2025 09:24:42 UTC] Class not found: \RomethemeKit\Rkit_Custom_Cursor
[13-Nov-2025 09:24:42 UTC] Instantiated class: \RomethemeKit\RkitDuplicator
[13-Nov-2025 09:24:42 UTC] Instantiated class: \RomethemeKit\BlurEffects
[13-Nov-2025 09:24:42 UTC] Class not found: \RomethemeKit\Rkit_Sticky_Content
[13-Nov-2025 09:24:42 UTC] Instantiated class: \RomethemeKit\RkitToolTips
[13-Nov-2025 09:24:42 UTC] Instantiated class: \RomethemeKit\RkitWrapperLink
[13-Nov-2025 09:24:43 UTC] Loaded file: blur_effects.php
[13-Nov-2025 09:24:43 UTC] Loaded file: rkit_post_duplicator.php
[13-Nov-2025 09:24:43 UTC] Loaded file: rkit_tool_tips.php
[13-Nov-2025 09:24:43 UTC] Loaded file: rkit_wrapper_link.php
[13-Nov-2025 09:24:43 UTC] Class not found: \RomethemeKit\Rkit_Custom_Cursor
[13-Nov-2025 09:24:43 UTC] Instantiated class: \RomethemeKit\RkitDuplicator
[13-Nov-2025 09:24:43 UTC] Instantiated class: \RomethemeKit\BlurEffects
[13-Nov-2025 09:24:43 UTC] Class not found: \RomethemeKit\Rkit_Sticky_Content
[13-Nov-2025 09:24:43 UTC] Instantiated class: \RomethemeKit\RkitToolTips
[13-Nov-2025 09:24:43 UTC] Instantiated class: \RomethemeKit\RkitWrapperLink
[13-Nov-2025 09:24:46 UTC] Loaded file: blur_effects.php
[13-Nov-2025 09:24:46 UTC] Loaded file: rkit_post_duplicator.php
[13-Nov-2025 09:24:46 UTC] Loaded file: rkit_tool_tips.php
[13-Nov-2025 09:24:46 UTC] Loaded file: rkit_wrapper_link.php
[13-Nov-2025 09:24:46 UTC] Class not found: \RomethemeKit\Rkit_Custom_Cursor
[13-Nov-2025 09:24:46 UTC] Instantiated class: \RomethemeKit\RkitDuplicator
[13-Nov-2025 09:24:46 UTC] Instantiated class: \RomethemeKit\BlurEffects
[13-Nov-2025 09:24:46 UTC] Class not found: \RomethemeKit\Rkit_Sticky_Content
[13-Nov-2025 09:24:46 UTC] Instantiated class: \RomethemeKit\RkitToolTips
[13-Nov-2025 09:24:46 UTC] Instantiated class: \RomethemeKit\RkitWrapperLink
[13-Nov-2025 09:24:47 UTC] Loaded file: blur_effects.php
[13-Nov-2025 09:24:47 UTC] Loaded file: rkit_post_duplicator.php
[13-Nov-2025 09:24:47 UTC] Loaded file: rkit_tool_tips.php
[13-Nov-2025 09:24:47 UTC] Loaded file: rkit_wrapper_link.php
[13-Nov-2025 09:24:47 UTC] Class not found: \RomethemeKit\Rkit_Custom_Cursor
[13-Nov-2025 09:24:47 UTC] Instantiated class: \RomethemeKit\RkitDuplicator
[13-Nov-2025 09:24:47 UTC] Instantiated class: \RomethemeKit\BlurEffects
[13-Nov-2025 09:24:47 UTC] Class not found: \RomethemeKit\Rkit_Sticky_Content
[13-Nov-2025 09:24:47 UTC] Instantiated class: \RomethemeKit\RkitToolTips
[13-Nov-2025 09:24:47 UTC] Instantiated class: \RomethemeKit\RkitWrapperLink
[13-Nov-2025 09:24:47 UTC] Loaded file: blur_effects.php
[13-Nov-2025 09:24:47 UTC] Loaded file: rkit_post_duplicator.php
[13-Nov-2025 09:24:47 UTC] Loaded file: rkit_tool_tips.php
[13-Nov-2025 09:24:47 UTC] Loaded file: rkit_wrapper_link.php
[13-Nov-2025 09:24:47 UTC] Class not found: \RomethemeKit\Rkit_Custom_Cursor
[13-Nov-2025 09:24:47 UTC] Instantiated class: \RomethemeKit\RkitDuplicator
[13-Nov-2025 09:24:47 UTC] Instantiated class: \RomethemeKit\BlurEffects
[13-Nov-2025 09:24:47 UTC] Class not found: \RomethemeKit\Rkit_Sticky_Content
[13-Nov-2025 09:24:47 UTC] Instantiated class: \RomethemeKit\RkitToolTips
[13-Nov-2025 09:24:47 UTC] Instantiated class: \RomethemeKit\RkitWrapperLink
[13-Nov-2025 09:26:28 UTC] Loaded file: blur_effects.php
[13-Nov-2025 09:26:28 UTC] Loaded file: rkit_post_duplicator.php
[13-Nov-2025 09:26:28 UTC] Loaded file: rkit_tool_tips.php
[13-Nov-2025 09:26:28 UTC] Loaded file: rkit_wrapper_link.php
[13-Nov-2025 09:26:28 UTC] Class not found: \RomethemeKit\Rkit_Custom_Cursor
[13-Nov-2025 09:26:28 UTC] Instantiated class: \RomethemeKit\RkitDuplicator
[13-Nov-2025 09:26:28 UTC] Instantiated class: \RomethemeKit\BlurEffects
[13-Nov-2025 09:26:28 UTC] Class not found: \RomethemeKit\Rkit_Sticky_Content
[13-Nov-2025 09:26:28 UTC] Instantiated class: \RomethemeKit\RkitToolTips
[13-Nov-2025 09:26:28 UTC] Instantiated class: \RomethemeKit\RkitWrapperLink
[13-Nov-2025 09:26:29 UTC] Loaded file: blur_effects.php
[13-Nov-2025 09:26:29 UTC] Loaded file: rkit_post_duplicator.php
[13-Nov-2025 09:26:29 UTC] Loaded file: rkit_tool_tips.php
[13-Nov-2025 09:26:29 UTC] Loaded file: rkit_wrapper_link.php
[13-Nov-2025 09:26:29 UTC] Class not found: \RomethemeKit\Rkit_Custom_Cursor
[13-Nov-2025 09:26:29 UTC] Instantiated class: \RomethemeKit\RkitDuplicator
[13-Nov-2025 09:26:29 UTC] Instantiated class: \RomethemeKit\BlurEffects
[13-Nov-2025 09:26:29 UTC] Class not found: \RomethemeKit\Rkit_Sticky_Content
[13-Nov-2025 09:26:29 UTC] Instantiated class: \RomethemeKit\RkitToolTips
[13-Nov-2025 09:26:29 UTC] Instantiated class: \RomethemeKit\RkitWrapperLink
[13-Nov-2025 09:27:26 UTC] Loaded file: blur_effects.php
[13-Nov-2025 09:27:26 UTC] Loaded file: rkit_post_duplicator.php
[13-Nov-2025 09:27:26 UTC] Loaded file: rkit_tool_tips.php
[13-Nov-2025 09:27:26 UTC] Loaded file: rkit_wrapper_link.php
[13-Nov-2025 09:27:26 UTC] Class not found: \RomethemeKit\Rkit_Custom_Cursor
[13-Nov-2025 09:27:26 UTC] Instantiated class: \RomethemeKit\RkitDuplicator
[13-Nov-2025 09:27:26 UTC] Instantiated class: \RomethemeKit\BlurEffects
[13-Nov-2025 09:27:26 UTC] Class not found: \RomethemeKit\Rkit_Sticky_Content
[13-Nov-2025 09:27:26 UTC] Instantiated class: \RomethemeKit\RkitToolTips
[13-Nov-2025 09:27:26 UTC] Instantiated class: \RomethemeKit\RkitWrapperLink
[13-Nov-2025 09:27:27 UTC] Loaded file: blur_effects.php
[13-Nov-2025 09:27:27 UTC] Loaded file: rkit_post_duplicator.php
[13-Nov-2025 09:27:27 UTC] Loaded file: rkit_tool_tips.php
[13-Nov-2025 09:27:27 UTC] Loaded file: rkit_wrapper_link.php
[13-Nov-2025 09:27:27 UTC] Class not found: \RomethemeKit\Rkit_Custom_Cursor
[13-Nov-2025 09:27:27 UTC] Instantiated class: \RomethemeKit\RkitDuplicator
[13-Nov-2025 09:27:27 UTC] Instantiated class: \RomethemeKit\BlurEffects
[13-Nov-2025 09:27:27 UTC] Class not found: \RomethemeKit\Rkit_Sticky_Content
[13-Nov-2025 09:27:27 UTC] Instantiated class: \RomethemeKit\RkitToolTips
[13-Nov-2025 09:27:27 UTC] Instantiated class: \RomethemeKit\RkitWrapperLink
[13-Nov-2025 09:27:34 UTC] Loaded file: blur_effects.php
[13-Nov-2025 09:27:34 UTC] Loaded file: rkit_post_duplicator.php
[13-Nov-2025 09:27:34 UTC] Loaded file: rkit_tool_tips.php
[13-Nov-2025 09:27:34 UTC] Loaded file: rkit_wrapper_link.php
[13-Nov-2025 09:27:34 UTC] Class not found: \RomethemeKit\Rkit_Custom_Cursor
[13-Nov-2025 09:27:34 UTC] Instantiated class: \RomethemeKit\RkitDuplicator
[13-Nov-2025 09:27:34 UTC] Instantiated class: \RomethemeKit\BlurEffects
[13-Nov-2025 09:27:34 UTC] Class not found: \RomethemeKit\Rkit_Sticky_Content
[13-Nov-2025 09:27:34 UTC] Instantiated class: \RomethemeKit\RkitToolTips
[13-Nov-2025 09:27:34 UTC] Instantiated class: \RomethemeKit\RkitWrapperLink
[13-Nov-2025 09:27:36 UTC] Loaded file: blur_effects.php
[13-Nov-2025 09:27:36 UTC] Loaded file: rkit_post_duplicator.php
[13-Nov-2025 09:27:36 UTC] Loaded file: rkit_tool_tips.php
[13-Nov-2025 09:27:36 UTC] Loaded file: rkit_wrapper_link.php
[13-Nov-2025 09:27:36 UTC] Class not found: \RomethemeKit\Rkit_Custom_Cursor
[13-Nov-2025 09:27:36 UTC] Instantiated class: \RomethemeKit\RkitDuplicator
[13-Nov-2025 09:27:36 UTC] Instantiated class: \RomethemeKit\BlurEffects
[13-Nov-2025 09:27:36 UTC] Class not found: \RomethemeKit\Rkit_Sticky_Content
[13-Nov-2025 09:27:36 UTC] Instantiated class: \RomethemeKit\RkitToolTips
[13-Nov-2025 09:27:36 UTC] Instantiated class: \RomethemeKit\RkitWrapperLink
[13-Nov-2025 09:27:36 UTC] Soltour Booking V2: Plugin ativado com sucesso
[13-Nov-2025 09:27:37 UTC] Loaded file: blur_effects.php
[13-Nov-2025 09:27:37 UTC] Loaded file: rkit_post_duplicator.php
[13-Nov-2025 09:27:37 UTC] Loaded file: rkit_tool_tips.php
[13-Nov-2025 09:27:37 UTC] Loaded file: rkit_wrapper_link.php
[13-Nov-2025 09:27:37 UTC] Class not found: \RomethemeKit\Rkit_Custom_Cursor
[13-Nov-2025 09:27:37 UTC] Instantiated class: \RomethemeKit\RkitDuplicator
[13-Nov-2025 09:27:37 UTC] Instantiated class: \RomethemeKit\BlurEffects
[13-Nov-2025 09:27:37 UTC] Class not found: \RomethemeKit\Rkit_Sticky_Content
[13-Nov-2025 09:27:37 UTC] Instantiated class: \RomethemeKit\RkitToolTips
[13-Nov-2025 09:27:37 UTC] Instantiated class: \RomethemeKit\RkitWrapperLink
[13-Nov-2025 09:27:37 UTC] [Soltour API info] Request to login/login: {"brand":"SOLTOUR","market":"XMLPT","languageCode":"PT","username":"BEAUTYT999","password":"XMLBEAUTYT999"}
[13-Nov-2025 09:27:37 UTC] [Soltour API info] Response from login/login: {"sessionToken":"eyJhbGciOiJIUzI1NiIsInR5cCI6IkpXVCJ9.eyJ1IjoiQkVBVVRZVDk5OSIsImRiaSI6IjQwMDM1MzYyIiwiYiI6IlNPTFRPVVIiLCJtIjoiWE1MUFQiLCJsbmciOiJQVCIsImNsIjoiQkVBVVRZVCIsIm9mIjoiOTk5IiwiYXBwIjpudWxsLCJtYWlsIjoiY3VuaGFAYmVhdXR5dHJhdmVsLnB0IiwicmwiOlsiQUdFTkNJQSIsIkNPTVVOIiwiQ09OU1VMVEEiLCJGQUNUVVJBQ0lPTiIsIk5FV19XRUIiXSwidG0iOjE3NjMwMjYwNTc0MzgsInN0cHRtIjpudWxsLCJzdHBqd3QiOm51bGwsInN0cGlkIjpudWxsLCJvdmMiOmZhbHNlLCJzZWxsIjp0cnVlLCJhcHQiOm51bGwsImRldCI6dHJ1ZSwibmV4cCI6dHJ1ZSwic2VpeiI6ZmFsc2UsInVhZ0
[13-Nov-2025 09:27:37 UTC] [Soltour API info] Session token obtido com sucesso
[13-Nov-2025 09:27:40 UTC] Loaded file: blur_effects.php
[13-Nov-2025 09:27:40 UTC] Loaded file: rkit_post_duplicator.php
[13-Nov-2025 09:27:40 UTC] Loaded file: rkit_tool_tips.php
[13-Nov-2025 09:27:40 UTC] Loaded file: rkit_wrapper_link.php
[13-Nov-2025 09:27:40 UTC] Class not found: \RomethemeKit\Rkit_Custom_Cursor
[13-Nov-2025 09:27:40 UTC] Instantiated class: \RomethemeKit\RkitDuplicator
[13-Nov-2025 09:27:40 UTC] Instantiated class: \RomethemeKit\BlurEffects
[13-Nov-2025 09:27:40 UTC] Class not found: \RomethemeKit\Rkit_Sticky_Content
[13-Nov-2025 09:27:40 UTC] Instantiated class: \RomethemeKit\RkitToolTips
[13-Nov-2025 09:27:40 UTC] Instantiated class: \RomethemeKit\RkitWrapperLink
[13-Nov-2025 09:27:40 UTC] Loaded file: blur_effects.php
[13-Nov-2025 09:27:40 UTC] Loaded file: rkit_post_duplicator.php
[13-Nov-2025 09:27:40 UTC] Loaded file: rkit_tool_tips.php
[13-Nov-2025 09:27:40 UTC] Loaded file: rkit_wrapper_link.php
[13-Nov-2025 09:27:40 UTC] Class not found: \RomethemeKit\Rkit_Custom_Cursor
[13-Nov-2025 09:27:40 UTC] Instantiated class: \RomethemeKit\RkitDuplicator
[13-Nov-2025 09:27:40 UTC] Instantiated class: \RomethemeKit\BlurEffects
[13-Nov-2025 09:27:40 UTC] Class not found: \RomethemeKit\Rkit_Sticky_Content
[13-Nov-2025 09:27:40 UTC] Instantiated class: \RomethemeKit\RkitToolTips
[13-Nov-2025 09:27:40 UTC] Instantiated class: \RomethemeKit\RkitWrapperLink
[13-Nov-2025 09:27:41 UTC] Loaded file: blur_effects.php
[13-Nov-2025 09:27:41 UTC] Loaded file: rkit_post_duplicator.php
[13-Nov-2025 09:27:41 UTC] Loaded file: rkit_tool_tips.php
[13-Nov-2025 09:27:41 UTC] Loaded file: rkit_wrapper_link.php
[13-Nov-2025 09:27:41 UTC] Class not found: \RomethemeKit\Rkit_Custom_Cursor
[13-Nov-2025 09:27:41 UTC] Instantiated class: \RomethemeKit\RkitDuplicator
[13-Nov-2025 09:27:41 UTC] Instantiated class: \RomethemeKit\BlurEffects
[13-Nov-2025 09:27:41 UTC] Class not found: \RomethemeKit\Rkit_Sticky_Content
[13-Nov-2025 09:27:41 UTC] Instantiated class: \RomethemeKit\RkitToolTips
[13-Nov-2025 09:27:41 UTC] Instantiated class: \RomethemeKit\RkitWrapperLink
[13-Nov-2025 09:27:44 UTC] Loaded file: blur_effects.php
[13-Nov-2025 09:27:44 UTC] Loaded file: rkit_post_duplicator.php
[13-Nov-2025 09:27:44 UTC] Loaded file: rkit_tool_tips.php
[13-Nov-2025 09:27:44 UTC] Loaded file: rkit_wrapper_link.php
[13-Nov-2025 09:27:44 UTC] Class not found: \RomethemeKit\Rkit_Custom_Cursor
[13-Nov-2025 09:27:44 UTC] Instantiated class: \RomethemeKit\RkitDuplicator
[13-Nov-2025 09:27:44 UTC] Instantiated class: \RomethemeKit\BlurEffects
[13-Nov-2025 09:27:44 UTC] Class not found: \RomethemeKit\Rkit_Sticky_Content
[13-Nov-2025 09:27:44 UTC] Instantiated class: \RomethemeKit\RkitToolTips
[13-Nov-2025 09:27:44 UTC] Instantiated class: \RomethemeKit\RkitWrapperLink
[13-Nov-2025 09:27:48 UTC] Loaded file: blur_effects.php
[13-Nov-2025 09:27:48 UTC] Loaded file: rkit_post_duplicator.php
[13-Nov-2025 09:27:48 UTC] Loaded file: rkit_tool_tips.php
[13-Nov-2025 09:27:48 UTC] Loaded file: rkit_wrapper_link.php
[13-Nov-2025 09:27:48 UTC] Class not found: \RomethemeKit\Rkit_Custom_Cursor
[13-Nov-2025 09:27:48 UTC] Instantiated class: \RomethemeKit\RkitDuplicator
[13-Nov-2025 09:27:48 UTC] Instantiated class: \RomethemeKit\BlurEffects
[13-Nov-2025 09:27:48 UTC] Class not found: \RomethemeKit\Rkit_Sticky_Content
[13-Nov-2025 09:27:48 UTC] Instantiated class: \RomethemeKit\RkitToolTips
[13-Nov-2025 09:27:48 UTC] Instantiated class: \RomethemeKit\RkitWrapperLink
[13-Nov-2025 09:27:49 UTC] Loaded file: blur_effects.php
[13-Nov-2025 09:27:49 UTC] Loaded file: rkit_post_duplicator.php
[13-Nov-2025 09:27:49 UTC] Loaded file: rkit_tool_tips.php
[13-Nov-2025 09:27:49 UTC] Loaded file: rkit_wrapper_link.php
[13-Nov-2025 09:27:49 UTC] Class not found: \RomethemeKit\Rkit_Custom_Cursor
[13-Nov-2025 09:27:49 UTC] Instantiated class: \RomethemeKit\RkitDuplicator
[13-Nov-2025 09:27:49 UTC] Instantiated class: \RomethemeKit\BlurEffects
[13-Nov-2025 09:27:49 UTC] Class not found: \RomethemeKit\Rkit_Sticky_Content
[13-Nov-2025 09:27:49 UTC] Instantiated class: \RomethemeKit\RkitToolTips
[13-Nov-2025 09:27:49 UTC] Instantiated class: \RomethemeKit\RkitWrapperLink
[13-Nov-2025 09:27:49 UTC] Loaded file: blur_effects.php
[13-Nov-2025 09:27:49 UTC] Loaded file: rkit_post_duplicator.php
[13-Nov-2025 09:27:49 UTC] Loaded file: rkit_tool_tips.php
[13-Nov-2025 09:27:49 UTC] Loaded file: rkit_wrapper_link.php
[13-Nov-2025 09:27:49 UTC] Class not found: \RomethemeKit\Rkit_Custom_Cursor
[13-Nov-2025 09:27:49 UTC] Instantiated class: \RomethemeKit\RkitDuplicator
[13-Nov-2025 09:27:49 UTC] Instantiated class: \RomethemeKit\BlurEffects
[13-Nov-2025 09:27:49 UTC] Class not found: \RomethemeKit\Rkit_Sticky_Content
[13-Nov-2025 09:27:49 UTC] Instantiated class: \RomethemeKit\RkitToolTips
[13-Nov-2025 09:27:49 UTC] Instantiated class: \RomethemeKit\RkitWrapperLink
[13-Nov-2025 09:27:49 UTC] Loaded file: blur_effects.php
[13-Nov-2025 09:27:49 UTC] Loaded file: rkit_post_duplicator.php
[13-Nov-2025 09:27:49 UTC] Loaded file: rkit_tool_tips.php
[13-Nov-2025 09:27:49 UTC] Loaded file: rkit_wrapper_link.php
[13-Nov-2025 09:27:49 UTC] Class not found: \RomethemeKit\Rkit_Custom_Cursor
[13-Nov-2025 09:27:49 UTC] Instantiated class: \RomethemeKit\RkitDuplicator
[13-Nov-2025 09:27:49 UTC] Instantiated class: \RomethemeKit\BlurEffects
[13-Nov-2025 09:27:49 UTC] Class not found: \RomethemeKit\Rkit_Sticky_Content
[13-Nov-2025 09:27:49 UTC] Instantiated class: \RomethemeKit\RkitToolTips
[13-Nov-2025 09:27:49 UTC] Instantiated class: \RomethemeKit\RkitWrapperLink
[13-Nov-2025 09:27:53 UTC] Loaded file: blur_effects.php
[13-Nov-2025 09:27:53 UTC] Loaded file: rkit_post_duplicator.php
[13-Nov-2025 09:27:53 UTC] Loaded file: rkit_tool_tips.php
[13-Nov-2025 09:27:53 UTC] Loaded file: rkit_wrapper_link.php
[13-Nov-2025 09:27:53 UTC] Class not found: \RomethemeKit\Rkit_Custom_Cursor
[13-Nov-2025 09:27:53 UTC] Instantiated class: \RomethemeKit\RkitDuplicator
[13-Nov-2025 09:27:53 UTC] Instantiated class: \RomethemeKit\BlurEffects
[13-Nov-2025 09:27:53 UTC] Class not found: \RomethemeKit\Rkit_Sticky_Content
[13-Nov-2025 09:27:53 UTC] Instantiated class: \RomethemeKit\RkitToolTips
[13-Nov-2025 09:27:53 UTC] Instantiated class: \RomethemeKit\RkitWrapperLink
[13-Nov-2025 09:27:53 UTC] [Soltour API info] Request to master/getAllOrigins: {"productType":"PACKAGE","destinationCode":"PUJ"}
[13-Nov-2025 09:27:53 UTC] [Soltour API info] Response from master/getAllOrigins: {"origins":[{"code":"LCG","name":"A Coruña","airportType":"AIRPORT","destinationCode":"LCG","destinationName":"LA CORUNA","description":"A Coruña","dynamic":false},{"code":"ABC","name":"Albacete","airportType":"AIRPORT","description":"Albacete","dynamic":false},{"code":"ALC","name":"Alicante","airportType":"AIRPORT","destinationCode":"ALC","destinationName":"ALICANTE","description":"Alicante","dynamic":false},{"code":"LEI","name":"Almería","airportType":"AIRPORT","destinationCode":"LEI","dest
[13-Nov-2025 09:28:01 UTC] Loaded file: blur_effects.php
[13-Nov-2025 09:28:01 UTC] Loaded file: rkit_post_duplicator.php
[13-Nov-2025 09:28:01 UTC] Loaded file: rkit_tool_tips.php
[13-Nov-2025 09:28:01 UTC] Loaded file: rkit_wrapper_link.php
[13-Nov-2025 09:28:01 UTC] Class not found: \RomethemeKit\Rkit_Custom_Cursor
[13-Nov-2025 09:28:01 UTC] Instantiated class: \RomethemeKit\RkitDuplicator
[13-Nov-2025 09:28:01 UTC] Instantiated class: \RomethemeKit\BlurEffects
[13-Nov-2025 09:28:01 UTC] Class not found: \RomethemeKit\Rkit_Sticky_Content
[13-Nov-2025 09:28:01 UTC] Instantiated class: \RomethemeKit\RkitToolTips
[13-Nov-2025 09:28:01 UTC] Instantiated class: \RomethemeKit\RkitWrapperLink
[13-Nov-2025 09:28:06 UTC] Loaded file: blur_effects.php
[13-Nov-2025 09:28:06 UTC] Loaded file: rkit_post_duplicator.php
[13-Nov-2025 09:28:06 UTC] Loaded file: rkit_tool_tips.php
[13-Nov-2025 09:28:06 UTC] Loaded file: rkit_wrapper_link.php
[13-Nov-2025 09:28:06 UTC] Class not found: \RomethemeKit\Rkit_Custom_Cursor
[13-Nov-2025 09:28:06 UTC] Instantiated class: \RomethemeKit\RkitDuplicator
[13-Nov-2025 09:28:06 UTC] Instantiated class: \RomethemeKit\BlurEffects
[13-Nov-2025 09:28:06 UTC] Class not found: \RomethemeKit\Rkit_Sticky_Content
[13-Nov-2025 09:28:06 UTC] Instantiated class: \RomethemeKit\RkitToolTips
[13-Nov-2025 09:28:06 UTC] Instantiated class: \RomethemeKit\RkitWrapperLink
[13-Nov-2025 09:28:06 UTC] Loaded file: blur_effects.php
[13-Nov-2025 09:28:06 UTC] Loaded file: rkit_post_duplicator.php
[13-Nov-2025 09:28:06 UTC] Loaded file: rkit_tool_tips.php
[13-Nov-2025 09:28:06 UTC] Loaded file: rkit_wrapper_link.php
[13-Nov-2025 09:28:06 UTC] Class not found: \RomethemeKit\Rkit_Custom_Cursor
[13-Nov-2025 09:28:06 UTC] Instantiated class: \RomethemeKit\RkitDuplicator
[13-Nov-2025 09:28:06 UTC] Instantiated class: \RomethemeKit\BlurEffects
[13-Nov-2025 09:28:06 UTC] Class not found: \RomethemeKit\Rkit_Sticky_Content
[13-Nov-2025 09:28:06 UTC] Instantiated class: \RomethemeKit\RkitToolTips
[13-Nov-2025 09:28:06 UTC] Instantiated class: \RomethemeKit\RkitWrapperLink
[13-Nov-2025 09:28:07 UTC] [Soltour API info] === AJAX SEARCH PACKAGES CALLED ===
[13-Nov-2025 09:28:07 UTC] [Soltour API info] Params recebidos do frontend:
[13-Nov-2025 09:28:07 UTC] [Soltour API info]   - first_item: 0
[13-Nov-2025 09:28:07 UTC] [Soltour API info]   - item_count: 100
[13-Nov-2025 09:28:07 UTC] [Soltour API info] Params completos: {"originCode":"MAD","destinationCode":"PUJ","startDate":"2025-11-23","numNights":7,"rooms":[{"passengers":[{"type":"ADULT","age":30},{"type":"ADULT","age":30}]}],"productType":"PACKAGE","onlyHotel":"N","forceAvail":false,"firstItem":0,"itemCount":100}
[13-Nov-2025 09:28:07 UTC] [Soltour API info] Enviando para API Soltour (booking/availability):
[13-Nov-2025 09:28:07 UTC] [Soltour API info]   - criteria.pagination.firstItem: 0
[13-Nov-2025 09:28:07 UTC] [Soltour API info]   - criteria.pagination.itemCount: 100
[13-Nov-2025 09:28:07 UTC] [Soltour API info] Request to booking/availability: {"productType":"PACKAGE","onlyHotel":"N","forceAvail":false,"criteria":{"order":{"type":"PRICE","direction":"ASC"},"pagination":{"firstItem":0,"itemCount":100}},"languageCode":"PT","params":{"startDate":"2025-11-23","endDate":"2025-11-30","residentType":"NONE","accomodation":{"rooms":[{"passengers":[{"type":"ADULT","age":30},{"type":"ADULT","age":30}]}]},"hotelParams":{"destinationCode":"PUJ","includeImmediatePayment":true},"flightParams":{"itineraries":[{"origins":["MAD"],"destinations":["PUJ"]}],"directFlightsOnly":false,"includeImmediatePayment":true}}}
[13-Nov-2025 09:28:16 UTC] [Soltour API info] Response from booking/availability: {"productType":"PACKAGE","availToken":"FFiutQmlTej1Ij/m9ClJeIpbfKYy97NtMd+LsRRBVgE=","timestamp":"2025-11-13T10:28:07.416980100","serviceType":"UNDEFINED","agencyInformation":{"clientCode":"BEAUTYT","branchOfficeCode":"999","taxApplicationType":"ISC","taxRate":0,"paymentType":"PP","commission":{"currency":"EUR","rate":15}},"budgets":[{"booked":false,"selected":false,"hotelServices":[{"responseId":"N+PSpD4VmDDKJo8LeBNcnmpGeoM+ysxbCtK17P76wbY=","id":"53859964-b25e-44fa-8982-3685fc271fa6","type":"H
[13-Nov-2025 09:28:16 UTC] [Soltour API info] Resposta da API Soltour:
[13-Nov-2025 09:28:16 UTC] [Soltour API info]   - budgets: 176
[13-Nov-2025 09:28:16 UTC] [Soltour API info]   - totalCount: 0
[13-Nov-2025 09:28:16 UTC] [Soltour API info]   - hotels: 28
[13-Nov-2025 09:28:16 UTC] [Soltour API info]   - availToken: SIM
[13-Nov-2025 09:28:17 UTC] Loaded file: blur_effects.php
[13-Nov-2025 09:28:17 UTC] Loaded file: rkit_post_duplicator.php
[13-Nov-2025 09:28:17 UTC] Loaded file: rkit_tool_tips.php
[13-Nov-2025 09:28:17 UTC] Loaded file: rkit_wrapper_link.php
[13-Nov-2025 09:28:17 UTC] Class not found: \RomethemeKit\Rkit_Custom_Cursor
[13-Nov-2025 09:28:17 UTC] Instantiated class: \RomethemeKit\RkitDuplicator
[13-Nov-2025 09:28:17 UTC] Instantiated class: \RomethemeKit\BlurEffects
[13-Nov-2025 09:28:17 UTC] Class not found: \RomethemeKit\Rkit_Sticky_Content
[13-Nov-2025 09:28:17 UTC] Instantiated class: \RomethemeKit\RkitToolTips
[13-Nov-2025 09:28:17 UTC] Instantiated class: \RomethemeKit\RkitWrapperLink
[13-Nov-2025 09:28:17 UTC] Loaded file: blur_effects.php
[13-Nov-2025 09:28:17 UTC] Loaded file: blur_effects.php
[13-Nov-2025 09:28:17 UTC] Loaded file: rkit_post_duplicator.php
[13-Nov-2025 09:28:17 UTC] Loaded file: rkit_post_duplicator.php
[13-Nov-2025 09:28:17 UTC] Loaded file: rkit_tool_tips.php
[13-Nov-2025 09:28:17 UTC] Loaded file: rkit_tool_tips.php
[13-Nov-2025 09:28:17 UTC] Loaded file: rkit_wrapper_link.php
[13-Nov-2025 09:28:17 UTC] Loaded file: rkit_wrapper_link.php
[13-Nov-2025 09:28:17 UTC] Class not found: \RomethemeKit\Rkit_Custom_Cursor
[13-Nov-2025 09:28:17 UTC] Class not found: \RomethemeKit\Rkit_Custom_Cursor
[13-Nov-2025 09:28:17 UTC] Instantiated class: \RomethemeKit\RkitDuplicator
[13-Nov-2025 09:28:17 UTC] Instantiated class: \RomethemeKit\BlurEffects
[13-Nov-2025 09:28:17 UTC] Instantiated class: \RomethemeKit\RkitDuplicator
[13-Nov-2025 09:28:17 UTC] Instantiated class: \RomethemeKit\BlurEffects
[13-Nov-2025 09:28:17 UTC] Class not found: \RomethemeKit\Rkit_Sticky_Content
[13-Nov-2025 09:28:17 UTC] Class not found: \RomethemeKit\Rkit_Sticky_Content
[13-Nov-2025 09:28:17 UTC] Instantiated class: \RomethemeKit\RkitToolTips
[13-Nov-2025 09:28:17 UTC] Instantiated class: \RomethemeKit\RkitToolTips
[13-Nov-2025 09:28:17 UTC] Instantiated class: \RomethemeKit\RkitWrapperLink
[13-Nov-2025 09:28:17 UTC] Instantiated class: \RomethemeKit\RkitWrapperLink
[13-Nov-2025 09:28:17 UTC] Loaded file: blur_effects.php
[13-Nov-2025 09:28:17 UTC] Loaded file: rkit_post_duplicator.php
[13-Nov-2025 09:28:17 UTC] Loaded file: rkit_tool_tips.php
[13-Nov-2025 09:28:17 UTC] Loaded file: rkit_wrapper_link.php
[13-Nov-2025 09:28:17 UTC] Class not found: \RomethemeKit\Rkit_Custom_Cursor
[13-Nov-2025 09:28:17 UTC] Instantiated class: \RomethemeKit\RkitDuplicator
[13-Nov-2025 09:28:17 UTC] Instantiated class: \RomethemeKit\BlurEffects
[13-Nov-2025 09:28:17 UTC] Class not found: \RomethemeKit\Rkit_Sticky_Content
[13-Nov-2025 09:28:17 UTC] Instantiated class: \RomethemeKit\RkitToolTips
[13-Nov-2025 09:28:17 UTC] Instantiated class: \RomethemeKit\RkitWrapperLink
[13-Nov-2025 09:28:17 UTC] Loaded file: blur_effects.php
[13-Nov-2025 09:28:17 UTC] Loaded file: rkit_post_duplicator.php
[13-Nov-2025 09:28:17 UTC] Loaded file: rkit_tool_tips.php
[13-Nov-2025 09:28:17 UTC] Loaded file: rkit_wrapper_link.php
[13-Nov-2025 09:28:17 UTC] Class not found: \RomethemeKit\Rkit_Custom_Cursor
[13-Nov-2025 09:28:17 UTC] Instantiated class: \RomethemeKit\RkitDuplicator
[13-Nov-2025 09:28:17 UTC] Instantiated class: \RomethemeKit\BlurEffects
[13-Nov-2025 09:28:17 UTC] Class not found: \RomethemeKit\Rkit_Sticky_Content
[13-Nov-2025 09:28:17 UTC] Instantiated class: \RomethemeKit\RkitToolTips
[13-Nov-2025 09:28:17 UTC] Instantiated class: \RomethemeKit\RkitWrapperLink
[13-Nov-2025 09:28:18 UTC] [Soltour API info] Getting details for budget: H99741##SA##0$5314364214274442703@@CLASSICAL01, hotel: H99741
[13-Nov-2025 09:28:18 UTC] [Soltour API info] Request to booking/details: {"productType":"PACKAGE","availToken":"FFiutQmlTej1Ij\/m9ClJeIpbfKYy97NtMd+LsRRBVgE=","budgetId":"H99741##SA##0$5314364214274442703@@CLASSICAL01","hotelParams":{"hotelCode":"H99741","providerCode":"UNDEFINED"}}
[13-Nov-2025 09:28:18 UTC] [Soltour API info] Getting details for budget: H81381##TI##0$4928171320760273201@@CLASSICAL01, hotel: H81381
[13-Nov-2025 09:28:18 UTC] [Soltour API info] Request to booking/details: {"productType":"PACKAGE","availToken":"FFiutQmlTej1Ij\/m9ClJeIpbfKYy97NtMd+LsRRBVgE=","budgetId":"H81381##TI##0$4928171320760273201@@CLASSICAL01","hotelParams":{"hotelCode":"H81381","providerCode":"UNDEFINED"}}
[13-Nov-2025 09:28:18 UTC] [Soltour API info] Getting details for budget: H80090##TI##0$5295181049257574759@@CLASSICAL01, hotel: H80090
[13-Nov-2025 09:28:18 UTC] [Soltour API info] Request to booking/details: {"productType":"PACKAGE","availToken":"FFiutQmlTej1Ij\/m9ClJeIpbfKYy97NtMd+LsRRBVgE=","budgetId":"H80090##TI##0$5295181049257574759@@CLASSICAL01","hotelParams":{"hotelCode":"H80090","providerCode":"UNDEFINED"}}
[13-Nov-2025 09:28:18 UTC] [Soltour API info] Getting details for budget: H199543##SA##0$5607578475921427004@@CLASSICAL01, hotel: H199543
[13-Nov-2025 09:28:18 UTC] [Soltour API info] Request to booking/details: {"productType":"PACKAGE","availToken":"FFiutQmlTej1Ij\/m9ClJeIpbfKYy97NtMd+LsRRBVgE=","budgetId":"H199543##SA##0$5607578475921427004@@CLASSICAL01","hotelParams":{"hotelCode":"H199543","providerCode":"UNDEFINED"}}
[13-Nov-2025 09:28:18 UTC] [Soltour API info] Getting details for budget: H217184##TI##0$5300520008690246902@@CLASSICAL01, hotel: H217184
[13-Nov-2025 09:28:18 UTC] [Soltour API info] Request to booking/details: {"productType":"PACKAGE","availToken":"FFiutQmlTej1Ij\/m9ClJeIpbfKYy97NtMd+LsRRBVgE=","budgetId":"H217184##TI##0$5300520008690246902@@CLASSICAL01","hotelParams":{"hotelCode":"H217184","providerCode":"UNDEFINED"}}
[13-Nov-2025 09:28:18 UTC] [Soltour API info] Response from booking/details: {"availToken":"FFiutQmlTej1Ij/m9ClJeIpbfKYy97NtMd+LsRRBVgE=","timestamp":"2025-11-13T10:28:18.610020257","serviceType":"UNDEFINED","agencyInformation":{"clientCode":"BEAUTYT","branchOfficeCode":"999","taxApplicationType":"ISC","taxRate":0,"paymentType":"PP","commission":{"currency":"EUR","rate":15}},"params":{"startDate":"2025-11-23","endDate":"2025-11-30","accomodation":{"rooms":[{"passengers":[{"age":30,"type":"ADULT"},{"age":30,"type":"ADULT"}]}]},"residentType":"NONE","numNights":0,"flightPa
[13-Nov-2025 09:28:18 UTC] [Soltour API info] Details response structure: {"has_budget":false,"has_details":true,"has_error":false,"error_msg":null}
[13-Nov-2025 09:28:18 UTC] [Soltour API info] Response from booking/details: {"availToken":"FFiutQmlTej1Ij/m9ClJeIpbfKYy97NtMd+LsRRBVgE=","timestamp":"2025-11-13T10:28:18.635705416","serviceType":"UNDEFINED","agencyInformation":{"clientCode":"BEAUTYT","branchOfficeCode":"999","taxApplicationType":"ISC","taxRate":0,"paymentType":"PP","commission":{"currency":"EUR","rate":15}},"params":{"startDate":"2025-11-23","endDate":"2025-11-30","accomodation":{"rooms":[{"passengers":[{"age":30,"type":"ADULT"},{"age":30,"type":"ADULT"}]}]},"residentType":"NONE","numNights":0,"flightPa
[13-Nov-2025 09:28:18 UTC] [Soltour API info] Details response structure: {"has_budget":false,"has_details":true,"has_error":false,"error_msg":null}
[13-Nov-2025 09:28:18 UTC] [Soltour API info] Response from booking/details: {"availToken":"FFiutQmlTej1Ij/m9ClJeIpbfKYy97NtMd+LsRRBVgE=","timestamp":"2025-11-13T10:28:18.649026864","serviceType":"UNDEFINED","agencyInformation":{"clientCode":"BEAUTYT","branchOfficeCode":"999","taxApplicationType":"ISC","taxRate":0,"paymentType":"PP","commission":{"currency":"EUR","rate":15}},"params":{"startDate":"2025-11-23","endDate":"2025-11-30","accomodation":{"rooms":[{"passengers":[{"age":30,"type":"ADULT"},{"age":30,"type":"ADULT"}]}]},"residentType":"NONE","numNights":0,"flightPa
[13-Nov-2025 09:28:18 UTC] [Soltour API info] Details response structure: {"has_budget":false,"has_details":true,"has_error":false,"error_msg":null}
[13-Nov-2025 09:28:18 UTC] [Soltour API info] Response from booking/details: {"availToken":"FFiutQmlTej1Ij/m9ClJeIpbfKYy97NtMd+LsRRBVgE=","timestamp":"2025-11-13T10:28:18.748041412","serviceType":"UNDEFINED","agencyInformation":{"clientCode":"BEAUTYT","branchOfficeCode":"999","taxApplicationType":"ISC","taxRate":0,"paymentType":"PP","commission":{"currency":"EUR","rate":15}},"params":{"startDate":"2025-11-23","endDate":"2025-11-30","accomodation":{"rooms":[{"passengers":[{"age":30,"type":"ADULT"},{"age":30,"type":"ADULT"}]}]},"residentType":"NONE","numNights":0,"flightPa
[13-Nov-2025 09:28:18 UTC] [Soltour API info] Details response structure: {"has_budget":false,"has_details":true,"has_error":false,"error_msg":null}
[13-Nov-2025 09:28:19 UTC] [Soltour API info] Response from booking/details: {"availToken":"FFiutQmlTej1Ij/m9ClJeIpbfKYy97NtMd+LsRRBVgE=","timestamp":"2025-11-13T10:28:18.905811188","serviceType":"UNDEFINED","agencyInformation":{"clientCode":"BEAUTYT","branchOfficeCode":"999","taxApplicationType":"ISC","taxRate":0,"paymentType":"PP","commission":{"currency":"EUR","rate":15}},"params":{"startDate":"2025-11-23","endDate":"2025-11-30","accomodation":{"rooms":[{"passengers":[{"age":30,"type":"ADULT"},{"age":30,"type":"ADULT"}]}]},"residentType":"NONE","numNights":0,"flightPa
[13-Nov-2025 09:28:19 UTC] [Soltour API info] Details response structure: {"has_budget":false,"has_details":true,"has_error":false,"error_msg":null}
[13-Nov-2025 09:28:19 UTC] Loaded file: blur_effects.php
[13-Nov-2025 09:28:19 UTC] Loaded file: rkit_post_duplicator.php
[13-Nov-2025 09:28:19 UTC] Loaded file: rkit_tool_tips.php
[13-Nov-2025 09:28:19 UTC] Loaded file: rkit_wrapper_link.php
[13-Nov-2025 09:28:19 UTC] Class not found: \RomethemeKit\Rkit_Custom_Cursor
[13-Nov-2025 09:28:19 UTC] Instantiated class: \RomethemeKit\RkitDuplicator
[13-Nov-2025 09:28:19 UTC] Instantiated class: \RomethemeKit\BlurEffects
[13-Nov-2025 09:28:19 UTC] Class not found: \RomethemeKit\Rkit_Sticky_Content
[13-Nov-2025 09:28:19 UTC] Instantiated class: \RomethemeKit\RkitToolTips
[13-Nov-2025 09:28:19 UTC] Instantiated class: \RomethemeKit\RkitWrapperLink
[13-Nov-2025 09:28:19 UTC] Loaded file: blur_effects.php
[13-Nov-2025 09:28:19 UTC] Loaded file: rkit_post_duplicator.php
[13-Nov-2025 09:28:19 UTC] Loaded file: rkit_tool_tips.php
[13-Nov-2025 09:28:19 UTC] Loaded file: rkit_wrapper_link.php
[13-Nov-2025 09:28:19 UTC] Class not found: \RomethemeKit\Rkit_Custom_Cursor
[13-Nov-2025 09:28:19 UTC] Instantiated class: \RomethemeKit\RkitDuplicator
[13-Nov-2025 09:28:19 UTC] Instantiated class: \RomethemeKit\BlurEffects
[13-Nov-2025 09:28:19 UTC] Class not found: \RomethemeKit\Rkit_Sticky_Content
[13-Nov-2025 09:28:19 UTC] Instantiated class: \RomethemeKit\RkitToolTips
[13-Nov-2025 09:28:19 UTC] Instantiated class: \RomethemeKit\RkitWrapperLink
[13-Nov-2025 09:28:19 UTC] Loaded file: blur_effects.php
[13-Nov-2025 09:28:19 UTC] Loaded file: rkit_post_duplicator.php
[13-Nov-2025 09:28:19 UTC] Loaded file: rkit_tool_tips.php
[13-Nov-2025 09:28:19 UTC] Loaded file: rkit_wrapper_link.php
[13-Nov-2025 09:28:19 UTC] Class not found: \RomethemeKit\Rkit_Custom_Cursor
[13-Nov-2025 09:28:19 UTC] Instantiated class: \RomethemeKit\RkitDuplicator
[13-Nov-2025 09:28:19 UTC] Instantiated class: \RomethemeKit\BlurEffects
[13-Nov-2025 09:28:19 UTC] Class not found: \RomethemeKit\Rkit_Sticky_Content
[13-Nov-2025 09:28:19 UTC] Instantiated class: \RomethemeKit\RkitToolTips
[13-Nov-2025 09:28:19 UTC] Instantiated class: \RomethemeKit\RkitWrapperLink
[13-Nov-2025 09:28:19 UTC] Loaded file: blur_effects.php
[13-Nov-2025 09:28:19 UTC] Loaded file: rkit_post_duplicator.php
[13-Nov-2025 09:28:19 UTC] Loaded file: rkit_tool_tips.php
[13-Nov-2025 09:28:19 UTC] Loaded file: rkit_wrapper_link.php
[13-Nov-2025 09:28:19 UTC] Class not found: \RomethemeKit\Rkit_Custom_Cursor
[13-Nov-2025 09:28:19 UTC] Instantiated class: \RomethemeKit\RkitDuplicator
[13-Nov-2025 09:28:19 UTC] Instantiated class: \RomethemeKit\BlurEffects
[13-Nov-2025 09:28:19 UTC] Class not found: \RomethemeKit\Rkit_Sticky_Content
[13-Nov-2025 09:28:19 UTC] Instantiated class: \RomethemeKit\RkitToolTips
[13-Nov-2025 09:28:19 UTC] Instantiated class: \RomethemeKit\RkitWrapperLink
[13-Nov-2025 09:28:19 UTC] Loaded file: blur_effects.php
[13-Nov-2025 09:28:19 UTC] Loaded file: rkit_post_duplicator.php
[13-Nov-2025 09:28:19 UTC] Loaded file: rkit_tool_tips.php
[13-Nov-2025 09:28:19 UTC] Loaded file: rkit_wrapper_link.php
[13-Nov-2025 09:28:19 UTC] Class not found: \RomethemeKit\Rkit_Custom_Cursor
[13-Nov-2025 09:28:19 UTC] Instantiated class: \RomethemeKit\RkitDuplicator
[13-Nov-2025 09:28:19 UTC] Instantiated class: \RomethemeKit\BlurEffects
[13-Nov-2025 09:28:19 UTC] Class not found: \RomethemeKit\Rkit_Sticky_Content
[13-Nov-2025 09:28:19 UTC] Instantiated class: \RomethemeKit\RkitToolTips
[13-Nov-2025 09:28:19 UTC] Instantiated class: \RomethemeKit\RkitWrapperLink
[13-Nov-2025 09:28:20 UTC] [Soltour API info] Getting details for budget: H81784##TI##0$4781029998701430605@@CLASSICAL01, hotel: H81784
[13-Nov-2025 09:28:20 UTC] [Soltour API info] Request to booking/details: {"productType":"PACKAGE","availToken":"FFiutQmlTej1Ij\/m9ClJeIpbfKYy97NtMd+LsRRBVgE=","budgetId":"H81784##TI##0$4781029998701430605@@CLASSICAL01","hotelParams":{"hotelCode":"H81784","providerCode":"UNDEFINED"}}
[13-Nov-2025 09:28:20 UTC] [Soltour API info] Getting details for budget: H186203##TI##0$4663614092649224898@@CLASSICAL01, hotel: H186203
[13-Nov-2025 09:28:20 UTC] [Soltour API info] Request to booking/details: {"productType":"PACKAGE","availToken":"FFiutQmlTej1Ij\/m9ClJeIpbfKYy97NtMd+LsRRBVgE=","budgetId":"H186203##TI##0$4663614092649224898@@CLASSICAL01","hotelParams":{"hotelCode":"H186203","providerCode":"UNDEFINED"}}
[13-Nov-2025 09:28:20 UTC] [Soltour API info] Getting details for budget: H408431##SA##0$5385603168515857548@@CLASSICAL01, hotel: H408431
[13-Nov-2025 09:28:20 UTC] [Soltour API info] Request to booking/details: {"productType":"PACKAGE","availToken":"FFiutQmlTej1Ij\/m9ClJeIpbfKYy97NtMd+LsRRBVgE=","budgetId":"H408431##SA##0$5385603168515857548@@CLASSICAL01","hotelParams":{"hotelCode":"H408431","providerCode":"UNDEFINED"}}
[13-Nov-2025 09:28:20 UTC] [Soltour API info] Getting details for budget: H24##TI##0$5362839865711352534@@CLASSICAL01, hotel: H24
[13-Nov-2025 09:28:20 UTC] [Soltour API info] Request to booking/details: {"productType":"PACKAGE","availToken":"FFiutQmlTej1Ij\/m9ClJeIpbfKYy97NtMd+LsRRBVgE=","budgetId":"H24##TI##0$5362839865711352534@@CLASSICAL01","hotelParams":{"hotelCode":"H24","providerCode":"UNDEFINED"}}
[13-Nov-2025 09:28:20 UTC] [Soltour API info] Getting details for budget: H49702##TI##0$5234333054600693621@@CLASSICAL01, hotel: H49702
[13-Nov-2025 09:28:20 UTC] [Soltour API info] Request to booking/details: {"productType":"PACKAGE","availToken":"FFiutQmlTej1Ij\/m9ClJeIpbfKYy97NtMd+LsRRBVgE=","budgetId":"H49702##TI##0$5234333054600693621@@CLASSICAL01","hotelParams":{"hotelCode":"H49702","providerCode":"UNDEFINED"}}
[13-Nov-2025 09:28:21 UTC] [Soltour API info] Response from booking/details: {"availToken":"FFiutQmlTej1Ij/m9ClJeIpbfKYy97NtMd+LsRRBVgE=","timestamp":"2025-11-13T10:28:20.918843047","serviceType":"UNDEFINED","agencyInformation":{"clientCode":"BEAUTYT","branchOfficeCode":"999","taxApplicationType":"ISC","taxRate":0,"paymentType":"PP","commission":{"currency":"EUR","rate":15}},"params":{"startDate":"2025-11-23","endDate":"2025-11-30","accomodation":{"rooms":[{"passengers":[{"age":30,"type":"ADULT"},{"age":30,"type":"ADULT"}]}]},"residentType":"NONE","numNights":0,"flightPa
[13-Nov-2025 09:28:21 UTC] [Soltour API info] Details response structure: {"has_budget":false,"has_details":true,"has_error":false,"error_msg":null}
[13-Nov-2025 09:28:21 UTC] [Soltour API info] Response from booking/details: {"availToken":"FFiutQmlTej1Ij/m9ClJeIpbfKYy97NtMd+LsRRBVgE=","timestamp":"2025-11-13T10:28:21.142518141","serviceType":"UNDEFINED","agencyInformation":{"clientCode":"BEAUTYT","branchOfficeCode":"999","taxApplicationType":"ISC","taxRate":0,"paymentType":"PP","commission":{"currency":"EUR","rate":15}},"params":{"startDate":"2025-11-23","endDate":"2025-11-30","accomodation":{"rooms":[{"passengers":[{"age":30,"type":"ADULT"},{"age":30,"type":"ADULT"}]}]},"residentType":"NONE","numNights":0,"flightPa
[13-Nov-2025 09:28:21 UTC] [Soltour API info] Details response structure: {"has_budget":false,"has_details":true,"has_error":false,"error_msg":null}
[13-Nov-2025 09:28:21 UTC] [Soltour API info] Response from booking/details: {"availToken":"FFiutQmlTej1Ij/m9ClJeIpbfKYy97NtMd+LsRRBVgE=","timestamp":"2025-11-13T10:28:21.199886679","serviceType":"UNDEFINED","agencyInformation":{"clientCode":"BEAUTYT","branchOfficeCode":"999","taxApplicationType":"ISC","taxRate":0,"paymentType":"PP","commission":{"currency":"EUR","rate":15}},"params":{"startDate":"2025-11-23","endDate":"2025-11-30","accomodation":{"rooms":[{"passengers":[{"age":30,"type":"ADULT"},{"age":30,"type":"ADULT"}]}]},"residentType":"NONE","numNights":0,"flightPa
[13-Nov-2025 09:28:21 UTC] [Soltour API info] Details response structure: {"has_budget":false,"has_details":true,"has_error":false,"error_msg":null}
[13-Nov-2025 09:28:21 UTC] [Soltour API info] Response from booking/details: {"availToken":"FFiutQmlTej1Ij/m9ClJeIpbfKYy97NtMd+LsRRBVgE=","timestamp":"2025-11-13T10:28:21.165806655","serviceType":"UNDEFINED","agencyInformation":{"clientCode":"BEAUTYT","branchOfficeCode":"999","taxApplicationType":"ISC","taxRate":0,"paymentType":"PP","commission":{"currency":"EUR","rate":15}},"params":{"startDate":"2025-11-23","endDate":"2025-11-30","accomodation":{"rooms":[{"passengers":[{"age":30,"type":"ADULT"},{"age":30,"type":"ADULT"}]}]},"residentType":"NONE","numNights":0,"flightPa
[13-Nov-2025 09:28:21 UTC] [Soltour API info] Details response structure: {"has_budget":false,"has_details":true,"has_error":false,"error_msg":null}
[13-Nov-2025 09:28:21 UTC] [Soltour API info] Response from booking/details: {"availToken":"FFiutQmlTej1Ij/m9ClJeIpbfKYy97NtMd+LsRRBVgE=","timestamp":"2025-11-13T10:28:21.365011890","serviceType":"UNDEFINED","agencyInformation":{"clientCode":"BEAUTYT","branchOfficeCode":"999","taxApplicationType":"ISC","taxRate":0,"paymentType":"PP","commission":{"currency":"EUR","rate":15}},"params":{"startDate":"2025-11-23","endDate":"2025-11-30","accomodation":{"rooms":[{"passengers":[{"age":30,"type":"ADULT"},{"age":30,"type":"ADULT"}]}]},"residentType":"NONE","numNights":0,"flightPa
[13-Nov-2025 09:28:21 UTC] [Soltour API info] Details response structure: {"has_budget":false,"has_details":true,"has_error":false,"error_msg":null}
[13-Nov-2025 09:28:21 UTC] Loaded file: blur_effects.php
[13-Nov-2025 09:28:21 UTC] Loaded file: rkit_post_duplicator.php
[13-Nov-2025 09:28:21 UTC] Loaded file: rkit_tool_tips.php
[13-Nov-2025 09:28:21 UTC] Loaded file: rkit_wrapper_link.php
[13-Nov-2025 09:28:21 UTC] Class not found: \RomethemeKit\Rkit_Custom_Cursor
[13-Nov-2025 09:28:21 UTC] Instantiated class: \RomethemeKit\RkitDuplicator
[13-Nov-2025 09:28:21 UTC] Instantiated class: \RomethemeKit\BlurEffects
[13-Nov-2025 09:28:21 UTC] Class not found: \RomethemeKit\Rkit_Sticky_Content
[13-Nov-2025 09:28:21 UTC] Instantiated class: \RomethemeKit\RkitToolTips
[13-Nov-2025 09:28:21 UTC] Instantiated class: \RomethemeKit\RkitWrapperLink
[13-Nov-2025 09:28:21 UTC] Loaded file: blur_effects.php
[13-Nov-2025 09:28:21 UTC] Loaded file: rkit_post_duplicator.php
[13-Nov-2025 09:28:21 UTC] Loaded file: rkit_tool_tips.php
[13-Nov-2025 09:28:21 UTC] Loaded file: rkit_wrapper_link.php
[13-Nov-2025 09:28:21 UTC] Class not found: \RomethemeKit\Rkit_Custom_Cursor
[13-Nov-2025 09:28:21 UTC] Instantiated class: \RomethemeKit\RkitDuplicator
[13-Nov-2025 09:28:21 UTC] Instantiated class: \RomethemeKit\BlurEffects
[13-Nov-2025 09:28:21 UTC] Class not found: \RomethemeKit\Rkit_Sticky_Content
[13-Nov-2025 09:28:21 UTC] Instantiated class: \RomethemeKit\RkitToolTips
[13-Nov-2025 09:28:21 UTC] Instantiated class: \RomethemeKit\RkitWrapperLink
[13-Nov-2025 09:28:21 UTC] [Soltour API info] Getting details for budget: H3784##TI##0$5138382196654505546@@CLASSICAL01, hotel: H3784
[13-Nov-2025 09:28:21 UTC] [Soltour API info] Request to booking/details: {"productType":"PACKAGE","availToken":"FFiutQmlTej1Ij\/m9ClJeIpbfKYy97NtMd+LsRRBVgE=","budgetId":"H3784##TI##0$5138382196654505546@@CLASSICAL01","hotelParams":{"hotelCode":"H3784","providerCode":"UNDEFINED"}}
[13-Nov-2025 09:28:22 UTC] [Soltour API info] Getting details for budget: H68719##TI##0$5748876070423768441@@CLASSICAL01, hotel: H68719
[13-Nov-2025 09:28:22 UTC] [Soltour API info] Request to booking/details: {"productType":"PACKAGE","availToken":"FFiutQmlTej1Ij\/m9ClJeIpbfKYy97NtMd+LsRRBVgE=","budgetId":"H68719##TI##0$5748876070423768441@@CLASSICAL01","hotelParams":{"hotelCode":"H68719","providerCode":"UNDEFINED"}}
[13-Nov-2025 09:28:22 UTC] Loaded file: blur_effects.php
[13-Nov-2025 09:28:22 UTC] Loaded file: rkit_post_duplicator.php
[13-Nov-2025 09:28:22 UTC] Loaded file: rkit_tool_tips.php
[13-Nov-2025 09:28:22 UTC] Loaded file: rkit_wrapper_link.php
[13-Nov-2025 09:28:22 UTC] Class not found: \RomethemeKit\Rkit_Custom_Cursor
[13-Nov-2025 09:28:22 UTC] Instantiated class: \RomethemeKit\RkitDuplicator
[13-Nov-2025 09:28:22 UTC] Instantiated class: \RomethemeKit\BlurEffects
[13-Nov-2025 09:28:22 UTC] Class not found: \RomethemeKit\Rkit_Sticky_Content
[13-Nov-2025 09:28:22 UTC] Instantiated class: \RomethemeKit\RkitToolTips
[13-Nov-2025 09:28:22 UTC] Instantiated class: \RomethemeKit\RkitWrapperLink
[13-Nov-2025 09:28:22 UTC] Loaded file: blur_effects.php
[13-Nov-2025 09:28:22 UTC] Loaded file: rkit_post_duplicator.php
[13-Nov-2025 09:28:22 UTC] Loaded file: rkit_tool_tips.php
[13-Nov-2025 09:28:22 UTC] Loaded file: rkit_wrapper_link.php
[13-Nov-2025 09:28:22 UTC] Class not found: \RomethemeKit\Rkit_Custom_Cursor
[13-Nov-2025 09:28:22 UTC] Instantiated class: \RomethemeKit\RkitDuplicator
[13-Nov-2025 09:28:22 UTC] Instantiated class: \RomethemeKit\BlurEffects
[13-Nov-2025 09:28:22 UTC] Class not found: \RomethemeKit\Rkit_Sticky_Content
[13-Nov-2025 09:28:22 UTC] Instantiated class: \RomethemeKit\RkitToolTips
[13-Nov-2025 09:28:22 UTC] Instantiated class: \RomethemeKit\RkitWrapperLink
[13-Nov-2025 09:28:22 UTC] Loaded file: blur_effects.php
[13-Nov-2025 09:28:22 UTC] Loaded file: rkit_post_duplicator.php
[13-Nov-2025 09:28:22 UTC] Loaded file: rkit_tool_tips.php
[13-Nov-2025 09:28:22 UTC] Loaded file: rkit_wrapper_link.php
[13-Nov-2025 09:28:22 UTC] Class not found: \RomethemeKit\Rkit_Custom_Cursor
[13-Nov-2025 09:28:22 UTC] Instantiated class: \RomethemeKit\RkitDuplicator
[13-Nov-2025 09:28:22 UTC] Instantiated class: \RomethemeKit\BlurEffects
[13-Nov-2025 09:28:22 UTC] Class not found: \RomethemeKit\Rkit_Sticky_Content
[13-Nov-2025 09:28:22 UTC] Instantiated class: \RomethemeKit\RkitToolTips
[13-Nov-2025 09:28:22 UTC] Instantiated class: \RomethemeKit\RkitWrapperLink
[13-Nov-2025 09:28:22 UTC] [Soltour API info] Response from booking/details: {"availToken":"FFiutQmlTej1Ij/m9ClJeIpbfKYy97NtMd+LsRRBVgE=","timestamp":"2025-11-13T10:28:22.483617162","serviceType":"UNDEFINED","agencyInformation":{"clientCode":"BEAUTYT","branchOfficeCode":"999","taxApplicationType":"ISC","taxRate":0,"paymentType":"PP","commission":{"currency":"EUR","rate":15}},"params":{"startDate":"2025-11-23","endDate":"2025-11-30","accomodation":{"rooms":[{"passengers":[{"age":30,"type":"ADULT"},{"age":30,"type":"ADULT"}]}]},"residentType":"NONE","numNights":0,"flightPa
[13-Nov-2025 09:28:22 UTC] [Soltour API info] Details response structure: {"has_budget":false,"has_details":true,"has_error":false,"error_msg":null}
[13-Nov-2025 09:28:22 UTC] [Soltour API info] Response from booking/details: {"availToken":"FFiutQmlTej1Ij/m9ClJeIpbfKYy97NtMd+LsRRBVgE=","timestamp":"2025-11-13T10:28:22.507347149","serviceType":"UNDEFINED","agencyInformation":{"clientCode":"BEAUTYT","branchOfficeCode":"999","taxApplicationType":"ISC","taxRate":0,"paymentType":"PP","commission":{"currency":"EUR","rate":15}},"params":{"startDate":"2025-11-23","endDate":"2025-11-30","accomodation":{"rooms":[{"passengers":[{"age":30,"type":"ADULT"},{"age":30,"type":"ADULT"}]}]},"residentType":"NONE","numNights":0,"flightPa
[13-Nov-2025 09:28:22 UTC] [Soltour API info] Details response structure: {"has_budget":false,"has_details":true,"has_error":false,"error_msg":null}
[13-Nov-2025 09:28:22 UTC] [Soltour API info] Getting details for budget: H50725##TI##0$5156773095845124990@@CLASSICAL01, hotel: H50725
[13-Nov-2025 09:28:22 UTC] [Soltour API info] Request to booking/details: {"productType":"PACKAGE","availToken":"FFiutQmlTej1Ij\/m9ClJeIpbfKYy97NtMd+LsRRBVgE=","budgetId":"H50725##TI##0$5156773095845124990@@CLASSICAL01","hotelParams":{"hotelCode":"H50725","providerCode":"UNDEFINED"}}
[13-Nov-2025 09:28:23 UTC] [Soltour API info] Getting details for budget: H14##TI##0$4772852504410098910@@CLASSICAL01, hotel: H14
[13-Nov-2025 09:28:23 UTC] [Soltour API info] Request to booking/details: {"productType":"PACKAGE","availToken":"FFiutQmlTej1Ij\/m9ClJeIpbfKYy97NtMd+LsRRBVgE=","budgetId":"H14##TI##0$4772852504410098910@@CLASSICAL01","hotelParams":{"hotelCode":"H14","providerCode":"UNDEFINED"}}
[13-Nov-2025 09:28:23 UTC] [Soltour API info] Getting details for budget: H1##TI##0$4666783958039367356@@CLASSICAL01, hotel: H1
[13-Nov-2025 09:28:23 UTC] [Soltour API info] Request to booking/details: {"productType":"PACKAGE","availToken":"FFiutQmlTej1Ij\/m9ClJeIpbfKYy97NtMd+LsRRBVgE=","budgetId":"H1##TI##0$4666783958039367356@@CLASSICAL01","hotelParams":{"hotelCode":"H1","providerCode":"UNDEFINED"}}
[13-Nov-2025 09:28:23 UTC] Loaded file: blur_effects.php
[13-Nov-2025 09:28:23 UTC] Loaded file: rkit_post_duplicator.php
[13-Nov-2025 09:28:23 UTC] Loaded file: rkit_tool_tips.php
[13-Nov-2025 09:28:23 UTC] Loaded file: rkit_wrapper_link.php
[13-Nov-2025 09:28:23 UTC] Class not found: \RomethemeKit\Rkit_Custom_Cursor
[13-Nov-2025 09:28:23 UTC] Instantiated class: \RomethemeKit\RkitDuplicator
[13-Nov-2025 09:28:23 UTC] Instantiated class: \RomethemeKit\BlurEffects
[13-Nov-2025 09:28:23 UTC] Class not found: \RomethemeKit\Rkit_Sticky_Content
[13-Nov-2025 09:28:23 UTC] Instantiated class: \RomethemeKit\RkitToolTips
[13-Nov-2025 09:28:23 UTC] Instantiated class: \RomethemeKit\RkitWrapperLink
[13-Nov-2025 09:28:23 UTC] Loaded file: blur_effects.php
[13-Nov-2025 09:28:23 UTC] Loaded file: rkit_post_duplicator.php
[13-Nov-2025 09:28:23 UTC] Loaded file: rkit_tool_tips.php
[13-Nov-2025 09:28:23 UTC] Loaded file: rkit_wrapper_link.php
[13-Nov-2025 09:28:23 UTC] Class not found: \RomethemeKit\Rkit_Custom_Cursor
[13-Nov-2025 09:28:23 UTC] Instantiated class: \RomethemeKit\RkitDuplicator
[13-Nov-2025 09:28:23 UTC] Instantiated class: \RomethemeKit\BlurEffects
[13-Nov-2025 09:28:23 UTC] Class not found: \RomethemeKit\Rkit_Sticky_Content
[13-Nov-2025 09:28:23 UTC] Instantiated class: \RomethemeKit\RkitToolTips
[13-Nov-2025 09:28:23 UTC] Instantiated class: \RomethemeKit\RkitWrapperLink
[13-Nov-2025 09:28:23 UTC] [Soltour API info] Response from booking/details: {"availToken":"FFiutQmlTej1Ij/m9ClJeIpbfKYy97NtMd+LsRRBVgE=","timestamp":"2025-11-13T10:28:23.503427508","serviceType":"UNDEFINED","agencyInformation":{"clientCode":"BEAUTYT","branchOfficeCode":"999","taxApplicationType":"ISC","taxRate":0,"paymentType":"PP","commission":{"currency":"EUR","rate":15}},"params":{"startDate":"2025-11-23","endDate":"2025-11-30","accomodation":{"rooms":[{"passengers":[{"age":30,"type":"ADULT"},{"age":30,"type":"ADULT"}]}]},"residentType":"NONE","numNights":0,"flightPa
[13-Nov-2025 09:28:23 UTC] [Soltour API info] Details response structure: {"has_budget":false,"has_details":true,"has_error":false,"error_msg":null}
[13-Nov-2025 09:28:23 UTC] [Soltour API info] Response from booking/details: {"availToken":"FFiutQmlTej1Ij/m9ClJeIpbfKYy97NtMd+LsRRBVgE=","timestamp":"2025-11-13T10:28:23.635989803","serviceType":"UNDEFINED","agencyInformation":{"clientCode":"BEAUTYT","branchOfficeCode":"999","taxApplicationType":"ISC","taxRate":0,"paymentType":"PP","commission":{"currency":"EUR","rate":15}},"params":{"startDate":"2025-11-23","endDate":"2025-11-30","accomodation":{"rooms":[{"passengers":[{"age":30,"type":"ADULT"},{"age":30,"type":"ADULT"}]}]},"residentType":"NONE","numNights":0,"flightPa
[13-Nov-2025 09:28:23 UTC] [Soltour API info] Details response structure: {"has_budget":false,"has_details":true,"has_error":false,"error_msg":null}
[13-Nov-2025 09:28:23 UTC] [Soltour API info] Response from booking/details: {"availToken":"FFiutQmlTej1Ij/m9ClJeIpbfKYy97NtMd+LsRRBVgE=","timestamp":"2025-11-13T10:28:23.719975320","serviceType":"UNDEFINED","agencyInformation":{"clientCode":"BEAUTYT","branchOfficeCode":"999","taxApplicationType":"ISC","taxRate":0,"paymentType":"PP","commission":{"currency":"EUR","rate":15}},"params":{"startDate":"2025-11-23","endDate":"2025-11-30","accomodation":{"rooms":[{"passengers":[{"age":30,"type":"ADULT"},{"age":30,"type":"ADULT"}]}]},"residentType":"NONE","numNights":0,"flightPa
[13-Nov-2025 09:28:23 UTC] [Soltour API info] Details response structure: {"has_budget":false,"has_details":true,"has_error":false,"error_msg":null}
[13-Nov-2025 09:28:23 UTC] [Soltour API info] Getting details for budget: H35##TI##0$5044678734854618231@@CLASSICAL01, hotel: H35
[13-Nov-2025 09:28:23 UTC] [Soltour API info] Request to booking/details: {"productType":"PACKAGE","availToken":"FFiutQmlTej1Ij\/m9ClJeIpbfKYy97NtMd+LsRRBVgE=","budgetId":"H35##TI##0$5044678734854618231@@CLASSICAL01","hotelParams":{"hotelCode":"H35","providerCode":"UNDEFINED"}}
[13-Nov-2025 09:28:24 UTC] [Soltour API info] Getting details for budget: H13##TI##0$5193209578460701660@@CLASSICAL01, hotel: H13
[13-Nov-2025 09:28:24 UTC] [Soltour API info] Request to booking/details: {"productType":"PACKAGE","availToken":"FFiutQmlTej1Ij\/m9ClJeIpbfKYy97NtMd+LsRRBVgE=","budgetId":"H13##TI##0$5193209578460701660@@CLASSICAL01","hotelParams":{"hotelCode":"H13","providerCode":"UNDEFINED"}}
[13-Nov-2025 09:28:24 UTC] [Soltour API info] Response from booking/details: {"availToken":"FFiutQmlTej1Ij/m9ClJeIpbfKYy97NtMd+LsRRBVgE=","timestamp":"2025-11-13T10:28:24.401014422","serviceType":"UNDEFINED","agencyInformation":{"clientCode":"BEAUTYT","branchOfficeCode":"999","taxApplicationType":"ISC","taxRate":0,"paymentType":"PP","commission":{"currency":"EUR","rate":15}},"params":{"startDate":"2025-11-23","endDate":"2025-11-30","accomodation":{"rooms":[{"passengers":[{"age":30,"type":"ADULT"},{"age":30,"type":"ADULT"}]}]},"residentType":"NONE","numNights":0,"flightPa
[13-Nov-2025 09:28:24 UTC] [Soltour API info] Details response structure: {"has_budget":false,"has_details":true,"has_error":false,"error_msg":null}
[13-Nov-2025 09:28:24 UTC] Loaded file: blur_effects.php
[13-Nov-2025 09:28:24 UTC] Loaded file: rkit_post_duplicator.php
[13-Nov-2025 09:28:24 UTC] Loaded file: rkit_tool_tips.php
[13-Nov-2025 09:28:24 UTC] Loaded file: rkit_wrapper_link.php
[13-Nov-2025 09:28:24 UTC] Class not found: \RomethemeKit\Rkit_Custom_Cursor
[13-Nov-2025 09:28:24 UTC] Instantiated class: \RomethemeKit\RkitDuplicator
[13-Nov-2025 09:28:24 UTC] Instantiated class: \RomethemeKit\BlurEffects
[13-Nov-2025 09:28:24 UTC] Class not found: \RomethemeKit\Rkit_Sticky_Content
[13-Nov-2025 09:28:24 UTC] Instantiated class: \RomethemeKit\RkitToolTips
[13-Nov-2025 09:28:24 UTC] Instantiated class: \RomethemeKit\RkitWrapperLink
[13-Nov-2025 09:28:24 UTC] Loaded file: blur_effects.php
[13-Nov-2025 09:28:24 UTC] Loaded file: rkit_post_duplicator.php
[13-Nov-2025 09:28:24 UTC] Loaded file: rkit_tool_tips.php
[13-Nov-2025 09:28:24 UTC] Loaded file: rkit_wrapper_link.php
[13-Nov-2025 09:28:24 UTC] Class not found: \RomethemeKit\Rkit_Custom_Cursor
[13-Nov-2025 09:28:24 UTC] Instantiated class: \RomethemeKit\RkitDuplicator
[13-Nov-2025 09:28:24 UTC] Instantiated class: \RomethemeKit\BlurEffects
[13-Nov-2025 09:28:24 UTC] Class not found: \RomethemeKit\Rkit_Sticky_Content
[13-Nov-2025 09:28:24 UTC] Instantiated class: \RomethemeKit\RkitToolTips
[13-Nov-2025 09:28:24 UTC] Instantiated class: \RomethemeKit\RkitWrapperLink
[13-Nov-2025 09:28:24 UTC] Loaded file: blur_effects.php
[13-Nov-2025 09:28:24 UTC] Loaded file: rkit_post_duplicator.php
[13-Nov-2025 09:28:24 UTC] Loaded file: rkit_tool_tips.php
[13-Nov-2025 09:28:24 UTC] Loaded file: rkit_wrapper_link.php
[13-Nov-2025 09:28:24 UTC] Class not found: \RomethemeKit\Rkit_Custom_Cursor
[13-Nov-2025 09:28:24 UTC] Instantiated class: \RomethemeKit\RkitDuplicator
[13-Nov-2025 09:28:24 UTC] Instantiated class: \RomethemeKit\BlurEffects
[13-Nov-2025 09:28:24 UTC] Class not found: \RomethemeKit\Rkit_Sticky_Content
[13-Nov-2025 09:28:24 UTC] Instantiated class: \RomethemeKit\RkitToolTips
[13-Nov-2025 09:28:24 UTC] Instantiated class: \RomethemeKit\RkitWrapperLink
[13-Nov-2025 09:28:24 UTC] [Soltour API info] Response from booking/details: {"availToken":"FFiutQmlTej1Ij/m9ClJeIpbfKYy97NtMd+LsRRBVgE=","timestamp":"2025-11-13T10:28:24.388665023","serviceType":"UNDEFINED","agencyInformation":{"clientCode":"BEAUTYT","branchOfficeCode":"999","taxApplicationType":"ISC","taxRate":0,"paymentType":"PP","commission":{"currency":"EUR","rate":15}},"params":{"startDate":"2025-11-23","endDate":"2025-11-30","accomodation":{"rooms":[{"passengers":[{"age":30,"type":"ADULT"},{"age":30,"type":"ADULT"}]}]},"residentType":"NONE","numNights":0,"flightPa
[13-Nov-2025 09:28:24 UTC] [Soltour API info] Details response structure: {"has_budget":false,"has_details":true,"has_error":false,"error_msg":null}
[13-Nov-2025 09:28:25 UTC] [Soltour API info] Getting details for budget: H199537##TI##0$5560597060787797673@@CLASSICAL01, hotel: H199537
[13-Nov-2025 09:28:25 UTC] [Soltour API info] Request to booking/details: {"productType":"PACKAGE","availToken":"FFiutQmlTej1Ij\/m9ClJeIpbfKYy97NtMd+LsRRBVgE=","budgetId":"H199537##TI##0$5560597060787797673@@CLASSICAL01","hotelParams":{"hotelCode":"H199537","providerCode":"UNDEFINED"}}
[13-Nov-2025 09:28:25 UTC] [Soltour API info] Getting details for budget: H3##TI##0$4855721410717227390@@CLASSICAL01, hotel: H3
[13-Nov-2025 09:28:25 UTC] [Soltour API info] Request to booking/details: {"productType":"PACKAGE","availToken":"FFiutQmlTej1Ij\/m9ClJeIpbfKYy97NtMd+LsRRBVgE=","budgetId":"H3##TI##0$4855721410717227390@@CLASSICAL01","hotelParams":{"hotelCode":"H3","providerCode":"UNDEFINED"}}
[13-Nov-2025 09:28:25 UTC] [Soltour API info] Getting details for budget: H224289##TI##0$4667575929632120381@@CLASSICAL01, hotel: H224289
[13-Nov-2025 09:28:25 UTC] [Soltour API info] Request to booking/details: {"productType":"PACKAGE","availToken":"FFiutQmlTej1Ij\/m9ClJeIpbfKYy97NtMd+LsRRBVgE=","budgetId":"H224289##TI##0$4667575929632120381@@CLASSICAL01","hotelParams":{"hotelCode":"H224289","providerCode":"UNDEFINED"}}
[13-Nov-2025 09:28:25 UTC] Loaded file: blur_effects.php
[13-Nov-2025 09:28:25 UTC] Loaded file: rkit_post_duplicator.php
[13-Nov-2025 09:28:25 UTC] Loaded file: rkit_tool_tips.php
[13-Nov-2025 09:28:25 UTC] Loaded file: rkit_wrapper_link.php
[13-Nov-2025 09:28:25 UTC] Class not found: \RomethemeKit\Rkit_Custom_Cursor
[13-Nov-2025 09:28:25 UTC] Instantiated class: \RomethemeKit\RkitDuplicator
[13-Nov-2025 09:28:25 UTC] Instantiated class: \RomethemeKit\BlurEffects
[13-Nov-2025 09:28:25 UTC] Class not found: \RomethemeKit\Rkit_Sticky_Content
[13-Nov-2025 09:28:25 UTC] Instantiated class: \RomethemeKit\RkitToolTips
[13-Nov-2025 09:28:25 UTC] Instantiated class: \RomethemeKit\RkitWrapperLink
[13-Nov-2025 09:28:25 UTC] Loaded file: blur_effects.php
[13-Nov-2025 09:28:25 UTC] Loaded file: rkit_post_duplicator.php
[13-Nov-2025 09:28:25 UTC] Loaded file: rkit_tool_tips.php
[13-Nov-2025 09:28:25 UTC] Loaded file: rkit_wrapper_link.php
[13-Nov-2025 09:28:25 UTC] Class not found: \RomethemeKit\Rkit_Custom_Cursor
[13-Nov-2025 09:28:25 UTC] Instantiated class: \RomethemeKit\RkitDuplicator
[13-Nov-2025 09:28:25 UTC] Instantiated class: \RomethemeKit\BlurEffects
[13-Nov-2025 09:28:25 UTC] Class not found: \RomethemeKit\Rkit_Sticky_Content
[13-Nov-2025 09:28:25 UTC] Instantiated class: \RomethemeKit\RkitToolTips
[13-Nov-2025 09:28:25 UTC] Instantiated class: \RomethemeKit\RkitWrapperLink
[13-Nov-2025 09:28:25 UTC] [Soltour API info] Response from booking/details: {"availToken":"FFiutQmlTej1Ij/m9ClJeIpbfKYy97NtMd+LsRRBVgE=","timestamp":"2025-11-13T10:28:25.569577192","serviceType":"UNDEFINED","agencyInformation":{"clientCode":"BEAUTYT","branchOfficeCode":"999","taxApplicationType":"ISC","taxRate":0,"paymentType":"PP","commission":{"currency":"EUR","rate":15}},"params":{"startDate":"2025-11-23","endDate":"2025-11-30","accomodation":{"rooms":[{"passengers":[{"age":30,"type":"ADULT"},{"age":30,"type":"ADULT"}]}]},"residentType":"NONE","numNights":0,"flightPa
[13-Nov-2025 09:28:25 UTC] [Soltour API info] Details response structure: {"has_budget":false,"has_details":true,"has_error":false,"error_msg":null}
[13-Nov-2025 09:28:25 UTC] [Soltour API info] Response from booking/details: {"availToken":"FFiutQmlTej1Ij/m9ClJeIpbfKYy97NtMd+LsRRBVgE=","timestamp":"2025-11-13T10:28:25.777916126","serviceType":"UNDEFINED","agencyInformation":{"clientCode":"BEAUTYT","branchOfficeCode":"999","taxApplicationType":"ISC","taxRate":0,"paymentType":"PP","commission":{"currency":"EUR","rate":15}},"params":{"startDate":"2025-11-23","endDate":"2025-11-30","accomodation":{"rooms":[{"passengers":[{"age":30,"type":"ADULT"},{"age":30,"type":"ADULT"}]}]},"residentType":"NONE","numNights":0,"flightPa
[13-Nov-2025 09:28:25 UTC] [Soltour API info] Details response structure: {"has_budget":false,"has_details":true,"has_error":false,"error_msg":null}
[13-Nov-2025 09:28:26 UTC] [Soltour API info] Response from booking/details: {"availToken":"FFiutQmlTej1Ij/m9ClJeIpbfKYy97NtMd+LsRRBVgE=","timestamp":"2025-11-13T10:28:25.939573126","serviceType":"UNDEFINED","agencyInformation":{"clientCode":"BEAUTYT","branchOfficeCode":"999","taxApplicationType":"ISC","taxRate":0,"paymentType":"PP","commission":{"currency":"EUR","rate":15}},"params":{"startDate":"2025-11-23","endDate":"2025-11-30","accomodation":{"rooms":[{"passengers":[{"age":30,"type":"ADULT"},{"age":30,"type":"ADULT"}]}]},"residentType":"NONE","numNights":0,"flightPa
[13-Nov-2025 09:28:26 UTC] [Soltour API info] Details response structure: {"has_budget":false,"has_details":true,"has_error":false,"error_msg":null}
[13-Nov-2025 09:28:26 UTC] [Soltour API info] Getting details for budget: H199535##TI##0$4863167106153878985@@CLASSICAL01, hotel: H199535
[13-Nov-2025 09:28:26 UTC] [Soltour API info] Request to booking/details: {"productType":"PACKAGE","availToken":"FFiutQmlTej1Ij\/m9ClJeIpbfKYy97NtMd+LsRRBVgE=","budgetId":"H199535##TI##0$4863167106153878985@@CLASSICAL01","hotelParams":{"hotelCode":"H199535","providerCode":"UNDEFINED"}}
[13-Nov-2025 09:28:26 UTC] [Soltour API info] Getting details for budget: H199372##TI##0$5001389156272646142@@CLASSICAL01, hotel: H199372
[13-Nov-2025 09:28:26 UTC] [Soltour API info] Request to booking/details: {"productType":"PACKAGE","availToken":"FFiutQmlTej1Ij\/m9ClJeIpbfKYy97NtMd+LsRRBVgE=","budgetId":"H199372##TI##0$5001389156272646142@@CLASSICAL01","hotelParams":{"hotelCode":"H199372","providerCode":"UNDEFINED"}}
[13-Nov-2025 09:28:26 UTC] Loaded file: blur_effects.php
[13-Nov-2025 09:28:26 UTC] Loaded file: rkit_post_duplicator.php
[13-Nov-2025 09:28:26 UTC] Loaded file: rkit_tool_tips.php
[13-Nov-2025 09:28:26 UTC] Loaded file: rkit_wrapper_link.php
[13-Nov-2025 09:28:26 UTC] Class not found: \RomethemeKit\Rkit_Custom_Cursor
[13-Nov-2025 09:28:26 UTC] Instantiated class: \RomethemeKit\RkitDuplicator
[13-Nov-2025 09:28:26 UTC] Instantiated class: \RomethemeKit\BlurEffects
[13-Nov-2025 09:28:26 UTC] Class not found: \RomethemeKit\Rkit_Sticky_Content
[13-Nov-2025 09:28:26 UTC] Instantiated class: \RomethemeKit\RkitToolTips
[13-Nov-2025 09:28:26 UTC] Instantiated class: \RomethemeKit\RkitWrapperLink
[13-Nov-2025 09:28:26 UTC] Loaded file: blur_effects.php
[13-Nov-2025 09:28:26 UTC] Loaded file: rkit_post_duplicator.php
[13-Nov-2025 09:28:26 UTC] Loaded file: rkit_tool_tips.php
[13-Nov-2025 09:28:26 UTC] Loaded file: rkit_wrapper_link.php
[13-Nov-2025 09:28:26 UTC] Class not found: \RomethemeKit\Rkit_Custom_Cursor
[13-Nov-2025 09:28:26 UTC] Instantiated class: \RomethemeKit\RkitDuplicator
[13-Nov-2025 09:28:26 UTC] Instantiated class: \RomethemeKit\BlurEffects
[13-Nov-2025 09:28:26 UTC] Class not found: \RomethemeKit\Rkit_Sticky_Content
[13-Nov-2025 09:28:26 UTC] Instantiated class: \RomethemeKit\RkitToolTips
[13-Nov-2025 09:28:26 UTC] Instantiated class: \RomethemeKit\RkitWrapperLink
[13-Nov-2025 09:28:26 UTC] [Soltour API info] Response from booking/details: {"availToken":"FFiutQmlTej1Ij/m9ClJeIpbfKYy97NtMd+LsRRBVgE=","timestamp":"2025-11-13T10:28:26.499514647","serviceType":"UNDEFINED","agencyInformation":{"clientCode":"BEAUTYT","branchOfficeCode":"999","taxApplicationType":"ISC","taxRate":0,"paymentType":"PP","commission":{"currency":"EUR","rate":15}},"params":{"startDate":"2025-11-23","endDate":"2025-11-30","accomodation":{"rooms":[{"passengers":[{"age":30,"type":"ADULT"},{"age":30,"type":"ADULT"}]}]},"residentType":"NONE","numNights":0,"flightPa
[13-Nov-2025 09:28:26 UTC] [Soltour API info] Details response structure: {"has_budget":false,"has_details":true,"has_error":false,"error_msg":null}
[13-Nov-2025 09:28:26 UTC] [Soltour API info] Response from booking/details: {"availToken":"FFiutQmlTej1Ij/m9ClJeIpbfKYy97NtMd+LsRRBVgE=","timestamp":"2025-11-13T10:28:26.591808476","serviceType":"UNDEFINED","agencyInformation":{"clientCode":"BEAUTYT","branchOfficeCode":"999","taxApplicationType":"ISC","taxRate":0,"paymentType":"PP","commission":{"currency":"EUR","rate":15}},"params":{"startDate":"2025-11-23","endDate":"2025-11-30","accomodation":{"rooms":[{"passengers":[{"age":30,"type":"ADULT"},{"age":30,"type":"ADULT"}]}]},"residentType":"NONE","numNights":0,"flightPa
[13-Nov-2025 09:28:26 UTC] [Soltour API info] Details response structure: {"has_budget":false,"has_details":true,"has_error":false,"error_msg":null}
[13-Nov-2025 09:28:27 UTC] [Soltour API info] Getting details for budget: H199374##TI##0$5276829079464353274@@CLASSICAL01, hotel: H199374
[13-Nov-2025 09:28:27 UTC] [Soltour API info] Request to booking/details: {"productType":"PACKAGE","availToken":"FFiutQmlTej1Ij\/m9ClJeIpbfKYy97NtMd+LsRRBVgE=","budgetId":"H199374##TI##0$5276829079464353274@@CLASSICAL01","hotelParams":{"hotelCode":"H199374","providerCode":"UNDEFINED"}}
[13-Nov-2025 09:28:27 UTC] [Soltour API info] Getting details for budget: H199373##TI##0$4705955600459606472@@CLASSICAL01, hotel: H199373
[13-Nov-2025 09:28:27 UTC] [Soltour API info] Request to booking/details: {"productType":"PACKAGE","availToken":"FFiutQmlTej1Ij\/m9ClJeIpbfKYy97NtMd+LsRRBVgE=","budgetId":"H199373##TI##0$4705955600459606472@@CLASSICAL01","hotelParams":{"hotelCode":"H199373","providerCode":"UNDEFINED"}}
[13-Nov-2025 09:28:27 UTC] [Soltour API info] Response from booking/details: {"availToken":"FFiutQmlTej1Ij/m9ClJeIpbfKYy97NtMd+LsRRBVgE=","timestamp":"2025-11-13T10:28:27.547706755","serviceType":"UNDEFINED","agencyInformation":{"clientCode":"BEAUTYT","branchOfficeCode":"999","taxApplicationType":"ISC","taxRate":0,"paymentType":"PP","commission":{"currency":"EUR","rate":15}},"params":{"startDate":"2025-11-23","endDate":"2025-11-30","accomodation":{"rooms":[{"passengers":[{"age":30,"type":"ADULT"},{"age":30,"type":"ADULT"}]}]},"residentType":"NONE","numNights":0,"flightPa
[13-Nov-2025 09:28:27 UTC] [Soltour API info] Details response structure: {"has_budget":false,"has_details":true,"has_error":false,"error_msg":null}
[13-Nov-2025 09:28:27 UTC] [Soltour API info] Response from booking/details: {"availToken":"FFiutQmlTej1Ij/m9ClJeIpbfKYy97NtMd+LsRRBVgE=","timestamp":"2025-11-13T10:28:27.582724388","serviceType":"UNDEFINED","agencyInformation":{"clientCode":"BEAUTYT","branchOfficeCode":"999","taxApplicationType":"ISC","taxRate":0,"paymentType":"PP","commission":{"currency":"EUR","rate":15}},"params":{"startDate":"2025-11-23","endDate":"2025-11-30","accomodation":{"rooms":[{"passengers":[{"age":30,"type":"ADULT"},{"age":30,"type":"ADULT"}]}]},"residentType":"NONE","numNights":0,"flightPa
[13-Nov-2025 09:28:27 UTC] [Soltour API info] Details response structure: {"has_budget":false,"has_details":true,"has_error":false,"error_msg":null}
[13-Nov-2025 09:28:28 UTC] Loaded file: blur_effects.php
[13-Nov-2025 09:28:28 UTC] Loaded file: rkit_post_duplicator.php
[13-Nov-2025 09:28:28 UTC] Loaded file: rkit_tool_tips.php
[13-Nov-2025 09:28:28 UTC] Loaded file: rkit_wrapper_link.php
[13-Nov-2025 09:28:28 UTC] Class not found: \RomethemeKit\Rkit_Custom_Cursor
[13-Nov-2025 09:28:28 UTC] Instantiated class: \RomethemeKit\RkitDuplicator
[13-Nov-2025 09:28:28 UTC] Instantiated class: \RomethemeKit\BlurEffects
[13-Nov-2025 09:28:28 UTC] Class not found: \RomethemeKit\Rkit_Sticky_Content
[13-Nov-2025 09:28:28 UTC] Instantiated class: \RomethemeKit\RkitToolTips
[13-Nov-2025 09:28:28 UTC] Instantiated class: \RomethemeKit\RkitWrapperLink
[13-Nov-2025 09:28:28 UTC] [Soltour API info] === AJAX SEARCH PACKAGES CALLED ===
[13-Nov-2025 09:28:28 UTC] [Soltour API info] Params recebidos do frontend:
[13-Nov-2025 09:28:28 UTC] [Soltour API info]   - first_item: 0
[13-Nov-2025 09:28:28 UTC] [Soltour API info]   - item_count: 100
[13-Nov-2025 09:28:28 UTC] [Soltour API info] Params completos: {"originCode":"MAD","destinationCode":"PUJ","startDate":"2025-11-23","numNights":7,"rooms":[{"passengers":[{"type":"ADULT","age":30},{"type":"ADULT","age":30}]}],"productType":"PACKAGE","onlyHotel":"N","forceAvail":true,"firstItem":0,"itemCount":100}
[13-Nov-2025 09:28:28 UTC] [Soltour API info] Enviando para API Soltour (booking/availability):
[13-Nov-2025 09:28:28 UTC] [Soltour API info]   - criteria.pagination.firstItem: 0
[13-Nov-2025 09:28:28 UTC] [Soltour API info]   - criteria.pagination.itemCount: 100
[13-Nov-2025 09:28:28 UTC] [Soltour API info] Request to booking/availability: {"productType":"PACKAGE","onlyHotel":"N","forceAvail":true,"criteria":{"order":{"type":"PRICE","direction":"ASC"},"pagination":{"firstItem":0,"itemCount":100}},"languageCode":"PT","params":{"startDate":"2025-11-23","endDate":"2025-11-30","residentType":"NONE","accomodation":{"rooms":[{"passengers":[{"type":"ADULT","age":30},{"type":"ADULT","age":30}]}]},"hotelParams":{"destinationCode":"PUJ","includeImmediatePayment":true},"flightParams":{"itineraries":[{"origins":["MAD"],"destinations":["PUJ"]}],"directFlightsOnly":false,"includeImmediatePayment":true}}}
[13-Nov-2025 09:28:29 UTC] Loaded file: blur_effects.php
[13-Nov-2025 09:28:29 UTC] Loaded file: rkit_post_duplicator.php
[13-Nov-2025 09:28:29 UTC] Loaded file: rkit_tool_tips.php
[13-Nov-2025 09:28:29 UTC] Loaded file: rkit_wrapper_link.php
[13-Nov-2025 09:28:29 UTC] Class not found: \RomethemeKit\Rkit_Custom_Cursor
[13-Nov-2025 09:28:29 UTC] Instantiated class: \RomethemeKit\RkitDuplicator
[13-Nov-2025 09:28:29 UTC] Instantiated class: \RomethemeKit\BlurEffects
[13-Nov-2025 09:28:29 UTC] Class not found: \RomethemeKit\Rkit_Sticky_Content
[13-Nov-2025 09:28:29 UTC] Instantiated class: \RomethemeKit\RkitToolTips
[13-Nov-2025 09:28:29 UTC] Instantiated class: \RomethemeKit\RkitWrapperLink
[13-Nov-2025 09:28:39 UTC] [Soltour API info] Response from booking/availability: {"productType":"PACKAGE","availToken":"X/QT7OpWJOPAX71Mhi1XrbefIHRHpEjkqTzGPitRY2Y=","timestamp":"2025-11-13T10:28:29.052196846","serviceType":"UNDEFINED","agencyInformation":{"clientCode":"BEAUTYT","branchOfficeCode":"999","taxApplicationType":"ISC","taxRate":0,"paymentType":"PP","commission":{"currency":"EUR","rate":15}},"budgets":[{"booked":false,"selected":false,"hotelServices":[{"responseId":"mytApNxQN6KW+y9nqPWXQ14bpN9HGkjqlOGfJN3yj6E=","id":"8ce47f72-2c34-44c7-b1e3-6d0dfebf8955","type":"H
[13-Nov-2025 09:28:39 UTC] [Soltour API info] Resposta da API Soltour:
[13-Nov-2025 09:28:39 UTC] [Soltour API info]   - budgets: 176
[13-Nov-2025 09:28:39 UTC] [Soltour API info]   - totalCount: 0
[13-Nov-2025 09:28:39 UTC] [Soltour API info]   - hotels: 28
[13-Nov-2025 09:28:39 UTC] [Soltour API info]   - availToken: SIM
[13-Nov-2025 09:28:42 UTC] Loaded file: blur_effects.php
[13-Nov-2025 09:28:42 UTC] Loaded file: rkit_post_duplicator.php
[13-Nov-2025 09:28:42 UTC] Loaded file: rkit_tool_tips.php
[13-Nov-2025 09:28:42 UTC] Loaded file: rkit_wrapper_link.php
[13-Nov-2025 09:28:42 UTC] Class not found: \RomethemeKit\Rkit_Custom_Cursor
[13-Nov-2025 09:28:42 UTC] Instantiated class: \RomethemeKit\RkitDuplicator
[13-Nov-2025 09:28:42 UTC] Instantiated class: \RomethemeKit\BlurEffects
[13-Nov-2025 09:28:42 UTC] Class not found: \RomethemeKit\Rkit_Sticky_Content
[13-Nov-2025 09:28:42 UTC] Instantiated class: \RomethemeKit\RkitToolTips
[13-Nov-2025 09:28:42 UTC] Instantiated class: \RomethemeKit\RkitWrapperLink
[13-Nov-2025 09:28:43 UTC] Loaded file: blur_effects.php
[13-Nov-2025 09:28:43 UTC] Loaded file: rkit_post_duplicator.php
[13-Nov-2025 09:28:43 UTC] Loaded file: rkit_tool_tips.php
[13-Nov-2025 09:28:43 UTC] Loaded file: rkit_wrapper_link.php
[13-Nov-2025 09:28:43 UTC] Class not found: \RomethemeKit\Rkit_Custom_Cursor
[13-Nov-2025 09:28:43 UTC] Instantiated class: \RomethemeKit\RkitDuplicator
[13-Nov-2025 09:28:43 UTC] Instantiated class: \RomethemeKit\BlurEffects
[13-Nov-2025 09:28:43 UTC] Class not found: \RomethemeKit\Rkit_Sticky_Content
[13-Nov-2025 09:28:43 UTC] Instantiated class: \RomethemeKit\RkitToolTips
[13-Nov-2025 09:28:43 UTC] Instantiated class: \RomethemeKit\RkitWrapperLink
