[13-Nov-2025 13:52:20 UTC] Loaded file: blur_effects.php
[13-Nov-2025 13:52:20 UTC] Loaded file: rkit_post_duplicator.php
[13-Nov-2025 13:52:20 UTC] Loaded file: rkit_tool_tips.php
[13-Nov-2025 13:52:20 UTC] Loaded file: rkit_wrapper_link.php
[13-Nov-2025 13:52:20 UTC] Class not found: \RomethemeKit\Rkit_Custom_Cursor
[13-Nov-2025 13:52:20 UTC] Instantiated class: \RomethemeKit\RkitDuplicator
[13-Nov-2025 13:52:20 UTC] Instantiated class: \RomethemeKit\BlurEffects
[13-Nov-2025 13:52:20 UTC] Class not found: \RomethemeKit\Rkit_Sticky_Content
[13-Nov-2025 13:52:20 UTC] Instantiated class: \RomethemeKit\RkitToolTips
[13-Nov-2025 13:52:20 UTC] Instantiated class: \RomethemeKit\RkitWrapperLink
[13-Nov-2025 13:52:21 UTC] Soltour Booking V2: Plugin desativado
[13-Nov-2025 13:52:21 UTC] Loaded file: blur_effects.php
[13-Nov-2025 13:52:21 UTC] Loaded file: rkit_post_duplicator.php
[13-Nov-2025 13:52:21 UTC] Loaded file: rkit_tool_tips.php
[13-Nov-2025 13:52:21 UTC] Loaded file: rkit_wrapper_link.php
[13-Nov-2025 13:52:21 UTC] Class not found: \RomethemeKit\Rkit_Custom_Cursor
[13-Nov-2025 13:52:21 UTC] Instantiated class: \RomethemeKit\RkitDuplicator
[13-Nov-2025 13:52:21 UTC] Instantiated class: \RomethemeKit\BlurEffects
[13-Nov-2025 13:52:21 UTC] Class not found: \RomethemeKit\Rkit_Sticky_Content
[13-Nov-2025 13:52:21 UTC] Instantiated class: \RomethemeKit\RkitToolTips
[13-Nov-2025 13:52:21 UTC] Instantiated class: \RomethemeKit\RkitWrapperLink
[13-Nov-2025 13:52:25 UTC] Loaded file: blur_effects.php
[13-Nov-2025 13:52:25 UTC] Loaded file: rkit_post_duplicator.php
[13-Nov-2025 13:52:25 UTC] Loaded file: rkit_tool_tips.php
[13-Nov-2025 13:52:25 UTC] Loaded file: rkit_wrapper_link.php
[13-Nov-2025 13:52:25 UTC] Class not found: \RomethemeKit\Rkit_Custom_Cursor
[13-Nov-2025 13:52:25 UTC] Instantiated class: \RomethemeKit\RkitDuplicator
[13-Nov-2025 13:52:25 UTC] Instantiated class: \RomethemeKit\BlurEffects
[13-Nov-2025 13:52:25 UTC] Class not found: \RomethemeKit\Rkit_Sticky_Content
[13-Nov-2025 13:52:25 UTC] Instantiated class: \RomethemeKit\RkitToolTips
[13-Nov-2025 13:52:25 UTC] Instantiated class: \RomethemeKit\RkitWrapperLink
[13-Nov-2025 13:52:28 UTC] Loaded file: blur_effects.php
[13-Nov-2025 13:52:28 UTC] Loaded file: rkit_post_duplicator.php
[13-Nov-2025 13:52:28 UTC] Loaded file: rkit_tool_tips.php
[13-Nov-2025 13:52:28 UTC] Loaded file: rkit_wrapper_link.php
[13-Nov-2025 13:52:28 UTC] Class not found: \RomethemeKit\Rkit_Custom_Cursor
[13-Nov-2025 13:52:28 UTC] Instantiated class: \RomethemeKit\RkitDuplicator
[13-Nov-2025 13:52:28 UTC] Instantiated class: \RomethemeKit\BlurEffects
[13-Nov-2025 13:52:28 UTC] Class not found: \RomethemeKit\Rkit_Sticky_Content
[13-Nov-2025 13:52:28 UTC] Instantiated class: \RomethemeKit\RkitToolTips
[13-Nov-2025 13:52:28 UTC] Instantiated class: \RomethemeKit\RkitWrapperLink
[13-Nov-2025 13:52:29 UTC] Loaded file: blur_effects.php
[13-Nov-2025 13:52:29 UTC] Loaded file: rkit_post_duplicator.php
[13-Nov-2025 13:52:29 UTC] Loaded file: rkit_tool_tips.php
[13-Nov-2025 13:52:29 UTC] Loaded file: rkit_wrapper_link.php
[13-Nov-2025 13:52:29 UTC] Class not found: \RomethemeKit\Rkit_Custom_Cursor
[13-Nov-2025 13:52:29 UTC] Instantiated class: \RomethemeKit\RkitDuplicator
[13-Nov-2025 13:52:29 UTC] Instantiated class: \RomethemeKit\BlurEffects
[13-Nov-2025 13:52:29 UTC] Class not found: \RomethemeKit\Rkit_Sticky_Content
[13-Nov-2025 13:52:29 UTC] Instantiated class: \RomethemeKit\RkitToolTips
[13-Nov-2025 13:52:29 UTC] Instantiated class: \RomethemeKit\RkitWrapperLink
[13-Nov-2025 13:52:29 UTC] Loaded file: blur_effects.php
[13-Nov-2025 13:52:29 UTC] Loaded file: rkit_post_duplicator.php
[13-Nov-2025 13:52:29 UTC] Loaded file: rkit_tool_tips.php
[13-Nov-2025 13:52:29 UTC] Loaded file: rkit_wrapper_link.php
[13-Nov-2025 13:52:29 UTC] Class not found: \RomethemeKit\Rkit_Custom_Cursor
[13-Nov-2025 13:52:29 UTC] Instantiated class: \RomethemeKit\RkitDuplicator
[13-Nov-2025 13:52:29 UTC] Instantiated class: \RomethemeKit\BlurEffects
[13-Nov-2025 13:52:29 UTC] Class not found: \RomethemeKit\Rkit_Sticky_Content
[13-Nov-2025 13:52:29 UTC] Instantiated class: \RomethemeKit\RkitToolTips
[13-Nov-2025 13:52:29 UTC] Instantiated class: \RomethemeKit\RkitWrapperLink
[13-Nov-2025 13:53:08 UTC] Loaded file: blur_effects.php
[13-Nov-2025 13:53:08 UTC] Loaded file: rkit_post_duplicator.php
[13-Nov-2025 13:53:08 UTC] Loaded file: rkit_tool_tips.php
[13-Nov-2025 13:53:08 UTC] Loaded file: rkit_wrapper_link.php
[13-Nov-2025 13:53:08 UTC] Class not found: \RomethemeKit\Rkit_Custom_Cursor
[13-Nov-2025 13:53:08 UTC] Instantiated class: \RomethemeKit\RkitDuplicator
[13-Nov-2025 13:53:08 UTC] Instantiated class: \RomethemeKit\BlurEffects
[13-Nov-2025 13:53:08 UTC] Class not found: \RomethemeKit\Rkit_Sticky_Content
[13-Nov-2025 13:53:08 UTC] Instantiated class: \RomethemeKit\RkitToolTips
[13-Nov-2025 13:53:08 UTC] Instantiated class: \RomethemeKit\RkitWrapperLink
[13-Nov-2025 13:53:09 UTC] Loaded file: blur_effects.php
[13-Nov-2025 13:53:09 UTC] Loaded file: rkit_post_duplicator.php
[13-Nov-2025 13:53:09 UTC] Loaded file: rkit_tool_tips.php
[13-Nov-2025 13:53:09 UTC] Loaded file: rkit_wrapper_link.php
[13-Nov-2025 13:53:09 UTC] Class not found: \RomethemeKit\Rkit_Custom_Cursor
[13-Nov-2025 13:53:09 UTC] Instantiated class: \RomethemeKit\RkitDuplicator
[13-Nov-2025 13:53:09 UTC] Instantiated class: \RomethemeKit\BlurEffects
[13-Nov-2025 13:53:09 UTC] Class not found: \RomethemeKit\Rkit_Sticky_Content
[13-Nov-2025 13:53:09 UTC] Instantiated class: \RomethemeKit\RkitToolTips
[13-Nov-2025 13:53:09 UTC] Instantiated class: \RomethemeKit\RkitWrapperLink
[13-Nov-2025 13:53:09 UTC] Loaded file: blur_effects.php
[13-Nov-2025 13:53:09 UTC] Loaded file: rkit_post_duplicator.php
[13-Nov-2025 13:53:09 UTC] Loaded file: rkit_tool_tips.php
[13-Nov-2025 13:53:09 UTC] Loaded file: rkit_wrapper_link.php
[13-Nov-2025 13:53:09 UTC] Class not found: \RomethemeKit\Rkit_Custom_Cursor
[13-Nov-2025 13:53:09 UTC] Instantiated class: \RomethemeKit\RkitDuplicator
[13-Nov-2025 13:53:09 UTC] Instantiated class: \RomethemeKit\BlurEffects
[13-Nov-2025 13:53:09 UTC] Class not found: \RomethemeKit\Rkit_Sticky_Content
[13-Nov-2025 13:53:09 UTC] Instantiated class: \RomethemeKit\RkitToolTips
[13-Nov-2025 13:53:09 UTC] Instantiated class: \RomethemeKit\RkitWrapperLink
[13-Nov-2025 13:55:10 UTC] Loaded file: blur_effects.php
[13-Nov-2025 13:55:10 UTC] Loaded file: rkit_post_duplicator.php
[13-Nov-2025 13:55:10 UTC] Loaded file: rkit_tool_tips.php
[13-Nov-2025 13:55:10 UTC] Loaded file: rkit_wrapper_link.php
[13-Nov-2025 13:55:10 UTC] Class not found: \RomethemeKit\Rkit_Custom_Cursor
[13-Nov-2025 13:55:10 UTC] Instantiated class: \RomethemeKit\RkitDuplicator
[13-Nov-2025 13:55:10 UTC] Instantiated class: \RomethemeKit\BlurEffects
[13-Nov-2025 13:55:10 UTC] Class not found: \RomethemeKit\Rkit_Sticky_Content
[13-Nov-2025 13:55:10 UTC] Instantiated class: \RomethemeKit\RkitToolTips
[13-Nov-2025 13:55:10 UTC] Instantiated class: \RomethemeKit\RkitWrapperLink
[13-Nov-2025 13:55:11 UTC] Loaded file: blur_effects.php
[13-Nov-2025 13:55:11 UTC] Loaded file: rkit_post_duplicator.php
[13-Nov-2025 13:55:11 UTC] Loaded file: rkit_tool_tips.php
[13-Nov-2025 13:55:11 UTC] Loaded file: rkit_wrapper_link.php
[13-Nov-2025 13:55:11 UTC] Class not found: \RomethemeKit\Rkit_Custom_Cursor
[13-Nov-2025 13:55:11 UTC] Instantiated class: \RomethemeKit\RkitDuplicator
[13-Nov-2025 13:55:11 UTC] Instantiated class: \RomethemeKit\BlurEffects
[13-Nov-2025 13:55:11 UTC] Class not found: \RomethemeKit\Rkit_Sticky_Content
[13-Nov-2025 13:55:11 UTC] Instantiated class: \RomethemeKit\RkitToolTips
[13-Nov-2025 13:55:11 UTC] Instantiated class: \RomethemeKit\RkitWrapperLink
[13-Nov-2025 13:55:11 UTC] Loaded file: blur_effects.php
[13-Nov-2025 13:55:11 UTC] Loaded file: rkit_post_duplicator.php
[13-Nov-2025 13:55:11 UTC] Loaded file: rkit_tool_tips.php
[13-Nov-2025 13:55:11 UTC] Loaded file: rkit_wrapper_link.php
[13-Nov-2025 13:55:11 UTC] Class not found: \RomethemeKit\Rkit_Custom_Cursor
[13-Nov-2025 13:55:11 UTC] Instantiated class: \RomethemeKit\RkitDuplicator
[13-Nov-2025 13:55:11 UTC] Instantiated class: \RomethemeKit\BlurEffects
[13-Nov-2025 13:55:11 UTC] Class not found: \RomethemeKit\Rkit_Sticky_Content
[13-Nov-2025 13:55:11 UTC] Instantiated class: \RomethemeKit\RkitToolTips
[13-Nov-2025 13:55:11 UTC] Instantiated class: \RomethemeKit\RkitWrapperLink
[13-Nov-2025 13:55:27 UTC] Loaded file: blur_effects.php
[13-Nov-2025 13:55:27 UTC] Loaded file: rkit_post_duplicator.php
[13-Nov-2025 13:55:27 UTC] Loaded file: rkit_tool_tips.php
[13-Nov-2025 13:55:27 UTC] Loaded file: rkit_wrapper_link.php
[13-Nov-2025 13:55:27 UTC] Class not found: \RomethemeKit\Rkit_Custom_Cursor
[13-Nov-2025 13:55:27 UTC] Instantiated class: \RomethemeKit\RkitDuplicator
[13-Nov-2025 13:55:27 UTC] Instantiated class: \RomethemeKit\BlurEffects
[13-Nov-2025 13:55:27 UTC] Class not found: \RomethemeKit\Rkit_Sticky_Content
[13-Nov-2025 13:55:27 UTC] Instantiated class: \RomethemeKit\RkitToolTips
[13-Nov-2025 13:55:27 UTC] Instantiated class: \RomethemeKit\RkitWrapperLink
[13-Nov-2025 13:55:28 UTC] Loaded file: blur_effects.php
[13-Nov-2025 13:55:28 UTC] Loaded file: rkit_post_duplicator.php
[13-Nov-2025 13:55:28 UTC] Loaded file: rkit_tool_tips.php
[13-Nov-2025 13:55:28 UTC] Loaded file: rkit_wrapper_link.php
[13-Nov-2025 13:55:28 UTC] Class not found: \RomethemeKit\Rkit_Custom_Cursor
[13-Nov-2025 13:55:28 UTC] Instantiated class: \RomethemeKit\RkitDuplicator
[13-Nov-2025 13:55:28 UTC] Instantiated class: \RomethemeKit\BlurEffects
[13-Nov-2025 13:55:28 UTC] Class not found: \RomethemeKit\Rkit_Sticky_Content
[13-Nov-2025 13:55:28 UTC] Instantiated class: \RomethemeKit\RkitToolTips
[13-Nov-2025 13:55:28 UTC] Instantiated class: \RomethemeKit\RkitWrapperLink
[13-Nov-2025 13:55:35 UTC] Loaded file: blur_effects.php
[13-Nov-2025 13:55:35 UTC] Loaded file: rkit_post_duplicator.php
[13-Nov-2025 13:55:35 UTC] Loaded file: rkit_tool_tips.php
[13-Nov-2025 13:55:35 UTC] Loaded file: rkit_wrapper_link.php
[13-Nov-2025 13:55:35 UTC] Class not found: \RomethemeKit\Rkit_Custom_Cursor
[13-Nov-2025 13:55:35 UTC] Instantiated class: \RomethemeKit\RkitDuplicator
[13-Nov-2025 13:55:35 UTC] Instantiated class: \RomethemeKit\BlurEffects
[13-Nov-2025 13:55:35 UTC] Class not found: \RomethemeKit\Rkit_Sticky_Content
[13-Nov-2025 13:55:35 UTC] Instantiated class: \RomethemeKit\RkitToolTips
[13-Nov-2025 13:55:35 UTC] Instantiated class: \RomethemeKit\RkitWrapperLink
[13-Nov-2025 13:55:37 UTC] Loaded file: blur_effects.php
[13-Nov-2025 13:55:37 UTC] Loaded file: rkit_post_duplicator.php
[13-Nov-2025 13:55:37 UTC] Loaded file: rkit_tool_tips.php
[13-Nov-2025 13:55:37 UTC] Loaded file: rkit_wrapper_link.php
[13-Nov-2025 13:55:37 UTC] Class not found: \RomethemeKit\Rkit_Custom_Cursor
[13-Nov-2025 13:55:37 UTC] Instantiated class: \RomethemeKit\RkitDuplicator
[13-Nov-2025 13:55:37 UTC] Instantiated class: \RomethemeKit\BlurEffects
[13-Nov-2025 13:55:37 UTC] Class not found: \RomethemeKit\Rkit_Sticky_Content
[13-Nov-2025 13:55:37 UTC] Instantiated class: \RomethemeKit\RkitToolTips
[13-Nov-2025 13:55:37 UTC] Instantiated class: \RomethemeKit\RkitWrapperLink
[13-Nov-2025 13:55:38 UTC] Soltour Booking V2: Plugin ativado com sucesso
[13-Nov-2025 13:55:38 UTC] Loaded file: blur_effects.php
[13-Nov-2025 13:55:38 UTC] Loaded file: rkit_post_duplicator.php
[13-Nov-2025 13:55:38 UTC] Loaded file: rkit_tool_tips.php
[13-Nov-2025 13:55:38 UTC] Loaded file: rkit_wrapper_link.php
[13-Nov-2025 13:55:38 UTC] Class not found: \RomethemeKit\Rkit_Custom_Cursor
[13-Nov-2025 13:55:38 UTC] Instantiated class: \RomethemeKit\RkitDuplicator
[13-Nov-2025 13:55:38 UTC] Instantiated class: \RomethemeKit\BlurEffects
[13-Nov-2025 13:55:38 UTC] Class not found: \RomethemeKit\Rkit_Sticky_Content
[13-Nov-2025 13:55:38 UTC] Instantiated class: \RomethemeKit\RkitToolTips
[13-Nov-2025 13:55:38 UTC] Instantiated class: \RomethemeKit\RkitWrapperLink
[13-Nov-2025 13:55:38 UTC] [Soltour API info] Request to login/login: {"brand":"SOLTOUR","market":"XMLPT","languageCode":"PT","username":"BEAUTYT999","password":"XMLBEAUTYT999"}
[13-Nov-2025 13:55:39 UTC] [Soltour API info] Response from login/login: {"sessionToken":"eyJhbGciOiJIUzI1NiIsInR5cCI6IkpXVCJ9.eyJ1IjoiQkVBVVRZVDk5OSIsImRiaSI6IjQwMDM2MDAwIiwiYiI6IlNPTFRPVVIiLCJtIjoiWE1MUFQiLCJsbmciOiJQVCIsImNsIjoiQkVBVVRZVCIsIm9mIjoiOTk5IiwiYXBwIjpudWxsLCJtYWlsIjoiY3VuaGFAYmVhdXR5dHJhdmVsLnB0IiwicmwiOlsiQUdFTkNJQSIsIkNPTVVOIiwiQ09OU1VMVEEiLCJGQUNUVVJBQ0lPTiIsIk5FV19XRUIiXSwidG0iOjE3NjMwNDIxMzg5NjMsInN0cHRtIjpudWxsLCJzdHBqd3QiOm51bGwsInN0cGlkIjpudWxsLCJvdmMiOmZhbHNlLCJzZWxsIjp0cnVlLCJhcHQiOm51bGwsImRldCI6dHJ1ZSwibmV4cCI6dHJ1ZSwic2VpeiI6ZmFsc2UsInVhZ0
[13-Nov-2025 13:55:39 UTC] [Soltour API info] Session token obtido com sucesso
[13-Nov-2025 13:55:39 UTC] Loaded file: blur_effects.php
[13-Nov-2025 13:55:39 UTC] Loaded file: rkit_post_duplicator.php
[13-Nov-2025 13:55:39 UTC] Loaded file: rkit_tool_tips.php
[13-Nov-2025 13:55:39 UTC] Loaded file: rkit_wrapper_link.php
[13-Nov-2025 13:55:39 UTC] Class not found: \RomethemeKit\Rkit_Custom_Cursor
[13-Nov-2025 13:55:39 UTC] Instantiated class: \RomethemeKit\RkitDuplicator
[13-Nov-2025 13:55:39 UTC] Instantiated class: \RomethemeKit\BlurEffects
[13-Nov-2025 13:55:39 UTC] Class not found: \RomethemeKit\Rkit_Sticky_Content
[13-Nov-2025 13:55:39 UTC] Instantiated class: \RomethemeKit\RkitToolTips
[13-Nov-2025 13:55:39 UTC] Instantiated class: \RomethemeKit\RkitWrapperLink
[13-Nov-2025 13:55:41 UTC] Loaded file: blur_effects.php
[13-Nov-2025 13:55:41 UTC] Loaded file: rkit_post_duplicator.php
[13-Nov-2025 13:55:41 UTC] Loaded file: rkit_tool_tips.php
[13-Nov-2025 13:55:41 UTC] Loaded file: rkit_wrapper_link.php
[13-Nov-2025 13:55:41 UTC] Class not found: \RomethemeKit\Rkit_Custom_Cursor
[13-Nov-2025 13:55:41 UTC] Instantiated class: \RomethemeKit\RkitDuplicator
[13-Nov-2025 13:55:41 UTC] Instantiated class: \RomethemeKit\BlurEffects
[13-Nov-2025 13:55:41 UTC] Class not found: \RomethemeKit\Rkit_Sticky_Content
[13-Nov-2025 13:55:41 UTC] Instantiated class: \RomethemeKit\RkitToolTips
[13-Nov-2025 13:55:41 UTC] Instantiated class: \RomethemeKit\RkitWrapperLink
[13-Nov-2025 13:55:42 UTC] Loaded file: blur_effects.php
[13-Nov-2025 13:55:42 UTC] Loaded file: rkit_post_duplicator.php
[13-Nov-2025 13:55:42 UTC] Loaded file: rkit_tool_tips.php
[13-Nov-2025 13:55:42 UTC] Loaded file: rkit_wrapper_link.php
[13-Nov-2025 13:55:42 UTC] Class not found: \RomethemeKit\Rkit_Custom_Cursor
[13-Nov-2025 13:55:42 UTC] Instantiated class: \RomethemeKit\RkitDuplicator
[13-Nov-2025 13:55:42 UTC] Instantiated class: \RomethemeKit\BlurEffects
[13-Nov-2025 13:55:42 UTC] Class not found: \RomethemeKit\Rkit_Sticky_Content
[13-Nov-2025 13:55:42 UTC] Instantiated class: \RomethemeKit\RkitToolTips
[13-Nov-2025 13:55:42 UTC] Instantiated class: \RomethemeKit\RkitWrapperLink
[13-Nov-2025 13:55:44 UTC] Loaded file: blur_effects.php
[13-Nov-2025 13:55:44 UTC] Loaded file: rkit_post_duplicator.php
[13-Nov-2025 13:55:44 UTC] Loaded file: rkit_tool_tips.php
[13-Nov-2025 13:55:44 UTC] Loaded file: rkit_wrapper_link.php
[13-Nov-2025 13:55:44 UTC] Class not found: \RomethemeKit\Rkit_Custom_Cursor
[13-Nov-2025 13:55:44 UTC] Instantiated class: \RomethemeKit\RkitDuplicator
[13-Nov-2025 13:55:44 UTC] Instantiated class: \RomethemeKit\BlurEffects
[13-Nov-2025 13:55:44 UTC] Class not found: \RomethemeKit\Rkit_Sticky_Content
[13-Nov-2025 13:55:44 UTC] Instantiated class: \RomethemeKit\RkitToolTips
[13-Nov-2025 13:55:44 UTC] Instantiated class: \RomethemeKit\RkitWrapperLink
[13-Nov-2025 13:55:49 UTC] Loaded file: blur_effects.php
[13-Nov-2025 13:55:49 UTC] Loaded file: rkit_post_duplicator.php
[13-Nov-2025 13:55:49 UTC] Loaded file: rkit_tool_tips.php
[13-Nov-2025 13:55:49 UTC] Loaded file: rkit_wrapper_link.php
[13-Nov-2025 13:55:49 UTC] Class not found: \RomethemeKit\Rkit_Custom_Cursor
[13-Nov-2025 13:55:49 UTC] Instantiated class: \RomethemeKit\RkitDuplicator
[13-Nov-2025 13:55:49 UTC] Instantiated class: \RomethemeKit\BlurEffects
[13-Nov-2025 13:55:49 UTC] Class not found: \RomethemeKit\Rkit_Sticky_Content
[13-Nov-2025 13:55:49 UTC] Instantiated class: \RomethemeKit\RkitToolTips
[13-Nov-2025 13:55:49 UTC] Instantiated class: \RomethemeKit\RkitWrapperLink
[13-Nov-2025 13:55:50 UTC] Loaded file: blur_effects.php
[13-Nov-2025 13:55:50 UTC] Loaded file: rkit_post_duplicator.php
[13-Nov-2025 13:55:50 UTC] Loaded file: rkit_tool_tips.php
[13-Nov-2025 13:55:50 UTC] Loaded file: rkit_wrapper_link.php
[13-Nov-2025 13:55:50 UTC] Class not found: \RomethemeKit\Rkit_Custom_Cursor
[13-Nov-2025 13:55:50 UTC] Instantiated class: \RomethemeKit\RkitDuplicator
[13-Nov-2025 13:55:50 UTC] Instantiated class: \RomethemeKit\BlurEffects
[13-Nov-2025 13:55:50 UTC] Class not found: \RomethemeKit\Rkit_Sticky_Content
[13-Nov-2025 13:55:50 UTC] Instantiated class: \RomethemeKit\RkitToolTips
[13-Nov-2025 13:55:50 UTC] Instantiated class: \RomethemeKit\RkitWrapperLink
[13-Nov-2025 13:55:50 UTC] Loaded file: blur_effects.php
[13-Nov-2025 13:55:50 UTC] Loaded file: rkit_post_duplicator.php
[13-Nov-2025 13:55:50 UTC] Loaded file: rkit_tool_tips.php
[13-Nov-2025 13:55:50 UTC] Loaded file: rkit_wrapper_link.php
[13-Nov-2025 13:55:50 UTC] Class not found: \RomethemeKit\Rkit_Custom_Cursor
[13-Nov-2025 13:55:50 UTC] Instantiated class: \RomethemeKit\RkitDuplicator
[13-Nov-2025 13:55:50 UTC] Instantiated class: \RomethemeKit\BlurEffects
[13-Nov-2025 13:55:50 UTC] Class not found: \RomethemeKit\Rkit_Sticky_Content
[13-Nov-2025 13:55:50 UTC] Instantiated class: \RomethemeKit\RkitToolTips
[13-Nov-2025 13:55:50 UTC] Instantiated class: \RomethemeKit\RkitWrapperLink
[13-Nov-2025 13:55:54 UTC] Loaded file: blur_effects.php
[13-Nov-2025 13:55:54 UTC] Loaded file: rkit_post_duplicator.php
[13-Nov-2025 13:55:54 UTC] Loaded file: rkit_tool_tips.php
[13-Nov-2025 13:55:54 UTC] Loaded file: rkit_wrapper_link.php
[13-Nov-2025 13:55:54 UTC] Class not found: \RomethemeKit\Rkit_Custom_Cursor
[13-Nov-2025 13:55:54 UTC] Instantiated class: \RomethemeKit\RkitDuplicator
[13-Nov-2025 13:55:54 UTC] Instantiated class: \RomethemeKit\BlurEffects
[13-Nov-2025 13:55:54 UTC] Class not found: \RomethemeKit\Rkit_Sticky_Content
[13-Nov-2025 13:55:54 UTC] Instantiated class: \RomethemeKit\RkitToolTips
[13-Nov-2025 13:55:54 UTC] Instantiated class: \RomethemeKit\RkitWrapperLink
[13-Nov-2025 13:55:54 UTC] Loaded file: blur_effects.php
[13-Nov-2025 13:55:54 UTC] Loaded file: rkit_post_duplicator.php
[13-Nov-2025 13:55:54 UTC] Loaded file: rkit_tool_tips.php
[13-Nov-2025 13:55:54 UTC] Loaded file: rkit_wrapper_link.php
[13-Nov-2025 13:55:54 UTC] Class not found: \RomethemeKit\Rkit_Custom_Cursor
[13-Nov-2025 13:55:54 UTC] Instantiated class: \RomethemeKit\RkitDuplicator
[13-Nov-2025 13:55:54 UTC] Instantiated class: \RomethemeKit\BlurEffects
[13-Nov-2025 13:55:54 UTC] Class not found: \RomethemeKit\Rkit_Sticky_Content
[13-Nov-2025 13:55:54 UTC] Instantiated class: \RomethemeKit\RkitToolTips
[13-Nov-2025 13:55:54 UTC] Instantiated class: \RomethemeKit\RkitWrapperLink
[13-Nov-2025 13:55:57 UTC] Loaded file: blur_effects.php
[13-Nov-2025 13:55:57 UTC] Loaded file: rkit_post_duplicator.php
[13-Nov-2025 13:55:57 UTC] Loaded file: rkit_tool_tips.php
[13-Nov-2025 13:55:57 UTC] Loaded file: rkit_wrapper_link.php
[13-Nov-2025 13:55:57 UTC] Class not found: \RomethemeKit\Rkit_Custom_Cursor
[13-Nov-2025 13:55:57 UTC] Instantiated class: \RomethemeKit\RkitDuplicator
[13-Nov-2025 13:55:57 UTC] Instantiated class: \RomethemeKit\BlurEffects
[13-Nov-2025 13:55:57 UTC] Class not found: \RomethemeKit\Rkit_Sticky_Content
[13-Nov-2025 13:55:57 UTC] Instantiated class: \RomethemeKit\RkitToolTips
[13-Nov-2025 13:55:57 UTC] Instantiated class: \RomethemeKit\RkitWrapperLink
[13-Nov-2025 13:55:58 UTC] [Soltour API info] Request to master/getAllOrigins: {"productType":"PACKAGE","destinationCode":"PUJ"}
[13-Nov-2025 13:55:58 UTC] [Soltour API info] Response from master/getAllOrigins: {"origins":[{"code":"LCG","name":"A Coruña","airportType":"AIRPORT","destinationCode":"LCG","destinationName":"LA CORUNA","description":"A Coruña","dynamic":false},{"code":"ABC","name":"Albacete","airportType":"AIRPORT","description":"Albacete","dynamic":false},{"code":"ALC","name":"Alicante","airportType":"AIRPORT","destinationCode":"ALC","destinationName":"ALICANTE","description":"Alicante","dynamic":false},{"code":"LEI","name":"Almería","airportType":"AIRPORT","destinationCode":"LEI","dest
[13-Nov-2025 13:56:06 UTC] Loaded file: blur_effects.php
[13-Nov-2025 13:56:06 UTC] Loaded file: rkit_post_duplicator.php
[13-Nov-2025 13:56:06 UTC] Loaded file: rkit_tool_tips.php
[13-Nov-2025 13:56:06 UTC] Loaded file: rkit_wrapper_link.php
[13-Nov-2025 13:56:06 UTC] Class not found: \RomethemeKit\Rkit_Custom_Cursor
[13-Nov-2025 13:56:06 UTC] Instantiated class: \RomethemeKit\RkitDuplicator
[13-Nov-2025 13:56:06 UTC] Instantiated class: \RomethemeKit\BlurEffects
[13-Nov-2025 13:56:06 UTC] Class not found: \RomethemeKit\Rkit_Sticky_Content
[13-Nov-2025 13:56:06 UTC] Instantiated class: \RomethemeKit\RkitToolTips
[13-Nov-2025 13:56:06 UTC] Instantiated class: \RomethemeKit\RkitWrapperLink
[13-Nov-2025 13:56:11 UTC] Loaded file: blur_effects.php
[13-Nov-2025 13:56:11 UTC] Loaded file: rkit_post_duplicator.php
[13-Nov-2025 13:56:11 UTC] Loaded file: rkit_tool_tips.php
[13-Nov-2025 13:56:11 UTC] Loaded file: rkit_wrapper_link.php
[13-Nov-2025 13:56:11 UTC] Class not found: \RomethemeKit\Rkit_Custom_Cursor
[13-Nov-2025 13:56:11 UTC] Instantiated class: \RomethemeKit\RkitDuplicator
[13-Nov-2025 13:56:11 UTC] Instantiated class: \RomethemeKit\BlurEffects
[13-Nov-2025 13:56:11 UTC] Class not found: \RomethemeKit\Rkit_Sticky_Content
[13-Nov-2025 13:56:11 UTC] Instantiated class: \RomethemeKit\RkitToolTips
[13-Nov-2025 13:56:11 UTC] Instantiated class: \RomethemeKit\RkitWrapperLink
[13-Nov-2025 13:56:11 UTC] Loaded file: blur_effects.php
[13-Nov-2025 13:56:11 UTC] Loaded file: rkit_post_duplicator.php
[13-Nov-2025 13:56:11 UTC] Loaded file: rkit_tool_tips.php
[13-Nov-2025 13:56:11 UTC] Loaded file: rkit_wrapper_link.php
[13-Nov-2025 13:56:11 UTC] Class not found: \RomethemeKit\Rkit_Custom_Cursor
[13-Nov-2025 13:56:11 UTC] Instantiated class: \RomethemeKit\RkitDuplicator
[13-Nov-2025 13:56:11 UTC] Instantiated class: \RomethemeKit\BlurEffects
[13-Nov-2025 13:56:11 UTC] Class not found: \RomethemeKit\Rkit_Sticky_Content
[13-Nov-2025 13:56:11 UTC] Instantiated class: \RomethemeKit\RkitToolTips
[13-Nov-2025 13:56:11 UTC] Instantiated class: \RomethemeKit\RkitWrapperLink
[13-Nov-2025 13:56:11 UTC] [Soltour API info] === AJAX SEARCH PACKAGES CALLED ===
[13-Nov-2025 13:56:11 UTC] [Soltour API info] Params recebidos do frontend:
[13-Nov-2025 13:56:11 UTC] [Soltour API info]   - first_item: 0
[13-Nov-2025 13:56:11 UTC] [Soltour API info]   - item_count: 100
[13-Nov-2025 13:56:11 UTC] [Soltour API info] Params completos: {"originCode":"MAD","destinationCode":"PUJ","startDate":"2025-11-23","numNights":7,"rooms":[{"passengers":[{"type":"ADULT","age":30},{"type":"ADULT","age":30}]}],"productType":"PACKAGE","onlyHotel":"N","forceAvail":true,"firstItem":0,"itemCount":100}
[13-Nov-2025 13:56:11 UTC] [Soltour API info] Enviando para API Soltour (booking/availability):
[13-Nov-2025 13:56:11 UTC] [Soltour API info]   - criteria.pagination.firstItem: 0
[13-Nov-2025 13:56:11 UTC] [Soltour API info]   - criteria.pagination.itemCount: 100
[13-Nov-2025 13:56:11 UTC] [Soltour API info] Request to booking/availability: {"productType":"PACKAGE","onlyHotel":"N","forceAvail":true,"criteria":{"order":{"type":"PRICE","direction":"ASC"},"pagination":{"firstItem":0,"itemCount":100}},"languageCode":"PT","params":{"startDate":"2025-11-23","endDate":"2025-11-30","residentType":"NONE","accomodation":{"rooms":[{"passengers":[{"type":"ADULT","age":30},{"type":"ADULT","age":30}]}]},"hotelParams":{"destinationCode":"PUJ","includeImmediatePayment":true},"flightParams":{"itineraries":[{"origins":["MAD"],"destinations":["PUJ"]}],"directFlightsOnly":false,"includeImmediatePayment":true}}}
[13-Nov-2025 13:56:20 UTC] [Soltour API info] Response from booking/availability: {"productType":"PACKAGE","availToken":"NejzRVwvPuPmZ86NgtA7udteKwSPmQ1mnJkn/WR15j0=","timestamp":"2025-11-13T14:56:11.828778552","serviceType":"UNDEFINED","agencyInformation":{"clientCode":"BEAUTYT","branchOfficeCode":"999","taxApplicationType":"ISC","taxRate":0,"paymentType":"PP","commission":{"currency":"EUR","rate":15}},"budgets":[{"booked":false,"selected":false,"hotelServices":[{"responseId":"2Ydffq9nILPwlskTJUXQyDRuBoon3UIeW8x7VY97NMM=","id":"5e08d25d-5e25-4fb8-9b39-e6af1da4aedc","type":"H
[13-Nov-2025 13:56:20 UTC] [Soltour API info] Resposta da API Soltour:
[13-Nov-2025 13:56:20 UTC] [Soltour API info]   - budgets: 170
[13-Nov-2025 13:56:20 UTC] [Soltour API info]   - totalCount: 0
[13-Nov-2025 13:56:20 UTC] [Soltour API info]   - hotels: 27
[13-Nov-2025 13:56:20 UTC] [Soltour API info]   - availToken: SIM
[13-Nov-2025 13:56:20 UTC] Loaded file: blur_effects.php
[13-Nov-2025 13:56:20 UTC] Loaded file: rkit_post_duplicator.php
[13-Nov-2025 13:56:20 UTC] Loaded file: rkit_tool_tips.php
[13-Nov-2025 13:56:20 UTC] Loaded file: rkit_wrapper_link.php
[13-Nov-2025 13:56:20 UTC] Class not found: \RomethemeKit\Rkit_Custom_Cursor
[13-Nov-2025 13:56:20 UTC] Instantiated class: \RomethemeKit\RkitDuplicator
[13-Nov-2025 13:56:20 UTC] Instantiated class: \RomethemeKit\BlurEffects
[13-Nov-2025 13:56:20 UTC] Class not found: \RomethemeKit\Rkit_Sticky_Content
[13-Nov-2025 13:56:20 UTC] Instantiated class: \RomethemeKit\RkitToolTips
[13-Nov-2025 13:56:20 UTC] Instantiated class: \RomethemeKit\RkitWrapperLink
[13-Nov-2025 13:56:20 UTC] Loaded file: blur_effects.php
[13-Nov-2025 13:56:20 UTC] Loaded file: rkit_post_duplicator.php
[13-Nov-2025 13:56:20 UTC] Loaded file: rkit_tool_tips.php
[13-Nov-2025 13:56:20 UTC] Loaded file: rkit_wrapper_link.php
[13-Nov-2025 13:56:20 UTC] Class not found: \RomethemeKit\Rkit_Custom_Cursor
[13-Nov-2025 13:56:20 UTC] Instantiated class: \RomethemeKit\RkitDuplicator
[13-Nov-2025 13:56:20 UTC] Instantiated class: \RomethemeKit\BlurEffects
[13-Nov-2025 13:56:20 UTC] Class not found: \RomethemeKit\Rkit_Sticky_Content
[13-Nov-2025 13:56:20 UTC] Instantiated class: \RomethemeKit\RkitToolTips
[13-Nov-2025 13:56:20 UTC] Instantiated class: \RomethemeKit\RkitWrapperLink
[13-Nov-2025 13:56:20 UTC] Loaded file: blur_effects.php
[13-Nov-2025 13:56:20 UTC] Loaded file: rkit_post_duplicator.php
[13-Nov-2025 13:56:20 UTC] Loaded file: blur_effects.php
[13-Nov-2025 13:56:20 UTC] Loaded file: rkit_post_duplicator.php
[13-Nov-2025 13:56:20 UTC] Loaded file: rkit_tool_tips.php
[13-Nov-2025 13:56:20 UTC] Loaded file: rkit_wrapper_link.php
[13-Nov-2025 13:56:20 UTC] Loaded file: rkit_tool_tips.php
[13-Nov-2025 13:56:20 UTC] Class not found: \RomethemeKit\Rkit_Custom_Cursor
[13-Nov-2025 13:56:20 UTC] Instantiated class: \RomethemeKit\RkitDuplicator
[13-Nov-2025 13:56:20 UTC] Instantiated class: \RomethemeKit\BlurEffects
[13-Nov-2025 13:56:20 UTC] Class not found: \RomethemeKit\Rkit_Sticky_Content
[13-Nov-2025 13:56:20 UTC] Loaded file: rkit_wrapper_link.php
[13-Nov-2025 13:56:20 UTC] Instantiated class: \RomethemeKit\RkitToolTips
[13-Nov-2025 13:56:20 UTC] Instantiated class: \RomethemeKit\RkitWrapperLink
[13-Nov-2025 13:56:20 UTC] Class not found: \RomethemeKit\Rkit_Custom_Cursor
[13-Nov-2025 13:56:20 UTC] Instantiated class: \RomethemeKit\RkitDuplicator
[13-Nov-2025 13:56:20 UTC] Instantiated class: \RomethemeKit\BlurEffects
[13-Nov-2025 13:56:20 UTC] Class not found: \RomethemeKit\Rkit_Sticky_Content
[13-Nov-2025 13:56:20 UTC] Instantiated class: \RomethemeKit\RkitToolTips
[13-Nov-2025 13:56:20 UTC] Instantiated class: \RomethemeKit\RkitWrapperLink
[13-Nov-2025 13:56:20 UTC] Loaded file: blur_effects.php
[13-Nov-2025 13:56:20 UTC] Loaded file: rkit_post_duplicator.php
[13-Nov-2025 13:56:20 UTC] Loaded file: rkit_tool_tips.php
[13-Nov-2025 13:56:20 UTC] Loaded file: rkit_wrapper_link.php
[13-Nov-2025 13:56:20 UTC] Class not found: \RomethemeKit\Rkit_Custom_Cursor
[13-Nov-2025 13:56:20 UTC] Instantiated class: \RomethemeKit\RkitDuplicator
[13-Nov-2025 13:56:20 UTC] Instantiated class: \RomethemeKit\BlurEffects
[13-Nov-2025 13:56:20 UTC] Class not found: \RomethemeKit\Rkit_Sticky_Content
[13-Nov-2025 13:56:20 UTC] Instantiated class: \RomethemeKit\RkitToolTips
[13-Nov-2025 13:56:20 UTC] Instantiated class: \RomethemeKit\RkitWrapperLink
[13-Nov-2025 13:56:21 UTC] [Soltour API info] Getting details for budget: H24##TI##0$5688408434564467843@@CLASSICAL01, hotel: H24
[13-Nov-2025 13:56:21 UTC] [Soltour API info] Request to booking/details: {"productType":"PACKAGE","availToken":"NejzRVwvPuPmZ86NgtA7udteKwSPmQ1mnJkn\/WR15j0=","budgetId":"H24##TI##0$5688408434564467843@@CLASSICAL01","hotelParams":{"hotelCode":"H24","providerCode":"UNDEFINED"}}
[13-Nov-2025 13:56:21 UTC] [Soltour API info] Getting details for budget: H81381##TI##0$5344596194001744466@@CLASSICAL01, hotel: H81381
[13-Nov-2025 13:56:21 UTC] [Soltour API info] Request to booking/details: {"productType":"PACKAGE","availToken":"NejzRVwvPuPmZ86NgtA7udteKwSPmQ1mnJkn\/WR15j0=","budgetId":"H81381##TI##0$5344596194001744466@@CLASSICAL01","hotelParams":{"hotelCode":"H81381","providerCode":"UNDEFINED"}}
[13-Nov-2025 13:56:21 UTC] [Soltour API info] Getting details for budget: H99741##TI##0$4783839509628730091@@CLASSICAL01, hotel: H99741
[13-Nov-2025 13:56:21 UTC] [Soltour API info] Request to booking/details: {"productType":"PACKAGE","availToken":"NejzRVwvPuPmZ86NgtA7udteKwSPmQ1mnJkn\/WR15j0=","budgetId":"H99741##TI##0$4783839509628730091@@CLASSICAL01","hotelParams":{"hotelCode":"H99741","providerCode":"UNDEFINED"}}
[13-Nov-2025 13:56:21 UTC] [Soltour API info] Getting details for budget: H199543##SA##0$5235544389107449941@@CLASSICAL01, hotel: H199543
[13-Nov-2025 13:56:21 UTC] [Soltour API info] Request to booking/details: {"productType":"PACKAGE","availToken":"NejzRVwvPuPmZ86NgtA7udteKwSPmQ1mnJkn\/WR15j0=","budgetId":"H199543##SA##0$5235544389107449941@@CLASSICAL01","hotelParams":{"hotelCode":"H199543","providerCode":"UNDEFINED"}}
[13-Nov-2025 13:56:21 UTC] [Soltour API info] Getting details for budget: H408431##SA##0$5230665193713621957@@CLASSICAL01, hotel: H408431
[13-Nov-2025 13:56:21 UTC] [Soltour API info] Request to booking/details: {"productType":"PACKAGE","availToken":"NejzRVwvPuPmZ86NgtA7udteKwSPmQ1mnJkn\/WR15j0=","budgetId":"H408431##SA##0$5230665193713621957@@CLASSICAL01","hotelParams":{"hotelCode":"H408431","providerCode":"UNDEFINED"}}
[13-Nov-2025 13:56:22 UTC] [Soltour API info] Response from booking/details: {"availToken":"NejzRVwvPuPmZ86NgtA7udteKwSPmQ1mnJkn/WR15j0=","timestamp":"2025-11-13T14:56:22.125865233","serviceType":"UNDEFINED","agencyInformation":{"clientCode":"BEAUTYT","branchOfficeCode":"999","taxApplicationType":"ISC","taxRate":0,"paymentType":"PP","commission":{"currency":"EUR","rate":15}},"params":{"startDate":"2025-11-23","endDate":"2025-11-30","accomodation":{"rooms":[{"passengers":[{"age":30,"type":"ADULT"},{"age":30,"type":"ADULT"}]}]},"residentType":"NONE","numNights":0,"flightPa
[13-Nov-2025 13:56:22 UTC] [Soltour API info] Details response structure: {"has_budget":false,"has_details":true,"has_error":false,"error_msg":null}
[13-Nov-2025 13:56:22 UTC] [Soltour API info] Response from booking/details: {"availToken":"NejzRVwvPuPmZ86NgtA7udteKwSPmQ1mnJkn/WR15j0=","timestamp":"2025-11-13T14:56:22.244912551","serviceType":"UNDEFINED","agencyInformation":{"clientCode":"BEAUTYT","branchOfficeCode":"999","taxApplicationType":"ISC","taxRate":0,"paymentType":"PP","commission":{"currency":"EUR","rate":15}},"params":{"startDate":"2025-11-23","endDate":"2025-11-30","accomodation":{"rooms":[{"passengers":[{"age":30,"type":"ADULT"},{"age":30,"type":"ADULT"}]}]},"residentType":"NONE","numNights":0,"flightPa
[13-Nov-2025 13:56:22 UTC] [Soltour API info] Details response structure: {"has_budget":false,"has_details":true,"has_error":false,"error_msg":null}
[13-Nov-2025 13:56:22 UTC] [Soltour API info] Response from booking/details: {"availToken":"NejzRVwvPuPmZ86NgtA7udteKwSPmQ1mnJkn/WR15j0=","timestamp":"2025-11-13T14:56:22.460486176","serviceType":"UNDEFINED","agencyInformation":{"clientCode":"BEAUTYT","branchOfficeCode":"999","taxApplicationType":"ISC","taxRate":0,"paymentType":"PP","commission":{"currency":"EUR","rate":15}},"params":{"startDate":"2025-11-23","endDate":"2025-11-30","accomodation":{"rooms":[{"passengers":[{"age":30,"type":"ADULT"},{"age":30,"type":"ADULT"}]}]},"residentType":"NONE","numNights":0,"flightPa
[13-Nov-2025 13:56:22 UTC] [Soltour API info] Details response structure: {"has_budget":false,"has_details":true,"has_error":false,"error_msg":null}
[13-Nov-2025 13:56:22 UTC] [Soltour API info] Response from booking/details: {"availToken":"NejzRVwvPuPmZ86NgtA7udteKwSPmQ1mnJkn/WR15j0=","timestamp":"2025-11-13T14:56:22.478508654","serviceType":"UNDEFINED","agencyInformation":{"clientCode":"BEAUTYT","branchOfficeCode":"999","taxApplicationType":"ISC","taxRate":0,"paymentType":"PP","commission":{"currency":"EUR","rate":15}},"params":{"startDate":"2025-11-23","endDate":"2025-11-30","accomodation":{"rooms":[{"passengers":[{"age":30,"type":"ADULT"},{"age":30,"type":"ADULT"}]}]},"residentType":"NONE","numNights":0,"flightPa
[13-Nov-2025 13:56:22 UTC] [Soltour API info] Details response structure: {"has_budget":false,"has_details":true,"has_error":false,"error_msg":null}
[13-Nov-2025 13:56:22 UTC] [Soltour API info] Response from booking/details: {"availToken":"NejzRVwvPuPmZ86NgtA7udteKwSPmQ1mnJkn/WR15j0=","timestamp":"2025-11-13T14:56:22.553217370","serviceType":"UNDEFINED","agencyInformation":{"clientCode":"BEAUTYT","branchOfficeCode":"999","taxApplicationType":"ISC","taxRate":0,"paymentType":"PP","commission":{"currency":"EUR","rate":15}},"params":{"startDate":"2025-11-23","endDate":"2025-11-30","accomodation":{"rooms":[{"passengers":[{"age":30,"type":"ADULT"},{"age":30,"type":"ADULT"}]}]},"residentType":"NONE","numNights":0,"flightPa
[13-Nov-2025 13:56:22 UTC] [Soltour API info] Details response structure: {"has_budget":false,"has_details":true,"has_error":false,"error_msg":null}
[13-Nov-2025 13:56:23 UTC] Loaded file: blur_effects.php
[13-Nov-2025 13:56:23 UTC] Loaded file: rkit_post_duplicator.php
[13-Nov-2025 13:56:23 UTC] Loaded file: rkit_tool_tips.php
[13-Nov-2025 13:56:23 UTC] Loaded file: rkit_wrapper_link.php
[13-Nov-2025 13:56:23 UTC] Class not found: \RomethemeKit\Rkit_Custom_Cursor
[13-Nov-2025 13:56:23 UTC] Instantiated class: \RomethemeKit\RkitDuplicator
[13-Nov-2025 13:56:23 UTC] Instantiated class: \RomethemeKit\BlurEffects
[13-Nov-2025 13:56:23 UTC] Class not found: \RomethemeKit\Rkit_Sticky_Content
[13-Nov-2025 13:56:23 UTC] Instantiated class: \RomethemeKit\RkitToolTips
[13-Nov-2025 13:56:23 UTC] Instantiated class: \RomethemeKit\RkitWrapperLink
[13-Nov-2025 13:56:23 UTC] Loaded file: blur_effects.php
[13-Nov-2025 13:56:23 UTC] Loaded file: rkit_post_duplicator.php
[13-Nov-2025 13:56:23 UTC] Loaded file: rkit_tool_tips.php
[13-Nov-2025 13:56:23 UTC] Loaded file: rkit_wrapper_link.php
[13-Nov-2025 13:56:23 UTC] Class not found: \RomethemeKit\Rkit_Custom_Cursor
[13-Nov-2025 13:56:23 UTC] Instantiated class: \RomethemeKit\RkitDuplicator
[13-Nov-2025 13:56:23 UTC] Instantiated class: \RomethemeKit\BlurEffects
[13-Nov-2025 13:56:23 UTC] Class not found: \RomethemeKit\Rkit_Sticky_Content
[13-Nov-2025 13:56:23 UTC] Instantiated class: \RomethemeKit\RkitToolTips
[13-Nov-2025 13:56:23 UTC] Instantiated class: \RomethemeKit\RkitWrapperLink
[13-Nov-2025 13:56:23 UTC] Loaded file: blur_effects.php
[13-Nov-2025 13:56:23 UTC] Loaded file: rkit_post_duplicator.php
[13-Nov-2025 13:56:23 UTC] Loaded file: rkit_tool_tips.php
[13-Nov-2025 13:56:23 UTC] Loaded file: rkit_wrapper_link.php
[13-Nov-2025 13:56:23 UTC] Class not found: \RomethemeKit\Rkit_Custom_Cursor
[13-Nov-2025 13:56:23 UTC] Instantiated class: \RomethemeKit\RkitDuplicator
[13-Nov-2025 13:56:23 UTC] Instantiated class: \RomethemeKit\BlurEffects
[13-Nov-2025 13:56:23 UTC] Class not found: \RomethemeKit\Rkit_Sticky_Content
[13-Nov-2025 13:56:23 UTC] Instantiated class: \RomethemeKit\RkitToolTips
[13-Nov-2025 13:56:23 UTC] Instantiated class: \RomethemeKit\RkitWrapperLink
[13-Nov-2025 13:56:23 UTC] Loaded file: blur_effects.php
[13-Nov-2025 13:56:23 UTC] Loaded file: rkit_post_duplicator.php
[13-Nov-2025 13:56:23 UTC] Loaded file: rkit_tool_tips.php
[13-Nov-2025 13:56:23 UTC] Loaded file: rkit_wrapper_link.php
[13-Nov-2025 13:56:23 UTC] Class not found: \RomethemeKit\Rkit_Custom_Cursor
[13-Nov-2025 13:56:23 UTC] Instantiated class: \RomethemeKit\RkitDuplicator
[13-Nov-2025 13:56:23 UTC] Instantiated class: \RomethemeKit\BlurEffects
[13-Nov-2025 13:56:23 UTC] Class not found: \RomethemeKit\Rkit_Sticky_Content
[13-Nov-2025 13:56:23 UTC] Instantiated class: \RomethemeKit\RkitToolTips
[13-Nov-2025 13:56:23 UTC] Instantiated class: \RomethemeKit\RkitWrapperLink
[13-Nov-2025 13:56:23 UTC] Loaded file: blur_effects.php
[13-Nov-2025 13:56:23 UTC] Loaded file: rkit_post_duplicator.php
[13-Nov-2025 13:56:23 UTC] Loaded file: rkit_tool_tips.php
[13-Nov-2025 13:56:23 UTC] Loaded file: rkit_wrapper_link.php
[13-Nov-2025 13:56:23 UTC] Class not found: \RomethemeKit\Rkit_Custom_Cursor
[13-Nov-2025 13:56:23 UTC] Instantiated class: \RomethemeKit\RkitDuplicator
[13-Nov-2025 13:56:23 UTC] Instantiated class: \RomethemeKit\BlurEffects
[13-Nov-2025 13:56:23 UTC] Class not found: \RomethemeKit\Rkit_Sticky_Content
[13-Nov-2025 13:56:23 UTC] Instantiated class: \RomethemeKit\RkitToolTips
[13-Nov-2025 13:56:23 UTC] Instantiated class: \RomethemeKit\RkitWrapperLink
[13-Nov-2025 13:56:23 UTC] [Soltour API info] Getting details for budget: H217184##TI##0$4892942504369622636@@CLASSICAL01, hotel: H217184
[13-Nov-2025 13:56:23 UTC] [Soltour API info] Request to booking/details: {"productType":"PACKAGE","availToken":"NejzRVwvPuPmZ86NgtA7udteKwSPmQ1mnJkn\/WR15j0=","budgetId":"H217184##TI##0$4892942504369622636@@CLASSICAL01","hotelParams":{"hotelCode":"H217184","providerCode":"UNDEFINED"}}
[13-Nov-2025 13:56:23 UTC] [Soltour API info] Getting details for budget: H81784##TI##0$5107894835512471606@@CLASSICAL01, hotel: H81784
[13-Nov-2025 13:56:23 UTC] [Soltour API info] Request to booking/details: {"productType":"PACKAGE","availToken":"NejzRVwvPuPmZ86NgtA7udteKwSPmQ1mnJkn\/WR15j0=","budgetId":"H81784##TI##0$5107894835512471606@@CLASSICAL01","hotelParams":{"hotelCode":"H81784","providerCode":"UNDEFINED"}}
[13-Nov-2025 13:56:23 UTC] [Soltour API info] Getting details for budget: H49702##TI##0$5165887606593915870@@CLASSICAL01, hotel: H49702
[13-Nov-2025 13:56:23 UTC] [Soltour API info] Request to booking/details: {"productType":"PACKAGE","availToken":"NejzRVwvPuPmZ86NgtA7udteKwSPmQ1mnJkn\/WR15j0=","budgetId":"H49702##TI##0$5165887606593915870@@CLASSICAL01","hotelParams":{"hotelCode":"H49702","providerCode":"UNDEFINED"}}
[13-Nov-2025 13:56:23 UTC] [Soltour API info] Getting details for budget: H80090##TI##0$5054492963664367453@@CLASSICAL01, hotel: H80090
[13-Nov-2025 13:56:23 UTC] [Soltour API info] Request to booking/details: {"productType":"PACKAGE","availToken":"NejzRVwvPuPmZ86NgtA7udteKwSPmQ1mnJkn\/WR15j0=","budgetId":"H80090##TI##0$5054492963664367453@@CLASSICAL01","hotelParams":{"hotelCode":"H80090","providerCode":"UNDEFINED"}}
[13-Nov-2025 13:56:23 UTC] [Soltour API info] Getting details for budget: H186203##TI##0$5341076987942578108@@CLASSICAL01, hotel: H186203
[13-Nov-2025 13:56:23 UTC] [Soltour API info] Request to booking/details: {"productType":"PACKAGE","availToken":"NejzRVwvPuPmZ86NgtA7udteKwSPmQ1mnJkn\/WR15j0=","budgetId":"H186203##TI##0$5341076987942578108@@CLASSICAL01","hotelParams":{"hotelCode":"H186203","providerCode":"UNDEFINED"}}
[13-Nov-2025 13:56:24 UTC] [Soltour API info] Response from booking/details: {"availToken":"NejzRVwvPuPmZ86NgtA7udteKwSPmQ1mnJkn/WR15j0=","timestamp":"2025-11-13T14:56:24.072391464","serviceType":"UNDEFINED","agencyInformation":{"clientCode":"BEAUTYT","branchOfficeCode":"999","taxApplicationType":"ISC","taxRate":0,"paymentType":"PP","commission":{"currency":"EUR","rate":15}},"params":{"startDate":"2025-11-23","endDate":"2025-11-30","accomodation":{"rooms":[{"passengers":[{"age":30,"type":"ADULT"},{"age":30,"type":"ADULT"}]}]},"residentType":"NONE","numNights":0,"flightPa
[13-Nov-2025 13:56:24 UTC] [Soltour API info] Details response structure: {"has_budget":false,"has_details":true,"has_error":false,"error_msg":null}
[13-Nov-2025 13:56:24 UTC] [Soltour API info] Response from booking/details: {"availToken":"NejzRVwvPuPmZ86NgtA7udteKwSPmQ1mnJkn/WR15j0=","timestamp":"2025-11-13T14:56:24.135442281","serviceType":"UNDEFINED","agencyInformation":{"clientCode":"BEAUTYT","branchOfficeCode":"999","taxApplicationType":"ISC","taxRate":0,"paymentType":"PP","commission":{"currency":"EUR","rate":15}},"params":{"startDate":"2025-11-23","endDate":"2025-11-30","accomodation":{"rooms":[{"passengers":[{"age":30,"type":"ADULT"},{"age":30,"type":"ADULT"}]}]},"residentType":"NONE","numNights":0,"flightPa
[13-Nov-2025 13:56:24 UTC] [Soltour API info] Details response structure: {"has_budget":false,"has_details":true,"has_error":false,"error_msg":null}
[13-Nov-2025 13:56:24 UTC] [Soltour API info] Response from booking/details: {"availToken":"NejzRVwvPuPmZ86NgtA7udteKwSPmQ1mnJkn/WR15j0=","timestamp":"2025-11-13T14:56:24.234936102","serviceType":"UNDEFINED","agencyInformation":{"clientCode":"BEAUTYT","branchOfficeCode":"999","taxApplicationType":"ISC","taxRate":0,"paymentType":"PP","commission":{"currency":"EUR","rate":15}},"params":{"startDate":"2025-11-23","endDate":"2025-11-30","accomodation":{"rooms":[{"passengers":[{"age":30,"type":"ADULT"},{"age":30,"type":"ADULT"}]}]},"residentType":"NONE","numNights":0,"flightPa
[13-Nov-2025 13:56:24 UTC] [Soltour API info] Details response structure: {"has_budget":false,"has_details":true,"has_error":false,"error_msg":null}
[13-Nov-2025 13:56:24 UTC] [Soltour API info] Response from booking/details: {"availToken":"NejzRVwvPuPmZ86NgtA7udteKwSPmQ1mnJkn/WR15j0=","timestamp":"2025-11-13T14:56:24.286254280","serviceType":"UNDEFINED","agencyInformation":{"clientCode":"BEAUTYT","branchOfficeCode":"999","taxApplicationType":"ISC","taxRate":0,"paymentType":"PP","commission":{"currency":"EUR","rate":15}},"params":{"startDate":"2025-11-23","endDate":"2025-11-30","accomodation":{"rooms":[{"passengers":[{"age":30,"type":"ADULT"},{"age":30,"type":"ADULT"}]}]},"residentType":"NONE","numNights":0,"flightPa
[13-Nov-2025 13:56:24 UTC] [Soltour API info] Details response structure: {"has_budget":false,"has_details":true,"has_error":false,"error_msg":null}
[13-Nov-2025 13:56:24 UTC] [Soltour API info] Response from booking/details: {"availToken":"NejzRVwvPuPmZ86NgtA7udteKwSPmQ1mnJkn/WR15j0=","timestamp":"2025-11-13T14:56:24.323933160","serviceType":"UNDEFINED","agencyInformation":{"clientCode":"BEAUTYT","branchOfficeCode":"999","taxApplicationType":"ISC","taxRate":0,"paymentType":"PP","commission":{"currency":"EUR","rate":15}},"params":{"startDate":"2025-11-23","endDate":"2025-11-30","accomodation":{"rooms":[{"passengers":[{"age":30,"type":"ADULT"},{"age":30,"type":"ADULT"}]}]},"residentType":"NONE","numNights":0,"flightPa
[13-Nov-2025 13:56:24 UTC] [Soltour API info] Details response structure: {"has_budget":false,"has_details":true,"has_error":false,"error_msg":null}
[13-Nov-2025 13:56:25 UTC] Loaded file: blur_effects.php
[13-Nov-2025 13:56:25 UTC] Loaded file: rkit_post_duplicator.php
[13-Nov-2025 13:56:25 UTC] Loaded file: rkit_tool_tips.php
[13-Nov-2025 13:56:25 UTC] Loaded file: rkit_wrapper_link.php
[13-Nov-2025 13:56:25 UTC] Class not found: \RomethemeKit\Rkit_Custom_Cursor
[13-Nov-2025 13:56:25 UTC] Instantiated class: \RomethemeKit\RkitDuplicator
[13-Nov-2025 13:56:25 UTC] Instantiated class: \RomethemeKit\BlurEffects
[13-Nov-2025 13:56:25 UTC] Class not found: \RomethemeKit\Rkit_Sticky_Content
[13-Nov-2025 13:56:25 UTC] Instantiated class: \RomethemeKit\RkitToolTips
[13-Nov-2025 13:56:25 UTC] Instantiated class: \RomethemeKit\RkitWrapperLink
[13-Nov-2025 13:56:25 UTC] Loaded file: blur_effects.php
[13-Nov-2025 13:56:25 UTC] Loaded file: rkit_post_duplicator.php
[13-Nov-2025 13:56:25 UTC] Loaded file: rkit_tool_tips.php
[13-Nov-2025 13:56:25 UTC] Loaded file: rkit_wrapper_link.php
[13-Nov-2025 13:56:25 UTC] Class not found: \RomethemeKit\Rkit_Custom_Cursor
[13-Nov-2025 13:56:25 UTC] Instantiated class: \RomethemeKit\RkitDuplicator
[13-Nov-2025 13:56:25 UTC] Instantiated class: \RomethemeKit\BlurEffects
[13-Nov-2025 13:56:25 UTC] Class not found: \RomethemeKit\Rkit_Sticky_Content
[13-Nov-2025 13:56:25 UTC] Instantiated class: \RomethemeKit\RkitToolTips
[13-Nov-2025 13:56:25 UTC] Instantiated class: \RomethemeKit\RkitWrapperLink
[13-Nov-2025 13:56:25 UTC] Loaded file: blur_effects.php
[13-Nov-2025 13:56:25 UTC] Loaded file: rkit_post_duplicator.php
[13-Nov-2025 13:56:25 UTC] Loaded file: rkit_tool_tips.php
[13-Nov-2025 13:56:25 UTC] Loaded file: rkit_wrapper_link.php
[13-Nov-2025 13:56:25 UTC] Class not found: \RomethemeKit\Rkit_Custom_Cursor
[13-Nov-2025 13:56:25 UTC] Instantiated class: \RomethemeKit\RkitDuplicator
[13-Nov-2025 13:56:25 UTC] Instantiated class: \RomethemeKit\BlurEffects
[13-Nov-2025 13:56:25 UTC] Class not found: \RomethemeKit\Rkit_Sticky_Content
[13-Nov-2025 13:56:25 UTC] Instantiated class: \RomethemeKit\RkitToolTips
[13-Nov-2025 13:56:25 UTC] Instantiated class: \RomethemeKit\RkitWrapperLink
[13-Nov-2025 13:56:25 UTC] Loaded file: blur_effects.php
[13-Nov-2025 13:56:25 UTC] Loaded file: rkit_post_duplicator.php
[13-Nov-2025 13:56:25 UTC] Loaded file: rkit_tool_tips.php
[13-Nov-2025 13:56:25 UTC] Loaded file: rkit_wrapper_link.php
[13-Nov-2025 13:56:25 UTC] Class not found: \RomethemeKit\Rkit_Custom_Cursor
[13-Nov-2025 13:56:25 UTC] Instantiated class: \RomethemeKit\RkitDuplicator
[13-Nov-2025 13:56:25 UTC] Instantiated class: \RomethemeKit\BlurEffects
[13-Nov-2025 13:56:25 UTC] Class not found: \RomethemeKit\Rkit_Sticky_Content
[13-Nov-2025 13:56:25 UTC] Instantiated class: \RomethemeKit\RkitToolTips
[13-Nov-2025 13:56:25 UTC] Instantiated class: \RomethemeKit\RkitWrapperLink
[13-Nov-2025 13:56:25 UTC] Loaded file: blur_effects.php
[13-Nov-2025 13:56:25 UTC] Loaded file: rkit_post_duplicator.php
[13-Nov-2025 13:56:25 UTC] Loaded file: rkit_tool_tips.php
[13-Nov-2025 13:56:25 UTC] Loaded file: rkit_wrapper_link.php
[13-Nov-2025 13:56:25 UTC] Class not found: \RomethemeKit\Rkit_Custom_Cursor
[13-Nov-2025 13:56:25 UTC] Instantiated class: \RomethemeKit\RkitDuplicator
[13-Nov-2025 13:56:25 UTC] Instantiated class: \RomethemeKit\BlurEffects
[13-Nov-2025 13:56:25 UTC] Class not found: \RomethemeKit\Rkit_Sticky_Content
[13-Nov-2025 13:56:25 UTC] Instantiated class: \RomethemeKit\RkitToolTips
[13-Nov-2025 13:56:25 UTC] Instantiated class: \RomethemeKit\RkitWrapperLink
[13-Nov-2025 13:56:25 UTC] [Soltour API info] Getting details for budget: H1##TI##0$5485401853473542248@@CLASSICAL01, hotel: H1
[13-Nov-2025 13:56:25 UTC] [Soltour API info] Request to booking/details: {"productType":"PACKAGE","availToken":"NejzRVwvPuPmZ86NgtA7udteKwSPmQ1mnJkn\/WR15j0=","budgetId":"H1##TI##0$5485401853473542248@@CLASSICAL01","hotelParams":{"hotelCode":"H1","providerCode":"UNDEFINED"}}
[13-Nov-2025 13:56:25 UTC] [Soltour API info] Getting details for budget: H50725##TI##0$5491921989852994520@@CLASSICAL01, hotel: H50725
[13-Nov-2025 13:56:25 UTC] [Soltour API info] Request to booking/details: {"productType":"PACKAGE","availToken":"NejzRVwvPuPmZ86NgtA7udteKwSPmQ1mnJkn\/WR15j0=","budgetId":"H50725##TI##0$5491921989852994520@@CLASSICAL01","hotelParams":{"hotelCode":"H50725","providerCode":"UNDEFINED"}}
[13-Nov-2025 13:56:25 UTC] [Soltour API info] Getting details for budget: H68719##TI##0$5099776103600053246@@CLASSICAL01, hotel: H68719
[13-Nov-2025 13:56:25 UTC] [Soltour API info] Request to booking/details: {"productType":"PACKAGE","availToken":"NejzRVwvPuPmZ86NgtA7udteKwSPmQ1mnJkn\/WR15j0=","budgetId":"H68719##TI##0$5099776103600053246@@CLASSICAL01","hotelParams":{"hotelCode":"H68719","providerCode":"UNDEFINED"}}
[13-Nov-2025 13:56:25 UTC] [Soltour API info] Getting details for budget: H3784##TI##0$5710004461487746572@@CLASSICAL01, hotel: H3784
[13-Nov-2025 13:56:25 UTC] [Soltour API info] Request to booking/details: {"productType":"PACKAGE","availToken":"NejzRVwvPuPmZ86NgtA7udteKwSPmQ1mnJkn\/WR15j0=","budgetId":"H3784##TI##0$5710004461487746572@@CLASSICAL01","hotelParams":{"hotelCode":"H3784","providerCode":"UNDEFINED"}}
[13-Nov-2025 13:56:25 UTC] [Soltour API info] Getting details for budget: H14##TI##0$5097874409900189383@@CLASSICAL01, hotel: H14
[13-Nov-2025 13:56:25 UTC] [Soltour API info] Request to booking/details: {"productType":"PACKAGE","availToken":"NejzRVwvPuPmZ86NgtA7udteKwSPmQ1mnJkn\/WR15j0=","budgetId":"H14##TI##0$5097874409900189383@@CLASSICAL01","hotelParams":{"hotelCode":"H14","providerCode":"UNDEFINED"}}
[13-Nov-2025 13:56:26 UTC] [Soltour API info] Response from booking/details: {"availToken":"NejzRVwvPuPmZ86NgtA7udteKwSPmQ1mnJkn/WR15j0=","timestamp":"2025-11-13T14:56:26.241722026","serviceType":"UNDEFINED","agencyInformation":{"clientCode":"BEAUTYT","branchOfficeCode":"999","taxApplicationType":"ISC","taxRate":0,"paymentType":"PP","commission":{"currency":"EUR","rate":15}},"params":{"startDate":"2025-11-23","endDate":"2025-11-30","accomodation":{"rooms":[{"passengers":[{"age":30,"type":"ADULT"},{"age":30,"type":"ADULT"}]}]},"residentType":"NONE","numNights":0,"flightPa
[13-Nov-2025 13:56:26 UTC] [Soltour API info] Details response structure: {"has_budget":false,"has_details":true,"has_error":false,"error_msg":null}
[13-Nov-2025 13:56:26 UTC] [Soltour API info] Response from booking/details: {"availToken":"NejzRVwvPuPmZ86NgtA7udteKwSPmQ1mnJkn/WR15j0=","timestamp":"2025-11-13T14:56:26.393107953","serviceType":"UNDEFINED","agencyInformation":{"clientCode":"BEAUTYT","branchOfficeCode":"999","taxApplicationType":"ISC","taxRate":0,"paymentType":"PP","commission":{"currency":"EUR","rate":15}},"params":{"startDate":"2025-11-23","endDate":"2025-11-30","accomodation":{"rooms":[{"passengers":[{"age":30,"type":"ADULT"},{"age":30,"type":"ADULT"}]}]},"residentType":"NONE","numNights":0,"flightPa
[13-Nov-2025 13:56:26 UTC] [Soltour API info] Details response structure: {"has_budget":false,"has_details":true,"has_error":false,"error_msg":null}
[13-Nov-2025 13:56:26 UTC] [Soltour API info] Response from booking/details: {"availToken":"NejzRVwvPuPmZ86NgtA7udteKwSPmQ1mnJkn/WR15j0=","timestamp":"2025-11-13T14:56:26.372575532","serviceType":"UNDEFINED","agencyInformation":{"clientCode":"BEAUTYT","branchOfficeCode":"999","taxApplicationType":"ISC","taxRate":0,"paymentType":"PP","commission":{"currency":"EUR","rate":15}},"params":{"startDate":"2025-11-23","endDate":"2025-11-30","accomodation":{"rooms":[{"passengers":[{"age":30,"type":"ADULT"},{"age":30,"type":"ADULT"}]}]},"residentType":"NONE","numNights":0,"flightPa
[13-Nov-2025 13:56:26 UTC] [Soltour API info] Details response structure: {"has_budget":false,"has_details":true,"has_error":false,"error_msg":null}
[13-Nov-2025 13:56:26 UTC] [Soltour API info] Response from booking/details: {"availToken":"NejzRVwvPuPmZ86NgtA7udteKwSPmQ1mnJkn/WR15j0=","timestamp":"2025-11-13T14:56:26.412702298","serviceType":"UNDEFINED","agencyInformation":{"clientCode":"BEAUTYT","branchOfficeCode":"999","taxApplicationType":"ISC","taxRate":0,"paymentType":"PP","commission":{"currency":"EUR","rate":15}},"params":{"startDate":"2025-11-23","endDate":"2025-11-30","accomodation":{"rooms":[{"passengers":[{"age":30,"type":"ADULT"},{"age":30,"type":"ADULT"}]}]},"residentType":"NONE","numNights":0,"flightPa
[13-Nov-2025 13:56:26 UTC] [Soltour API info] Details response structure: {"has_budget":false,"has_details":true,"has_error":false,"error_msg":null}
[13-Nov-2025 13:56:26 UTC] [Soltour API info] Response from booking/details: {"availToken":"NejzRVwvPuPmZ86NgtA7udteKwSPmQ1mnJkn/WR15j0=","timestamp":"2025-11-13T14:56:26.420968152","serviceType":"UNDEFINED","agencyInformation":{"clientCode":"BEAUTYT","branchOfficeCode":"999","taxApplicationType":"ISC","taxRate":0,"paymentType":"PP","commission":{"currency":"EUR","rate":15}},"params":{"startDate":"2025-11-23","endDate":"2025-11-30","accomodation":{"rooms":[{"passengers":[{"age":30,"type":"ADULT"},{"age":30,"type":"ADULT"}]}]},"residentType":"NONE","numNights":0,"flightPa
[13-Nov-2025 13:56:26 UTC] [Soltour API info] Details response structure: {"has_budget":false,"has_details":true,"has_error":false,"error_msg":null}
[13-Nov-2025 13:56:27 UTC] Loaded file: blur_effects.php
[13-Nov-2025 13:56:27 UTC] Loaded file: rkit_post_duplicator.php
[13-Nov-2025 13:56:27 UTC] Loaded file: rkit_tool_tips.php
[13-Nov-2025 13:56:27 UTC] Loaded file: rkit_wrapper_link.php
[13-Nov-2025 13:56:27 UTC] Class not found: \RomethemeKit\Rkit_Custom_Cursor
[13-Nov-2025 13:56:27 UTC] Instantiated class: \RomethemeKit\RkitDuplicator
[13-Nov-2025 13:56:27 UTC] Instantiated class: \RomethemeKit\BlurEffects
[13-Nov-2025 13:56:27 UTC] Class not found: \RomethemeKit\Rkit_Sticky_Content
[13-Nov-2025 13:56:27 UTC] Instantiated class: \RomethemeKit\RkitToolTips
[13-Nov-2025 13:56:27 UTC] Instantiated class: \RomethemeKit\RkitWrapperLink
[13-Nov-2025 13:56:27 UTC] Loaded file: blur_effects.php
[13-Nov-2025 13:56:27 UTC] Loaded file: rkit_post_duplicator.php
[13-Nov-2025 13:56:27 UTC] Loaded file: rkit_tool_tips.php
[13-Nov-2025 13:56:27 UTC] Loaded file: rkit_wrapper_link.php
[13-Nov-2025 13:56:27 UTC] Class not found: \RomethemeKit\Rkit_Custom_Cursor
[13-Nov-2025 13:56:27 UTC] Instantiated class: \RomethemeKit\RkitDuplicator
[13-Nov-2025 13:56:27 UTC] Instantiated class: \RomethemeKit\BlurEffects
[13-Nov-2025 13:56:27 UTC] Class not found: \RomethemeKit\Rkit_Sticky_Content
[13-Nov-2025 13:56:27 UTC] Instantiated class: \RomethemeKit\RkitToolTips
[13-Nov-2025 13:56:27 UTC] Instantiated class: \RomethemeKit\RkitWrapperLink
[13-Nov-2025 13:56:27 UTC] Loaded file: blur_effects.php
[13-Nov-2025 13:56:27 UTC] Loaded file: rkit_post_duplicator.php
[13-Nov-2025 13:56:27 UTC] Loaded file: rkit_tool_tips.php
[13-Nov-2025 13:56:27 UTC] Loaded file: rkit_wrapper_link.php
[13-Nov-2025 13:56:27 UTC] Class not found: \RomethemeKit\Rkit_Custom_Cursor
[13-Nov-2025 13:56:27 UTC] Instantiated class: \RomethemeKit\RkitDuplicator
[13-Nov-2025 13:56:27 UTC] Instantiated class: \RomethemeKit\BlurEffects
[13-Nov-2025 13:56:27 UTC] Class not found: \RomethemeKit\Rkit_Sticky_Content
[13-Nov-2025 13:56:27 UTC] Instantiated class: \RomethemeKit\RkitToolTips
[13-Nov-2025 13:56:27 UTC] Instantiated class: \RomethemeKit\RkitWrapperLink
[13-Nov-2025 13:56:27 UTC] Loaded file: blur_effects.php
[13-Nov-2025 13:56:27 UTC] Loaded file: rkit_post_duplicator.php
[13-Nov-2025 13:56:27 UTC] Loaded file: rkit_tool_tips.php
[13-Nov-2025 13:56:27 UTC] Loaded file: rkit_wrapper_link.php
[13-Nov-2025 13:56:27 UTC] Class not found: \RomethemeKit\Rkit_Custom_Cursor
[13-Nov-2025 13:56:27 UTC] Instantiated class: \RomethemeKit\RkitDuplicator
[13-Nov-2025 13:56:27 UTC] Instantiated class: \RomethemeKit\BlurEffects
[13-Nov-2025 13:56:27 UTC] Class not found: \RomethemeKit\Rkit_Sticky_Content
[13-Nov-2025 13:56:27 UTC] Instantiated class: \RomethemeKit\RkitToolTips
[13-Nov-2025 13:56:27 UTC] Instantiated class: \RomethemeKit\RkitWrapperLink
[13-Nov-2025 13:56:27 UTC] Loaded file: blur_effects.php
[13-Nov-2025 13:56:27 UTC] Loaded file: rkit_post_duplicator.php
[13-Nov-2025 13:56:27 UTC] Loaded file: rkit_tool_tips.php
[13-Nov-2025 13:56:27 UTC] Loaded file: rkit_wrapper_link.php
[13-Nov-2025 13:56:27 UTC] Class not found: \RomethemeKit\Rkit_Custom_Cursor
[13-Nov-2025 13:56:27 UTC] Instantiated class: \RomethemeKit\RkitDuplicator
[13-Nov-2025 13:56:27 UTC] Instantiated class: \RomethemeKit\BlurEffects
[13-Nov-2025 13:56:27 UTC] Class not found: \RomethemeKit\Rkit_Sticky_Content
[13-Nov-2025 13:56:27 UTC] Instantiated class: \RomethemeKit\RkitToolTips
[13-Nov-2025 13:56:27 UTC] Instantiated class: \RomethemeKit\RkitWrapperLink
[13-Nov-2025 13:56:27 UTC] [Soltour API info] Getting details for budget: H13##TI##0$5106720968205179921@@CLASSICAL01, hotel: H13
[13-Nov-2025 13:56:27 UTC] [Soltour API info] Request to booking/details: {"productType":"PACKAGE","availToken":"NejzRVwvPuPmZ86NgtA7udteKwSPmQ1mnJkn\/WR15j0=","budgetId":"H13##TI##0$5106720968205179921@@CLASSICAL01","hotelParams":{"hotelCode":"H13","providerCode":"UNDEFINED"}}
[13-Nov-2025 13:56:27 UTC] [Soltour API info] Getting details for budget: H224289##TI##0$5241097515188536429@@CLASSICAL01, hotel: H224289
[13-Nov-2025 13:56:27 UTC] [Soltour API info] Request to booking/details: {"productType":"PACKAGE","availToken":"NejzRVwvPuPmZ86NgtA7udteKwSPmQ1mnJkn\/WR15j0=","budgetId":"H224289##TI##0$5241097515188536429@@CLASSICAL01","hotelParams":{"hotelCode":"H224289","providerCode":"UNDEFINED"}}
[13-Nov-2025 13:56:27 UTC] [Soltour API info] Getting details for budget: H199537##TI##0$5472056551977847916@@CLASSICAL01, hotel: H199537
[13-Nov-2025 13:56:27 UTC] [Soltour API info] Request to booking/details: {"productType":"PACKAGE","availToken":"NejzRVwvPuPmZ86NgtA7udteKwSPmQ1mnJkn\/WR15j0=","budgetId":"H199537##TI##0$5472056551977847916@@CLASSICAL01","hotelParams":{"hotelCode":"H199537","providerCode":"UNDEFINED"}}
[13-Nov-2025 13:56:27 UTC] [Soltour API info] Getting details for budget: H35##TI##0$5528514745965847150@@CLASSICAL01, hotel: H35
[13-Nov-2025 13:56:27 UTC] [Soltour API info] Request to booking/details: {"productType":"PACKAGE","availToken":"NejzRVwvPuPmZ86NgtA7udteKwSPmQ1mnJkn\/WR15j0=","budgetId":"H35##TI##0$5528514745965847150@@CLASSICAL01","hotelParams":{"hotelCode":"H35","providerCode":"UNDEFINED"}}
[13-Nov-2025 13:56:27 UTC] [Soltour API info] Getting details for budget: H3##TI##0$5321285092866711648@@CLASSICAL01, hotel: H3
[13-Nov-2025 13:56:27 UTC] [Soltour API info] Request to booking/details: {"productType":"PACKAGE","availToken":"NejzRVwvPuPmZ86NgtA7udteKwSPmQ1mnJkn\/WR15j0=","budgetId":"H3##TI##0$5321285092866711648@@CLASSICAL01","hotelParams":{"hotelCode":"H3","providerCode":"UNDEFINED"}}
[13-Nov-2025 13:56:28 UTC] Loaded file: blur_effects.php
[13-Nov-2025 13:56:28 UTC] Loaded file: rkit_post_duplicator.php
[13-Nov-2025 13:56:28 UTC] Loaded file: rkit_tool_tips.php
[13-Nov-2025 13:56:28 UTC] Loaded file: rkit_wrapper_link.php
[13-Nov-2025 13:56:28 UTC] Class not found: \RomethemeKit\Rkit_Custom_Cursor
[13-Nov-2025 13:56:28 UTC] Instantiated class: \RomethemeKit\RkitDuplicator
[13-Nov-2025 13:56:28 UTC] Instantiated class: \RomethemeKit\BlurEffects
[13-Nov-2025 13:56:28 UTC] Class not found: \RomethemeKit\Rkit_Sticky_Content
[13-Nov-2025 13:56:28 UTC] Instantiated class: \RomethemeKit\RkitToolTips
[13-Nov-2025 13:56:28 UTC] Instantiated class: \RomethemeKit\RkitWrapperLink
[13-Nov-2025 13:56:28 UTC] [Soltour API info] Response from booking/details: {"availToken":"NejzRVwvPuPmZ86NgtA7udteKwSPmQ1mnJkn/WR15j0=","timestamp":"2025-11-13T14:56:28.353711802","serviceType":"UNDEFINED","agencyInformation":{"clientCode":"BEAUTYT","branchOfficeCode":"999","taxApplicationType":"ISC","taxRate":0,"paymentType":"PP","commission":{"currency":"EUR","rate":15}},"params":{"startDate":"2025-11-23","endDate":"2025-11-30","accomodation":{"rooms":[{"passengers":[{"age":30,"type":"ADULT"},{"age":30,"type":"ADULT"}]}]},"residentType":"NONE","numNights":0,"flightPa
[13-Nov-2025 13:56:28 UTC] [Soltour API info] Details response structure: {"has_budget":false,"has_details":true,"has_error":false,"error_msg":null}
[13-Nov-2025 13:56:28 UTC] [Soltour API info] Response from booking/details: {"availToken":"NejzRVwvPuPmZ86NgtA7udteKwSPmQ1mnJkn/WR15j0=","timestamp":"2025-11-13T14:56:28.429437135","serviceType":"UNDEFINED","agencyInformation":{"clientCode":"BEAUTYT","branchOfficeCode":"999","taxApplicationType":"ISC","taxRate":0,"paymentType":"PP","commission":{"currency":"EUR","rate":15}},"params":{"startDate":"2025-11-23","endDate":"2025-11-30","accomodation":{"rooms":[{"passengers":[{"age":30,"type":"ADULT"},{"age":30,"type":"ADULT"}]}]},"residentType":"NONE","numNights":0,"flightPa
[13-Nov-2025 13:56:28 UTC] [Soltour API info] Details response structure: {"has_budget":false,"has_details":true,"has_error":false,"error_msg":null}
[13-Nov-2025 13:56:28 UTC] [Soltour API info] Response from booking/details: {"availToken":"NejzRVwvPuPmZ86NgtA7udteKwSPmQ1mnJkn/WR15j0=","timestamp":"2025-11-13T14:56:28.496888660","serviceType":"UNDEFINED","agencyInformation":{"clientCode":"BEAUTYT","branchOfficeCode":"999","taxApplicationType":"ISC","taxRate":0,"paymentType":"PP","commission":{"currency":"EUR","rate":15}},"params":{"startDate":"2025-11-23","endDate":"2025-11-30","accomodation":{"rooms":[{"passengers":[{"age":30,"type":"ADULT"},{"age":30,"type":"ADULT"}]}]},"residentType":"NONE","numNights":0,"flightPa
[13-Nov-2025 13:56:28 UTC] [Soltour API info] Details response structure: {"has_budget":false,"has_details":true,"has_error":false,"error_msg":null}
[13-Nov-2025 13:56:28 UTC] [Soltour API info] Response from booking/details: {"availToken":"NejzRVwvPuPmZ86NgtA7udteKwSPmQ1mnJkn/WR15j0=","timestamp":"2025-11-13T14:56:28.548688117","serviceType":"UNDEFINED","agencyInformation":{"clientCode":"BEAUTYT","branchOfficeCode":"999","taxApplicationType":"ISC","taxRate":0,"paymentType":"PP","commission":{"currency":"EUR","rate":15}},"params":{"startDate":"2025-11-23","endDate":"2025-11-30","accomodation":{"rooms":[{"passengers":[{"age":30,"type":"ADULT"},{"age":30,"type":"ADULT"}]}]},"residentType":"NONE","numNights":0,"flightPa
[13-Nov-2025 13:56:28 UTC] [Soltour API info] Details response structure: {"has_budget":false,"has_details":true,"has_error":false,"error_msg":null}
[13-Nov-2025 13:56:28 UTC] Loaded file: blur_effects.php
[13-Nov-2025 13:56:28 UTC] Loaded file: rkit_post_duplicator.php
[13-Nov-2025 13:56:28 UTC] Loaded file: rkit_tool_tips.php
[13-Nov-2025 13:56:28 UTC] Loaded file: rkit_wrapper_link.php
[13-Nov-2025 13:56:28 UTC] Class not found: \RomethemeKit\Rkit_Custom_Cursor
[13-Nov-2025 13:56:28 UTC] Instantiated class: \RomethemeKit\RkitDuplicator
[13-Nov-2025 13:56:28 UTC] Instantiated class: \RomethemeKit\BlurEffects
[13-Nov-2025 13:56:28 UTC] Class not found: \RomethemeKit\Rkit_Sticky_Content
[13-Nov-2025 13:56:28 UTC] Instantiated class: \RomethemeKit\RkitToolTips
[13-Nov-2025 13:56:28 UTC] Instantiated class: \RomethemeKit\RkitWrapperLink
[13-Nov-2025 13:56:28 UTC] Loaded file: blur_effects.php
[13-Nov-2025 13:56:28 UTC] Loaded file: rkit_post_duplicator.php
[13-Nov-2025 13:56:28 UTC] Loaded file: rkit_tool_tips.php
[13-Nov-2025 13:56:28 UTC] Loaded file: rkit_wrapper_link.php
[13-Nov-2025 13:56:28 UTC] Class not found: \RomethemeKit\Rkit_Custom_Cursor
[13-Nov-2025 13:56:28 UTC] Instantiated class: \RomethemeKit\RkitDuplicator
[13-Nov-2025 13:56:28 UTC] Instantiated class: \RomethemeKit\BlurEffects
[13-Nov-2025 13:56:28 UTC] Class not found: \RomethemeKit\Rkit_Sticky_Content
[13-Nov-2025 13:56:28 UTC] Instantiated class: \RomethemeKit\RkitToolTips
[13-Nov-2025 13:56:28 UTC] Instantiated class: \RomethemeKit\RkitWrapperLink
[13-Nov-2025 13:56:28 UTC] Loaded file: blur_effects.php
[13-Nov-2025 13:56:28 UTC] Loaded file: rkit_post_duplicator.php
[13-Nov-2025 13:56:28 UTC] Loaded file: rkit_tool_tips.php
[13-Nov-2025 13:56:28 UTC] Loaded file: rkit_wrapper_link.php
[13-Nov-2025 13:56:28 UTC] Class not found: \RomethemeKit\Rkit_Custom_Cursor
[13-Nov-2025 13:56:28 UTC] Instantiated class: \RomethemeKit\RkitDuplicator
[13-Nov-2025 13:56:28 UTC] Instantiated class: \RomethemeKit\BlurEffects
[13-Nov-2025 13:56:28 UTC] Class not found: \RomethemeKit\Rkit_Sticky_Content
[13-Nov-2025 13:56:28 UTC] Instantiated class: \RomethemeKit\RkitToolTips
[13-Nov-2025 13:56:28 UTC] Instantiated class: \RomethemeKit\RkitWrapperLink
[13-Nov-2025 13:56:29 UTC] [Soltour API info] Getting details for budget: H199374##TI##0$5271735414592539758@@CLASSICAL01, hotel: H199374
[13-Nov-2025 13:56:29 UTC] [Soltour API info] Request to booking/details: {"productType":"PACKAGE","availToken":"NejzRVwvPuPmZ86NgtA7udteKwSPmQ1mnJkn\/WR15j0=","budgetId":"H199374##TI##0$5271735414592539758@@CLASSICAL01","hotelParams":{"hotelCode":"H199374","providerCode":"UNDEFINED"}}
[13-Nov-2025 13:56:29 UTC] [Soltour API info] Getting details for budget: H199372##TI##0$5118184384218275901@@CLASSICAL01, hotel: H199372
[13-Nov-2025 13:56:29 UTC] [Soltour API info] Request to booking/details: {"productType":"PACKAGE","availToken":"NejzRVwvPuPmZ86NgtA7udteKwSPmQ1mnJkn\/WR15j0=","budgetId":"H199372##TI##0$5118184384218275901@@CLASSICAL01","hotelParams":{"hotelCode":"H199372","providerCode":"UNDEFINED"}}
[13-Nov-2025 13:56:29 UTC] [Soltour API info] Getting details for budget: H199373##TI##0$5133645383319799069@@CLASSICAL01, hotel: H199373
[13-Nov-2025 13:56:29 UTC] [Soltour API info] Request to booking/details: {"productType":"PACKAGE","availToken":"NejzRVwvPuPmZ86NgtA7udteKwSPmQ1mnJkn\/WR15j0=","budgetId":"H199373##TI##0$5133645383319799069@@CLASSICAL01","hotelParams":{"hotelCode":"H199373","providerCode":"UNDEFINED"}}
[13-Nov-2025 13:56:30 UTC] [Soltour API info] Response from booking/details: {"availToken":"NejzRVwvPuPmZ86NgtA7udteKwSPmQ1mnJkn/WR15j0=","timestamp":"2025-11-13T14:56:29.905682332","serviceType":"UNDEFINED","agencyInformation":{"clientCode":"BEAUTYT","branchOfficeCode":"999","taxApplicationType":"ISC","taxRate":0,"paymentType":"PP","commission":{"currency":"EUR","rate":15}},"params":{"startDate":"2025-11-23","endDate":"2025-11-30","accomodation":{"rooms":[{"passengers":[{"age":30,"type":"ADULT"},{"age":30,"type":"ADULT"}]}]},"residentType":"NONE","numNights":0,"flightPa
[13-Nov-2025 13:56:30 UTC] [Soltour API info] Details response structure: {"has_budget":false,"has_details":true,"has_error":false,"error_msg":null}
[13-Nov-2025 13:56:30 UTC] [Soltour API info] Response from booking/details: {"availToken":"NejzRVwvPuPmZ86NgtA7udteKwSPmQ1mnJkn/WR15j0=","timestamp":"2025-11-13T14:56:29.987467677","serviceType":"UNDEFINED","agencyInformation":{"clientCode":"BEAUTYT","branchOfficeCode":"999","taxApplicationType":"ISC","taxRate":0,"paymentType":"PP","commission":{"currency":"EUR","rate":15}},"params":{"startDate":"2025-11-23","endDate":"2025-11-30","accomodation":{"rooms":[{"passengers":[{"age":30,"type":"ADULT"},{"age":30,"type":"ADULT"}]}]},"residentType":"NONE","numNights":0,"flightPa
[13-Nov-2025 13:56:30 UTC] [Soltour API info] Details response structure: {"has_budget":false,"has_details":true,"has_error":false,"error_msg":null}
[13-Nov-2025 13:56:30 UTC] [Soltour API info] Response from booking/details: {"availToken":"NejzRVwvPuPmZ86NgtA7udteKwSPmQ1mnJkn/WR15j0=","timestamp":"2025-11-13T14:56:29.981392870","serviceType":"UNDEFINED","agencyInformation":{"clientCode":"BEAUTYT","branchOfficeCode":"999","taxApplicationType":"ISC","taxRate":0,"paymentType":"PP","commission":{"currency":"EUR","rate":15}},"params":{"startDate":"2025-11-23","endDate":"2025-11-30","accomodation":{"rooms":[{"passengers":[{"age":30,"type":"ADULT"},{"age":30,"type":"ADULT"}]}]},"residentType":"NONE","numNights":0,"flightPa
[13-Nov-2025 13:56:30 UTC] [Soltour API info] Details response structure: {"has_budget":false,"has_details":true,"has_error":false,"error_msg":null}
[13-Nov-2025 13:56:33 UTC] [Soltour API info] Response from booking/details: {"availToken":"NejzRVwvPuPmZ86NgtA7udteKwSPmQ1mnJkn/WR15j0=","timestamp":"2025-11-13T14:56:33.471465816","serviceType":"UNDEFINED","agencyInformation":{"clientCode":"BEAUTYT","branchOfficeCode":"999","taxApplicationType":"ISC","taxRate":0,"paymentType":"PP","commission":{"currency":"EUR","rate":15}},"params":{"startDate":"2025-11-23","endDate":"2025-11-30","accomodation":{"rooms":[{"passengers":[{"age":30,"type":"ADULT"},{"age":30,"type":"ADULT"}]}]},"residentType":"NONE","numNights":0,"flightPa
[13-Nov-2025 13:56:33 UTC] [Soltour API info] Details response structure: {"has_budget":false,"has_details":true,"has_error":false,"error_msg":null}
[13-Nov-2025 13:56:43 UTC] Loaded file: blur_effects.php
[13-Nov-2025 13:56:43 UTC] Loaded file: rkit_post_duplicator.php
[13-Nov-2025 13:56:43 UTC] Loaded file: rkit_tool_tips.php
[13-Nov-2025 13:56:43 UTC] Loaded file: rkit_wrapper_link.php
[13-Nov-2025 13:56:43 UTC] Class not found: \RomethemeKit\Rkit_Custom_Cursor
[13-Nov-2025 13:56:43 UTC] Instantiated class: \RomethemeKit\RkitDuplicator
[13-Nov-2025 13:56:43 UTC] Instantiated class: \RomethemeKit\BlurEffects
[13-Nov-2025 13:56:43 UTC] Class not found: \RomethemeKit\Rkit_Sticky_Content
[13-Nov-2025 13:56:43 UTC] Instantiated class: \RomethemeKit\RkitToolTips
[13-Nov-2025 13:56:43 UTC] Instantiated class: \RomethemeKit\RkitWrapperLink
[13-Nov-2025 13:56:44 UTC] Loaded file: blur_effects.php
[13-Nov-2025 13:56:44 UTC] Loaded file: rkit_post_duplicator.php
[13-Nov-2025 13:56:44 UTC] Loaded file: rkit_tool_tips.php
[13-Nov-2025 13:56:44 UTC] Loaded file: rkit_wrapper_link.php
[13-Nov-2025 13:56:44 UTC] Class not found: \RomethemeKit\Rkit_Custom_Cursor
[13-Nov-2025 13:56:44 UTC] Instantiated class: \RomethemeKit\RkitDuplicator
[13-Nov-2025 13:56:44 UTC] Instantiated class: \RomethemeKit\BlurEffects
[13-Nov-2025 13:56:44 UTC] Class not found: \RomethemeKit\Rkit_Sticky_Content
[13-Nov-2025 13:56:44 UTC] Instantiated class: \RomethemeKit\RkitToolTips
[13-Nov-2025 13:56:44 UTC] Instantiated class: \RomethemeKit\RkitWrapperLink
[13-Nov-2025 13:57:44 UTC] Loaded file: blur_effects.php
[13-Nov-2025 13:57:44 UTC] Loaded file: rkit_post_duplicator.php
[13-Nov-2025 13:57:44 UTC] Loaded file: rkit_tool_tips.php
[13-Nov-2025 13:57:44 UTC] Loaded file: rkit_wrapper_link.php
[13-Nov-2025 13:57:44 UTC] Class not found: \RomethemeKit\Rkit_Custom_Cursor
[13-Nov-2025 13:57:44 UTC] Instantiated class: \RomethemeKit\RkitDuplicator
[13-Nov-2025 13:57:44 UTC] Instantiated class: \RomethemeKit\BlurEffects
[13-Nov-2025 13:57:44 UTC] Class not found: \RomethemeKit\Rkit_Sticky_Content
[13-Nov-2025 13:57:44 UTC] Instantiated class: \RomethemeKit\RkitToolTips
[13-Nov-2025 13:57:44 UTC] Instantiated class: \RomethemeKit\RkitWrapperLink
[13-Nov-2025 13:57:45 UTC] Loaded file: blur_effects.php
[13-Nov-2025 13:57:45 UTC] Loaded file: rkit_post_duplicator.php
[13-Nov-2025 13:57:45 UTC] Loaded file: rkit_tool_tips.php
[13-Nov-2025 13:57:45 UTC] Loaded file: rkit_wrapper_link.php
[13-Nov-2025 13:57:45 UTC] Class not found: \RomethemeKit\Rkit_Custom_Cursor
[13-Nov-2025 13:57:45 UTC] Instantiated class: \RomethemeKit\RkitDuplicator
[13-Nov-2025 13:57:45 UTC] Instantiated class: \RomethemeKit\BlurEffects
[13-Nov-2025 13:57:45 UTC] Class not found: \RomethemeKit\Rkit_Sticky_Content
[13-Nov-2025 13:57:45 UTC] Instantiated class: \RomethemeKit\RkitToolTips
[13-Nov-2025 13:57:45 UTC] Instantiated class: \RomethemeKit\RkitWrapperLink
[13-Nov-2025 13:59:45 UTC] Loaded file: blur_effects.php
[13-Nov-2025 13:59:45 UTC] Loaded file: rkit_post_duplicator.php
[13-Nov-2025 13:59:45 UTC] Loaded file: rkit_tool_tips.php
[13-Nov-2025 13:59:45 UTC] Loaded file: rkit_wrapper_link.php
[13-Nov-2025 13:59:45 UTC] Class not found: \RomethemeKit\Rkit_Custom_Cursor
[13-Nov-2025 13:59:45 UTC] Instantiated class: \RomethemeKit\RkitDuplicator
[13-Nov-2025 13:59:45 UTC] Instantiated class: \RomethemeKit\BlurEffects
[13-Nov-2025 13:59:45 UTC] Class not found: \RomethemeKit\Rkit_Sticky_Content
[13-Nov-2025 13:59:45 UTC] Instantiated class: \RomethemeKit\RkitToolTips
[13-Nov-2025 13:59:45 UTC] Instantiated class: \RomethemeKit\RkitWrapperLink
[13-Nov-2025 13:59:46 UTC] Loaded file: blur_effects.php
[13-Nov-2025 13:59:46 UTC] Loaded file: rkit_post_duplicator.php
[13-Nov-2025 13:59:46 UTC] Loaded file: rkit_tool_tips.php
[13-Nov-2025 13:59:46 UTC] Loaded file: rkit_wrapper_link.php
[13-Nov-2025 13:59:46 UTC] Class not found: \RomethemeKit\Rkit_Custom_Cursor
[13-Nov-2025 13:59:46 UTC] Instantiated class: \RomethemeKit\RkitDuplicator
[13-Nov-2025 13:59:46 UTC] Instantiated class: \RomethemeKit\BlurEffects
[13-Nov-2025 13:59:46 UTC] Class not found: \RomethemeKit\Rkit_Sticky_Content
[13-Nov-2025 13:59:46 UTC] Instantiated class: \RomethemeKit\RkitToolTips
[13-Nov-2025 13:59:46 UTC] Instantiated class: \RomethemeKit\RkitWrapperLink
