[15-Nov-2025 18:20:33 UTC] Loaded file: blur_effects.php
[15-Nov-2025 18:20:33 UTC] Loaded file: rkit_post_duplicator.php
[15-Nov-2025 18:20:33 UTC] Loaded file: rkit_tool_tips.php
[15-Nov-2025 18:20:33 UTC] Loaded file: rkit_wrapper_link.php
[15-Nov-2025 18:20:33 UTC] Class not found: \RomethemeKit\Rkit_Custom_Cursor
[15-Nov-2025 18:20:33 UTC] Instantiated class: \RomethemeKit\RkitDuplicator
[15-Nov-2025 18:20:33 UTC] Instantiated class: \RomethemeKit\BlurEffects
[15-Nov-2025 18:20:33 UTC] Class not found: \RomethemeKit\Rkit_Sticky_Content
[15-Nov-2025 18:20:33 UTC] Instantiated class: \RomethemeKit\RkitToolTips
[15-Nov-2025 18:20:33 UTC] Instantiated class: \RomethemeKit\RkitWrapperLink
[15-Nov-2025 18:20:33 UTC] Loaded file: blur_effects.php
[15-Nov-2025 18:20:33 UTC] Loaded file: rkit_post_duplicator.php
[15-Nov-2025 18:20:33 UTC] Loaded file: rkit_tool_tips.php
[15-Nov-2025 18:20:33 UTC] Loaded file: rkit_wrapper_link.php
[15-Nov-2025 18:20:33 UTC] Class not found: \RomethemeKit\Rkit_Custom_Cursor
[15-Nov-2025 18:20:33 UTC] Instantiated class: \RomethemeKit\RkitDuplicator
[15-Nov-2025 18:20:33 UTC] Instantiated class: \RomethemeKit\BlurEffects
[15-Nov-2025 18:20:33 UTC] Class not found: \RomethemeKit\Rkit_Sticky_Content
[15-Nov-2025 18:20:33 UTC] Instantiated class: \RomethemeKit\RkitToolTips
[15-Nov-2025 18:20:33 UTC] Instantiated class: \RomethemeKit\RkitWrapperLink
[15-Nov-2025 18:20:36 UTC] Loaded file: blur_effects.php
[15-Nov-2025 18:20:36 UTC] Loaded file: rkit_post_duplicator.php
[15-Nov-2025 18:20:36 UTC] Loaded file: rkit_tool_tips.php
[15-Nov-2025 18:20:36 UTC] Loaded file: rkit_wrapper_link.php
[15-Nov-2025 18:20:36 UTC] Class not found: \RomethemeKit\Rkit_Custom_Cursor
[15-Nov-2025 18:20:36 UTC] Instantiated class: \RomethemeKit\RkitDuplicator
[15-Nov-2025 18:20:36 UTC] Instantiated class: \RomethemeKit\BlurEffects
[15-Nov-2025 18:20:36 UTC] Class not found: \RomethemeKit\Rkit_Sticky_Content
[15-Nov-2025 18:20:36 UTC] Instantiated class: \RomethemeKit\RkitToolTips
[15-Nov-2025 18:20:36 UTC] Instantiated class: \RomethemeKit\RkitWrapperLink
[15-Nov-2025 18:20:36 UTC] Loaded file: blur_effects.php
[15-Nov-2025 18:20:36 UTC] Loaded file: rkit_post_duplicator.php
[15-Nov-2025 18:20:36 UTC] Loaded file: rkit_tool_tips.php
[15-Nov-2025 18:20:36 UTC] Loaded file: rkit_wrapper_link.php
[15-Nov-2025 18:20:36 UTC] Class not found: \RomethemeKit\Rkit_Custom_Cursor
[15-Nov-2025 18:20:36 UTC] Instantiated class: \RomethemeKit\RkitDuplicator
[15-Nov-2025 18:20:36 UTC] Instantiated class: \RomethemeKit\BlurEffects
[15-Nov-2025 18:20:36 UTC] Class not found: \RomethemeKit\Rkit_Sticky_Content
[15-Nov-2025 18:20:36 UTC] Instantiated class: \RomethemeKit\RkitToolTips
[15-Nov-2025 18:20:36 UTC] Instantiated class: \RomethemeKit\RkitWrapperLink
[15-Nov-2025 18:21:38 UTC] Loaded file: blur_effects.php
[15-Nov-2025 18:21:38 UTC] Loaded file: rkit_post_duplicator.php
[15-Nov-2025 18:21:38 UTC] Loaded file: rkit_tool_tips.php
[15-Nov-2025 18:21:38 UTC] Loaded file: rkit_wrapper_link.php
[15-Nov-2025 18:21:38 UTC] Class not found: \RomethemeKit\Rkit_Custom_Cursor
[15-Nov-2025 18:21:38 UTC] Instantiated class: \RomethemeKit\RkitDuplicator
[15-Nov-2025 18:21:38 UTC] Instantiated class: \RomethemeKit\BlurEffects
[15-Nov-2025 18:21:38 UTC] Class not found: \RomethemeKit\Rkit_Sticky_Content
[15-Nov-2025 18:21:38 UTC] Instantiated class: \RomethemeKit\RkitToolTips
[15-Nov-2025 18:21:38 UTC] Instantiated class: \RomethemeKit\RkitWrapperLink
[15-Nov-2025 18:21:38 UTC] Loaded file: blur_effects.php
[15-Nov-2025 18:21:38 UTC] Loaded file: rkit_post_duplicator.php
[15-Nov-2025 18:21:38 UTC] Loaded file: rkit_tool_tips.php
[15-Nov-2025 18:21:38 UTC] Loaded file: rkit_wrapper_link.php
[15-Nov-2025 18:21:38 UTC] Class not found: \RomethemeKit\Rkit_Custom_Cursor
[15-Nov-2025 18:21:38 UTC] Instantiated class: \RomethemeKit\RkitDuplicator
[15-Nov-2025 18:21:38 UTC] Instantiated class: \RomethemeKit\BlurEffects
[15-Nov-2025 18:21:38 UTC] Class not found: \RomethemeKit\Rkit_Sticky_Content
[15-Nov-2025 18:21:38 UTC] Instantiated class: \RomethemeKit\RkitToolTips
[15-Nov-2025 18:21:38 UTC] Instantiated class: \RomethemeKit\RkitWrapperLink
[15-Nov-2025 18:21:39 UTC] Loaded file: blur_effects.php
[15-Nov-2025 18:21:39 UTC] Loaded file: rkit_post_duplicator.php
[15-Nov-2025 18:21:39 UTC] Loaded file: rkit_tool_tips.php
[15-Nov-2025 18:21:39 UTC] Loaded file: rkit_wrapper_link.php
[15-Nov-2025 18:21:39 UTC] Class not found: \RomethemeKit\Rkit_Custom_Cursor
[15-Nov-2025 18:21:39 UTC] Instantiated class: \RomethemeKit\RkitDuplicator
[15-Nov-2025 18:21:39 UTC] Instantiated class: \RomethemeKit\BlurEffects
[15-Nov-2025 18:21:39 UTC] Class not found: \RomethemeKit\Rkit_Sticky_Content
[15-Nov-2025 18:21:39 UTC] Instantiated class: \RomethemeKit\RkitToolTips
[15-Nov-2025 18:21:39 UTC] Instantiated class: \RomethemeKit\RkitWrapperLink
[15-Nov-2025 18:22:39 UTC] Loaded file: blur_effects.php
[15-Nov-2025 18:22:39 UTC] Loaded file: rkit_post_duplicator.php
[15-Nov-2025 18:22:39 UTC] Loaded file: rkit_tool_tips.php
[15-Nov-2025 18:22:39 UTC] Loaded file: rkit_wrapper_link.php
[15-Nov-2025 18:22:39 UTC] Class not found: \RomethemeKit\Rkit_Custom_Cursor
[15-Nov-2025 18:22:39 UTC] Instantiated class: \RomethemeKit\RkitDuplicator
[15-Nov-2025 18:22:39 UTC] Instantiated class: \RomethemeKit\BlurEffects
[15-Nov-2025 18:22:39 UTC] Class not found: \RomethemeKit\Rkit_Sticky_Content
[15-Nov-2025 18:22:39 UTC] Instantiated class: \RomethemeKit\RkitToolTips
[15-Nov-2025 18:22:39 UTC] Instantiated class: \RomethemeKit\RkitWrapperLink
[15-Nov-2025 18:22:39 UTC] Loaded file: blur_effects.php
[15-Nov-2025 18:22:39 UTC] Loaded file: rkit_post_duplicator.php
[15-Nov-2025 18:22:39 UTC] Loaded file: rkit_tool_tips.php
[15-Nov-2025 18:22:39 UTC] Loaded file: rkit_wrapper_link.php
[15-Nov-2025 18:22:39 UTC] Class not found: \RomethemeKit\Rkit_Custom_Cursor
[15-Nov-2025 18:22:39 UTC] Instantiated class: \RomethemeKit\RkitDuplicator
[15-Nov-2025 18:22:39 UTC] Instantiated class: \RomethemeKit\BlurEffects
[15-Nov-2025 18:22:39 UTC] Class not found: \RomethemeKit\Rkit_Sticky_Content
[15-Nov-2025 18:22:39 UTC] Instantiated class: \RomethemeKit\RkitToolTips
[15-Nov-2025 18:22:39 UTC] Instantiated class: \RomethemeKit\RkitWrapperLink
[15-Nov-2025 18:24:40 UTC] Loaded file: blur_effects.php
[15-Nov-2025 18:24:40 UTC] Loaded file: rkit_post_duplicator.php
[15-Nov-2025 18:24:40 UTC] Loaded file: rkit_tool_tips.php
[15-Nov-2025 18:24:40 UTC] Loaded file: rkit_wrapper_link.php
[15-Nov-2025 18:24:40 UTC] Class not found: \RomethemeKit\Rkit_Custom_Cursor
[15-Nov-2025 18:24:40 UTC] Instantiated class: \RomethemeKit\RkitDuplicator
[15-Nov-2025 18:24:40 UTC] Instantiated class: \RomethemeKit\BlurEffects
[15-Nov-2025 18:24:40 UTC] Class not found: \RomethemeKit\Rkit_Sticky_Content
[15-Nov-2025 18:24:40 UTC] Instantiated class: \RomethemeKit\RkitToolTips
[15-Nov-2025 18:24:40 UTC] Instantiated class: \RomethemeKit\RkitWrapperLink
[15-Nov-2025 18:24:41 UTC] Loaded file: blur_effects.php
[15-Nov-2025 18:24:41 UTC] Loaded file: rkit_post_duplicator.php
[15-Nov-2025 18:24:41 UTC] Loaded file: rkit_tool_tips.php
[15-Nov-2025 18:24:41 UTC] Loaded file: rkit_wrapper_link.php
[15-Nov-2025 18:24:41 UTC] Class not found: \RomethemeKit\Rkit_Custom_Cursor
[15-Nov-2025 18:24:41 UTC] Instantiated class: \RomethemeKit\RkitDuplicator
[15-Nov-2025 18:24:41 UTC] Instantiated class: \RomethemeKit\BlurEffects
[15-Nov-2025 18:24:41 UTC] Class not found: \RomethemeKit\Rkit_Sticky_Content
[15-Nov-2025 18:24:41 UTC] Instantiated class: \RomethemeKit\RkitToolTips
[15-Nov-2025 18:24:41 UTC] Instantiated class: \RomethemeKit\RkitWrapperLink
[15-Nov-2025 18:25:00 UTC] Loaded file: blur_effects.php
[15-Nov-2025 18:25:00 UTC] Loaded file: rkit_post_duplicator.php
[15-Nov-2025 18:25:00 UTC] Loaded file: rkit_tool_tips.php
[15-Nov-2025 18:25:00 UTC] Loaded file: rkit_wrapper_link.php
[15-Nov-2025 18:25:00 UTC] Class not found: \RomethemeKit\Rkit_Custom_Cursor
[15-Nov-2025 18:25:00 UTC] Instantiated class: \RomethemeKit\RkitDuplicator
[15-Nov-2025 18:25:00 UTC] Instantiated class: \RomethemeKit\BlurEffects
[15-Nov-2025 18:25:00 UTC] Class not found: \RomethemeKit\Rkit_Sticky_Content
[15-Nov-2025 18:25:00 UTC] Instantiated class: \RomethemeKit\RkitToolTips
[15-Nov-2025 18:25:00 UTC] Instantiated class: \RomethemeKit\RkitWrapperLink
[15-Nov-2025 18:25:01 UTC] Loaded file: blur_effects.php
[15-Nov-2025 18:25:01 UTC] Loaded file: rkit_post_duplicator.php
[15-Nov-2025 18:25:01 UTC] Loaded file: rkit_tool_tips.php
[15-Nov-2025 18:25:01 UTC] Loaded file: rkit_wrapper_link.php
[15-Nov-2025 18:25:01 UTC] Class not found: \RomethemeKit\Rkit_Custom_Cursor
[15-Nov-2025 18:25:01 UTC] Instantiated class: \RomethemeKit\RkitDuplicator
[15-Nov-2025 18:25:01 UTC] Instantiated class: \RomethemeKit\BlurEffects
[15-Nov-2025 18:25:01 UTC] Class not found: \RomethemeKit\Rkit_Sticky_Content
[15-Nov-2025 18:25:01 UTC] Instantiated class: \RomethemeKit\RkitToolTips
[15-Nov-2025 18:25:01 UTC] Instantiated class: \RomethemeKit\RkitWrapperLink
[15-Nov-2025 18:25:03 UTC] Loaded file: blur_effects.php
[15-Nov-2025 18:25:03 UTC] Loaded file: rkit_post_duplicator.php
[15-Nov-2025 18:25:03 UTC] Loaded file: rkit_tool_tips.php
[15-Nov-2025 18:25:03 UTC] Loaded file: rkit_wrapper_link.php
[15-Nov-2025 18:25:03 UTC] Class not found: \RomethemeKit\Rkit_Custom_Cursor
[15-Nov-2025 18:25:03 UTC] Instantiated class: \RomethemeKit\RkitDuplicator
[15-Nov-2025 18:25:03 UTC] Instantiated class: \RomethemeKit\BlurEffects
[15-Nov-2025 18:25:03 UTC] Class not found: \RomethemeKit\Rkit_Sticky_Content
[15-Nov-2025 18:25:03 UTC] Instantiated class: \RomethemeKit\RkitToolTips
[15-Nov-2025 18:25:03 UTC] Instantiated class: \RomethemeKit\RkitWrapperLink
[15-Nov-2025 18:25:05 UTC] Loaded file: blur_effects.php
[15-Nov-2025 18:25:05 UTC] Loaded file: rkit_post_duplicator.php
[15-Nov-2025 18:25:05 UTC] Loaded file: rkit_tool_tips.php
[15-Nov-2025 18:25:05 UTC] Loaded file: rkit_wrapper_link.php
[15-Nov-2025 18:25:05 UTC] Class not found: \RomethemeKit\Rkit_Custom_Cursor
[15-Nov-2025 18:25:05 UTC] Instantiated class: \RomethemeKit\RkitDuplicator
[15-Nov-2025 18:25:05 UTC] Instantiated class: \RomethemeKit\BlurEffects
[15-Nov-2025 18:25:05 UTC] Class not found: \RomethemeKit\Rkit_Sticky_Content
[15-Nov-2025 18:25:05 UTC] Instantiated class: \RomethemeKit\RkitToolTips
[15-Nov-2025 18:25:05 UTC] Instantiated class: \RomethemeKit\RkitWrapperLink
[15-Nov-2025 18:25:12 UTC] Loaded file: blur_effects.php
[15-Nov-2025 18:25:12 UTC] Loaded file: rkit_post_duplicator.php
[15-Nov-2025 18:25:12 UTC] Loaded file: rkit_tool_tips.php
[15-Nov-2025 18:25:12 UTC] Loaded file: rkit_wrapper_link.php
[15-Nov-2025 18:25:12 UTC] Class not found: \RomethemeKit\Rkit_Custom_Cursor
[15-Nov-2025 18:25:12 UTC] Instantiated class: \RomethemeKit\RkitDuplicator
[15-Nov-2025 18:25:12 UTC] Instantiated class: \RomethemeKit\BlurEffects
[15-Nov-2025 18:25:12 UTC] Class not found: \RomethemeKit\Rkit_Sticky_Content
[15-Nov-2025 18:25:12 UTC] Instantiated class: \RomethemeKit\RkitToolTips
[15-Nov-2025 18:25:12 UTC] Instantiated class: \RomethemeKit\RkitWrapperLink
[15-Nov-2025 18:26:10 UTC] Loaded file: blur_effects.php
[15-Nov-2025 18:26:10 UTC] Loaded file: rkit_post_duplicator.php
[15-Nov-2025 18:26:10 UTC] Loaded file: rkit_tool_tips.php
[15-Nov-2025 18:26:10 UTC] Loaded file: rkit_wrapper_link.php
[15-Nov-2025 18:26:10 UTC] Class not found: \RomethemeKit\Rkit_Custom_Cursor
[15-Nov-2025 18:26:10 UTC] Instantiated class: \RomethemeKit\RkitDuplicator
[15-Nov-2025 18:26:10 UTC] Instantiated class: \RomethemeKit\BlurEffects
[15-Nov-2025 18:26:10 UTC] Class not found: \RomethemeKit\Rkit_Sticky_Content
[15-Nov-2025 18:26:10 UTC] Instantiated class: \RomethemeKit\RkitToolTips
[15-Nov-2025 18:26:10 UTC] Instantiated class: \RomethemeKit\RkitWrapperLink
[15-Nov-2025 18:26:11 UTC] Loaded file: blur_effects.php
[15-Nov-2025 18:26:11 UTC] Loaded file: rkit_post_duplicator.php
[15-Nov-2025 18:26:11 UTC] Loaded file: rkit_tool_tips.php
[15-Nov-2025 18:26:11 UTC] Loaded file: rkit_wrapper_link.php
[15-Nov-2025 18:26:11 UTC] Class not found: \RomethemeKit\Rkit_Custom_Cursor
[15-Nov-2025 18:26:11 UTC] Instantiated class: \RomethemeKit\RkitDuplicator
[15-Nov-2025 18:26:11 UTC] Instantiated class: \RomethemeKit\BlurEffects
[15-Nov-2025 18:26:11 UTC] Class not found: \RomethemeKit\Rkit_Sticky_Content
[15-Nov-2025 18:26:11 UTC] Instantiated class: \RomethemeKit\RkitToolTips
[15-Nov-2025 18:26:11 UTC] Instantiated class: \RomethemeKit\RkitWrapperLink
[15-Nov-2025 18:26:12 UTC] Loaded file: blur_effects.php
[15-Nov-2025 18:26:12 UTC] Loaded file: rkit_post_duplicator.php
[15-Nov-2025 18:26:12 UTC] Loaded file: rkit_tool_tips.php
[15-Nov-2025 18:26:12 UTC] Loaded file: rkit_wrapper_link.php
[15-Nov-2025 18:26:12 UTC] Class not found: \RomethemeKit\Rkit_Custom_Cursor
[15-Nov-2025 18:26:12 UTC] Instantiated class: \RomethemeKit\RkitDuplicator
[15-Nov-2025 18:26:12 UTC] Instantiated class: \RomethemeKit\BlurEffects
[15-Nov-2025 18:26:12 UTC] Class not found: \RomethemeKit\Rkit_Sticky_Content
[15-Nov-2025 18:26:12 UTC] Instantiated class: \RomethemeKit\RkitToolTips
[15-Nov-2025 18:26:12 UTC] Instantiated class: \RomethemeKit\RkitWrapperLink
[15-Nov-2025 18:26:16 UTC] Loaded file: blur_effects.php
[15-Nov-2025 18:26:16 UTC] Loaded file: rkit_post_duplicator.php
[15-Nov-2025 18:26:16 UTC] Loaded file: rkit_tool_tips.php
[15-Nov-2025 18:26:16 UTC] Loaded file: rkit_wrapper_link.php
[15-Nov-2025 18:26:16 UTC] Class not found: \RomethemeKit\Rkit_Custom_Cursor
[15-Nov-2025 18:26:16 UTC] Instantiated class: \RomethemeKit\RkitDuplicator
[15-Nov-2025 18:26:16 UTC] Instantiated class: \RomethemeKit\BlurEffects
[15-Nov-2025 18:26:16 UTC] Class not found: \RomethemeKit\Rkit_Sticky_Content
[15-Nov-2025 18:26:16 UTC] Instantiated class: \RomethemeKit\RkitToolTips
[15-Nov-2025 18:26:16 UTC] Instantiated class: \RomethemeKit\RkitWrapperLink
[15-Nov-2025 18:26:17 UTC] Loaded file: blur_effects.php
[15-Nov-2025 18:26:17 UTC] Loaded file: rkit_post_duplicator.php
[15-Nov-2025 18:26:17 UTC] Loaded file: rkit_tool_tips.php
[15-Nov-2025 18:26:17 UTC] Loaded file: rkit_wrapper_link.php
[15-Nov-2025 18:26:17 UTC] Class not found: \RomethemeKit\Rkit_Custom_Cursor
[15-Nov-2025 18:26:17 UTC] Instantiated class: \RomethemeKit\RkitDuplicator
[15-Nov-2025 18:26:17 UTC] Instantiated class: \RomethemeKit\BlurEffects
[15-Nov-2025 18:26:17 UTC] Class not found: \RomethemeKit\Rkit_Sticky_Content
[15-Nov-2025 18:26:17 UTC] Instantiated class: \RomethemeKit\RkitToolTips
[15-Nov-2025 18:26:17 UTC] Instantiated class: \RomethemeKit\RkitWrapperLink
[15-Nov-2025 18:26:17 UTC] Loaded file: blur_effects.php
[15-Nov-2025 18:26:17 UTC] Loaded file: rkit_post_duplicator.php
[15-Nov-2025 18:26:17 UTC] Loaded file: rkit_tool_tips.php
[15-Nov-2025 18:26:17 UTC] Loaded file: rkit_wrapper_link.php
[15-Nov-2025 18:26:17 UTC] Class not found: \RomethemeKit\Rkit_Custom_Cursor
[15-Nov-2025 18:26:17 UTC] Instantiated class: \RomethemeKit\RkitDuplicator
[15-Nov-2025 18:26:17 UTC] Instantiated class: \RomethemeKit\BlurEffects
[15-Nov-2025 18:26:17 UTC] Class not found: \RomethemeKit\Rkit_Sticky_Content
[15-Nov-2025 18:26:17 UTC] Instantiated class: \RomethemeKit\RkitToolTips
[15-Nov-2025 18:26:17 UTC] Instantiated class: \RomethemeKit\RkitWrapperLink
[15-Nov-2025 18:26:41 UTC] Loaded file: blur_effects.php
[15-Nov-2025 18:26:41 UTC] Loaded file: rkit_post_duplicator.php
[15-Nov-2025 18:26:41 UTC] Loaded file: rkit_tool_tips.php
[15-Nov-2025 18:26:41 UTC] Loaded file: rkit_wrapper_link.php
[15-Nov-2025 18:26:41 UTC] Class not found: \RomethemeKit\Rkit_Custom_Cursor
[15-Nov-2025 18:26:41 UTC] Instantiated class: \RomethemeKit\RkitDuplicator
[15-Nov-2025 18:26:41 UTC] Instantiated class: \RomethemeKit\BlurEffects
[15-Nov-2025 18:26:41 UTC] Class not found: \RomethemeKit\Rkit_Sticky_Content
[15-Nov-2025 18:26:41 UTC] Instantiated class: \RomethemeKit\RkitToolTips
[15-Nov-2025 18:26:41 UTC] Instantiated class: \RomethemeKit\RkitWrapperLink
[15-Nov-2025 18:26:41 UTC] Loaded file: blur_effects.php
[15-Nov-2025 18:26:41 UTC] Loaded file: rkit_post_duplicator.php
[15-Nov-2025 18:26:41 UTC] Loaded file: rkit_tool_tips.php
[15-Nov-2025 18:26:41 UTC] Loaded file: rkit_wrapper_link.php
[15-Nov-2025 18:26:41 UTC] Class not found: \RomethemeKit\Rkit_Custom_Cursor
[15-Nov-2025 18:26:41 UTC] Instantiated class: \RomethemeKit\RkitDuplicator
[15-Nov-2025 18:26:41 UTC] Instantiated class: \RomethemeKit\BlurEffects
[15-Nov-2025 18:26:41 UTC] Class not found: \RomethemeKit\Rkit_Sticky_Content
[15-Nov-2025 18:26:41 UTC] Instantiated class: \RomethemeKit\RkitToolTips
[15-Nov-2025 18:26:41 UTC] Instantiated class: \RomethemeKit\RkitWrapperLink
[15-Nov-2025 18:27:28 UTC] Loaded file: blur_effects.php
[15-Nov-2025 18:27:28 UTC] Loaded file: rkit_post_duplicator.php
[15-Nov-2025 18:27:28 UTC] Loaded file: rkit_tool_tips.php
[15-Nov-2025 18:27:28 UTC] Loaded file: rkit_wrapper_link.php
[15-Nov-2025 18:27:28 UTC] Class not found: \RomethemeKit\Rkit_Custom_Cursor
[15-Nov-2025 18:27:28 UTC] Instantiated class: \RomethemeKit\RkitDuplicator
[15-Nov-2025 18:27:28 UTC] Instantiated class: \RomethemeKit\BlurEffects
[15-Nov-2025 18:27:28 UTC] Class not found: \RomethemeKit\Rkit_Sticky_Content
[15-Nov-2025 18:27:28 UTC] Instantiated class: \RomethemeKit\RkitToolTips
[15-Nov-2025 18:27:28 UTC] Instantiated class: \RomethemeKit\RkitWrapperLink
[15-Nov-2025 18:27:28 UTC] Loaded file: blur_effects.php
[15-Nov-2025 18:27:28 UTC] Loaded file: rkit_post_duplicator.php
[15-Nov-2025 18:27:28 UTC] Loaded file: rkit_tool_tips.php
[15-Nov-2025 18:27:28 UTC] Loaded file: rkit_wrapper_link.php
[15-Nov-2025 18:27:28 UTC] Class not found: \RomethemeKit\Rkit_Custom_Cursor
[15-Nov-2025 18:27:28 UTC] Instantiated class: \RomethemeKit\RkitDuplicator
[15-Nov-2025 18:27:28 UTC] Instantiated class: \RomethemeKit\BlurEffects
[15-Nov-2025 18:27:28 UTC] Class not found: \RomethemeKit\Rkit_Sticky_Content
[15-Nov-2025 18:27:28 UTC] Instantiated class: \RomethemeKit\RkitToolTips
[15-Nov-2025 18:27:28 UTC] Instantiated class: \RomethemeKit\RkitWrapperLink
[15-Nov-2025 18:27:36 UTC] Loaded file: blur_effects.php
[15-Nov-2025 18:27:36 UTC] Loaded file: rkit_post_duplicator.php
[15-Nov-2025 18:27:36 UTC] Loaded file: rkit_tool_tips.php
[15-Nov-2025 18:27:36 UTC] Loaded file: rkit_wrapper_link.php
[15-Nov-2025 18:27:36 UTC] Class not found: \RomethemeKit\Rkit_Custom_Cursor
[15-Nov-2025 18:27:36 UTC] Instantiated class: \RomethemeKit\RkitDuplicator
[15-Nov-2025 18:27:36 UTC] Instantiated class: \RomethemeKit\BlurEffects
[15-Nov-2025 18:27:36 UTC] Class not found: \RomethemeKit\Rkit_Sticky_Content
[15-Nov-2025 18:27:36 UTC] Instantiated class: \RomethemeKit\RkitToolTips
[15-Nov-2025 18:27:36 UTC] Instantiated class: \RomethemeKit\RkitWrapperLink
[15-Nov-2025 18:27:36 UTC] Loaded file: blur_effects.php
[15-Nov-2025 18:27:36 UTC] Loaded file: rkit_post_duplicator.php
[15-Nov-2025 18:27:36 UTC] Loaded file: rkit_tool_tips.php
[15-Nov-2025 18:27:36 UTC] Loaded file: rkit_wrapper_link.php
[15-Nov-2025 18:27:36 UTC] Class not found: \RomethemeKit\Rkit_Custom_Cursor
[15-Nov-2025 18:27:36 UTC] Instantiated class: \RomethemeKit\RkitDuplicator
[15-Nov-2025 18:27:36 UTC] Instantiated class: \RomethemeKit\BlurEffects
[15-Nov-2025 18:27:36 UTC] Class not found: \RomethemeKit\Rkit_Sticky_Content
[15-Nov-2025 18:27:36 UTC] Instantiated class: \RomethemeKit\RkitToolTips
[15-Nov-2025 18:27:36 UTC] Instantiated class: \RomethemeKit\RkitWrapperLink
[15-Nov-2025 18:27:39 UTC] Loaded file: blur_effects.php
[15-Nov-2025 18:27:39 UTC] Loaded file: rkit_post_duplicator.php
[15-Nov-2025 18:27:39 UTC] Loaded file: rkit_tool_tips.php
[15-Nov-2025 18:27:39 UTC] Loaded file: rkit_wrapper_link.php
[15-Nov-2025 18:27:39 UTC] Class not found: \RomethemeKit\Rkit_Custom_Cursor
[15-Nov-2025 18:27:39 UTC] Instantiated class: \RomethemeKit\RkitDuplicator
[15-Nov-2025 18:27:39 UTC] Instantiated class: \RomethemeKit\BlurEffects
[15-Nov-2025 18:27:39 UTC] Class not found: \RomethemeKit\Rkit_Sticky_Content
[15-Nov-2025 18:27:39 UTC] Instantiated class: \RomethemeKit\RkitToolTips
[15-Nov-2025 18:27:39 UTC] Instantiated class: \RomethemeKit\RkitWrapperLink
[15-Nov-2025 18:27:39 UTC] Loaded file: blur_effects.php
[15-Nov-2025 18:27:39 UTC] Loaded file: rkit_post_duplicator.php
[15-Nov-2025 18:27:39 UTC] Loaded file: rkit_tool_tips.php
[15-Nov-2025 18:27:39 UTC] Loaded file: rkit_wrapper_link.php
[15-Nov-2025 18:27:39 UTC] Class not found: \RomethemeKit\Rkit_Custom_Cursor
[15-Nov-2025 18:27:39 UTC] Instantiated class: \RomethemeKit\RkitDuplicator
[15-Nov-2025 18:27:39 UTC] Instantiated class: \RomethemeKit\BlurEffects
[15-Nov-2025 18:27:39 UTC] Class not found: \RomethemeKit\Rkit_Sticky_Content
[15-Nov-2025 18:27:39 UTC] Instantiated class: \RomethemeKit\RkitToolTips
[15-Nov-2025 18:27:39 UTC] Instantiated class: \RomethemeKit\RkitWrapperLink
[15-Nov-2025 18:27:40 UTC] Soltour Booking V2: Plugin ativado com sucesso
[15-Nov-2025 18:27:40 UTC] Loaded file: blur_effects.php
[15-Nov-2025 18:27:40 UTC] Loaded file: rkit_post_duplicator.php
[15-Nov-2025 18:27:40 UTC] Loaded file: rkit_tool_tips.php
[15-Nov-2025 18:27:40 UTC] Loaded file: rkit_wrapper_link.php
[15-Nov-2025 18:27:40 UTC] Class not found: \RomethemeKit\Rkit_Custom_Cursor
[15-Nov-2025 18:27:40 UTC] Instantiated class: \RomethemeKit\RkitDuplicator
[15-Nov-2025 18:27:40 UTC] Instantiated class: \RomethemeKit\BlurEffects
[15-Nov-2025 18:27:40 UTC] Class not found: \RomethemeKit\Rkit_Sticky_Content
[15-Nov-2025 18:27:40 UTC] Instantiated class: \RomethemeKit\RkitToolTips
[15-Nov-2025 18:27:40 UTC] Instantiated class: \RomethemeKit\RkitWrapperLink
[15-Nov-2025 18:27:49 UTC] Loaded file: blur_effects.php
[15-Nov-2025 18:27:49 UTC] Loaded file: rkit_post_duplicator.php
[15-Nov-2025 18:27:49 UTC] Loaded file: rkit_tool_tips.php
[15-Nov-2025 18:27:49 UTC] Loaded file: rkit_wrapper_link.php
[15-Nov-2025 18:27:49 UTC] Class not found: \RomethemeKit\Rkit_Custom_Cursor
[15-Nov-2025 18:27:49 UTC] Instantiated class: \RomethemeKit\RkitDuplicator
[15-Nov-2025 18:27:49 UTC] Instantiated class: \RomethemeKit\BlurEffects
[15-Nov-2025 18:27:49 UTC] Class not found: \RomethemeKit\Rkit_Sticky_Content
[15-Nov-2025 18:27:49 UTC] Instantiated class: \RomethemeKit\RkitToolTips
[15-Nov-2025 18:27:49 UTC] Instantiated class: \RomethemeKit\RkitWrapperLink
[15-Nov-2025 18:27:49 UTC] Loaded file: blur_effects.php
[15-Nov-2025 18:27:49 UTC] Loaded file: rkit_post_duplicator.php
[15-Nov-2025 18:27:49 UTC] Loaded file: rkit_tool_tips.php
[15-Nov-2025 18:27:49 UTC] Loaded file: rkit_wrapper_link.php
[15-Nov-2025 18:27:49 UTC] Class not found: \RomethemeKit\Rkit_Custom_Cursor
[15-Nov-2025 18:27:49 UTC] Instantiated class: \RomethemeKit\RkitDuplicator
[15-Nov-2025 18:27:49 UTC] Instantiated class: \RomethemeKit\BlurEffects
[15-Nov-2025 18:27:49 UTC] Class not found: \RomethemeKit\Rkit_Sticky_Content
[15-Nov-2025 18:27:49 UTC] Instantiated class: \RomethemeKit\RkitToolTips
[15-Nov-2025 18:27:49 UTC] Instantiated class: \RomethemeKit\RkitWrapperLink
[15-Nov-2025 18:27:54 UTC] Loaded file: blur_effects.php
[15-Nov-2025 18:27:54 UTC] Loaded file: rkit_post_duplicator.php
[15-Nov-2025 18:27:54 UTC] Loaded file: rkit_tool_tips.php
[15-Nov-2025 18:27:54 UTC] Loaded file: rkit_wrapper_link.php
[15-Nov-2025 18:27:54 UTC] Class not found: \RomethemeKit\Rkit_Custom_Cursor
[15-Nov-2025 18:27:54 UTC] Instantiated class: \RomethemeKit\RkitDuplicator
[15-Nov-2025 18:27:54 UTC] Instantiated class: \RomethemeKit\BlurEffects
[15-Nov-2025 18:27:54 UTC] Class not found: \RomethemeKit\Rkit_Sticky_Content
[15-Nov-2025 18:27:54 UTC] Instantiated class: \RomethemeKit\RkitToolTips
[15-Nov-2025 18:27:54 UTC] Instantiated class: \RomethemeKit\RkitWrapperLink
[15-Nov-2025 18:27:58 UTC] Loaded file: blur_effects.php
[15-Nov-2025 18:27:58 UTC] Loaded file: rkit_post_duplicator.php
[15-Nov-2025 18:27:58 UTC] Loaded file: rkit_tool_tips.php
[15-Nov-2025 18:27:58 UTC] Loaded file: rkit_wrapper_link.php
[15-Nov-2025 18:27:58 UTC] Class not found: \RomethemeKit\Rkit_Custom_Cursor
[15-Nov-2025 18:27:58 UTC] Instantiated class: \RomethemeKit\RkitDuplicator
[15-Nov-2025 18:27:58 UTC] Instantiated class: \RomethemeKit\BlurEffects
[15-Nov-2025 18:27:58 UTC] Class not found: \RomethemeKit\Rkit_Sticky_Content
[15-Nov-2025 18:27:58 UTC] Instantiated class: \RomethemeKit\RkitToolTips
[15-Nov-2025 18:27:58 UTC] Instantiated class: \RomethemeKit\RkitWrapperLink
[15-Nov-2025 18:27:59 UTC] Loaded file: blur_effects.php
[15-Nov-2025 18:27:59 UTC] Loaded file: rkit_post_duplicator.php
[15-Nov-2025 18:27:59 UTC] Loaded file: rkit_tool_tips.php
[15-Nov-2025 18:27:59 UTC] Loaded file: rkit_wrapper_link.php
[15-Nov-2025 18:27:59 UTC] Class not found: \RomethemeKit\Rkit_Custom_Cursor
[15-Nov-2025 18:27:59 UTC] Instantiated class: \RomethemeKit\RkitDuplicator
[15-Nov-2025 18:27:59 UTC] Instantiated class: \RomethemeKit\BlurEffects
[15-Nov-2025 18:27:59 UTC] Class not found: \RomethemeKit\Rkit_Sticky_Content
[15-Nov-2025 18:27:59 UTC] Instantiated class: \RomethemeKit\RkitToolTips
[15-Nov-2025 18:27:59 UTC] Instantiated class: \RomethemeKit\RkitWrapperLink
[15-Nov-2025 18:27:59 UTC] Loaded file: blur_effects.php
[15-Nov-2025 18:27:59 UTC] Loaded file: rkit_post_duplicator.php
[15-Nov-2025 18:27:59 UTC] Loaded file: rkit_tool_tips.php
[15-Nov-2025 18:27:59 UTC] Loaded file: rkit_wrapper_link.php
[15-Nov-2025 18:27:59 UTC] Class not found: \RomethemeKit\Rkit_Custom_Cursor
[15-Nov-2025 18:27:59 UTC] Instantiated class: \RomethemeKit\RkitDuplicator
[15-Nov-2025 18:27:59 UTC] Instantiated class: \RomethemeKit\BlurEffects
[15-Nov-2025 18:27:59 UTC] Class not found: \RomethemeKit\Rkit_Sticky_Content
[15-Nov-2025 18:27:59 UTC] Instantiated class: \RomethemeKit\RkitToolTips
[15-Nov-2025 18:27:59 UTC] Instantiated class: \RomethemeKit\RkitWrapperLink
[15-Nov-2025 18:27:59 UTC] Loaded file: blur_effects.php
[15-Nov-2025 18:27:59 UTC] Loaded file: rkit_post_duplicator.php
[15-Nov-2025 18:27:59 UTC] Loaded file: rkit_tool_tips.php
[15-Nov-2025 18:27:59 UTC] Loaded file: rkit_wrapper_link.php
[15-Nov-2025 18:27:59 UTC] Class not found: \RomethemeKit\Rkit_Custom_Cursor
[15-Nov-2025 18:27:59 UTC] Instantiated class: \RomethemeKit\RkitDuplicator
[15-Nov-2025 18:27:59 UTC] Instantiated class: \RomethemeKit\BlurEffects
[15-Nov-2025 18:27:59 UTC] Class not found: \RomethemeKit\Rkit_Sticky_Content
[15-Nov-2025 18:27:59 UTC] Instantiated class: \RomethemeKit\RkitToolTips
[15-Nov-2025 18:27:59 UTC] Instantiated class: \RomethemeKit\RkitWrapperLink
[15-Nov-2025 18:28:02 UTC] Loaded file: blur_effects.php
[15-Nov-2025 18:28:02 UTC] Loaded file: rkit_post_duplicator.php
[15-Nov-2025 18:28:02 UTC] Loaded file: rkit_tool_tips.php
[15-Nov-2025 18:28:02 UTC] Loaded file: rkit_wrapper_link.php
[15-Nov-2025 18:28:02 UTC] Class not found: \RomethemeKit\Rkit_Custom_Cursor
[15-Nov-2025 18:28:02 UTC] Instantiated class: \RomethemeKit\RkitDuplicator
[15-Nov-2025 18:28:02 UTC] Instantiated class: \RomethemeKit\BlurEffects
[15-Nov-2025 18:28:02 UTC] Class not found: \RomethemeKit\Rkit_Sticky_Content
[15-Nov-2025 18:28:02 UTC] Instantiated class: \RomethemeKit\RkitToolTips
[15-Nov-2025 18:28:02 UTC] Instantiated class: \RomethemeKit\RkitWrapperLink
[15-Nov-2025 18:28:03 UTC] [Soltour API info] Request to master/getAllOrigins: {"productType":"PACKAGE","destinationCode":"PUJ"}
[15-Nov-2025 18:28:03 UTC] [Soltour API info] Response from master/getAllOrigins: {"origins":[{"code":"LCG","name":"A Coruña","airportType":"AIRPORT","destinationCode":"LCG","destinationName":"LA CORUNA","description":"A Coruña","dynamic":false},{"code":"ABC","name":"Albacete","airportType":"AIRPORT","description":"Albacete","dynamic":false},{"code":"ALC","name":"Alicante","airportType":"AIRPORT","destinationCode":"ALC","destinationName":"ALICANTE","description":"Alicante","dynamic":false},{"code":"LEI","name":"Almería","airportType":"AIRPORT","destinationCode":"LEI","dest
[15-Nov-2025 18:28:14 UTC] Loaded file: blur_effects.php
[15-Nov-2025 18:28:14 UTC] Loaded file: rkit_post_duplicator.php
[15-Nov-2025 18:28:14 UTC] Loaded file: rkit_tool_tips.php
[15-Nov-2025 18:28:14 UTC] Loaded file: rkit_wrapper_link.php
[15-Nov-2025 18:28:14 UTC] Class not found: \RomethemeKit\Rkit_Custom_Cursor
[15-Nov-2025 18:28:14 UTC] Instantiated class: \RomethemeKit\RkitDuplicator
[15-Nov-2025 18:28:14 UTC] Instantiated class: \RomethemeKit\BlurEffects
[15-Nov-2025 18:28:14 UTC] Class not found: \RomethemeKit\Rkit_Sticky_Content
[15-Nov-2025 18:28:14 UTC] Instantiated class: \RomethemeKit\RkitToolTips
[15-Nov-2025 18:28:14 UTC] Instantiated class: \RomethemeKit\RkitWrapperLink
[15-Nov-2025 18:28:18 UTC] Loaded file: blur_effects.php
[15-Nov-2025 18:28:18 UTC] Loaded file: rkit_post_duplicator.php
[15-Nov-2025 18:28:18 UTC] Loaded file: rkit_tool_tips.php
[15-Nov-2025 18:28:18 UTC] Loaded file: rkit_wrapper_link.php
[15-Nov-2025 18:28:18 UTC] Class not found: \RomethemeKit\Rkit_Custom_Cursor
[15-Nov-2025 18:28:18 UTC] Instantiated class: \RomethemeKit\RkitDuplicator
[15-Nov-2025 18:28:18 UTC] Instantiated class: \RomethemeKit\BlurEffects
[15-Nov-2025 18:28:18 UTC] Class not found: \RomethemeKit\Rkit_Sticky_Content
[15-Nov-2025 18:28:18 UTC] Instantiated class: \RomethemeKit\RkitToolTips
[15-Nov-2025 18:28:18 UTC] Instantiated class: \RomethemeKit\RkitWrapperLink
[15-Nov-2025 18:28:18 UTC] Loaded file: blur_effects.php
[15-Nov-2025 18:28:18 UTC] Loaded file: rkit_post_duplicator.php
[15-Nov-2025 18:28:18 UTC] Loaded file: rkit_tool_tips.php
[15-Nov-2025 18:28:18 UTC] Loaded file: rkit_wrapper_link.php
[15-Nov-2025 18:28:18 UTC] Class not found: \RomethemeKit\Rkit_Custom_Cursor
[15-Nov-2025 18:28:18 UTC] Instantiated class: \RomethemeKit\RkitDuplicator
[15-Nov-2025 18:28:18 UTC] Instantiated class: \RomethemeKit\BlurEffects
[15-Nov-2025 18:28:18 UTC] Class not found: \RomethemeKit\Rkit_Sticky_Content
[15-Nov-2025 18:28:18 UTC] Instantiated class: \RomethemeKit\RkitToolTips
[15-Nov-2025 18:28:18 UTC] Instantiated class: \RomethemeKit\RkitWrapperLink
[15-Nov-2025 18:28:18 UTC] Loaded file: blur_effects.php
[15-Nov-2025 18:28:18 UTC] Loaded file: rkit_post_duplicator.php
[15-Nov-2025 18:28:18 UTC] Loaded file: rkit_tool_tips.php
[15-Nov-2025 18:28:18 UTC] Loaded file: rkit_wrapper_link.php
[15-Nov-2025 18:28:18 UTC] Class not found: \RomethemeKit\Rkit_Custom_Cursor
[15-Nov-2025 18:28:18 UTC] Instantiated class: \RomethemeKit\RkitDuplicator
[15-Nov-2025 18:28:18 UTC] Instantiated class: \RomethemeKit\BlurEffects
[15-Nov-2025 18:28:18 UTC] Class not found: \RomethemeKit\Rkit_Sticky_Content
[15-Nov-2025 18:28:18 UTC] Instantiated class: \RomethemeKit\RkitToolTips
[15-Nov-2025 18:28:18 UTC] Instantiated class: \RomethemeKit\RkitWrapperLink
[15-Nov-2025 18:28:19 UTC] [Soltour API info] === AJAX SEARCH PACKAGES CALLED ===
[15-Nov-2025 18:28:19 UTC] [Soltour API info] Params recebidos do frontend:
[15-Nov-2025 18:28:19 UTC] [Soltour API info]   - pageNumber: 0
[15-Nov-2025 18:28:19 UTC] [Soltour API info]   - rowsPerPage: 100
[15-Nov-2025 18:28:19 UTC] [Soltour API info] Params completos: {"originCode":"MAD","destinationCode":"PUJ","startDate":"2026-07-21","numNights":7,"rooms":[{"passengers":[{"type":"ADULT","age":30},{"type":"ADULT","age":30}]}],"productType":"PACKAGE","onlyHotel":"N","forceAvail":true,"pageNumber":0,"rowsPerPage":100}
[15-Nov-2025 18:28:19 UTC] [Soltour API info] Enviando para API Soltour (booking/availability):
[15-Nov-2025 18:28:19 UTC] [Soltour API info]   - criteria.pagination.pageNumber: 0
[15-Nov-2025 18:28:19 UTC] [Soltour API info]   - criteria.pagination.rowsPerPage: 100
[15-Nov-2025 18:28:19 UTC] [Soltour API info] Request to booking/availability: {"productType":"PACKAGE","onlyHotel":"N","forceAvail":true,"criteria":{"order":{"type":"PRICE","direction":"ASC"},"pagination":{"pageNumber":0,"rowsPerPage":100}},"languageCode":"PT","params":{"startDate":"2026-07-21","endDate":"2026-07-28","residentType":"NONE","accomodation":{"rooms":[{"passengers":[{"type":"ADULT","age":30},{"type":"ADULT","age":30}]}]},"hotelParams":{"destinationCode":"PUJ","includeImmediatePayment":true},"flightParams":{"itineraries":[{"origins":["MAD"],"destinations":["PUJ"]}],"directFlightsOnly":false,"includeImmediatePayment":true}}}
[15-Nov-2025 18:28:27 UTC] [Soltour API info] Response from booking/availability: {"productType":"PACKAGE","availToken":"CBLNFl8bNcsu1hixWSWlfFoxpfo1f6Uyi4yT7KemlpQ=","timestamp":"2025-11-15T19:28:19.425852635","serviceType":"UNDEFINED","agencyInformation":{"clientCode":"BEAUTYT","branchOfficeCode":"999","taxApplicationType":"ISC","taxRate":0,"paymentType":"PP","commission":{"currency":"EUR","rate":15}},"budgets":[{"booked":false,"selected":false,"hotelServices":[{"responseId":"9ZQnhHsZb9Z9e3RJqDQckFZjDMZUgSEwzqZewsI7MM4=","id":"abe9e32c-25da-4fc8-ae79-0c2893261590","type":"H
[15-Nov-2025 18:28:27 UTC] [Soltour API info] Resposta da API Soltour:
[15-Nov-2025 18:28:27 UTC] [Soltour API info]   - budgets: 73
[15-Nov-2025 18:28:27 UTC] [Soltour API info]   - totalCount: 0
[15-Nov-2025 18:28:27 UTC] [Soltour API info]   - hotels: 41
[15-Nov-2025 18:28:27 UTC] [Soltour API info]   - availToken: SIM
[15-Nov-2025 18:28:27 UTC] Loaded file: blur_effects.php
[15-Nov-2025 18:28:27 UTC] Loaded file: rkit_post_duplicator.php
[15-Nov-2025 18:28:27 UTC] Loaded file: rkit_tool_tips.php
[15-Nov-2025 18:28:27 UTC] Loaded file: rkit_wrapper_link.php
[15-Nov-2025 18:28:27 UTC] Class not found: \RomethemeKit\Rkit_Custom_Cursor
[15-Nov-2025 18:28:27 UTC] Instantiated class: \RomethemeKit\RkitDuplicator
[15-Nov-2025 18:28:27 UTC] Instantiated class: \RomethemeKit\BlurEffects
[15-Nov-2025 18:28:27 UTC] Class not found: \RomethemeKit\Rkit_Sticky_Content
[15-Nov-2025 18:28:27 UTC] Instantiated class: \RomethemeKit\RkitToolTips
[15-Nov-2025 18:28:27 UTC] Instantiated class: \RomethemeKit\RkitWrapperLink
[15-Nov-2025 18:28:27 UTC] Loaded file: blur_effects.php
[15-Nov-2025 18:28:27 UTC] Loaded file: rkit_post_duplicator.php
[15-Nov-2025 18:28:27 UTC] Loaded file: rkit_tool_tips.php
[15-Nov-2025 18:28:27 UTC] Loaded file: rkit_wrapper_link.php
[15-Nov-2025 18:28:27 UTC] Class not found: \RomethemeKit\Rkit_Custom_Cursor
[15-Nov-2025 18:28:27 UTC] Instantiated class: \RomethemeKit\RkitDuplicator
[15-Nov-2025 18:28:27 UTC] Instantiated class: \RomethemeKit\BlurEffects
[15-Nov-2025 18:28:27 UTC] Class not found: \RomethemeKit\Rkit_Sticky_Content
[15-Nov-2025 18:28:27 UTC] Instantiated class: \RomethemeKit\RkitToolTips
[15-Nov-2025 18:28:27 UTC] Instantiated class: \RomethemeKit\RkitWrapperLink
[15-Nov-2025 18:28:27 UTC] Loaded file: blur_effects.php
[15-Nov-2025 18:28:27 UTC] Loaded file: rkit_post_duplicator.php
[15-Nov-2025 18:28:27 UTC] Loaded file: rkit_tool_tips.php
[15-Nov-2025 18:28:27 UTC] Loaded file: rkit_wrapper_link.php
[15-Nov-2025 18:28:27 UTC] Class not found: \RomethemeKit\Rkit_Custom_Cursor
[15-Nov-2025 18:28:27 UTC] Instantiated class: \RomethemeKit\RkitDuplicator
[15-Nov-2025 18:28:27 UTC] Instantiated class: \RomethemeKit\BlurEffects
[15-Nov-2025 18:28:27 UTC] Class not found: \RomethemeKit\Rkit_Sticky_Content
[15-Nov-2025 18:28:27 UTC] Instantiated class: \RomethemeKit\RkitToolTips
[15-Nov-2025 18:28:27 UTC] Instantiated class: \RomethemeKit\RkitWrapperLink
[15-Nov-2025 18:28:27 UTC] Loaded file: blur_effects.php
[15-Nov-2025 18:28:27 UTC] Loaded file: rkit_post_duplicator.php
[15-Nov-2025 18:28:27 UTC] Loaded file: rkit_tool_tips.php
[15-Nov-2025 18:28:27 UTC] Loaded file: rkit_wrapper_link.php
[15-Nov-2025 18:28:27 UTC] Class not found: \RomethemeKit\Rkit_Custom_Cursor
[15-Nov-2025 18:28:27 UTC] Instantiated class: \RomethemeKit\RkitDuplicator
[15-Nov-2025 18:28:27 UTC] Instantiated class: \RomethemeKit\BlurEffects
[15-Nov-2025 18:28:27 UTC] Class not found: \RomethemeKit\Rkit_Sticky_Content
[15-Nov-2025 18:28:27 UTC] Instantiated class: \RomethemeKit\RkitToolTips
[15-Nov-2025 18:28:27 UTC] Instantiated class: \RomethemeKit\RkitWrapperLink
[15-Nov-2025 18:28:27 UTC] Loaded file: blur_effects.php
[15-Nov-2025 18:28:27 UTC] Loaded file: rkit_post_duplicator.php
[15-Nov-2025 18:28:27 UTC] Loaded file: rkit_tool_tips.php
[15-Nov-2025 18:28:27 UTC] Loaded file: rkit_wrapper_link.php
[15-Nov-2025 18:28:27 UTC] Class not found: \RomethemeKit\Rkit_Custom_Cursor
[15-Nov-2025 18:28:27 UTC] Instantiated class: \RomethemeKit\RkitDuplicator
[15-Nov-2025 18:28:27 UTC] Instantiated class: \RomethemeKit\BlurEffects
[15-Nov-2025 18:28:27 UTC] Class not found: \RomethemeKit\Rkit_Sticky_Content
[15-Nov-2025 18:28:27 UTC] Instantiated class: \RomethemeKit\RkitToolTips
[15-Nov-2025 18:28:27 UTC] Instantiated class: \RomethemeKit\RkitWrapperLink
[15-Nov-2025 18:28:28 UTC] [Soltour API info] Getting details for budget: H220697##TI##0$4721202041794953088@@100, hotel: H220697
[15-Nov-2025 18:28:28 UTC] [Soltour API info] Request to booking/details: {"productType":"PACKAGE","availToken":"CBLNFl8bNcsu1hixWSWlfFoxpfo1f6Uyi4yT7KemlpQ=","budgetId":"H220697##TI##0$4721202041794953088@@100","hotelParams":{"hotelCode":"H220697","providerCode":"UNDEFINED"}}
[15-Nov-2025 18:28:28 UTC] [Soltour API info] Getting details for budget: H81381##TI##0$4722070362798766453@@100, hotel: H81381
[15-Nov-2025 18:28:28 UTC] [Soltour API info] Request to booking/details: {"productType":"PACKAGE","availToken":"CBLNFl8bNcsu1hixWSWlfFoxpfo1f6Uyi4yT7KemlpQ=","budgetId":"H81381##TI##0$4722070362798766453@@100","hotelParams":{"hotelCode":"H81381","providerCode":"UNDEFINED"}}
[15-Nov-2025 18:28:28 UTC] [Soltour API info] Getting details for budget: H199543##SA##0$5287424074390927884@@100, hotel: H199543
[15-Nov-2025 18:28:28 UTC] [Soltour API info] Request to booking/details: {"productType":"PACKAGE","availToken":"CBLNFl8bNcsu1hixWSWlfFoxpfo1f6Uyi4yT7KemlpQ=","budgetId":"H199543##SA##0$5287424074390927884@@100","hotelParams":{"hotelCode":"H199543","providerCode":"UNDEFINED"}}
[15-Nov-2025 18:28:28 UTC] [Soltour API info] Getting details for budget: H24##TI##0$4616048197864580943@@100, hotel: H24
[15-Nov-2025 18:28:28 UTC] [Soltour API info] Request to booking/details: {"productType":"PACKAGE","availToken":"CBLNFl8bNcsu1hixWSWlfFoxpfo1f6Uyi4yT7KemlpQ=","budgetId":"H24##TI##0$4616048197864580943@@100","hotelParams":{"hotelCode":"H24","providerCode":"UNDEFINED"}}
[15-Nov-2025 18:28:28 UTC] [Soltour API info] Getting details for budget: H99741##TI##0$4640953252384130597@@100, hotel: H99741
[15-Nov-2025 18:28:28 UTC] [Soltour API info] Request to booking/details: {"productType":"PACKAGE","availToken":"CBLNFl8bNcsu1hixWSWlfFoxpfo1f6Uyi4yT7KemlpQ=","budgetId":"H99741##TI##0$4640953252384130597@@100","hotelParams":{"hotelCode":"H99741","providerCode":"UNDEFINED"}}
[15-Nov-2025 18:28:28 UTC] Loaded file: blur_effects.php
[15-Nov-2025 18:28:28 UTC] Loaded file: rkit_post_duplicator.php
[15-Nov-2025 18:28:28 UTC] Loaded file: rkit_tool_tips.php
[15-Nov-2025 18:28:28 UTC] Loaded file: rkit_wrapper_link.php
[15-Nov-2025 18:28:28 UTC] Class not found: \RomethemeKit\Rkit_Custom_Cursor
[15-Nov-2025 18:28:28 UTC] Instantiated class: \RomethemeKit\RkitDuplicator
[15-Nov-2025 18:28:28 UTC] Instantiated class: \RomethemeKit\BlurEffects
[15-Nov-2025 18:28:28 UTC] Class not found: \RomethemeKit\Rkit_Sticky_Content
[15-Nov-2025 18:28:28 UTC] Instantiated class: \RomethemeKit\RkitToolTips
[15-Nov-2025 18:28:28 UTC] Instantiated class: \RomethemeKit\RkitWrapperLink
[15-Nov-2025 18:28:29 UTC] [Soltour API info] Response from booking/details: {"availToken":"CBLNFl8bNcsu1hixWSWlfFoxpfo1f6Uyi4yT7KemlpQ=","timestamp":"2025-11-15T19:28:29.448854743","serviceType":"UNDEFINED","agencyInformation":{"clientCode":"BEAUTYT","branchOfficeCode":"999","taxApplicationType":"ISC","taxRate":0,"paymentType":"PP","commission":{"currency":"EUR","rate":15}},"params":{"startDate":"2026-07-21","endDate":"2026-07-28","accomodation":{"rooms":[{"passengers":[{"age":30,"type":"ADULT"},{"age":30,"type":"ADULT"}]}]},"residentType":"NONE","numNights":0,"flightPa
[15-Nov-2025 18:28:29 UTC] [Soltour API info] Details response structure: {"has_budget":false,"has_details":true,"has_error":false,"error_msg":null}
[15-Nov-2025 18:28:29 UTC] [Soltour API info] Response from booking/details: {"availToken":"CBLNFl8bNcsu1hixWSWlfFoxpfo1f6Uyi4yT7KemlpQ=","timestamp":"2025-11-15T19:28:29.452943883","serviceType":"UNDEFINED","agencyInformation":{"clientCode":"BEAUTYT","branchOfficeCode":"999","taxApplicationType":"ISC","taxRate":0,"paymentType":"PP","commission":{"currency":"EUR","rate":15}},"params":{"startDate":"2026-07-21","endDate":"2026-07-28","accomodation":{"rooms":[{"passengers":[{"age":30,"type":"ADULT"},{"age":30,"type":"ADULT"}]}]},"residentType":"NONE","numNights":0,"flightPa
[15-Nov-2025 18:28:29 UTC] [Soltour API info] Details response structure: {"has_budget":false,"has_details":true,"has_error":false,"error_msg":null}
[15-Nov-2025 18:28:29 UTC] [Soltour API info] Response from booking/details: {"availToken":"CBLNFl8bNcsu1hixWSWlfFoxpfo1f6Uyi4yT7KemlpQ=","timestamp":"2025-11-15T19:28:29.421611451","serviceType":"UNDEFINED","agencyInformation":{"clientCode":"BEAUTYT","branchOfficeCode":"999","taxApplicationType":"ISC","taxRate":0,"paymentType":"PP","commission":{"currency":"EUR","rate":15}},"params":{"startDate":"2026-07-21","endDate":"2026-07-28","accomodation":{"rooms":[{"passengers":[{"age":30,"type":"ADULT"},{"age":30,"type":"ADULT"}]}]},"residentType":"NONE","numNights":0,"flightPa
[15-Nov-2025 18:28:29 UTC] [Soltour API info] Details response structure: {"has_budget":false,"has_details":true,"has_error":false,"error_msg":null}
[15-Nov-2025 18:28:29 UTC] [Soltour API info] Response from booking/details: {"availToken":"CBLNFl8bNcsu1hixWSWlfFoxpfo1f6Uyi4yT7KemlpQ=","timestamp":"2025-11-15T19:28:29.457819438","serviceType":"UNDEFINED","agencyInformation":{"clientCode":"BEAUTYT","branchOfficeCode":"999","taxApplicationType":"ISC","taxRate":0,"paymentType":"PP","commission":{"currency":"EUR","rate":15}},"params":{"startDate":"2026-07-21","endDate":"2026-07-28","accomodation":{"rooms":[{"passengers":[{"age":30,"type":"ADULT"},{"age":30,"type":"ADULT"}]}]},"residentType":"NONE","numNights":0,"flightPa
[15-Nov-2025 18:28:29 UTC] [Soltour API info] Details response structure: {"has_budget":false,"has_details":true,"has_error":false,"error_msg":null}
[15-Nov-2025 18:28:29 UTC] [Soltour API info] Response from booking/details: {"availToken":"CBLNFl8bNcsu1hixWSWlfFoxpfo1f6Uyi4yT7KemlpQ=","timestamp":"2025-11-15T19:28:29.566018398","serviceType":"UNDEFINED","agencyInformation":{"clientCode":"BEAUTYT","branchOfficeCode":"999","taxApplicationType":"ISC","taxRate":0,"paymentType":"PP","commission":{"currency":"EUR","rate":15}},"params":{"startDate":"2026-07-21","endDate":"2026-07-28","accomodation":{"rooms":[{"passengers":[{"age":30,"type":"ADULT"},{"age":30,"type":"ADULT"}]}]},"residentType":"NONE","numNights":0,"flightPa
[15-Nov-2025 18:28:29 UTC] [Soltour API info] Details response structure: {"has_budget":false,"has_details":true,"has_error":false,"error_msg":null}
[15-Nov-2025 18:28:30 UTC] Loaded file: blur_effects.php
[15-Nov-2025 18:28:30 UTC] Loaded file: rkit_post_duplicator.php
[15-Nov-2025 18:28:30 UTC] Loaded file: rkit_tool_tips.php
[15-Nov-2025 18:28:30 UTC] Loaded file: rkit_wrapper_link.php
[15-Nov-2025 18:28:30 UTC] Class not found: \RomethemeKit\Rkit_Custom_Cursor
[15-Nov-2025 18:28:30 UTC] Instantiated class: \RomethemeKit\RkitDuplicator
[15-Nov-2025 18:28:30 UTC] Instantiated class: \RomethemeKit\BlurEffects
[15-Nov-2025 18:28:30 UTC] Class not found: \RomethemeKit\Rkit_Sticky_Content
[15-Nov-2025 18:28:30 UTC] Instantiated class: \RomethemeKit\RkitToolTips
[15-Nov-2025 18:28:30 UTC] Instantiated class: \RomethemeKit\RkitWrapperLink
[15-Nov-2025 18:28:30 UTC] Loaded file: blur_effects.php
[15-Nov-2025 18:28:30 UTC] Loaded file: rkit_post_duplicator.php
[15-Nov-2025 18:28:30 UTC] Loaded file: rkit_tool_tips.php
[15-Nov-2025 18:28:30 UTC] Loaded file: rkit_wrapper_link.php
[15-Nov-2025 18:28:30 UTC] Class not found: \RomethemeKit\Rkit_Custom_Cursor
[15-Nov-2025 18:28:30 UTC] Instantiated class: \RomethemeKit\RkitDuplicator
[15-Nov-2025 18:28:30 UTC] Instantiated class: \RomethemeKit\BlurEffects
[15-Nov-2025 18:28:30 UTC] Class not found: \RomethemeKit\Rkit_Sticky_Content
[15-Nov-2025 18:28:30 UTC] Instantiated class: \RomethemeKit\RkitToolTips
[15-Nov-2025 18:28:30 UTC] Instantiated class: \RomethemeKit\RkitWrapperLink
[15-Nov-2025 18:28:30 UTC] Loaded file: blur_effects.php
[15-Nov-2025 18:28:30 UTC] Loaded file: rkit_post_duplicator.php
[15-Nov-2025 18:28:30 UTC] Loaded file: rkit_tool_tips.php
[15-Nov-2025 18:28:30 UTC] Loaded file: rkit_wrapper_link.php
[15-Nov-2025 18:28:30 UTC] Class not found: \RomethemeKit\Rkit_Custom_Cursor
[15-Nov-2025 18:28:30 UTC] Instantiated class: \RomethemeKit\RkitDuplicator
[15-Nov-2025 18:28:30 UTC] Instantiated class: \RomethemeKit\BlurEffects
[15-Nov-2025 18:28:30 UTC] Class not found: \RomethemeKit\Rkit_Sticky_Content
[15-Nov-2025 18:28:30 UTC] Instantiated class: \RomethemeKit\RkitToolTips
[15-Nov-2025 18:28:30 UTC] Instantiated class: \RomethemeKit\RkitWrapperLink
[15-Nov-2025 18:28:30 UTC] Loaded file: blur_effects.php
[15-Nov-2025 18:28:30 UTC] Loaded file: rkit_post_duplicator.php
[15-Nov-2025 18:28:30 UTC] Loaded file: rkit_tool_tips.php
[15-Nov-2025 18:28:30 UTC] Loaded file: rkit_wrapper_link.php
[15-Nov-2025 18:28:30 UTC] Class not found: \RomethemeKit\Rkit_Custom_Cursor
[15-Nov-2025 18:28:30 UTC] Instantiated class: \RomethemeKit\RkitDuplicator
[15-Nov-2025 18:28:30 UTC] Instantiated class: \RomethemeKit\BlurEffects
[15-Nov-2025 18:28:30 UTC] Class not found: \RomethemeKit\Rkit_Sticky_Content
[15-Nov-2025 18:28:30 UTC] Instantiated class: \RomethemeKit\RkitToolTips
[15-Nov-2025 18:28:30 UTC] Instantiated class: \RomethemeKit\RkitWrapperLink
[15-Nov-2025 18:28:30 UTC] Loaded file: blur_effects.php
[15-Nov-2025 18:28:30 UTC] Loaded file: rkit_post_duplicator.php
[15-Nov-2025 18:28:30 UTC] Loaded file: rkit_tool_tips.php
[15-Nov-2025 18:28:30 UTC] Loaded file: rkit_wrapper_link.php
[15-Nov-2025 18:28:30 UTC] Class not found: \RomethemeKit\Rkit_Custom_Cursor
[15-Nov-2025 18:28:30 UTC] Instantiated class: \RomethemeKit\RkitDuplicator
[15-Nov-2025 18:28:30 UTC] Instantiated class: \RomethemeKit\BlurEffects
[15-Nov-2025 18:28:30 UTC] Class not found: \RomethemeKit\Rkit_Sticky_Content
[15-Nov-2025 18:28:30 UTC] Instantiated class: \RomethemeKit\RkitToolTips
[15-Nov-2025 18:28:30 UTC] Instantiated class: \RomethemeKit\RkitWrapperLink
[15-Nov-2025 18:28:31 UTC] [Soltour API info] Getting details for budget: H49702##TI##0$5576413147045653016@@100, hotel: H49702
[15-Nov-2025 18:28:31 UTC] [Soltour API info] Request to booking/details: {"productType":"PACKAGE","availToken":"CBLNFl8bNcsu1hixWSWlfFoxpfo1f6Uyi4yT7KemlpQ=","budgetId":"H49702##TI##0$5576413147045653016@@100","hotelParams":{"hotelCode":"H49702","providerCode":"UNDEFINED"}}
[15-Nov-2025 18:28:31 UTC] [Soltour API info] Getting details for budget: H79993##TI##0$5040241984509318304@@100, hotel: H79993
[15-Nov-2025 18:28:31 UTC] [Soltour API info] Request to booking/details: {"productType":"PACKAGE","availToken":"CBLNFl8bNcsu1hixWSWlfFoxpfo1f6Uyi4yT7KemlpQ=","budgetId":"H79993##TI##0$5040241984509318304@@100","hotelParams":{"hotelCode":"H79993","providerCode":"UNDEFINED"}}
[15-Nov-2025 18:28:31 UTC] [Soltour API info] Getting details for budget: H408431##SA##0$5579670608782601878@@100, hotel: H408431
[15-Nov-2025 18:28:31 UTC] [Soltour API info] Request to booking/details: {"productType":"PACKAGE","availToken":"CBLNFl8bNcsu1hixWSWlfFoxpfo1f6Uyi4yT7KemlpQ=","budgetId":"H408431##SA##0$5579670608782601878@@100","hotelParams":{"hotelCode":"H408431","providerCode":"UNDEFINED"}}
[15-Nov-2025 18:28:31 UTC] [Soltour API info] Getting details for budget: H81784##TI##0$5115875281937920170@@100, hotel: H81784
[15-Nov-2025 18:28:31 UTC] [Soltour API info] Request to booking/details: {"productType":"PACKAGE","availToken":"CBLNFl8bNcsu1hixWSWlfFoxpfo1f6Uyi4yT7KemlpQ=","budgetId":"H81784##TI##0$5115875281937920170@@100","hotelParams":{"hotelCode":"H81784","providerCode":"UNDEFINED"}}
[15-Nov-2025 18:28:31 UTC] [Soltour API info] Getting details for budget: H68719##TI##0$4817898282555348234@@100, hotel: H68719
[15-Nov-2025 18:28:31 UTC] [Soltour API info] Request to booking/details: {"productType":"PACKAGE","availToken":"CBLNFl8bNcsu1hixWSWlfFoxpfo1f6Uyi4yT7KemlpQ=","budgetId":"H68719##TI##0$4817898282555348234@@100","hotelParams":{"hotelCode":"H68719","providerCode":"UNDEFINED"}}
[15-Nov-2025 18:28:31 UTC] [Soltour API info] Response from booking/details: {"availToken":"CBLNFl8bNcsu1hixWSWlfFoxpfo1f6Uyi4yT7KemlpQ=","timestamp":"2025-11-15T19:28:31.720526093","serviceType":"UNDEFINED","agencyInformation":{"clientCode":"BEAUTYT","branchOfficeCode":"999","taxApplicationType":"ISC","taxRate":0,"paymentType":"PP","commission":{"currency":"EUR","rate":15}},"params":{"startDate":"2026-07-21","endDate":"2026-07-28","accomodation":{"rooms":[{"passengers":[{"age":30,"type":"ADULT"},{"age":30,"type":"ADULT"}]}]},"residentType":"NONE","numNights":0,"flightPa
[15-Nov-2025 18:28:31 UTC] [Soltour API info] Details response structure: {"has_budget":false,"has_details":true,"has_error":false,"error_msg":null}
[15-Nov-2025 18:28:32 UTC] [Soltour API info] Response from booking/details: {"availToken":"CBLNFl8bNcsu1hixWSWlfFoxpfo1f6Uyi4yT7KemlpQ=","timestamp":"2025-11-15T19:28:32.016191907","serviceType":"UNDEFINED","agencyInformation":{"clientCode":"BEAUTYT","branchOfficeCode":"999","taxApplicationType":"ISC","taxRate":0,"paymentType":"PP","commission":{"currency":"EUR","rate":15}},"params":{"startDate":"2026-07-21","endDate":"2026-07-28","accomodation":{"rooms":[{"passengers":[{"age":30,"type":"ADULT"},{"age":30,"type":"ADULT"}]}]},"residentType":"NONE","numNights":0,"flightPa
[15-Nov-2025 18:28:32 UTC] [Soltour API info] Details response structure: {"has_budget":false,"has_details":true,"has_error":false,"error_msg":null}
[15-Nov-2025 18:28:32 UTC] [Soltour API info] Response from booking/details: {"availToken":"CBLNFl8bNcsu1hixWSWlfFoxpfo1f6Uyi4yT7KemlpQ=","timestamp":"2025-11-15T19:28:32.133998691","serviceType":"UNDEFINED","agencyInformation":{"clientCode":"BEAUTYT","branchOfficeCode":"999","taxApplicationType":"ISC","taxRate":0,"paymentType":"PP","commission":{"currency":"EUR","rate":15}},"params":{"startDate":"2026-07-21","endDate":"2026-07-28","accomodation":{"rooms":[{"passengers":[{"age":30,"type":"ADULT"},{"age":30,"type":"ADULT"}]}]},"residentType":"NONE","numNights":0,"flightPa
[15-Nov-2025 18:28:32 UTC] [Soltour API info] Details response structure: {"has_budget":false,"has_details":true,"has_error":false,"error_msg":null}
[15-Nov-2025 18:28:32 UTC] [Soltour API info] Response from booking/details: {"availToken":"CBLNFl8bNcsu1hixWSWlfFoxpfo1f6Uyi4yT7KemlpQ=","timestamp":"2025-11-15T19:28:32.163384666","serviceType":"UNDEFINED","agencyInformation":{"clientCode":"BEAUTYT","branchOfficeCode":"999","taxApplicationType":"ISC","taxRate":0,"paymentType":"PP","commission":{"currency":"EUR","rate":15}},"params":{"startDate":"2026-07-21","endDate":"2026-07-28","accomodation":{"rooms":[{"passengers":[{"age":30,"type":"ADULT"},{"age":30,"type":"ADULT"}]}]},"residentType":"NONE","numNights":0,"flightPa
[15-Nov-2025 18:28:32 UTC] [Soltour API info] Details response structure: {"has_budget":false,"has_details":true,"has_error":false,"error_msg":null}
[15-Nov-2025 18:28:32 UTC] Loaded file: blur_effects.php
[15-Nov-2025 18:28:32 UTC] Loaded file: rkit_post_duplicator.php
[15-Nov-2025 18:28:32 UTC] Loaded file: rkit_tool_tips.php
[15-Nov-2025 18:28:32 UTC] Loaded file: rkit_wrapper_link.php
[15-Nov-2025 18:28:32 UTC] Class not found: \RomethemeKit\Rkit_Custom_Cursor
[15-Nov-2025 18:28:32 UTC] Instantiated class: \RomethemeKit\RkitDuplicator
[15-Nov-2025 18:28:32 UTC] Instantiated class: \RomethemeKit\BlurEffects
[15-Nov-2025 18:28:32 UTC] Class not found: \RomethemeKit\Rkit_Sticky_Content
[15-Nov-2025 18:28:32 UTC] Instantiated class: \RomethemeKit\RkitToolTips
[15-Nov-2025 18:28:32 UTC] Instantiated class: \RomethemeKit\RkitWrapperLink
[15-Nov-2025 18:28:32 UTC] Loaded file: blur_effects.php
[15-Nov-2025 18:28:32 UTC] Loaded file: rkit_post_duplicator.php
[15-Nov-2025 18:28:32 UTC] Loaded file: rkit_tool_tips.php
[15-Nov-2025 18:28:32 UTC] Loaded file: rkit_wrapper_link.php
[15-Nov-2025 18:28:32 UTC] Class not found: \RomethemeKit\Rkit_Custom_Cursor
[15-Nov-2025 18:28:32 UTC] Instantiated class: \RomethemeKit\RkitDuplicator
[15-Nov-2025 18:28:32 UTC] Instantiated class: \RomethemeKit\BlurEffects
[15-Nov-2025 18:28:32 UTC] Class not found: \RomethemeKit\Rkit_Sticky_Content
[15-Nov-2025 18:28:32 UTC] Instantiated class: \RomethemeKit\RkitToolTips
[15-Nov-2025 18:28:32 UTC] Instantiated class: \RomethemeKit\RkitWrapperLink
[15-Nov-2025 18:28:33 UTC] [Soltour API info] Getting details for budget: H50725##TI##0$5712452725684461291@@100, hotel: H50725
[15-Nov-2025 18:28:33 UTC] [Soltour API info] Request to booking/details: {"productType":"PACKAGE","availToken":"CBLNFl8bNcsu1hixWSWlfFoxpfo1f6Uyi4yT7KemlpQ=","budgetId":"H50725##TI##0$5712452725684461291@@100","hotelParams":{"hotelCode":"H50725","providerCode":"UNDEFINED"}}
[15-Nov-2025 18:28:33 UTC] [Soltour API info] Getting details for budget: H14##TI##0$4941164599263588066@@100, hotel: H14
[15-Nov-2025 18:28:33 UTC] [Soltour API info] Request to booking/details: {"productType":"PACKAGE","availToken":"CBLNFl8bNcsu1hixWSWlfFoxpfo1f6Uyi4yT7KemlpQ=","budgetId":"H14##TI##0$4941164599263588066@@100","hotelParams":{"hotelCode":"H14","providerCode":"UNDEFINED"}}
[15-Nov-2025 18:28:33 UTC] Loaded file: blur_effects.php
[15-Nov-2025 18:28:33 UTC] Loaded file: rkit_post_duplicator.php
[15-Nov-2025 18:28:33 UTC] Loaded file: rkit_tool_tips.php
[15-Nov-2025 18:28:33 UTC] Loaded file: rkit_wrapper_link.php
[15-Nov-2025 18:28:33 UTC] Class not found: \RomethemeKit\Rkit_Custom_Cursor
[15-Nov-2025 18:28:33 UTC] Instantiated class: \RomethemeKit\RkitDuplicator
[15-Nov-2025 18:28:33 UTC] Instantiated class: \RomethemeKit\BlurEffects
[15-Nov-2025 18:28:33 UTC] Class not found: \RomethemeKit\Rkit_Sticky_Content
[15-Nov-2025 18:28:33 UTC] Instantiated class: \RomethemeKit\RkitToolTips
[15-Nov-2025 18:28:33 UTC] Instantiated class: \RomethemeKit\RkitWrapperLink
[15-Nov-2025 18:28:33 UTC] Loaded file: blur_effects.php
[15-Nov-2025 18:28:33 UTC] Loaded file: rkit_post_duplicator.php
[15-Nov-2025 18:28:33 UTC] Loaded file: rkit_tool_tips.php
[15-Nov-2025 18:28:33 UTC] Loaded file: rkit_wrapper_link.php
[15-Nov-2025 18:28:33 UTC] Class not found: \RomethemeKit\Rkit_Custom_Cursor
[15-Nov-2025 18:28:33 UTC] Instantiated class: \RomethemeKit\RkitDuplicator
[15-Nov-2025 18:28:33 UTC] Instantiated class: \RomethemeKit\BlurEffects
[15-Nov-2025 18:28:33 UTC] Class not found: \RomethemeKit\Rkit_Sticky_Content
[15-Nov-2025 18:28:33 UTC] Instantiated class: \RomethemeKit\RkitToolTips
[15-Nov-2025 18:28:33 UTC] Instantiated class: \RomethemeKit\RkitWrapperLink
[15-Nov-2025 18:28:33 UTC] [Soltour API info] Response from booking/details: {"availToken":"CBLNFl8bNcsu1hixWSWlfFoxpfo1f6Uyi4yT7KemlpQ=","timestamp":"2025-11-15T19:28:33.530898849","serviceType":"UNDEFINED","agencyInformation":{"clientCode":"BEAUTYT","branchOfficeCode":"999","taxApplicationType":"ISC","taxRate":0,"paymentType":"PP","commission":{"currency":"EUR","rate":15}},"params":{"startDate":"2026-07-21","endDate":"2026-07-28","accomodation":{"rooms":[{"passengers":[{"age":30,"type":"ADULT"},{"age":30,"type":"ADULT"}]}]},"residentType":"NONE","numNights":0,"flightPa
[15-Nov-2025 18:28:33 UTC] [Soltour API info] Details response structure: {"has_budget":false,"has_details":true,"has_error":false,"error_msg":null}
[15-Nov-2025 18:28:33 UTC] [Soltour API info] Response from booking/details: {"availToken":"CBLNFl8bNcsu1hixWSWlfFoxpfo1f6Uyi4yT7KemlpQ=","timestamp":"2025-11-15T19:28:33.818183275","serviceType":"UNDEFINED","agencyInformation":{"clientCode":"BEAUTYT","branchOfficeCode":"999","taxApplicationType":"ISC","taxRate":0,"paymentType":"PP","commission":{"currency":"EUR","rate":15}},"params":{"startDate":"2026-07-21","endDate":"2026-07-28","accomodation":{"rooms":[{"passengers":[{"age":30,"type":"ADULT"},{"age":30,"type":"ADULT"}]}]},"residentType":"NONE","numNights":0,"flightPa
[15-Nov-2025 18:28:33 UTC] [Soltour API info] Details response structure: {"has_budget":false,"has_details":true,"has_error":false,"error_msg":null}
[15-Nov-2025 18:28:34 UTC] [Soltour API info] Getting details for budget: H6##TI##0$5626219789885645083@@100, hotel: H6
[15-Nov-2025 18:28:34 UTC] [Soltour API info] Request to booking/details: {"productType":"PACKAGE","availToken":"CBLNFl8bNcsu1hixWSWlfFoxpfo1f6Uyi4yT7KemlpQ=","budgetId":"H6##TI##0$5626219789885645083@@100","hotelParams":{"hotelCode":"H6","providerCode":"UNDEFINED"}}
[15-Nov-2025 18:28:34 UTC] [Soltour API info] Getting details for budget: H35##TI##0$4909403946264377921@@100, hotel: H35
[15-Nov-2025 18:28:34 UTC] [Soltour API info] Request to booking/details: {"productType":"PACKAGE","availToken":"CBLNFl8bNcsu1hixWSWlfFoxpfo1f6Uyi4yT7KemlpQ=","budgetId":"H35##TI##0$4909403946264377921@@100","hotelParams":{"hotelCode":"H35","providerCode":"UNDEFINED"}}
[15-Nov-2025 18:28:34 UTC] Loaded file: blur_effects.php
[15-Nov-2025 18:28:34 UTC] Loaded file: rkit_post_duplicator.php
[15-Nov-2025 18:28:34 UTC] Loaded file: rkit_tool_tips.php
[15-Nov-2025 18:28:34 UTC] Loaded file: rkit_wrapper_link.php
[15-Nov-2025 18:28:34 UTC] Class not found: \RomethemeKit\Rkit_Custom_Cursor
[15-Nov-2025 18:28:34 UTC] Instantiated class: \RomethemeKit\RkitDuplicator
[15-Nov-2025 18:28:34 UTC] Instantiated class: \RomethemeKit\BlurEffects
[15-Nov-2025 18:28:34 UTC] Class not found: \RomethemeKit\Rkit_Sticky_Content
[15-Nov-2025 18:28:34 UTC] Instantiated class: \RomethemeKit\RkitToolTips
[15-Nov-2025 18:28:34 UTC] Instantiated class: \RomethemeKit\RkitWrapperLink
[15-Nov-2025 18:28:34 UTC] Loaded file: blur_effects.php
[15-Nov-2025 18:28:34 UTC] Loaded file: rkit_post_duplicator.php
[15-Nov-2025 18:28:34 UTC] Loaded file: rkit_tool_tips.php
[15-Nov-2025 18:28:34 UTC] Loaded file: rkit_wrapper_link.php
[15-Nov-2025 18:28:34 UTC] Class not found: \RomethemeKit\Rkit_Custom_Cursor
[15-Nov-2025 18:28:34 UTC] Instantiated class: \RomethemeKit\RkitDuplicator
[15-Nov-2025 18:28:34 UTC] Instantiated class: \RomethemeKit\BlurEffects
[15-Nov-2025 18:28:34 UTC] Class not found: \RomethemeKit\Rkit_Sticky_Content
[15-Nov-2025 18:28:34 UTC] Instantiated class: \RomethemeKit\RkitToolTips
[15-Nov-2025 18:28:34 UTC] Instantiated class: \RomethemeKit\RkitWrapperLink
[15-Nov-2025 18:28:34 UTC] [Soltour API info] Response from booking/details: {"availToken":"CBLNFl8bNcsu1hixWSWlfFoxpfo1f6Uyi4yT7KemlpQ=","timestamp":"2025-11-15T19:28:34.777803373","serviceType":"UNDEFINED","agencyInformation":{"clientCode":"BEAUTYT","branchOfficeCode":"999","taxApplicationType":"ISC","taxRate":0,"paymentType":"PP","commission":{"currency":"EUR","rate":15}},"params":{"startDate":"2026-07-21","endDate":"2026-07-28","accomodation":{"rooms":[{"passengers":[{"age":30,"type":"ADULT"},{"age":30,"type":"ADULT"}]}]},"residentType":"NONE","numNights":0,"flightPa
[15-Nov-2025 18:28:34 UTC] [Soltour API info] Details response structure: {"has_budget":false,"has_details":true,"has_error":false,"error_msg":null}
[15-Nov-2025 18:28:34 UTC] [Soltour API info] Response from booking/details: {"availToken":"CBLNFl8bNcsu1hixWSWlfFoxpfo1f6Uyi4yT7KemlpQ=","timestamp":"2025-11-15T19:28:34.869390263","serviceType":"UNDEFINED","agencyInformation":{"clientCode":"BEAUTYT","branchOfficeCode":"999","taxApplicationType":"ISC","taxRate":0,"paymentType":"PP","commission":{"currency":"EUR","rate":15}},"params":{"startDate":"2026-07-21","endDate":"2026-07-28","accomodation":{"rooms":[{"passengers":[{"age":30,"type":"ADULT"},{"age":30,"type":"ADULT"}]}]},"residentType":"NONE","numNights":0,"flightPa
[15-Nov-2025 18:28:34 UTC] [Soltour API info] Details response structure: {"has_budget":false,"has_details":true,"has_error":false,"error_msg":null}
[15-Nov-2025 18:28:35 UTC] [Soltour API info] Getting details for budget: H79963##TI##0$4976691008190077783@@100, hotel: H79963
[15-Nov-2025 18:28:35 UTC] [Soltour API info] Request to booking/details: {"productType":"PACKAGE","availToken":"CBLNFl8bNcsu1hixWSWlfFoxpfo1f6Uyi4yT7KemlpQ=","budgetId":"H79963##TI##0$4976691008190077783@@100","hotelParams":{"hotelCode":"H79963","providerCode":"UNDEFINED"}}
[15-Nov-2025 18:28:35 UTC] [Soltour API info] Getting details for budget: H199535##TI##0$4768543376972482859@@100, hotel: H199535
[15-Nov-2025 18:28:35 UTC] [Soltour API info] Request to booking/details: {"productType":"PACKAGE","availToken":"CBLNFl8bNcsu1hixWSWlfFoxpfo1f6Uyi4yT7KemlpQ=","budgetId":"H199535##TI##0$4768543376972482859@@100","hotelParams":{"hotelCode":"H199535","providerCode":"UNDEFINED"}}
[15-Nov-2025 18:28:35 UTC] Loaded file: blur_effects.php
[15-Nov-2025 18:28:35 UTC] Loaded file: rkit_post_duplicator.php
[15-Nov-2025 18:28:35 UTC] Loaded file: blur_effects.php
[15-Nov-2025 18:28:35 UTC] Loaded file: rkit_tool_tips.php
[15-Nov-2025 18:28:35 UTC] Loaded file: rkit_post_duplicator.php
[15-Nov-2025 18:28:35 UTC] Loaded file: rkit_wrapper_link.php
[15-Nov-2025 18:28:35 UTC] Class not found: \RomethemeKit\Rkit_Custom_Cursor
[15-Nov-2025 18:28:35 UTC] Instantiated class: \RomethemeKit\RkitDuplicator
[15-Nov-2025 18:28:35 UTC] Instantiated class: \RomethemeKit\BlurEffects
[15-Nov-2025 18:28:35 UTC] Class not found: \RomethemeKit\Rkit_Sticky_Content
[15-Nov-2025 18:28:35 UTC] Instantiated class: \RomethemeKit\RkitToolTips
[15-Nov-2025 18:28:35 UTC] Instantiated class: \RomethemeKit\RkitWrapperLink
[15-Nov-2025 18:28:35 UTC] Loaded file: rkit_tool_tips.php
[15-Nov-2025 18:28:35 UTC] Loaded file: rkit_wrapper_link.php
[15-Nov-2025 18:28:35 UTC] Class not found: \RomethemeKit\Rkit_Custom_Cursor
[15-Nov-2025 18:28:35 UTC] Instantiated class: \RomethemeKit\RkitDuplicator
[15-Nov-2025 18:28:35 UTC] Instantiated class: \RomethemeKit\BlurEffects
[15-Nov-2025 18:28:35 UTC] Class not found: \RomethemeKit\Rkit_Sticky_Content
[15-Nov-2025 18:28:35 UTC] Instantiated class: \RomethemeKit\RkitToolTips
[15-Nov-2025 18:28:35 UTC] Instantiated class: \RomethemeKit\RkitWrapperLink
[15-Nov-2025 18:28:35 UTC] [Soltour API info] Response from booking/details: {"availToken":"CBLNFl8bNcsu1hixWSWlfFoxpfo1f6Uyi4yT7KemlpQ=","timestamp":"2025-11-15T19:28:35.521825029","serviceType":"UNDEFINED","agencyInformation":{"clientCode":"BEAUTYT","branchOfficeCode":"999","taxApplicationType":"ISC","taxRate":0,"paymentType":"PP","commission":{"currency":"EUR","rate":15}},"params":{"startDate":"2026-07-21","endDate":"2026-07-28","accomodation":{"rooms":[{"passengers":[{"age":30,"type":"ADULT"},{"age":30,"type":"ADULT"}]}]},"residentType":"NONE","numNights":0,"flightPa
[15-Nov-2025 18:28:35 UTC] [Soltour API info] Details response structure: {"has_budget":false,"has_details":true,"has_error":false,"error_msg":null}
[15-Nov-2025 18:28:35 UTC] [Soltour API info] Response from booking/details: {"availToken":"CBLNFl8bNcsu1hixWSWlfFoxpfo1f6Uyi4yT7KemlpQ=","timestamp":"2025-11-15T19:28:35.552963650","serviceType":"UNDEFINED","agencyInformation":{"clientCode":"BEAUTYT","branchOfficeCode":"999","taxApplicationType":"ISC","taxRate":0,"paymentType":"PP","commission":{"currency":"EUR","rate":15}},"params":{"startDate":"2026-07-21","endDate":"2026-07-28","accomodation":{"rooms":[{"passengers":[{"age":30,"type":"ADULT"},{"age":30,"type":"ADULT"}]}]},"residentType":"NONE","numNights":0,"flightPa
[15-Nov-2025 18:28:35 UTC] [Soltour API info] Details response structure: {"has_budget":false,"has_details":true,"has_error":false,"error_msg":null}
[15-Nov-2025 18:28:35 UTC] [Soltour API info] Getting details for budget: H80000##TI##0$5323622897357116916@@100, hotel: H80000
[15-Nov-2025 18:28:35 UTC] [Soltour API info] Request to booking/details: {"productType":"PACKAGE","availToken":"CBLNFl8bNcsu1hixWSWlfFoxpfo1f6Uyi4yT7KemlpQ=","budgetId":"H80000##TI##0$5323622897357116916@@100","hotelParams":{"hotelCode":"H80000","providerCode":"UNDEFINED"}}
[15-Nov-2025 18:28:35 UTC] [Soltour API info] Getting details for budget: H199536##TI##0$5013118239828838868@@100, hotel: H199536
[15-Nov-2025 18:28:35 UTC] [Soltour API info] Request to booking/details: {"productType":"PACKAGE","availToken":"CBLNFl8bNcsu1hixWSWlfFoxpfo1f6Uyi4yT7KemlpQ=","budgetId":"H199536##TI##0$5013118239828838868@@100","hotelParams":{"hotelCode":"H199536","providerCode":"UNDEFINED"}}
[15-Nov-2025 18:28:36 UTC] Loaded file: blur_effects.php
[15-Nov-2025 18:28:36 UTC] Loaded file: rkit_post_duplicator.php
[15-Nov-2025 18:28:36 UTC] Loaded file: rkit_tool_tips.php
[15-Nov-2025 18:28:36 UTC] Loaded file: rkit_wrapper_link.php
[15-Nov-2025 18:28:36 UTC] Class not found: \RomethemeKit\Rkit_Custom_Cursor
[15-Nov-2025 18:28:36 UTC] Instantiated class: \RomethemeKit\RkitDuplicator
[15-Nov-2025 18:28:36 UTC] Instantiated class: \RomethemeKit\BlurEffects
[15-Nov-2025 18:28:36 UTC] Class not found: \RomethemeKit\Rkit_Sticky_Content
[15-Nov-2025 18:28:36 UTC] Instantiated class: \RomethemeKit\RkitToolTips
[15-Nov-2025 18:28:36 UTC] Instantiated class: \RomethemeKit\RkitWrapperLink
[15-Nov-2025 18:28:36 UTC] Loaded file: blur_effects.php
[15-Nov-2025 18:28:36 UTC] Loaded file: rkit_post_duplicator.php
[15-Nov-2025 18:28:36 UTC] Loaded file: rkit_tool_tips.php
[15-Nov-2025 18:28:36 UTC] Loaded file: rkit_wrapper_link.php
[15-Nov-2025 18:28:36 UTC] Class not found: \RomethemeKit\Rkit_Custom_Cursor
[15-Nov-2025 18:28:36 UTC] Instantiated class: \RomethemeKit\RkitDuplicator
[15-Nov-2025 18:28:36 UTC] Instantiated class: \RomethemeKit\BlurEffects
[15-Nov-2025 18:28:36 UTC] Class not found: \RomethemeKit\Rkit_Sticky_Content
[15-Nov-2025 18:28:36 UTC] Instantiated class: \RomethemeKit\RkitToolTips
[15-Nov-2025 18:28:36 UTC] Instantiated class: \RomethemeKit\RkitWrapperLink
[15-Nov-2025 18:28:36 UTC] [Soltour API info] Response from booking/details: {"availToken":"CBLNFl8bNcsu1hixWSWlfFoxpfo1f6Uyi4yT7KemlpQ=","timestamp":"2025-11-15T19:28:36.469705505","serviceType":"UNDEFINED","agencyInformation":{"clientCode":"BEAUTYT","branchOfficeCode":"999","taxApplicationType":"ISC","taxRate":0,"paymentType":"PP","commission":{"currency":"EUR","rate":15}},"params":{"startDate":"2026-07-21","endDate":"2026-07-28","accomodation":{"rooms":[{"passengers":[{"age":30,"type":"ADULT"},{"age":30,"type":"ADULT"}]}]},"residentType":"NONE","numNights":0,"flightPa
[15-Nov-2025 18:28:36 UTC] [Soltour API info] Details response structure: {"has_budget":false,"has_details":true,"has_error":false,"error_msg":null}
[15-Nov-2025 18:28:36 UTC] [Soltour API info] Response from booking/details: {"availToken":"CBLNFl8bNcsu1hixWSWlfFoxpfo1f6Uyi4yT7KemlpQ=","timestamp":"2025-11-15T19:28:36.528105151","serviceType":"UNDEFINED","agencyInformation":{"clientCode":"BEAUTYT","branchOfficeCode":"999","taxApplicationType":"ISC","taxRate":0,"paymentType":"PP","commission":{"currency":"EUR","rate":15}},"params":{"startDate":"2026-07-21","endDate":"2026-07-28","accomodation":{"rooms":[{"passengers":[{"age":30,"type":"ADULT"},{"age":30,"type":"ADULT"}]}]},"residentType":"NONE","numNights":0,"flightPa
[15-Nov-2025 18:28:36 UTC] [Soltour API info] Details response structure: {"has_budget":false,"has_details":true,"has_error":false,"error_msg":null}
[15-Nov-2025 18:28:36 UTC] [Soltour API info] Getting details for budget: H199373##TI##0$5240812305710457484@@100, hotel: H199373
[15-Nov-2025 18:28:36 UTC] [Soltour API info] Request to booking/details: {"productType":"PACKAGE","availToken":"CBLNFl8bNcsu1hixWSWlfFoxpfo1f6Uyi4yT7KemlpQ=","budgetId":"H199373##TI##0$5240812305710457484@@100","hotelParams":{"hotelCode":"H199373","providerCode":"UNDEFINED"}}
[15-Nov-2025 18:28:37 UTC] [Soltour API info] Getting details for budget: H199374##TI##0$5744879484885382998@@100, hotel: H199374
[15-Nov-2025 18:28:37 UTC] [Soltour API info] Request to booking/details: {"productType":"PACKAGE","availToken":"CBLNFl8bNcsu1hixWSWlfFoxpfo1f6Uyi4yT7KemlpQ=","budgetId":"H199374##TI##0$5744879484885382998@@100","hotelParams":{"hotelCode":"H199374","providerCode":"UNDEFINED"}}
[15-Nov-2025 18:28:37 UTC] [Soltour API info] Response from booking/details: {"availToken":"CBLNFl8bNcsu1hixWSWlfFoxpfo1f6Uyi4yT7KemlpQ=","timestamp":"2025-11-15T19:28:37.368905056","serviceType":"UNDEFINED","agencyInformation":{"clientCode":"BEAUTYT","branchOfficeCode":"999","taxApplicationType":"ISC","taxRate":0,"paymentType":"PP","commission":{"currency":"EUR","rate":15}},"params":{"startDate":"2026-07-21","endDate":"2026-07-28","accomodation":{"rooms":[{"passengers":[{"age":30,"type":"ADULT"},{"age":30,"type":"ADULT"}]}]},"residentType":"NONE","numNights":0,"flightPa
[15-Nov-2025 18:28:37 UTC] [Soltour API info] Details response structure: {"has_budget":false,"has_details":true,"has_error":false,"error_msg":null}
[15-Nov-2025 18:28:37 UTC] [Soltour API info] Response from booking/details: {"availToken":"CBLNFl8bNcsu1hixWSWlfFoxpfo1f6Uyi4yT7KemlpQ=","timestamp":"2025-11-15T19:28:37.498370230","serviceType":"UNDEFINED","agencyInformation":{"clientCode":"BEAUTYT","branchOfficeCode":"999","taxApplicationType":"ISC","taxRate":0,"paymentType":"PP","commission":{"currency":"EUR","rate":15}},"params":{"startDate":"2026-07-21","endDate":"2026-07-28","accomodation":{"rooms":[{"passengers":[{"age":30,"type":"ADULT"},{"age":30,"type":"ADULT"}]}]},"residentType":"NONE","numNights":0,"flightPa
[15-Nov-2025 18:28:37 UTC] [Soltour API info] Details response structure: {"has_budget":false,"has_details":true,"has_error":false,"error_msg":null}
[15-Nov-2025 18:28:37 UTC] [Soltour API info] Response from booking/details: {"availToken":"CBLNFl8bNcsu1hixWSWlfFoxpfo1f6Uyi4yT7KemlpQ=","timestamp":"2025-11-15T19:28:37.622543744","serviceType":"UNDEFINED","agencyInformation":{"clientCode":"BEAUTYT","branchOfficeCode":"999","taxApplicationType":"ISC","taxRate":0,"paymentType":"PP","commission":{"currency":"EUR","rate":15}},"params":{"startDate":"2026-07-21","endDate":"2026-07-28","accomodation":{"rooms":[{"passengers":[{"age":30,"type":"ADULT"},{"age":30,"type":"ADULT"}]}]},"residentType":"NONE","numNights":0,"flightPa
[15-Nov-2025 18:28:37 UTC] [Soltour API info] Details response structure: {"has_budget":false,"has_details":true,"has_error":false,"error_msg":null}
[15-Nov-2025 18:28:42 UTC] Loaded file: blur_effects.php
[15-Nov-2025 18:28:42 UTC] Loaded file: rkit_post_duplicator.php
[15-Nov-2025 18:28:42 UTC] Loaded file: rkit_tool_tips.php
[15-Nov-2025 18:28:42 UTC] Loaded file: rkit_wrapper_link.php
[15-Nov-2025 18:28:42 UTC] Class not found: \RomethemeKit\Rkit_Custom_Cursor
[15-Nov-2025 18:28:42 UTC] Instantiated class: \RomethemeKit\RkitDuplicator
[15-Nov-2025 18:28:42 UTC] Instantiated class: \RomethemeKit\BlurEffects
[15-Nov-2025 18:28:42 UTC] Class not found: \RomethemeKit\Rkit_Sticky_Content
[15-Nov-2025 18:28:42 UTC] Instantiated class: \RomethemeKit\RkitToolTips
[15-Nov-2025 18:28:42 UTC] Instantiated class: \RomethemeKit\RkitWrapperLink
[15-Nov-2025 18:28:42 UTC] [Soltour API info] === CHECK ALLOWED SELLING ===
[15-Nov-2025 18:28:42 UTC] [Soltour API info] Request to booking/availability/checkAllowedSelling: []
[15-Nov-2025 18:28:42 UTC] Loaded file: blur_effects.php
[15-Nov-2025 18:28:42 UTC] Loaded file: rkit_post_duplicator.php
[15-Nov-2025 18:28:42 UTC] Loaded file: rkit_tool_tips.php
[15-Nov-2025 18:28:42 UTC] Loaded file: rkit_wrapper_link.php
[15-Nov-2025 18:28:42 UTC] Class not found: \RomethemeKit\Rkit_Custom_Cursor
[15-Nov-2025 18:28:42 UTC] Instantiated class: \RomethemeKit\RkitDuplicator
[15-Nov-2025 18:28:42 UTC] Instantiated class: \RomethemeKit\BlurEffects
[15-Nov-2025 18:28:42 UTC] Class not found: \RomethemeKit\Rkit_Sticky_Content
[15-Nov-2025 18:28:42 UTC] Instantiated class: \RomethemeKit\RkitToolTips
[15-Nov-2025 18:28:42 UTC] Instantiated class: \RomethemeKit\RkitWrapperLink
[15-Nov-2025 18:28:42 UTC] [Soltour API info] Response from booking/availability/checkAllowedSelling: {"ok":false,"error":{"notLogged":false,"errorMessage":"Method 'checkAllowedSelling' not found."}}
[15-Nov-2025 18:28:42 UTC] [Soltour API info] CheckAllowedSelling response: {"ok":false,"error":{"notLogged":false,"errorMessage":"Method 'checkAllowedSelling' not found."}}
[15-Nov-2025 18:28:43 UTC] Loaded file: blur_effects.php
[15-Nov-2025 18:28:43 UTC] Loaded file: rkit_post_duplicator.php
[15-Nov-2025 18:28:43 UTC] Loaded file: rkit_tool_tips.php
[15-Nov-2025 18:28:43 UTC] Loaded file: rkit_wrapper_link.php
[15-Nov-2025 18:28:43 UTC] Class not found: \RomethemeKit\Rkit_Custom_Cursor
[15-Nov-2025 18:28:43 UTC] Instantiated class: \RomethemeKit\RkitDuplicator
[15-Nov-2025 18:28:43 UTC] Instantiated class: \RomethemeKit\BlurEffects
[15-Nov-2025 18:28:43 UTC] Class not found: \RomethemeKit\Rkit_Sticky_Content
[15-Nov-2025 18:28:43 UTC] Instantiated class: \RomethemeKit\RkitToolTips
[15-Nov-2025 18:28:43 UTC] Instantiated class: \RomethemeKit\RkitWrapperLink
[15-Nov-2025 18:28:43 UTC] [Soltour API info] ╔═══════════════════════════════════════════════════════════════════╗
[15-Nov-2025 18:28:43 UTC] [Soltour API info] ║      🎯 SOLTOUR - PREPARE QUOTE - VALIDAÇÃO INTERMEDIÁRIA        ║
[15-Nov-2025 18:28:43 UTC] [Soltour API info] ╚═══════════════════════════════════════════════════════════════════╝
[15-Nov-2025 18:28:43 UTC] [Soltour API info] 📥 DADOS RECEBIDOS DO FRONTEND:
[15-Nov-2025 18:28:43 UTC] [Soltour API info]   ├─ availToken: CBLNFl8bNcsu1hixWSWl...
[15-Nov-2025 18:28:43 UTC] [Soltour API info]   ├─ budgetId (RAW): H81381##TI##0$4722070362798766453@@100
[15-Nov-2025 18:28:43 UTC] [Soltour API info]   ├─ budgetId (strlen): 38
[15-Nov-2025 18:28:43 UTC] [Soltour API info]   ├─ hotelCode: H81381
[15-Nov-2025 18:28:43 UTC] [Soltour API info]   └─ providerCode: UNDEFINED
[15-Nov-2025 18:28:43 UTC] [Soltour API info] 
[15-Nov-2025 18:28:43 UTC] [Soltour API info] 🎫 Gerando cotação oficial com /booking/quote...
[15-Nov-2025 18:28:43 UTC] [Soltour API info]   └─ Endpoint: POST /booking/quote
[15-Nov-2025 18:28:43 UTC] [Soltour API info]   └─ budgetIds: [H81381##TI##0$4722070362798766453@@100]
[15-Nov-2025 18:28:43 UTC] [Soltour API info] Request to booking/quote: {"productType":"PACKAGE","availToken":"CBLNFl8bNcsu1hixWSWlfFoxpfo1f6Uyi4yT7KemlpQ=","budgetIds":["H81381##TI##0$4722070362798766453@@100"]}
[15-Nov-2025 18:28:48 UTC] [Soltour API info] Response from booking/quote: {"productType":"PACKAGE","availToken":"CBLNFl8bNcsu1hixWSWlfFoxpfo1f6Uyi4yT7KemlpQ=","timestamp":"2025-11-15T19:28:44.037098499","serviceType":"UNDEFINED","agencyInformation":{"clientCode":"BEAUTYT","branchOfficeCode":"999","taxApplicationType":"ISC","taxRate":0,"paymentType":"PP","commission":{"currency":"EUR","rate":15},"overCommission":{"currency":"EUR","fixedAmount":0,"rate":2,"ruleCode":"Over 2%"}},"budget":{"booked":false,"selected":false,"hotelServices":[{"responseId":"9ZQnhHsZb9Z9e3RJqDQ
[15-Nov-2025 18:28:48 UTC] [Soltour API info] 📋 RESPOSTA quote:
[15-Nov-2025 18:28:48 UTC] [Soltour API info]   ├─ budget: SIM ✅
[15-Nov-2025 18:28:48 UTC] [Soltour API info]   ├─ quoteToken: NÃO ❌
[15-Nov-2025 18:28:48 UTC] [Soltour API info]   ├─ insurances: 1
[15-Nov-2025 18:28:48 UTC] [Soltour API info]   ├─ extras: 0
[15-Nov-2025 18:28:48 UTC] [Soltour API info]   ├─ importantInformation: 9
[15-Nov-2025 18:28:48 UTC] [Soltour API info]   ├─ cancellationChargeServices: 0
[15-Nov-2025 18:28:48 UTC] [Soltour API info] 
[15-Nov-2025 18:28:48 UTC] [Soltour API info] ✅ SUCESSO! Cotação gerada com sucesso
[15-Nov-2025 18:28:48 UTC] [Soltour API info] 📤 RETORNANDO DADOS PARA FRONTEND:
[15-Nov-2025 18:28:48 UTC] [Soltour API info]   ├─ quote: COMPLETO
[15-Nov-2025 18:28:48 UTC] [Soltour API info]   ├─ quoteToken: GERADO
[15-Nov-2025 18:28:48 UTC] [Soltour API info]   └─ budget: VÁLIDO
[15-Nov-2025 18:28:48 UTC] [Soltour API info] ╚═══════════════════════════════════════════════════════════════════╝
[15-Nov-2025 18:28:48 UTC] Loaded file: blur_effects.php
[15-Nov-2025 18:28:48 UTC] Loaded file: rkit_post_duplicator.php
[15-Nov-2025 18:28:48 UTC] Loaded file: rkit_tool_tips.php
[15-Nov-2025 18:28:48 UTC] Loaded file: rkit_wrapper_link.php
[15-Nov-2025 18:28:48 UTC] Class not found: \RomethemeKit\Rkit_Custom_Cursor
[15-Nov-2025 18:28:48 UTC] Instantiated class: \RomethemeKit\RkitDuplicator
[15-Nov-2025 18:28:48 UTC] Instantiated class: \RomethemeKit\BlurEffects
[15-Nov-2025 18:28:48 UTC] Class not found: \RomethemeKit\Rkit_Sticky_Content
[15-Nov-2025 18:28:48 UTC] Instantiated class: \RomethemeKit\RkitToolTips
[15-Nov-2025 18:28:48 UTC] Instantiated class: \RomethemeKit\RkitWrapperLink
[15-Nov-2025 18:28:51 UTC] Loaded file: blur_effects.php
[15-Nov-2025 18:28:51 UTC] Loaded file: rkit_post_duplicator.php
[15-Nov-2025 18:28:51 UTC] Loaded file: rkit_tool_tips.php
[15-Nov-2025 18:28:51 UTC] Loaded file: rkit_wrapper_link.php
[15-Nov-2025 18:28:51 UTC] Class not found: \RomethemeKit\Rkit_Custom_Cursor
[15-Nov-2025 18:28:51 UTC] Instantiated class: \RomethemeKit\RkitDuplicator
[15-Nov-2025 18:28:51 UTC] Instantiated class: \RomethemeKit\BlurEffects
[15-Nov-2025 18:28:51 UTC] Class not found: \RomethemeKit\Rkit_Sticky_Content
[15-Nov-2025 18:28:51 UTC] Instantiated class: \RomethemeKit\RkitToolTips
[15-Nov-2025 18:28:51 UTC] Instantiated class: \RomethemeKit\RkitWrapperLink
[15-Nov-2025 18:28:53 UTC] Loaded file: blur_effects.php
[15-Nov-2025 18:28:53 UTC] Loaded file: rkit_post_duplicator.php
[15-Nov-2025 18:28:53 UTC] Loaded file: rkit_tool_tips.php
[15-Nov-2025 18:28:53 UTC] Loaded file: rkit_wrapper_link.php
[15-Nov-2025 18:28:53 UTC] Class not found: \RomethemeKit\Rkit_Custom_Cursor
[15-Nov-2025 18:28:53 UTC] Instantiated class: \RomethemeKit\RkitDuplicator
[15-Nov-2025 18:28:53 UTC] Instantiated class: \RomethemeKit\BlurEffects
[15-Nov-2025 18:28:53 UTC] Class not found: \RomethemeKit\Rkit_Sticky_Content
[15-Nov-2025 18:28:53 UTC] Instantiated class: \RomethemeKit\RkitToolTips
[15-Nov-2025 18:28:53 UTC] Instantiated class: \RomethemeKit\RkitWrapperLink
