[10-Nov-2025 22:10:50 UTC] [Soltour API info] Request to login/login: {"brand":"SOLTOUR","market":"XMLPT","languageCode":"PT","username":"BEAUTYT999","password":"XMLBEAUTYT999"}
[10-Nov-2025 22:10:51 UTC] [Soltour API info] Response from login/login: {"sessionToken":"eyJhbGciOiJIUzI1NiIsInR5cCI6IkpXVCJ9.eyJ1IjoiQkVBVVRZVDk5OSIsImRiaSI6IjQwMDMxNzU5IiwiYiI6IlNPTFRPVVIiLCJtIjoiWE1MUFQiLCJsbmciOiJQVCIsImNsIjoiQkVBVVRZVCIsIm9mIjoiOTk5IiwiYXBwIjpudWxsLCJtYWlsIjoiY3VuaGFAYmVhdXR5dHJhdmVsLnB0IiwicmwiOlsiQUdFTkNJQSIsIkNPTVVOIiwiQ09OU1VMVEEiLCJGQUNUVVJBQ0lPTiIsIk5FV19XRUIiXSwidG0iOjE3NjI4MTI2NTEwODMsInN0cHRtIjpudWxsLCJzdHBqd3QiOm51bGwsInN0cGlkIjpudWxsLCJvdmMiOmZhbHNlLCJzZWxsIjp0cnVlLCJhcHQiOm51bGwsImRldCI6dHJ1ZSwibmV4cCI6dHJ1ZSwic2VpeiI6ZmFsc2UsInVhZ0
[10-Nov-2025 22:10:51 UTC] [Soltour API info] Session token obtido com sucesso
[10-Nov-2025 22:10:55 UTC] Loaded file: blur_effects.php
[10-Nov-2025 22:10:55 UTC] Loaded file: rkit_post_duplicator.php
[10-Nov-2025 22:10:55 UTC] Loaded file: rkit_tool_tips.php
[10-Nov-2025 22:10:55 UTC] Loaded file: rkit_wrapper_link.php
[10-Nov-2025 22:10:55 UTC] Class not found: \RomethemeKit\Rkit_Custom_Cursor
[10-Nov-2025 22:10:55 UTC] Instantiated class: \RomethemeKit\RkitDuplicator
[10-Nov-2025 22:10:55 UTC] Instantiated class: \RomethemeKit\BlurEffects
[10-Nov-2025 22:10:55 UTC] Class not found: \RomethemeKit\Rkit_Sticky_Content
[10-Nov-2025 22:10:55 UTC] Instantiated class: \RomethemeKit\RkitToolTips
[10-Nov-2025 22:10:55 UTC] Instantiated class: \RomethemeKit\RkitWrapperLink
[10-Nov-2025 22:10:56 UTC] Loaded file: blur_effects.php
[10-Nov-2025 22:10:56 UTC] Loaded file: rkit_post_duplicator.php
[10-Nov-2025 22:10:56 UTC] Loaded file: rkit_tool_tips.php
[10-Nov-2025 22:10:56 UTC] Loaded file: rkit_wrapper_link.php
[10-Nov-2025 22:10:56 UTC] Class not found: \RomethemeKit\Rkit_Custom_Cursor
[10-Nov-2025 22:10:56 UTC] Instantiated class: \RomethemeKit\RkitDuplicator
[10-Nov-2025 22:10:56 UTC] Instantiated class: \RomethemeKit\BlurEffects
[10-Nov-2025 22:10:56 UTC] Class not found: \RomethemeKit\Rkit_Sticky_Content
[10-Nov-2025 22:10:56 UTC] Instantiated class: \RomethemeKit\RkitToolTips
[10-Nov-2025 22:10:56 UTC] Instantiated class: \RomethemeKit\RkitWrapperLink
[10-Nov-2025 22:11:00 UTC] Loaded file: blur_effects.php
[10-Nov-2025 22:11:00 UTC] Loaded file: rkit_post_duplicator.php
[10-Nov-2025 22:11:00 UTC] Loaded file: rkit_tool_tips.php
[10-Nov-2025 22:11:00 UTC] Loaded file: rkit_wrapper_link.php
[10-Nov-2025 22:11:00 UTC] Class not found: \RomethemeKit\Rkit_Custom_Cursor
[10-Nov-2025 22:11:00 UTC] Instantiated class: \RomethemeKit\RkitDuplicator
[10-Nov-2025 22:11:00 UTC] Instantiated class: \RomethemeKit\BlurEffects
[10-Nov-2025 22:11:00 UTC] Class not found: \RomethemeKit\Rkit_Sticky_Content
[10-Nov-2025 22:11:00 UTC] Instantiated class: \RomethemeKit\RkitToolTips
[10-Nov-2025 22:11:00 UTC] Instantiated class: \RomethemeKit\RkitWrapperLink
[10-Nov-2025 22:11:07 UTC] Loaded file: blur_effects.php
[10-Nov-2025 22:11:07 UTC] Loaded file: rkit_post_duplicator.php
[10-Nov-2025 22:11:07 UTC] Loaded file: rkit_tool_tips.php
[10-Nov-2025 22:11:07 UTC] Loaded file: rkit_wrapper_link.php
[10-Nov-2025 22:11:07 UTC] Class not found: \RomethemeKit\Rkit_Custom_Cursor
[10-Nov-2025 22:11:07 UTC] Instantiated class: \RomethemeKit\RkitDuplicator
[10-Nov-2025 22:11:07 UTC] Instantiated class: \RomethemeKit\BlurEffects
[10-Nov-2025 22:11:07 UTC] Class not found: \RomethemeKit\Rkit_Sticky_Content
[10-Nov-2025 22:11:07 UTC] Instantiated class: \RomethemeKit\RkitToolTips
[10-Nov-2025 22:11:07 UTC] Instantiated class: \RomethemeKit\RkitWrapperLink
[10-Nov-2025 22:11:08 UTC] Loaded file: blur_effects.php
[10-Nov-2025 22:11:08 UTC] Loaded file: rkit_post_duplicator.php
[10-Nov-2025 22:11:08 UTC] Loaded file: rkit_tool_tips.php
[10-Nov-2025 22:11:08 UTC] Loaded file: rkit_wrapper_link.php
[10-Nov-2025 22:11:08 UTC] Class not found: \RomethemeKit\Rkit_Custom_Cursor
[10-Nov-2025 22:11:08 UTC] Instantiated class: \RomethemeKit\RkitDuplicator
[10-Nov-2025 22:11:08 UTC] Instantiated class: \RomethemeKit\BlurEffects
[10-Nov-2025 22:11:08 UTC] Class not found: \RomethemeKit\Rkit_Sticky_Content
[10-Nov-2025 22:11:08 UTC] Instantiated class: \RomethemeKit\RkitToolTips
[10-Nov-2025 22:11:08 UTC] Instantiated class: \RomethemeKit\RkitWrapperLink
[10-Nov-2025 22:11:08 UTC] Loaded file: blur_effects.php
[10-Nov-2025 22:11:08 UTC] Loaded file: rkit_post_duplicator.php
[10-Nov-2025 22:11:08 UTC] Loaded file: rkit_tool_tips.php
[10-Nov-2025 22:11:08 UTC] Loaded file: rkit_wrapper_link.php
[10-Nov-2025 22:11:08 UTC] Class not found: \RomethemeKit\Rkit_Custom_Cursor
[10-Nov-2025 22:11:08 UTC] Instantiated class: \RomethemeKit\RkitDuplicator
[10-Nov-2025 22:11:08 UTC] Instantiated class: \RomethemeKit\BlurEffects
[10-Nov-2025 22:11:08 UTC] Class not found: \RomethemeKit\Rkit_Sticky_Content
[10-Nov-2025 22:11:08 UTC] Instantiated class: \RomethemeKit\RkitToolTips
[10-Nov-2025 22:11:08 UTC] Instantiated class: \RomethemeKit\RkitWrapperLink
[10-Nov-2025 22:11:08 UTC] Loaded file: blur_effects.php
[10-Nov-2025 22:11:08 UTC] Loaded file: rkit_post_duplicator.php
[10-Nov-2025 22:11:08 UTC] Loaded file: rkit_tool_tips.php
[10-Nov-2025 22:11:08 UTC] Loaded file: rkit_wrapper_link.php
[10-Nov-2025 22:11:08 UTC] Class not found: \RomethemeKit\Rkit_Custom_Cursor
[10-Nov-2025 22:11:08 UTC] Instantiated class: \RomethemeKit\RkitDuplicator
[10-Nov-2025 22:11:08 UTC] Instantiated class: \RomethemeKit\BlurEffects
[10-Nov-2025 22:11:08 UTC] Class not found: \RomethemeKit\Rkit_Sticky_Content
[10-Nov-2025 22:11:08 UTC] Instantiated class: \RomethemeKit\RkitToolTips
[10-Nov-2025 22:11:08 UTC] Instantiated class: \RomethemeKit\RkitWrapperLink
[10-Nov-2025 22:11:17 UTC] Loaded file: blur_effects.php
[10-Nov-2025 22:11:17 UTC] Loaded file: rkit_post_duplicator.php
[10-Nov-2025 22:11:17 UTC] Loaded file: rkit_tool_tips.php
[10-Nov-2025 22:11:17 UTC] Loaded file: rkit_wrapper_link.php
[10-Nov-2025 22:11:17 UTC] Class not found: \RomethemeKit\Rkit_Custom_Cursor
[10-Nov-2025 22:11:17 UTC] Instantiated class: \RomethemeKit\RkitDuplicator
[10-Nov-2025 22:11:17 UTC] Instantiated class: \RomethemeKit\BlurEffects
[10-Nov-2025 22:11:17 UTC] Class not found: \RomethemeKit\Rkit_Sticky_Content
[10-Nov-2025 22:11:17 UTC] Instantiated class: \RomethemeKit\RkitToolTips
[10-Nov-2025 22:11:17 UTC] Instantiated class: \RomethemeKit\RkitWrapperLink
[10-Nov-2025 22:11:18 UTC] [Soltour API info] Request to master/getAllOrigins: {"productType":"PACKAGE","destinationCode":"PUJ"}
[10-Nov-2025 22:11:18 UTC] [Soltour API info] Response from master/getAllOrigins: {"origins":[{"code":"LCG","name":"A Coruña","airportType":"AIRPORT","destinationCode":"LCG","destinationName":"LA CORUNA","description":"A Coruña","dynamic":false},{"code":"ABC","name":"Albacete","airportType":"AIRPORT","description":"Albacete","dynamic":false},{"code":"ALC","name":"Alicante","airportType":"AIRPORT","destinationCode":"ALC","destinationName":"ALICANTE","description":"Alicante","dynamic":false},{"code":"LEI","name":"Almería","airportType":"AIRPORT","destinationCode":"LEI","dest
[10-Nov-2025 22:11:31 UTC] Loaded file: blur_effects.php
[10-Nov-2025 22:11:31 UTC] Loaded file: rkit_post_duplicator.php
[10-Nov-2025 22:11:31 UTC] Loaded file: rkit_tool_tips.php
[10-Nov-2025 22:11:31 UTC] Loaded file: rkit_wrapper_link.php
[10-Nov-2025 22:11:31 UTC] Class not found: \RomethemeKit\Rkit_Custom_Cursor
[10-Nov-2025 22:11:31 UTC] Instantiated class: \RomethemeKit\RkitDuplicator
[10-Nov-2025 22:11:31 UTC] Instantiated class: \RomethemeKit\BlurEffects
[10-Nov-2025 22:11:31 UTC] Class not found: \RomethemeKit\Rkit_Sticky_Content
[10-Nov-2025 22:11:31 UTC] Instantiated class: \RomethemeKit\RkitToolTips
[10-Nov-2025 22:11:31 UTC] Instantiated class: \RomethemeKit\RkitWrapperLink
[10-Nov-2025 22:11:35 UTC] Loaded file: blur_effects.php
[10-Nov-2025 22:11:35 UTC] Loaded file: rkit_post_duplicator.php
[10-Nov-2025 22:11:35 UTC] Loaded file: rkit_tool_tips.php
[10-Nov-2025 22:11:35 UTC] Loaded file: rkit_wrapper_link.php
[10-Nov-2025 22:11:35 UTC] Class not found: \RomethemeKit\Rkit_Custom_Cursor
[10-Nov-2025 22:11:35 UTC] Instantiated class: \RomethemeKit\RkitDuplicator
[10-Nov-2025 22:11:35 UTC] Instantiated class: \RomethemeKit\BlurEffects
[10-Nov-2025 22:11:35 UTC] Class not found: \RomethemeKit\Rkit_Sticky_Content
[10-Nov-2025 22:11:35 UTC] Instantiated class: \RomethemeKit\RkitToolTips
[10-Nov-2025 22:11:35 UTC] Instantiated class: \RomethemeKit\RkitWrapperLink
[10-Nov-2025 22:11:35 UTC] Loaded file: blur_effects.php
[10-Nov-2025 22:11:35 UTC] Loaded file: rkit_post_duplicator.php
[10-Nov-2025 22:11:35 UTC] Loaded file: rkit_tool_tips.php
[10-Nov-2025 22:11:35 UTC] Loaded file: rkit_wrapper_link.php
[10-Nov-2025 22:11:35 UTC] Class not found: \RomethemeKit\Rkit_Custom_Cursor
[10-Nov-2025 22:11:35 UTC] Instantiated class: \RomethemeKit\RkitDuplicator
[10-Nov-2025 22:11:35 UTC] Instantiated class: \RomethemeKit\BlurEffects
[10-Nov-2025 22:11:35 UTC] Class not found: \RomethemeKit\Rkit_Sticky_Content
[10-Nov-2025 22:11:35 UTC] Instantiated class: \RomethemeKit\RkitToolTips
[10-Nov-2025 22:11:35 UTC] Instantiated class: \RomethemeKit\RkitWrapperLink
[10-Nov-2025 22:11:36 UTC] [Soltour API info] === AJAX SEARCH PACKAGES CALLED ===
[10-Nov-2025 22:11:36 UTC] [Soltour API info] Params recebidos do frontend:
[10-Nov-2025 22:11:36 UTC] [Soltour API info]   - first_item: 0
[10-Nov-2025 22:11:36 UTC] [Soltour API info]   - item_count: 10
[10-Nov-2025 22:11:36 UTC] [Soltour API info] Params completos: {"originCode":"MAD","destinationCode":"PUJ","startDate":"2025-11-30","numNights":7,"rooms":[{"passengers":[{"type":"ADULT","age":30},{"type":"ADULT","age":30}]}],"firstItem":0,"itemCount":10}
[10-Nov-2025 22:11:36 UTC] [Soltour API info] Enviando para API Soltour (booking/availability):
[10-Nov-2025 22:11:36 UTC] [Soltour API info]   - criteria.pagination.firstItem: 0
[10-Nov-2025 22:11:36 UTC] [Soltour API info]   - criteria.pagination.itemCount: 10
[10-Nov-2025 22:11:36 UTC] [Soltour API info] Request to booking/availability: {"productType":"PACKAGE","criteria":{"order":{"type":"PRICE","direction":"ASC"},"pagination":{"firstItem":0,"itemCount":10}},"languageCode":"PT","params":{"startDate":"2025-11-30","endDate":"2025-12-07","residentType":"NONE","accomodation":{"rooms":[{"passengers":[{"type":"ADULT","age":30},{"type":"ADULT","age":30}]}]},"hotelParams":{"destinationCode":"PUJ","includeImmediatePayment":true},"flightParams":{"itineraries":[{"origins":["MAD"],"destinations":["PUJ"]}],"directFlightsOnly":false,"includeImmediatePayment":true}}}
[10-Nov-2025 22:11:48 UTC] [Soltour API info] Response from booking/availability: {"productType":"PACKAGE","availToken":"hfr9z0J9NI/AR50g/fY3hs7lSP4O+cYS9Ss3oAFzkIY=","timestamp":"2025-11-10T23:11:36.177524022","serviceType":"UNDEFINED","agencyInformation":{"clientCode":"BEAUTYT","branchOfficeCode":"999","taxApplicationType":"ISC","taxRate":0,"paymentType":"PP","commission":{"currency":"EUR","rate":15}},"budgets":[{"booked":false,"selected":false,"hotelServices":[{"responseId":"Fw6mSgpdj7nL039npr4Yck7m0qhltkgVnadHOkAe5ew=","id":"78bf39e5-bb47-42de-9608-a6553a65546d","type":"H
[10-Nov-2025 22:11:48 UTC] [Soltour API info] Resposta da API Soltour:
[10-Nov-2025 22:11:48 UTC] [Soltour API info]   - budgets: 32
[10-Nov-2025 22:11:48 UTC] [Soltour API info]   - totalCount: 0
[10-Nov-2025 22:11:48 UTC] [Soltour API info]   - hotels: 30
[10-Nov-2025 22:11:48 UTC] [Soltour API info]   - availToken: SIM
[10-Nov-2025 22:11:49 UTC] Loaded file: blur_effects.php
[10-Nov-2025 22:11:49 UTC] Loaded file: rkit_post_duplicator.php
[10-Nov-2025 22:11:49 UTC] Loaded file: rkit_tool_tips.php
[10-Nov-2025 22:11:49 UTC] Loaded file: rkit_wrapper_link.php
[10-Nov-2025 22:11:49 UTC] Class not found: \RomethemeKit\Rkit_Custom_Cursor
[10-Nov-2025 22:11:49 UTC] Instantiated class: \RomethemeKit\RkitDuplicator
[10-Nov-2025 22:11:49 UTC] Instantiated class: \RomethemeKit\BlurEffects
[10-Nov-2025 22:11:49 UTC] Class not found: \RomethemeKit\Rkit_Sticky_Content
[10-Nov-2025 22:11:49 UTC] Instantiated class: \RomethemeKit\RkitToolTips
[10-Nov-2025 22:11:49 UTC] Instantiated class: \RomethemeKit\RkitWrapperLink
[10-Nov-2025 22:11:49 UTC] Loaded file: blur_effects.php
[10-Nov-2025 22:11:49 UTC] Loaded file: rkit_post_duplicator.php
[10-Nov-2025 22:11:49 UTC] Loaded file: rkit_tool_tips.php
[10-Nov-2025 22:11:49 UTC] Loaded file: rkit_wrapper_link.php
[10-Nov-2025 22:11:49 UTC] Class not found: \RomethemeKit\Rkit_Custom_Cursor
[10-Nov-2025 22:11:49 UTC] Instantiated class: \RomethemeKit\RkitDuplicator
[10-Nov-2025 22:11:49 UTC] Instantiated class: \RomethemeKit\BlurEffects
[10-Nov-2025 22:11:49 UTC] Class not found: \RomethemeKit\Rkit_Sticky_Content
[10-Nov-2025 22:11:49 UTC] Instantiated class: \RomethemeKit\RkitToolTips
[10-Nov-2025 22:11:49 UTC] Instantiated class: \RomethemeKit\RkitWrapperLink
[10-Nov-2025 22:11:49 UTC] Loaded file: blur_effects.php
[10-Nov-2025 22:11:49 UTC] Loaded file: rkit_post_duplicator.php
[10-Nov-2025 22:11:49 UTC] Loaded file: rkit_tool_tips.php
[10-Nov-2025 22:11:49 UTC] Loaded file: rkit_wrapper_link.php
[10-Nov-2025 22:11:49 UTC] Class not found: \RomethemeKit\Rkit_Custom_Cursor
[10-Nov-2025 22:11:49 UTC] Instantiated class: \RomethemeKit\RkitDuplicator
[10-Nov-2025 22:11:49 UTC] Instantiated class: \RomethemeKit\BlurEffects
[10-Nov-2025 22:11:49 UTC] Class not found: \RomethemeKit\Rkit_Sticky_Content
[10-Nov-2025 22:11:49 UTC] Instantiated class: \RomethemeKit\RkitToolTips
[10-Nov-2025 22:11:49 UTC] Instantiated class: \RomethemeKit\RkitWrapperLink
[10-Nov-2025 22:11:49 UTC] Loaded file: blur_effects.php
[10-Nov-2025 22:11:49 UTC] Loaded file: rkit_post_duplicator.php
[10-Nov-2025 22:11:49 UTC] Loaded file: rkit_tool_tips.php
[10-Nov-2025 22:11:49 UTC] Loaded file: rkit_wrapper_link.php
[10-Nov-2025 22:11:49 UTC] Class not found: \RomethemeKit\Rkit_Custom_Cursor
[10-Nov-2025 22:11:49 UTC] Instantiated class: \RomethemeKit\RkitDuplicator
[10-Nov-2025 22:11:49 UTC] Instantiated class: \RomethemeKit\BlurEffects
[10-Nov-2025 22:11:49 UTC] Class not found: \RomethemeKit\Rkit_Sticky_Content
[10-Nov-2025 22:11:49 UTC] Instantiated class: \RomethemeKit\RkitToolTips
[10-Nov-2025 22:11:49 UTC] Instantiated class: \RomethemeKit\RkitWrapperLink
[10-Nov-2025 22:11:49 UTC] Loaded file: blur_effects.php
[10-Nov-2025 22:11:49 UTC] Loaded file: rkit_post_duplicator.php
[10-Nov-2025 22:11:49 UTC] Loaded file: rkit_tool_tips.php
[10-Nov-2025 22:11:49 UTC] Loaded file: rkit_wrapper_link.php
[10-Nov-2025 22:11:49 UTC] Class not found: \RomethemeKit\Rkit_Custom_Cursor
[10-Nov-2025 22:11:49 UTC] Instantiated class: \RomethemeKit\RkitDuplicator
[10-Nov-2025 22:11:49 UTC] Instantiated class: \RomethemeKit\BlurEffects
[10-Nov-2025 22:11:49 UTC] Class not found: \RomethemeKit\Rkit_Sticky_Content
[10-Nov-2025 22:11:49 UTC] Instantiated class: \RomethemeKit\RkitToolTips
[10-Nov-2025 22:11:49 UTC] Instantiated class: \RomethemeKit\RkitWrapperLink
[10-Nov-2025 22:11:50 UTC] [Soltour API info] Getting details for budget: H50725##TI##0$4891191440316134474@@CLASSICAL01, hotel: H50725
[10-Nov-2025 22:11:50 UTC] [Soltour API info] Request to booking/details: {"productType":"PACKAGE","availToken":"hfr9z0J9NI\/AR50g\/fY3hs7lSP4O+cYS9Ss3oAFzkIY=","budgetId":"H50725##TI##0$4891191440316134474@@CLASSICAL01","hotelParams":{"hotelCode":"H50725","providerCode":"UNDEFINED"}}
[10-Nov-2025 22:11:50 UTC] [Soltour API info] Getting details for budget: H68719##TI##0$5138179635342956759@@CLASSICAL01, hotel: H68719
[10-Nov-2025 22:11:50 UTC] [Soltour API info] Request to booking/details: {"productType":"PACKAGE","availToken":"hfr9z0J9NI\/AR50g\/fY3hs7lSP4O+cYS9Ss3oAFzkIY=","budgetId":"H68719##TI##0$5138179635342956759@@CLASSICAL01","hotelParams":{"hotelCode":"H68719","providerCode":"UNDEFINED"}}
[10-Nov-2025 22:11:50 UTC] [Soltour API info] Getting details for budget: H408431##SA##0$4821865941605471024@@CLASSICAL01, hotel: H408431
[10-Nov-2025 22:11:50 UTC] [Soltour API info] Request to booking/details: {"productType":"PACKAGE","availToken":"hfr9z0J9NI\/AR50g\/fY3hs7lSP4O+cYS9Ss3oAFzkIY=","budgetId":"H408431##SA##0$4821865941605471024@@CLASSICAL01","hotelParams":{"hotelCode":"H408431","providerCode":"UNDEFINED"}}
[10-Nov-2025 22:11:50 UTC] [Soltour API info] Getting details for budget: H81381##TI##0$5161233709944636351@@CLASSICAL01, hotel: H81381
[10-Nov-2025 22:11:50 UTC] [Soltour API info] Request to booking/details: {"productType":"PACKAGE","availToken":"hfr9z0J9NI\/AR50g\/fY3hs7lSP4O+cYS9Ss3oAFzkIY=","budgetId":"H81381##TI##0$5161233709944636351@@CLASSICAL01","hotelParams":{"hotelCode":"H81381","providerCode":"UNDEFINED"}}
[10-Nov-2025 22:11:50 UTC] [Soltour API info] Getting details for budget: H24##TI##0$5515776090228524619@@CLASSICAL01, hotel: H24
[10-Nov-2025 22:11:50 UTC] [Soltour API info] Request to booking/details: {"productType":"PACKAGE","availToken":"hfr9z0J9NI\/AR50g\/fY3hs7lSP4O+cYS9Ss3oAFzkIY=","budgetId":"H24##TI##0$5515776090228524619@@CLASSICAL01","hotelParams":{"hotelCode":"H24","providerCode":"UNDEFINED"}}
[10-Nov-2025 22:11:50 UTC] [Soltour API info] Response from booking/details: {"availToken":"hfr9z0J9NI/AR50g/fY3hs7lSP4O+cYS9Ss3oAFzkIY=","timestamp":"2025-11-10T23:11:50.728350552","serviceType":"UNDEFINED","agencyInformation":{"clientCode":"BEAUTYT","branchOfficeCode":"999","taxApplicationType":"ISC","taxRate":0,"paymentType":"PP","commission":{"currency":"EUR","rate":15}},"params":{"startDate":"2025-11-30","endDate":"2025-12-07","accomodation":{"rooms":[{"passengers":[{"age":30,"type":"ADULT"},{"age":30,"type":"ADULT"}]}]},"residentType":"NONE","numNights":0,"flightPa
[10-Nov-2025 22:11:50 UTC] [Soltour API info] Details response structure: {"has_budget":false,"has_details":true,"has_error":false,"error_msg":null}
[10-Nov-2025 22:11:50 UTC] [Soltour API info] Response from booking/details: {"availToken":"hfr9z0J9NI/AR50g/fY3hs7lSP4O+cYS9Ss3oAFzkIY=","timestamp":"2025-11-10T23:11:50.840476804","serviceType":"UNDEFINED","agencyInformation":{"clientCode":"BEAUTYT","branchOfficeCode":"999","taxApplicationType":"ISC","taxRate":0,"paymentType":"PP","commission":{"currency":"EUR","rate":15}},"params":{"startDate":"2025-11-30","endDate":"2025-12-07","accomodation":{"rooms":[{"passengers":[{"age":30,"type":"ADULT"},{"age":30,"type":"ADULT"}]}]},"residentType":"NONE","numNights":0,"flightPa
[10-Nov-2025 22:11:50 UTC] [Soltour API info] Details response structure: {"has_budget":false,"has_details":true,"has_error":false,"error_msg":null}
[10-Nov-2025 22:11:50 UTC] [Soltour API info] Response from booking/details: {"availToken":"hfr9z0J9NI/AR50g/fY3hs7lSP4O+cYS9Ss3oAFzkIY=","timestamp":"2025-11-10T23:11:50.855108369","serviceType":"UNDEFINED","agencyInformation":{"clientCode":"BEAUTYT","branchOfficeCode":"999","taxApplicationType":"ISC","taxRate":0,"paymentType":"PP","commission":{"currency":"EUR","rate":15}},"params":{"startDate":"2025-11-30","endDate":"2025-12-07","accomodation":{"rooms":[{"passengers":[{"age":30,"type":"ADULT"},{"age":30,"type":"ADULT"}]}]},"residentType":"NONE","numNights":0,"flightPa
[10-Nov-2025 22:11:50 UTC] [Soltour API info] Details response structure: {"has_budget":false,"has_details":true,"has_error":false,"error_msg":null}
[10-Nov-2025 22:11:51 UTC] [Soltour API info] Response from booking/details: {"availToken":"hfr9z0J9NI/AR50g/fY3hs7lSP4O+cYS9Ss3oAFzkIY=","timestamp":"2025-11-10T23:11:50.815571381","serviceType":"UNDEFINED","agencyInformation":{"clientCode":"BEAUTYT","branchOfficeCode":"999","taxApplicationType":"ISC","taxRate":0,"paymentType":"PP","commission":{"currency":"EUR","rate":15}},"params":{"startDate":"2025-11-30","endDate":"2025-12-07","accomodation":{"rooms":[{"passengers":[{"age":30,"type":"ADULT"},{"age":30,"type":"ADULT"}]}]},"residentType":"NONE","numNights":0,"flightPa
[10-Nov-2025 22:11:51 UTC] [Soltour API info] Details response structure: {"has_budget":false,"has_details":true,"has_error":false,"error_msg":null}
[10-Nov-2025 22:11:51 UTC] [Soltour API info] Response from booking/details: {"availToken":"hfr9z0J9NI/AR50g/fY3hs7lSP4O+cYS9Ss3oAFzkIY=","timestamp":"2025-11-10T23:11:50.870302578","serviceType":"UNDEFINED","agencyInformation":{"clientCode":"BEAUTYT","branchOfficeCode":"999","taxApplicationType":"ISC","taxRate":0,"paymentType":"PP","commission":{"currency":"EUR","rate":15}},"params":{"startDate":"2025-11-30","endDate":"2025-12-07","accomodation":{"rooms":[{"passengers":[{"age":30,"type":"ADULT"},{"age":30,"type":"ADULT"}]}]},"residentType":"NONE","numNights":0,"flightPa
[10-Nov-2025 22:11:51 UTC] [Soltour API info] Details response structure: {"has_budget":false,"has_details":true,"has_error":false,"error_msg":null}
[10-Nov-2025 22:11:51 UTC] Loaded file: blur_effects.php
[10-Nov-2025 22:11:51 UTC] Loaded file: rkit_post_duplicator.php
[10-Nov-2025 22:11:51 UTC] Loaded file: rkit_tool_tips.php
[10-Nov-2025 22:11:51 UTC] Loaded file: rkit_wrapper_link.php
[10-Nov-2025 22:11:51 UTC] Class not found: \RomethemeKit\Rkit_Custom_Cursor
[10-Nov-2025 22:11:51 UTC] Instantiated class: \RomethemeKit\RkitDuplicator
[10-Nov-2025 22:11:51 UTC] Instantiated class: \RomethemeKit\BlurEffects
[10-Nov-2025 22:11:51 UTC] Class not found: \RomethemeKit\Rkit_Sticky_Content
[10-Nov-2025 22:11:51 UTC] Instantiated class: \RomethemeKit\RkitToolTips
[10-Nov-2025 22:11:51 UTC] Instantiated class: \RomethemeKit\RkitWrapperLink
[10-Nov-2025 22:11:51 UTC] Loaded file: blur_effects.php
[10-Nov-2025 22:11:51 UTC] Loaded file: rkit_post_duplicator.php
[10-Nov-2025 22:11:51 UTC] Loaded file: rkit_tool_tips.php
[10-Nov-2025 22:11:51 UTC] Loaded file: rkit_wrapper_link.php
[10-Nov-2025 22:11:51 UTC] Class not found: \RomethemeKit\Rkit_Custom_Cursor
[10-Nov-2025 22:11:51 UTC] Instantiated class: \RomethemeKit\RkitDuplicator
[10-Nov-2025 22:11:51 UTC] Instantiated class: \RomethemeKit\BlurEffects
[10-Nov-2025 22:11:51 UTC] Class not found: \RomethemeKit\Rkit_Sticky_Content
[10-Nov-2025 22:11:51 UTC] Instantiated class: \RomethemeKit\RkitToolTips
[10-Nov-2025 22:11:51 UTC] Instantiated class: \RomethemeKit\RkitWrapperLink
[10-Nov-2025 22:11:51 UTC] Loaded file: blur_effects.php
[10-Nov-2025 22:11:51 UTC] Loaded file: rkit_post_duplicator.php
[10-Nov-2025 22:11:51 UTC] Loaded file: rkit_tool_tips.php
[10-Nov-2025 22:11:51 UTC] Loaded file: rkit_wrapper_link.php
[10-Nov-2025 22:11:51 UTC] Class not found: \RomethemeKit\Rkit_Custom_Cursor
[10-Nov-2025 22:11:51 UTC] Instantiated class: \RomethemeKit\RkitDuplicator
[10-Nov-2025 22:11:51 UTC] Instantiated class: \RomethemeKit\BlurEffects
[10-Nov-2025 22:11:51 UTC] Class not found: \RomethemeKit\Rkit_Sticky_Content
[10-Nov-2025 22:11:51 UTC] Instantiated class: \RomethemeKit\RkitToolTips
[10-Nov-2025 22:11:51 UTC] Instantiated class: \RomethemeKit\RkitWrapperLink
[10-Nov-2025 22:11:51 UTC] Loaded file: blur_effects.php
[10-Nov-2025 22:11:51 UTC] Loaded file: rkit_post_duplicator.php
[10-Nov-2025 22:11:51 UTC] Loaded file: rkit_tool_tips.php
[10-Nov-2025 22:11:51 UTC] Loaded file: rkit_wrapper_link.php
[10-Nov-2025 22:11:51 UTC] Class not found: \RomethemeKit\Rkit_Custom_Cursor
[10-Nov-2025 22:11:51 UTC] Instantiated class: \RomethemeKit\RkitDuplicator
[10-Nov-2025 22:11:51 UTC] Instantiated class: \RomethemeKit\BlurEffects
[10-Nov-2025 22:11:51 UTC] Class not found: \RomethemeKit\Rkit_Sticky_Content
[10-Nov-2025 22:11:51 UTC] Instantiated class: \RomethemeKit\RkitToolTips
[10-Nov-2025 22:11:51 UTC] Instantiated class: \RomethemeKit\RkitWrapperLink
[10-Nov-2025 22:11:51 UTC] Loaded file: blur_effects.php
[10-Nov-2025 22:11:51 UTC] Loaded file: rkit_post_duplicator.php
[10-Nov-2025 22:11:51 UTC] Loaded file: rkit_tool_tips.php
[10-Nov-2025 22:11:51 UTC] Loaded file: rkit_wrapper_link.php
[10-Nov-2025 22:11:51 UTC] Class not found: \RomethemeKit\Rkit_Custom_Cursor
[10-Nov-2025 22:11:51 UTC] Instantiated class: \RomethemeKit\RkitDuplicator
[10-Nov-2025 22:11:51 UTC] Instantiated class: \RomethemeKit\BlurEffects
[10-Nov-2025 22:11:51 UTC] Class not found: \RomethemeKit\Rkit_Sticky_Content
[10-Nov-2025 22:11:51 UTC] Instantiated class: \RomethemeKit\RkitToolTips
[10-Nov-2025 22:11:51 UTC] Instantiated class: \RomethemeKit\RkitWrapperLink
[10-Nov-2025 22:11:52 UTC] [Soltour API info] Getting details for budget: H199543##SA##0$5365913836911533903@@CLASSICAL01, hotel: H199543
[10-Nov-2025 22:11:52 UTC] [Soltour API info] Request to booking/details: {"productType":"PACKAGE","availToken":"hfr9z0J9NI\/AR50g\/fY3hs7lSP4O+cYS9Ss3oAFzkIY=","budgetId":"H199543##SA##0$5365913836911533903@@CLASSICAL01","hotelParams":{"hotelCode":"H199543","providerCode":"UNDEFINED"}}
[10-Nov-2025 22:11:52 UTC] [Soltour API info] Getting details for budget: H49702##TI##0$5410645826873209413@@CLASSICAL01, hotel: H49702
[10-Nov-2025 22:11:52 UTC] [Soltour API info] Request to booking/details: {"productType":"PACKAGE","availToken":"hfr9z0J9NI\/AR50g\/fY3hs7lSP4O+cYS9Ss3oAFzkIY=","budgetId":"H49702##TI##0$5410645826873209413@@CLASSICAL01","hotelParams":{"hotelCode":"H49702","providerCode":"UNDEFINED"}}
[10-Nov-2025 22:11:52 UTC] [Soltour API info] Getting details for budget: H14##TI##0$5135626433421020702@@CLASSICAL01, hotel: H14
[10-Nov-2025 22:11:52 UTC] [Soltour API info] Request to booking/details: {"productType":"PACKAGE","availToken":"hfr9z0J9NI\/AR50g\/fY3hs7lSP4O+cYS9Ss3oAFzkIY=","budgetId":"H14##TI##0$5135626433421020702@@CLASSICAL01","hotelParams":{"hotelCode":"H14","providerCode":"UNDEFINED"}}
[10-Nov-2025 22:11:52 UTC] [Soltour API info] Getting details for budget: H199374##TI##0$5004724822791105898@@CLASSICAL01, hotel: H199374
[10-Nov-2025 22:11:52 UTC] [Soltour API info] Request to booking/details: {"productType":"PACKAGE","availToken":"hfr9z0J9NI\/AR50g\/fY3hs7lSP4O+cYS9Ss3oAFzkIY=","budgetId":"H199374##TI##0$5004724822791105898@@CLASSICAL01","hotelParams":{"hotelCode":"H199374","providerCode":"UNDEFINED"}}
[10-Nov-2025 22:11:52 UTC] [Soltour API info] Getting details for budget: H35##TI##0$4680088954018000394@@CLASSICAL01, hotel: H35
[10-Nov-2025 22:11:52 UTC] [Soltour API info] Request to booking/details: {"productType":"PACKAGE","availToken":"hfr9z0J9NI\/AR50g\/fY3hs7lSP4O+cYS9Ss3oAFzkIY=","budgetId":"H35##TI##0$4680088954018000394@@CLASSICAL01","hotelParams":{"hotelCode":"H35","providerCode":"UNDEFINED"}}
[10-Nov-2025 22:11:52 UTC] [Soltour API info] Response from booking/details: {"availToken":"hfr9z0J9NI/AR50g/fY3hs7lSP4O+cYS9Ss3oAFzkIY=","timestamp":"2025-11-10T23:11:52.589851913","serviceType":"UNDEFINED","agencyInformation":{"clientCode":"BEAUTYT","branchOfficeCode":"999","taxApplicationType":"ISC","taxRate":0,"paymentType":"PP","commission":{"currency":"EUR","rate":15}},"params":{"startDate":"2025-11-30","endDate":"2025-12-07","accomodation":{"rooms":[{"passengers":[{"age":30,"type":"ADULT"},{"age":30,"type":"ADULT"}]}]},"residentType":"NONE","numNights":0,"flightPa
[10-Nov-2025 22:11:52 UTC] [Soltour API info] Details response structure: {"has_budget":false,"has_details":true,"has_error":false,"error_msg":null}
[10-Nov-2025 22:11:53 UTC] [Soltour API info] Response from booking/details: {"availToken":"hfr9z0J9NI/AR50g/fY3hs7lSP4O+cYS9Ss3oAFzkIY=","timestamp":"2025-11-10T23:11:52.923727258","serviceType":"UNDEFINED","agencyInformation":{"clientCode":"BEAUTYT","branchOfficeCode":"999","taxApplicationType":"ISC","taxRate":0,"paymentType":"PP","commission":{"currency":"EUR","rate":15}},"params":{"startDate":"2025-11-30","endDate":"2025-12-07","accomodation":{"rooms":[{"passengers":[{"age":30,"type":"ADULT"},{"age":30,"type":"ADULT"}]}]},"residentType":"NONE","numNights":0,"flightPa
[10-Nov-2025 22:11:53 UTC] [Soltour API info] Details response structure: {"has_budget":false,"has_details":true,"has_error":false,"error_msg":null}
[10-Nov-2025 22:11:53 UTC] [Soltour API info] Response from booking/details: {"availToken":"hfr9z0J9NI/AR50g/fY3hs7lSP4O+cYS9Ss3oAFzkIY=","timestamp":"2025-11-10T23:11:52.854186355","serviceType":"UNDEFINED","agencyInformation":{"clientCode":"BEAUTYT","branchOfficeCode":"999","taxApplicationType":"ISC","taxRate":0,"paymentType":"PP","commission":{"currency":"EUR","rate":15}},"params":{"startDate":"2025-11-30","endDate":"2025-12-07","accomodation":{"rooms":[{"passengers":[{"age":30,"type":"ADULT"},{"age":30,"type":"ADULT"}]}]},"residentType":"NONE","numNights":0,"flightPa
[10-Nov-2025 22:11:53 UTC] [Soltour API info] Details response structure: {"has_budget":false,"has_details":true,"has_error":false,"error_msg":null}
[10-Nov-2025 22:11:53 UTC] [Soltour API info] Response from booking/details: {"availToken":"hfr9z0J9NI/AR50g/fY3hs7lSP4O+cYS9Ss3oAFzkIY=","timestamp":"2025-11-10T23:11:52.996691394","serviceType":"UNDEFINED","agencyInformation":{"clientCode":"BEAUTYT","branchOfficeCode":"999","taxApplicationType":"ISC","taxRate":0,"paymentType":"PP","commission":{"currency":"EUR","rate":15}},"params":{"startDate":"2025-11-30","endDate":"2025-12-07","accomodation":{"rooms":[{"passengers":[{"age":30,"type":"ADULT"},{"age":30,"type":"ADULT"}]}]},"residentType":"NONE","numNights":0,"flightPa
[10-Nov-2025 22:11:53 UTC] [Soltour API info] Details response structure: {"has_budget":false,"has_details":true,"has_error":false,"error_msg":null}
[10-Nov-2025 22:11:53 UTC] [Soltour API info] Response from booking/details: {"availToken":"hfr9z0J9NI/AR50g/fY3hs7lSP4O+cYS9Ss3oAFzkIY=","timestamp":"2025-11-10T23:11:53.214853437","serviceType":"UNDEFINED","agencyInformation":{"clientCode":"BEAUTYT","branchOfficeCode":"999","taxApplicationType":"ISC","taxRate":0,"paymentType":"PP","commission":{"currency":"EUR","rate":15}},"params":{"startDate":"2025-11-30","endDate":"2025-12-07","accomodation":{"rooms":[{"passengers":[{"age":30,"type":"ADULT"},{"age":30,"type":"ADULT"}]}]},"residentType":"NONE","numNights":0,"flightPa
[10-Nov-2025 22:11:53 UTC] [Soltour API info] Details response structure: {"has_budget":false,"has_details":true,"has_error":false,"error_msg":null}
[10-Nov-2025 22:11:57 UTC] Loaded file: blur_effects.php
[10-Nov-2025 22:11:57 UTC] Loaded file: rkit_post_duplicator.php
[10-Nov-2025 22:11:57 UTC] Loaded file: rkit_tool_tips.php
[10-Nov-2025 22:11:57 UTC] Loaded file: rkit_wrapper_link.php
[10-Nov-2025 22:11:57 UTC] Class not found: \RomethemeKit\Rkit_Custom_Cursor
[10-Nov-2025 22:11:57 UTC] Instantiated class: \RomethemeKit\RkitDuplicator
[10-Nov-2025 22:11:57 UTC] Instantiated class: \RomethemeKit\BlurEffects
[10-Nov-2025 22:11:57 UTC] Class not found: \RomethemeKit\Rkit_Sticky_Content
[10-Nov-2025 22:11:57 UTC] Instantiated class: \RomethemeKit\RkitToolTips
[10-Nov-2025 22:11:57 UTC] Instantiated class: \RomethemeKit\RkitWrapperLink
[10-Nov-2025 22:12:58 UTC] Loaded file: blur_effects.php
[10-Nov-2025 22:12:58 UTC] Loaded file: rkit_post_duplicator.php
[10-Nov-2025 22:12:58 UTC] Loaded file: rkit_tool_tips.php
[10-Nov-2025 22:12:58 UTC] Loaded file: rkit_wrapper_link.php
[10-Nov-2025 22:12:58 UTC] Class not found: \RomethemeKit\Rkit_Custom_Cursor
[10-Nov-2025 22:12:58 UTC] Instantiated class: \RomethemeKit\RkitDuplicator
[10-Nov-2025 22:12:58 UTC] Instantiated class: \RomethemeKit\BlurEffects
[10-Nov-2025 22:12:58 UTC] Class not found: \RomethemeKit\Rkit_Sticky_Content
[10-Nov-2025 22:12:58 UTC] Instantiated class: \RomethemeKit\RkitToolTips
[10-Nov-2025 22:12:58 UTC] Instantiated class: \RomethemeKit\RkitWrapperLink
[10-Nov-2025 22:12:58 UTC] Loaded file: blur_effects.php
[10-Nov-2025 22:12:58 UTC] Loaded file: rkit_post_duplicator.php
[10-Nov-2025 22:12:58 UTC] Loaded file: rkit_tool_tips.php
[10-Nov-2025 22:12:58 UTC] Loaded file: rkit_wrapper_link.php
[10-Nov-2025 22:12:58 UTC] Class not found: \RomethemeKit\Rkit_Custom_Cursor
[10-Nov-2025 22:12:58 UTC] Instantiated class: \RomethemeKit\RkitDuplicator
[10-Nov-2025 22:12:58 UTC] Instantiated class: \RomethemeKit\BlurEffects
[10-Nov-2025 22:12:58 UTC] Class not found: \RomethemeKit\Rkit_Sticky_Content
[10-Nov-2025 22:12:58 UTC] Instantiated class: \RomethemeKit\RkitToolTips
[10-Nov-2025 22:12:58 UTC] Instantiated class: \RomethemeKit\RkitWrapperLink
