[13-Nov-2025 13:40:19 UTC] Loaded file: blur_effects.php
[13-Nov-2025 13:40:19 UTC] Loaded file: rkit_post_duplicator.php
[13-Nov-2025 13:40:19 UTC] Loaded file: rkit_tool_tips.php
[13-Nov-2025 13:40:19 UTC] Loaded file: rkit_wrapper_link.php
[13-Nov-2025 13:40:19 UTC] Class not found: \RomethemeKit\Rkit_Custom_Cursor
[13-Nov-2025 13:40:19 UTC] Instantiated class: \RomethemeKit\RkitDuplicator
[13-Nov-2025 13:40:19 UTC] Instantiated class: \RomethemeKit\BlurEffects
[13-Nov-2025 13:40:19 UTC] Class not found: \RomethemeKit\Rkit_Sticky_Content
[13-Nov-2025 13:40:19 UTC] Instantiated class: \RomethemeKit\RkitToolTips
[13-Nov-2025 13:40:19 UTC] Instantiated class: \RomethemeKit\RkitWrapperLink
[13-Nov-2025 13:40:20 UTC] Loaded file: blur_effects.php
[13-Nov-2025 13:40:20 UTC] Loaded file: rkit_post_duplicator.php
[13-Nov-2025 13:40:20 UTC] Loaded file: rkit_tool_tips.php
[13-Nov-2025 13:40:20 UTC] Loaded file: rkit_wrapper_link.php
[13-Nov-2025 13:40:20 UTC] Class not found: \RomethemeKit\Rkit_Custom_Cursor
[13-Nov-2025 13:40:20 UTC] Instantiated class: \RomethemeKit\RkitDuplicator
[13-Nov-2025 13:40:20 UTC] Instantiated class: \RomethemeKit\BlurEffects
[13-Nov-2025 13:40:20 UTC] Class not found: \RomethemeKit\Rkit_Sticky_Content
[13-Nov-2025 13:40:20 UTC] Instantiated class: \RomethemeKit\RkitToolTips
[13-Nov-2025 13:40:20 UTC] Instantiated class: \RomethemeKit\RkitWrapperLink
[13-Nov-2025 13:40:21 UTC] Loaded file: blur_effects.php
[13-Nov-2025 13:40:21 UTC] Loaded file: rkit_post_duplicator.php
[13-Nov-2025 13:40:21 UTC] Loaded file: rkit_tool_tips.php
[13-Nov-2025 13:40:21 UTC] Loaded file: rkit_wrapper_link.php
[13-Nov-2025 13:40:21 UTC] Class not found: \RomethemeKit\Rkit_Custom_Cursor
[13-Nov-2025 13:40:21 UTC] Instantiated class: \RomethemeKit\RkitDuplicator
[13-Nov-2025 13:40:21 UTC] Instantiated class: \RomethemeKit\BlurEffects
[13-Nov-2025 13:40:21 UTC] Class not found: \RomethemeKit\Rkit_Sticky_Content
[13-Nov-2025 13:40:21 UTC] Instantiated class: \RomethemeKit\RkitToolTips
[13-Nov-2025 13:40:21 UTC] Instantiated class: \RomethemeKit\RkitWrapperLink
[13-Nov-2025 13:42:20 UTC] Loaded file: blur_effects.php
[13-Nov-2025 13:42:20 UTC] Loaded file: rkit_post_duplicator.php
[13-Nov-2025 13:42:20 UTC] Loaded file: rkit_tool_tips.php
[13-Nov-2025 13:42:20 UTC] Loaded file: rkit_wrapper_link.php
[13-Nov-2025 13:42:20 UTC] Class not found: \RomethemeKit\Rkit_Custom_Cursor
[13-Nov-2025 13:42:20 UTC] Instantiated class: \RomethemeKit\RkitDuplicator
[13-Nov-2025 13:42:20 UTC] Instantiated class: \RomethemeKit\BlurEffects
[13-Nov-2025 13:42:20 UTC] Class not found: \RomethemeKit\Rkit_Sticky_Content
[13-Nov-2025 13:42:20 UTC] Instantiated class: \RomethemeKit\RkitToolTips
[13-Nov-2025 13:42:20 UTC] Instantiated class: \RomethemeKit\RkitWrapperLink
[13-Nov-2025 13:42:21 UTC] Loaded file: blur_effects.php
[13-Nov-2025 13:42:21 UTC] Loaded file: rkit_post_duplicator.php
[13-Nov-2025 13:42:21 UTC] Loaded file: rkit_tool_tips.php
[13-Nov-2025 13:42:21 UTC] Loaded file: rkit_wrapper_link.php
[13-Nov-2025 13:42:21 UTC] Class not found: \RomethemeKit\Rkit_Custom_Cursor
[13-Nov-2025 13:42:21 UTC] Instantiated class: \RomethemeKit\RkitDuplicator
[13-Nov-2025 13:42:21 UTC] Instantiated class: \RomethemeKit\BlurEffects
[13-Nov-2025 13:42:21 UTC] Class not found: \RomethemeKit\Rkit_Sticky_Content
[13-Nov-2025 13:42:21 UTC] Instantiated class: \RomethemeKit\RkitToolTips
[13-Nov-2025 13:42:21 UTC] Instantiated class: \RomethemeKit\RkitWrapperLink
[13-Nov-2025 13:44:20 UTC] Loaded file: blur_effects.php
[13-Nov-2025 13:44:20 UTC] Loaded file: rkit_post_duplicator.php
[13-Nov-2025 13:44:20 UTC] Loaded file: rkit_tool_tips.php
[13-Nov-2025 13:44:20 UTC] Loaded file: rkit_wrapper_link.php
[13-Nov-2025 13:44:20 UTC] Class not found: \RomethemeKit\Rkit_Custom_Cursor
[13-Nov-2025 13:44:20 UTC] Instantiated class: \RomethemeKit\RkitDuplicator
[13-Nov-2025 13:44:20 UTC] Instantiated class: \RomethemeKit\BlurEffects
[13-Nov-2025 13:44:20 UTC] Class not found: \RomethemeKit\Rkit_Sticky_Content
[13-Nov-2025 13:44:20 UTC] Instantiated class: \RomethemeKit\RkitToolTips
[13-Nov-2025 13:44:20 UTC] Instantiated class: \RomethemeKit\RkitWrapperLink
[13-Nov-2025 13:44:21 UTC] Loaded file: blur_effects.php
[13-Nov-2025 13:44:21 UTC] Loaded file: rkit_post_duplicator.php
[13-Nov-2025 13:44:21 UTC] Loaded file: rkit_tool_tips.php
[13-Nov-2025 13:44:21 UTC] Loaded file: rkit_wrapper_link.php
[13-Nov-2025 13:44:21 UTC] Class not found: \RomethemeKit\Rkit_Custom_Cursor
[13-Nov-2025 13:44:21 UTC] Instantiated class: \RomethemeKit\RkitDuplicator
[13-Nov-2025 13:44:21 UTC] Instantiated class: \RomethemeKit\BlurEffects
[13-Nov-2025 13:44:21 UTC] Class not found: \RomethemeKit\Rkit_Sticky_Content
[13-Nov-2025 13:44:21 UTC] Instantiated class: \RomethemeKit\RkitToolTips
[13-Nov-2025 13:44:21 UTC] Instantiated class: \RomethemeKit\RkitWrapperLink
[13-Nov-2025 13:45:01 UTC] Loaded file: blur_effects.php
[13-Nov-2025 13:45:01 UTC] Loaded file: rkit_post_duplicator.php
[13-Nov-2025 13:45:01 UTC] Loaded file: rkit_tool_tips.php
[13-Nov-2025 13:45:01 UTC] Loaded file: rkit_wrapper_link.php
[13-Nov-2025 13:45:01 UTC] Class not found: \RomethemeKit\Rkit_Custom_Cursor
[13-Nov-2025 13:45:01 UTC] Instantiated class: \RomethemeKit\RkitDuplicator
[13-Nov-2025 13:45:01 UTC] Instantiated class: \RomethemeKit\BlurEffects
[13-Nov-2025 13:45:01 UTC] Class not found: \RomethemeKit\Rkit_Sticky_Content
[13-Nov-2025 13:45:01 UTC] Instantiated class: \RomethemeKit\RkitToolTips
[13-Nov-2025 13:45:01 UTC] Instantiated class: \RomethemeKit\RkitWrapperLink
[13-Nov-2025 13:45:02 UTC] Loaded file: blur_effects.php
[13-Nov-2025 13:45:02 UTC] Loaded file: rkit_post_duplicator.php
[13-Nov-2025 13:45:02 UTC] Loaded file: rkit_tool_tips.php
[13-Nov-2025 13:45:02 UTC] Loaded file: rkit_wrapper_link.php
[13-Nov-2025 13:45:02 UTC] Class not found: \RomethemeKit\Rkit_Custom_Cursor
[13-Nov-2025 13:45:02 UTC] Instantiated class: \RomethemeKit\RkitDuplicator
[13-Nov-2025 13:45:02 UTC] Instantiated class: \RomethemeKit\BlurEffects
[13-Nov-2025 13:45:02 UTC] Class not found: \RomethemeKit\Rkit_Sticky_Content
[13-Nov-2025 13:45:02 UTC] Instantiated class: \RomethemeKit\RkitToolTips
[13-Nov-2025 13:45:02 UTC] Instantiated class: \RomethemeKit\RkitWrapperLink
[13-Nov-2025 13:45:03 UTC] Loaded file: blur_effects.php
[13-Nov-2025 13:45:03 UTC] Loaded file: rkit_post_duplicator.php
[13-Nov-2025 13:45:03 UTC] Loaded file: rkit_tool_tips.php
[13-Nov-2025 13:45:03 UTC] Loaded file: rkit_wrapper_link.php
[13-Nov-2025 13:45:03 UTC] Class not found: \RomethemeKit\Rkit_Custom_Cursor
[13-Nov-2025 13:45:03 UTC] Instantiated class: \RomethemeKit\RkitDuplicator
[13-Nov-2025 13:45:03 UTC] Instantiated class: \RomethemeKit\BlurEffects
[13-Nov-2025 13:45:03 UTC] Class not found: \RomethemeKit\Rkit_Sticky_Content
[13-Nov-2025 13:45:03 UTC] Instantiated class: \RomethemeKit\RkitToolTips
[13-Nov-2025 13:45:03 UTC] Instantiated class: \RomethemeKit\RkitWrapperLink
[13-Nov-2025 13:45:51 UTC] Loaded file: blur_effects.php
[13-Nov-2025 13:45:51 UTC] Loaded file: rkit_post_duplicator.php
[13-Nov-2025 13:45:51 UTC] Loaded file: rkit_tool_tips.php
[13-Nov-2025 13:45:51 UTC] Loaded file: rkit_wrapper_link.php
[13-Nov-2025 13:45:51 UTC] Class not found: \RomethemeKit\Rkit_Custom_Cursor
[13-Nov-2025 13:45:51 UTC] Instantiated class: \RomethemeKit\RkitDuplicator
[13-Nov-2025 13:45:51 UTC] Instantiated class: \RomethemeKit\BlurEffects
[13-Nov-2025 13:45:51 UTC] Class not found: \RomethemeKit\Rkit_Sticky_Content
[13-Nov-2025 13:45:51 UTC] Instantiated class: \RomethemeKit\RkitToolTips
[13-Nov-2025 13:45:51 UTC] Instantiated class: \RomethemeKit\RkitWrapperLink
[13-Nov-2025 13:45:52 UTC] Loaded file: blur_effects.php
[13-Nov-2025 13:45:52 UTC] Loaded file: rkit_post_duplicator.php
[13-Nov-2025 13:45:52 UTC] Loaded file: rkit_tool_tips.php
[13-Nov-2025 13:45:52 UTC] Loaded file: rkit_wrapper_link.php
[13-Nov-2025 13:45:52 UTC] Class not found: \RomethemeKit\Rkit_Custom_Cursor
[13-Nov-2025 13:45:52 UTC] Instantiated class: \RomethemeKit\RkitDuplicator
[13-Nov-2025 13:45:52 UTC] Instantiated class: \RomethemeKit\BlurEffects
[13-Nov-2025 13:45:52 UTC] Class not found: \RomethemeKit\Rkit_Sticky_Content
[13-Nov-2025 13:45:52 UTC] Instantiated class: \RomethemeKit\RkitToolTips
[13-Nov-2025 13:45:52 UTC] Instantiated class: \RomethemeKit\RkitWrapperLink
[13-Nov-2025 13:46:00 UTC] Loaded file: blur_effects.php
[13-Nov-2025 13:46:00 UTC] Loaded file: rkit_post_duplicator.php
[13-Nov-2025 13:46:00 UTC] Loaded file: rkit_tool_tips.php
[13-Nov-2025 13:46:00 UTC] Loaded file: rkit_wrapper_link.php
[13-Nov-2025 13:46:00 UTC] Class not found: \RomethemeKit\Rkit_Custom_Cursor
[13-Nov-2025 13:46:00 UTC] Instantiated class: \RomethemeKit\RkitDuplicator
[13-Nov-2025 13:46:00 UTC] Instantiated class: \RomethemeKit\BlurEffects
[13-Nov-2025 13:46:00 UTC] Class not found: \RomethemeKit\Rkit_Sticky_Content
[13-Nov-2025 13:46:00 UTC] Instantiated class: \RomethemeKit\RkitToolTips
[13-Nov-2025 13:46:00 UTC] Instantiated class: \RomethemeKit\RkitWrapperLink
[13-Nov-2025 13:46:02 UTC] Loaded file: blur_effects.php
[13-Nov-2025 13:46:02 UTC] Loaded file: rkit_post_duplicator.php
[13-Nov-2025 13:46:02 UTC] Loaded file: rkit_tool_tips.php
[13-Nov-2025 13:46:02 UTC] Loaded file: rkit_wrapper_link.php
[13-Nov-2025 13:46:02 UTC] Class not found: \RomethemeKit\Rkit_Custom_Cursor
[13-Nov-2025 13:46:02 UTC] Instantiated class: \RomethemeKit\RkitDuplicator
[13-Nov-2025 13:46:02 UTC] Instantiated class: \RomethemeKit\BlurEffects
[13-Nov-2025 13:46:02 UTC] Class not found: \RomethemeKit\Rkit_Sticky_Content
[13-Nov-2025 13:46:02 UTC] Instantiated class: \RomethemeKit\RkitToolTips
[13-Nov-2025 13:46:02 UTC] Instantiated class: \RomethemeKit\RkitWrapperLink
[13-Nov-2025 13:46:03 UTC] Soltour Booking V2: Plugin ativado com sucesso
[13-Nov-2025 13:46:04 UTC] Loaded file: blur_effects.php
[13-Nov-2025 13:46:04 UTC] Loaded file: rkit_post_duplicator.php
[13-Nov-2025 13:46:04 UTC] Loaded file: rkit_tool_tips.php
[13-Nov-2025 13:46:04 UTC] Loaded file: rkit_wrapper_link.php
[13-Nov-2025 13:46:04 UTC] Class not found: \RomethemeKit\Rkit_Custom_Cursor
[13-Nov-2025 13:46:04 UTC] Instantiated class: \RomethemeKit\RkitDuplicator
[13-Nov-2025 13:46:04 UTC] Instantiated class: \RomethemeKit\BlurEffects
[13-Nov-2025 13:46:04 UTC] Class not found: \RomethemeKit\Rkit_Sticky_Content
[13-Nov-2025 13:46:04 UTC] Instantiated class: \RomethemeKit\RkitToolTips
[13-Nov-2025 13:46:04 UTC] Instantiated class: \RomethemeKit\RkitWrapperLink
[13-Nov-2025 13:46:04 UTC] [Soltour API info] Request to login/login: {"brand":"SOLTOUR","market":"XMLPT","languageCode":"PT","username":"BEAUTYT999","password":"XMLBEAUTYT999"}
[13-Nov-2025 13:46:04 UTC] [Soltour API info] Response from login/login: {"sessionToken":"eyJhbGciOiJIUzI1NiIsInR5cCI6IkpXVCJ9.eyJ1IjoiQkVBVVRZVDk5OSIsImRiaSI6IjQwMDM1OTA5IiwiYiI6IlNPTFRPVVIiLCJtIjoiWE1MUFQiLCJsbmciOiJQVCIsImNsIjoiQkVBVVRZVCIsIm9mIjoiOTk5IiwiYXBwIjpudWxsLCJtYWlsIjoiY3VuaGFAYmVhdXR5dHJhdmVsLnB0IiwicmwiOlsiQUdFTkNJQSIsIkNPTVVOIiwiQ09OU1VMVEEiLCJGQUNUVVJBQ0lPTiIsIk5FV19XRUIiXSwidG0iOjE3NjMwNDE1NjQ2NjMsInN0cHRtIjpudWxsLCJzdHBqd3QiOm51bGwsInN0cGlkIjpudWxsLCJvdmMiOmZhbHNlLCJzZWxsIjp0cnVlLCJhcHQiOm51bGwsImRldCI6dHJ1ZSwibmV4cCI6dHJ1ZSwic2VpeiI6ZmFsc2UsInVhZ0
[13-Nov-2025 13:46:04 UTC] [Soltour API info] Session token obtido com sucesso
[13-Nov-2025 13:46:07 UTC] Loaded file: blur_effects.php
[13-Nov-2025 13:46:07 UTC] Loaded file: rkit_post_duplicator.php
[13-Nov-2025 13:46:07 UTC] Loaded file: rkit_tool_tips.php
[13-Nov-2025 13:46:07 UTC] Loaded file: rkit_wrapper_link.php
[13-Nov-2025 13:46:07 UTC] Class not found: \RomethemeKit\Rkit_Custom_Cursor
[13-Nov-2025 13:46:07 UTC] Instantiated class: \RomethemeKit\RkitDuplicator
[13-Nov-2025 13:46:07 UTC] Instantiated class: \RomethemeKit\BlurEffects
[13-Nov-2025 13:46:07 UTC] Class not found: \RomethemeKit\Rkit_Sticky_Content
[13-Nov-2025 13:46:07 UTC] Instantiated class: \RomethemeKit\RkitToolTips
[13-Nov-2025 13:46:07 UTC] Instantiated class: \RomethemeKit\RkitWrapperLink
[13-Nov-2025 13:46:08 UTC] Loaded file: blur_effects.php
[13-Nov-2025 13:46:08 UTC] Loaded file: rkit_post_duplicator.php
[13-Nov-2025 13:46:08 UTC] Loaded file: rkit_tool_tips.php
[13-Nov-2025 13:46:08 UTC] Loaded file: rkit_wrapper_link.php
[13-Nov-2025 13:46:08 UTC] Class not found: \RomethemeKit\Rkit_Custom_Cursor
[13-Nov-2025 13:46:08 UTC] Instantiated class: \RomethemeKit\RkitDuplicator
[13-Nov-2025 13:46:08 UTC] Instantiated class: \RomethemeKit\BlurEffects
[13-Nov-2025 13:46:08 UTC] Class not found: \RomethemeKit\Rkit_Sticky_Content
[13-Nov-2025 13:46:08 UTC] Instantiated class: \RomethemeKit\RkitToolTips
[13-Nov-2025 13:46:08 UTC] Instantiated class: \RomethemeKit\RkitWrapperLink
[13-Nov-2025 13:46:11 UTC] Loaded file: blur_effects.php
[13-Nov-2025 13:46:11 UTC] Loaded file: rkit_post_duplicator.php
[13-Nov-2025 13:46:11 UTC] Loaded file: rkit_tool_tips.php
[13-Nov-2025 13:46:11 UTC] Loaded file: rkit_wrapper_link.php
[13-Nov-2025 13:46:11 UTC] Class not found: \RomethemeKit\Rkit_Custom_Cursor
[13-Nov-2025 13:46:11 UTC] Instantiated class: \RomethemeKit\RkitDuplicator
[13-Nov-2025 13:46:11 UTC] Instantiated class: \RomethemeKit\BlurEffects
[13-Nov-2025 13:46:11 UTC] Class not found: \RomethemeKit\Rkit_Sticky_Content
[13-Nov-2025 13:46:11 UTC] Instantiated class: \RomethemeKit\RkitToolTips
[13-Nov-2025 13:46:11 UTC] Instantiated class: \RomethemeKit\RkitWrapperLink
[13-Nov-2025 13:46:16 UTC] Loaded file: blur_effects.php
[13-Nov-2025 13:46:16 UTC] Loaded file: rkit_post_duplicator.php
[13-Nov-2025 13:46:16 UTC] Loaded file: rkit_tool_tips.php
[13-Nov-2025 13:46:16 UTC] Loaded file: rkit_wrapper_link.php
[13-Nov-2025 13:46:16 UTC] Class not found: \RomethemeKit\Rkit_Custom_Cursor
[13-Nov-2025 13:46:16 UTC] Instantiated class: \RomethemeKit\RkitDuplicator
[13-Nov-2025 13:46:16 UTC] Instantiated class: \RomethemeKit\BlurEffects
[13-Nov-2025 13:46:16 UTC] Class not found: \RomethemeKit\Rkit_Sticky_Content
[13-Nov-2025 13:46:16 UTC] Instantiated class: \RomethemeKit\RkitToolTips
[13-Nov-2025 13:46:16 UTC] Instantiated class: \RomethemeKit\RkitWrapperLink
[13-Nov-2025 13:46:17 UTC] Loaded file: blur_effects.php
[13-Nov-2025 13:46:17 UTC] Loaded file: rkit_post_duplicator.php
[13-Nov-2025 13:46:17 UTC] Loaded file: rkit_tool_tips.php
[13-Nov-2025 13:46:17 UTC] Loaded file: rkit_wrapper_link.php
[13-Nov-2025 13:46:17 UTC] Class not found: \RomethemeKit\Rkit_Custom_Cursor
[13-Nov-2025 13:46:17 UTC] Instantiated class: \RomethemeKit\RkitDuplicator
[13-Nov-2025 13:46:17 UTC] Instantiated class: \RomethemeKit\BlurEffects
[13-Nov-2025 13:46:17 UTC] Class not found: \RomethemeKit\Rkit_Sticky_Content
[13-Nov-2025 13:46:17 UTC] Instantiated class: \RomethemeKit\RkitToolTips
[13-Nov-2025 13:46:17 UTC] Instantiated class: \RomethemeKit\RkitWrapperLink
[13-Nov-2025 13:46:17 UTC] Loaded file: blur_effects.php
[13-Nov-2025 13:46:17 UTC] Loaded file: rkit_post_duplicator.php
[13-Nov-2025 13:46:17 UTC] Loaded file: rkit_tool_tips.php
[13-Nov-2025 13:46:17 UTC] Loaded file: rkit_wrapper_link.php
[13-Nov-2025 13:46:17 UTC] Class not found: \RomethemeKit\Rkit_Custom_Cursor
[13-Nov-2025 13:46:17 UTC] Instantiated class: \RomethemeKit\RkitDuplicator
[13-Nov-2025 13:46:17 UTC] Instantiated class: \RomethemeKit\BlurEffects
[13-Nov-2025 13:46:17 UTC] Class not found: \RomethemeKit\Rkit_Sticky_Content
[13-Nov-2025 13:46:17 UTC] Instantiated class: \RomethemeKit\RkitToolTips
[13-Nov-2025 13:46:17 UTC] Instantiated class: \RomethemeKit\RkitWrapperLink
[13-Nov-2025 13:46:17 UTC] Loaded file: blur_effects.php
[13-Nov-2025 13:46:17 UTC] Loaded file: rkit_post_duplicator.php
[13-Nov-2025 13:46:17 UTC] Loaded file: rkit_tool_tips.php
[13-Nov-2025 13:46:17 UTC] Loaded file: rkit_wrapper_link.php
[13-Nov-2025 13:46:17 UTC] Class not found: \RomethemeKit\Rkit_Custom_Cursor
[13-Nov-2025 13:46:17 UTC] Instantiated class: \RomethemeKit\RkitDuplicator
[13-Nov-2025 13:46:17 UTC] Instantiated class: \RomethemeKit\BlurEffects
[13-Nov-2025 13:46:17 UTC] Class not found: \RomethemeKit\Rkit_Sticky_Content
[13-Nov-2025 13:46:17 UTC] Instantiated class: \RomethemeKit\RkitToolTips
[13-Nov-2025 13:46:17 UTC] Instantiated class: \RomethemeKit\RkitWrapperLink
[13-Nov-2025 13:46:21 UTC] Loaded file: blur_effects.php
[13-Nov-2025 13:46:21 UTC] Loaded file: rkit_post_duplicator.php
[13-Nov-2025 13:46:21 UTC] Loaded file: rkit_tool_tips.php
[13-Nov-2025 13:46:21 UTC] Loaded file: rkit_wrapper_link.php
[13-Nov-2025 13:46:21 UTC] Class not found: \RomethemeKit\Rkit_Custom_Cursor
[13-Nov-2025 13:46:21 UTC] Instantiated class: \RomethemeKit\RkitDuplicator
[13-Nov-2025 13:46:21 UTC] Instantiated class: \RomethemeKit\BlurEffects
[13-Nov-2025 13:46:21 UTC] Class not found: \RomethemeKit\Rkit_Sticky_Content
[13-Nov-2025 13:46:21 UTC] Instantiated class: \RomethemeKit\RkitToolTips
[13-Nov-2025 13:46:21 UTC] Instantiated class: \RomethemeKit\RkitWrapperLink
[13-Nov-2025 13:46:22 UTC] [Soltour API info] Request to master/getAllOrigins: {"productType":"PACKAGE","destinationCode":"PUJ"}
[13-Nov-2025 13:46:23 UTC] [Soltour API info] Response from master/getAllOrigins: {"origins":[{"code":"LCG","name":"A Coruña","airportType":"AIRPORT","destinationCode":"LCG","destinationName":"LA CORUNA","description":"A Coruña","dynamic":false},{"code":"ABC","name":"Albacete","airportType":"AIRPORT","description":"Albacete","dynamic":false},{"code":"ALC","name":"Alicante","airportType":"AIRPORT","destinationCode":"ALC","destinationName":"ALICANTE","description":"Alicante","dynamic":false},{"code":"LEI","name":"Almería","airportType":"AIRPORT","destinationCode":"LEI","dest
[13-Nov-2025 13:46:28 UTC] Loaded file: blur_effects.php
[13-Nov-2025 13:46:28 UTC] Loaded file: rkit_post_duplicator.php
[13-Nov-2025 13:46:28 UTC] Loaded file: rkit_tool_tips.php
[13-Nov-2025 13:46:28 UTC] Loaded file: rkit_wrapper_link.php
[13-Nov-2025 13:46:28 UTC] Class not found: \RomethemeKit\Rkit_Custom_Cursor
[13-Nov-2025 13:46:28 UTC] Instantiated class: \RomethemeKit\RkitDuplicator
[13-Nov-2025 13:46:28 UTC] Instantiated class: \RomethemeKit\BlurEffects
[13-Nov-2025 13:46:28 UTC] Class not found: \RomethemeKit\Rkit_Sticky_Content
[13-Nov-2025 13:46:28 UTC] Instantiated class: \RomethemeKit\RkitToolTips
[13-Nov-2025 13:46:28 UTC] Instantiated class: \RomethemeKit\RkitWrapperLink
[13-Nov-2025 13:46:29 UTC] Loaded file: blur_effects.php
[13-Nov-2025 13:46:29 UTC] Loaded file: rkit_post_duplicator.php
[13-Nov-2025 13:46:29 UTC] Loaded file: rkit_tool_tips.php
[13-Nov-2025 13:46:29 UTC] Loaded file: rkit_wrapper_link.php
[13-Nov-2025 13:46:29 UTC] Class not found: \RomethemeKit\Rkit_Custom_Cursor
[13-Nov-2025 13:46:29 UTC] Instantiated class: \RomethemeKit\RkitDuplicator
[13-Nov-2025 13:46:29 UTC] Instantiated class: \RomethemeKit\BlurEffects
[13-Nov-2025 13:46:29 UTC] Class not found: \RomethemeKit\Rkit_Sticky_Content
[13-Nov-2025 13:46:29 UTC] Instantiated class: \RomethemeKit\RkitToolTips
[13-Nov-2025 13:46:29 UTC] Instantiated class: \RomethemeKit\RkitWrapperLink
[13-Nov-2025 13:46:33 UTC] Loaded file: blur_effects.php
[13-Nov-2025 13:46:33 UTC] Loaded file: rkit_post_duplicator.php
[13-Nov-2025 13:46:33 UTC] Loaded file: rkit_tool_tips.php
[13-Nov-2025 13:46:33 UTC] Loaded file: rkit_wrapper_link.php
[13-Nov-2025 13:46:33 UTC] Class not found: \RomethemeKit\Rkit_Custom_Cursor
[13-Nov-2025 13:46:33 UTC] Instantiated class: \RomethemeKit\RkitDuplicator
[13-Nov-2025 13:46:33 UTC] Instantiated class: \RomethemeKit\BlurEffects
[13-Nov-2025 13:46:33 UTC] Class not found: \RomethemeKit\Rkit_Sticky_Content
[13-Nov-2025 13:46:33 UTC] Instantiated class: \RomethemeKit\RkitToolTips
[13-Nov-2025 13:46:33 UTC] Instantiated class: \RomethemeKit\RkitWrapperLink
[13-Nov-2025 13:46:33 UTC] Loaded file: blur_effects.php
[13-Nov-2025 13:46:33 UTC] Loaded file: rkit_post_duplicator.php
[13-Nov-2025 13:46:33 UTC] Loaded file: rkit_tool_tips.php
[13-Nov-2025 13:46:33 UTC] Loaded file: rkit_wrapper_link.php
[13-Nov-2025 13:46:33 UTC] Class not found: \RomethemeKit\Rkit_Custom_Cursor
[13-Nov-2025 13:46:33 UTC] Instantiated class: \RomethemeKit\RkitDuplicator
[13-Nov-2025 13:46:33 UTC] Instantiated class: \RomethemeKit\BlurEffects
[13-Nov-2025 13:46:33 UTC] Class not found: \RomethemeKit\Rkit_Sticky_Content
[13-Nov-2025 13:46:33 UTC] Instantiated class: \RomethemeKit\RkitToolTips
[13-Nov-2025 13:46:33 UTC] Instantiated class: \RomethemeKit\RkitWrapperLink
[13-Nov-2025 13:46:34 UTC] [Soltour API info] === AJAX SEARCH PACKAGES CALLED ===
[13-Nov-2025 13:46:34 UTC] [Soltour API info] Params recebidos do frontend:
[13-Nov-2025 13:46:34 UTC] [Soltour API info]   - first_item: 0
[13-Nov-2025 13:46:34 UTC] [Soltour API info]   - item_count: 100
[13-Nov-2025 13:46:34 UTC] [Soltour API info] Params completos: {"originCode":"MAD","destinationCode":"PUJ","startDate":"2025-11-23","numNights":7,"rooms":[{"passengers":[{"type":"ADULT","age":30},{"type":"ADULT","age":30}]}],"productType":"PACKAGE","onlyHotel":"N","forceAvail":true,"firstItem":0,"itemCount":100}
[13-Nov-2025 13:46:34 UTC] [Soltour API info] Enviando para API Soltour (booking/availability):
[13-Nov-2025 13:46:34 UTC] [Soltour API info]   - criteria.pagination.firstItem: 0
[13-Nov-2025 13:46:34 UTC] [Soltour API info]   - criteria.pagination.itemCount: 100
[13-Nov-2025 13:46:34 UTC] [Soltour API info] Request to booking/availability: {"productType":"PACKAGE","onlyHotel":"N","forceAvail":true,"criteria":{"order":{"type":"PRICE","direction":"ASC"},"pagination":{"firstItem":0,"itemCount":100}},"languageCode":"PT","params":{"startDate":"2025-11-23","endDate":"2025-11-30","residentType":"NONE","accomodation":{"rooms":[{"passengers":[{"type":"ADULT","age":30},{"type":"ADULT","age":30}]}]},"hotelParams":{"destinationCode":"PUJ","includeImmediatePayment":true},"flightParams":{"itineraries":[{"origins":["MAD"],"destinations":["PUJ"]}],"directFlightsOnly":false,"includeImmediatePayment":true}}}
[13-Nov-2025 13:46:43 UTC] [Soltour API info] Response from booking/availability: {"productType":"PACKAGE","availToken":"gGdKyn71CDb+s9CDOXVa9aUtT7ddTG0HvnDLru5+jEY=","timestamp":"2025-11-13T14:46:34.489866508","serviceType":"UNDEFINED","agencyInformation":{"clientCode":"BEAUTYT","branchOfficeCode":"999","taxApplicationType":"ISC","taxRate":0,"paymentType":"PP","commission":{"currency":"EUR","rate":15}},"budgets":[{"booked":false,"selected":false,"hotelServices":[{"responseId":"loGQBjOW6ip7lWiR2twXnsO0ecn84956DENRapODSnI=","id":"1df32b76-779d-40de-828d-41f1a34f6e2c","type":"H
[13-Nov-2025 13:46:43 UTC] [Soltour API info] Resposta da API Soltour:
[13-Nov-2025 13:46:43 UTC] [Soltour API info]   - budgets: 170
[13-Nov-2025 13:46:43 UTC] [Soltour API info]   - totalCount: 0
[13-Nov-2025 13:46:43 UTC] [Soltour API info]   - hotels: 27
[13-Nov-2025 13:46:43 UTC] [Soltour API info]   - availToken: SIM
[13-Nov-2025 13:46:43 UTC] Loaded file: blur_effects.php
[13-Nov-2025 13:46:43 UTC] Loaded file: rkit_post_duplicator.php
[13-Nov-2025 13:46:43 UTC] Loaded file: rkit_tool_tips.php
[13-Nov-2025 13:46:43 UTC] Loaded file: rkit_wrapper_link.php
[13-Nov-2025 13:46:43 UTC] Class not found: \RomethemeKit\Rkit_Custom_Cursor
[13-Nov-2025 13:46:43 UTC] Instantiated class: \RomethemeKit\RkitDuplicator
[13-Nov-2025 13:46:43 UTC] Instantiated class: \RomethemeKit\BlurEffects
[13-Nov-2025 13:46:43 UTC] Class not found: \RomethemeKit\Rkit_Sticky_Content
[13-Nov-2025 13:46:43 UTC] Instantiated class: \RomethemeKit\RkitToolTips
[13-Nov-2025 13:46:43 UTC] Instantiated class: \RomethemeKit\RkitWrapperLink
[13-Nov-2025 13:46:43 UTC] Loaded file: blur_effects.php
[13-Nov-2025 13:46:43 UTC] Loaded file: rkit_post_duplicator.php
[13-Nov-2025 13:46:43 UTC] Loaded file: rkit_tool_tips.php
[13-Nov-2025 13:46:43 UTC] Loaded file: rkit_wrapper_link.php
[13-Nov-2025 13:46:43 UTC] Class not found: \RomethemeKit\Rkit_Custom_Cursor
[13-Nov-2025 13:46:43 UTC] Instantiated class: \RomethemeKit\RkitDuplicator
[13-Nov-2025 13:46:43 UTC] Instantiated class: \RomethemeKit\BlurEffects
[13-Nov-2025 13:46:43 UTC] Class not found: \RomethemeKit\Rkit_Sticky_Content
[13-Nov-2025 13:46:43 UTC] Instantiated class: \RomethemeKit\RkitToolTips
[13-Nov-2025 13:46:43 UTC] Instantiated class: \RomethemeKit\RkitWrapperLink
[13-Nov-2025 13:46:44 UTC] Loaded file: blur_effects.php
[13-Nov-2025 13:46:44 UTC] Loaded file: rkit_post_duplicator.php
[13-Nov-2025 13:46:44 UTC] Loaded file: rkit_tool_tips.php
[13-Nov-2025 13:46:44 UTC] Loaded file: rkit_wrapper_link.php
[13-Nov-2025 13:46:44 UTC] Class not found: \RomethemeKit\Rkit_Custom_Cursor
[13-Nov-2025 13:46:44 UTC] Instantiated class: \RomethemeKit\RkitDuplicator
[13-Nov-2025 13:46:44 UTC] Instantiated class: \RomethemeKit\BlurEffects
[13-Nov-2025 13:46:44 UTC] Class not found: \RomethemeKit\Rkit_Sticky_Content
[13-Nov-2025 13:46:44 UTC] Instantiated class: \RomethemeKit\RkitToolTips
[13-Nov-2025 13:46:44 UTC] Instantiated class: \RomethemeKit\RkitWrapperLink
[13-Nov-2025 13:46:44 UTC] Loaded file: blur_effects.php
[13-Nov-2025 13:46:44 UTC] Loaded file: rkit_post_duplicator.php
[13-Nov-2025 13:46:44 UTC] Loaded file: rkit_tool_tips.php
[13-Nov-2025 13:46:44 UTC] Loaded file: rkit_wrapper_link.php
[13-Nov-2025 13:46:44 UTC] Class not found: \RomethemeKit\Rkit_Custom_Cursor
[13-Nov-2025 13:46:44 UTC] Instantiated class: \RomethemeKit\RkitDuplicator
[13-Nov-2025 13:46:44 UTC] Instantiated class: \RomethemeKit\BlurEffects
[13-Nov-2025 13:46:44 UTC] Class not found: \RomethemeKit\Rkit_Sticky_Content
[13-Nov-2025 13:46:44 UTC] Instantiated class: \RomethemeKit\RkitToolTips
[13-Nov-2025 13:46:44 UTC] Instantiated class: \RomethemeKit\RkitWrapperLink
[13-Nov-2025 13:46:44 UTC] Loaded file: blur_effects.php
[13-Nov-2025 13:46:44 UTC] Loaded file: rkit_post_duplicator.php
[13-Nov-2025 13:46:44 UTC] Loaded file: rkit_tool_tips.php
[13-Nov-2025 13:46:44 UTC] Loaded file: rkit_wrapper_link.php
[13-Nov-2025 13:46:44 UTC] Class not found: \RomethemeKit\Rkit_Custom_Cursor
[13-Nov-2025 13:46:44 UTC] Instantiated class: \RomethemeKit\RkitDuplicator
[13-Nov-2025 13:46:44 UTC] Instantiated class: \RomethemeKit\BlurEffects
[13-Nov-2025 13:46:44 UTC] Class not found: \RomethemeKit\Rkit_Sticky_Content
[13-Nov-2025 13:46:44 UTC] Instantiated class: \RomethemeKit\RkitToolTips
[13-Nov-2025 13:46:44 UTC] Instantiated class: \RomethemeKit\RkitWrapperLink
[13-Nov-2025 13:46:44 UTC] [Soltour API info] Getting details for budget: H24##TI##0$4667097829960495343@@CLASSICAL01, hotel: H24
[13-Nov-2025 13:46:44 UTC] [Soltour API info] Request to booking/details: {"productType":"PACKAGE","availToken":"gGdKyn71CDb+s9CDOXVa9aUtT7ddTG0HvnDLru5+jEY=","budgetId":"H24##TI##0$4667097829960495343@@CLASSICAL01","hotelParams":{"hotelCode":"H24","providerCode":"UNDEFINED"}}
[13-Nov-2025 13:46:45 UTC] [Soltour API info] Getting details for budget: H81381##TI##0$5218949363002813079@@CLASSICAL01, hotel: H81381
[13-Nov-2025 13:46:45 UTC] [Soltour API info] Request to booking/details: {"productType":"PACKAGE","availToken":"gGdKyn71CDb+s9CDOXVa9aUtT7ddTG0HvnDLru5+jEY=","budgetId":"H81381##TI##0$5218949363002813079@@CLASSICAL01","hotelParams":{"hotelCode":"H81381","providerCode":"UNDEFINED"}}
[13-Nov-2025 13:46:45 UTC] [Soltour API info] Getting details for budget: H217184##TI##0$4928904659656363333@@CLASSICAL01, hotel: H217184
[13-Nov-2025 13:46:45 UTC] [Soltour API info] Request to booking/details: {"productType":"PACKAGE","availToken":"gGdKyn71CDb+s9CDOXVa9aUtT7ddTG0HvnDLru5+jEY=","budgetId":"H217184##TI##0$4928904659656363333@@CLASSICAL01","hotelParams":{"hotelCode":"H217184","providerCode":"UNDEFINED"}}
[13-Nov-2025 13:46:45 UTC] Loaded file: blur_effects.php
[13-Nov-2025 13:46:45 UTC] Loaded file: rkit_post_duplicator.php
[13-Nov-2025 13:46:45 UTC] Loaded file: rkit_tool_tips.php
[13-Nov-2025 13:46:45 UTC] Loaded file: rkit_wrapper_link.php
[13-Nov-2025 13:46:45 UTC] Class not found: \RomethemeKit\Rkit_Custom_Cursor
[13-Nov-2025 13:46:45 UTC] Instantiated class: \RomethemeKit\RkitDuplicator
[13-Nov-2025 13:46:45 UTC] Instantiated class: \RomethemeKit\BlurEffects
[13-Nov-2025 13:46:45 UTC] Class not found: \RomethemeKit\Rkit_Sticky_Content
[13-Nov-2025 13:46:45 UTC] Instantiated class: \RomethemeKit\RkitToolTips
[13-Nov-2025 13:46:45 UTC] Instantiated class: \RomethemeKit\RkitWrapperLink
[13-Nov-2025 13:46:45 UTC] [Soltour API info] Getting details for budget: H80090##TI##0$5419923216123733711@@CLASSICAL01, hotel: H80090
[13-Nov-2025 13:46:45 UTC] [Soltour API info] Request to booking/details: {"productType":"PACKAGE","availToken":"gGdKyn71CDb+s9CDOXVa9aUtT7ddTG0HvnDLru5+jEY=","budgetId":"H80090##TI##0$5419923216123733711@@CLASSICAL01","hotelParams":{"hotelCode":"H80090","providerCode":"UNDEFINED"}}
[13-Nov-2025 13:46:45 UTC] [Soltour API info] Getting details for budget: H199543##SA##0$4950121857024272431@@CLASSICAL01, hotel: H199543
[13-Nov-2025 13:46:45 UTC] [Soltour API info] Request to booking/details: {"productType":"PACKAGE","availToken":"gGdKyn71CDb+s9CDOXVa9aUtT7ddTG0HvnDLru5+jEY=","budgetId":"H199543##SA##0$4950121857024272431@@CLASSICAL01","hotelParams":{"hotelCode":"H199543","providerCode":"UNDEFINED"}}
[13-Nov-2025 13:46:45 UTC] [Soltour API info] Response from booking/details: {"availToken":"gGdKyn71CDb+s9CDOXVa9aUtT7ddTG0HvnDLru5+jEY=","timestamp":"2025-11-13T14:46:45.495464375","serviceType":"UNDEFINED","agencyInformation":{"clientCode":"BEAUTYT","branchOfficeCode":"999","taxApplicationType":"ISC","taxRate":0,"paymentType":"PP","commission":{"currency":"EUR","rate":15}},"params":{"startDate":"2025-11-23","endDate":"2025-11-30","accomodation":{"rooms":[{"passengers":[{"age":30,"type":"ADULT"},{"age":30,"type":"ADULT"}]}]},"residentType":"NONE","numNights":0,"flightPa
[13-Nov-2025 13:46:45 UTC] [Soltour API info] Details response structure: {"has_budget":false,"has_details":true,"has_error":false,"error_msg":null}
[13-Nov-2025 13:46:45 UTC] [Soltour API info] Response from booking/details: {"availToken":"gGdKyn71CDb+s9CDOXVa9aUtT7ddTG0HvnDLru5+jEY=","timestamp":"2025-11-13T14:46:45.533164712","serviceType":"UNDEFINED","agencyInformation":{"clientCode":"BEAUTYT","branchOfficeCode":"999","taxApplicationType":"ISC","taxRate":0,"paymentType":"PP","commission":{"currency":"EUR","rate":15}},"params":{"startDate":"2025-11-23","endDate":"2025-11-30","accomodation":{"rooms":[{"passengers":[{"age":30,"type":"ADULT"},{"age":30,"type":"ADULT"}]}]},"residentType":"NONE","numNights":0,"flightPa
[13-Nov-2025 13:46:45 UTC] [Soltour API info] Details response structure: {"has_budget":false,"has_details":true,"has_error":false,"error_msg":null}
[13-Nov-2025 13:46:46 UTC] [Soltour API info] Response from booking/details: {"availToken":"gGdKyn71CDb+s9CDOXVa9aUtT7ddTG0HvnDLru5+jEY=","timestamp":"2025-11-13T14:46:46.062256106","serviceType":"UNDEFINED","agencyInformation":{"clientCode":"BEAUTYT","branchOfficeCode":"999","taxApplicationType":"ISC","taxRate":0,"paymentType":"PP","commission":{"currency":"EUR","rate":15}},"params":{"startDate":"2025-11-23","endDate":"2025-11-30","accomodation":{"rooms":[{"passengers":[{"age":30,"type":"ADULT"},{"age":30,"type":"ADULT"}]}]},"residentType":"NONE","numNights":0,"flightPa
[13-Nov-2025 13:46:46 UTC] [Soltour API info] Details response structure: {"has_budget":false,"has_details":true,"has_error":false,"error_msg":null}
[13-Nov-2025 13:46:46 UTC] Loaded file: blur_effects.php
[13-Nov-2025 13:46:46 UTC] Loaded file: rkit_post_duplicator.php
[13-Nov-2025 13:46:46 UTC] Loaded file: rkit_tool_tips.php
[13-Nov-2025 13:46:46 UTC] Loaded file: rkit_wrapper_link.php
[13-Nov-2025 13:46:46 UTC] Class not found: \RomethemeKit\Rkit_Custom_Cursor
[13-Nov-2025 13:46:46 UTC] Instantiated class: \RomethemeKit\RkitDuplicator
[13-Nov-2025 13:46:46 UTC] Instantiated class: \RomethemeKit\BlurEffects
[13-Nov-2025 13:46:46 UTC] Class not found: \RomethemeKit\Rkit_Sticky_Content
[13-Nov-2025 13:46:46 UTC] Instantiated class: \RomethemeKit\RkitToolTips
[13-Nov-2025 13:46:46 UTC] Instantiated class: \RomethemeKit\RkitWrapperLink
[13-Nov-2025 13:46:46 UTC] Loaded file: blur_effects.php
[13-Nov-2025 13:46:46 UTC] Loaded file: rkit_post_duplicator.php
[13-Nov-2025 13:46:46 UTC] Loaded file: rkit_tool_tips.php
[13-Nov-2025 13:46:46 UTC] Loaded file: rkit_wrapper_link.php
[13-Nov-2025 13:46:46 UTC] Class not found: \RomethemeKit\Rkit_Custom_Cursor
[13-Nov-2025 13:46:46 UTC] Instantiated class: \RomethemeKit\RkitDuplicator
[13-Nov-2025 13:46:46 UTC] Instantiated class: \RomethemeKit\BlurEffects
[13-Nov-2025 13:46:46 UTC] Class not found: \RomethemeKit\Rkit_Sticky_Content
[13-Nov-2025 13:46:46 UTC] Instantiated class: \RomethemeKit\RkitToolTips
[13-Nov-2025 13:46:46 UTC] Instantiated class: \RomethemeKit\RkitWrapperLink
[13-Nov-2025 13:46:46 UTC] Loaded file: blur_effects.php
[13-Nov-2025 13:46:46 UTC] Loaded file: rkit_post_duplicator.php
[13-Nov-2025 13:46:46 UTC] Loaded file: rkit_tool_tips.php
[13-Nov-2025 13:46:46 UTC] Loaded file: rkit_wrapper_link.php
[13-Nov-2025 13:46:46 UTC] Class not found: \RomethemeKit\Rkit_Custom_Cursor
[13-Nov-2025 13:46:46 UTC] Instantiated class: \RomethemeKit\RkitDuplicator
[13-Nov-2025 13:46:46 UTC] Instantiated class: \RomethemeKit\BlurEffects
[13-Nov-2025 13:46:46 UTC] Class not found: \RomethemeKit\Rkit_Sticky_Content
[13-Nov-2025 13:46:46 UTC] Instantiated class: \RomethemeKit\RkitToolTips
[13-Nov-2025 13:46:46 UTC] Instantiated class: \RomethemeKit\RkitWrapperLink
[13-Nov-2025 13:46:47 UTC] [Soltour API info] Getting details for budget: H49702##TI##0$4778629408218330617@@CLASSICAL01, hotel: H49702
[13-Nov-2025 13:46:47 UTC] [Soltour API info] Request to booking/details: {"productType":"PACKAGE","availToken":"gGdKyn71CDb+s9CDOXVa9aUtT7ddTG0HvnDLru5+jEY=","budgetId":"H49702##TI##0$4778629408218330617@@CLASSICAL01","hotelParams":{"hotelCode":"H49702","providerCode":"UNDEFINED"}}
[13-Nov-2025 13:46:47 UTC] [Soltour API info] Getting details for budget: H81784##TI##0$4649196218638196990@@CLASSICAL01, hotel: H81784
[13-Nov-2025 13:46:47 UTC] [Soltour API info] Request to booking/details: {"productType":"PACKAGE","availToken":"gGdKyn71CDb+s9CDOXVa9aUtT7ddTG0HvnDLru5+jEY=","budgetId":"H81784##TI##0$4649196218638196990@@CLASSICAL01","hotelParams":{"hotelCode":"H81784","providerCode":"UNDEFINED"}}
[13-Nov-2025 13:46:47 UTC] [Soltour API info] Getting details for budget: H99741##TI##0$4890113987862195377@@CLASSICAL01, hotel: H99741
[13-Nov-2025 13:46:47 UTC] [Soltour API info] Request to booking/details: {"productType":"PACKAGE","availToken":"gGdKyn71CDb+s9CDOXVa9aUtT7ddTG0HvnDLru5+jEY=","budgetId":"H99741##TI##0$4890113987862195377@@CLASSICAL01","hotelParams":{"hotelCode":"H99741","providerCode":"UNDEFINED"}}
[13-Nov-2025 13:46:47 UTC] [Soltour API info] Response from booking/details: {"availToken":"gGdKyn71CDb+s9CDOXVa9aUtT7ddTG0HvnDLru5+jEY=","timestamp":"2025-11-13T14:46:47.707224006","serviceType":"UNDEFINED","agencyInformation":{"clientCode":"BEAUTYT","branchOfficeCode":"999","taxApplicationType":"ISC","taxRate":0,"paymentType":"PP","commission":{"currency":"EUR","rate":15}},"params":{"startDate":"2025-11-23","endDate":"2025-11-30","accomodation":{"rooms":[{"passengers":[{"age":30,"type":"ADULT"},{"age":30,"type":"ADULT"}]}]},"residentType":"NONE","numNights":0,"flightPa
[13-Nov-2025 13:46:47 UTC] [Soltour API info] Details response structure: {"has_budget":false,"has_details":true,"has_error":false,"error_msg":null}
[13-Nov-2025 13:46:47 UTC] [Soltour API info] Response from booking/details: {"availToken":"gGdKyn71CDb+s9CDOXVa9aUtT7ddTG0HvnDLru5+jEY=","timestamp":"2025-11-13T14:46:47.793958392","serviceType":"UNDEFINED","agencyInformation":{"clientCode":"BEAUTYT","branchOfficeCode":"999","taxApplicationType":"ISC","taxRate":0,"paymentType":"PP","commission":{"currency":"EUR","rate":15}},"params":{"startDate":"2025-11-23","endDate":"2025-11-30","accomodation":{"rooms":[{"passengers":[{"age":30,"type":"ADULT"},{"age":30,"type":"ADULT"}]}]},"residentType":"NONE","numNights":0,"flightPa
[13-Nov-2025 13:46:47 UTC] [Soltour API info] Details response structure: {"has_budget":false,"has_details":true,"has_error":false,"error_msg":null}
[13-Nov-2025 13:46:47 UTC] [Soltour API info] Response from booking/details: {"availToken":"gGdKyn71CDb+s9CDOXVa9aUtT7ddTG0HvnDLru5+jEY=","timestamp":"2025-11-13T14:46:47.322287722","serviceType":"UNDEFINED","agencyInformation":{"clientCode":"BEAUTYT","branchOfficeCode":"999","taxApplicationType":"ISC","taxRate":0,"paymentType":"PP","commission":{"currency":"EUR","rate":15}},"params":{"startDate":"2025-11-23","endDate":"2025-11-30","accomodation":{"rooms":[{"passengers":[{"age":30,"type":"ADULT"},{"age":30,"type":"ADULT"}]}]},"residentType":"NONE","numNights":0,"flightPa
[13-Nov-2025 13:46:47 UTC] [Soltour API info] Details response structure: {"has_budget":false,"has_details":true,"has_error":false,"error_msg":null}
[13-Nov-2025 13:46:48 UTC] [Soltour API info] Response from booking/details: {"availToken":"gGdKyn71CDb+s9CDOXVa9aUtT7ddTG0HvnDLru5+jEY=","timestamp":"2025-11-13T14:46:47.836036739","serviceType":"UNDEFINED","agencyInformation":{"clientCode":"BEAUTYT","branchOfficeCode":"999","taxApplicationType":"ISC","taxRate":0,"paymentType":"PP","commission":{"currency":"EUR","rate":15}},"params":{"startDate":"2025-11-23","endDate":"2025-11-30","accomodation":{"rooms":[{"passengers":[{"age":30,"type":"ADULT"},{"age":30,"type":"ADULT"}]}]},"residentType":"NONE","numNights":0,"flightPa
[13-Nov-2025 13:46:48 UTC] [Soltour API info] Details response structure: {"has_budget":false,"has_details":true,"has_error":false,"error_msg":null}
[13-Nov-2025 13:46:48 UTC] Loaded file: blur_effects.php
[13-Nov-2025 13:46:48 UTC] Loaded file: rkit_post_duplicator.php
[13-Nov-2025 13:46:48 UTC] Loaded file: rkit_tool_tips.php
[13-Nov-2025 13:46:48 UTC] Loaded file: rkit_wrapper_link.php
[13-Nov-2025 13:46:48 UTC] Class not found: \RomethemeKit\Rkit_Custom_Cursor
[13-Nov-2025 13:46:48 UTC] Instantiated class: \RomethemeKit\RkitDuplicator
[13-Nov-2025 13:46:48 UTC] Instantiated class: \RomethemeKit\BlurEffects
[13-Nov-2025 13:46:48 UTC] Class not found: \RomethemeKit\Rkit_Sticky_Content
[13-Nov-2025 13:46:48 UTC] Instantiated class: \RomethemeKit\RkitToolTips
[13-Nov-2025 13:46:48 UTC] Instantiated class: \RomethemeKit\RkitWrapperLink
[13-Nov-2025 13:46:48 UTC] Loaded file: blur_effects.php
[13-Nov-2025 13:46:48 UTC] Loaded file: rkit_post_duplicator.php
[13-Nov-2025 13:46:48 UTC] Loaded file: rkit_tool_tips.php
[13-Nov-2025 13:46:48 UTC] Loaded file: rkit_wrapper_link.php
[13-Nov-2025 13:46:48 UTC] Class not found: \RomethemeKit\Rkit_Custom_Cursor
[13-Nov-2025 13:46:48 UTC] Instantiated class: \RomethemeKit\RkitDuplicator
[13-Nov-2025 13:46:48 UTC] Instantiated class: \RomethemeKit\BlurEffects
[13-Nov-2025 13:46:48 UTC] Class not found: \RomethemeKit\Rkit_Sticky_Content
[13-Nov-2025 13:46:48 UTC] Instantiated class: \RomethemeKit\RkitToolTips
[13-Nov-2025 13:46:48 UTC] Instantiated class: \RomethemeKit\RkitWrapperLink
[13-Nov-2025 13:46:48 UTC] Loaded file: blur_effects.php
[13-Nov-2025 13:46:48 UTC] Loaded file: rkit_post_duplicator.php
[13-Nov-2025 13:46:48 UTC] Loaded file: rkit_tool_tips.php
[13-Nov-2025 13:46:48 UTC] Loaded file: rkit_wrapper_link.php
[13-Nov-2025 13:46:48 UTC] Class not found: \RomethemeKit\Rkit_Custom_Cursor
[13-Nov-2025 13:46:48 UTC] Instantiated class: \RomethemeKit\RkitDuplicator
[13-Nov-2025 13:46:48 UTC] Instantiated class: \RomethemeKit\BlurEffects
[13-Nov-2025 13:46:48 UTC] Class not found: \RomethemeKit\Rkit_Sticky_Content
[13-Nov-2025 13:46:48 UTC] Instantiated class: \RomethemeKit\RkitToolTips
[13-Nov-2025 13:46:48 UTC] Instantiated class: \RomethemeKit\RkitWrapperLink
[13-Nov-2025 13:46:48 UTC] Loaded file: blur_effects.php
[13-Nov-2025 13:46:48 UTC] Loaded file: rkit_post_duplicator.php
[13-Nov-2025 13:46:48 UTC] Loaded file: rkit_tool_tips.php
[13-Nov-2025 13:46:48 UTC] Loaded file: rkit_wrapper_link.php
[13-Nov-2025 13:46:48 UTC] Class not found: \RomethemeKit\Rkit_Custom_Cursor
[13-Nov-2025 13:46:48 UTC] Instantiated class: \RomethemeKit\RkitDuplicator
[13-Nov-2025 13:46:48 UTC] Instantiated class: \RomethemeKit\BlurEffects
[13-Nov-2025 13:46:48 UTC] Class not found: \RomethemeKit\Rkit_Sticky_Content
[13-Nov-2025 13:46:48 UTC] Instantiated class: \RomethemeKit\RkitToolTips
[13-Nov-2025 13:46:48 UTC] Instantiated class: \RomethemeKit\RkitWrapperLink
[13-Nov-2025 13:46:48 UTC] [Soltour API info] Response from booking/details: {"availToken":"gGdKyn71CDb+s9CDOXVa9aUtT7ddTG0HvnDLru5+jEY=","timestamp":"2025-11-13T14:46:48.111921629","serviceType":"UNDEFINED","agencyInformation":{"clientCode":"BEAUTYT","branchOfficeCode":"999","taxApplicationType":"ISC","taxRate":0,"paymentType":"PP","commission":{"currency":"EUR","rate":15}},"params":{"startDate":"2025-11-23","endDate":"2025-11-30","accomodation":{"rooms":[{"passengers":[{"age":30,"type":"ADULT"},{"age":30,"type":"ADULT"}]}]},"residentType":"NONE","numNights":0,"flightPa
[13-Nov-2025 13:46:48 UTC] [Soltour API info] Details response structure: {"has_budget":false,"has_details":true,"has_error":false,"error_msg":null}
[13-Nov-2025 13:46:49 UTC] [Soltour API info] Getting details for budget: H186203##TI##0$5547696467598184841@@CLASSICAL01, hotel: H186203
[13-Nov-2025 13:46:49 UTC] [Soltour API info] Request to booking/details: {"productType":"PACKAGE","availToken":"gGdKyn71CDb+s9CDOXVa9aUtT7ddTG0HvnDLru5+jEY=","budgetId":"H186203##TI##0$5547696467598184841@@CLASSICAL01","hotelParams":{"hotelCode":"H186203","providerCode":"UNDEFINED"}}
[13-Nov-2025 13:46:49 UTC] [Soltour API info] Getting details for budget: H408431##SA##0$5265212849948667799@@CLASSICAL01, hotel: H408431
[13-Nov-2025 13:46:49 UTC] [Soltour API info] Request to booking/details: {"productType":"PACKAGE","availToken":"gGdKyn71CDb+s9CDOXVa9aUtT7ddTG0HvnDLru5+jEY=","budgetId":"H408431##SA##0$5265212849948667799@@CLASSICAL01","hotelParams":{"hotelCode":"H408431","providerCode":"UNDEFINED"}}
[13-Nov-2025 13:46:49 UTC] [Soltour API info] Getting details for budget: H68719##TI##0$4732676163174364562@@CLASSICAL01, hotel: H68719
[13-Nov-2025 13:46:49 UTC] [Soltour API info] Request to booking/details: {"productType":"PACKAGE","availToken":"gGdKyn71CDb+s9CDOXVa9aUtT7ddTG0HvnDLru5+jEY=","budgetId":"H68719##TI##0$4732676163174364562@@CLASSICAL01","hotelParams":{"hotelCode":"H68719","providerCode":"UNDEFINED"}}
[13-Nov-2025 13:46:49 UTC] [Soltour API info] Getting details for budget: H3784##TI##0$5522530733002790247@@CLASSICAL01, hotel: H3784
[13-Nov-2025 13:46:49 UTC] [Soltour API info] Request to booking/details: {"productType":"PACKAGE","availToken":"gGdKyn71CDb+s9CDOXVa9aUtT7ddTG0HvnDLru5+jEY=","budgetId":"H3784##TI##0$5522530733002790247@@CLASSICAL01","hotelParams":{"hotelCode":"H3784","providerCode":"UNDEFINED"}}
[13-Nov-2025 13:46:49 UTC] Loaded file: blur_effects.php
[13-Nov-2025 13:46:49 UTC] Loaded file: rkit_post_duplicator.php
[13-Nov-2025 13:46:49 UTC] Loaded file: rkit_tool_tips.php
[13-Nov-2025 13:46:49 UTC] Loaded file: rkit_wrapper_link.php
[13-Nov-2025 13:46:49 UTC] Class not found: \RomethemeKit\Rkit_Custom_Cursor
[13-Nov-2025 13:46:49 UTC] Instantiated class: \RomethemeKit\RkitDuplicator
[13-Nov-2025 13:46:49 UTC] Instantiated class: \RomethemeKit\BlurEffects
[13-Nov-2025 13:46:49 UTC] Class not found: \RomethemeKit\Rkit_Sticky_Content
[13-Nov-2025 13:46:49 UTC] Instantiated class: \RomethemeKit\RkitToolTips
[13-Nov-2025 13:46:49 UTC] Instantiated class: \RomethemeKit\RkitWrapperLink
[13-Nov-2025 13:46:50 UTC] [Soltour API info] Response from booking/details: {"availToken":"gGdKyn71CDb+s9CDOXVa9aUtT7ddTG0HvnDLru5+jEY=","timestamp":"2025-11-13T14:46:49.882023052","serviceType":"UNDEFINED","agencyInformation":{"clientCode":"BEAUTYT","branchOfficeCode":"999","taxApplicationType":"ISC","taxRate":0,"paymentType":"PP","commission":{"currency":"EUR","rate":15}},"params":{"startDate":"2025-11-23","endDate":"2025-11-30","accomodation":{"rooms":[{"passengers":[{"age":30,"type":"ADULT"},{"age":30,"type":"ADULT"}]}]},"residentType":"NONE","numNights":0,"flightPa
[13-Nov-2025 13:46:50 UTC] [Soltour API info] Details response structure: {"has_budget":false,"has_details":true,"has_error":false,"error_msg":null}
[13-Nov-2025 13:46:50 UTC] [Soltour API info] Getting details for budget: H50725##TI##0$5085740746729312673@@CLASSICAL01, hotel: H50725
[13-Nov-2025 13:46:50 UTC] [Soltour API info] Request to booking/details: {"productType":"PACKAGE","availToken":"gGdKyn71CDb+s9CDOXVa9aUtT7ddTG0HvnDLru5+jEY=","budgetId":"H50725##TI##0$5085740746729312673@@CLASSICAL01","hotelParams":{"hotelCode":"H50725","providerCode":"UNDEFINED"}}
[13-Nov-2025 13:46:50 UTC] [Soltour API info] Response from booking/details: {"availToken":"gGdKyn71CDb+s9CDOXVa9aUtT7ddTG0HvnDLru5+jEY=","timestamp":"2025-11-13T14:46:50.170940276","serviceType":"UNDEFINED","agencyInformation":{"clientCode":"BEAUTYT","branchOfficeCode":"999","taxApplicationType":"ISC","taxRate":0,"paymentType":"PP","commission":{"currency":"EUR","rate":15}},"params":{"startDate":"2025-11-23","endDate":"2025-11-30","accomodation":{"rooms":[{"passengers":[{"age":30,"type":"ADULT"},{"age":30,"type":"ADULT"}]}]},"residentType":"NONE","numNights":0,"flightPa
[13-Nov-2025 13:46:50 UTC] [Soltour API info] Details response structure: {"has_budget":false,"has_details":true,"has_error":false,"error_msg":null}
[13-Nov-2025 13:46:50 UTC] Loaded file: blur_effects.php
[13-Nov-2025 13:46:50 UTC] Loaded file: rkit_post_duplicator.php
[13-Nov-2025 13:46:50 UTC] Loaded file: rkit_tool_tips.php
[13-Nov-2025 13:46:50 UTC] Loaded file: rkit_wrapper_link.php
[13-Nov-2025 13:46:50 UTC] Class not found: \RomethemeKit\Rkit_Custom_Cursor
[13-Nov-2025 13:46:50 UTC] Instantiated class: \RomethemeKit\RkitDuplicator
[13-Nov-2025 13:46:50 UTC] Instantiated class: \RomethemeKit\BlurEffects
[13-Nov-2025 13:46:50 UTC] Class not found: \RomethemeKit\Rkit_Sticky_Content
[13-Nov-2025 13:46:50 UTC] Instantiated class: \RomethemeKit\RkitToolTips
[13-Nov-2025 13:46:50 UTC] Instantiated class: \RomethemeKit\RkitWrapperLink
[13-Nov-2025 13:46:50 UTC] [Soltour API info] Response from booking/details: {"availToken":"gGdKyn71CDb+s9CDOXVa9aUtT7ddTG0HvnDLru5+jEY=","timestamp":"2025-11-13T14:46:50.689881202","serviceType":"UNDEFINED","agencyInformation":{"clientCode":"BEAUTYT","branchOfficeCode":"999","taxApplicationType":"ISC","taxRate":0,"paymentType":"PP","commission":{"currency":"EUR","rate":15}},"params":{"startDate":"2025-11-23","endDate":"2025-11-30","accomodation":{"rooms":[{"passengers":[{"age":30,"type":"ADULT"},{"age":30,"type":"ADULT"}]}]},"residentType":"NONE","numNights":0,"flightPa
[13-Nov-2025 13:46:50 UTC] [Soltour API info] Details response structure: {"has_budget":false,"has_details":true,"has_error":false,"error_msg":null}
[13-Nov-2025 13:46:50 UTC] [Soltour API info] Getting details for budget: H1##TI##0$5267151652772473637@@CLASSICAL01, hotel: H1
[13-Nov-2025 13:46:50 UTC] [Soltour API info] Request to booking/details: {"productType":"PACKAGE","availToken":"gGdKyn71CDb+s9CDOXVa9aUtT7ddTG0HvnDLru5+jEY=","budgetId":"H1##TI##0$5267151652772473637@@CLASSICAL01","hotelParams":{"hotelCode":"H1","providerCode":"UNDEFINED"}}
[13-Nov-2025 13:46:51 UTC] [Soltour API info] Response from booking/details: {"availToken":"gGdKyn71CDb+s9CDOXVa9aUtT7ddTG0HvnDLru5+jEY=","timestamp":"2025-11-13T14:46:50.869525505","serviceType":"UNDEFINED","agencyInformation":{"clientCode":"BEAUTYT","branchOfficeCode":"999","taxApplicationType":"ISC","taxRate":0,"paymentType":"PP","commission":{"currency":"EUR","rate":15}},"params":{"startDate":"2025-11-23","endDate":"2025-11-30","accomodation":{"rooms":[{"passengers":[{"age":30,"type":"ADULT"},{"age":30,"type":"ADULT"}]}]},"residentType":"NONE","numNights":0,"flightPa
[13-Nov-2025 13:46:51 UTC] [Soltour API info] Details response structure: {"has_budget":false,"has_details":true,"has_error":false,"error_msg":null}
[13-Nov-2025 13:46:51 UTC] Loaded file: blur_effects.php
[13-Nov-2025 13:46:51 UTC] Loaded file: rkit_post_duplicator.php
[13-Nov-2025 13:46:51 UTC] Loaded file: rkit_tool_tips.php
[13-Nov-2025 13:46:51 UTC] Loaded file: rkit_wrapper_link.php
[13-Nov-2025 13:46:51 UTC] Class not found: \RomethemeKit\Rkit_Custom_Cursor
[13-Nov-2025 13:46:51 UTC] Instantiated class: \RomethemeKit\RkitDuplicator
[13-Nov-2025 13:46:51 UTC] Instantiated class: \RomethemeKit\BlurEffects
[13-Nov-2025 13:46:51 UTC] Class not found: \RomethemeKit\Rkit_Sticky_Content
[13-Nov-2025 13:46:51 UTC] Instantiated class: \RomethemeKit\RkitToolTips
[13-Nov-2025 13:46:51 UTC] Instantiated class: \RomethemeKit\RkitWrapperLink
[13-Nov-2025 13:46:51 UTC] Loaded file: blur_effects.php
[13-Nov-2025 13:46:51 UTC] Loaded file: rkit_post_duplicator.php
[13-Nov-2025 13:46:51 UTC] Loaded file: rkit_tool_tips.php
[13-Nov-2025 13:46:51 UTC] Loaded file: rkit_wrapper_link.php
[13-Nov-2025 13:46:51 UTC] Class not found: \RomethemeKit\Rkit_Custom_Cursor
[13-Nov-2025 13:46:51 UTC] Instantiated class: \RomethemeKit\RkitDuplicator
[13-Nov-2025 13:46:51 UTC] Instantiated class: \RomethemeKit\BlurEffects
[13-Nov-2025 13:46:51 UTC] Class not found: \RomethemeKit\Rkit_Sticky_Content
[13-Nov-2025 13:46:51 UTC] Instantiated class: \RomethemeKit\RkitToolTips
[13-Nov-2025 13:46:51 UTC] Instantiated class: \RomethemeKit\RkitWrapperLink
[13-Nov-2025 13:46:51 UTC] Loaded file: blur_effects.php
[13-Nov-2025 13:46:51 UTC] Loaded file: rkit_post_duplicator.php
[13-Nov-2025 13:46:51 UTC] Loaded file: rkit_tool_tips.php
[13-Nov-2025 13:46:51 UTC] Loaded file: rkit_wrapper_link.php
[13-Nov-2025 13:46:51 UTC] Class not found: \RomethemeKit\Rkit_Custom_Cursor
[13-Nov-2025 13:46:51 UTC] Instantiated class: \RomethemeKit\RkitDuplicator
[13-Nov-2025 13:46:51 UTC] Instantiated class: \RomethemeKit\BlurEffects
[13-Nov-2025 13:46:51 UTC] Class not found: \RomethemeKit\Rkit_Sticky_Content
[13-Nov-2025 13:46:51 UTC] Instantiated class: \RomethemeKit\RkitToolTips
[13-Nov-2025 13:46:51 UTC] Instantiated class: \RomethemeKit\RkitWrapperLink
[13-Nov-2025 13:46:51 UTC] [Soltour API info] Response from booking/details: {"availToken":"gGdKyn71CDb+s9CDOXVa9aUtT7ddTG0HvnDLru5+jEY=","timestamp":"2025-11-13T14:46:51.726830277","serviceType":"UNDEFINED","agencyInformation":{"clientCode":"BEAUTYT","branchOfficeCode":"999","taxApplicationType":"ISC","taxRate":0,"paymentType":"PP","commission":{"currency":"EUR","rate":15}},"params":{"startDate":"2025-11-23","endDate":"2025-11-30","accomodation":{"rooms":[{"passengers":[{"age":30,"type":"ADULT"},{"age":30,"type":"ADULT"}]}]},"residentType":"NONE","numNights":0,"flightPa
[13-Nov-2025 13:46:51 UTC] [Soltour API info] Details response structure: {"has_budget":false,"has_details":true,"has_error":false,"error_msg":null}
[13-Nov-2025 13:46:52 UTC] [Soltour API info] Getting details for budget: H14##TI##0$4811272193316369721@@CLASSICAL01, hotel: H14
[13-Nov-2025 13:46:52 UTC] [Soltour API info] Request to booking/details: {"productType":"PACKAGE","availToken":"gGdKyn71CDb+s9CDOXVa9aUtT7ddTG0HvnDLru5+jEY=","budgetId":"H14##TI##0$4811272193316369721@@CLASSICAL01","hotelParams":{"hotelCode":"H14","providerCode":"UNDEFINED"}}
[13-Nov-2025 13:46:52 UTC] [Soltour API info] Getting details for budget: H13##TI##0$4937816341409306121@@CLASSICAL01, hotel: H13
[13-Nov-2025 13:46:52 UTC] [Soltour API info] Request to booking/details: {"productType":"PACKAGE","availToken":"gGdKyn71CDb+s9CDOXVa9aUtT7ddTG0HvnDLru5+jEY=","budgetId":"H13##TI##0$4937816341409306121@@CLASSICAL01","hotelParams":{"hotelCode":"H13","providerCode":"UNDEFINED"}}
[13-Nov-2025 13:46:52 UTC] [Soltour API info] Getting details for budget: H35##TI##0$5691424147136800594@@CLASSICAL01, hotel: H35
[13-Nov-2025 13:46:52 UTC] [Soltour API info] Request to booking/details: {"productType":"PACKAGE","availToken":"gGdKyn71CDb+s9CDOXVa9aUtT7ddTG0HvnDLru5+jEY=","budgetId":"H35##TI##0$5691424147136800594@@CLASSICAL01","hotelParams":{"hotelCode":"H35","providerCode":"UNDEFINED"}}
[13-Nov-2025 13:46:52 UTC] Loaded file: blur_effects.php
[13-Nov-2025 13:46:52 UTC] Loaded file: rkit_post_duplicator.php
[13-Nov-2025 13:46:52 UTC] Loaded file: rkit_tool_tips.php
[13-Nov-2025 13:46:52 UTC] Loaded file: rkit_wrapper_link.php
[13-Nov-2025 13:46:52 UTC] Class not found: \RomethemeKit\Rkit_Custom_Cursor
[13-Nov-2025 13:46:52 UTC] Instantiated class: \RomethemeKit\RkitDuplicator
[13-Nov-2025 13:46:52 UTC] Instantiated class: \RomethemeKit\BlurEffects
[13-Nov-2025 13:46:52 UTC] Class not found: \RomethemeKit\Rkit_Sticky_Content
[13-Nov-2025 13:46:52 UTC] Instantiated class: \RomethemeKit\RkitToolTips
[13-Nov-2025 13:46:52 UTC] Instantiated class: \RomethemeKit\RkitWrapperLink
[13-Nov-2025 13:46:52 UTC] [Soltour API info] Response from booking/details: {"availToken":"gGdKyn71CDb+s9CDOXVa9aUtT7ddTG0HvnDLru5+jEY=","timestamp":"2025-11-13T14:46:51.996011320","serviceType":"UNDEFINED","agencyInformation":{"clientCode":"BEAUTYT","branchOfficeCode":"999","taxApplicationType":"ISC","taxRate":0,"paymentType":"PP","commission":{"currency":"EUR","rate":15}},"params":{"startDate":"2025-11-23","endDate":"2025-11-30","accomodation":{"rooms":[{"passengers":[{"age":30,"type":"ADULT"},{"age":30,"type":"ADULT"}]}]},"residentType":"NONE","numNights":0,"flightPa
[13-Nov-2025 13:46:52 UTC] [Soltour API info] Details response structure: {"has_budget":false,"has_details":true,"has_error":false,"error_msg":null}
[13-Nov-2025 13:46:52 UTC] [Soltour API info] Response from booking/details: {"availToken":"gGdKyn71CDb+s9CDOXVa9aUtT7ddTG0HvnDLru5+jEY=","timestamp":"2025-11-13T14:46:52.576743216","serviceType":"UNDEFINED","agencyInformation":{"clientCode":"BEAUTYT","branchOfficeCode":"999","taxApplicationType":"ISC","taxRate":0,"paymentType":"PP","commission":{"currency":"EUR","rate":15}},"params":{"startDate":"2025-11-23","endDate":"2025-11-30","accomodation":{"rooms":[{"passengers":[{"age":30,"type":"ADULT"},{"age":30,"type":"ADULT"}]}]},"residentType":"NONE","numNights":0,"flightPa
[13-Nov-2025 13:46:52 UTC] [Soltour API info] Details response structure: {"has_budget":false,"has_details":true,"has_error":false,"error_msg":null}
[13-Nov-2025 13:46:52 UTC] [Soltour API info] Response from booking/details: {"availToken":"gGdKyn71CDb+s9CDOXVa9aUtT7ddTG0HvnDLru5+jEY=","timestamp":"2025-11-13T14:46:52.648079014","serviceType":"UNDEFINED","agencyInformation":{"clientCode":"BEAUTYT","branchOfficeCode":"999","taxApplicationType":"ISC","taxRate":0,"paymentType":"PP","commission":{"currency":"EUR","rate":15}},"params":{"startDate":"2025-11-23","endDate":"2025-11-30","accomodation":{"rooms":[{"passengers":[{"age":30,"type":"ADULT"},{"age":30,"type":"ADULT"}]}]},"residentType":"NONE","numNights":0,"flightPa
[13-Nov-2025 13:46:52 UTC] [Soltour API info] Details response structure: {"has_budget":false,"has_details":true,"has_error":false,"error_msg":null}
[13-Nov-2025 13:46:52 UTC] [Soltour API info] Getting details for budget: H3##TI##0$4742172674132736842@@CLASSICAL01, hotel: H3
[13-Nov-2025 13:46:52 UTC] [Soltour API info] Request to booking/details: {"productType":"PACKAGE","availToken":"gGdKyn71CDb+s9CDOXVa9aUtT7ddTG0HvnDLru5+jEY=","budgetId":"H3##TI##0$4742172674132736842@@CLASSICAL01","hotelParams":{"hotelCode":"H3","providerCode":"UNDEFINED"}}
[13-Nov-2025 13:46:53 UTC] [Soltour API info] Response from booking/details: {"availToken":"gGdKyn71CDb+s9CDOXVa9aUtT7ddTG0HvnDLru5+jEY=","timestamp":"2025-11-13T14:46:53.005286356","serviceType":"UNDEFINED","agencyInformation":{"clientCode":"BEAUTYT","branchOfficeCode":"999","taxApplicationType":"ISC","taxRate":0,"paymentType":"PP","commission":{"currency":"EUR","rate":15}},"params":{"startDate":"2025-11-23","endDate":"2025-11-30","accomodation":{"rooms":[{"passengers":[{"age":30,"type":"ADULT"},{"age":30,"type":"ADULT"}]}]},"residentType":"NONE","numNights":0,"flightPa
[13-Nov-2025 13:46:53 UTC] [Soltour API info] Details response structure: {"has_budget":false,"has_details":true,"has_error":false,"error_msg":null}
[13-Nov-2025 13:46:53 UTC] [Soltour API info] Response from booking/details: {"availToken":"gGdKyn71CDb+s9CDOXVa9aUtT7ddTG0HvnDLru5+jEY=","timestamp":"2025-11-13T14:46:53.508525927","serviceType":"UNDEFINED","agencyInformation":{"clientCode":"BEAUTYT","branchOfficeCode":"999","taxApplicationType":"ISC","taxRate":0,"paymentType":"PP","commission":{"currency":"EUR","rate":15}},"params":{"startDate":"2025-11-23","endDate":"2025-11-30","accomodation":{"rooms":[{"passengers":[{"age":30,"type":"ADULT"},{"age":30,"type":"ADULT"}]}]},"residentType":"NONE","numNights":0,"flightPa
[13-Nov-2025 13:46:53 UTC] [Soltour API info] Details response structure: {"has_budget":false,"has_details":true,"has_error":false,"error_msg":null}
[13-Nov-2025 13:46:53 UTC] Loaded file: blur_effects.php
[13-Nov-2025 13:46:53 UTC] Loaded file: rkit_post_duplicator.php
[13-Nov-2025 13:46:53 UTC] Loaded file: rkit_tool_tips.php
[13-Nov-2025 13:46:53 UTC] Loaded file: rkit_wrapper_link.php
[13-Nov-2025 13:46:53 UTC] Class not found: \RomethemeKit\Rkit_Custom_Cursor
[13-Nov-2025 13:46:53 UTC] Instantiated class: \RomethemeKit\RkitDuplicator
[13-Nov-2025 13:46:53 UTC] Instantiated class: \RomethemeKit\BlurEffects
[13-Nov-2025 13:46:53 UTC] Class not found: \RomethemeKit\Rkit_Sticky_Content
[13-Nov-2025 13:46:53 UTC] Instantiated class: \RomethemeKit\RkitToolTips
[13-Nov-2025 13:46:53 UTC] Instantiated class: \RomethemeKit\RkitWrapperLink
[13-Nov-2025 13:46:53 UTC] Loaded file: blur_effects.php
[13-Nov-2025 13:46:53 UTC] Loaded file: rkit_post_duplicator.php
[13-Nov-2025 13:46:53 UTC] Loaded file: rkit_tool_tips.php
[13-Nov-2025 13:46:53 UTC] Loaded file: rkit_wrapper_link.php
[13-Nov-2025 13:46:53 UTC] Class not found: \RomethemeKit\Rkit_Custom_Cursor
[13-Nov-2025 13:46:53 UTC] Instantiated class: \RomethemeKit\RkitDuplicator
[13-Nov-2025 13:46:53 UTC] Instantiated class: \RomethemeKit\BlurEffects
[13-Nov-2025 13:46:53 UTC] Class not found: \RomethemeKit\Rkit_Sticky_Content
[13-Nov-2025 13:46:53 UTC] Instantiated class: \RomethemeKit\RkitToolTips
[13-Nov-2025 13:46:53 UTC] Instantiated class: \RomethemeKit\RkitWrapperLink
[13-Nov-2025 13:46:53 UTC] Loaded file: blur_effects.php
[13-Nov-2025 13:46:53 UTC] Loaded file: rkit_post_duplicator.php
[13-Nov-2025 13:46:53 UTC] Loaded file: rkit_tool_tips.php
[13-Nov-2025 13:46:53 UTC] Loaded file: rkit_wrapper_link.php
[13-Nov-2025 13:46:53 UTC] Class not found: \RomethemeKit\Rkit_Custom_Cursor
[13-Nov-2025 13:46:53 UTC] Instantiated class: \RomethemeKit\RkitDuplicator
[13-Nov-2025 13:46:53 UTC] Instantiated class: \RomethemeKit\BlurEffects
[13-Nov-2025 13:46:53 UTC] Class not found: \RomethemeKit\Rkit_Sticky_Content
[13-Nov-2025 13:46:53 UTC] Instantiated class: \RomethemeKit\RkitToolTips
[13-Nov-2025 13:46:53 UTC] Instantiated class: \RomethemeKit\RkitWrapperLink
[13-Nov-2025 13:46:53 UTC] Loaded file: blur_effects.php
[13-Nov-2025 13:46:53 UTC] Loaded file: rkit_post_duplicator.php
[13-Nov-2025 13:46:53 UTC] Loaded file: rkit_tool_tips.php
[13-Nov-2025 13:46:53 UTC] Loaded file: rkit_wrapper_link.php
[13-Nov-2025 13:46:53 UTC] Class not found: \RomethemeKit\Rkit_Custom_Cursor
[13-Nov-2025 13:46:53 UTC] Instantiated class: \RomethemeKit\RkitDuplicator
[13-Nov-2025 13:46:53 UTC] Instantiated class: \RomethemeKit\BlurEffects
[13-Nov-2025 13:46:53 UTC] Class not found: \RomethemeKit\Rkit_Sticky_Content
[13-Nov-2025 13:46:53 UTC] Instantiated class: \RomethemeKit\RkitToolTips
[13-Nov-2025 13:46:53 UTC] Instantiated class: \RomethemeKit\RkitWrapperLink
[13-Nov-2025 13:46:54 UTC] [Soltour API info] Getting details for budget: H199537##TI##0$4964868363538872100@@CLASSICAL01, hotel: H199537
[13-Nov-2025 13:46:54 UTC] [Soltour API info] Request to booking/details: {"productType":"PACKAGE","availToken":"gGdKyn71CDb+s9CDOXVa9aUtT7ddTG0HvnDLru5+jEY=","budgetId":"H199537##TI##0$4964868363538872100@@CLASSICAL01","hotelParams":{"hotelCode":"H199537","providerCode":"UNDEFINED"}}
[13-Nov-2025 13:46:54 UTC] [Soltour API info] Getting details for budget: H224289##TI##0$4710613461943732346@@CLASSICAL01, hotel: H224289
[13-Nov-2025 13:46:54 UTC] [Soltour API info] Request to booking/details: {"productType":"PACKAGE","availToken":"gGdKyn71CDb+s9CDOXVa9aUtT7ddTG0HvnDLru5+jEY=","budgetId":"H224289##TI##0$4710613461943732346@@CLASSICAL01","hotelParams":{"hotelCode":"H224289","providerCode":"UNDEFINED"}}
[13-Nov-2025 13:46:54 UTC] [Soltour API info] Getting details for budget: H199373##TI##0$5262710164494955331@@CLASSICAL01, hotel: H199373
[13-Nov-2025 13:46:54 UTC] [Soltour API info] Request to booking/details: {"productType":"PACKAGE","availToken":"gGdKyn71CDb+s9CDOXVa9aUtT7ddTG0HvnDLru5+jEY=","budgetId":"H199373##TI##0$5262710164494955331@@CLASSICAL01","hotelParams":{"hotelCode":"H199373","providerCode":"UNDEFINED"}}
[13-Nov-2025 13:46:54 UTC] [Soltour API info] Getting details for budget: H199372##TI##0$5140418845974716998@@CLASSICAL01, hotel: H199372
[13-Nov-2025 13:46:54 UTC] [Soltour API info] Request to booking/details: {"productType":"PACKAGE","availToken":"gGdKyn71CDb+s9CDOXVa9aUtT7ddTG0HvnDLru5+jEY=","budgetId":"H199372##TI##0$5140418845974716998@@CLASSICAL01","hotelParams":{"hotelCode":"H199372","providerCode":"UNDEFINED"}}
[13-Nov-2025 13:46:54 UTC] Loaded file: blur_effects.php
[13-Nov-2025 13:46:54 UTC] Loaded file: rkit_post_duplicator.php
[13-Nov-2025 13:46:54 UTC] Loaded file: rkit_tool_tips.php
[13-Nov-2025 13:46:54 UTC] Loaded file: rkit_wrapper_link.php
[13-Nov-2025 13:46:54 UTC] Class not found: \RomethemeKit\Rkit_Custom_Cursor
[13-Nov-2025 13:46:54 UTC] Instantiated class: \RomethemeKit\RkitDuplicator
[13-Nov-2025 13:46:54 UTC] Instantiated class: \RomethemeKit\BlurEffects
[13-Nov-2025 13:46:54 UTC] Class not found: \RomethemeKit\Rkit_Sticky_Content
[13-Nov-2025 13:46:54 UTC] Instantiated class: \RomethemeKit\RkitToolTips
[13-Nov-2025 13:46:54 UTC] Instantiated class: \RomethemeKit\RkitWrapperLink
[13-Nov-2025 13:46:55 UTC] [Soltour API info] Response from booking/details: {"availToken":"gGdKyn71CDb+s9CDOXVa9aUtT7ddTG0HvnDLru5+jEY=","timestamp":"2025-11-13T14:46:54.910405308","serviceType":"UNDEFINED","agencyInformation":{"clientCode":"BEAUTYT","branchOfficeCode":"999","taxApplicationType":"ISC","taxRate":0,"paymentType":"PP","commission":{"currency":"EUR","rate":15}},"params":{"startDate":"2025-11-23","endDate":"2025-11-30","accomodation":{"rooms":[{"passengers":[{"age":30,"type":"ADULT"},{"age":30,"type":"ADULT"}]}]},"residentType":"NONE","numNights":0,"flightPa
[13-Nov-2025 13:46:55 UTC] [Soltour API info] Details response structure: {"has_budget":false,"has_details":true,"has_error":false,"error_msg":null}
[13-Nov-2025 13:46:55 UTC] [Soltour API info] Getting details for budget: H199374##TI##0$5212310080598899507@@CLASSICAL01, hotel: H199374
[13-Nov-2025 13:46:55 UTC] [Soltour API info] Request to booking/details: {"productType":"PACKAGE","availToken":"gGdKyn71CDb+s9CDOXVa9aUtT7ddTG0HvnDLru5+jEY=","budgetId":"H199374##TI##0$5212310080598899507@@CLASSICAL01","hotelParams":{"hotelCode":"H199374","providerCode":"UNDEFINED"}}
[13-Nov-2025 13:46:55 UTC] [Soltour API info] Response from booking/details: {"availToken":"gGdKyn71CDb+s9CDOXVa9aUtT7ddTG0HvnDLru5+jEY=","timestamp":"2025-11-13T14:46:54.936720705","serviceType":"UNDEFINED","agencyInformation":{"clientCode":"BEAUTYT","branchOfficeCode":"999","taxApplicationType":"ISC","taxRate":0,"paymentType":"PP","commission":{"currency":"EUR","rate":15}},"params":{"startDate":"2025-11-23","endDate":"2025-11-30","accomodation":{"rooms":[{"passengers":[{"age":30,"type":"ADULT"},{"age":30,"type":"ADULT"}]}]},"residentType":"NONE","numNights":0,"flightPa
[13-Nov-2025 13:46:55 UTC] [Soltour API info] Details response structure: {"has_budget":false,"has_details":true,"has_error":false,"error_msg":null}
[13-Nov-2025 13:46:55 UTC] [Soltour API info] Response from booking/details: {"availToken":"gGdKyn71CDb+s9CDOXVa9aUtT7ddTG0HvnDLru5+jEY=","timestamp":"2025-11-13T14:46:55.109850667","serviceType":"UNDEFINED","agencyInformation":{"clientCode":"BEAUTYT","branchOfficeCode":"999","taxApplicationType":"ISC","taxRate":0,"paymentType":"PP","commission":{"currency":"EUR","rate":15}},"params":{"startDate":"2025-11-23","endDate":"2025-11-30","accomodation":{"rooms":[{"passengers":[{"age":30,"type":"ADULT"},{"age":30,"type":"ADULT"}]}]},"residentType":"NONE","numNights":0,"flightPa
[13-Nov-2025 13:46:55 UTC] [Soltour API info] Details response structure: {"has_budget":false,"has_details":true,"has_error":false,"error_msg":null}
[13-Nov-2025 13:46:55 UTC] [Soltour API info] Response from booking/details: {"availToken":"gGdKyn71CDb+s9CDOXVa9aUtT7ddTG0HvnDLru5+jEY=","timestamp":"2025-11-13T14:46:55.175037362","serviceType":"UNDEFINED","agencyInformation":{"clientCode":"BEAUTYT","branchOfficeCode":"999","taxApplicationType":"ISC","taxRate":0,"paymentType":"PP","commission":{"currency":"EUR","rate":15}},"params":{"startDate":"2025-11-23","endDate":"2025-11-30","accomodation":{"rooms":[{"passengers":[{"age":30,"type":"ADULT"},{"age":30,"type":"ADULT"}]}]},"residentType":"NONE","numNights":0,"flightPa
[13-Nov-2025 13:46:55 UTC] [Soltour API info] Details response structure: {"has_budget":false,"has_details":true,"has_error":false,"error_msg":null}
[13-Nov-2025 13:46:55 UTC] [Soltour API info] Response from booking/details: {"availToken":"gGdKyn71CDb+s9CDOXVa9aUtT7ddTG0HvnDLru5+jEY=","timestamp":"2025-11-13T14:46:55.508057907","serviceType":"UNDEFINED","agencyInformation":{"clientCode":"BEAUTYT","branchOfficeCode":"999","taxApplicationType":"ISC","taxRate":0,"paymentType":"PP","commission":{"currency":"EUR","rate":15}},"params":{"startDate":"2025-11-23","endDate":"2025-11-30","accomodation":{"rooms":[{"passengers":[{"age":30,"type":"ADULT"},{"age":30,"type":"ADULT"}]}]},"residentType":"NONE","numNights":0,"flightPa
[13-Nov-2025 13:46:55 UTC] [Soltour API info] Details response structure: {"has_budget":false,"has_details":true,"has_error":false,"error_msg":null}
[13-Nov-2025 13:47:09 UTC] Loaded file: blur_effects.php
[13-Nov-2025 13:47:09 UTC] Loaded file: rkit_post_duplicator.php
[13-Nov-2025 13:47:09 UTC] Loaded file: rkit_tool_tips.php
[13-Nov-2025 13:47:09 UTC] Loaded file: rkit_wrapper_link.php
[13-Nov-2025 13:47:09 UTC] Class not found: \RomethemeKit\Rkit_Custom_Cursor
[13-Nov-2025 13:47:09 UTC] Instantiated class: \RomethemeKit\RkitDuplicator
[13-Nov-2025 13:47:09 UTC] Instantiated class: \RomethemeKit\BlurEffects
[13-Nov-2025 13:47:09 UTC] Class not found: \RomethemeKit\Rkit_Sticky_Content
[13-Nov-2025 13:47:09 UTC] Instantiated class: \RomethemeKit\RkitToolTips
[13-Nov-2025 13:47:09 UTC] Instantiated class: \RomethemeKit\RkitWrapperLink
[13-Nov-2025 13:48:09 UTC] Loaded file: blur_effects.php
[13-Nov-2025 13:48:09 UTC] Loaded file: rkit_post_duplicator.php
[13-Nov-2025 13:48:09 UTC] Loaded file: rkit_tool_tips.php
[13-Nov-2025 13:48:09 UTC] Loaded file: rkit_wrapper_link.php
[13-Nov-2025 13:48:09 UTC] Class not found: \RomethemeKit\Rkit_Custom_Cursor
[13-Nov-2025 13:48:09 UTC] Instantiated class: \RomethemeKit\RkitDuplicator
[13-Nov-2025 13:48:09 UTC] Instantiated class: \RomethemeKit\BlurEffects
[13-Nov-2025 13:48:09 UTC] Class not found: \RomethemeKit\Rkit_Sticky_Content
[13-Nov-2025 13:48:09 UTC] Instantiated class: \RomethemeKit\RkitToolTips
[13-Nov-2025 13:48:09 UTC] Instantiated class: \RomethemeKit\RkitWrapperLink
[13-Nov-2025 13:48:10 UTC] Loaded file: blur_effects.php
[13-Nov-2025 13:48:10 UTC] Loaded file: rkit_post_duplicator.php
[13-Nov-2025 13:48:10 UTC] Loaded file: rkit_tool_tips.php
[13-Nov-2025 13:48:10 UTC] Loaded file: rkit_wrapper_link.php
[13-Nov-2025 13:48:10 UTC] Class not found: \RomethemeKit\Rkit_Custom_Cursor
[13-Nov-2025 13:48:10 UTC] Instantiated class: \RomethemeKit\RkitDuplicator
[13-Nov-2025 13:48:10 UTC] Instantiated class: \RomethemeKit\BlurEffects
[13-Nov-2025 13:48:10 UTC] Class not found: \RomethemeKit\Rkit_Sticky_Content
[13-Nov-2025 13:48:10 UTC] Instantiated class: \RomethemeKit\RkitToolTips
[13-Nov-2025 13:48:10 UTC] Instantiated class: \RomethemeKit\RkitWrapperLink
[13-Nov-2025 13:50:09 UTC] Loaded file: blur_effects.php
[13-Nov-2025 13:50:09 UTC] Loaded file: rkit_post_duplicator.php
[13-Nov-2025 13:50:09 UTC] Loaded file: rkit_tool_tips.php
[13-Nov-2025 13:50:09 UTC] Loaded file: rkit_wrapper_link.php
[13-Nov-2025 13:50:09 UTC] Class not found: \RomethemeKit\Rkit_Custom_Cursor
[13-Nov-2025 13:50:09 UTC] Instantiated class: \RomethemeKit\RkitDuplicator
[13-Nov-2025 13:50:09 UTC] Instantiated class: \RomethemeKit\BlurEffects
[13-Nov-2025 13:50:09 UTC] Class not found: \RomethemeKit\Rkit_Sticky_Content
[13-Nov-2025 13:50:09 UTC] Instantiated class: \RomethemeKit\RkitToolTips
[13-Nov-2025 13:50:09 UTC] Instantiated class: \RomethemeKit\RkitWrapperLink
[13-Nov-2025 13:50:10 UTC] Loaded file: blur_effects.php
[13-Nov-2025 13:50:10 UTC] Loaded file: rkit_post_duplicator.php
[13-Nov-2025 13:50:10 UTC] Loaded file: rkit_tool_tips.php
[13-Nov-2025 13:50:10 UTC] Loaded file: rkit_wrapper_link.php
[13-Nov-2025 13:50:10 UTC] Class not found: \RomethemeKit\Rkit_Custom_Cursor
[13-Nov-2025 13:50:10 UTC] Instantiated class: \RomethemeKit\RkitDuplicator
[13-Nov-2025 13:50:10 UTC] Instantiated class: \RomethemeKit\BlurEffects
[13-Nov-2025 13:50:10 UTC] Class not found: \RomethemeKit\Rkit_Sticky_Content
[13-Nov-2025 13:50:10 UTC] Instantiated class: \RomethemeKit\RkitToolTips
[13-Nov-2025 13:50:10 UTC] Instantiated class: \RomethemeKit\RkitWrapperLink
