[09-Nov-2025 18:50:31 UTC] Loaded file: blur_effects.php
[09-Nov-2025 18:50:31 UTC] Loaded file: rkit_post_duplicator.php
[09-Nov-2025 18:50:31 UTC] Loaded file: rkit_tool_tips.php
[09-Nov-2025 18:50:31 UTC] Loaded file: rkit_wrapper_link.php
[09-Nov-2025 18:50:31 UTC] Class not found: \RomethemeKit\Rkit_Custom_Cursor
[09-Nov-2025 18:50:31 UTC] Instantiated class: \RomethemeKit\RkitDuplicator
[09-Nov-2025 18:50:31 UTC] Instantiated class: \RomethemeKit\BlurEffects
[09-Nov-2025 18:50:31 UTC] Class not found: \RomethemeKit\Rkit_Sticky_Content
[09-Nov-2025 18:50:31 UTC] Instantiated class: \RomethemeKit\RkitToolTips
[09-Nov-2025 18:50:31 UTC] Instantiated class: \RomethemeKit\RkitWrapperLink
[09-Nov-2025 18:50:31 UTC] Loaded file: blur_effects.php
[09-Nov-2025 18:50:31 UTC] Loaded file: rkit_post_duplicator.php
[09-Nov-2025 18:50:31 UTC] Loaded file: rkit_tool_tips.php
[09-Nov-2025 18:50:31 UTC] Loaded file: rkit_wrapper_link.php
[09-Nov-2025 18:50:31 UTC] Class not found: \RomethemeKit\Rkit_Custom_Cursor
[09-Nov-2025 18:50:31 UTC] Instantiated class: \RomethemeKit\RkitDuplicator
[09-Nov-2025 18:50:31 UTC] Instantiated class: \RomethemeKit\BlurEffects
[09-Nov-2025 18:50:31 UTC] Class not found: \RomethemeKit\Rkit_Sticky_Content
[09-Nov-2025 18:50:31 UTC] Instantiated class: \RomethemeKit\RkitToolTips
[09-Nov-2025 18:50:31 UTC] Instantiated class: \RomethemeKit\RkitWrapperLink
[09-Nov-2025 18:50:40 UTC] Loaded file: blur_effects.php
[09-Nov-2025 18:50:40 UTC] Loaded file: rkit_post_duplicator.php
[09-Nov-2025 18:50:40 UTC] Loaded file: rkit_tool_tips.php
[09-Nov-2025 18:50:40 UTC] Loaded file: rkit_wrapper_link.php
[09-Nov-2025 18:50:40 UTC] Class not found: \RomethemeKit\Rkit_Custom_Cursor
[09-Nov-2025 18:50:40 UTC] Instantiated class: \RomethemeKit\RkitDuplicator
[09-Nov-2025 18:50:40 UTC] Instantiated class: \RomethemeKit\BlurEffects
[09-Nov-2025 18:50:40 UTC] Class not found: \RomethemeKit\Rkit_Sticky_Content
[09-Nov-2025 18:50:40 UTC] Instantiated class: \RomethemeKit\RkitToolTips
[09-Nov-2025 18:50:40 UTC] Instantiated class: \RomethemeKit\RkitWrapperLink
[09-Nov-2025 18:50:40 UTC] Loaded file: blur_effects.php
[09-Nov-2025 18:50:40 UTC] Loaded file: rkit_post_duplicator.php
[09-Nov-2025 18:50:40 UTC] Loaded file: rkit_tool_tips.php
[09-Nov-2025 18:50:40 UTC] Loaded file: rkit_wrapper_link.php
[09-Nov-2025 18:50:40 UTC] Class not found: \RomethemeKit\Rkit_Custom_Cursor
[09-Nov-2025 18:50:40 UTC] Instantiated class: \RomethemeKit\RkitDuplicator
[09-Nov-2025 18:50:40 UTC] Instantiated class: \RomethemeKit\BlurEffects
[09-Nov-2025 18:50:40 UTC] Class not found: \RomethemeKit\Rkit_Sticky_Content
[09-Nov-2025 18:50:40 UTC] Instantiated class: \RomethemeKit\RkitToolTips
[09-Nov-2025 18:50:40 UTC] Instantiated class: \RomethemeKit\RkitWrapperLink
[09-Nov-2025 18:50:42 UTC] Loaded file: blur_effects.php
[09-Nov-2025 18:50:42 UTC] Loaded file: rkit_post_duplicator.php
[09-Nov-2025 18:50:42 UTC] Loaded file: rkit_tool_tips.php
[09-Nov-2025 18:50:42 UTC] Loaded file: rkit_wrapper_link.php
[09-Nov-2025 18:50:42 UTC] Class not found: \RomethemeKit\Rkit_Custom_Cursor
[09-Nov-2025 18:50:42 UTC] Instantiated class: \RomethemeKit\RkitDuplicator
[09-Nov-2025 18:50:42 UTC] Instantiated class: \RomethemeKit\BlurEffects
[09-Nov-2025 18:50:42 UTC] Class not found: \RomethemeKit\Rkit_Sticky_Content
[09-Nov-2025 18:50:42 UTC] Instantiated class: \RomethemeKit\RkitToolTips
[09-Nov-2025 18:50:42 UTC] Instantiated class: \RomethemeKit\RkitWrapperLink
[09-Nov-2025 18:50:43 UTC] Soltour Booking V2: Plugin ativado com sucesso
[09-Nov-2025 18:50:43 UTC] Loaded file: blur_effects.php
[09-Nov-2025 18:50:43 UTC] Loaded file: rkit_post_duplicator.php
[09-Nov-2025 18:50:43 UTC] Loaded file: rkit_tool_tips.php
[09-Nov-2025 18:50:43 UTC] Loaded file: rkit_wrapper_link.php
[09-Nov-2025 18:50:43 UTC] Class not found: \RomethemeKit\Rkit_Custom_Cursor
[09-Nov-2025 18:50:43 UTC] Instantiated class: \RomethemeKit\RkitDuplicator
[09-Nov-2025 18:50:43 UTC] Instantiated class: \RomethemeKit\BlurEffects
[09-Nov-2025 18:50:43 UTC] Class not found: \RomethemeKit\Rkit_Sticky_Content
[09-Nov-2025 18:50:43 UTC] Instantiated class: \RomethemeKit\RkitToolTips
[09-Nov-2025 18:50:43 UTC] Instantiated class: \RomethemeKit\RkitWrapperLink
[09-Nov-2025 18:50:43 UTC] [Soltour API info] Request to login/login: {"brand":"SOLTOUR","market":"XMLPT","languageCode":"PT","username":"BEAUTYT999","password":"XMLBEAUTYT999"}
[09-Nov-2025 18:50:43 UTC] [Soltour API info] Response from login/login: {"sessionToken":"eyJhbGciOiJIUzI1NiIsInR5cCI6IkpXVCJ9.eyJ1IjoiQkVBVVRZVDk5OSIsImRiaSI6IjQwMDI5OTMzIiwiYiI6IlNPTFRPVVIiLCJtIjoiWE1MUFQiLCJsbmciOiJQVCIsImNsIjoiQkVBVVRZVCIsIm9mIjoiOTk5IiwiYXBwIjpudWxsLCJtYWlsIjoiY3VuaGFAYmVhdXR5dHJhdmVsLnB0IiwicmwiOlsiQUdFTkNJQSIsIkNPTVVOIiwiQ09OU1VMVEEiLCJGQUNUVVJBQ0lPTiIsIk5FV19XRUIiXSwidG0iOjE3NjI3MTQyNDM4NDAsInN0cHRtIjpudWxsLCJzdHBqd3QiOm51bGwsInN0cGlkIjpudWxsLCJvdmMiOmZhbHNlLCJzZWxsIjp0cnVlLCJhcHQiOm51bGwsImRldCI6dHJ1ZSwibmV4cCI6dHJ1ZSwic2VpeiI6ZmFsc2UsInVhZ0
[09-Nov-2025 18:50:43 UTC] [Soltour API info] Session token obtido com sucesso
[09-Nov-2025 18:50:46 UTC] Loaded file: blur_effects.php
[09-Nov-2025 18:50:46 UTC] Loaded file: rkit_post_duplicator.php
[09-Nov-2025 18:50:46 UTC] Loaded file: rkit_tool_tips.php
[09-Nov-2025 18:50:46 UTC] Loaded file: rkit_wrapper_link.php
[09-Nov-2025 18:50:46 UTC] Class not found: \RomethemeKit\Rkit_Custom_Cursor
[09-Nov-2025 18:50:46 UTC] Instantiated class: \RomethemeKit\RkitDuplicator
[09-Nov-2025 18:50:46 UTC] Instantiated class: \RomethemeKit\BlurEffects
[09-Nov-2025 18:50:46 UTC] Class not found: \RomethemeKit\Rkit_Sticky_Content
[09-Nov-2025 18:50:46 UTC] Instantiated class: \RomethemeKit\RkitToolTips
[09-Nov-2025 18:50:46 UTC] Instantiated class: \RomethemeKit\RkitWrapperLink
[09-Nov-2025 18:50:46 UTC] Loaded file: blur_effects.php
[09-Nov-2025 18:50:46 UTC] Loaded file: rkit_post_duplicator.php
[09-Nov-2025 18:50:46 UTC] Loaded file: rkit_tool_tips.php
[09-Nov-2025 18:50:46 UTC] Loaded file: rkit_wrapper_link.php
[09-Nov-2025 18:50:46 UTC] Class not found: \RomethemeKit\Rkit_Custom_Cursor
[09-Nov-2025 18:50:46 UTC] Instantiated class: \RomethemeKit\RkitDuplicator
[09-Nov-2025 18:50:46 UTC] Instantiated class: \RomethemeKit\BlurEffects
[09-Nov-2025 18:50:46 UTC] Class not found: \RomethemeKit\Rkit_Sticky_Content
[09-Nov-2025 18:50:46 UTC] Instantiated class: \RomethemeKit\RkitToolTips
[09-Nov-2025 18:50:46 UTC] Instantiated class: \RomethemeKit\RkitWrapperLink
[09-Nov-2025 18:50:50 UTC] Loaded file: blur_effects.php
[09-Nov-2025 18:50:50 UTC] Loaded file: rkit_post_duplicator.php
[09-Nov-2025 18:50:50 UTC] Loaded file: rkit_tool_tips.php
[09-Nov-2025 18:50:50 UTC] Loaded file: rkit_wrapper_link.php
[09-Nov-2025 18:50:50 UTC] Class not found: \RomethemeKit\Rkit_Custom_Cursor
[09-Nov-2025 18:50:50 UTC] Instantiated class: \RomethemeKit\RkitDuplicator
[09-Nov-2025 18:50:50 UTC] Instantiated class: \RomethemeKit\BlurEffects
[09-Nov-2025 18:50:50 UTC] Class not found: \RomethemeKit\Rkit_Sticky_Content
[09-Nov-2025 18:50:50 UTC] Instantiated class: \RomethemeKit\RkitToolTips
[09-Nov-2025 18:50:50 UTC] Instantiated class: \RomethemeKit\RkitWrapperLink
[09-Nov-2025 18:50:59 UTC] Loaded file: blur_effects.php
[09-Nov-2025 18:50:59 UTC] Loaded file: rkit_post_duplicator.php
[09-Nov-2025 18:50:59 UTC] Loaded file: rkit_tool_tips.php
[09-Nov-2025 18:50:59 UTC] Loaded file: rkit_wrapper_link.php
[09-Nov-2025 18:50:59 UTC] Class not found: \RomethemeKit\Rkit_Custom_Cursor
[09-Nov-2025 18:50:59 UTC] Instantiated class: \RomethemeKit\RkitDuplicator
[09-Nov-2025 18:50:59 UTC] Instantiated class: \RomethemeKit\BlurEffects
[09-Nov-2025 18:50:59 UTC] Class not found: \RomethemeKit\Rkit_Sticky_Content
[09-Nov-2025 18:50:59 UTC] Instantiated class: \RomethemeKit\RkitToolTips
[09-Nov-2025 18:50:59 UTC] Instantiated class: \RomethemeKit\RkitWrapperLink
[09-Nov-2025 18:50:59 UTC] Loaded file: blur_effects.php
[09-Nov-2025 18:50:59 UTC] Loaded file: rkit_post_duplicator.php
[09-Nov-2025 18:50:59 UTC] Loaded file: rkit_tool_tips.php
[09-Nov-2025 18:50:59 UTC] Loaded file: rkit_wrapper_link.php
[09-Nov-2025 18:50:59 UTC] Class not found: \RomethemeKit\Rkit_Custom_Cursor
[09-Nov-2025 18:50:59 UTC] Instantiated class: \RomethemeKit\RkitDuplicator
[09-Nov-2025 18:50:59 UTC] Instantiated class: \RomethemeKit\BlurEffects
[09-Nov-2025 18:50:59 UTC] Class not found: \RomethemeKit\Rkit_Sticky_Content
[09-Nov-2025 18:50:59 UTC] Instantiated class: \RomethemeKit\RkitToolTips
[09-Nov-2025 18:50:59 UTC] Instantiated class: \RomethemeKit\RkitWrapperLink
[09-Nov-2025 18:50:59 UTC] Loaded file: blur_effects.php
[09-Nov-2025 18:50:59 UTC] Loaded file: rkit_post_duplicator.php
[09-Nov-2025 18:50:59 UTC] Loaded file: rkit_tool_tips.php
[09-Nov-2025 18:50:59 UTC] Loaded file: rkit_wrapper_link.php
[09-Nov-2025 18:50:59 UTC] Class not found: \RomethemeKit\Rkit_Custom_Cursor
[09-Nov-2025 18:50:59 UTC] Instantiated class: \RomethemeKit\RkitDuplicator
[09-Nov-2025 18:50:59 UTC] Instantiated class: \RomethemeKit\BlurEffects
[09-Nov-2025 18:50:59 UTC] Class not found: \RomethemeKit\Rkit_Sticky_Content
[09-Nov-2025 18:50:59 UTC] Instantiated class: \RomethemeKit\RkitToolTips
[09-Nov-2025 18:50:59 UTC] Instantiated class: \RomethemeKit\RkitWrapperLink
[09-Nov-2025 18:51:03 UTC] Loaded file: blur_effects.php
[09-Nov-2025 18:51:03 UTC] Loaded file: rkit_post_duplicator.php
[09-Nov-2025 18:51:03 UTC] Loaded file: rkit_tool_tips.php
[09-Nov-2025 18:51:03 UTC] Loaded file: rkit_wrapper_link.php
[09-Nov-2025 18:51:03 UTC] Class not found: \RomethemeKit\Rkit_Custom_Cursor
[09-Nov-2025 18:51:03 UTC] Instantiated class: \RomethemeKit\RkitDuplicator
[09-Nov-2025 18:51:03 UTC] Instantiated class: \RomethemeKit\BlurEffects
[09-Nov-2025 18:51:03 UTC] Class not found: \RomethemeKit\Rkit_Sticky_Content
[09-Nov-2025 18:51:03 UTC] Instantiated class: \RomethemeKit\RkitToolTips
[09-Nov-2025 18:51:03 UTC] Instantiated class: \RomethemeKit\RkitWrapperLink
[09-Nov-2025 18:51:04 UTC] Loaded file: blur_effects.php
[09-Nov-2025 18:51:04 UTC] Loaded file: rkit_post_duplicator.php
[09-Nov-2025 18:51:04 UTC] Loaded file: rkit_tool_tips.php
[09-Nov-2025 18:51:04 UTC] Loaded file: rkit_wrapper_link.php
[09-Nov-2025 18:51:04 UTC] Class not found: \RomethemeKit\Rkit_Custom_Cursor
[09-Nov-2025 18:51:04 UTC] Instantiated class: \RomethemeKit\RkitDuplicator
[09-Nov-2025 18:51:04 UTC] Instantiated class: \RomethemeKit\BlurEffects
[09-Nov-2025 18:51:04 UTC] Class not found: \RomethemeKit\Rkit_Sticky_Content
[09-Nov-2025 18:51:04 UTC] Instantiated class: \RomethemeKit\RkitToolTips
[09-Nov-2025 18:51:04 UTC] Instantiated class: \RomethemeKit\RkitWrapperLink
[09-Nov-2025 18:51:12 UTC] Loaded file: blur_effects.php
[09-Nov-2025 18:51:12 UTC] Loaded file: rkit_post_duplicator.php
[09-Nov-2025 18:51:12 UTC] Loaded file: rkit_tool_tips.php
[09-Nov-2025 18:51:12 UTC] Loaded file: rkit_wrapper_link.php
[09-Nov-2025 18:51:12 UTC] Class not found: \RomethemeKit\Rkit_Custom_Cursor
[09-Nov-2025 18:51:12 UTC] Instantiated class: \RomethemeKit\RkitDuplicator
[09-Nov-2025 18:51:12 UTC] Instantiated class: \RomethemeKit\BlurEffects
[09-Nov-2025 18:51:12 UTC] Class not found: \RomethemeKit\Rkit_Sticky_Content
[09-Nov-2025 18:51:12 UTC] Instantiated class: \RomethemeKit\RkitToolTips
[09-Nov-2025 18:51:12 UTC] Instantiated class: \RomethemeKit\RkitWrapperLink
[09-Nov-2025 18:51:12 UTC] [Soltour API info] Request to master/getAllOrigins: {"productType":"PACKAGE","destinationCode":"PUJ"}
[09-Nov-2025 18:51:12 UTC] [Soltour API info] Response from master/getAllOrigins: {"origins":[{"code":"LCG","name":"A Coruña","airportType":"AIRPORT","destinationCode":"LCG","destinationName":"LA CORUNA","description":"A Coruña","dynamic":false},{"code":"ABC","name":"Albacete","airportType":"AIRPORT","description":"Albacete","dynamic":false},{"code":"ALC","name":"Alicante","airportType":"AIRPORT","destinationCode":"ALC","destinationName":"ALICANTE","description":"Alicante","dynamic":false},{"code":"LEI","name":"Almería","airportType":"AIRPORT","destinationCode":"LEI","dest
[09-Nov-2025 18:51:19 UTC] Loaded file: blur_effects.php
[09-Nov-2025 18:51:19 UTC] Loaded file: rkit_post_duplicator.php
[09-Nov-2025 18:51:19 UTC] Loaded file: rkit_tool_tips.php
[09-Nov-2025 18:51:19 UTC] Loaded file: rkit_wrapper_link.php
[09-Nov-2025 18:51:19 UTC] Class not found: \RomethemeKit\Rkit_Custom_Cursor
[09-Nov-2025 18:51:19 UTC] Instantiated class: \RomethemeKit\RkitDuplicator
[09-Nov-2025 18:51:19 UTC] Instantiated class: \RomethemeKit\BlurEffects
[09-Nov-2025 18:51:19 UTC] Class not found: \RomethemeKit\Rkit_Sticky_Content
[09-Nov-2025 18:51:19 UTC] Instantiated class: \RomethemeKit\RkitToolTips
[09-Nov-2025 18:51:19 UTC] Instantiated class: \RomethemeKit\RkitWrapperLink
[09-Nov-2025 18:51:24 UTC] Loaded file: blur_effects.php
[09-Nov-2025 18:51:24 UTC] Loaded file: rkit_post_duplicator.php
[09-Nov-2025 18:51:24 UTC] Loaded file: rkit_tool_tips.php
[09-Nov-2025 18:51:24 UTC] Loaded file: rkit_wrapper_link.php
[09-Nov-2025 18:51:24 UTC] Class not found: \RomethemeKit\Rkit_Custom_Cursor
[09-Nov-2025 18:51:24 UTC] Instantiated class: \RomethemeKit\RkitDuplicator
[09-Nov-2025 18:51:24 UTC] Instantiated class: \RomethemeKit\BlurEffects
[09-Nov-2025 18:51:24 UTC] Class not found: \RomethemeKit\Rkit_Sticky_Content
[09-Nov-2025 18:51:24 UTC] Instantiated class: \RomethemeKit\RkitToolTips
[09-Nov-2025 18:51:24 UTC] Instantiated class: \RomethemeKit\RkitWrapperLink
[09-Nov-2025 18:51:24 UTC] Loaded file: blur_effects.php
[09-Nov-2025 18:51:24 UTC] Loaded file: rkit_post_duplicator.php
[09-Nov-2025 18:51:24 UTC] Loaded file: rkit_tool_tips.php
[09-Nov-2025 18:51:24 UTC] Loaded file: rkit_wrapper_link.php
[09-Nov-2025 18:51:24 UTC] Class not found: \RomethemeKit\Rkit_Custom_Cursor
[09-Nov-2025 18:51:24 UTC] Instantiated class: \RomethemeKit\RkitDuplicator
[09-Nov-2025 18:51:24 UTC] Instantiated class: \RomethemeKit\BlurEffects
[09-Nov-2025 18:51:24 UTC] Class not found: \RomethemeKit\Rkit_Sticky_Content
[09-Nov-2025 18:51:24 UTC] Instantiated class: \RomethemeKit\RkitToolTips
[09-Nov-2025 18:51:24 UTC] Instantiated class: \RomethemeKit\RkitWrapperLink
[09-Nov-2025 18:51:25 UTC] [Soltour API info] === AJAX SEARCH PACKAGES CALLED ===
[09-Nov-2025 18:51:25 UTC] [Soltour API info] Params recebidos do frontend:
[09-Nov-2025 18:51:25 UTC] [Soltour API info]   - first_item: 0
[09-Nov-2025 18:51:25 UTC] [Soltour API info]   - item_count: 10
[09-Nov-2025 18:51:25 UTC] [Soltour API info] Params completos: {"originCode":"MAD","destinationCode":"PUJ","startDate":"2025-11-16","numNights":7,"rooms":[{"passengers":[{"type":"ADULT","age":30},{"type":"ADULT","age":30}]}],"firstItem":0,"itemCount":10}
[09-Nov-2025 18:51:25 UTC] [Soltour API info] Enviando para API Soltour (booking/availability):
[09-Nov-2025 18:51:25 UTC] [Soltour API info]   - criteria.pagination.firstItem: 0
[09-Nov-2025 18:51:25 UTC] [Soltour API info]   - criteria.pagination.itemCount: 10
[09-Nov-2025 18:51:25 UTC] [Soltour API info] Request to booking/availability: {"productType":"PACKAGE","criteria":{"order":{"type":"PRICE","direction":"ASC"},"pagination":{"firstItem":0,"itemCount":10}},"languageCode":"PT","params":{"startDate":"2025-11-16","endDate":"2025-11-23","residentType":"NONE","accomodation":{"rooms":[{"passengers":[{"type":"ADULT","age":30},{"type":"ADULT","age":30}]}]},"hotelParams":{"destinationCode":"PUJ","includeImmediatePayment":true},"flightParams":{"itineraries":[{"origins":["MAD"],"destinations":["PUJ"]}],"directFlightsOnly":false,"includeImmediatePayment":true}}}
[09-Nov-2025 18:51:32 UTC] [Soltour API info] Response from booking/availability: {"productType":"PACKAGE","availToken":"YJuxcZ+7paBG2BG0yAZrIuMLNnXo8V+fytTKknx0bx8=","timestamp":"2025-11-09T19:51:25.449480124","serviceType":"UNDEFINED","agencyInformation":{"clientCode":"BEAUTYT","branchOfficeCode":"999","taxApplicationType":"ISC","taxRate":0,"paymentType":"PP","commission":{"currency":"EUR","rate":15}},"budgets":[{"booked":false,"selected":false,"hotelServices":[{"responseId":"vuHWs3ZwURZGni5qNBfIJREq9sHKJG9VfWDM33PRNNI=","id":"7dcb7990-a63f-4127-9d21-30f9f522d826","type":"H
[09-Nov-2025 18:51:32 UTC] [Soltour API info] Resposta da API Soltour:
[09-Nov-2025 18:51:32 UTC] [Soltour API info]   - budgets: 34
[09-Nov-2025 18:51:32 UTC] [Soltour API info]   - totalCount: 0
[09-Nov-2025 18:51:32 UTC] [Soltour API info]   - hotels: 32
[09-Nov-2025 18:51:32 UTC] [Soltour API info]   - availToken: SIM
[09-Nov-2025 18:51:33 UTC] Loaded file: blur_effects.php
[09-Nov-2025 18:51:33 UTC] Loaded file: rkit_post_duplicator.php
[09-Nov-2025 18:51:33 UTC] Loaded file: rkit_tool_tips.php
[09-Nov-2025 18:51:33 UTC] Loaded file: rkit_wrapper_link.php
[09-Nov-2025 18:51:33 UTC] Class not found: \RomethemeKit\Rkit_Custom_Cursor
[09-Nov-2025 18:51:33 UTC] Instantiated class: \RomethemeKit\RkitDuplicator
[09-Nov-2025 18:51:33 UTC] Instantiated class: \RomethemeKit\BlurEffects
[09-Nov-2025 18:51:33 UTC] Class not found: \RomethemeKit\Rkit_Sticky_Content
[09-Nov-2025 18:51:33 UTC] Instantiated class: \RomethemeKit\RkitToolTips
[09-Nov-2025 18:51:33 UTC] Instantiated class: \RomethemeKit\RkitWrapperLink
[09-Nov-2025 18:51:33 UTC] Loaded file: blur_effects.php
[09-Nov-2025 18:51:33 UTC] Loaded file: rkit_post_duplicator.php
[09-Nov-2025 18:51:33 UTC] Loaded file: rkit_tool_tips.php
[09-Nov-2025 18:51:33 UTC] Loaded file: rkit_wrapper_link.php
[09-Nov-2025 18:51:33 UTC] Class not found: \RomethemeKit\Rkit_Custom_Cursor
[09-Nov-2025 18:51:33 UTC] Instantiated class: \RomethemeKit\RkitDuplicator
[09-Nov-2025 18:51:33 UTC] Instantiated class: \RomethemeKit\BlurEffects
[09-Nov-2025 18:51:33 UTC] Class not found: \RomethemeKit\Rkit_Sticky_Content
[09-Nov-2025 18:51:33 UTC] Instantiated class: \RomethemeKit\RkitToolTips
[09-Nov-2025 18:51:33 UTC] Instantiated class: \RomethemeKit\RkitWrapperLink
[09-Nov-2025 18:51:33 UTC] Loaded file: blur_effects.php
[09-Nov-2025 18:51:33 UTC] Loaded file: rkit_post_duplicator.php
[09-Nov-2025 18:51:33 UTC] Loaded file: rkit_tool_tips.php
[09-Nov-2025 18:51:33 UTC] Loaded file: rkit_wrapper_link.php
[09-Nov-2025 18:51:33 UTC] Class not found: \RomethemeKit\Rkit_Custom_Cursor
[09-Nov-2025 18:51:33 UTC] Instantiated class: \RomethemeKit\RkitDuplicator
[09-Nov-2025 18:51:33 UTC] Instantiated class: \RomethemeKit\BlurEffects
[09-Nov-2025 18:51:33 UTC] Class not found: \RomethemeKit\Rkit_Sticky_Content
[09-Nov-2025 18:51:33 UTC] Instantiated class: \RomethemeKit\RkitToolTips
[09-Nov-2025 18:51:33 UTC] Instantiated class: \RomethemeKit\RkitWrapperLink
[09-Nov-2025 18:51:33 UTC] Loaded file: blur_effects.php
[09-Nov-2025 18:51:33 UTC] Loaded file: rkit_post_duplicator.php
[09-Nov-2025 18:51:33 UTC] Loaded file: rkit_tool_tips.php
[09-Nov-2025 18:51:33 UTC] Loaded file: rkit_wrapper_link.php
[09-Nov-2025 18:51:33 UTC] Class not found: \RomethemeKit\Rkit_Custom_Cursor
[09-Nov-2025 18:51:33 UTC] Instantiated class: \RomethemeKit\RkitDuplicator
[09-Nov-2025 18:51:33 UTC] Instantiated class: \RomethemeKit\BlurEffects
[09-Nov-2025 18:51:33 UTC] Class not found: \RomethemeKit\Rkit_Sticky_Content
[09-Nov-2025 18:51:33 UTC] Instantiated class: \RomethemeKit\RkitToolTips
[09-Nov-2025 18:51:33 UTC] Instantiated class: \RomethemeKit\RkitWrapperLink
[09-Nov-2025 18:51:33 UTC] Loaded file: blur_effects.php
[09-Nov-2025 18:51:33 UTC] Loaded file: rkit_post_duplicator.php
[09-Nov-2025 18:51:33 UTC] Loaded file: rkit_tool_tips.php
[09-Nov-2025 18:51:33 UTC] Loaded file: rkit_wrapper_link.php
[09-Nov-2025 18:51:33 UTC] Class not found: \RomethemeKit\Rkit_Custom_Cursor
[09-Nov-2025 18:51:33 UTC] Instantiated class: \RomethemeKit\RkitDuplicator
[09-Nov-2025 18:51:33 UTC] Instantiated class: \RomethemeKit\BlurEffects
[09-Nov-2025 18:51:33 UTC] Class not found: \RomethemeKit\Rkit_Sticky_Content
[09-Nov-2025 18:51:33 UTC] Instantiated class: \RomethemeKit\RkitToolTips
[09-Nov-2025 18:51:33 UTC] Instantiated class: \RomethemeKit\RkitWrapperLink
[09-Nov-2025 18:51:34 UTC] [Soltour API info] Getting details for budget: H24##TI##0$4792435786880433601@@FLEXIBLE01, hotel: H24
[09-Nov-2025 18:51:34 UTC] [Soltour API info] Request to booking/details: {"productType":"PACKAGE","availToken":"YJuxcZ+7paBG2BG0yAZrIuMLNnXo8V+fytTKknx0bx8=","budgetId":"H24##TI##0$4792435786880433601@@FLEXIBLE01","hotelParams":{"hotelCode":"H24","providerCode":"UNDEFINED"}}
[09-Nov-2025 18:51:34 UTC] [Soltour API info] Getting details for budget: H49702##TI##0$4816698708300821155@@FLEXIBLE01, hotel: H49702
[09-Nov-2025 18:51:34 UTC] [Soltour API info] Request to booking/details: {"productType":"PACKAGE","availToken":"YJuxcZ+7paBG2BG0yAZrIuMLNnXo8V+fytTKknx0bx8=","budgetId":"H49702##TI##0$4816698708300821155@@FLEXIBLE01","hotelParams":{"hotelCode":"H49702","providerCode":"UNDEFINED"}}
[09-Nov-2025 18:51:34 UTC] [Soltour API info] Getting details for budget: H99741##TI##0$5376005977703529973@@FLEXIBLE01, hotel: H99741
[09-Nov-2025 18:51:34 UTC] [Soltour API info] Request to booking/details: {"productType":"PACKAGE","availToken":"YJuxcZ+7paBG2BG0yAZrIuMLNnXo8V+fytTKknx0bx8=","budgetId":"H99741##TI##0$5376005977703529973@@FLEXIBLE01","hotelParams":{"hotelCode":"H99741","providerCode":"UNDEFINED"}}
[09-Nov-2025 18:51:34 UTC] [Soltour API info] Getting details for budget: H199543##SA##0$4627830644349506837@@FLEXIBLE01, hotel: H199543
[09-Nov-2025 18:51:34 UTC] [Soltour API info] Request to booking/details: {"productType":"PACKAGE","availToken":"YJuxcZ+7paBG2BG0yAZrIuMLNnXo8V+fytTKknx0bx8=","budgetId":"H199543##SA##0$4627830644349506837@@FLEXIBLE01","hotelParams":{"hotelCode":"H199543","providerCode":"UNDEFINED"}}
[09-Nov-2025 18:51:34 UTC] Loaded file: blur_effects.php
[09-Nov-2025 18:51:34 UTC] Loaded file: rkit_post_duplicator.php
[09-Nov-2025 18:51:34 UTC] Loaded file: rkit_tool_tips.php
[09-Nov-2025 18:51:34 UTC] Loaded file: rkit_wrapper_link.php
[09-Nov-2025 18:51:34 UTC] Class not found: \RomethemeKit\Rkit_Custom_Cursor
[09-Nov-2025 18:51:34 UTC] Instantiated class: \RomethemeKit\RkitDuplicator
[09-Nov-2025 18:51:34 UTC] Instantiated class: \RomethemeKit\BlurEffects
[09-Nov-2025 18:51:34 UTC] Class not found: \RomethemeKit\Rkit_Sticky_Content
[09-Nov-2025 18:51:34 UTC] Instantiated class: \RomethemeKit\RkitToolTips
[09-Nov-2025 18:51:34 UTC] Instantiated class: \RomethemeKit\RkitWrapperLink
[09-Nov-2025 18:51:34 UTC] [Soltour API info] Getting details for budget: H408431##SA##0$5643503435651689337@@FLEXIBLE01, hotel: H408431
[09-Nov-2025 18:51:34 UTC] [Soltour API info] Request to booking/details: {"productType":"PACKAGE","availToken":"YJuxcZ+7paBG2BG0yAZrIuMLNnXo8V+fytTKknx0bx8=","budgetId":"H408431##SA##0$5643503435651689337@@FLEXIBLE01","hotelParams":{"hotelCode":"H408431","providerCode":"UNDEFINED"}}
[09-Nov-2025 18:51:35 UTC] [Soltour API info] Response from booking/details: {"availToken":"YJuxcZ+7paBG2BG0yAZrIuMLNnXo8V+fytTKknx0bx8=","timestamp":"2025-11-09T19:51:34.891190260","serviceType":"UNDEFINED","agencyInformation":{"clientCode":"BEAUTYT","branchOfficeCode":"999","taxApplicationType":"ISC","taxRate":0,"paymentType":"PP","commission":{"currency":"EUR","rate":15}},"params":{"startDate":"2025-11-16","endDate":"2025-11-23","accomodation":{"rooms":[{"passengers":[{"age":30,"type":"ADULT"},{"age":30,"type":"ADULT"}]}]},"residentType":"NONE","numNights":0,"flightPa
[09-Nov-2025 18:51:35 UTC] [Soltour API info] Details response structure: {"has_budget":false,"has_details":true,"has_error":false,"error_msg":null}
[09-Nov-2025 18:51:35 UTC] [Soltour API info] Response from booking/details: {"availToken":"YJuxcZ+7paBG2BG0yAZrIuMLNnXo8V+fytTKknx0bx8=","timestamp":"2025-11-09T19:51:34.974543407","serviceType":"UNDEFINED","agencyInformation":{"clientCode":"BEAUTYT","branchOfficeCode":"999","taxApplicationType":"ISC","taxRate":0,"paymentType":"PP","commission":{"currency":"EUR","rate":15}},"params":{"startDate":"2025-11-16","endDate":"2025-11-23","accomodation":{"rooms":[{"passengers":[{"age":30,"type":"ADULT"},{"age":30,"type":"ADULT"}]}]},"residentType":"NONE","numNights":0,"flightPa
[09-Nov-2025 18:51:35 UTC] [Soltour API info] Details response structure: {"has_budget":false,"has_details":true,"has_error":false,"error_msg":null}
[09-Nov-2025 18:51:35 UTC] [Soltour API info] Response from booking/details: {"availToken":"YJuxcZ+7paBG2BG0yAZrIuMLNnXo8V+fytTKknx0bx8=","timestamp":"2025-11-09T19:51:34.982848504","serviceType":"UNDEFINED","agencyInformation":{"clientCode":"BEAUTYT","branchOfficeCode":"999","taxApplicationType":"ISC","taxRate":0,"paymentType":"PP","commission":{"currency":"EUR","rate":15}},"params":{"startDate":"2025-11-16","endDate":"2025-11-23","accomodation":{"rooms":[{"passengers":[{"age":30,"type":"ADULT"},{"age":30,"type":"ADULT"}]}]},"residentType":"NONE","numNights":0,"flightPa
[09-Nov-2025 18:51:35 UTC] [Soltour API info] Details response structure: {"has_budget":false,"has_details":true,"has_error":false,"error_msg":null}
[09-Nov-2025 18:51:35 UTC] [Soltour API info] Response from booking/details: {"availToken":"YJuxcZ+7paBG2BG0yAZrIuMLNnXo8V+fytTKknx0bx8=","timestamp":"2025-11-09T19:51:35.065100656","serviceType":"UNDEFINED","agencyInformation":{"clientCode":"BEAUTYT","branchOfficeCode":"999","taxApplicationType":"ISC","taxRate":0,"paymentType":"PP","commission":{"currency":"EUR","rate":15}},"params":{"startDate":"2025-11-16","endDate":"2025-11-23","accomodation":{"rooms":[{"passengers":[{"age":30,"type":"ADULT"},{"age":30,"type":"ADULT"}]}]},"residentType":"NONE","numNights":0,"flightPa
[09-Nov-2025 18:51:35 UTC] [Soltour API info] Details response structure: {"has_budget":false,"has_details":true,"has_error":false,"error_msg":null}
[09-Nov-2025 18:51:35 UTC] [Soltour API info] Response from booking/details: {"availToken":"YJuxcZ+7paBG2BG0yAZrIuMLNnXo8V+fytTKknx0bx8=","timestamp":"2025-11-09T19:51:35.207320034","serviceType":"UNDEFINED","agencyInformation":{"clientCode":"BEAUTYT","branchOfficeCode":"999","taxApplicationType":"ISC","taxRate":0,"paymentType":"PP","commission":{"currency":"EUR","rate":15}},"params":{"startDate":"2025-11-16","endDate":"2025-11-23","accomodation":{"rooms":[{"passengers":[{"age":30,"type":"ADULT"},{"age":30,"type":"ADULT"}]}]},"residentType":"NONE","numNights":0,"flightPa
[09-Nov-2025 18:51:35 UTC] [Soltour API info] Details response structure: {"has_budget":false,"has_details":true,"has_error":false,"error_msg":null}
[09-Nov-2025 18:51:35 UTC] Loaded file: blur_effects.php
[09-Nov-2025 18:51:35 UTC] Loaded file: rkit_post_duplicator.php
[09-Nov-2025 18:51:35 UTC] Loaded file: rkit_tool_tips.php
[09-Nov-2025 18:51:35 UTC] Loaded file: rkit_wrapper_link.php
[09-Nov-2025 18:51:35 UTC] Class not found: \RomethemeKit\Rkit_Custom_Cursor
[09-Nov-2025 18:51:35 UTC] Instantiated class: \RomethemeKit\RkitDuplicator
[09-Nov-2025 18:51:35 UTC] Instantiated class: \RomethemeKit\BlurEffects
[09-Nov-2025 18:51:35 UTC] Class not found: \RomethemeKit\Rkit_Sticky_Content
[09-Nov-2025 18:51:35 UTC] Instantiated class: \RomethemeKit\RkitToolTips
[09-Nov-2025 18:51:35 UTC] Instantiated class: \RomethemeKit\RkitWrapperLink
[09-Nov-2025 18:51:35 UTC] Loaded file: blur_effects.php
[09-Nov-2025 18:51:35 UTC] Loaded file: rkit_post_duplicator.php
[09-Nov-2025 18:51:35 UTC] Loaded file: rkit_tool_tips.php
[09-Nov-2025 18:51:35 UTC] Loaded file: rkit_wrapper_link.php
[09-Nov-2025 18:51:35 UTC] Class not found: \RomethemeKit\Rkit_Custom_Cursor
[09-Nov-2025 18:51:35 UTC] Instantiated class: \RomethemeKit\RkitDuplicator
[09-Nov-2025 18:51:35 UTC] Instantiated class: \RomethemeKit\BlurEffects
[09-Nov-2025 18:51:35 UTC] Class not found: \RomethemeKit\Rkit_Sticky_Content
[09-Nov-2025 18:51:35 UTC] Instantiated class: \RomethemeKit\RkitToolTips
[09-Nov-2025 18:51:35 UTC] Instantiated class: \RomethemeKit\RkitWrapperLink
[09-Nov-2025 18:51:35 UTC] Loaded file: blur_effects.php
[09-Nov-2025 18:51:35 UTC] Loaded file: rkit_post_duplicator.php
[09-Nov-2025 18:51:35 UTC] Loaded file: rkit_tool_tips.php
[09-Nov-2025 18:51:35 UTC] Loaded file: rkit_wrapper_link.php
[09-Nov-2025 18:51:35 UTC] Class not found: \RomethemeKit\Rkit_Custom_Cursor
[09-Nov-2025 18:51:35 UTC] Instantiated class: \RomethemeKit\RkitDuplicator
[09-Nov-2025 18:51:35 UTC] Instantiated class: \RomethemeKit\BlurEffects
[09-Nov-2025 18:51:35 UTC] Class not found: \RomethemeKit\Rkit_Sticky_Content
[09-Nov-2025 18:51:35 UTC] Instantiated class: \RomethemeKit\RkitToolTips
[09-Nov-2025 18:51:35 UTC] Instantiated class: \RomethemeKit\RkitWrapperLink
[09-Nov-2025 18:51:36 UTC] Loaded file: blur_effects.php
[09-Nov-2025 18:51:36 UTC] Loaded file: rkit_post_duplicator.php
[09-Nov-2025 18:51:36 UTC] Loaded file: rkit_tool_tips.php
[09-Nov-2025 18:51:36 UTC] Loaded file: rkit_wrapper_link.php
[09-Nov-2025 18:51:36 UTC] Class not found: \RomethemeKit\Rkit_Custom_Cursor
[09-Nov-2025 18:51:36 UTC] Instantiated class: \RomethemeKit\RkitDuplicator
[09-Nov-2025 18:51:36 UTC] Instantiated class: \RomethemeKit\BlurEffects
[09-Nov-2025 18:51:36 UTC] Class not found: \RomethemeKit\Rkit_Sticky_Content
[09-Nov-2025 18:51:36 UTC] Instantiated class: \RomethemeKit\RkitToolTips
[09-Nov-2025 18:51:36 UTC] Instantiated class: \RomethemeKit\RkitWrapperLink
[09-Nov-2025 18:51:36 UTC] Loaded file: blur_effects.php
[09-Nov-2025 18:51:36 UTC] Loaded file: rkit_post_duplicator.php
[09-Nov-2025 18:51:36 UTC] Loaded file: rkit_tool_tips.php
[09-Nov-2025 18:51:36 UTC] Loaded file: rkit_wrapper_link.php
[09-Nov-2025 18:51:36 UTC] Class not found: \RomethemeKit\Rkit_Custom_Cursor
[09-Nov-2025 18:51:36 UTC] Instantiated class: \RomethemeKit\RkitDuplicator
[09-Nov-2025 18:51:36 UTC] Instantiated class: \RomethemeKit\BlurEffects
[09-Nov-2025 18:51:36 UTC] Class not found: \RomethemeKit\Rkit_Sticky_Content
[09-Nov-2025 18:51:36 UTC] Instantiated class: \RomethemeKit\RkitToolTips
[09-Nov-2025 18:51:36 UTC] Instantiated class: \RomethemeKit\RkitWrapperLink
[09-Nov-2025 18:51:36 UTC] [Soltour API info] Getting details for budget: H14##TI##0$4876435561598633500@@FLEXIBLE01, hotel: H14
[09-Nov-2025 18:51:36 UTC] [Soltour API info] Request to booking/details: {"productType":"PACKAGE","availToken":"YJuxcZ+7paBG2BG0yAZrIuMLNnXo8V+fytTKknx0bx8=","budgetId":"H14##TI##0$4876435561598633500@@FLEXIBLE01","hotelParams":{"hotelCode":"H14","providerCode":"UNDEFINED"}}
[09-Nov-2025 18:51:36 UTC] [Soltour API info] Getting details for budget: H35##TI##0$5136496623454974917@@FLEXIBLE01, hotel: H35
[09-Nov-2025 18:51:36 UTC] [Soltour API info] Request to booking/details: {"productType":"PACKAGE","availToken":"YJuxcZ+7paBG2BG0yAZrIuMLNnXo8V+fytTKknx0bx8=","budgetId":"H35##TI##0$5136496623454974917@@FLEXIBLE01","hotelParams":{"hotelCode":"H35","providerCode":"UNDEFINED"}}
[09-Nov-2025 18:51:36 UTC] [Soltour API info] Getting details for budget: H199374##TI##0$5146969846425852425@@FLEXIBLE01, hotel: H199374
[09-Nov-2025 18:51:36 UTC] [Soltour API info] Request to booking/details: {"productType":"PACKAGE","availToken":"YJuxcZ+7paBG2BG0yAZrIuMLNnXo8V+fytTKknx0bx8=","budgetId":"H199374##TI##0$5146969846425852425@@FLEXIBLE01","hotelParams":{"hotelCode":"H199374","providerCode":"UNDEFINED"}}
[09-Nov-2025 18:51:36 UTC] [Soltour API info] Getting details for budget: H50725##TI##0$5644288415676001833@@FLEXIBLE01, hotel: H50725
[09-Nov-2025 18:51:36 UTC] [Soltour API info] Request to booking/details: {"productType":"PACKAGE","availToken":"YJuxcZ+7paBG2BG0yAZrIuMLNnXo8V+fytTKknx0bx8=","budgetId":"H50725##TI##0$5644288415676001833@@FLEXIBLE01","hotelParams":{"hotelCode":"H50725","providerCode":"UNDEFINED"}}
[09-Nov-2025 18:51:36 UTC] [Soltour API info] Getting details for budget: H68719##TI##0$5724513955559618017@@FLEXIBLE01, hotel: H68719
[09-Nov-2025 18:51:36 UTC] [Soltour API info] Request to booking/details: {"productType":"PACKAGE","availToken":"YJuxcZ+7paBG2BG0yAZrIuMLNnXo8V+fytTKknx0bx8=","budgetId":"H68719##TI##0$5724513955559618017@@FLEXIBLE01","hotelParams":{"hotelCode":"H68719","providerCode":"UNDEFINED"}}
[09-Nov-2025 18:51:37 UTC] [Soltour API info] Response from booking/details: {"availToken":"YJuxcZ+7paBG2BG0yAZrIuMLNnXo8V+fytTKknx0bx8=","timestamp":"2025-11-09T19:51:37.278284773","serviceType":"UNDEFINED","agencyInformation":{"clientCode":"BEAUTYT","branchOfficeCode":"999","taxApplicationType":"ISC","taxRate":0,"paymentType":"PP","commission":{"currency":"EUR","rate":15}},"params":{"startDate":"2025-11-16","endDate":"2025-11-23","accomodation":{"rooms":[{"passengers":[{"age":30,"type":"ADULT"},{"age":30,"type":"ADULT"}]}]},"residentType":"NONE","numNights":0,"flightPa
[09-Nov-2025 18:51:37 UTC] [Soltour API info] Details response structure: {"has_budget":false,"has_details":true,"has_error":false,"error_msg":null}
[09-Nov-2025 18:51:37 UTC] [Soltour API info] Response from booking/details: {"availToken":"YJuxcZ+7paBG2BG0yAZrIuMLNnXo8V+fytTKknx0bx8=","timestamp":"2025-11-09T19:51:37.269988467","serviceType":"UNDEFINED","agencyInformation":{"clientCode":"BEAUTYT","branchOfficeCode":"999","taxApplicationType":"ISC","taxRate":0,"paymentType":"PP","commission":{"currency":"EUR","rate":15}},"params":{"startDate":"2025-11-16","endDate":"2025-11-23","accomodation":{"rooms":[{"passengers":[{"age":30,"type":"ADULT"},{"age":30,"type":"ADULT"}]}]},"residentType":"NONE","numNights":0,"flightPa
[09-Nov-2025 18:51:37 UTC] [Soltour API info] Details response structure: {"has_budget":false,"has_details":true,"has_error":false,"error_msg":null}
[09-Nov-2025 18:51:37 UTC] [Soltour API info] Response from booking/details: {"availToken":"YJuxcZ+7paBG2BG0yAZrIuMLNnXo8V+fytTKknx0bx8=","timestamp":"2025-11-09T19:51:37.387960468","serviceType":"UNDEFINED","agencyInformation":{"clientCode":"BEAUTYT","branchOfficeCode":"999","taxApplicationType":"ISC","taxRate":0,"paymentType":"PP","commission":{"currency":"EUR","rate":15}},"params":{"startDate":"2025-11-16","endDate":"2025-11-23","accomodation":{"rooms":[{"passengers":[{"age":30,"type":"ADULT"},{"age":30,"type":"ADULT"}]}]},"residentType":"NONE","numNights":0,"flightPa
[09-Nov-2025 18:51:37 UTC] [Soltour API info] Details response structure: {"has_budget":false,"has_details":true,"has_error":false,"error_msg":null}
[09-Nov-2025 18:51:37 UTC] [Soltour API info] Response from booking/details: {"availToken":"YJuxcZ+7paBG2BG0yAZrIuMLNnXo8V+fytTKknx0bx8=","timestamp":"2025-11-09T19:51:37.498556788","serviceType":"UNDEFINED","agencyInformation":{"clientCode":"BEAUTYT","branchOfficeCode":"999","taxApplicationType":"ISC","taxRate":0,"paymentType":"PP","commission":{"currency":"EUR","rate":15}},"params":{"startDate":"2025-11-16","endDate":"2025-11-23","accomodation":{"rooms":[{"passengers":[{"age":30,"type":"ADULT"},{"age":30,"type":"ADULT"}]}]},"residentType":"NONE","numNights":0,"flightPa
[09-Nov-2025 18:51:37 UTC] [Soltour API info] Details response structure: {"has_budget":false,"has_details":true,"has_error":false,"error_msg":null}
[09-Nov-2025 18:51:37 UTC] [Soltour API info] Response from booking/details: {"availToken":"YJuxcZ+7paBG2BG0yAZrIuMLNnXo8V+fytTKknx0bx8=","timestamp":"2025-11-09T19:51:37.525574070","serviceType":"UNDEFINED","agencyInformation":{"clientCode":"BEAUTYT","branchOfficeCode":"999","taxApplicationType":"ISC","taxRate":0,"paymentType":"PP","commission":{"currency":"EUR","rate":15}},"params":{"startDate":"2025-11-16","endDate":"2025-11-23","accomodation":{"rooms":[{"passengers":[{"age":30,"type":"ADULT"},{"age":30,"type":"ADULT"}]}]},"residentType":"NONE","numNights":0,"flightPa
[09-Nov-2025 18:51:37 UTC] [Soltour API info] Details response structure: {"has_budget":false,"has_details":true,"has_error":false,"error_msg":null}
[09-Nov-2025 18:51:48 UTC] Loaded file: blur_effects.php
[09-Nov-2025 18:51:48 UTC] Loaded file: rkit_post_duplicator.php
[09-Nov-2025 18:51:48 UTC] Loaded file: rkit_tool_tips.php
[09-Nov-2025 18:51:48 UTC] Loaded file: rkit_wrapper_link.php
[09-Nov-2025 18:51:48 UTC] Class not found: \RomethemeKit\Rkit_Custom_Cursor
[09-Nov-2025 18:51:48 UTC] Instantiated class: \RomethemeKit\RkitDuplicator
[09-Nov-2025 18:51:48 UTC] Instantiated class: \RomethemeKit\BlurEffects
[09-Nov-2025 18:51:48 UTC] Class not found: \RomethemeKit\Rkit_Sticky_Content
[09-Nov-2025 18:51:48 UTC] Instantiated class: \RomethemeKit\RkitToolTips
[09-Nov-2025 18:51:48 UTC] Instantiated class: \RomethemeKit\RkitWrapperLink
[09-Nov-2025 18:51:49 UTC] Loaded file: blur_effects.php
[09-Nov-2025 18:51:49 UTC] Loaded file: rkit_post_duplicator.php
[09-Nov-2025 18:51:49 UTC] Loaded file: rkit_tool_tips.php
[09-Nov-2025 18:51:49 UTC] Loaded file: rkit_wrapper_link.php
[09-Nov-2025 18:51:49 UTC] Class not found: \RomethemeKit\Rkit_Custom_Cursor
[09-Nov-2025 18:51:49 UTC] Instantiated class: \RomethemeKit\RkitDuplicator
[09-Nov-2025 18:51:49 UTC] Instantiated class: \RomethemeKit\BlurEffects
[09-Nov-2025 18:51:49 UTC] Class not found: \RomethemeKit\Rkit_Sticky_Content
[09-Nov-2025 18:51:49 UTC] Instantiated class: \RomethemeKit\RkitToolTips
[09-Nov-2025 18:51:49 UTC] Instantiated class: \RomethemeKit\RkitWrapperLink
[09-Nov-2025 18:51:49 UTC] Loaded file: blur_effects.php
[09-Nov-2025 18:51:49 UTC] Loaded file: rkit_post_duplicator.php
[09-Nov-2025 18:51:49 UTC] Loaded file: rkit_tool_tips.php
[09-Nov-2025 18:51:49 UTC] Loaded file: rkit_wrapper_link.php
[09-Nov-2025 18:51:49 UTC] Class not found: \RomethemeKit\Rkit_Custom_Cursor
[09-Nov-2025 18:51:49 UTC] Instantiated class: \RomethemeKit\RkitDuplicator
[09-Nov-2025 18:51:49 UTC] Instantiated class: \RomethemeKit\BlurEffects
[09-Nov-2025 18:51:49 UTC] Class not found: \RomethemeKit\Rkit_Sticky_Content
[09-Nov-2025 18:51:49 UTC] Instantiated class: \RomethemeKit\RkitToolTips
[09-Nov-2025 18:51:49 UTC] Instantiated class: \RomethemeKit\RkitWrapperLink
[09-Nov-2025 18:51:50 UTC] [Soltour API info] === AJAX PAGINATE PACKAGES CALLED ===
[09-Nov-2025 18:51:50 UTC] [Soltour API info] Paginação requisitada:
[09-Nov-2025 18:51:50 UTC] [Soltour API info]   - first_item: 10
[09-Nov-2025 18:51:50 UTC] [Soltour API info]   - item_count: 10
[09-Nov-2025 18:51:50 UTC] [Soltour API info] Paginando com availToken existente:
[09-Nov-2025 18:51:50 UTC] [Soltour API info]   - availToken: YJuxcZ+7paBG2BG0yAZr...
[09-Nov-2025 18:51:50 UTC] [Soltour API info]   - firstItem: 10
[09-Nov-2025 18:51:50 UTC] [Soltour API info]   - itemCount: 10
[09-Nov-2025 18:51:50 UTC] [Soltour API info] Request to booking/availability: {"productType":"PACKAGE","availToken":"YJuxcZ+7paBG2BG0yAZrIuMLNnXo8V+fytTKknx0bx8=","criteria":{"order":{"type":"PRICE","direction":"ASC"},"pagination":{"firstItem":10,"itemCount":10}}}
[09-Nov-2025 18:51:50 UTC] [Soltour API info] Response from booking/availability: {"ok":false,"error":{"notLogged":false,"errorMessage":"Error con los parametros de la operacion availability","fields":[{"name":"params","message":"no debe ser nulo"}]}}
[09-Nov-2025 18:51:50 UTC] [Soltour API info] Resposta da paginação:
[09-Nov-2025 18:51:50 UTC] [Soltour API info]   - budgets: 0
[09-Nov-2025 18:51:50 UTC] [Soltour API info]   - totalCount: 0
[09-Nov-2025 18:51:50 UTC] [Soltour API info]   - hotels: 0
[09-Nov-2025 18:51:50 UTC] [Soltour API error] Pagination failed: {"ok":false,"error":{"notLogged":false,"errorMessage":"Error con los parametros de la operacion availability","fields":[{"name":"params","message":"no debe ser nulo"}]}}
[09-Nov-2025 18:51:53 UTC] Loaded file: blur_effects.php
[09-Nov-2025 18:51:53 UTC] Loaded file: rkit_post_duplicator.php
[09-Nov-2025 18:51:53 UTC] Loaded file: rkit_tool_tips.php
[09-Nov-2025 18:51:53 UTC] Loaded file: rkit_wrapper_link.php
[09-Nov-2025 18:51:53 UTC] Class not found: \RomethemeKit\Rkit_Custom_Cursor
[09-Nov-2025 18:51:53 UTC] Instantiated class: \RomethemeKit\RkitDuplicator
[09-Nov-2025 18:51:53 UTC] Instantiated class: \RomethemeKit\BlurEffects
[09-Nov-2025 18:51:53 UTC] Class not found: \RomethemeKit\Rkit_Sticky_Content
[09-Nov-2025 18:51:53 UTC] Instantiated class: \RomethemeKit\RkitToolTips
[09-Nov-2025 18:51:53 UTC] Instantiated class: \RomethemeKit\RkitWrapperLink
[09-Nov-2025 18:51:54 UTC] [Soltour API info] === AJAX PAGINATE PACKAGES CALLED ===
[09-Nov-2025 18:51:54 UTC] [Soltour API info] Paginação requisitada:
[09-Nov-2025 18:51:54 UTC] [Soltour API info]   - first_item: 10
[09-Nov-2025 18:51:54 UTC] [Soltour API info]   - item_count: 10
[09-Nov-2025 18:51:54 UTC] [Soltour API info] Paginando com availToken existente:
[09-Nov-2025 18:51:54 UTC] [Soltour API info]   - availToken: YJuxcZ+7paBG2BG0yAZr...
[09-Nov-2025 18:51:54 UTC] [Soltour API info]   - firstItem: 10
[09-Nov-2025 18:51:54 UTC] [Soltour API info]   - itemCount: 10
[09-Nov-2025 18:51:54 UTC] [Soltour API info] Request to booking/availability: {"productType":"PACKAGE","availToken":"YJuxcZ+7paBG2BG0yAZrIuMLNnXo8V+fytTKknx0bx8=","criteria":{"order":{"type":"PRICE","direction":"ASC"},"pagination":{"firstItem":10,"itemCount":10}}}
[09-Nov-2025 18:51:54 UTC] [Soltour API info] Response from booking/availability: {"ok":false,"error":{"notLogged":false,"errorMessage":"Error con los parametros de la operacion availability","fields":[{"name":"params","message":"no debe ser nulo"}]}}
[09-Nov-2025 18:51:54 UTC] [Soltour API info] Resposta da paginação:
[09-Nov-2025 18:51:54 UTC] [Soltour API info]   - budgets: 0
[09-Nov-2025 18:51:54 UTC] [Soltour API info]   - totalCount: 0
[09-Nov-2025 18:51:54 UTC] [Soltour API info]   - hotels: 0
[09-Nov-2025 18:51:54 UTC] [Soltour API error] Pagination failed: {"ok":false,"error":{"notLogged":false,"errorMessage":"Error con los parametros de la operacion availability","fields":[{"name":"params","message":"no debe ser nulo"}]}}
[09-Nov-2025 18:51:55 UTC] Loaded file: blur_effects.php
[09-Nov-2025 18:51:55 UTC] Loaded file: rkit_post_duplicator.php
[09-Nov-2025 18:51:55 UTC] Loaded file: rkit_tool_tips.php
[09-Nov-2025 18:51:55 UTC] Loaded file: rkit_wrapper_link.php
[09-Nov-2025 18:51:55 UTC] Class not found: \RomethemeKit\Rkit_Custom_Cursor
[09-Nov-2025 18:51:55 UTC] Instantiated class: \RomethemeKit\RkitDuplicator
[09-Nov-2025 18:51:55 UTC] Instantiated class: \RomethemeKit\BlurEffects
[09-Nov-2025 18:51:55 UTC] Class not found: \RomethemeKit\Rkit_Sticky_Content
[09-Nov-2025 18:51:55 UTC] Instantiated class: \RomethemeKit\RkitToolTips
[09-Nov-2025 18:51:55 UTC] Instantiated class: \RomethemeKit\RkitWrapperLink
[09-Nov-2025 18:51:55 UTC] [Soltour API info] === AJAX PAGINATE PACKAGES CALLED ===
[09-Nov-2025 18:51:55 UTC] [Soltour API info] Paginação requisitada:
[09-Nov-2025 18:51:55 UTC] [Soltour API info]   - first_item: 10
[09-Nov-2025 18:51:55 UTC] [Soltour API info]   - item_count: 10
[09-Nov-2025 18:51:55 UTC] [Soltour API info] Paginando com availToken existente:
[09-Nov-2025 18:51:55 UTC] [Soltour API info]   - availToken: YJuxcZ+7paBG2BG0yAZr...
[09-Nov-2025 18:51:55 UTC] [Soltour API info]   - firstItem: 10
[09-Nov-2025 18:51:55 UTC] [Soltour API info]   - itemCount: 10
[09-Nov-2025 18:51:55 UTC] [Soltour API info] Request to booking/availability: {"productType":"PACKAGE","availToken":"YJuxcZ+7paBG2BG0yAZrIuMLNnXo8V+fytTKknx0bx8=","criteria":{"order":{"type":"PRICE","direction":"ASC"},"pagination":{"firstItem":10,"itemCount":10}}}
[09-Nov-2025 18:51:56 UTC] [Soltour API info] Response from booking/availability: {"ok":false,"error":{"notLogged":false,"errorMessage":"Error con los parametros de la operacion availability","fields":[{"name":"params","message":"no debe ser nulo"}]}}
[09-Nov-2025 18:51:56 UTC] [Soltour API info] Resposta da paginação:
[09-Nov-2025 18:51:56 UTC] [Soltour API info]   - budgets: 0
[09-Nov-2025 18:51:56 UTC] [Soltour API info]   - totalCount: 0
[09-Nov-2025 18:51:56 UTC] [Soltour API info]   - hotels: 0
[09-Nov-2025 18:51:56 UTC] [Soltour API error] Pagination failed: {"ok":false,"error":{"notLogged":false,"errorMessage":"Error con los parametros de la operacion availability","fields":[{"name":"params","message":"no debe ser nulo"}]}}
