[13-Nov-2025 10:23:26 UTC] Loaded file: blur_effects.php
[13-Nov-2025 10:23:26 UTC] Loaded file: rkit_post_duplicator.php
[13-Nov-2025 10:23:26 UTC] Loaded file: rkit_tool_tips.php
[13-Nov-2025 10:23:26 UTC] Loaded file: rkit_wrapper_link.php
[13-Nov-2025 10:23:26 UTC] Class not found: \RomethemeKit\Rkit_Custom_Cursor
[13-Nov-2025 10:23:26 UTC] Instantiated class: \RomethemeKit\RkitDuplicator
[13-Nov-2025 10:23:26 UTC] Instantiated class: \RomethemeKit\BlurEffects
[13-Nov-2025 10:23:26 UTC] Class not found: \RomethemeKit\Rkit_Sticky_Content
[13-Nov-2025 10:23:26 UTC] Instantiated class: \RomethemeKit\RkitToolTips
[13-Nov-2025 10:23:26 UTC] Instantiated class: \RomethemeKit\RkitWrapperLink
[13-Nov-2025 10:23:27 UTC] Loaded file: blur_effects.php
[13-Nov-2025 10:23:27 UTC] Loaded file: rkit_post_duplicator.php
[13-Nov-2025 10:23:27 UTC] Loaded file: rkit_tool_tips.php
[13-Nov-2025 10:23:27 UTC] Loaded file: rkit_wrapper_link.php
[13-Nov-2025 10:23:27 UTC] Class not found: \RomethemeKit\Rkit_Custom_Cursor
[13-Nov-2025 10:23:27 UTC] Instantiated class: \RomethemeKit\RkitDuplicator
[13-Nov-2025 10:23:27 UTC] Instantiated class: \RomethemeKit\BlurEffects
[13-Nov-2025 10:23:27 UTC] Class not found: \RomethemeKit\Rkit_Sticky_Content
[13-Nov-2025 10:23:27 UTC] Instantiated class: \RomethemeKit\RkitToolTips
[13-Nov-2025 10:23:27 UTC] Instantiated class: \RomethemeKit\RkitWrapperLink
[13-Nov-2025 10:23:27 UTC] Loaded file: blur_effects.php
[13-Nov-2025 10:23:27 UTC] Loaded file: rkit_post_duplicator.php
[13-Nov-2025 10:23:27 UTC] Loaded file: rkit_tool_tips.php
[13-Nov-2025 10:23:27 UTC] Loaded file: rkit_wrapper_link.php
[13-Nov-2025 10:23:27 UTC] Class not found: \RomethemeKit\Rkit_Custom_Cursor
[13-Nov-2025 10:23:27 UTC] Instantiated class: \RomethemeKit\RkitDuplicator
[13-Nov-2025 10:23:27 UTC] Instantiated class: \RomethemeKit\BlurEffects
[13-Nov-2025 10:23:27 UTC] Class not found: \RomethemeKit\Rkit_Sticky_Content
[13-Nov-2025 10:23:27 UTC] Instantiated class: \RomethemeKit\RkitToolTips
[13-Nov-2025 10:23:27 UTC] Instantiated class: \RomethemeKit\RkitWrapperLink
[13-Nov-2025 10:23:30 UTC] Loaded file: blur_effects.php
[13-Nov-2025 10:23:30 UTC] Loaded file: rkit_post_duplicator.php
[13-Nov-2025 10:23:30 UTC] Loaded file: rkit_tool_tips.php
[13-Nov-2025 10:23:30 UTC] Loaded file: rkit_wrapper_link.php
[13-Nov-2025 10:23:30 UTC] Class not found: \RomethemeKit\Rkit_Custom_Cursor
[13-Nov-2025 10:23:30 UTC] Instantiated class: \RomethemeKit\RkitDuplicator
[13-Nov-2025 10:23:30 UTC] Instantiated class: \RomethemeKit\BlurEffects
[13-Nov-2025 10:23:30 UTC] Class not found: \RomethemeKit\Rkit_Sticky_Content
[13-Nov-2025 10:23:30 UTC] Instantiated class: \RomethemeKit\RkitToolTips
[13-Nov-2025 10:23:30 UTC] Instantiated class: \RomethemeKit\RkitWrapperLink
[13-Nov-2025 10:23:31 UTC] Loaded file: blur_effects.php
[13-Nov-2025 10:23:31 UTC] Loaded file: rkit_post_duplicator.php
[13-Nov-2025 10:23:31 UTC] Loaded file: rkit_tool_tips.php
[13-Nov-2025 10:23:31 UTC] Loaded file: rkit_wrapper_link.php
[13-Nov-2025 10:23:31 UTC] Class not found: \RomethemeKit\Rkit_Custom_Cursor
[13-Nov-2025 10:23:31 UTC] Instantiated class: \RomethemeKit\RkitDuplicator
[13-Nov-2025 10:23:31 UTC] Instantiated class: \RomethemeKit\BlurEffects
[13-Nov-2025 10:23:31 UTC] Class not found: \RomethemeKit\Rkit_Sticky_Content
[13-Nov-2025 10:23:31 UTC] Instantiated class: \RomethemeKit\RkitToolTips
[13-Nov-2025 10:23:31 UTC] Instantiated class: \RomethemeKit\RkitWrapperLink
[13-Nov-2025 10:23:35 UTC] Loaded file: blur_effects.php
[13-Nov-2025 10:23:35 UTC] Loaded file: rkit_post_duplicator.php
[13-Nov-2025 10:23:35 UTC] Loaded file: rkit_tool_tips.php
[13-Nov-2025 10:23:35 UTC] Loaded file: rkit_wrapper_link.php
[13-Nov-2025 10:23:35 UTC] Class not found: \RomethemeKit\Rkit_Custom_Cursor
[13-Nov-2025 10:23:35 UTC] Instantiated class: \RomethemeKit\RkitDuplicator
[13-Nov-2025 10:23:35 UTC] Instantiated class: \RomethemeKit\BlurEffects
[13-Nov-2025 10:23:35 UTC] Class not found: \RomethemeKit\Rkit_Sticky_Content
[13-Nov-2025 10:23:35 UTC] Instantiated class: \RomethemeKit\RkitToolTips
[13-Nov-2025 10:23:35 UTC] Instantiated class: \RomethemeKit\RkitWrapperLink
[13-Nov-2025 10:23:41 UTC] Loaded file: blur_effects.php
[13-Nov-2025 10:23:41 UTC] Loaded file: rkit_post_duplicator.php
[13-Nov-2025 10:23:41 UTC] Loaded file: rkit_tool_tips.php
[13-Nov-2025 10:23:41 UTC] Loaded file: rkit_wrapper_link.php
[13-Nov-2025 10:23:41 UTC] Class not found: \RomethemeKit\Rkit_Custom_Cursor
[13-Nov-2025 10:23:41 UTC] Instantiated class: \RomethemeKit\RkitDuplicator
[13-Nov-2025 10:23:41 UTC] Instantiated class: \RomethemeKit\BlurEffects
[13-Nov-2025 10:23:41 UTC] Class not found: \RomethemeKit\Rkit_Sticky_Content
[13-Nov-2025 10:23:41 UTC] Instantiated class: \RomethemeKit\RkitToolTips
[13-Nov-2025 10:23:41 UTC] Instantiated class: \RomethemeKit\RkitWrapperLink
[13-Nov-2025 10:23:42 UTC] Loaded file: blur_effects.php
[13-Nov-2025 10:23:42 UTC] Loaded file: rkit_post_duplicator.php
[13-Nov-2025 10:23:42 UTC] Loaded file: rkit_tool_tips.php
[13-Nov-2025 10:23:42 UTC] Loaded file: rkit_wrapper_link.php
[13-Nov-2025 10:23:42 UTC] Class not found: \RomethemeKit\Rkit_Custom_Cursor
[13-Nov-2025 10:23:42 UTC] Instantiated class: \RomethemeKit\RkitDuplicator
[13-Nov-2025 10:23:42 UTC] Instantiated class: \RomethemeKit\BlurEffects
[13-Nov-2025 10:23:42 UTC] Class not found: \RomethemeKit\Rkit_Sticky_Content
[13-Nov-2025 10:23:42 UTC] Instantiated class: \RomethemeKit\RkitToolTips
[13-Nov-2025 10:23:42 UTC] Instantiated class: \RomethemeKit\RkitWrapperLink
[13-Nov-2025 10:23:42 UTC] Loaded file: blur_effects.php
[13-Nov-2025 10:23:42 UTC] Loaded file: rkit_post_duplicator.php
[13-Nov-2025 10:23:42 UTC] Loaded file: rkit_tool_tips.php
[13-Nov-2025 10:23:42 UTC] Loaded file: rkit_wrapper_link.php
[13-Nov-2025 10:23:42 UTC] Class not found: \RomethemeKit\Rkit_Custom_Cursor
[13-Nov-2025 10:23:42 UTC] Instantiated class: \RomethemeKit\RkitDuplicator
[13-Nov-2025 10:23:42 UTC] Instantiated class: \RomethemeKit\BlurEffects
[13-Nov-2025 10:23:42 UTC] Class not found: \RomethemeKit\Rkit_Sticky_Content
[13-Nov-2025 10:23:42 UTC] Instantiated class: \RomethemeKit\RkitToolTips
[13-Nov-2025 10:23:42 UTC] Instantiated class: \RomethemeKit\RkitWrapperLink
[13-Nov-2025 10:23:44 UTC] Loaded file: blur_effects.php
[13-Nov-2025 10:23:44 UTC] Loaded file: rkit_post_duplicator.php
[13-Nov-2025 10:23:44 UTC] Loaded file: rkit_tool_tips.php
[13-Nov-2025 10:23:44 UTC] Loaded file: rkit_wrapper_link.php
[13-Nov-2025 10:23:44 UTC] Class not found: \RomethemeKit\Rkit_Custom_Cursor
[13-Nov-2025 10:23:44 UTC] Instantiated class: \RomethemeKit\RkitDuplicator
[13-Nov-2025 10:23:44 UTC] Instantiated class: \RomethemeKit\BlurEffects
[13-Nov-2025 10:23:44 UTC] Class not found: \RomethemeKit\Rkit_Sticky_Content
[13-Nov-2025 10:23:44 UTC] Instantiated class: \RomethemeKit\RkitToolTips
[13-Nov-2025 10:23:44 UTC] Instantiated class: \RomethemeKit\RkitWrapperLink
[13-Nov-2025 10:23:45 UTC] Loaded file: blur_effects.php
[13-Nov-2025 10:23:45 UTC] Loaded file: rkit_post_duplicator.php
[13-Nov-2025 10:23:45 UTC] Loaded file: rkit_tool_tips.php
[13-Nov-2025 10:23:45 UTC] Loaded file: rkit_wrapper_link.php
[13-Nov-2025 10:23:45 UTC] Class not found: \RomethemeKit\Rkit_Custom_Cursor
[13-Nov-2025 10:23:45 UTC] Instantiated class: \RomethemeKit\RkitDuplicator
[13-Nov-2025 10:23:45 UTC] Instantiated class: \RomethemeKit\BlurEffects
[13-Nov-2025 10:23:45 UTC] Class not found: \RomethemeKit\Rkit_Sticky_Content
[13-Nov-2025 10:23:45 UTC] Instantiated class: \RomethemeKit\RkitToolTips
[13-Nov-2025 10:23:45 UTC] Instantiated class: \RomethemeKit\RkitWrapperLink
[13-Nov-2025 10:23:45 UTC] Soltour Booking V2: Plugin ativado com sucesso
[13-Nov-2025 10:23:46 UTC] Loaded file: blur_effects.php
[13-Nov-2025 10:23:46 UTC] Loaded file: rkit_post_duplicator.php
[13-Nov-2025 10:23:46 UTC] Loaded file: rkit_tool_tips.php
[13-Nov-2025 10:23:46 UTC] Loaded file: rkit_wrapper_link.php
[13-Nov-2025 10:23:46 UTC] Class not found: \RomethemeKit\Rkit_Custom_Cursor
[13-Nov-2025 10:23:46 UTC] Instantiated class: \RomethemeKit\RkitDuplicator
[13-Nov-2025 10:23:46 UTC] Instantiated class: \RomethemeKit\BlurEffects
[13-Nov-2025 10:23:46 UTC] Class not found: \RomethemeKit\Rkit_Sticky_Content
[13-Nov-2025 10:23:46 UTC] Instantiated class: \RomethemeKit\RkitToolTips
[13-Nov-2025 10:23:46 UTC] Instantiated class: \RomethemeKit\RkitWrapperLink
[13-Nov-2025 10:23:46 UTC] [Soltour API info] Request to login/login: {"brand":"SOLTOUR","market":"XMLPT","languageCode":"PT","username":"BEAUTYT999","password":"XMLBEAUTYT999"}
[13-Nov-2025 10:23:46 UTC] [Soltour API info] Response from login/login: {"sessionToken":"eyJhbGciOiJIUzI1NiIsInR5cCI6IkpXVCJ9.eyJ1IjoiQkVBVVRZVDk5OSIsImRiaSI6IjQwMDM1NDA1IiwiYiI6IlNPTFRPVVIiLCJtIjoiWE1MUFQiLCJsbmciOiJQVCIsImNsIjoiQkVBVVRZVCIsIm9mIjoiOTk5IiwiYXBwIjpudWxsLCJtYWlsIjoiY3VuaGFAYmVhdXR5dHJhdmVsLnB0IiwicmwiOlsiQUdFTkNJQSIsIkNPTVVOIiwiQ09OU1VMVEEiLCJGQUNUVVJBQ0lPTiIsIk5FV19XRUIiXSwidG0iOjE3NjMwMjk0MjYzNDksInN0cHRtIjpudWxsLCJzdHBqd3QiOm51bGwsInN0cGlkIjpudWxsLCJvdmMiOmZhbHNlLCJzZWxsIjp0cnVlLCJhcHQiOm51bGwsImRldCI6dHJ1ZSwibmV4cCI6dHJ1ZSwic2VpeiI6ZmFsc2UsInVhZ0
[13-Nov-2025 10:23:46 UTC] [Soltour API info] Session token obtido com sucesso
[13-Nov-2025 10:23:49 UTC] Loaded file: blur_effects.php
[13-Nov-2025 10:23:49 UTC] Loaded file: rkit_post_duplicator.php
[13-Nov-2025 10:23:49 UTC] Loaded file: rkit_tool_tips.php
[13-Nov-2025 10:23:49 UTC] Loaded file: rkit_wrapper_link.php
[13-Nov-2025 10:23:49 UTC] Class not found: \RomethemeKit\Rkit_Custom_Cursor
[13-Nov-2025 10:23:49 UTC] Instantiated class: \RomethemeKit\RkitDuplicator
[13-Nov-2025 10:23:49 UTC] Instantiated class: \RomethemeKit\BlurEffects
[13-Nov-2025 10:23:49 UTC] Class not found: \RomethemeKit\Rkit_Sticky_Content
[13-Nov-2025 10:23:49 UTC] Instantiated class: \RomethemeKit\RkitToolTips
[13-Nov-2025 10:23:49 UTC] Instantiated class: \RomethemeKit\RkitWrapperLink
[13-Nov-2025 10:23:50 UTC] Loaded file: blur_effects.php
[13-Nov-2025 10:23:50 UTC] Loaded file: rkit_post_duplicator.php
[13-Nov-2025 10:23:50 UTC] Loaded file: rkit_tool_tips.php
[13-Nov-2025 10:23:50 UTC] Loaded file: rkit_wrapper_link.php
[13-Nov-2025 10:23:50 UTC] Class not found: \RomethemeKit\Rkit_Custom_Cursor
[13-Nov-2025 10:23:50 UTC] Instantiated class: \RomethemeKit\RkitDuplicator
[13-Nov-2025 10:23:50 UTC] Instantiated class: \RomethemeKit\BlurEffects
[13-Nov-2025 10:23:50 UTC] Class not found: \RomethemeKit\Rkit_Sticky_Content
[13-Nov-2025 10:23:50 UTC] Instantiated class: \RomethemeKit\RkitToolTips
[13-Nov-2025 10:23:50 UTC] Instantiated class: \RomethemeKit\RkitWrapperLink
[13-Nov-2025 10:23:51 UTC] Loaded file: blur_effects.php
[13-Nov-2025 10:23:51 UTC] Loaded file: rkit_post_duplicator.php
[13-Nov-2025 10:23:51 UTC] Loaded file: rkit_tool_tips.php
[13-Nov-2025 10:23:51 UTC] Loaded file: rkit_wrapper_link.php
[13-Nov-2025 10:23:51 UTC] Class not found: \RomethemeKit\Rkit_Custom_Cursor
[13-Nov-2025 10:23:51 UTC] Instantiated class: \RomethemeKit\RkitDuplicator
[13-Nov-2025 10:23:51 UTC] Instantiated class: \RomethemeKit\BlurEffects
[13-Nov-2025 10:23:51 UTC] Class not found: \RomethemeKit\Rkit_Sticky_Content
[13-Nov-2025 10:23:51 UTC] Instantiated class: \RomethemeKit\RkitToolTips
[13-Nov-2025 10:23:51 UTC] Instantiated class: \RomethemeKit\RkitWrapperLink
[13-Nov-2025 10:23:51 UTC] Loaded file: blur_effects.php
[13-Nov-2025 10:23:51 UTC] Loaded file: rkit_post_duplicator.php
[13-Nov-2025 10:23:51 UTC] Loaded file: rkit_tool_tips.php
[13-Nov-2025 10:23:51 UTC] Loaded file: rkit_wrapper_link.php
[13-Nov-2025 10:23:51 UTC] Class not found: \RomethemeKit\Rkit_Custom_Cursor
[13-Nov-2025 10:23:51 UTC] Instantiated class: \RomethemeKit\RkitDuplicator
[13-Nov-2025 10:23:51 UTC] Instantiated class: \RomethemeKit\BlurEffects
[13-Nov-2025 10:23:51 UTC] Class not found: \RomethemeKit\Rkit_Sticky_Content
[13-Nov-2025 10:23:51 UTC] Instantiated class: \RomethemeKit\RkitToolTips
[13-Nov-2025 10:23:51 UTC] Instantiated class: \RomethemeKit\RkitWrapperLink
[13-Nov-2025 10:23:55 UTC] Loaded file: blur_effects.php
[13-Nov-2025 10:23:55 UTC] Loaded file: rkit_post_duplicator.php
[13-Nov-2025 10:23:55 UTC] Loaded file: rkit_tool_tips.php
[13-Nov-2025 10:23:55 UTC] Loaded file: rkit_wrapper_link.php
[13-Nov-2025 10:23:55 UTC] Class not found: \RomethemeKit\Rkit_Custom_Cursor
[13-Nov-2025 10:23:55 UTC] Instantiated class: \RomethemeKit\RkitDuplicator
[13-Nov-2025 10:23:55 UTC] Instantiated class: \RomethemeKit\BlurEffects
[13-Nov-2025 10:23:55 UTC] Class not found: \RomethemeKit\Rkit_Sticky_Content
[13-Nov-2025 10:23:55 UTC] Instantiated class: \RomethemeKit\RkitToolTips
[13-Nov-2025 10:23:55 UTC] Instantiated class: \RomethemeKit\RkitWrapperLink
[13-Nov-2025 10:23:57 UTC] Loaded file: blur_effects.php
[13-Nov-2025 10:23:57 UTC] Loaded file: rkit_post_duplicator.php
[13-Nov-2025 10:23:57 UTC] Loaded file: rkit_tool_tips.php
[13-Nov-2025 10:23:57 UTC] Loaded file: rkit_wrapper_link.php
[13-Nov-2025 10:23:57 UTC] Class not found: \RomethemeKit\Rkit_Custom_Cursor
[13-Nov-2025 10:23:57 UTC] Instantiated class: \RomethemeKit\RkitDuplicator
[13-Nov-2025 10:23:57 UTC] Instantiated class: \RomethemeKit\BlurEffects
[13-Nov-2025 10:23:57 UTC] Class not found: \RomethemeKit\Rkit_Sticky_Content
[13-Nov-2025 10:23:57 UTC] Instantiated class: \RomethemeKit\RkitToolTips
[13-Nov-2025 10:23:57 UTC] Instantiated class: \RomethemeKit\RkitWrapperLink
[13-Nov-2025 10:23:57 UTC] Loaded file: blur_effects.php
[13-Nov-2025 10:23:57 UTC] Loaded file: rkit_post_duplicator.php
[13-Nov-2025 10:23:57 UTC] Loaded file: rkit_tool_tips.php
[13-Nov-2025 10:23:57 UTC] Loaded file: rkit_wrapper_link.php
[13-Nov-2025 10:23:57 UTC] Class not found: \RomethemeKit\Rkit_Custom_Cursor
[13-Nov-2025 10:23:57 UTC] Instantiated class: \RomethemeKit\RkitDuplicator
[13-Nov-2025 10:23:57 UTC] Instantiated class: \RomethemeKit\BlurEffects
[13-Nov-2025 10:23:57 UTC] Class not found: \RomethemeKit\Rkit_Sticky_Content
[13-Nov-2025 10:23:57 UTC] Instantiated class: \RomethemeKit\RkitToolTips
[13-Nov-2025 10:23:57 UTC] Instantiated class: \RomethemeKit\RkitWrapperLink
[13-Nov-2025 10:23:57 UTC] Loaded file: blur_effects.php
[13-Nov-2025 10:23:57 UTC] Loaded file: rkit_post_duplicator.php
[13-Nov-2025 10:23:57 UTC] Loaded file: rkit_tool_tips.php
[13-Nov-2025 10:23:57 UTC] Loaded file: rkit_wrapper_link.php
[13-Nov-2025 10:23:57 UTC] Class not found: \RomethemeKit\Rkit_Custom_Cursor
[13-Nov-2025 10:23:57 UTC] Instantiated class: \RomethemeKit\RkitDuplicator
[13-Nov-2025 10:23:57 UTC] Instantiated class: \RomethemeKit\BlurEffects
[13-Nov-2025 10:23:57 UTC] Class not found: \RomethemeKit\Rkit_Sticky_Content
[13-Nov-2025 10:23:57 UTC] Instantiated class: \RomethemeKit\RkitToolTips
[13-Nov-2025 10:23:57 UTC] Instantiated class: \RomethemeKit\RkitWrapperLink
[13-Nov-2025 10:24:03 UTC] Loaded file: blur_effects.php
[13-Nov-2025 10:24:03 UTC] Loaded file: rkit_post_duplicator.php
[13-Nov-2025 10:24:03 UTC] Loaded file: rkit_tool_tips.php
[13-Nov-2025 10:24:03 UTC] Loaded file: rkit_wrapper_link.php
[13-Nov-2025 10:24:03 UTC] Class not found: \RomethemeKit\Rkit_Custom_Cursor
[13-Nov-2025 10:24:03 UTC] Instantiated class: \RomethemeKit\RkitDuplicator
[13-Nov-2025 10:24:03 UTC] Instantiated class: \RomethemeKit\BlurEffects
[13-Nov-2025 10:24:03 UTC] Class not found: \RomethemeKit\Rkit_Sticky_Content
[13-Nov-2025 10:24:03 UTC] Instantiated class: \RomethemeKit\RkitToolTips
[13-Nov-2025 10:24:03 UTC] Instantiated class: \RomethemeKit\RkitWrapperLink
[13-Nov-2025 10:24:03 UTC] Loaded file: blur_effects.php
[13-Nov-2025 10:24:03 UTC] Loaded file: rkit_post_duplicator.php
[13-Nov-2025 10:24:03 UTC] Loaded file: rkit_tool_tips.php
[13-Nov-2025 10:24:03 UTC] Loaded file: rkit_wrapper_link.php
[13-Nov-2025 10:24:03 UTC] Class not found: \RomethemeKit\Rkit_Custom_Cursor
[13-Nov-2025 10:24:03 UTC] Instantiated class: \RomethemeKit\RkitDuplicator
[13-Nov-2025 10:24:03 UTC] Instantiated class: \RomethemeKit\BlurEffects
[13-Nov-2025 10:24:03 UTC] Class not found: \RomethemeKit\Rkit_Sticky_Content
[13-Nov-2025 10:24:03 UTC] Instantiated class: \RomethemeKit\RkitToolTips
[13-Nov-2025 10:24:03 UTC] Instantiated class: \RomethemeKit\RkitWrapperLink
[13-Nov-2025 10:24:06 UTC] Loaded file: blur_effects.php
[13-Nov-2025 10:24:06 UTC] Loaded file: rkit_post_duplicator.php
[13-Nov-2025 10:24:06 UTC] Loaded file: rkit_tool_tips.php
[13-Nov-2025 10:24:06 UTC] Loaded file: rkit_wrapper_link.php
[13-Nov-2025 10:24:06 UTC] Class not found: \RomethemeKit\Rkit_Custom_Cursor
[13-Nov-2025 10:24:06 UTC] Instantiated class: \RomethemeKit\RkitDuplicator
[13-Nov-2025 10:24:06 UTC] Instantiated class: \RomethemeKit\BlurEffects
[13-Nov-2025 10:24:06 UTC] Class not found: \RomethemeKit\Rkit_Sticky_Content
[13-Nov-2025 10:24:06 UTC] Instantiated class: \RomethemeKit\RkitToolTips
[13-Nov-2025 10:24:06 UTC] Instantiated class: \RomethemeKit\RkitWrapperLink
[13-Nov-2025 10:24:14 UTC] Loaded file: blur_effects.php
[13-Nov-2025 10:24:14 UTC] Loaded file: rkit_post_duplicator.php
[13-Nov-2025 10:24:14 UTC] Loaded file: rkit_tool_tips.php
[13-Nov-2025 10:24:14 UTC] Loaded file: rkit_wrapper_link.php
[13-Nov-2025 10:24:14 UTC] Class not found: \RomethemeKit\Rkit_Custom_Cursor
[13-Nov-2025 10:24:14 UTC] Instantiated class: \RomethemeKit\RkitDuplicator
[13-Nov-2025 10:24:14 UTC] Instantiated class: \RomethemeKit\BlurEffects
[13-Nov-2025 10:24:14 UTC] Class not found: \RomethemeKit\Rkit_Sticky_Content
[13-Nov-2025 10:24:14 UTC] Instantiated class: \RomethemeKit\RkitToolTips
[13-Nov-2025 10:24:14 UTC] Instantiated class: \RomethemeKit\RkitWrapperLink
[13-Nov-2025 10:24:19 UTC] Loaded file: blur_effects.php
[13-Nov-2025 10:24:19 UTC] Loaded file: rkit_post_duplicator.php
[13-Nov-2025 10:24:19 UTC] Loaded file: rkit_tool_tips.php
[13-Nov-2025 10:24:19 UTC] Loaded file: rkit_wrapper_link.php
[13-Nov-2025 10:24:19 UTC] Class not found: \RomethemeKit\Rkit_Custom_Cursor
[13-Nov-2025 10:24:19 UTC] Instantiated class: \RomethemeKit\RkitDuplicator
[13-Nov-2025 10:24:19 UTC] Instantiated class: \RomethemeKit\BlurEffects
[13-Nov-2025 10:24:19 UTC] Class not found: \RomethemeKit\Rkit_Sticky_Content
[13-Nov-2025 10:24:19 UTC] Instantiated class: \RomethemeKit\RkitToolTips
[13-Nov-2025 10:24:19 UTC] Instantiated class: \RomethemeKit\RkitWrapperLink
[13-Nov-2025 10:24:20 UTC] Loaded file: blur_effects.php
[13-Nov-2025 10:24:20 UTC] Loaded file: rkit_post_duplicator.php
[13-Nov-2025 10:24:20 UTC] Loaded file: rkit_tool_tips.php
[13-Nov-2025 10:24:20 UTC] Loaded file: rkit_wrapper_link.php
[13-Nov-2025 10:24:20 UTC] Class not found: \RomethemeKit\Rkit_Custom_Cursor
[13-Nov-2025 10:24:20 UTC] Instantiated class: \RomethemeKit\RkitDuplicator
[13-Nov-2025 10:24:20 UTC] Instantiated class: \RomethemeKit\BlurEffects
[13-Nov-2025 10:24:20 UTC] Class not found: \RomethemeKit\Rkit_Sticky_Content
[13-Nov-2025 10:24:20 UTC] Instantiated class: \RomethemeKit\RkitToolTips
[13-Nov-2025 10:24:20 UTC] Instantiated class: \RomethemeKit\RkitWrapperLink
[13-Nov-2025 10:24:25 UTC] Loaded file: blur_effects.php
[13-Nov-2025 10:24:25 UTC] Loaded file: rkit_post_duplicator.php
[13-Nov-2025 10:24:25 UTC] Loaded file: rkit_tool_tips.php
[13-Nov-2025 10:24:25 UTC] Loaded file: rkit_wrapper_link.php
[13-Nov-2025 10:24:25 UTC] Class not found: \RomethemeKit\Rkit_Custom_Cursor
[13-Nov-2025 10:24:25 UTC] Instantiated class: \RomethemeKit\RkitDuplicator
[13-Nov-2025 10:24:25 UTC] Instantiated class: \RomethemeKit\BlurEffects
[13-Nov-2025 10:24:25 UTC] Class not found: \RomethemeKit\Rkit_Sticky_Content
[13-Nov-2025 10:24:25 UTC] Instantiated class: \RomethemeKit\RkitToolTips
[13-Nov-2025 10:24:25 UTC] Instantiated class: \RomethemeKit\RkitWrapperLink
[13-Nov-2025 10:24:25 UTC] Loaded file: blur_effects.php
[13-Nov-2025 10:24:25 UTC] Loaded file: rkit_post_duplicator.php
[13-Nov-2025 10:24:25 UTC] Loaded file: rkit_tool_tips.php
[13-Nov-2025 10:24:25 UTC] Loaded file: rkit_wrapper_link.php
[13-Nov-2025 10:24:25 UTC] Class not found: \RomethemeKit\Rkit_Custom_Cursor
[13-Nov-2025 10:24:25 UTC] Instantiated class: \RomethemeKit\RkitDuplicator
[13-Nov-2025 10:24:25 UTC] Instantiated class: \RomethemeKit\BlurEffects
[13-Nov-2025 10:24:25 UTC] Class not found: \RomethemeKit\Rkit_Sticky_Content
[13-Nov-2025 10:24:25 UTC] Instantiated class: \RomethemeKit\RkitToolTips
[13-Nov-2025 10:24:25 UTC] Instantiated class: \RomethemeKit\RkitWrapperLink
[13-Nov-2025 10:24:42 UTC] Loaded file: blur_effects.php
[13-Nov-2025 10:24:42 UTC] Loaded file: rkit_post_duplicator.php
[13-Nov-2025 10:24:42 UTC] Loaded file: rkit_tool_tips.php
[13-Nov-2025 10:24:42 UTC] Loaded file: rkit_wrapper_link.php
[13-Nov-2025 10:24:42 UTC] Class not found: \RomethemeKit\Rkit_Custom_Cursor
[13-Nov-2025 10:24:42 UTC] Instantiated class: \RomethemeKit\RkitDuplicator
[13-Nov-2025 10:24:42 UTC] Instantiated class: \RomethemeKit\BlurEffects
[13-Nov-2025 10:24:42 UTC] Class not found: \RomethemeKit\Rkit_Sticky_Content
[13-Nov-2025 10:24:42 UTC] Instantiated class: \RomethemeKit\RkitToolTips
[13-Nov-2025 10:24:42 UTC] Instantiated class: \RomethemeKit\RkitWrapperLink
[13-Nov-2025 10:24:42 UTC] Loaded file: blur_effects.php
[13-Nov-2025 10:24:42 UTC] Loaded file: rkit_post_duplicator.php
[13-Nov-2025 10:24:42 UTC] Loaded file: rkit_tool_tips.php
[13-Nov-2025 10:24:42 UTC] Loaded file: rkit_wrapper_link.php
[13-Nov-2025 10:24:42 UTC] Class not found: \RomethemeKit\Rkit_Custom_Cursor
[13-Nov-2025 10:24:42 UTC] Instantiated class: \RomethemeKit\RkitDuplicator
[13-Nov-2025 10:24:42 UTC] Instantiated class: \RomethemeKit\BlurEffects
[13-Nov-2025 10:24:42 UTC] Class not found: \RomethemeKit\Rkit_Sticky_Content
[13-Nov-2025 10:24:42 UTC] Instantiated class: \RomethemeKit\RkitToolTips
[13-Nov-2025 10:24:42 UTC] Instantiated class: \RomethemeKit\RkitWrapperLink
[13-Nov-2025 10:24:43 UTC] Loaded file: blur_effects.php
[13-Nov-2025 10:24:43 UTC] Loaded file: rkit_post_duplicator.php
[13-Nov-2025 10:24:43 UTC] Loaded file: rkit_tool_tips.php
[13-Nov-2025 10:24:43 UTC] Loaded file: rkit_wrapper_link.php
[13-Nov-2025 10:24:43 UTC] Class not found: \RomethemeKit\Rkit_Custom_Cursor
[13-Nov-2025 10:24:43 UTC] Instantiated class: \RomethemeKit\RkitDuplicator
[13-Nov-2025 10:24:43 UTC] Instantiated class: \RomethemeKit\BlurEffects
[13-Nov-2025 10:24:43 UTC] Class not found: \RomethemeKit\Rkit_Sticky_Content
[13-Nov-2025 10:24:43 UTC] Instantiated class: \RomethemeKit\RkitToolTips
[13-Nov-2025 10:24:43 UTC] Instantiated class: \RomethemeKit\RkitWrapperLink
[13-Nov-2025 10:24:46 UTC] Loaded file: blur_effects.php
[13-Nov-2025 10:24:46 UTC] Loaded file: rkit_post_duplicator.php
[13-Nov-2025 10:24:46 UTC] Loaded file: rkit_tool_tips.php
[13-Nov-2025 10:24:46 UTC] Loaded file: rkit_wrapper_link.php
[13-Nov-2025 10:24:46 UTC] Class not found: \RomethemeKit\Rkit_Custom_Cursor
[13-Nov-2025 10:24:46 UTC] Instantiated class: \RomethemeKit\RkitDuplicator
[13-Nov-2025 10:24:46 UTC] Instantiated class: \RomethemeKit\BlurEffects
[13-Nov-2025 10:24:46 UTC] Class not found: \RomethemeKit\Rkit_Sticky_Content
[13-Nov-2025 10:24:46 UTC] Instantiated class: \RomethemeKit\RkitToolTips
[13-Nov-2025 10:24:46 UTC] Instantiated class: \RomethemeKit\RkitWrapperLink
[13-Nov-2025 10:24:47 UTC] Loaded file: blur_effects.php
[13-Nov-2025 10:24:47 UTC] Loaded file: rkit_post_duplicator.php
[13-Nov-2025 10:24:47 UTC] Loaded file: rkit_tool_tips.php
[13-Nov-2025 10:24:47 UTC] Loaded file: rkit_wrapper_link.php
[13-Nov-2025 10:24:47 UTC] Class not found: \RomethemeKit\Rkit_Custom_Cursor
[13-Nov-2025 10:24:47 UTC] Instantiated class: \RomethemeKit\RkitDuplicator
[13-Nov-2025 10:24:47 UTC] Instantiated class: \RomethemeKit\BlurEffects
[13-Nov-2025 10:24:47 UTC] Class not found: \RomethemeKit\Rkit_Sticky_Content
[13-Nov-2025 10:24:47 UTC] Instantiated class: \RomethemeKit\RkitToolTips
[13-Nov-2025 10:24:47 UTC] Instantiated class: \RomethemeKit\RkitWrapperLink
[13-Nov-2025 10:24:50 UTC] Loaded file: blur_effects.php
[13-Nov-2025 10:24:50 UTC] Loaded file: rkit_post_duplicator.php
[13-Nov-2025 10:24:50 UTC] Loaded file: rkit_tool_tips.php
[13-Nov-2025 10:24:50 UTC] Loaded file: rkit_wrapper_link.php
[13-Nov-2025 10:24:50 UTC] Class not found: \RomethemeKit\Rkit_Custom_Cursor
[13-Nov-2025 10:24:50 UTC] Instantiated class: \RomethemeKit\RkitDuplicator
[13-Nov-2025 10:24:50 UTC] Instantiated class: \RomethemeKit\BlurEffects
[13-Nov-2025 10:24:50 UTC] Class not found: \RomethemeKit\Rkit_Sticky_Content
[13-Nov-2025 10:24:50 UTC] Instantiated class: \RomethemeKit\RkitToolTips
[13-Nov-2025 10:24:50 UTC] Instantiated class: \RomethemeKit\RkitWrapperLink
[13-Nov-2025 10:24:54 UTC] Loaded file: blur_effects.php
[13-Nov-2025 10:24:54 UTC] Loaded file: rkit_post_duplicator.php
[13-Nov-2025 10:24:54 UTC] Loaded file: rkit_tool_tips.php
[13-Nov-2025 10:24:54 UTC] Loaded file: rkit_wrapper_link.php
[13-Nov-2025 10:24:54 UTC] Class not found: \RomethemeKit\Rkit_Custom_Cursor
[13-Nov-2025 10:24:54 UTC] Instantiated class: \RomethemeKit\RkitDuplicator
[13-Nov-2025 10:24:54 UTC] Instantiated class: \RomethemeKit\BlurEffects
[13-Nov-2025 10:24:54 UTC] Class not found: \RomethemeKit\Rkit_Sticky_Content
[13-Nov-2025 10:24:54 UTC] Instantiated class: \RomethemeKit\RkitToolTips
[13-Nov-2025 10:24:54 UTC] Instantiated class: \RomethemeKit\RkitWrapperLink
[13-Nov-2025 10:24:55 UTC] Loaded file: blur_effects.php
[13-Nov-2025 10:24:55 UTC] Loaded file: rkit_post_duplicator.php
[13-Nov-2025 10:24:55 UTC] Loaded file: rkit_tool_tips.php
[13-Nov-2025 10:24:55 UTC] Loaded file: rkit_wrapper_link.php
[13-Nov-2025 10:24:55 UTC] Class not found: \RomethemeKit\Rkit_Custom_Cursor
[13-Nov-2025 10:24:55 UTC] Instantiated class: \RomethemeKit\RkitDuplicator
[13-Nov-2025 10:24:55 UTC] Instantiated class: \RomethemeKit\BlurEffects
[13-Nov-2025 10:24:55 UTC] Class not found: \RomethemeKit\Rkit_Sticky_Content
[13-Nov-2025 10:24:55 UTC] Instantiated class: \RomethemeKit\RkitToolTips
[13-Nov-2025 10:24:55 UTC] Instantiated class: \RomethemeKit\RkitWrapperLink
[13-Nov-2025 10:24:55 UTC] Loaded file: blur_effects.php
[13-Nov-2025 10:24:55 UTC] Loaded file: rkit_post_duplicator.php
[13-Nov-2025 10:24:55 UTC] Loaded file: rkit_tool_tips.php
[13-Nov-2025 10:24:55 UTC] Loaded file: rkit_wrapper_link.php
[13-Nov-2025 10:24:55 UTC] Class not found: \RomethemeKit\Rkit_Custom_Cursor
[13-Nov-2025 10:24:55 UTC] Instantiated class: \RomethemeKit\RkitDuplicator
[13-Nov-2025 10:24:55 UTC] Instantiated class: \RomethemeKit\BlurEffects
[13-Nov-2025 10:24:55 UTC] Class not found: \RomethemeKit\Rkit_Sticky_Content
[13-Nov-2025 10:24:55 UTC] Instantiated class: \RomethemeKit\RkitToolTips
[13-Nov-2025 10:24:55 UTC] Instantiated class: \RomethemeKit\RkitWrapperLink
[13-Nov-2025 10:24:55 UTC] Loaded file: blur_effects.php
[13-Nov-2025 10:24:55 UTC] Loaded file: rkit_post_duplicator.php
[13-Nov-2025 10:24:55 UTC] Loaded file: rkit_tool_tips.php
[13-Nov-2025 10:24:55 UTC] Loaded file: rkit_wrapper_link.php
[13-Nov-2025 10:24:55 UTC] Class not found: \RomethemeKit\Rkit_Custom_Cursor
[13-Nov-2025 10:24:55 UTC] Instantiated class: \RomethemeKit\RkitDuplicator
[13-Nov-2025 10:24:55 UTC] Instantiated class: \RomethemeKit\BlurEffects
[13-Nov-2025 10:24:55 UTC] Class not found: \RomethemeKit\Rkit_Sticky_Content
[13-Nov-2025 10:24:55 UTC] Instantiated class: \RomethemeKit\RkitToolTips
[13-Nov-2025 10:24:55 UTC] Instantiated class: \RomethemeKit\RkitWrapperLink
[13-Nov-2025 10:24:59 UTC] Loaded file: blur_effects.php
[13-Nov-2025 10:24:59 UTC] Loaded file: rkit_post_duplicator.php
[13-Nov-2025 10:24:59 UTC] Loaded file: rkit_tool_tips.php
[13-Nov-2025 10:24:59 UTC] Loaded file: rkit_wrapper_link.php
[13-Nov-2025 10:24:59 UTC] Class not found: \RomethemeKit\Rkit_Custom_Cursor
[13-Nov-2025 10:24:59 UTC] Instantiated class: \RomethemeKit\RkitDuplicator
[13-Nov-2025 10:24:59 UTC] Instantiated class: \RomethemeKit\BlurEffects
[13-Nov-2025 10:24:59 UTC] Class not found: \RomethemeKit\Rkit_Sticky_Content
[13-Nov-2025 10:24:59 UTC] Instantiated class: \RomethemeKit\RkitToolTips
[13-Nov-2025 10:24:59 UTC] Instantiated class: \RomethemeKit\RkitWrapperLink
[13-Nov-2025 10:24:59 UTC] [Soltour API info] Request to master/getAllOrigins: {"productType":"PACKAGE","destinationCode":"PUJ"}
[13-Nov-2025 10:24:59 UTC] [Soltour API info] Response from master/getAllOrigins: {"origins":[{"code":"LCG","name":"A Coruña","airportType":"AIRPORT","destinationCode":"LCG","destinationName":"LA CORUNA","description":"A Coruña","dynamic":false},{"code":"ABC","name":"Albacete","airportType":"AIRPORT","description":"Albacete","dynamic":false},{"code":"ALC","name":"Alicante","airportType":"AIRPORT","destinationCode":"ALC","destinationName":"ALICANTE","description":"Alicante","dynamic":false},{"code":"LEI","name":"Almería","airportType":"AIRPORT","destinationCode":"LEI","dest
[13-Nov-2025 10:25:06 UTC] Loaded file: blur_effects.php
[13-Nov-2025 10:25:06 UTC] Loaded file: rkit_post_duplicator.php
[13-Nov-2025 10:25:06 UTC] Loaded file: rkit_tool_tips.php
[13-Nov-2025 10:25:06 UTC] Loaded file: rkit_wrapper_link.php
[13-Nov-2025 10:25:06 UTC] Class not found: \RomethemeKit\Rkit_Custom_Cursor
[13-Nov-2025 10:25:06 UTC] Instantiated class: \RomethemeKit\RkitDuplicator
[13-Nov-2025 10:25:06 UTC] Instantiated class: \RomethemeKit\BlurEffects
[13-Nov-2025 10:25:06 UTC] Class not found: \RomethemeKit\Rkit_Sticky_Content
[13-Nov-2025 10:25:06 UTC] Instantiated class: \RomethemeKit\RkitToolTips
[13-Nov-2025 10:25:06 UTC] Instantiated class: \RomethemeKit\RkitWrapperLink
[13-Nov-2025 10:25:11 UTC] Loaded file: blur_effects.php
[13-Nov-2025 10:25:11 UTC] Loaded file: rkit_post_duplicator.php
[13-Nov-2025 10:25:11 UTC] Loaded file: rkit_tool_tips.php
[13-Nov-2025 10:25:11 UTC] Loaded file: rkit_wrapper_link.php
[13-Nov-2025 10:25:11 UTC] Class not found: \RomethemeKit\Rkit_Custom_Cursor
[13-Nov-2025 10:25:11 UTC] Instantiated class: \RomethemeKit\RkitDuplicator
[13-Nov-2025 10:25:11 UTC] Instantiated class: \RomethemeKit\BlurEffects
[13-Nov-2025 10:25:11 UTC] Class not found: \RomethemeKit\Rkit_Sticky_Content
[13-Nov-2025 10:25:11 UTC] Instantiated class: \RomethemeKit\RkitToolTips
[13-Nov-2025 10:25:11 UTC] Instantiated class: \RomethemeKit\RkitWrapperLink
[13-Nov-2025 10:25:11 UTC] Loaded file: blur_effects.php
[13-Nov-2025 10:25:11 UTC] Loaded file: rkit_post_duplicator.php
[13-Nov-2025 10:25:11 UTC] Loaded file: rkit_tool_tips.php
[13-Nov-2025 10:25:11 UTC] Loaded file: rkit_wrapper_link.php
[13-Nov-2025 10:25:11 UTC] Class not found: \RomethemeKit\Rkit_Custom_Cursor
[13-Nov-2025 10:25:11 UTC] Instantiated class: \RomethemeKit\RkitDuplicator
[13-Nov-2025 10:25:11 UTC] Instantiated class: \RomethemeKit\BlurEffects
[13-Nov-2025 10:25:11 UTC] Class not found: \RomethemeKit\Rkit_Sticky_Content
[13-Nov-2025 10:25:11 UTC] Instantiated class: \RomethemeKit\RkitToolTips
[13-Nov-2025 10:25:11 UTC] Instantiated class: \RomethemeKit\RkitWrapperLink
[13-Nov-2025 10:25:12 UTC] [Soltour API info] === AJAX SEARCH PACKAGES CALLED ===
[13-Nov-2025 10:25:12 UTC] [Soltour API info] Params recebidos do frontend:
[13-Nov-2025 10:25:12 UTC] [Soltour API info]   - first_item: 0
[13-Nov-2025 10:25:12 UTC] [Soltour API info]   - item_count: 100
[13-Nov-2025 10:25:12 UTC] [Soltour API info] Params completos: {"originCode":"MAD","destinationCode":"PUJ","startDate":"2025-11-23","numNights":7,"rooms":[{"passengers":[{"type":"ADULT","age":30},{"type":"ADULT","age":30}]}],"productType":"PACKAGE","onlyHotel":"N","forceAvail":true,"firstItem":0,"itemCount":100}
[13-Nov-2025 10:25:12 UTC] [Soltour API info] Enviando para API Soltour (booking/availability):
[13-Nov-2025 10:25:12 UTC] [Soltour API info]   - criteria.pagination.firstItem: 0
[13-Nov-2025 10:25:12 UTC] [Soltour API info]   - criteria.pagination.itemCount: 100
[13-Nov-2025 10:25:12 UTC] [Soltour API info] Request to booking/availability: {"productType":"PACKAGE","onlyHotel":"N","forceAvail":true,"criteria":{"order":{"type":"PRICE","direction":"ASC"},"pagination":{"firstItem":0,"itemCount":100}},"languageCode":"PT","params":{"startDate":"2025-11-23","endDate":"2025-11-30","residentType":"NONE","accomodation":{"rooms":[{"passengers":[{"type":"ADULT","age":30},{"type":"ADULT","age":30}]}]},"hotelParams":{"destinationCode":"PUJ","includeImmediatePayment":true},"flightParams":{"itineraries":[{"origins":["MAD"],"destinations":["PUJ"]}],"directFlightsOnly":false,"includeImmediatePayment":true}}}
[13-Nov-2025 10:25:26 UTC] [Soltour API info] Response from booking/availability: {"productType":"PACKAGE","availToken":"zZRedbvBiL3qPCmeV7iV0Z30EXC95HdvwNGzJGNKMnM=","timestamp":"2025-11-13T11:25:12.266458299","serviceType":"UNDEFINED","agencyInformation":{"clientCode":"BEAUTYT","branchOfficeCode":"999","taxApplicationType":"ISC","taxRate":0,"paymentType":"PP","commission":{"currency":"EUR","rate":15}},"budgets":[{"booked":false,"selected":false,"hotelServices":[{"responseId":"ZOHtF+xS92vLh48Xhp/xtDP50bHwKALVOwinyb/dDSo=","id":"2adaf71e-388e-4d7e-ae65-87ee72ea86e3","type":"H
[13-Nov-2025 10:25:26 UTC] [Soltour API info] Resposta da API Soltour:
[13-Nov-2025 10:25:26 UTC] [Soltour API info]   - budgets: 166
[13-Nov-2025 10:25:26 UTC] [Soltour API info]   - totalCount: 0
[13-Nov-2025 10:25:26 UTC] [Soltour API info]   - hotels: 28
[13-Nov-2025 10:25:26 UTC] [Soltour API info]   - availToken: SIM
[13-Nov-2025 10:25:27 UTC] Loaded file: blur_effects.php
[13-Nov-2025 10:25:27 UTC] Loaded file: rkit_post_duplicator.php
[13-Nov-2025 10:25:27 UTC] Loaded file: rkit_tool_tips.php
[13-Nov-2025 10:25:27 UTC] Loaded file: rkit_wrapper_link.php
[13-Nov-2025 10:25:27 UTC] Class not found: \RomethemeKit\Rkit_Custom_Cursor
[13-Nov-2025 10:25:27 UTC] Instantiated class: \RomethemeKit\RkitDuplicator
[13-Nov-2025 10:25:27 UTC] Instantiated class: \RomethemeKit\BlurEffects
[13-Nov-2025 10:25:27 UTC] Class not found: \RomethemeKit\Rkit_Sticky_Content
[13-Nov-2025 10:25:27 UTC] Instantiated class: \RomethemeKit\RkitToolTips
[13-Nov-2025 10:25:27 UTC] Instantiated class: \RomethemeKit\RkitWrapperLink
[13-Nov-2025 10:25:27 UTC] Loaded file: blur_effects.php
[13-Nov-2025 10:25:27 UTC] Loaded file: rkit_post_duplicator.php
[13-Nov-2025 10:25:27 UTC] Loaded file: blur_effects.php
[13-Nov-2025 10:25:27 UTC] Loaded file: rkit_post_duplicator.php
[13-Nov-2025 10:25:27 UTC] Loaded file: rkit_tool_tips.php
[13-Nov-2025 10:25:27 UTC] Loaded file: rkit_wrapper_link.php
[13-Nov-2025 10:25:27 UTC] Class not found: \RomethemeKit\Rkit_Custom_Cursor
[13-Nov-2025 10:25:27 UTC] Loaded file: rkit_tool_tips.php
[13-Nov-2025 10:25:27 UTC] Instantiated class: \RomethemeKit\RkitDuplicator
[13-Nov-2025 10:25:27 UTC] Instantiated class: \RomethemeKit\BlurEffects
[13-Nov-2025 10:25:27 UTC] Class not found: \RomethemeKit\Rkit_Sticky_Content
[13-Nov-2025 10:25:27 UTC] Instantiated class: \RomethemeKit\RkitToolTips
[13-Nov-2025 10:25:27 UTC] Instantiated class: \RomethemeKit\RkitWrapperLink
[13-Nov-2025 10:25:27 UTC] Loaded file: rkit_wrapper_link.php
[13-Nov-2025 10:25:27 UTC] Class not found: \RomethemeKit\Rkit_Custom_Cursor
[13-Nov-2025 10:25:27 UTC] Instantiated class: \RomethemeKit\RkitDuplicator
[13-Nov-2025 10:25:27 UTC] Instantiated class: \RomethemeKit\BlurEffects
[13-Nov-2025 10:25:27 UTC] Class not found: \RomethemeKit\Rkit_Sticky_Content
[13-Nov-2025 10:25:27 UTC] Instantiated class: \RomethemeKit\RkitToolTips
[13-Nov-2025 10:25:27 UTC] Instantiated class: \RomethemeKit\RkitWrapperLink
[13-Nov-2025 10:25:27 UTC] Loaded file: blur_effects.php
[13-Nov-2025 10:25:27 UTC] Loaded file: rkit_post_duplicator.php
[13-Nov-2025 10:25:27 UTC] Loaded file: rkit_tool_tips.php
[13-Nov-2025 10:25:27 UTC] Loaded file: rkit_wrapper_link.php
[13-Nov-2025 10:25:27 UTC] Class not found: \RomethemeKit\Rkit_Custom_Cursor
[13-Nov-2025 10:25:27 UTC] Instantiated class: \RomethemeKit\RkitDuplicator
[13-Nov-2025 10:25:27 UTC] Instantiated class: \RomethemeKit\BlurEffects
[13-Nov-2025 10:25:27 UTC] Class not found: \RomethemeKit\Rkit_Sticky_Content
[13-Nov-2025 10:25:27 UTC] Instantiated class: \RomethemeKit\RkitToolTips
[13-Nov-2025 10:25:27 UTC] Instantiated class: \RomethemeKit\RkitWrapperLink
[13-Nov-2025 10:25:27 UTC] Loaded file: blur_effects.php
[13-Nov-2025 10:25:27 UTC] Loaded file: rkit_post_duplicator.php
[13-Nov-2025 10:25:27 UTC] Loaded file: rkit_tool_tips.php
[13-Nov-2025 10:25:27 UTC] Loaded file: rkit_wrapper_link.php
[13-Nov-2025 10:25:27 UTC] Class not found: \RomethemeKit\Rkit_Custom_Cursor
[13-Nov-2025 10:25:27 UTC] Instantiated class: \RomethemeKit\RkitDuplicator
[13-Nov-2025 10:25:27 UTC] Instantiated class: \RomethemeKit\BlurEffects
[13-Nov-2025 10:25:27 UTC] Class not found: \RomethemeKit\Rkit_Sticky_Content
[13-Nov-2025 10:25:27 UTC] Instantiated class: \RomethemeKit\RkitToolTips
[13-Nov-2025 10:25:27 UTC] Instantiated class: \RomethemeKit\RkitWrapperLink
[13-Nov-2025 10:25:28 UTC] [Soltour API info] Getting details for budget: H24##TI##0$4675547159662633839@@CLASSICAL01, hotel: H24
[13-Nov-2025 10:25:28 UTC] [Soltour API info] Request to booking/details: {"productType":"PACKAGE","availToken":"zZRedbvBiL3qPCmeV7iV0Z30EXC95HdvwNGzJGNKMnM=","budgetId":"H24##TI##0$4675547159662633839@@CLASSICAL01","hotelParams":{"hotelCode":"H24","providerCode":"UNDEFINED"}}
[13-Nov-2025 10:25:28 UTC] [Soltour API info] Getting details for budget: H99741##TI##0$5679030824378917678@@CLASSICAL01, hotel: H99741
[13-Nov-2025 10:25:28 UTC] [Soltour API info] Request to booking/details: {"productType":"PACKAGE","availToken":"zZRedbvBiL3qPCmeV7iV0Z30EXC95HdvwNGzJGNKMnM=","budgetId":"H99741##TI##0$5679030824378917678@@CLASSICAL01","hotelParams":{"hotelCode":"H99741","providerCode":"UNDEFINED"}}
[13-Nov-2025 10:25:28 UTC] Loaded file: blur_effects.php
[13-Nov-2025 10:25:28 UTC] Loaded file: rkit_post_duplicator.php
[13-Nov-2025 10:25:28 UTC] Loaded file: rkit_tool_tips.php
[13-Nov-2025 10:25:28 UTC] Loaded file: rkit_wrapper_link.php
[13-Nov-2025 10:25:28 UTC] Class not found: \RomethemeKit\Rkit_Custom_Cursor
[13-Nov-2025 10:25:28 UTC] Instantiated class: \RomethemeKit\RkitDuplicator
[13-Nov-2025 10:25:28 UTC] Instantiated class: \RomethemeKit\BlurEffects
[13-Nov-2025 10:25:28 UTC] Class not found: \RomethemeKit\Rkit_Sticky_Content
[13-Nov-2025 10:25:28 UTC] Instantiated class: \RomethemeKit\RkitToolTips
[13-Nov-2025 10:25:28 UTC] Instantiated class: \RomethemeKit\RkitWrapperLink
[13-Nov-2025 10:25:28 UTC] [Soltour API info] Getting details for budget: H49702##TI##0$4877618091666245237@@CLASSICAL01, hotel: H49702
[13-Nov-2025 10:25:28 UTC] [Soltour API info] Request to booking/details: {"productType":"PACKAGE","availToken":"zZRedbvBiL3qPCmeV7iV0Z30EXC95HdvwNGzJGNKMnM=","budgetId":"H49702##TI##0$4877618091666245237@@CLASSICAL01","hotelParams":{"hotelCode":"H49702","providerCode":"UNDEFINED"}}
[13-Nov-2025 10:25:28 UTC] [Soltour API info] Getting details for budget: H81381##TI##0$5206290008591888250@@CLASSICAL01, hotel: H81381
[13-Nov-2025 10:25:28 UTC] [Soltour API info] Request to booking/details: {"productType":"PACKAGE","availToken":"zZRedbvBiL3qPCmeV7iV0Z30EXC95HdvwNGzJGNKMnM=","budgetId":"H81381##TI##0$5206290008591888250@@CLASSICAL01","hotelParams":{"hotelCode":"H81381","providerCode":"UNDEFINED"}}
[13-Nov-2025 10:25:28 UTC] [Soltour API info] Getting details for budget: H217184##TI##0$5303969312468996967@@CLASSICAL01, hotel: H217184
[13-Nov-2025 10:25:28 UTC] [Soltour API info] Request to booking/details: {"productType":"PACKAGE","availToken":"zZRedbvBiL3qPCmeV7iV0Z30EXC95HdvwNGzJGNKMnM=","budgetId":"H217184##TI##0$5303969312468996967@@CLASSICAL01","hotelParams":{"hotelCode":"H217184","providerCode":"UNDEFINED"}}
[13-Nov-2025 10:25:28 UTC] [Soltour API info] Response from booking/details: {"availToken":"zZRedbvBiL3qPCmeV7iV0Z30EXC95HdvwNGzJGNKMnM=","timestamp":"2025-11-13T11:25:28.478438700","serviceType":"UNDEFINED","agencyInformation":{"clientCode":"BEAUTYT","branchOfficeCode":"999","taxApplicationType":"ISC","taxRate":0,"paymentType":"PP","commission":{"currency":"EUR","rate":15}},"params":{"startDate":"2025-11-23","endDate":"2025-11-30","accomodation":{"rooms":[{"passengers":[{"age":30,"type":"ADULT"},{"age":30,"type":"ADULT"}]}]},"residentType":"NONE","numNights":0,"flightPa
[13-Nov-2025 10:25:28 UTC] [Soltour API info] Details response structure: {"has_budget":false,"has_details":true,"has_error":false,"error_msg":null}
[13-Nov-2025 10:25:28 UTC] [Soltour API info] Response from booking/details: {"availToken":"zZRedbvBiL3qPCmeV7iV0Z30EXC95HdvwNGzJGNKMnM=","timestamp":"2025-11-13T11:25:28.710775861","serviceType":"UNDEFINED","agencyInformation":{"clientCode":"BEAUTYT","branchOfficeCode":"999","taxApplicationType":"ISC","taxRate":0,"paymentType":"PP","commission":{"currency":"EUR","rate":15}},"params":{"startDate":"2025-11-23","endDate":"2025-11-30","accomodation":{"rooms":[{"passengers":[{"age":30,"type":"ADULT"},{"age":30,"type":"ADULT"}]}]},"residentType":"NONE","numNights":0,"flightPa
[13-Nov-2025 10:25:28 UTC] [Soltour API info] Details response structure: {"has_budget":false,"has_details":true,"has_error":false,"error_msg":null}
[13-Nov-2025 10:25:28 UTC] [Soltour API info] Response from booking/details: {"availToken":"zZRedbvBiL3qPCmeV7iV0Z30EXC95HdvwNGzJGNKMnM=","timestamp":"2025-11-13T11:25:28.618553134","serviceType":"UNDEFINED","agencyInformation":{"clientCode":"BEAUTYT","branchOfficeCode":"999","taxApplicationType":"ISC","taxRate":0,"paymentType":"PP","commission":{"currency":"EUR","rate":15}},"params":{"startDate":"2025-11-23","endDate":"2025-11-30","accomodation":{"rooms":[{"passengers":[{"age":30,"type":"ADULT"},{"age":30,"type":"ADULT"}]}]},"residentType":"NONE","numNights":0,"flightPa
[13-Nov-2025 10:25:28 UTC] [Soltour API info] Details response structure: {"has_budget":false,"has_details":true,"has_error":false,"error_msg":null}
[13-Nov-2025 10:25:28 UTC] [Soltour API info] Response from booking/details: {"availToken":"zZRedbvBiL3qPCmeV7iV0Z30EXC95HdvwNGzJGNKMnM=","timestamp":"2025-11-13T11:25:28.735559328","serviceType":"UNDEFINED","agencyInformation":{"clientCode":"BEAUTYT","branchOfficeCode":"999","taxApplicationType":"ISC","taxRate":0,"paymentType":"PP","commission":{"currency":"EUR","rate":15}},"params":{"startDate":"2025-11-23","endDate":"2025-11-30","accomodation":{"rooms":[{"passengers":[{"age":30,"type":"ADULT"},{"age":30,"type":"ADULT"}]}]},"residentType":"NONE","numNights":0,"flightPa
[13-Nov-2025 10:25:28 UTC] [Soltour API info] Details response structure: {"has_budget":false,"has_details":true,"has_error":false,"error_msg":null}
[13-Nov-2025 10:25:29 UTC] [Soltour API info] Response from booking/details: {"availToken":"zZRedbvBiL3qPCmeV7iV0Z30EXC95HdvwNGzJGNKMnM=","timestamp":"2025-11-13T11:25:28.886990365","serviceType":"UNDEFINED","agencyInformation":{"clientCode":"BEAUTYT","branchOfficeCode":"999","taxApplicationType":"ISC","taxRate":0,"paymentType":"PP","commission":{"currency":"EUR","rate":15}},"params":{"startDate":"2025-11-23","endDate":"2025-11-30","accomodation":{"rooms":[{"passengers":[{"age":30,"type":"ADULT"},{"age":30,"type":"ADULT"}]}]},"residentType":"NONE","numNights":0,"flightPa
[13-Nov-2025 10:25:29 UTC] [Soltour API info] Details response structure: {"has_budget":false,"has_details":true,"has_error":false,"error_msg":null}
[13-Nov-2025 10:25:29 UTC] Loaded file: blur_effects.php
[13-Nov-2025 10:25:29 UTC] Loaded file: rkit_post_duplicator.php
[13-Nov-2025 10:25:29 UTC] Loaded file: rkit_tool_tips.php
[13-Nov-2025 10:25:29 UTC] Loaded file: rkit_wrapper_link.php
[13-Nov-2025 10:25:29 UTC] Class not found: \RomethemeKit\Rkit_Custom_Cursor
[13-Nov-2025 10:25:29 UTC] Instantiated class: \RomethemeKit\RkitDuplicator
[13-Nov-2025 10:25:29 UTC] Instantiated class: \RomethemeKit\BlurEffects
[13-Nov-2025 10:25:29 UTC] Class not found: \RomethemeKit\Rkit_Sticky_Content
[13-Nov-2025 10:25:29 UTC] Instantiated class: \RomethemeKit\RkitToolTips
[13-Nov-2025 10:25:29 UTC] Instantiated class: \RomethemeKit\RkitWrapperLink
[13-Nov-2025 10:25:29 UTC] Loaded file: blur_effects.php
[13-Nov-2025 10:25:29 UTC] Loaded file: rkit_post_duplicator.php
[13-Nov-2025 10:25:29 UTC] Loaded file: rkit_tool_tips.php
[13-Nov-2025 10:25:29 UTC] Loaded file: rkit_wrapper_link.php
[13-Nov-2025 10:25:29 UTC] Class not found: \RomethemeKit\Rkit_Custom_Cursor
[13-Nov-2025 10:25:29 UTC] Instantiated class: \RomethemeKit\RkitDuplicator
[13-Nov-2025 10:25:29 UTC] Instantiated class: \RomethemeKit\BlurEffects
[13-Nov-2025 10:25:29 UTC] Class not found: \RomethemeKit\Rkit_Sticky_Content
[13-Nov-2025 10:25:29 UTC] Instantiated class: \RomethemeKit\RkitToolTips
[13-Nov-2025 10:25:29 UTC] Instantiated class: \RomethemeKit\RkitWrapperLink
[13-Nov-2025 10:25:29 UTC] Loaded file: blur_effects.php
[13-Nov-2025 10:25:29 UTC] Loaded file: rkit_post_duplicator.php
[13-Nov-2025 10:25:29 UTC] Loaded file: rkit_tool_tips.php
[13-Nov-2025 10:25:29 UTC] Loaded file: rkit_wrapper_link.php
[13-Nov-2025 10:25:29 UTC] Class not found: \RomethemeKit\Rkit_Custom_Cursor
[13-Nov-2025 10:25:29 UTC] Instantiated class: \RomethemeKit\RkitDuplicator
[13-Nov-2025 10:25:29 UTC] Instantiated class: \RomethemeKit\BlurEffects
[13-Nov-2025 10:25:29 UTC] Class not found: \RomethemeKit\Rkit_Sticky_Content
[13-Nov-2025 10:25:29 UTC] Instantiated class: \RomethemeKit\RkitToolTips
[13-Nov-2025 10:25:29 UTC] Instantiated class: \RomethemeKit\RkitWrapperLink
[13-Nov-2025 10:25:29 UTC] Loaded file: blur_effects.php
[13-Nov-2025 10:25:29 UTC] Loaded file: rkit_post_duplicator.php
[13-Nov-2025 10:25:29 UTC] Loaded file: rkit_tool_tips.php
[13-Nov-2025 10:25:29 UTC] Loaded file: rkit_wrapper_link.php
[13-Nov-2025 10:25:29 UTC] Loaded file: blur_effects.php
[13-Nov-2025 10:25:29 UTC] Class not found: \RomethemeKit\Rkit_Custom_Cursor
[13-Nov-2025 10:25:29 UTC] Instantiated class: \RomethemeKit\RkitDuplicator
[13-Nov-2025 10:25:29 UTC] Instantiated class: \RomethemeKit\BlurEffects
[13-Nov-2025 10:25:29 UTC] Class not found: \RomethemeKit\Rkit_Sticky_Content
[13-Nov-2025 10:25:29 UTC] Instantiated class: \RomethemeKit\RkitToolTips
[13-Nov-2025 10:25:29 UTC] Instantiated class: \RomethemeKit\RkitWrapperLink
[13-Nov-2025 10:25:29 UTC] Loaded file: rkit_post_duplicator.php
[13-Nov-2025 10:25:29 UTC] Loaded file: rkit_tool_tips.php
[13-Nov-2025 10:25:29 UTC] Loaded file: rkit_wrapper_link.php
[13-Nov-2025 10:25:29 UTC] Class not found: \RomethemeKit\Rkit_Custom_Cursor
[13-Nov-2025 10:25:29 UTC] Instantiated class: \RomethemeKit\RkitDuplicator
[13-Nov-2025 10:25:29 UTC] Instantiated class: \RomethemeKit\BlurEffects
[13-Nov-2025 10:25:29 UTC] Class not found: \RomethemeKit\Rkit_Sticky_Content
[13-Nov-2025 10:25:29 UTC] Instantiated class: \RomethemeKit\RkitToolTips
[13-Nov-2025 10:25:29 UTC] Instantiated class: \RomethemeKit\RkitWrapperLink
[13-Nov-2025 10:25:30 UTC] [Soltour API info] Getting details for budget: H81784##TI##0$4933670456374845476@@CLASSICAL01, hotel: H81784
[13-Nov-2025 10:25:30 UTC] [Soltour API info] Request to booking/details: {"productType":"PACKAGE","availToken":"zZRedbvBiL3qPCmeV7iV0Z30EXC95HdvwNGzJGNKMnM=","budgetId":"H81784##TI##0$4933670456374845476@@CLASSICAL01","hotelParams":{"hotelCode":"H81784","providerCode":"UNDEFINED"}}
[13-Nov-2025 10:25:30 UTC] [Soltour API info] Getting details for budget: H186203##TI##0$5336005065343491238@@CLASSICAL01, hotel: H186203
[13-Nov-2025 10:25:30 UTC] [Soltour API info] Request to booking/details: {"productType":"PACKAGE","availToken":"zZRedbvBiL3qPCmeV7iV0Z30EXC95HdvwNGzJGNKMnM=","budgetId":"H186203##TI##0$5336005065343491238@@CLASSICAL01","hotelParams":{"hotelCode":"H186203","providerCode":"UNDEFINED"}}
[13-Nov-2025 10:25:30 UTC] [Soltour API info] Getting details for budget: H408431##SA##0$5104365067413693618@@CLASSICAL01, hotel: H408431
[13-Nov-2025 10:25:30 UTC] [Soltour API info] Request to booking/details: {"productType":"PACKAGE","availToken":"zZRedbvBiL3qPCmeV7iV0Z30EXC95HdvwNGzJGNKMnM=","budgetId":"H408431##SA##0$5104365067413693618@@CLASSICAL01","hotelParams":{"hotelCode":"H408431","providerCode":"UNDEFINED"}}
[13-Nov-2025 10:25:30 UTC] [Soltour API info] Getting details for budget: H199543##SA##0$4706868550049751067@@CLASSICAL01, hotel: H199543
[13-Nov-2025 10:25:30 UTC] [Soltour API info] Request to booking/details: {"productType":"PACKAGE","availToken":"zZRedbvBiL3qPCmeV7iV0Z30EXC95HdvwNGzJGNKMnM=","budgetId":"H199543##SA##0$4706868550049751067@@CLASSICAL01","hotelParams":{"hotelCode":"H199543","providerCode":"UNDEFINED"}}
[13-Nov-2025 10:25:30 UTC] [Soltour API info] Getting details for budget: H80090##TI##0$5283503975891336974@@CLASSICAL01, hotel: H80090
[13-Nov-2025 10:25:30 UTC] [Soltour API info] Request to booking/details: {"productType":"PACKAGE","availToken":"zZRedbvBiL3qPCmeV7iV0Z30EXC95HdvwNGzJGNKMnM=","budgetId":"H80090##TI##0$5283503975891336974@@CLASSICAL01","hotelParams":{"hotelCode":"H80090","providerCode":"UNDEFINED"}}
[13-Nov-2025 10:25:30 UTC] [Soltour API info] Response from booking/details: {"availToken":"zZRedbvBiL3qPCmeV7iV0Z30EXC95HdvwNGzJGNKMnM=","timestamp":"2025-11-13T11:25:30.838733431","serviceType":"UNDEFINED","agencyInformation":{"clientCode":"BEAUTYT","branchOfficeCode":"999","taxApplicationType":"ISC","taxRate":0,"paymentType":"PP","commission":{"currency":"EUR","rate":15}},"params":{"startDate":"2025-11-23","endDate":"2025-11-30","accomodation":{"rooms":[{"passengers":[{"age":30,"type":"ADULT"},{"age":30,"type":"ADULT"}]}]},"residentType":"NONE","numNights":0,"flightPa
[13-Nov-2025 10:25:30 UTC] [Soltour API info] Details response structure: {"has_budget":false,"has_details":true,"has_error":false,"error_msg":null}
[13-Nov-2025 10:25:31 UTC] [Soltour API info] Response from booking/details: {"availToken":"zZRedbvBiL3qPCmeV7iV0Z30EXC95HdvwNGzJGNKMnM=","timestamp":"2025-11-13T11:25:30.927180491","serviceType":"UNDEFINED","agencyInformation":{"clientCode":"BEAUTYT","branchOfficeCode":"999","taxApplicationType":"ISC","taxRate":0,"paymentType":"PP","commission":{"currency":"EUR","rate":15}},"params":{"startDate":"2025-11-23","endDate":"2025-11-30","accomodation":{"rooms":[{"passengers":[{"age":30,"type":"ADULT"},{"age":30,"type":"ADULT"}]}]},"residentType":"NONE","numNights":0,"flightPa
[13-Nov-2025 10:25:31 UTC] [Soltour API info] Details response structure: {"has_budget":false,"has_details":true,"has_error":false,"error_msg":null}
[13-Nov-2025 10:25:31 UTC] [Soltour API info] Response from booking/details: {"availToken":"zZRedbvBiL3qPCmeV7iV0Z30EXC95HdvwNGzJGNKMnM=","timestamp":"2025-11-13T11:25:30.959302848","serviceType":"UNDEFINED","agencyInformation":{"clientCode":"BEAUTYT","branchOfficeCode":"999","taxApplicationType":"ISC","taxRate":0,"paymentType":"PP","commission":{"currency":"EUR","rate":15}},"params":{"startDate":"2025-11-23","endDate":"2025-11-30","accomodation":{"rooms":[{"passengers":[{"age":30,"type":"ADULT"},{"age":30,"type":"ADULT"}]}]},"residentType":"NONE","numNights":0,"flightPa
[13-Nov-2025 10:25:31 UTC] [Soltour API info] Details response structure: {"has_budget":false,"has_details":true,"has_error":false,"error_msg":null}
[13-Nov-2025 10:25:31 UTC] [Soltour API info] Response from booking/details: {"availToken":"zZRedbvBiL3qPCmeV7iV0Z30EXC95HdvwNGzJGNKMnM=","timestamp":"2025-11-13T11:25:30.993405120","serviceType":"UNDEFINED","agencyInformation":{"clientCode":"BEAUTYT","branchOfficeCode":"999","taxApplicationType":"ISC","taxRate":0,"paymentType":"PP","commission":{"currency":"EUR","rate":15}},"params":{"startDate":"2025-11-23","endDate":"2025-11-30","accomodation":{"rooms":[{"passengers":[{"age":30,"type":"ADULT"},{"age":30,"type":"ADULT"}]}]},"residentType":"NONE","numNights":0,"flightPa
[13-Nov-2025 10:25:31 UTC] [Soltour API info] Details response structure: {"has_budget":false,"has_details":true,"has_error":false,"error_msg":null}
[13-Nov-2025 10:25:31 UTC] [Soltour API info] Response from booking/details: {"availToken":"zZRedbvBiL3qPCmeV7iV0Z30EXC95HdvwNGzJGNKMnM=","timestamp":"2025-11-13T11:25:30.970359238","serviceType":"UNDEFINED","agencyInformation":{"clientCode":"BEAUTYT","branchOfficeCode":"999","taxApplicationType":"ISC","taxRate":0,"paymentType":"PP","commission":{"currency":"EUR","rate":15}},"params":{"startDate":"2025-11-23","endDate":"2025-11-30","accomodation":{"rooms":[{"passengers":[{"age":30,"type":"ADULT"},{"age":30,"type":"ADULT"}]}]},"residentType":"NONE","numNights":0,"flightPa
[13-Nov-2025 10:25:31 UTC] [Soltour API info] Details response structure: {"has_budget":false,"has_details":true,"has_error":false,"error_msg":null}
[13-Nov-2025 10:25:31 UTC] Loaded file: blur_effects.php
[13-Nov-2025 10:25:31 UTC] Loaded file: rkit_post_duplicator.php
[13-Nov-2025 10:25:31 UTC] Loaded file: rkit_tool_tips.php
[13-Nov-2025 10:25:31 UTC] Loaded file: rkit_wrapper_link.php
[13-Nov-2025 10:25:31 UTC] Class not found: \RomethemeKit\Rkit_Custom_Cursor
[13-Nov-2025 10:25:31 UTC] Instantiated class: \RomethemeKit\RkitDuplicator
[13-Nov-2025 10:25:31 UTC] Instantiated class: \RomethemeKit\BlurEffects
[13-Nov-2025 10:25:31 UTC] Class not found: \RomethemeKit\Rkit_Sticky_Content
[13-Nov-2025 10:25:31 UTC] Instantiated class: \RomethemeKit\RkitToolTips
[13-Nov-2025 10:25:31 UTC] Instantiated class: \RomethemeKit\RkitWrapperLink
[13-Nov-2025 10:25:31 UTC] Loaded file: blur_effects.php
[13-Nov-2025 10:25:31 UTC] Loaded file: rkit_post_duplicator.php
[13-Nov-2025 10:25:31 UTC] Loaded file: rkit_tool_tips.php
[13-Nov-2025 10:25:31 UTC] Loaded file: rkit_wrapper_link.php
[13-Nov-2025 10:25:31 UTC] Class not found: \RomethemeKit\Rkit_Custom_Cursor
[13-Nov-2025 10:25:31 UTC] Instantiated class: \RomethemeKit\RkitDuplicator
[13-Nov-2025 10:25:31 UTC] Instantiated class: \RomethemeKit\BlurEffects
[13-Nov-2025 10:25:31 UTC] Class not found: \RomethemeKit\Rkit_Sticky_Content
[13-Nov-2025 10:25:31 UTC] Instantiated class: \RomethemeKit\RkitToolTips
[13-Nov-2025 10:25:31 UTC] Instantiated class: \RomethemeKit\RkitWrapperLink
[13-Nov-2025 10:25:31 UTC] Loaded file: blur_effects.php
[13-Nov-2025 10:25:31 UTC] Loaded file: rkit_post_duplicator.php
[13-Nov-2025 10:25:31 UTC] Loaded file: rkit_tool_tips.php
[13-Nov-2025 10:25:31 UTC] Loaded file: rkit_wrapper_link.php
[13-Nov-2025 10:25:31 UTC] Class not found: \RomethemeKit\Rkit_Custom_Cursor
[13-Nov-2025 10:25:31 UTC] Instantiated class: \RomethemeKit\RkitDuplicator
[13-Nov-2025 10:25:31 UTC] Instantiated class: \RomethemeKit\BlurEffects
[13-Nov-2025 10:25:31 UTC] Class not found: \RomethemeKit\Rkit_Sticky_Content
[13-Nov-2025 10:25:31 UTC] Instantiated class: \RomethemeKit\RkitToolTips
[13-Nov-2025 10:25:31 UTC] Instantiated class: \RomethemeKit\RkitWrapperLink
[13-Nov-2025 10:25:31 UTC] Loaded file: blur_effects.php
[13-Nov-2025 10:25:31 UTC] Loaded file: rkit_post_duplicator.php
[13-Nov-2025 10:25:31 UTC] Loaded file: rkit_tool_tips.php
[13-Nov-2025 10:25:31 UTC] Loaded file: rkit_wrapper_link.php
[13-Nov-2025 10:25:31 UTC] Class not found: \RomethemeKit\Rkit_Custom_Cursor
[13-Nov-2025 10:25:31 UTC] Instantiated class: \RomethemeKit\RkitDuplicator
[13-Nov-2025 10:25:31 UTC] Instantiated class: \RomethemeKit\BlurEffects
[13-Nov-2025 10:25:31 UTC] Class not found: \RomethemeKit\Rkit_Sticky_Content
[13-Nov-2025 10:25:31 UTC] Instantiated class: \RomethemeKit\RkitToolTips
[13-Nov-2025 10:25:31 UTC] Instantiated class: \RomethemeKit\RkitWrapperLink
[13-Nov-2025 10:25:32 UTC] [Soltour API info] Getting details for budget: H3784##TI##0$5159021060828434712@@CLASSICAL01, hotel: H3784
[13-Nov-2025 10:25:32 UTC] [Soltour API info] Request to booking/details: {"productType":"PACKAGE","availToken":"zZRedbvBiL3qPCmeV7iV0Z30EXC95HdvwNGzJGNKMnM=","budgetId":"H3784##TI##0$5159021060828434712@@CLASSICAL01","hotelParams":{"hotelCode":"H3784","providerCode":"UNDEFINED"}}
[13-Nov-2025 10:25:32 UTC] [Soltour API info] Getting details for budget: H68719##TI##0$5519305511359833271@@CLASSICAL01, hotel: H68719
[13-Nov-2025 10:25:32 UTC] [Soltour API info] Request to booking/details: {"productType":"PACKAGE","availToken":"zZRedbvBiL3qPCmeV7iV0Z30EXC95HdvwNGzJGNKMnM=","budgetId":"H68719##TI##0$5519305511359833271@@CLASSICAL01","hotelParams":{"hotelCode":"H68719","providerCode":"UNDEFINED"}}
[13-Nov-2025 10:25:32 UTC] [Soltour API info] Getting details for budget: H1##TI##0$5015440344771247335@@CLASSICAL01, hotel: H1
[13-Nov-2025 10:25:32 UTC] [Soltour API info] Request to booking/details: {"productType":"PACKAGE","availToken":"zZRedbvBiL3qPCmeV7iV0Z30EXC95HdvwNGzJGNKMnM=","budgetId":"H1##TI##0$5015440344771247335@@CLASSICAL01","hotelParams":{"hotelCode":"H1","providerCode":"UNDEFINED"}}
[13-Nov-2025 10:25:32 UTC] [Soltour API info] Getting details for budget: H50725##TI##0$5259940894728690624@@CLASSICAL01, hotel: H50725
[13-Nov-2025 10:25:32 UTC] [Soltour API info] Request to booking/details: {"productType":"PACKAGE","availToken":"zZRedbvBiL3qPCmeV7iV0Z30EXC95HdvwNGzJGNKMnM=","budgetId":"H50725##TI##0$5259940894728690624@@CLASSICAL01","hotelParams":{"hotelCode":"H50725","providerCode":"UNDEFINED"}}
[13-Nov-2025 10:25:32 UTC] Loaded file: blur_effects.php
[13-Nov-2025 10:25:32 UTC] Loaded file: rkit_post_duplicator.php
[13-Nov-2025 10:25:32 UTC] Loaded file: rkit_tool_tips.php
[13-Nov-2025 10:25:32 UTC] Loaded file: rkit_wrapper_link.php
[13-Nov-2025 10:25:32 UTC] Class not found: \RomethemeKit\Rkit_Custom_Cursor
[13-Nov-2025 10:25:32 UTC] Instantiated class: \RomethemeKit\RkitDuplicator
[13-Nov-2025 10:25:32 UTC] Instantiated class: \RomethemeKit\BlurEffects
[13-Nov-2025 10:25:32 UTC] Class not found: \RomethemeKit\Rkit_Sticky_Content
[13-Nov-2025 10:25:32 UTC] Instantiated class: \RomethemeKit\RkitToolTips
[13-Nov-2025 10:25:32 UTC] Instantiated class: \RomethemeKit\RkitWrapperLink
[13-Nov-2025 10:25:32 UTC] [Soltour API info] Response from booking/details: {"availToken":"zZRedbvBiL3qPCmeV7iV0Z30EXC95HdvwNGzJGNKMnM=","timestamp":"2025-11-13T11:25:32.603704095","serviceType":"UNDEFINED","agencyInformation":{"clientCode":"BEAUTYT","branchOfficeCode":"999","taxApplicationType":"ISC","taxRate":0,"paymentType":"PP","commission":{"currency":"EUR","rate":15}},"params":{"startDate":"2025-11-23","endDate":"2025-11-30","accomodation":{"rooms":[{"passengers":[{"age":30,"type":"ADULT"},{"age":30,"type":"ADULT"}]}]},"residentType":"NONE","numNights":0,"flightPa
[13-Nov-2025 10:25:32 UTC] [Soltour API info] Details response structure: {"has_budget":false,"has_details":true,"has_error":false,"error_msg":null}
[13-Nov-2025 10:25:32 UTC] [Soltour API info] Response from booking/details: {"availToken":"zZRedbvBiL3qPCmeV7iV0Z30EXC95HdvwNGzJGNKMnM=","timestamp":"2025-11-13T11:25:32.643225671","serviceType":"UNDEFINED","agencyInformation":{"clientCode":"BEAUTYT","branchOfficeCode":"999","taxApplicationType":"ISC","taxRate":0,"paymentType":"PP","commission":{"currency":"EUR","rate":15}},"params":{"startDate":"2025-11-23","endDate":"2025-11-30","accomodation":{"rooms":[{"passengers":[{"age":30,"type":"ADULT"},{"age":30,"type":"ADULT"}]}]},"residentType":"NONE","numNights":0,"flightPa
[13-Nov-2025 10:25:32 UTC] [Soltour API info] Details response structure: {"has_budget":false,"has_details":true,"has_error":false,"error_msg":null}
[13-Nov-2025 10:25:32 UTC] [Soltour API info] Response from booking/details: {"availToken":"zZRedbvBiL3qPCmeV7iV0Z30EXC95HdvwNGzJGNKMnM=","timestamp":"2025-11-13T11:25:32.649656189","serviceType":"UNDEFINED","agencyInformation":{"clientCode":"BEAUTYT","branchOfficeCode":"999","taxApplicationType":"ISC","taxRate":0,"paymentType":"PP","commission":{"currency":"EUR","rate":15}},"params":{"startDate":"2025-11-23","endDate":"2025-11-30","accomodation":{"rooms":[{"passengers":[{"age":30,"type":"ADULT"},{"age":30,"type":"ADULT"}]}]},"residentType":"NONE","numNights":0,"flightPa
[13-Nov-2025 10:25:32 UTC] [Soltour API info] Details response structure: {"has_budget":false,"has_details":true,"has_error":false,"error_msg":null}
[13-Nov-2025 10:25:32 UTC] [Soltour API info] Response from booking/details: {"availToken":"zZRedbvBiL3qPCmeV7iV0Z30EXC95HdvwNGzJGNKMnM=","timestamp":"2025-11-13T11:25:32.717616515","serviceType":"UNDEFINED","agencyInformation":{"clientCode":"BEAUTYT","branchOfficeCode":"999","taxApplicationType":"ISC","taxRate":0,"paymentType":"PP","commission":{"currency":"EUR","rate":15}},"params":{"startDate":"2025-11-23","endDate":"2025-11-30","accomodation":{"rooms":[{"passengers":[{"age":30,"type":"ADULT"},{"age":30,"type":"ADULT"}]}]},"residentType":"NONE","numNights":0,"flightPa
[13-Nov-2025 10:25:32 UTC] [Soltour API info] Details response structure: {"has_budget":false,"has_details":true,"has_error":false,"error_msg":null}
[13-Nov-2025 10:25:32 UTC] [Soltour API info] Getting details for budget: H14##TI##0$5004017617643587299@@CLASSICAL01, hotel: H14
[13-Nov-2025 10:25:32 UTC] [Soltour API info] Request to booking/details: {"productType":"PACKAGE","availToken":"zZRedbvBiL3qPCmeV7iV0Z30EXC95HdvwNGzJGNKMnM=","budgetId":"H14##TI##0$5004017617643587299@@CLASSICAL01","hotelParams":{"hotelCode":"H14","providerCode":"UNDEFINED"}}
[13-Nov-2025 10:25:33 UTC] Loaded file: blur_effects.php
[13-Nov-2025 10:25:33 UTC] Loaded file: rkit_post_duplicator.php
[13-Nov-2025 10:25:33 UTC] Loaded file: rkit_tool_tips.php
[13-Nov-2025 10:25:33 UTC] Loaded file: rkit_wrapper_link.php
[13-Nov-2025 10:25:33 UTC] Class not found: \RomethemeKit\Rkit_Custom_Cursor
[13-Nov-2025 10:25:33 UTC] Instantiated class: \RomethemeKit\RkitDuplicator
[13-Nov-2025 10:25:33 UTC] Instantiated class: \RomethemeKit\BlurEffects
[13-Nov-2025 10:25:33 UTC] Class not found: \RomethemeKit\Rkit_Sticky_Content
[13-Nov-2025 10:25:33 UTC] Instantiated class: \RomethemeKit\RkitToolTips
[13-Nov-2025 10:25:33 UTC] Instantiated class: \RomethemeKit\RkitWrapperLink
[13-Nov-2025 10:25:33 UTC] Loaded file: blur_effects.php
[13-Nov-2025 10:25:33 UTC] Loaded file: rkit_post_duplicator.php
[13-Nov-2025 10:25:33 UTC] Loaded file: rkit_tool_tips.php
[13-Nov-2025 10:25:33 UTC] Loaded file: rkit_wrapper_link.php
[13-Nov-2025 10:25:33 UTC] Class not found: \RomethemeKit\Rkit_Custom_Cursor
[13-Nov-2025 10:25:33 UTC] Instantiated class: \RomethemeKit\RkitDuplicator
[13-Nov-2025 10:25:33 UTC] Instantiated class: \RomethemeKit\BlurEffects
[13-Nov-2025 10:25:33 UTC] Class not found: \RomethemeKit\Rkit_Sticky_Content
[13-Nov-2025 10:25:33 UTC] Instantiated class: \RomethemeKit\RkitToolTips
[13-Nov-2025 10:25:33 UTC] Instantiated class: \RomethemeKit\RkitWrapperLink
[13-Nov-2025 10:25:33 UTC] Loaded file: blur_effects.php
[13-Nov-2025 10:25:33 UTC] Loaded file: rkit_post_duplicator.php
[13-Nov-2025 10:25:33 UTC] Loaded file: rkit_tool_tips.php
[13-Nov-2025 10:25:33 UTC] Loaded file: rkit_wrapper_link.php
[13-Nov-2025 10:25:33 UTC] Class not found: \RomethemeKit\Rkit_Custom_Cursor
[13-Nov-2025 10:25:33 UTC] Instantiated class: \RomethemeKit\RkitDuplicator
[13-Nov-2025 10:25:33 UTC] Instantiated class: \RomethemeKit\BlurEffects
[13-Nov-2025 10:25:33 UTC] Class not found: \RomethemeKit\Rkit_Sticky_Content
[13-Nov-2025 10:25:33 UTC] Instantiated class: \RomethemeKit\RkitToolTips
[13-Nov-2025 10:25:33 UTC] Instantiated class: \RomethemeKit\RkitWrapperLink
[13-Nov-2025 10:25:33 UTC] Loaded file: blur_effects.php
[13-Nov-2025 10:25:33 UTC] Loaded file: rkit_post_duplicator.php
[13-Nov-2025 10:25:33 UTC] Loaded file: rkit_tool_tips.php
[13-Nov-2025 10:25:33 UTC] Loaded file: rkit_wrapper_link.php
[13-Nov-2025 10:25:33 UTC] Class not found: \RomethemeKit\Rkit_Custom_Cursor
[13-Nov-2025 10:25:33 UTC] Instantiated class: \RomethemeKit\RkitDuplicator
[13-Nov-2025 10:25:33 UTC] Instantiated class: \RomethemeKit\BlurEffects
[13-Nov-2025 10:25:33 UTC] Class not found: \RomethemeKit\Rkit_Sticky_Content
[13-Nov-2025 10:25:33 UTC] Instantiated class: \RomethemeKit\RkitToolTips
[13-Nov-2025 10:25:33 UTC] Instantiated class: \RomethemeKit\RkitWrapperLink
[13-Nov-2025 10:25:33 UTC] [Soltour API info] Response from booking/details: {"availToken":"zZRedbvBiL3qPCmeV7iV0Z30EXC95HdvwNGzJGNKMnM=","timestamp":"2025-11-13T11:25:33.560264230","serviceType":"UNDEFINED","agencyInformation":{"clientCode":"BEAUTYT","branchOfficeCode":"999","taxApplicationType":"ISC","taxRate":0,"paymentType":"PP","commission":{"currency":"EUR","rate":15}},"params":{"startDate":"2025-11-23","endDate":"2025-11-30","accomodation":{"rooms":[{"passengers":[{"age":30,"type":"ADULT"},{"age":30,"type":"ADULT"}]}]},"residentType":"NONE","numNights":0,"flightPa
[13-Nov-2025 10:25:33 UTC] [Soltour API info] Details response structure: {"has_budget":false,"has_details":true,"has_error":false,"error_msg":null}
[13-Nov-2025 10:25:34 UTC] [Soltour API info] Getting details for budget: H199537##TI##0$4679916458489090416@@CLASSICAL01, hotel: H199537
[13-Nov-2025 10:25:34 UTC] [Soltour API info] Request to booking/details: {"productType":"PACKAGE","availToken":"zZRedbvBiL3qPCmeV7iV0Z30EXC95HdvwNGzJGNKMnM=","budgetId":"H199537##TI##0$4679916458489090416@@CLASSICAL01","hotelParams":{"hotelCode":"H199537","providerCode":"UNDEFINED"}}
[13-Nov-2025 10:25:34 UTC] [Soltour API info] Getting details for budget: H13##TI##0$5021088990806544002@@CLASSICAL01, hotel: H13
[13-Nov-2025 10:25:34 UTC] [Soltour API info] Request to booking/details: {"productType":"PACKAGE","availToken":"zZRedbvBiL3qPCmeV7iV0Z30EXC95HdvwNGzJGNKMnM=","budgetId":"H13##TI##0$5021088990806544002@@CLASSICAL01","hotelParams":{"hotelCode":"H13","providerCode":"UNDEFINED"}}
[13-Nov-2025 10:25:34 UTC] [Soltour API info] Getting details for budget: H3##TI##0$5474556473817492165@@CLASSICAL01, hotel: H3
[13-Nov-2025 10:25:34 UTC] [Soltour API info] Request to booking/details: {"productType":"PACKAGE","availToken":"zZRedbvBiL3qPCmeV7iV0Z30EXC95HdvwNGzJGNKMnM=","budgetId":"H3##TI##0$5474556473817492165@@CLASSICAL01","hotelParams":{"hotelCode":"H3","providerCode":"UNDEFINED"}}
[13-Nov-2025 10:25:34 UTC] [Soltour API info] Getting details for budget: H35##TI##0$5724786447654064333@@CLASSICAL01, hotel: H35
[13-Nov-2025 10:25:34 UTC] [Soltour API info] Request to booking/details: {"productType":"PACKAGE","availToken":"zZRedbvBiL3qPCmeV7iV0Z30EXC95HdvwNGzJGNKMnM=","budgetId":"H35##TI##0$5724786447654064333@@CLASSICAL01","hotelParams":{"hotelCode":"H35","providerCode":"UNDEFINED"}}
[13-Nov-2025 10:25:34 UTC] Loaded file: blur_effects.php
[13-Nov-2025 10:25:34 UTC] Loaded file: rkit_post_duplicator.php
[13-Nov-2025 10:25:34 UTC] Loaded file: rkit_tool_tips.php
[13-Nov-2025 10:25:34 UTC] Loaded file: rkit_wrapper_link.php
[13-Nov-2025 10:25:34 UTC] Class not found: \RomethemeKit\Rkit_Custom_Cursor
[13-Nov-2025 10:25:34 UTC] Instantiated class: \RomethemeKit\RkitDuplicator
[13-Nov-2025 10:25:34 UTC] Instantiated class: \RomethemeKit\BlurEffects
[13-Nov-2025 10:25:34 UTC] Class not found: \RomethemeKit\Rkit_Sticky_Content
[13-Nov-2025 10:25:34 UTC] Instantiated class: \RomethemeKit\RkitToolTips
[13-Nov-2025 10:25:34 UTC] Instantiated class: \RomethemeKit\RkitWrapperLink
[13-Nov-2025 10:25:34 UTC] [Soltour API info] Response from booking/details: {"availToken":"zZRedbvBiL3qPCmeV7iV0Z30EXC95HdvwNGzJGNKMnM=","timestamp":"2025-11-13T11:25:34.607455979","serviceType":"UNDEFINED","agencyInformation":{"clientCode":"BEAUTYT","branchOfficeCode":"999","taxApplicationType":"ISC","taxRate":0,"paymentType":"PP","commission":{"currency":"EUR","rate":15}},"params":{"startDate":"2025-11-23","endDate":"2025-11-30","accomodation":{"rooms":[{"passengers":[{"age":30,"type":"ADULT"},{"age":30,"type":"ADULT"}]}]},"residentType":"NONE","numNights":0,"flightPa
[13-Nov-2025 10:25:34 UTC] [Soltour API info] Details response structure: {"has_budget":false,"has_details":true,"has_error":false,"error_msg":null}
[13-Nov-2025 10:25:34 UTC] [Soltour API info] Response from booking/details: {"availToken":"zZRedbvBiL3qPCmeV7iV0Z30EXC95HdvwNGzJGNKMnM=","timestamp":"2025-11-13T11:25:34.590433632","serviceType":"UNDEFINED","agencyInformation":{"clientCode":"BEAUTYT","branchOfficeCode":"999","taxApplicationType":"ISC","taxRate":0,"paymentType":"PP","commission":{"currency":"EUR","rate":15}},"params":{"startDate":"2025-11-23","endDate":"2025-11-30","accomodation":{"rooms":[{"passengers":[{"age":30,"type":"ADULT"},{"age":30,"type":"ADULT"}]}]},"residentType":"NONE","numNights":0,"flightPa
[13-Nov-2025 10:25:34 UTC] [Soltour API info] Details response structure: {"has_budget":false,"has_details":true,"has_error":false,"error_msg":null}
[13-Nov-2025 10:25:34 UTC] [Soltour API info] Response from booking/details: {"availToken":"zZRedbvBiL3qPCmeV7iV0Z30EXC95HdvwNGzJGNKMnM=","timestamp":"2025-11-13T11:25:34.606451957","serviceType":"UNDEFINED","agencyInformation":{"clientCode":"BEAUTYT","branchOfficeCode":"999","taxApplicationType":"ISC","taxRate":0,"paymentType":"PP","commission":{"currency":"EUR","rate":15}},"params":{"startDate":"2025-11-23","endDate":"2025-11-30","accomodation":{"rooms":[{"passengers":[{"age":30,"type":"ADULT"},{"age":30,"type":"ADULT"}]}]},"residentType":"NONE","numNights":0,"flightPa
[13-Nov-2025 10:25:34 UTC] [Soltour API info] Details response structure: {"has_budget":false,"has_details":true,"has_error":false,"error_msg":null}
[13-Nov-2025 10:25:34 UTC] [Soltour API info] Response from booking/details: {"availToken":"zZRedbvBiL3qPCmeV7iV0Z30EXC95HdvwNGzJGNKMnM=","timestamp":"2025-11-13T11:25:34.629157041","serviceType":"UNDEFINED","agencyInformation":{"clientCode":"BEAUTYT","branchOfficeCode":"999","taxApplicationType":"ISC","taxRate":0,"paymentType":"PP","commission":{"currency":"EUR","rate":15}},"params":{"startDate":"2025-11-23","endDate":"2025-11-30","accomodation":{"rooms":[{"passengers":[{"age":30,"type":"ADULT"},{"age":30,"type":"ADULT"}]}]},"residentType":"NONE","numNights":0,"flightPa
[13-Nov-2025 10:25:34 UTC] [Soltour API info] Details response structure: {"has_budget":false,"has_details":true,"has_error":false,"error_msg":null}
[13-Nov-2025 10:25:35 UTC] [Soltour API info] Getting details for budget: H224289##TI##0$5141717448634755288@@CLASSICAL01, hotel: H224289
[13-Nov-2025 10:25:35 UTC] [Soltour API info] Request to booking/details: {"productType":"PACKAGE","availToken":"zZRedbvBiL3qPCmeV7iV0Z30EXC95HdvwNGzJGNKMnM=","budgetId":"H224289##TI##0$5141717448634755288@@CLASSICAL01","hotelParams":{"hotelCode":"H224289","providerCode":"UNDEFINED"}}
[13-Nov-2025 10:25:35 UTC] Loaded file: blur_effects.php
[13-Nov-2025 10:25:35 UTC] Loaded file: rkit_post_duplicator.php
[13-Nov-2025 10:25:35 UTC] Loaded file: rkit_tool_tips.php
[13-Nov-2025 10:25:35 UTC] Loaded file: rkit_wrapper_link.php
[13-Nov-2025 10:25:35 UTC] Class not found: \RomethemeKit\Rkit_Custom_Cursor
[13-Nov-2025 10:25:35 UTC] Instantiated class: \RomethemeKit\RkitDuplicator
[13-Nov-2025 10:25:35 UTC] Instantiated class: \RomethemeKit\BlurEffects
[13-Nov-2025 10:25:35 UTC] Class not found: \RomethemeKit\Rkit_Sticky_Content
[13-Nov-2025 10:25:35 UTC] Instantiated class: \RomethemeKit\RkitToolTips
[13-Nov-2025 10:25:35 UTC] Instantiated class: \RomethemeKit\RkitWrapperLink
[13-Nov-2025 10:25:35 UTC] [Soltour API info] Response from booking/details: {"availToken":"zZRedbvBiL3qPCmeV7iV0Z30EXC95HdvwNGzJGNKMnM=","timestamp":"2025-11-13T11:25:35.419899638","serviceType":"UNDEFINED","agencyInformation":{"clientCode":"BEAUTYT","branchOfficeCode":"999","taxApplicationType":"ISC","taxRate":0,"paymentType":"PP","commission":{"currency":"EUR","rate":15}},"params":{"startDate":"2025-11-23","endDate":"2025-11-30","accomodation":{"rooms":[{"passengers":[{"age":30,"type":"ADULT"},{"age":30,"type":"ADULT"}]}]},"residentType":"NONE","numNights":0,"flightPa
[13-Nov-2025 10:25:35 UTC] [Soltour API info] Details response structure: {"has_budget":false,"has_details":true,"has_error":false,"error_msg":null}
[13-Nov-2025 10:25:35 UTC] Loaded file: blur_effects.php
[13-Nov-2025 10:25:35 UTC] Loaded file: rkit_post_duplicator.php
[13-Nov-2025 10:25:35 UTC] Loaded file: rkit_tool_tips.php
[13-Nov-2025 10:25:35 UTC] Loaded file: rkit_wrapper_link.php
[13-Nov-2025 10:25:35 UTC] Class not found: \RomethemeKit\Rkit_Custom_Cursor
[13-Nov-2025 10:25:35 UTC] Instantiated class: \RomethemeKit\RkitDuplicator
[13-Nov-2025 10:25:35 UTC] Instantiated class: \RomethemeKit\BlurEffects
[13-Nov-2025 10:25:35 UTC] Class not found: \RomethemeKit\Rkit_Sticky_Content
[13-Nov-2025 10:25:35 UTC] Instantiated class: \RomethemeKit\RkitToolTips
[13-Nov-2025 10:25:35 UTC] Instantiated class: \RomethemeKit\RkitWrapperLink
[13-Nov-2025 10:25:35 UTC] Loaded file: blur_effects.php
[13-Nov-2025 10:25:35 UTC] Loaded file: rkit_post_duplicator.php
[13-Nov-2025 10:25:35 UTC] Loaded file: rkit_tool_tips.php
[13-Nov-2025 10:25:35 UTC] Loaded file: rkit_wrapper_link.php
[13-Nov-2025 10:25:35 UTC] Class not found: \RomethemeKit\Rkit_Custom_Cursor
[13-Nov-2025 10:25:35 UTC] Instantiated class: \RomethemeKit\RkitDuplicator
[13-Nov-2025 10:25:35 UTC] Instantiated class: \RomethemeKit\BlurEffects
[13-Nov-2025 10:25:35 UTC] Class not found: \RomethemeKit\Rkit_Sticky_Content
[13-Nov-2025 10:25:35 UTC] Instantiated class: \RomethemeKit\RkitToolTips
[13-Nov-2025 10:25:35 UTC] Instantiated class: \RomethemeKit\RkitWrapperLink
[13-Nov-2025 10:25:35 UTC] Loaded file: blur_effects.php
[13-Nov-2025 10:25:35 UTC] Loaded file: rkit_post_duplicator.php
[13-Nov-2025 10:25:35 UTC] Loaded file: rkit_tool_tips.php
[13-Nov-2025 10:25:35 UTC] Loaded file: rkit_wrapper_link.php
[13-Nov-2025 10:25:35 UTC] Class not found: \RomethemeKit\Rkit_Custom_Cursor
[13-Nov-2025 10:25:35 UTC] Instantiated class: \RomethemeKit\RkitDuplicator
[13-Nov-2025 10:25:35 UTC] Instantiated class: \RomethemeKit\BlurEffects
[13-Nov-2025 10:25:35 UTC] Class not found: \RomethemeKit\Rkit_Sticky_Content
[13-Nov-2025 10:25:35 UTC] Instantiated class: \RomethemeKit\RkitToolTips
[13-Nov-2025 10:25:35 UTC] Instantiated class: \RomethemeKit\RkitWrapperLink
[13-Nov-2025 10:25:36 UTC] [Soltour API info] Getting details for budget: H199535##TI##0$4649034306311585860@@CLASSICAL01, hotel: H199535
[13-Nov-2025 10:25:36 UTC] [Soltour API info] Request to booking/details: {"productType":"PACKAGE","availToken":"zZRedbvBiL3qPCmeV7iV0Z30EXC95HdvwNGzJGNKMnM=","budgetId":"H199535##TI##0$4649034306311585860@@CLASSICAL01","hotelParams":{"hotelCode":"H199535","providerCode":"UNDEFINED"}}
[13-Nov-2025 10:25:36 UTC] [Soltour API info] Getting details for budget: H199372##TI##0$4869550481737768788@@CLASSICAL01, hotel: H199372
[13-Nov-2025 10:25:36 UTC] [Soltour API info] Request to booking/details: {"productType":"PACKAGE","availToken":"zZRedbvBiL3qPCmeV7iV0Z30EXC95HdvwNGzJGNKMnM=","budgetId":"H199372##TI##0$4869550481737768788@@CLASSICAL01","hotelParams":{"hotelCode":"H199372","providerCode":"UNDEFINED"}}
[13-Nov-2025 10:25:36 UTC] [Soltour API info] Getting details for budget: H199374##TI##0$4627862462875838930@@CLASSICAL01, hotel: H199374
[13-Nov-2025 10:25:36 UTC] [Soltour API info] Request to booking/details: {"productType":"PACKAGE","availToken":"zZRedbvBiL3qPCmeV7iV0Z30EXC95HdvwNGzJGNKMnM=","budgetId":"H199374##TI##0$4627862462875838930@@CLASSICAL01","hotelParams":{"hotelCode":"H199374","providerCode":"UNDEFINED"}}
[13-Nov-2025 10:25:36 UTC] [Soltour API info] Getting details for budget: H199373##TI##0$5476826758826252182@@CLASSICAL01, hotel: H199373
[13-Nov-2025 10:25:36 UTC] [Soltour API info] Request to booking/details: {"productType":"PACKAGE","availToken":"zZRedbvBiL3qPCmeV7iV0Z30EXC95HdvwNGzJGNKMnM=","budgetId":"H199373##TI##0$5476826758826252182@@CLASSICAL01","hotelParams":{"hotelCode":"H199373","providerCode":"UNDEFINED"}}
[13-Nov-2025 10:25:36 UTC] [Soltour API info] Response from booking/details: {"availToken":"zZRedbvBiL3qPCmeV7iV0Z30EXC95HdvwNGzJGNKMnM=","timestamp":"2025-11-13T11:25:36.595515002","serviceType":"UNDEFINED","agencyInformation":{"clientCode":"BEAUTYT","branchOfficeCode":"999","taxApplicationType":"ISC","taxRate":0,"paymentType":"PP","commission":{"currency":"EUR","rate":15}},"params":{"startDate":"2025-11-23","endDate":"2025-11-30","accomodation":{"rooms":[{"passengers":[{"age":30,"type":"ADULT"},{"age":30,"type":"ADULT"}]}]},"residentType":"NONE","numNights":0,"flightPa
[13-Nov-2025 10:25:36 UTC] [Soltour API info] Details response structure: {"has_budget":false,"has_details":true,"has_error":false,"error_msg":null}
[13-Nov-2025 10:25:36 UTC] [Soltour API info] Response from booking/details: {"availToken":"zZRedbvBiL3qPCmeV7iV0Z30EXC95HdvwNGzJGNKMnM=","timestamp":"2025-11-13T11:25:36.619759957","serviceType":"UNDEFINED","agencyInformation":{"clientCode":"BEAUTYT","branchOfficeCode":"999","taxApplicationType":"ISC","taxRate":0,"paymentType":"PP","commission":{"currency":"EUR","rate":15}},"params":{"startDate":"2025-11-23","endDate":"2025-11-30","accomodation":{"rooms":[{"passengers":[{"age":30,"type":"ADULT"},{"age":30,"type":"ADULT"}]}]},"residentType":"NONE","numNights":0,"flightPa
[13-Nov-2025 10:25:36 UTC] [Soltour API info] Details response structure: {"has_budget":false,"has_details":true,"has_error":false,"error_msg":null}
[13-Nov-2025 10:25:36 UTC] [Soltour API info] Response from booking/details: {"availToken":"zZRedbvBiL3qPCmeV7iV0Z30EXC95HdvwNGzJGNKMnM=","timestamp":"2025-11-13T11:25:36.657424189","serviceType":"UNDEFINED","agencyInformation":{"clientCode":"BEAUTYT","branchOfficeCode":"999","taxApplicationType":"ISC","taxRate":0,"paymentType":"PP","commission":{"currency":"EUR","rate":15}},"params":{"startDate":"2025-11-23","endDate":"2025-11-30","accomodation":{"rooms":[{"passengers":[{"age":30,"type":"ADULT"},{"age":30,"type":"ADULT"}]}]},"residentType":"NONE","numNights":0,"flightPa
[13-Nov-2025 10:25:36 UTC] [Soltour API info] Details response structure: {"has_budget":false,"has_details":true,"has_error":false,"error_msg":null}
[13-Nov-2025 10:25:36 UTC] [Soltour API info] Response from booking/details: {"availToken":"zZRedbvBiL3qPCmeV7iV0Z30EXC95HdvwNGzJGNKMnM=","timestamp":"2025-11-13T11:25:36.679757311","serviceType":"UNDEFINED","agencyInformation":{"clientCode":"BEAUTYT","branchOfficeCode":"999","taxApplicationType":"ISC","taxRate":0,"paymentType":"PP","commission":{"currency":"EUR","rate":15}},"params":{"startDate":"2025-11-23","endDate":"2025-11-30","accomodation":{"rooms":[{"passengers":[{"age":30,"type":"ADULT"},{"age":30,"type":"ADULT"}]}]},"residentType":"NONE","numNights":0,"flightPa
[13-Nov-2025 10:25:36 UTC] [Soltour API info] Details response structure: {"has_budget":false,"has_details":true,"has_error":false,"error_msg":null}
[13-Nov-2025 10:25:38 UTC] Loaded file: blur_effects.php
[13-Nov-2025 10:25:38 UTC] Loaded file: rkit_post_duplicator.php
[13-Nov-2025 10:25:38 UTC] Loaded file: rkit_tool_tips.php
[13-Nov-2025 10:25:38 UTC] Loaded file: rkit_wrapper_link.php
[13-Nov-2025 10:25:38 UTC] Class not found: \RomethemeKit\Rkit_Custom_Cursor
[13-Nov-2025 10:25:38 UTC] Instantiated class: \RomethemeKit\RkitDuplicator
[13-Nov-2025 10:25:38 UTC] Instantiated class: \RomethemeKit\BlurEffects
[13-Nov-2025 10:25:38 UTC] Class not found: \RomethemeKit\Rkit_Sticky_Content
[13-Nov-2025 10:25:38 UTC] Instantiated class: \RomethemeKit\RkitToolTips
[13-Nov-2025 10:25:38 UTC] Instantiated class: \RomethemeKit\RkitWrapperLink
[13-Nov-2025 10:25:39 UTC] [Soltour API info] === CHECK ALLOWED SELLING ===
[13-Nov-2025 10:25:39 UTC] [Soltour API info] Request to booking/availability/checkAllowedSelling: []
[13-Nov-2025 10:25:39 UTC] Loaded file: blur_effects.php
[13-Nov-2025 10:25:39 UTC] Loaded file: rkit_post_duplicator.php
[13-Nov-2025 10:25:39 UTC] Loaded file: rkit_tool_tips.php
[13-Nov-2025 10:25:39 UTC] Loaded file: rkit_wrapper_link.php
[13-Nov-2025 10:25:39 UTC] Class not found: \RomethemeKit\Rkit_Custom_Cursor
[13-Nov-2025 10:25:39 UTC] Instantiated class: \RomethemeKit\RkitDuplicator
[13-Nov-2025 10:25:39 UTC] Instantiated class: \RomethemeKit\BlurEffects
[13-Nov-2025 10:25:39 UTC] Class not found: \RomethemeKit\Rkit_Sticky_Content
[13-Nov-2025 10:25:39 UTC] Instantiated class: \RomethemeKit\RkitToolTips
[13-Nov-2025 10:25:39 UTC] Instantiated class: \RomethemeKit\RkitWrapperLink
[13-Nov-2025 10:25:39 UTC] [Soltour API info] Response from booking/availability/checkAllowedSelling: {"ok":false,"error":{"notLogged":false,"errorMessage":"Method 'checkAllowedSelling' not found."}}
[13-Nov-2025 10:25:39 UTC] [Soltour API info] CheckAllowedSelling response: {"ok":false,"error":{"notLogged":false,"errorMessage":"Method 'checkAllowedSelling' not found."}}
[13-Nov-2025 10:25:39 UTC] Loaded file: blur_effects.php
[13-Nov-2025 10:25:39 UTC] Loaded file: rkit_post_duplicator.php
[13-Nov-2025 10:25:39 UTC] Loaded file: rkit_tool_tips.php
[13-Nov-2025 10:25:39 UTC] Loaded file: rkit_wrapper_link.php
[13-Nov-2025 10:25:39 UTC] Class not found: \RomethemeKit\Rkit_Custom_Cursor
[13-Nov-2025 10:25:39 UTC] Instantiated class: \RomethemeKit\RkitDuplicator
[13-Nov-2025 10:25:39 UTC] Instantiated class: \RomethemeKit\BlurEffects
[13-Nov-2025 10:25:39 UTC] Class not found: \RomethemeKit\Rkit_Sticky_Content
[13-Nov-2025 10:25:39 UTC] Instantiated class: \RomethemeKit\RkitToolTips
[13-Nov-2025 10:25:39 UTC] Instantiated class: \RomethemeKit\RkitWrapperLink
[13-Nov-2025 10:25:40 UTC] [Soltour] Shortcode package_details EXECUTADO!
[13-Nov-2025 10:25:40 UTC] [Soltour] Budget na URL: H49702
[13-Nov-2025 10:25:40 UTC] [Soltour] Shortcode HTML length: 617
[13-Nov-2025 10:25:44 UTC] Loaded file: blur_effects.php
[13-Nov-2025 10:25:44 UTC] Loaded file: rkit_post_duplicator.php
[13-Nov-2025 10:25:44 UTC] Loaded file: rkit_tool_tips.php
[13-Nov-2025 10:25:44 UTC] Loaded file: rkit_wrapper_link.php
[13-Nov-2025 10:25:44 UTC] Class not found: \RomethemeKit\Rkit_Custom_Cursor
[13-Nov-2025 10:25:44 UTC] Instantiated class: \RomethemeKit\RkitDuplicator
[13-Nov-2025 10:25:44 UTC] Instantiated class: \RomethemeKit\BlurEffects
[13-Nov-2025 10:25:44 UTC] Class not found: \RomethemeKit\Rkit_Sticky_Content
[13-Nov-2025 10:25:44 UTC] Instantiated class: \RomethemeKit\RkitToolTips
[13-Nov-2025 10:25:44 UTC] Instantiated class: \RomethemeKit\RkitWrapperLink
[13-Nov-2025 10:25:44 UTC] Loaded file: blur_effects.php
[13-Nov-2025 10:25:44 UTC] Loaded file: rkit_post_duplicator.php
[13-Nov-2025 10:25:44 UTC] Loaded file: rkit_tool_tips.php
[13-Nov-2025 10:25:44 UTC] Loaded file: rkit_wrapper_link.php
[13-Nov-2025 10:25:44 UTC] Class not found: \RomethemeKit\Rkit_Custom_Cursor
[13-Nov-2025 10:25:44 UTC] Instantiated class: \RomethemeKit\RkitDuplicator
[13-Nov-2025 10:25:44 UTC] Instantiated class: \RomethemeKit\BlurEffects
[13-Nov-2025 10:25:44 UTC] Class not found: \RomethemeKit\Rkit_Sticky_Content
[13-Nov-2025 10:25:44 UTC] Instantiated class: \RomethemeKit\RkitToolTips
[13-Nov-2025 10:25:44 UTC] Instantiated class: \RomethemeKit\RkitWrapperLink
[13-Nov-2025 10:25:45 UTC] [Soltour API info] Getting details for budget: H49702, hotel: H49702
[13-Nov-2025 10:25:45 UTC] [Soltour API info] Request to booking/details: {"productType":"PACKAGE","availToken":"zZRedbvBiL3qPCmeV7iV0Z30EXC95HdvwNGzJGNKMnM=","budgetId":"H49702","hotelParams":{"hotelCode":"H49702","providerCode":"UNDEFINED"}}
[13-Nov-2025 10:25:45 UTC] [Soltour API info] Response from booking/details: {"availToken":"zZRedbvBiL3qPCmeV7iV0Z30EXC95HdvwNGzJGNKMnM=","timestamp":"2025-11-13T11:25:45.451487986","serviceType":"UNDEFINED","agencyInformation":{"clientCode":"BEAUTYT","branchOfficeCode":"999","taxApplicationType":"ISC","taxRate":0,"paymentType":"PP","commission":{"currency":"EUR","rate":15}},"params":{"startDate":"2025-11-23","endDate":"2025-11-30","accomodation":{"rooms":[{"passengers":[{"age":30,"type":"ADULT"},{"age":30,"type":"ADULT"}]}]},"residentType":"NONE","numNights":0,"flightPa
[13-Nov-2025 10:25:45 UTC] [Soltour API info] Details response structure: {"has_budget":false,"has_details":true,"has_error":false,"error_msg":null}
[13-Nov-2025 10:25:48 UTC] Loaded file: blur_effects.php
[13-Nov-2025 10:25:48 UTC] Loaded file: rkit_post_duplicator.php
[13-Nov-2025 10:25:48 UTC] Loaded file: rkit_tool_tips.php
[13-Nov-2025 10:25:48 UTC] Loaded file: rkit_wrapper_link.php
[13-Nov-2025 10:25:48 UTC] Class not found: \RomethemeKit\Rkit_Custom_Cursor
[13-Nov-2025 10:25:48 UTC] Instantiated class: \RomethemeKit\RkitDuplicator
[13-Nov-2025 10:25:48 UTC] Instantiated class: \RomethemeKit\BlurEffects
[13-Nov-2025 10:25:48 UTC] Class not found: \RomethemeKit\Rkit_Sticky_Content
[13-Nov-2025 10:25:48 UTC] Instantiated class: \RomethemeKit\RkitToolTips
[13-Nov-2025 10:25:48 UTC] Instantiated class: \RomethemeKit\RkitWrapperLink
[13-Nov-2025 10:27:17 UTC] Loaded file: blur_effects.php
[13-Nov-2025 10:27:17 UTC] Loaded file: rkit_post_duplicator.php
[13-Nov-2025 10:27:17 UTC] Loaded file: rkit_tool_tips.php
[13-Nov-2025 10:27:17 UTC] Loaded file: rkit_wrapper_link.php
[13-Nov-2025 10:27:17 UTC] Class not found: \RomethemeKit\Rkit_Custom_Cursor
[13-Nov-2025 10:27:17 UTC] Instantiated class: \RomethemeKit\RkitDuplicator
[13-Nov-2025 10:27:17 UTC] Instantiated class: \RomethemeKit\BlurEffects
[13-Nov-2025 10:27:17 UTC] Class not found: \RomethemeKit\Rkit_Sticky_Content
[13-Nov-2025 10:27:17 UTC] Instantiated class: \RomethemeKit\RkitToolTips
[13-Nov-2025 10:27:17 UTC] Instantiated class: \RomethemeKit\RkitWrapperLink
[13-Nov-2025 10:27:18 UTC] Loaded file: blur_effects.php
[13-Nov-2025 10:27:18 UTC] Loaded file: rkit_post_duplicator.php
[13-Nov-2025 10:27:18 UTC] Loaded file: rkit_tool_tips.php
[13-Nov-2025 10:27:18 UTC] Loaded file: rkit_wrapper_link.php
[13-Nov-2025 10:27:18 UTC] Class not found: \RomethemeKit\Rkit_Custom_Cursor
[13-Nov-2025 10:27:18 UTC] Instantiated class: \RomethemeKit\RkitDuplicator
[13-Nov-2025 10:27:18 UTC] Instantiated class: \RomethemeKit\BlurEffects
[13-Nov-2025 10:27:18 UTC] Class not found: \RomethemeKit\Rkit_Sticky_Content
[13-Nov-2025 10:27:18 UTC] Instantiated class: \RomethemeKit\RkitToolTips
[13-Nov-2025 10:27:18 UTC] Instantiated class: \RomethemeKit\RkitWrapperLink
