[15-Nov-2025 18:35:19 UTC] Loaded file: blur_effects.php
[15-Nov-2025 18:35:19 UTC] Loaded file: rkit_post_duplicator.php
[15-Nov-2025 18:35:19 UTC] Loaded file: rkit_tool_tips.php
[15-Nov-2025 18:35:19 UTC] Loaded file: rkit_wrapper_link.php
[15-Nov-2025 18:35:19 UTC] Class not found: \RomethemeKit\Rkit_Custom_Cursor
[15-Nov-2025 18:35:19 UTC] Instantiated class: \RomethemeKit\RkitDuplicator
[15-Nov-2025 18:35:19 UTC] Instantiated class: \RomethemeKit\BlurEffects
[15-Nov-2025 18:35:19 UTC] Class not found: \RomethemeKit\Rkit_Sticky_Content
[15-Nov-2025 18:35:19 UTC] Instantiated class: \RomethemeKit\RkitToolTips
[15-Nov-2025 18:35:19 UTC] Instantiated class: \RomethemeKit\RkitWrapperLink
[15-Nov-2025 18:35:20 UTC] Loaded file: blur_effects.php
[15-Nov-2025 18:35:20 UTC] Loaded file: rkit_post_duplicator.php
[15-Nov-2025 18:35:20 UTC] Loaded file: rkit_tool_tips.php
[15-Nov-2025 18:35:20 UTC] Loaded file: rkit_wrapper_link.php
[15-Nov-2025 18:35:20 UTC] Class not found: \RomethemeKit\Rkit_Custom_Cursor
[15-Nov-2025 18:35:20 UTC] Instantiated class: \RomethemeKit\RkitDuplicator
[15-Nov-2025 18:35:20 UTC] Instantiated class: \RomethemeKit\BlurEffects
[15-Nov-2025 18:35:20 UTC] Class not found: \RomethemeKit\Rkit_Sticky_Content
[15-Nov-2025 18:35:20 UTC] Instantiated class: \RomethemeKit\RkitToolTips
[15-Nov-2025 18:35:20 UTC] Instantiated class: \RomethemeKit\RkitWrapperLink
[15-Nov-2025 18:35:21 UTC] Loaded file: blur_effects.php
[15-Nov-2025 18:35:21 UTC] Loaded file: rkit_post_duplicator.php
[15-Nov-2025 18:35:21 UTC] Loaded file: rkit_tool_tips.php
[15-Nov-2025 18:35:21 UTC] Loaded file: rkit_wrapper_link.php
[15-Nov-2025 18:35:21 UTC] Class not found: \RomethemeKit\Rkit_Custom_Cursor
[15-Nov-2025 18:35:21 UTC] Instantiated class: \RomethemeKit\RkitDuplicator
[15-Nov-2025 18:35:21 UTC] Instantiated class: \RomethemeKit\BlurEffects
[15-Nov-2025 18:35:21 UTC] Class not found: \RomethemeKit\Rkit_Sticky_Content
[15-Nov-2025 18:35:21 UTC] Instantiated class: \RomethemeKit\RkitToolTips
[15-Nov-2025 18:35:21 UTC] Instantiated class: \RomethemeKit\RkitWrapperLink
[15-Nov-2025 18:35:22 UTC] Loaded file: blur_effects.php
[15-Nov-2025 18:35:22 UTC] Loaded file: rkit_post_duplicator.php
[15-Nov-2025 18:35:22 UTC] Loaded file: rkit_tool_tips.php
[15-Nov-2025 18:35:22 UTC] Loaded file: rkit_wrapper_link.php
[15-Nov-2025 18:35:22 UTC] Class not found: \RomethemeKit\Rkit_Custom_Cursor
[15-Nov-2025 18:35:22 UTC] Instantiated class: \RomethemeKit\RkitDuplicator
[15-Nov-2025 18:35:22 UTC] Instantiated class: \RomethemeKit\BlurEffects
[15-Nov-2025 18:35:22 UTC] Class not found: \RomethemeKit\Rkit_Sticky_Content
[15-Nov-2025 18:35:22 UTC] Instantiated class: \RomethemeKit\RkitToolTips
[15-Nov-2025 18:35:22 UTC] Instantiated class: \RomethemeKit\RkitWrapperLink
[15-Nov-2025 18:35:23 UTC] Loaded file: blur_effects.php
[15-Nov-2025 18:35:23 UTC] Loaded file: rkit_post_duplicator.php
[15-Nov-2025 18:35:23 UTC] Loaded file: rkit_tool_tips.php
[15-Nov-2025 18:35:23 UTC] Loaded file: rkit_wrapper_link.php
[15-Nov-2025 18:35:23 UTC] Class not found: \RomethemeKit\Rkit_Custom_Cursor
[15-Nov-2025 18:35:23 UTC] Instantiated class: \RomethemeKit\RkitDuplicator
[15-Nov-2025 18:35:23 UTC] Instantiated class: \RomethemeKit\BlurEffects
[15-Nov-2025 18:35:23 UTC] Class not found: \RomethemeKit\Rkit_Sticky_Content
[15-Nov-2025 18:35:23 UTC] Instantiated class: \RomethemeKit\RkitToolTips
[15-Nov-2025 18:35:23 UTC] Instantiated class: \RomethemeKit\RkitWrapperLink
[15-Nov-2025 18:35:27 UTC] Loaded file: blur_effects.php
[15-Nov-2025 18:35:27 UTC] Loaded file: rkit_post_duplicator.php
[15-Nov-2025 18:35:27 UTC] Loaded file: rkit_tool_tips.php
[15-Nov-2025 18:35:27 UTC] Loaded file: rkit_wrapper_link.php
[15-Nov-2025 18:35:27 UTC] Class not found: \RomethemeKit\Rkit_Custom_Cursor
[15-Nov-2025 18:35:27 UTC] Instantiated class: \RomethemeKit\RkitDuplicator
[15-Nov-2025 18:35:27 UTC] Instantiated class: \RomethemeKit\BlurEffects
[15-Nov-2025 18:35:27 UTC] Class not found: \RomethemeKit\Rkit_Sticky_Content
[15-Nov-2025 18:35:27 UTC] Instantiated class: \RomethemeKit\RkitToolTips
[15-Nov-2025 18:35:27 UTC] Instantiated class: \RomethemeKit\RkitWrapperLink
[15-Nov-2025 18:35:27 UTC] Loaded file: blur_effects.php
[15-Nov-2025 18:35:27 UTC] Loaded file: rkit_post_duplicator.php
[15-Nov-2025 18:35:27 UTC] Loaded file: rkit_tool_tips.php
[15-Nov-2025 18:35:27 UTC] Loaded file: rkit_wrapper_link.php
[15-Nov-2025 18:35:27 UTC] Class not found: \RomethemeKit\Rkit_Custom_Cursor
[15-Nov-2025 18:35:27 UTC] Instantiated class: \RomethemeKit\RkitDuplicator
[15-Nov-2025 18:35:27 UTC] Instantiated class: \RomethemeKit\BlurEffects
[15-Nov-2025 18:35:27 UTC] Class not found: \RomethemeKit\Rkit_Sticky_Content
[15-Nov-2025 18:35:27 UTC] Instantiated class: \RomethemeKit\RkitToolTips
[15-Nov-2025 18:35:27 UTC] Instantiated class: \RomethemeKit\RkitWrapperLink
[15-Nov-2025 18:35:28 UTC] Loaded file: blur_effects.php
[15-Nov-2025 18:35:28 UTC] Loaded file: rkit_post_duplicator.php
[15-Nov-2025 18:35:28 UTC] Loaded file: rkit_tool_tips.php
[15-Nov-2025 18:35:28 UTC] Loaded file: rkit_wrapper_link.php
[15-Nov-2025 18:35:28 UTC] Class not found: \RomethemeKit\Rkit_Custom_Cursor
[15-Nov-2025 18:35:28 UTC] Instantiated class: \RomethemeKit\RkitDuplicator
[15-Nov-2025 18:35:28 UTC] Instantiated class: \RomethemeKit\BlurEffects
[15-Nov-2025 18:35:28 UTC] Class not found: \RomethemeKit\Rkit_Sticky_Content
[15-Nov-2025 18:35:28 UTC] Instantiated class: \RomethemeKit\RkitToolTips
[15-Nov-2025 18:35:28 UTC] Instantiated class: \RomethemeKit\RkitWrapperLink
[15-Nov-2025 18:35:29 UTC] Loaded file: blur_effects.php
[15-Nov-2025 18:35:29 UTC] Loaded file: rkit_post_duplicator.php
[15-Nov-2025 18:35:29 UTC] Loaded file: rkit_tool_tips.php
[15-Nov-2025 18:35:29 UTC] Loaded file: rkit_wrapper_link.php
[15-Nov-2025 18:35:29 UTC] Class not found: \RomethemeKit\Rkit_Custom_Cursor
[15-Nov-2025 18:35:29 UTC] Instantiated class: \RomethemeKit\RkitDuplicator
[15-Nov-2025 18:35:29 UTC] Instantiated class: \RomethemeKit\BlurEffects
[15-Nov-2025 18:35:29 UTC] Class not found: \RomethemeKit\Rkit_Sticky_Content
[15-Nov-2025 18:35:29 UTC] Instantiated class: \RomethemeKit\RkitToolTips
[15-Nov-2025 18:35:29 UTC] Instantiated class: \RomethemeKit\RkitWrapperLink
[15-Nov-2025 18:35:30 UTC] Loaded file: blur_effects.php
[15-Nov-2025 18:35:30 UTC] Loaded file: rkit_post_duplicator.php
[15-Nov-2025 18:35:30 UTC] Loaded file: rkit_tool_tips.php
[15-Nov-2025 18:35:30 UTC] Loaded file: rkit_wrapper_link.php
[15-Nov-2025 18:35:30 UTC] Class not found: \RomethemeKit\Rkit_Custom_Cursor
[15-Nov-2025 18:35:30 UTC] Instantiated class: \RomethemeKit\RkitDuplicator
[15-Nov-2025 18:35:30 UTC] Instantiated class: \RomethemeKit\BlurEffects
[15-Nov-2025 18:35:30 UTC] Class not found: \RomethemeKit\Rkit_Sticky_Content
[15-Nov-2025 18:35:30 UTC] Instantiated class: \RomethemeKit\RkitToolTips
[15-Nov-2025 18:35:30 UTC] Instantiated class: \RomethemeKit\RkitWrapperLink
[15-Nov-2025 18:35:35 UTC] Loaded file: blur_effects.php
[15-Nov-2025 18:35:35 UTC] Loaded file: rkit_post_duplicator.php
[15-Nov-2025 18:35:35 UTC] Loaded file: rkit_tool_tips.php
[15-Nov-2025 18:35:35 UTC] Loaded file: rkit_wrapper_link.php
[15-Nov-2025 18:35:35 UTC] Class not found: \RomethemeKit\Rkit_Custom_Cursor
[15-Nov-2025 18:35:35 UTC] Instantiated class: \RomethemeKit\RkitDuplicator
[15-Nov-2025 18:35:35 UTC] Instantiated class: \RomethemeKit\BlurEffects
[15-Nov-2025 18:35:35 UTC] Class not found: \RomethemeKit\Rkit_Sticky_Content
[15-Nov-2025 18:35:35 UTC] Instantiated class: \RomethemeKit\RkitToolTips
[15-Nov-2025 18:35:35 UTC] Instantiated class: \RomethemeKit\RkitWrapperLink
[15-Nov-2025 18:35:36 UTC] Soltour Booking V2: Plugin ativado com sucesso
[15-Nov-2025 18:35:36 UTC] Loaded file: blur_effects.php
[15-Nov-2025 18:35:36 UTC] Loaded file: rkit_post_duplicator.php
[15-Nov-2025 18:35:36 UTC] Loaded file: rkit_tool_tips.php
[15-Nov-2025 18:35:36 UTC] Loaded file: rkit_wrapper_link.php
[15-Nov-2025 18:35:36 UTC] Class not found: \RomethemeKit\Rkit_Custom_Cursor
[15-Nov-2025 18:35:36 UTC] Instantiated class: \RomethemeKit\RkitDuplicator
[15-Nov-2025 18:35:36 UTC] Instantiated class: \RomethemeKit\BlurEffects
[15-Nov-2025 18:35:36 UTC] Class not found: \RomethemeKit\Rkit_Sticky_Content
[15-Nov-2025 18:35:36 UTC] Instantiated class: \RomethemeKit\RkitToolTips
[15-Nov-2025 18:35:36 UTC] Instantiated class: \RomethemeKit\RkitWrapperLink
[15-Nov-2025 18:35:36 UTC] [Soltour API info] Request to login/login: {"brand":"SOLTOUR","market":"XMLPT","languageCode":"PT","username":"BEAUTYT999","password":"XMLBEAUTYT999"}
[15-Nov-2025 18:35:36 UTC] Loaded file: blur_effects.php
[15-Nov-2025 18:35:36 UTC] Loaded file: rkit_post_duplicator.php
[15-Nov-2025 18:35:36 UTC] Loaded file: rkit_tool_tips.php
[15-Nov-2025 18:35:36 UTC] Loaded file: rkit_wrapper_link.php
[15-Nov-2025 18:35:36 UTC] Class not found: \RomethemeKit\Rkit_Custom_Cursor
[15-Nov-2025 18:35:36 UTC] Instantiated class: \RomethemeKit\RkitDuplicator
[15-Nov-2025 18:35:36 UTC] Instantiated class: \RomethemeKit\BlurEffects
[15-Nov-2025 18:35:36 UTC] Class not found: \RomethemeKit\Rkit_Sticky_Content
[15-Nov-2025 18:35:36 UTC] Instantiated class: \RomethemeKit\RkitToolTips
[15-Nov-2025 18:35:36 UTC] Instantiated class: \RomethemeKit\RkitWrapperLink
[15-Nov-2025 18:35:36 UTC] [Soltour API info] Request to login/login: {"brand":"SOLTOUR","market":"XMLPT","languageCode":"PT","username":"BEAUTYT999","password":"XMLBEAUTYT999"}
[15-Nov-2025 18:35:36 UTC] [Soltour API info] Response from login/login: {"sessionToken":"eyJhbGciOiJIUzI1NiIsInR5cCI6IkpXVCJ9.eyJ1IjoiQkVBVVRZVDk5OSIsImRiaSI6IjQwMDM5MDgxIiwiYiI6IlNPTFRPVVIiLCJtIjoiWE1MUFQiLCJsbmciOiJQVCIsImNsIjoiQkVBVVRZVCIsIm9mIjoiOTk5IiwiYXBwIjpudWxsLCJtYWlsIjoiY3VuaGFAYmVhdXR5dHJhdmVsLnB0IiwicmwiOlsiQUdFTkNJQSIsIkNPTVVOIiwiQ09OU1VMVEEiLCJGQUNUVVJBQ0lPTiIsIk5FV19XRUIiXSwidG0iOjE3NjMyMzE3MzY1NTYsInN0cHRtIjpudWxsLCJzdHBqd3QiOm51bGwsInN0cGlkIjpudWxsLCJvdmMiOmZhbHNlLCJzZWxsIjp0cnVlLCJhcHQiOm51bGwsImRldCI6dHJ1ZSwibmV4cCI6dHJ1ZSwic2VpeiI6ZmFsc2UsInVhZ0
[15-Nov-2025 18:35:36 UTC] [Soltour API info] Session token obtido com sucesso
[15-Nov-2025 18:35:36 UTC] Loaded file: blur_effects.php
[15-Nov-2025 18:35:36 UTC] Loaded file: rkit_post_duplicator.php
[15-Nov-2025 18:35:36 UTC] Loaded file: rkit_tool_tips.php
[15-Nov-2025 18:35:36 UTC] Loaded file: rkit_wrapper_link.php
[15-Nov-2025 18:35:36 UTC] Class not found: \RomethemeKit\Rkit_Custom_Cursor
[15-Nov-2025 18:35:36 UTC] Instantiated class: \RomethemeKit\RkitDuplicator
[15-Nov-2025 18:35:36 UTC] Instantiated class: \RomethemeKit\BlurEffects
[15-Nov-2025 18:35:36 UTC] Class not found: \RomethemeKit\Rkit_Sticky_Content
[15-Nov-2025 18:35:36 UTC] Instantiated class: \RomethemeKit\RkitToolTips
[15-Nov-2025 18:35:36 UTC] Instantiated class: \RomethemeKit\RkitWrapperLink
[15-Nov-2025 18:35:36 UTC] Loaded file: blur_effects.php
[15-Nov-2025 18:35:36 UTC] Loaded file: rkit_post_duplicator.php
[15-Nov-2025 18:35:36 UTC] Loaded file: rkit_tool_tips.php
[15-Nov-2025 18:35:36 UTC] Loaded file: rkit_wrapper_link.php
[15-Nov-2025 18:35:36 UTC] Class not found: \RomethemeKit\Rkit_Custom_Cursor
[15-Nov-2025 18:35:36 UTC] Instantiated class: \RomethemeKit\RkitDuplicator
[15-Nov-2025 18:35:36 UTC] Instantiated class: \RomethemeKit\BlurEffects
[15-Nov-2025 18:35:36 UTC] Class not found: \RomethemeKit\Rkit_Sticky_Content
[15-Nov-2025 18:35:36 UTC] Instantiated class: \RomethemeKit\RkitToolTips
[15-Nov-2025 18:35:36 UTC] Instantiated class: \RomethemeKit\RkitWrapperLink
[15-Nov-2025 18:35:36 UTC] [Soltour API info] Response from login/login: {"sessionToken":"eyJhbGciOiJIUzI1NiIsInR5cCI6IkpXVCJ9.eyJ1IjoiQkVBVVRZVDk5OSIsImRiaSI6IjQwMDM5MDgxIiwiYiI6IlNPTFRPVVIiLCJtIjoiWE1MUFQiLCJsbmciOiJQVCIsImNsIjoiQkVBVVRZVCIsIm9mIjoiOTk5IiwiYXBwIjpudWxsLCJtYWlsIjoiY3VuaGFAYmVhdXR5dHJhdmVsLnB0IiwicmwiOlsiQUdFTkNJQSIsIkNPTVVOIiwiQ09OU1VMVEEiLCJGQUNUVVJBQ0lPTiIsIk5FV19XRUIiXSwidG0iOjE3NjMyMzE3MzY3NjUsInN0cHRtIjpudWxsLCJzdHBqd3QiOm51bGwsInN0cGlkIjpudWxsLCJvdmMiOmZhbHNlLCJzZWxsIjp0cnVlLCJhcHQiOm51bGwsImRldCI6dHJ1ZSwibmV4cCI6dHJ1ZSwic2VpeiI6ZmFsc2UsInVhZ0
[15-Nov-2025 18:35:36 UTC] [Soltour API info] Session token obtido com sucesso
[15-Nov-2025 18:35:39 UTC] Loaded file: blur_effects.php
[15-Nov-2025 18:35:39 UTC] Loaded file: rkit_post_duplicator.php
[15-Nov-2025 18:35:39 UTC] Loaded file: rkit_tool_tips.php
[15-Nov-2025 18:35:39 UTC] Loaded file: rkit_wrapper_link.php
[15-Nov-2025 18:35:39 UTC] Class not found: \RomethemeKit\Rkit_Custom_Cursor
[15-Nov-2025 18:35:39 UTC] Instantiated class: \RomethemeKit\RkitDuplicator
[15-Nov-2025 18:35:39 UTC] Instantiated class: \RomethemeKit\BlurEffects
[15-Nov-2025 18:35:39 UTC] Class not found: \RomethemeKit\Rkit_Sticky_Content
[15-Nov-2025 18:35:39 UTC] Instantiated class: \RomethemeKit\RkitToolTips
[15-Nov-2025 18:35:39 UTC] Instantiated class: \RomethemeKit\RkitWrapperLink
[15-Nov-2025 18:35:40 UTC] PHP Warning:  rmdir(/home2/aichatbot/beautytravel.pt/wp-content/litespeed/js/): Directory not empty in /home2/aichatbot/beautytravel.pt/wp-content/plugins/litespeed-cache/src/file.cls.php on line 46
[15-Nov-2025 18:35:40 UTC] Loaded file: blur_effects.php
[15-Nov-2025 18:35:40 UTC] Loaded file: rkit_post_duplicator.php
[15-Nov-2025 18:35:40 UTC] Loaded file: rkit_tool_tips.php
[15-Nov-2025 18:35:40 UTC] Loaded file: rkit_wrapper_link.php
[15-Nov-2025 18:35:40 UTC] Class not found: \RomethemeKit\Rkit_Custom_Cursor
[15-Nov-2025 18:35:40 UTC] Instantiated class: \RomethemeKit\RkitDuplicator
[15-Nov-2025 18:35:40 UTC] Instantiated class: \RomethemeKit\BlurEffects
[15-Nov-2025 18:35:40 UTC] Class not found: \RomethemeKit\Rkit_Sticky_Content
[15-Nov-2025 18:35:40 UTC] Instantiated class: \RomethemeKit\RkitToolTips
[15-Nov-2025 18:35:40 UTC] Instantiated class: \RomethemeKit\RkitWrapperLink
[15-Nov-2025 18:35:40 UTC] Loaded file: blur_effects.php
[15-Nov-2025 18:35:40 UTC] Loaded file: rkit_post_duplicator.php
[15-Nov-2025 18:35:40 UTC] Loaded file: rkit_tool_tips.php
[15-Nov-2025 18:35:40 UTC] Loaded file: rkit_wrapper_link.php
[15-Nov-2025 18:35:40 UTC] Class not found: \RomethemeKit\Rkit_Custom_Cursor
[15-Nov-2025 18:35:40 UTC] Instantiated class: \RomethemeKit\RkitDuplicator
[15-Nov-2025 18:35:40 UTC] Instantiated class: \RomethemeKit\BlurEffects
[15-Nov-2025 18:35:40 UTC] Class not found: \RomethemeKit\Rkit_Sticky_Content
[15-Nov-2025 18:35:40 UTC] Instantiated class: \RomethemeKit\RkitToolTips
[15-Nov-2025 18:35:40 UTC] Instantiated class: \RomethemeKit\RkitWrapperLink
[15-Nov-2025 18:35:40 UTC] Loaded file: blur_effects.php
[15-Nov-2025 18:35:40 UTC] Loaded file: rkit_post_duplicator.php
[15-Nov-2025 18:35:40 UTC] Loaded file: rkit_tool_tips.php
[15-Nov-2025 18:35:40 UTC] Loaded file: rkit_wrapper_link.php
[15-Nov-2025 18:35:40 UTC] Class not found: \RomethemeKit\Rkit_Custom_Cursor
[15-Nov-2025 18:35:40 UTC] Instantiated class: \RomethemeKit\RkitDuplicator
[15-Nov-2025 18:35:40 UTC] Instantiated class: \RomethemeKit\BlurEffects
[15-Nov-2025 18:35:40 UTC] Class not found: \RomethemeKit\Rkit_Sticky_Content
[15-Nov-2025 18:35:40 UTC] Instantiated class: \RomethemeKit\RkitToolTips
[15-Nov-2025 18:35:40 UTC] Instantiated class: \RomethemeKit\RkitWrapperLink
[15-Nov-2025 18:35:42 UTC] Loaded file: blur_effects.php
[15-Nov-2025 18:35:42 UTC] Loaded file: rkit_post_duplicator.php
[15-Nov-2025 18:35:42 UTC] Loaded file: rkit_tool_tips.php
[15-Nov-2025 18:35:42 UTC] Loaded file: rkit_wrapper_link.php
[15-Nov-2025 18:35:42 UTC] Class not found: \RomethemeKit\Rkit_Custom_Cursor
[15-Nov-2025 18:35:42 UTC] Instantiated class: \RomethemeKit\RkitDuplicator
[15-Nov-2025 18:35:42 UTC] Instantiated class: \RomethemeKit\BlurEffects
[15-Nov-2025 18:35:42 UTC] Class not found: \RomethemeKit\Rkit_Sticky_Content
[15-Nov-2025 18:35:42 UTC] Instantiated class: \RomethemeKit\RkitToolTips
[15-Nov-2025 18:35:42 UTC] Instantiated class: \RomethemeKit\RkitWrapperLink
[15-Nov-2025 18:35:43 UTC] Loaded file: blur_effects.php
[15-Nov-2025 18:35:43 UTC] Loaded file: rkit_post_duplicator.php
[15-Nov-2025 18:35:43 UTC] Loaded file: rkit_tool_tips.php
[15-Nov-2025 18:35:43 UTC] Loaded file: rkit_wrapper_link.php
[15-Nov-2025 18:35:43 UTC] Class not found: \RomethemeKit\Rkit_Custom_Cursor
[15-Nov-2025 18:35:43 UTC] Instantiated class: \RomethemeKit\RkitDuplicator
[15-Nov-2025 18:35:43 UTC] Instantiated class: \RomethemeKit\BlurEffects
[15-Nov-2025 18:35:43 UTC] Class not found: \RomethemeKit\Rkit_Sticky_Content
[15-Nov-2025 18:35:43 UTC] Instantiated class: \RomethemeKit\RkitToolTips
[15-Nov-2025 18:35:43 UTC] Instantiated class: \RomethemeKit\RkitWrapperLink
[15-Nov-2025 18:35:44 UTC] Loaded file: blur_effects.php
[15-Nov-2025 18:35:44 UTC] Loaded file: rkit_post_duplicator.php
[15-Nov-2025 18:35:44 UTC] Loaded file: rkit_tool_tips.php
[15-Nov-2025 18:35:44 UTC] Loaded file: rkit_wrapper_link.php
[15-Nov-2025 18:35:44 UTC] Class not found: \RomethemeKit\Rkit_Custom_Cursor
[15-Nov-2025 18:35:44 UTC] Instantiated class: \RomethemeKit\RkitDuplicator
[15-Nov-2025 18:35:44 UTC] Instantiated class: \RomethemeKit\BlurEffects
[15-Nov-2025 18:35:44 UTC] Class not found: \RomethemeKit\Rkit_Sticky_Content
[15-Nov-2025 18:35:44 UTC] Instantiated class: \RomethemeKit\RkitToolTips
[15-Nov-2025 18:35:44 UTC] Instantiated class: \RomethemeKit\RkitWrapperLink
[15-Nov-2025 18:35:52 UTC] Loaded file: blur_effects.php
[15-Nov-2025 18:35:52 UTC] Loaded file: rkit_post_duplicator.php
[15-Nov-2025 18:35:52 UTC] Loaded file: rkit_tool_tips.php
[15-Nov-2025 18:35:52 UTC] Loaded file: rkit_wrapper_link.php
[15-Nov-2025 18:35:52 UTC] Class not found: \RomethemeKit\Rkit_Custom_Cursor
[15-Nov-2025 18:35:52 UTC] Instantiated class: \RomethemeKit\RkitDuplicator
[15-Nov-2025 18:35:52 UTC] Instantiated class: \RomethemeKit\BlurEffects
[15-Nov-2025 18:35:52 UTC] Class not found: \RomethemeKit\Rkit_Sticky_Content
[15-Nov-2025 18:35:52 UTC] Instantiated class: \RomethemeKit\RkitToolTips
[15-Nov-2025 18:35:52 UTC] Instantiated class: \RomethemeKit\RkitWrapperLink
[15-Nov-2025 18:35:53 UTC] Loaded file: blur_effects.php
[15-Nov-2025 18:35:53 UTC] Loaded file: rkit_post_duplicator.php
[15-Nov-2025 18:35:53 UTC] Loaded file: rkit_tool_tips.php
[15-Nov-2025 18:35:53 UTC] Loaded file: rkit_wrapper_link.php
[15-Nov-2025 18:35:53 UTC] Class not found: \RomethemeKit\Rkit_Custom_Cursor
[15-Nov-2025 18:35:53 UTC] Instantiated class: \RomethemeKit\RkitDuplicator
[15-Nov-2025 18:35:53 UTC] Instantiated class: \RomethemeKit\BlurEffects
[15-Nov-2025 18:35:53 UTC] Class not found: \RomethemeKit\Rkit_Sticky_Content
[15-Nov-2025 18:35:53 UTC] Instantiated class: \RomethemeKit\RkitToolTips
[15-Nov-2025 18:35:53 UTC] Instantiated class: \RomethemeKit\RkitWrapperLink
[15-Nov-2025 18:35:53 UTC] Loaded file: blur_effects.php
[15-Nov-2025 18:35:53 UTC] Loaded file: rkit_post_duplicator.php
[15-Nov-2025 18:35:53 UTC] Loaded file: rkit_tool_tips.php
[15-Nov-2025 18:35:53 UTC] Loaded file: rkit_wrapper_link.php
[15-Nov-2025 18:35:53 UTC] Class not found: \RomethemeKit\Rkit_Custom_Cursor
[15-Nov-2025 18:35:53 UTC] Instantiated class: \RomethemeKit\RkitDuplicator
[15-Nov-2025 18:35:53 UTC] Instantiated class: \RomethemeKit\BlurEffects
[15-Nov-2025 18:35:53 UTC] Class not found: \RomethemeKit\Rkit_Sticky_Content
[15-Nov-2025 18:35:53 UTC] Instantiated class: \RomethemeKit\RkitToolTips
[15-Nov-2025 18:35:53 UTC] Instantiated class: \RomethemeKit\RkitWrapperLink
[15-Nov-2025 18:35:53 UTC] Loaded file: blur_effects.php
[15-Nov-2025 18:35:53 UTC] Loaded file: rkit_post_duplicator.php
[15-Nov-2025 18:35:53 UTC] Loaded file: rkit_tool_tips.php
[15-Nov-2025 18:35:53 UTC] Loaded file: rkit_wrapper_link.php
[15-Nov-2025 18:35:53 UTC] Class not found: \RomethemeKit\Rkit_Custom_Cursor
[15-Nov-2025 18:35:53 UTC] Instantiated class: \RomethemeKit\RkitDuplicator
[15-Nov-2025 18:35:53 UTC] Instantiated class: \RomethemeKit\BlurEffects
[15-Nov-2025 18:35:53 UTC] Class not found: \RomethemeKit\Rkit_Sticky_Content
[15-Nov-2025 18:35:53 UTC] Instantiated class: \RomethemeKit\RkitToolTips
[15-Nov-2025 18:35:53 UTC] Instantiated class: \RomethemeKit\RkitWrapperLink
[15-Nov-2025 18:35:56 UTC] Loaded file: blur_effects.php
[15-Nov-2025 18:35:56 UTC] Loaded file: rkit_post_duplicator.php
[15-Nov-2025 18:35:56 UTC] Loaded file: rkit_tool_tips.php
[15-Nov-2025 18:35:56 UTC] Loaded file: rkit_wrapper_link.php
[15-Nov-2025 18:35:56 UTC] Class not found: \RomethemeKit\Rkit_Custom_Cursor
[15-Nov-2025 18:35:56 UTC] Instantiated class: \RomethemeKit\RkitDuplicator
[15-Nov-2025 18:35:56 UTC] Instantiated class: \RomethemeKit\BlurEffects
[15-Nov-2025 18:35:56 UTC] Class not found: \RomethemeKit\Rkit_Sticky_Content
[15-Nov-2025 18:35:56 UTC] Instantiated class: \RomethemeKit\RkitToolTips
[15-Nov-2025 18:35:56 UTC] Instantiated class: \RomethemeKit\RkitWrapperLink
[15-Nov-2025 18:35:57 UTC] [Soltour API info] Request to master/getAllOrigins: {"productType":"PACKAGE","destinationCode":"PUJ"}
[15-Nov-2025 18:35:57 UTC] [Soltour API info] Response from master/getAllOrigins: {"origins":[{"code":"LCG","name":"A Coruña","airportType":"AIRPORT","destinationCode":"LCG","destinationName":"LA CORUNA","description":"A Coruña","dynamic":false},{"code":"ABC","name":"Albacete","airportType":"AIRPORT","description":"Albacete","dynamic":false},{"code":"ALC","name":"Alicante","airportType":"AIRPORT","destinationCode":"ALC","destinationName":"ALICANTE","description":"Alicante","dynamic":false},{"code":"LEI","name":"Almería","airportType":"AIRPORT","destinationCode":"LEI","dest
[15-Nov-2025 18:36:07 UTC] Loaded file: blur_effects.php
[15-Nov-2025 18:36:07 UTC] Loaded file: rkit_post_duplicator.php
[15-Nov-2025 18:36:07 UTC] Loaded file: rkit_tool_tips.php
[15-Nov-2025 18:36:07 UTC] Loaded file: rkit_wrapper_link.php
[15-Nov-2025 18:36:07 UTC] Class not found: \RomethemeKit\Rkit_Custom_Cursor
[15-Nov-2025 18:36:07 UTC] Instantiated class: \RomethemeKit\RkitDuplicator
[15-Nov-2025 18:36:07 UTC] Instantiated class: \RomethemeKit\BlurEffects
[15-Nov-2025 18:36:07 UTC] Class not found: \RomethemeKit\Rkit_Sticky_Content
[15-Nov-2025 18:36:07 UTC] Instantiated class: \RomethemeKit\RkitToolTips
[15-Nov-2025 18:36:07 UTC] Instantiated class: \RomethemeKit\RkitWrapperLink
[15-Nov-2025 18:36:15 UTC] Loaded file: blur_effects.php
[15-Nov-2025 18:36:15 UTC] Loaded file: rkit_post_duplicator.php
[15-Nov-2025 18:36:15 UTC] Loaded file: rkit_tool_tips.php
[15-Nov-2025 18:36:15 UTC] Loaded file: rkit_wrapper_link.php
[15-Nov-2025 18:36:15 UTC] Class not found: \RomethemeKit\Rkit_Custom_Cursor
[15-Nov-2025 18:36:15 UTC] Instantiated class: \RomethemeKit\RkitDuplicator
[15-Nov-2025 18:36:15 UTC] Instantiated class: \RomethemeKit\BlurEffects
[15-Nov-2025 18:36:15 UTC] Class not found: \RomethemeKit\Rkit_Sticky_Content
[15-Nov-2025 18:36:15 UTC] Instantiated class: \RomethemeKit\RkitToolTips
[15-Nov-2025 18:36:15 UTC] Instantiated class: \RomethemeKit\RkitWrapperLink
[15-Nov-2025 18:36:15 UTC] Loaded file: blur_effects.php
[15-Nov-2025 18:36:15 UTC] Loaded file: rkit_post_duplicator.php
[15-Nov-2025 18:36:15 UTC] Loaded file: rkit_tool_tips.php
[15-Nov-2025 18:36:15 UTC] Loaded file: rkit_wrapper_link.php
[15-Nov-2025 18:36:15 UTC] Class not found: \RomethemeKit\Rkit_Custom_Cursor
[15-Nov-2025 18:36:15 UTC] Instantiated class: \RomethemeKit\RkitDuplicator
[15-Nov-2025 18:36:15 UTC] Instantiated class: \RomethemeKit\BlurEffects
[15-Nov-2025 18:36:15 UTC] Class not found: \RomethemeKit\Rkit_Sticky_Content
[15-Nov-2025 18:36:15 UTC] Instantiated class: \RomethemeKit\RkitToolTips
[15-Nov-2025 18:36:15 UTC] Instantiated class: \RomethemeKit\RkitWrapperLink
[15-Nov-2025 18:36:15 UTC] [Soltour API info] === AJAX SEARCH PACKAGES CALLED ===
[15-Nov-2025 18:36:15 UTC] [Soltour API info] Params recebidos do frontend:
[15-Nov-2025 18:36:15 UTC] [Soltour API info]   - pageNumber: 0
[15-Nov-2025 18:36:15 UTC] [Soltour API info]   - rowsPerPage: 100
[15-Nov-2025 18:36:15 UTC] [Soltour API info] Params completos: {"originCode":"MAD","destinationCode":"PUJ","startDate":"2026-08-23","numNights":7,"rooms":[{"passengers":[{"type":"ADULT","age":30},{"type":"ADULT","age":30}]}],"productType":"PACKAGE","onlyHotel":"N","forceAvail":true,"pageNumber":0,"rowsPerPage":100}
[15-Nov-2025 18:36:15 UTC] [Soltour API info] Enviando para API Soltour (booking/availability):
[15-Nov-2025 18:36:15 UTC] [Soltour API info]   - criteria.pagination.pageNumber: 0
[15-Nov-2025 18:36:15 UTC] [Soltour API info]   - criteria.pagination.rowsPerPage: 100
[15-Nov-2025 18:36:15 UTC] [Soltour API info] Request to booking/availability: {"productType":"PACKAGE","onlyHotel":"N","forceAvail":true,"criteria":{"order":{"type":"PRICE","direction":"ASC"},"pagination":{"pageNumber":0,"rowsPerPage":100}},"languageCode":"PT","params":{"startDate":"2026-08-23","endDate":"2026-08-30","residentType":"NONE","accomodation":{"rooms":[{"passengers":[{"type":"ADULT","age":30},{"type":"ADULT","age":30}]}]},"hotelParams":{"destinationCode":"PUJ","includeImmediatePayment":true},"flightParams":{"itineraries":[{"origins":["MAD"],"destinations":["PUJ"]}],"directFlightsOnly":false,"includeImmediatePayment":true}}}
[15-Nov-2025 18:36:26 UTC] [Soltour API info] Response from booking/availability: {"productType":"PACKAGE","availToken":"3UKnVkD4zW/5YhpUGF62nlqLkZhNZgq0h9eB3UynGZM=","timestamp":"2025-11-15T19:36:16.049954035","serviceType":"UNDEFINED","agencyInformation":{"clientCode":"BEAUTYT","branchOfficeCode":"999","taxApplicationType":"ISC","taxRate":0,"paymentType":"PP","commission":{"currency":"EUR","rate":15}},"budgets":[{"booked":false,"selected":false,"hotelServices":[{"responseId":"HbqNFBURdpRUuIal591lFey27sE3f3SWkef60QCBxlY=","id":"eb769332-6387-4186-a318-a85c75d58a89","type":"H
[15-Nov-2025 18:36:26 UTC] [Soltour API info] Resposta da API Soltour:
[15-Nov-2025 18:36:26 UTC] [Soltour API info]   - budgets: 69
[15-Nov-2025 18:36:26 UTC] [Soltour API info]   - totalCount: 0
[15-Nov-2025 18:36:26 UTC] [Soltour API info]   - hotels: 40
[15-Nov-2025 18:36:26 UTC] [Soltour API info]   - availToken: SIM
[15-Nov-2025 18:36:26 UTC] Loaded file: blur_effects.php
[15-Nov-2025 18:36:26 UTC] Loaded file: rkit_post_duplicator.php
[15-Nov-2025 18:36:26 UTC] Loaded file: rkit_tool_tips.php
[15-Nov-2025 18:36:26 UTC] Loaded file: rkit_wrapper_link.php
[15-Nov-2025 18:36:26 UTC] Class not found: \RomethemeKit\Rkit_Custom_Cursor
[15-Nov-2025 18:36:26 UTC] Instantiated class: \RomethemeKit\RkitDuplicator
[15-Nov-2025 18:36:26 UTC] Instantiated class: \RomethemeKit\BlurEffects
[15-Nov-2025 18:36:26 UTC] Class not found: \RomethemeKit\Rkit_Sticky_Content
[15-Nov-2025 18:36:26 UTC] Instantiated class: \RomethemeKit\RkitToolTips
[15-Nov-2025 18:36:26 UTC] Instantiated class: \RomethemeKit\RkitWrapperLink
[15-Nov-2025 18:36:26 UTC] Loaded file: blur_effects.php
[15-Nov-2025 18:36:26 UTC] Loaded file: rkit_post_duplicator.php
[15-Nov-2025 18:36:26 UTC] Loaded file: rkit_tool_tips.php
[15-Nov-2025 18:36:26 UTC] Loaded file: rkit_wrapper_link.php
[15-Nov-2025 18:36:26 UTC] Class not found: \RomethemeKit\Rkit_Custom_Cursor
[15-Nov-2025 18:36:26 UTC] Instantiated class: \RomethemeKit\RkitDuplicator
[15-Nov-2025 18:36:26 UTC] Instantiated class: \RomethemeKit\BlurEffects
[15-Nov-2025 18:36:26 UTC] Class not found: \RomethemeKit\Rkit_Sticky_Content
[15-Nov-2025 18:36:26 UTC] Instantiated class: \RomethemeKit\RkitToolTips
[15-Nov-2025 18:36:26 UTC] Instantiated class: \RomethemeKit\RkitWrapperLink
[15-Nov-2025 18:36:26 UTC] Loaded file: blur_effects.php
[15-Nov-2025 18:36:26 UTC] Loaded file: rkit_post_duplicator.php
[15-Nov-2025 18:36:26 UTC] Loaded file: rkit_tool_tips.php
[15-Nov-2025 18:36:26 UTC] Loaded file: rkit_wrapper_link.php
[15-Nov-2025 18:36:26 UTC] Class not found: \RomethemeKit\Rkit_Custom_Cursor
[15-Nov-2025 18:36:26 UTC] Instantiated class: \RomethemeKit\RkitDuplicator
[15-Nov-2025 18:36:26 UTC] Instantiated class: \RomethemeKit\BlurEffects
[15-Nov-2025 18:36:26 UTC] Class not found: \RomethemeKit\Rkit_Sticky_Content
[15-Nov-2025 18:36:26 UTC] Instantiated class: \RomethemeKit\RkitToolTips
[15-Nov-2025 18:36:26 UTC] Instantiated class: \RomethemeKit\RkitWrapperLink
[15-Nov-2025 18:36:26 UTC] Loaded file: blur_effects.php
[15-Nov-2025 18:36:26 UTC] Loaded file: rkit_post_duplicator.php
[15-Nov-2025 18:36:26 UTC] Loaded file: rkit_tool_tips.php
[15-Nov-2025 18:36:26 UTC] Loaded file: rkit_wrapper_link.php
[15-Nov-2025 18:36:26 UTC] Class not found: \RomethemeKit\Rkit_Custom_Cursor
[15-Nov-2025 18:36:26 UTC] Instantiated class: \RomethemeKit\RkitDuplicator
[15-Nov-2025 18:36:26 UTC] Instantiated class: \RomethemeKit\BlurEffects
[15-Nov-2025 18:36:26 UTC] Class not found: \RomethemeKit\Rkit_Sticky_Content
[15-Nov-2025 18:36:26 UTC] Instantiated class: \RomethemeKit\RkitToolTips
[15-Nov-2025 18:36:26 UTC] Instantiated class: \RomethemeKit\RkitWrapperLink
[15-Nov-2025 18:36:26 UTC] Loaded file: blur_effects.php
[15-Nov-2025 18:36:26 UTC] Loaded file: rkit_post_duplicator.php
[15-Nov-2025 18:36:26 UTC] Loaded file: rkit_tool_tips.php
[15-Nov-2025 18:36:26 UTC] Loaded file: rkit_wrapper_link.php
[15-Nov-2025 18:36:26 UTC] Class not found: \RomethemeKit\Rkit_Custom_Cursor
[15-Nov-2025 18:36:26 UTC] Instantiated class: \RomethemeKit\RkitDuplicator
[15-Nov-2025 18:36:26 UTC] Instantiated class: \RomethemeKit\BlurEffects
[15-Nov-2025 18:36:26 UTC] Class not found: \RomethemeKit\Rkit_Sticky_Content
[15-Nov-2025 18:36:26 UTC] Instantiated class: \RomethemeKit\RkitToolTips
[15-Nov-2025 18:36:26 UTC] Instantiated class: \RomethemeKit\RkitWrapperLink
[15-Nov-2025 18:36:27 UTC] [Soltour API info] Getting details for budget: H24##TI##0$5125570810739076955@@100, hotel: H24
[15-Nov-2025 18:36:27 UTC] [Soltour API info] Request to booking/details: {"productType":"PACKAGE","availToken":"3UKnVkD4zW\/5YhpUGF62nlqLkZhNZgq0h9eB3UynGZM=","budgetId":"H24##TI##0$5125570810739076955@@100","hotelParams":{"hotelCode":"H24","providerCode":"UNDEFINED"}}
[15-Nov-2025 18:36:27 UTC] [Soltour API info] Getting details for budget: H79993##TI##0$4782253413555147980@@100, hotel: H79993
[15-Nov-2025 18:36:27 UTC] [Soltour API info] Request to booking/details: {"productType":"PACKAGE","availToken":"3UKnVkD4zW\/5YhpUGF62nlqLkZhNZgq0h9eB3UynGZM=","budgetId":"H79993##TI##0$4782253413555147980@@100","hotelParams":{"hotelCode":"H79993","providerCode":"UNDEFINED"}}
[15-Nov-2025 18:36:27 UTC] [Soltour API info] Getting details for budget: H99741##TI##0$4930210984280760198@@100, hotel: H99741
[15-Nov-2025 18:36:27 UTC] [Soltour API info] Request to booking/details: {"productType":"PACKAGE","availToken":"3UKnVkD4zW\/5YhpUGF62nlqLkZhNZgq0h9eB3UynGZM=","budgetId":"H99741##TI##0$4930210984280760198@@100","hotelParams":{"hotelCode":"H99741","providerCode":"UNDEFINED"}}
[15-Nov-2025 18:36:27 UTC] [Soltour API info] Getting details for budget: H81381##TI##0$4805212081727979001@@100, hotel: H81381
[15-Nov-2025 18:36:27 UTC] [Soltour API info] Request to booking/details: {"productType":"PACKAGE","availToken":"3UKnVkD4zW\/5YhpUGF62nlqLkZhNZgq0h9eB3UynGZM=","budgetId":"H81381##TI##0$4805212081727979001@@100","hotelParams":{"hotelCode":"H81381","providerCode":"UNDEFINED"}}
[15-Nov-2025 18:36:27 UTC] Loaded file: blur_effects.php
[15-Nov-2025 18:36:27 UTC] [Soltour API info] Getting details for budget: H220697##TI##0$5556650023395889527@@100, hotel: H220697
[15-Nov-2025 18:36:27 UTC] Loaded file: rkit_post_duplicator.php
[15-Nov-2025 18:36:27 UTC] [Soltour API info] Request to booking/details: {"productType":"PACKAGE","availToken":"3UKnVkD4zW\/5YhpUGF62nlqLkZhNZgq0h9eB3UynGZM=","budgetId":"H220697##TI##0$5556650023395889527@@100","hotelParams":{"hotelCode":"H220697","providerCode":"UNDEFINED"}}
[15-Nov-2025 18:36:27 UTC] Loaded file: rkit_tool_tips.php
[15-Nov-2025 18:36:27 UTC] Loaded file: rkit_wrapper_link.php
[15-Nov-2025 18:36:27 UTC] Class not found: \RomethemeKit\Rkit_Custom_Cursor
[15-Nov-2025 18:36:27 UTC] Instantiated class: \RomethemeKit\RkitDuplicator
[15-Nov-2025 18:36:27 UTC] Instantiated class: \RomethemeKit\BlurEffects
[15-Nov-2025 18:36:27 UTC] Class not found: \RomethemeKit\Rkit_Sticky_Content
[15-Nov-2025 18:36:27 UTC] Instantiated class: \RomethemeKit\RkitToolTips
[15-Nov-2025 18:36:27 UTC] Instantiated class: \RomethemeKit\RkitWrapperLink
[15-Nov-2025 18:36:28 UTC] [Soltour API info] Response from booking/details: {"availToken":"3UKnVkD4zW/5YhpUGF62nlqLkZhNZgq0h9eB3UynGZM=","timestamp":"2025-11-15T19:36:28.291893007","serviceType":"UNDEFINED","agencyInformation":{"clientCode":"BEAUTYT","branchOfficeCode":"999","taxApplicationType":"ISC","taxRate":0,"paymentType":"PP","commission":{"currency":"EUR","rate":15}},"params":{"startDate":"2026-08-23","endDate":"2026-08-30","accomodation":{"rooms":[{"passengers":[{"age":30,"type":"ADULT"},{"age":30,"type":"ADULT"}]}]},"residentType":"NONE","numNights":0,"flightPa
[15-Nov-2025 18:36:28 UTC] [Soltour API info] Details response structure: {"has_budget":false,"has_details":true,"has_error":false,"error_msg":null}
[15-Nov-2025 18:36:28 UTC] [Soltour API info] Response from booking/details: {"availToken":"3UKnVkD4zW/5YhpUGF62nlqLkZhNZgq0h9eB3UynGZM=","timestamp":"2025-11-15T19:36:28.425189181","serviceType":"UNDEFINED","agencyInformation":{"clientCode":"BEAUTYT","branchOfficeCode":"999","taxApplicationType":"ISC","taxRate":0,"paymentType":"PP","commission":{"currency":"EUR","rate":15}},"params":{"startDate":"2026-08-23","endDate":"2026-08-30","accomodation":{"rooms":[{"passengers":[{"age":30,"type":"ADULT"},{"age":30,"type":"ADULT"}]}]},"residentType":"NONE","numNights":0,"flightPa
[15-Nov-2025 18:36:28 UTC] [Soltour API info] Details response structure: {"has_budget":false,"has_details":true,"has_error":false,"error_msg":null}
[15-Nov-2025 18:36:28 UTC] [Soltour API info] Response from booking/details: {"availToken":"3UKnVkD4zW/5YhpUGF62nlqLkZhNZgq0h9eB3UynGZM=","timestamp":"2025-11-15T19:36:28.674951795","serviceType":"UNDEFINED","agencyInformation":{"clientCode":"BEAUTYT","branchOfficeCode":"999","taxApplicationType":"ISC","taxRate":0,"paymentType":"PP","commission":{"currency":"EUR","rate":15}},"params":{"startDate":"2026-08-23","endDate":"2026-08-30","accomodation":{"rooms":[{"passengers":[{"age":30,"type":"ADULT"},{"age":30,"type":"ADULT"}]}]},"residentType":"NONE","numNights":0,"flightPa
[15-Nov-2025 18:36:28 UTC] [Soltour API info] Details response structure: {"has_budget":false,"has_details":true,"has_error":false,"error_msg":null}
[15-Nov-2025 18:36:29 UTC] Loaded file: blur_effects.php
[15-Nov-2025 18:36:29 UTC] Loaded file: rkit_post_duplicator.php
[15-Nov-2025 18:36:29 UTC] Loaded file: rkit_tool_tips.php
[15-Nov-2025 18:36:29 UTC] Loaded file: rkit_wrapper_link.php
[15-Nov-2025 18:36:29 UTC] Class not found: \RomethemeKit\Rkit_Custom_Cursor
[15-Nov-2025 18:36:29 UTC] Instantiated class: \RomethemeKit\RkitDuplicator
[15-Nov-2025 18:36:29 UTC] Instantiated class: \RomethemeKit\BlurEffects
[15-Nov-2025 18:36:29 UTC] Class not found: \RomethemeKit\Rkit_Sticky_Content
[15-Nov-2025 18:36:29 UTC] Instantiated class: \RomethemeKit\RkitToolTips
[15-Nov-2025 18:36:29 UTC] Instantiated class: \RomethemeKit\RkitWrapperLink
[15-Nov-2025 18:36:29 UTC] Loaded file: blur_effects.php
[15-Nov-2025 18:36:29 UTC] Loaded file: rkit_post_duplicator.php
[15-Nov-2025 18:36:29 UTC] Loaded file: rkit_tool_tips.php
[15-Nov-2025 18:36:29 UTC] Loaded file: rkit_wrapper_link.php
[15-Nov-2025 18:36:29 UTC] Class not found: \RomethemeKit\Rkit_Custom_Cursor
[15-Nov-2025 18:36:29 UTC] Instantiated class: \RomethemeKit\RkitDuplicator
[15-Nov-2025 18:36:29 UTC] Instantiated class: \RomethemeKit\BlurEffects
[15-Nov-2025 18:36:29 UTC] Class not found: \RomethemeKit\Rkit_Sticky_Content
[15-Nov-2025 18:36:29 UTC] Instantiated class: \RomethemeKit\RkitToolTips
[15-Nov-2025 18:36:29 UTC] Instantiated class: \RomethemeKit\RkitWrapperLink
[15-Nov-2025 18:36:29 UTC] Loaded file: blur_effects.php
[15-Nov-2025 18:36:29 UTC] Loaded file: rkit_post_duplicator.php
[15-Nov-2025 18:36:29 UTC] Loaded file: rkit_tool_tips.php
[15-Nov-2025 18:36:29 UTC] Loaded file: rkit_wrapper_link.php
[15-Nov-2025 18:36:29 UTC] Class not found: \RomethemeKit\Rkit_Custom_Cursor
[15-Nov-2025 18:36:29 UTC] Instantiated class: \RomethemeKit\RkitDuplicator
[15-Nov-2025 18:36:29 UTC] Instantiated class: \RomethemeKit\BlurEffects
[15-Nov-2025 18:36:29 UTC] Class not found: \RomethemeKit\Rkit_Sticky_Content
[15-Nov-2025 18:36:29 UTC] Instantiated class: \RomethemeKit\RkitToolTips
[15-Nov-2025 18:36:29 UTC] Instantiated class: \RomethemeKit\RkitWrapperLink
[15-Nov-2025 18:36:29 UTC] [Soltour API info] Getting details for budget: H199543##SA##0$4895137652498324936@@100, hotel: H199543
[15-Nov-2025 18:36:29 UTC] [Soltour API info] Request to booking/details: {"productType":"PACKAGE","availToken":"3UKnVkD4zW\/5YhpUGF62nlqLkZhNZgq0h9eB3UynGZM=","budgetId":"H199543##SA##0$4895137652498324936@@100","hotelParams":{"hotelCode":"H199543","providerCode":"UNDEFINED"}}
[15-Nov-2025 18:36:29 UTC] [Soltour API info] Getting details for budget: H81784##TI##0$5112277330820751741@@100, hotel: H81784
[15-Nov-2025 18:36:29 UTC] [Soltour API info] Request to booking/details: {"productType":"PACKAGE","availToken":"3UKnVkD4zW\/5YhpUGF62nlqLkZhNZgq0h9eB3UynGZM=","budgetId":"H81784##TI##0$5112277330820751741@@100","hotelParams":{"hotelCode":"H81784","providerCode":"UNDEFINED"}}
[15-Nov-2025 18:36:29 UTC] [Soltour API info] Getting details for budget: H49702##TI##0$4875787726201717495@@100, hotel: H49702
[15-Nov-2025 18:36:29 UTC] [Soltour API info] Request to booking/details: {"productType":"PACKAGE","availToken":"3UKnVkD4zW\/5YhpUGF62nlqLkZhNZgq0h9eB3UynGZM=","budgetId":"H49702##TI##0$4875787726201717495@@100","hotelParams":{"hotelCode":"H49702","providerCode":"UNDEFINED"}}
[15-Nov-2025 18:36:30 UTC] [Soltour API info] Response from booking/details: {"availToken":"3UKnVkD4zW/5YhpUGF62nlqLkZhNZgq0h9eB3UynGZM=","timestamp":"2025-11-15T19:36:30.110379861","serviceType":"UNDEFINED","agencyInformation":{"clientCode":"BEAUTYT","branchOfficeCode":"999","taxApplicationType":"ISC","taxRate":0,"paymentType":"PP","commission":{"currency":"EUR","rate":15}},"params":{"startDate":"2026-08-23","endDate":"2026-08-30","accomodation":{"rooms":[{"passengers":[{"age":30,"type":"ADULT"},{"age":30,"type":"ADULT"}]}]},"residentType":"NONE","numNights":0,"flightPa
[15-Nov-2025 18:36:30 UTC] [Soltour API info] Details response structure: {"has_budget":false,"has_details":true,"has_error":false,"error_msg":null}
[15-Nov-2025 18:36:30 UTC] [Soltour API info] Response from booking/details: {"availToken":"3UKnVkD4zW/5YhpUGF62nlqLkZhNZgq0h9eB3UynGZM=","timestamp":"2025-11-15T19:36:30.470715639","serviceType":"UNDEFINED","agencyInformation":{"clientCode":"BEAUTYT","branchOfficeCode":"999","taxApplicationType":"ISC","taxRate":0,"paymentType":"PP","commission":{"currency":"EUR","rate":15}},"params":{"startDate":"2026-08-23","endDate":"2026-08-30","accomodation":{"rooms":[{"passengers":[{"age":30,"type":"ADULT"},{"age":30,"type":"ADULT"}]}]},"residentType":"NONE","numNights":0,"flightPa
[15-Nov-2025 18:36:30 UTC] [Soltour API info] Details response structure: {"has_budget":false,"has_details":true,"has_error":false,"error_msg":null}
[15-Nov-2025 18:36:31 UTC] Loaded file: blur_effects.php
[15-Nov-2025 18:36:31 UTC] Loaded file: rkit_post_duplicator.php
[15-Nov-2025 18:36:31 UTC] Loaded file: rkit_tool_tips.php
[15-Nov-2025 18:36:31 UTC] Loaded file: rkit_wrapper_link.php
[15-Nov-2025 18:36:31 UTC] Class not found: \RomethemeKit\Rkit_Custom_Cursor
[15-Nov-2025 18:36:31 UTC] Instantiated class: \RomethemeKit\RkitDuplicator
[15-Nov-2025 18:36:31 UTC] Instantiated class: \RomethemeKit\BlurEffects
[15-Nov-2025 18:36:31 UTC] Class not found: \RomethemeKit\Rkit_Sticky_Content
[15-Nov-2025 18:36:31 UTC] Instantiated class: \RomethemeKit\RkitToolTips
[15-Nov-2025 18:36:31 UTC] Instantiated class: \RomethemeKit\RkitWrapperLink
[15-Nov-2025 18:36:31 UTC] Loaded file: blur_effects.php
[15-Nov-2025 18:36:31 UTC] Loaded file: rkit_post_duplicator.php
[15-Nov-2025 18:36:31 UTC] Loaded file: rkit_tool_tips.php
[15-Nov-2025 18:36:31 UTC] Loaded file: rkit_wrapper_link.php
[15-Nov-2025 18:36:31 UTC] Class not found: \RomethemeKit\Rkit_Custom_Cursor
[15-Nov-2025 18:36:31 UTC] Instantiated class: \RomethemeKit\RkitDuplicator
[15-Nov-2025 18:36:31 UTC] Instantiated class: \RomethemeKit\BlurEffects
[15-Nov-2025 18:36:31 UTC] Class not found: \RomethemeKit\Rkit_Sticky_Content
[15-Nov-2025 18:36:31 UTC] Instantiated class: \RomethemeKit\RkitToolTips
[15-Nov-2025 18:36:31 UTC] Instantiated class: \RomethemeKit\RkitWrapperLink
[15-Nov-2025 18:36:31 UTC] [Soltour API info] Getting details for budget: H68719##TI##0$4650675828538135498@@100, hotel: H68719
[15-Nov-2025 18:36:31 UTC] [Soltour API info] Request to booking/details: {"productType":"PACKAGE","availToken":"3UKnVkD4zW\/5YhpUGF62nlqLkZhNZgq0h9eB3UynGZM=","budgetId":"H68719##TI##0$4650675828538135498@@100","hotelParams":{"hotelCode":"H68719","providerCode":"UNDEFINED"}}
[15-Nov-2025 18:36:31 UTC] [Soltour API info] Getting details for budget: H408431##SA##0$5702705425381185282@@100, hotel: H408431
[15-Nov-2025 18:36:31 UTC] [Soltour API info] Request to booking/details: {"productType":"PACKAGE","availToken":"3UKnVkD4zW\/5YhpUGF62nlqLkZhNZgq0h9eB3UynGZM=","budgetId":"H408431##SA##0$5702705425381185282@@100","hotelParams":{"hotelCode":"H408431","providerCode":"UNDEFINED"}}
[15-Nov-2025 18:36:31 UTC] [Soltour API info] Response from booking/details: {"availToken":"3UKnVkD4zW/5YhpUGF62nlqLkZhNZgq0h9eB3UynGZM=","timestamp":"2025-11-15T19:36:30.436350259","serviceType":"UNDEFINED","agencyInformation":{"clientCode":"BEAUTYT","branchOfficeCode":"999","taxApplicationType":"ISC","taxRate":0,"paymentType":"PP","commission":{"currency":"EUR","rate":15}},"params":{"startDate":"2026-08-23","endDate":"2026-08-30","accomodation":{"rooms":[{"passengers":[{"age":30,"type":"ADULT"},{"age":30,"type":"ADULT"}]}]},"residentType":"NONE","numNights":0,"flightPa
[15-Nov-2025 18:36:31 UTC] [Soltour API info] Details response structure: {"has_budget":false,"has_details":true,"has_error":false,"error_msg":null}
[15-Nov-2025 18:36:32 UTC] [Soltour API info] Response from booking/details: {"availToken":"3UKnVkD4zW/5YhpUGF62nlqLkZhNZgq0h9eB3UynGZM=","timestamp":"2025-11-15T19:36:30.805432792","serviceType":"UNDEFINED","agencyInformation":{"clientCode":"BEAUTYT","branchOfficeCode":"999","taxApplicationType":"ISC","taxRate":0,"paymentType":"PP","commission":{"currency":"EUR","rate":15}},"params":{"startDate":"2026-08-23","endDate":"2026-08-30","accomodation":{"rooms":[{"passengers":[{"age":30,"type":"ADULT"},{"age":30,"type":"ADULT"}]}]},"residentType":"NONE","numNights":0,"flightPa
[15-Nov-2025 18:36:32 UTC] [Soltour API info] Details response structure: {"has_budget":false,"has_details":true,"has_error":false,"error_msg":null}
[15-Nov-2025 18:36:32 UTC] Loaded file: blur_effects.php
[15-Nov-2025 18:36:32 UTC] Loaded file: rkit_post_duplicator.php
[15-Nov-2025 18:36:32 UTC] Loaded file: rkit_tool_tips.php
[15-Nov-2025 18:36:32 UTC] Loaded file: rkit_wrapper_link.php
[15-Nov-2025 18:36:32 UTC] Class not found: \RomethemeKit\Rkit_Custom_Cursor
[15-Nov-2025 18:36:32 UTC] Instantiated class: \RomethemeKit\RkitDuplicator
[15-Nov-2025 18:36:32 UTC] Instantiated class: \RomethemeKit\BlurEffects
[15-Nov-2025 18:36:32 UTC] Class not found: \RomethemeKit\Rkit_Sticky_Content
[15-Nov-2025 18:36:32 UTC] Instantiated class: \RomethemeKit\RkitToolTips
[15-Nov-2025 18:36:32 UTC] Instantiated class: \RomethemeKit\RkitWrapperLink
[15-Nov-2025 18:36:32 UTC] [Soltour API info] Response from booking/details: {"availToken":"3UKnVkD4zW/5YhpUGF62nlqLkZhNZgq0h9eB3UynGZM=","timestamp":"2025-11-15T19:36:32.410520696","serviceType":"UNDEFINED","agencyInformation":{"clientCode":"BEAUTYT","branchOfficeCode":"999","taxApplicationType":"ISC","taxRate":0,"paymentType":"PP","commission":{"currency":"EUR","rate":15}},"params":{"startDate":"2026-08-23","endDate":"2026-08-30","accomodation":{"rooms":[{"passengers":[{"age":30,"type":"ADULT"},{"age":30,"type":"ADULT"}]}]},"residentType":"NONE","numNights":0,"flightPa
[15-Nov-2025 18:36:32 UTC] [Soltour API info] Details response structure: {"has_budget":false,"has_details":true,"has_error":false,"error_msg":null}
[15-Nov-2025 18:36:32 UTC] [Soltour API info] Getting details for budget: H50725##TI##0$5355139509950898678@@100, hotel: H50725
[15-Nov-2025 18:36:32 UTC] [Soltour API info] Request to booking/details: {"productType":"PACKAGE","availToken":"3UKnVkD4zW\/5YhpUGF62nlqLkZhNZgq0h9eB3UynGZM=","budgetId":"H50725##TI##0$5355139509950898678@@100","hotelParams":{"hotelCode":"H50725","providerCode":"UNDEFINED"}}
[15-Nov-2025 18:36:33 UTC] Loaded file: blur_effects.php
[15-Nov-2025 18:36:33 UTC] Loaded file: rkit_post_duplicator.php
[15-Nov-2025 18:36:33 UTC] Loaded file: rkit_tool_tips.php
[15-Nov-2025 18:36:33 UTC] Loaded file: rkit_wrapper_link.php
[15-Nov-2025 18:36:33 UTC] Class not found: \RomethemeKit\Rkit_Custom_Cursor
[15-Nov-2025 18:36:33 UTC] Instantiated class: \RomethemeKit\RkitDuplicator
[15-Nov-2025 18:36:33 UTC] Instantiated class: \RomethemeKit\BlurEffects
[15-Nov-2025 18:36:33 UTC] Class not found: \RomethemeKit\Rkit_Sticky_Content
[15-Nov-2025 18:36:33 UTC] Instantiated class: \RomethemeKit\RkitToolTips
[15-Nov-2025 18:36:33 UTC] Instantiated class: \RomethemeKit\RkitWrapperLink
[15-Nov-2025 18:36:33 UTC] Loaded file: blur_effects.php
[15-Nov-2025 18:36:33 UTC] Loaded file: rkit_post_duplicator.php
[15-Nov-2025 18:36:33 UTC] Loaded file: rkit_tool_tips.php
[15-Nov-2025 18:36:33 UTC] Loaded file: rkit_wrapper_link.php
[15-Nov-2025 18:36:33 UTC] Class not found: \RomethemeKit\Rkit_Custom_Cursor
[15-Nov-2025 18:36:33 UTC] Instantiated class: \RomethemeKit\RkitDuplicator
[15-Nov-2025 18:36:33 UTC] Instantiated class: \RomethemeKit\BlurEffects
[15-Nov-2025 18:36:33 UTC] Class not found: \RomethemeKit\Rkit_Sticky_Content
[15-Nov-2025 18:36:33 UTC] Instantiated class: \RomethemeKit\RkitToolTips
[15-Nov-2025 18:36:33 UTC] Instantiated class: \RomethemeKit\RkitWrapperLink
[15-Nov-2025 18:36:33 UTC] [Soltour API info] Response from booking/details: {"availToken":"3UKnVkD4zW/5YhpUGF62nlqLkZhNZgq0h9eB3UynGZM=","timestamp":"2025-11-15T19:36:33.093816142","serviceType":"UNDEFINED","agencyInformation":{"clientCode":"BEAUTYT","branchOfficeCode":"999","taxApplicationType":"ISC","taxRate":0,"paymentType":"PP","commission":{"currency":"EUR","rate":15}},"params":{"startDate":"2026-08-23","endDate":"2026-08-30","accomodation":{"rooms":[{"passengers":[{"age":30,"type":"ADULT"},{"age":30,"type":"ADULT"}]}]},"residentType":"NONE","numNights":0,"flightPa
[15-Nov-2025 18:36:33 UTC] [Soltour API info] Details response structure: {"has_budget":false,"has_details":true,"has_error":false,"error_msg":null}
[15-Nov-2025 18:36:33 UTC] [Soltour API info] Getting details for budget: H14##TI##0$4887142296422505018@@100, hotel: H14
[15-Nov-2025 18:36:33 UTC] [Soltour API info] Request to booking/details: {"productType":"PACKAGE","availToken":"3UKnVkD4zW\/5YhpUGF62nlqLkZhNZgq0h9eB3UynGZM=","budgetId":"H14##TI##0$4887142296422505018@@100","hotelParams":{"hotelCode":"H14","providerCode":"UNDEFINED"}}
[15-Nov-2025 18:36:33 UTC] [Soltour API info] Getting details for budget: H33##TI##0$5140911932061599659@@100, hotel: H33
[15-Nov-2025 18:36:33 UTC] [Soltour API info] Request to booking/details: {"productType":"PACKAGE","availToken":"3UKnVkD4zW\/5YhpUGF62nlqLkZhNZgq0h9eB3UynGZM=","budgetId":"H33##TI##0$5140911932061599659@@100","hotelParams":{"hotelCode":"H33","providerCode":"UNDEFINED"}}
[15-Nov-2025 18:36:33 UTC] [Soltour API info] Response from booking/details: {"availToken":"3UKnVkD4zW/5YhpUGF62nlqLkZhNZgq0h9eB3UynGZM=","timestamp":"2025-11-15T19:36:32.474180423","serviceType":"UNDEFINED","agencyInformation":{"clientCode":"BEAUTYT","branchOfficeCode":"999","taxApplicationType":"ISC","taxRate":0,"paymentType":"PP","commission":{"currency":"EUR","rate":15}},"params":{"startDate":"2026-08-23","endDate":"2026-08-30","accomodation":{"rooms":[{"passengers":[{"age":30,"type":"ADULT"},{"age":30,"type":"ADULT"}]}]},"residentType":"NONE","numNights":0,"flightPa
[15-Nov-2025 18:36:33 UTC] [Soltour API info] Details response structure: {"has_budget":false,"has_details":true,"has_error":false,"error_msg":null}
[15-Nov-2025 18:36:33 UTC] [Soltour API info] Response from booking/details: {"availToken":"3UKnVkD4zW/5YhpUGF62nlqLkZhNZgq0h9eB3UynGZM=","timestamp":"2025-11-15T19:36:33.770963421","serviceType":"UNDEFINED","agencyInformation":{"clientCode":"BEAUTYT","branchOfficeCode":"999","taxApplicationType":"ISC","taxRate":0,"paymentType":"PP","commission":{"currency":"EUR","rate":15}},"params":{"startDate":"2026-08-23","endDate":"2026-08-30","accomodation":{"rooms":[{"passengers":[{"age":30,"type":"ADULT"},{"age":30,"type":"ADULT"}]}]},"residentType":"NONE","numNights":0,"flightPa
[15-Nov-2025 18:36:33 UTC] [Soltour API info] Details response structure: {"has_budget":false,"has_details":true,"has_error":false,"error_msg":null}
[15-Nov-2025 18:36:34 UTC] Loaded file: blur_effects.php
[15-Nov-2025 18:36:34 UTC] Loaded file: rkit_post_duplicator.php
[15-Nov-2025 18:36:34 UTC] Loaded file: rkit_tool_tips.php
[15-Nov-2025 18:36:34 UTC] Loaded file: rkit_wrapper_link.php
[15-Nov-2025 18:36:34 UTC] Class not found: \RomethemeKit\Rkit_Custom_Cursor
[15-Nov-2025 18:36:34 UTC] Instantiated class: \RomethemeKit\RkitDuplicator
[15-Nov-2025 18:36:34 UTC] Instantiated class: \RomethemeKit\BlurEffects
[15-Nov-2025 18:36:34 UTC] Class not found: \RomethemeKit\Rkit_Sticky_Content
[15-Nov-2025 18:36:34 UTC] Instantiated class: \RomethemeKit\RkitToolTips
[15-Nov-2025 18:36:34 UTC] Instantiated class: \RomethemeKit\RkitWrapperLink
[15-Nov-2025 18:36:34 UTC] Loaded file: blur_effects.php
[15-Nov-2025 18:36:34 UTC] Loaded file: rkit_post_duplicator.php
[15-Nov-2025 18:36:34 UTC] Loaded file: rkit_tool_tips.php
[15-Nov-2025 18:36:34 UTC] Loaded file: rkit_wrapper_link.php
[15-Nov-2025 18:36:34 UTC] Class not found: \RomethemeKit\Rkit_Custom_Cursor
[15-Nov-2025 18:36:34 UTC] Instantiated class: \RomethemeKit\RkitDuplicator
[15-Nov-2025 18:36:34 UTC] Instantiated class: \RomethemeKit\BlurEffects
[15-Nov-2025 18:36:34 UTC] Class not found: \RomethemeKit\Rkit_Sticky_Content
[15-Nov-2025 18:36:34 UTC] Instantiated class: \RomethemeKit\RkitToolTips
[15-Nov-2025 18:36:34 UTC] Instantiated class: \RomethemeKit\RkitWrapperLink
[15-Nov-2025 18:36:34 UTC] [Soltour API info] Response from booking/details: {"availToken":"3UKnVkD4zW/5YhpUGF62nlqLkZhNZgq0h9eB3UynGZM=","timestamp":"2025-11-15T19:36:34.175949208","serviceType":"UNDEFINED","agencyInformation":{"clientCode":"BEAUTYT","branchOfficeCode":"999","taxApplicationType":"ISC","taxRate":0,"paymentType":"PP","commission":{"currency":"EUR","rate":15}},"params":{"startDate":"2026-08-23","endDate":"2026-08-30","accomodation":{"rooms":[{"passengers":[{"age":30,"type":"ADULT"},{"age":30,"type":"ADULT"}]}]},"residentType":"NONE","numNights":0,"flightPa
[15-Nov-2025 18:36:34 UTC] [Soltour API info] Details response structure: {"has_budget":false,"has_details":true,"has_error":false,"error_msg":null}
[15-Nov-2025 18:36:34 UTC] [Soltour API info] Response from booking/details: {"availToken":"3UKnVkD4zW/5YhpUGF62nlqLkZhNZgq0h9eB3UynGZM=","timestamp":"2025-11-15T19:36:34.191269275","serviceType":"UNDEFINED","agencyInformation":{"clientCode":"BEAUTYT","branchOfficeCode":"999","taxApplicationType":"ISC","taxRate":0,"paymentType":"PP","commission":{"currency":"EUR","rate":15}},"params":{"startDate":"2026-08-23","endDate":"2026-08-30","accomodation":{"rooms":[{"passengers":[{"age":30,"type":"ADULT"},{"age":30,"type":"ADULT"}]}]},"residentType":"NONE","numNights":0,"flightPa
[15-Nov-2025 18:36:34 UTC] [Soltour API info] Details response structure: {"has_budget":false,"has_details":true,"has_error":false,"error_msg":null}
[15-Nov-2025 18:36:34 UTC] [Soltour API info] Getting details for budget: H2##TI##0$4823038046110578409@@100, hotel: H2
[15-Nov-2025 18:36:34 UTC] [Soltour API info] Request to booking/details: {"productType":"PACKAGE","availToken":"3UKnVkD4zW\/5YhpUGF62nlqLkZhNZgq0h9eB3UynGZM=","budgetId":"H2##TI##0$4823038046110578409@@100","hotelParams":{"hotelCode":"H2","providerCode":"UNDEFINED"}}
[15-Nov-2025 18:36:34 UTC] [Soltour API info] Getting details for budget: H35##TI##0$5315905228156939454@@100, hotel: H35
[15-Nov-2025 18:36:34 UTC] [Soltour API info] Request to booking/details: {"productType":"PACKAGE","availToken":"3UKnVkD4zW\/5YhpUGF62nlqLkZhNZgq0h9eB3UynGZM=","budgetId":"H35##TI##0$5315905228156939454@@100","hotelParams":{"hotelCode":"H35","providerCode":"UNDEFINED"}}
[15-Nov-2025 18:36:35 UTC] Loaded file: blur_effects.php
[15-Nov-2025 18:36:35 UTC] Loaded file: rkit_post_duplicator.php
[15-Nov-2025 18:36:35 UTC] Loaded file: rkit_tool_tips.php
[15-Nov-2025 18:36:35 UTC] Loaded file: rkit_wrapper_link.php
[15-Nov-2025 18:36:35 UTC] Class not found: \RomethemeKit\Rkit_Custom_Cursor
[15-Nov-2025 18:36:35 UTC] Instantiated class: \RomethemeKit\RkitDuplicator
[15-Nov-2025 18:36:35 UTC] Instantiated class: \RomethemeKit\BlurEffects
[15-Nov-2025 18:36:35 UTC] Class not found: \RomethemeKit\Rkit_Sticky_Content
[15-Nov-2025 18:36:35 UTC] Instantiated class: \RomethemeKit\RkitToolTips
[15-Nov-2025 18:36:35 UTC] Instantiated class: \RomethemeKit\RkitWrapperLink
[15-Nov-2025 18:36:35 UTC] Loaded file: blur_effects.php
[15-Nov-2025 18:36:35 UTC] Loaded file: rkit_post_duplicator.php
[15-Nov-2025 18:36:35 UTC] Loaded file: rkit_tool_tips.php
[15-Nov-2025 18:36:35 UTC] Loaded file: rkit_wrapper_link.php
[15-Nov-2025 18:36:35 UTC] Class not found: \RomethemeKit\Rkit_Custom_Cursor
[15-Nov-2025 18:36:35 UTC] Instantiated class: \RomethemeKit\RkitDuplicator
[15-Nov-2025 18:36:35 UTC] Instantiated class: \RomethemeKit\BlurEffects
[15-Nov-2025 18:36:35 UTC] Class not found: \RomethemeKit\Rkit_Sticky_Content
[15-Nov-2025 18:36:35 UTC] Instantiated class: \RomethemeKit\RkitToolTips
[15-Nov-2025 18:36:35 UTC] Instantiated class: \RomethemeKit\RkitWrapperLink
[15-Nov-2025 18:36:35 UTC] Loaded file: blur_effects.php
[15-Nov-2025 18:36:35 UTC] Loaded file: rkit_post_duplicator.php
[15-Nov-2025 18:36:35 UTC] Loaded file: rkit_tool_tips.php
[15-Nov-2025 18:36:35 UTC] Loaded file: rkit_wrapper_link.php
[15-Nov-2025 18:36:35 UTC] Class not found: \RomethemeKit\Rkit_Custom_Cursor
[15-Nov-2025 18:36:35 UTC] Instantiated class: \RomethemeKit\RkitDuplicator
[15-Nov-2025 18:36:35 UTC] Instantiated class: \RomethemeKit\BlurEffects
[15-Nov-2025 18:36:35 UTC] Class not found: \RomethemeKit\Rkit_Sticky_Content
[15-Nov-2025 18:36:35 UTC] Instantiated class: \RomethemeKit\RkitToolTips
[15-Nov-2025 18:36:35 UTC] Instantiated class: \RomethemeKit\RkitWrapperLink
[15-Nov-2025 18:36:35 UTC] [Soltour API info] Getting details for budget: H8##TI##0$5623383044381552515@@100, hotel: H8
[15-Nov-2025 18:36:35 UTC] [Soltour API info] Request to booking/details: {"productType":"PACKAGE","availToken":"3UKnVkD4zW\/5YhpUGF62nlqLkZhNZgq0h9eB3UynGZM=","budgetId":"H8##TI##0$5623383044381552515@@100","hotelParams":{"hotelCode":"H8","providerCode":"UNDEFINED"}}
[15-Nov-2025 18:36:35 UTC] [Soltour API info] Getting details for budget: H199535##TI##0$5552395296575735791@@100, hotel: H199535
[15-Nov-2025 18:36:35 UTC] [Soltour API info] Request to booking/details: {"productType":"PACKAGE","availToken":"3UKnVkD4zW\/5YhpUGF62nlqLkZhNZgq0h9eB3UynGZM=","budgetId":"H199535##TI##0$5552395296575735791@@100","hotelParams":{"hotelCode":"H199535","providerCode":"UNDEFINED"}}
[15-Nov-2025 18:36:35 UTC] [Soltour API info] Getting details for budget: H79963##TI##0$5045892988270145618@@100, hotel: H79963
[15-Nov-2025 18:36:35 UTC] [Soltour API info] Request to booking/details: {"productType":"PACKAGE","availToken":"3UKnVkD4zW\/5YhpUGF62nlqLkZhNZgq0h9eB3UynGZM=","budgetId":"H79963##TI##0$5045892988270145618@@100","hotelParams":{"hotelCode":"H79963","providerCode":"UNDEFINED"}}
[15-Nov-2025 18:36:35 UTC] [Soltour API info] Response from booking/details: {"availToken":"3UKnVkD4zW/5YhpUGF62nlqLkZhNZgq0h9eB3UynGZM=","timestamp":"2025-11-15T19:36:35.359447865","serviceType":"UNDEFINED","agencyInformation":{"clientCode":"BEAUTYT","branchOfficeCode":"999","taxApplicationType":"ISC","taxRate":0,"paymentType":"PP","commission":{"currency":"EUR","rate":15}},"params":{"startDate":"2026-08-23","endDate":"2026-08-30","accomodation":{"rooms":[{"passengers":[{"age":30,"type":"ADULT"},{"age":30,"type":"ADULT"}]}]},"residentType":"NONE","numNights":0,"flightPa
[15-Nov-2025 18:36:35 UTC] [Soltour API info] Details response structure: {"has_budget":false,"has_details":true,"has_error":false,"error_msg":null}
[15-Nov-2025 18:36:36 UTC] [Soltour API info] Response from booking/details: {"availToken":"3UKnVkD4zW/5YhpUGF62nlqLkZhNZgq0h9eB3UynGZM=","timestamp":"2025-11-15T19:36:35.215000509","serviceType":"UNDEFINED","agencyInformation":{"clientCode":"BEAUTYT","branchOfficeCode":"999","taxApplicationType":"ISC","taxRate":0,"paymentType":"PP","commission":{"currency":"EUR","rate":15}},"params":{"startDate":"2026-08-23","endDate":"2026-08-30","accomodation":{"rooms":[{"passengers":[{"age":30,"type":"ADULT"},{"age":30,"type":"ADULT"}]}]},"residentType":"NONE","numNights":0,"flightPa
[15-Nov-2025 18:36:36 UTC] [Soltour API info] Details response structure: {"has_budget":false,"has_details":true,"has_error":false,"error_msg":null}
[15-Nov-2025 18:36:36 UTC] [Soltour API info] Response from booking/details: {"availToken":"3UKnVkD4zW/5YhpUGF62nlqLkZhNZgq0h9eB3UynGZM=","timestamp":"2025-11-15T19:36:36.126076670","serviceType":"UNDEFINED","agencyInformation":{"clientCode":"BEAUTYT","branchOfficeCode":"999","taxApplicationType":"ISC","taxRate":0,"paymentType":"PP","commission":{"currency":"EUR","rate":15}},"params":{"startDate":"2026-08-23","endDate":"2026-08-30","accomodation":{"rooms":[{"passengers":[{"age":30,"type":"ADULT"},{"age":30,"type":"ADULT"}]}]},"residentType":"NONE","numNights":0,"flightPa
[15-Nov-2025 18:36:36 UTC] [Soltour API info] Details response structure: {"has_budget":false,"has_details":true,"has_error":false,"error_msg":null}
[15-Nov-2025 18:36:36 UTC] [Soltour API info] Response from booking/details: {"availToken":"3UKnVkD4zW/5YhpUGF62nlqLkZhNZgq0h9eB3UynGZM=","timestamp":"2025-11-15T19:36:36.170804976","serviceType":"UNDEFINED","agencyInformation":{"clientCode":"BEAUTYT","branchOfficeCode":"999","taxApplicationType":"ISC","taxRate":0,"paymentType":"PP","commission":{"currency":"EUR","rate":15}},"params":{"startDate":"2026-08-23","endDate":"2026-08-30","accomodation":{"rooms":[{"passengers":[{"age":30,"type":"ADULT"},{"age":30,"type":"ADULT"}]}]},"residentType":"NONE","numNights":0,"flightPa
[15-Nov-2025 18:36:36 UTC] [Soltour API info] Details response structure: {"has_budget":false,"has_details":true,"has_error":false,"error_msg":null}
[15-Nov-2025 18:36:36 UTC] [Soltour API info] Response from booking/details: {"availToken":"3UKnVkD4zW/5YhpUGF62nlqLkZhNZgq0h9eB3UynGZM=","timestamp":"2025-11-15T19:36:36.229468670","serviceType":"UNDEFINED","agencyInformation":{"clientCode":"BEAUTYT","branchOfficeCode":"999","taxApplicationType":"ISC","taxRate":0,"paymentType":"PP","commission":{"currency":"EUR","rate":15}},"params":{"startDate":"2026-08-23","endDate":"2026-08-30","accomodation":{"rooms":[{"passengers":[{"age":30,"type":"ADULT"},{"age":30,"type":"ADULT"}]}]},"residentType":"NONE","numNights":0,"flightPa
[15-Nov-2025 18:36:36 UTC] [Soltour API info] Details response structure: {"has_budget":false,"has_details":true,"has_error":false,"error_msg":null}
[15-Nov-2025 18:36:37 UTC] Loaded file: blur_effects.php
[15-Nov-2025 18:36:37 UTC] Loaded file: rkit_post_duplicator.php
[15-Nov-2025 18:36:37 UTC] Loaded file: rkit_tool_tips.php
[15-Nov-2025 18:36:37 UTC] Loaded file: rkit_wrapper_link.php
[15-Nov-2025 18:36:37 UTC] Class not found: \RomethemeKit\Rkit_Custom_Cursor
[15-Nov-2025 18:36:37 UTC] Instantiated class: \RomethemeKit\RkitDuplicator
[15-Nov-2025 18:36:37 UTC] Instantiated class: \RomethemeKit\BlurEffects
[15-Nov-2025 18:36:37 UTC] Class not found: \RomethemeKit\Rkit_Sticky_Content
[15-Nov-2025 18:36:37 UTC] Instantiated class: \RomethemeKit\RkitToolTips
[15-Nov-2025 18:36:37 UTC] Instantiated class: \RomethemeKit\RkitWrapperLink
[15-Nov-2025 18:36:37 UTC] Loaded file: blur_effects.php
[15-Nov-2025 18:36:37 UTC] Loaded file: rkit_post_duplicator.php
[15-Nov-2025 18:36:37 UTC] Loaded file: rkit_tool_tips.php
[15-Nov-2025 18:36:37 UTC] Loaded file: rkit_wrapper_link.php
[15-Nov-2025 18:36:37 UTC] Class not found: \RomethemeKit\Rkit_Custom_Cursor
[15-Nov-2025 18:36:37 UTC] Instantiated class: \RomethemeKit\RkitDuplicator
[15-Nov-2025 18:36:37 UTC] Instantiated class: \RomethemeKit\BlurEffects
[15-Nov-2025 18:36:37 UTC] Class not found: \RomethemeKit\Rkit_Sticky_Content
[15-Nov-2025 18:36:37 UTC] Instantiated class: \RomethemeKit\RkitToolTips
[15-Nov-2025 18:36:37 UTC] Instantiated class: \RomethemeKit\RkitWrapperLink
[15-Nov-2025 18:36:37 UTC] [Soltour API info] Getting details for budget: H199374##TI##0$5413063724726930029@@100, hotel: H199374
[15-Nov-2025 18:36:37 UTC] [Soltour API info] Request to booking/details: {"productType":"PACKAGE","availToken":"3UKnVkD4zW\/5YhpUGF62nlqLkZhNZgq0h9eB3UynGZM=","budgetId":"H199374##TI##0$5413063724726930029@@100","hotelParams":{"hotelCode":"H199374","providerCode":"UNDEFINED"}}
[15-Nov-2025 18:36:37 UTC] [Soltour API info] Getting details for budget: H199373##TI##0$5025264689664181732@@100, hotel: H199373
[15-Nov-2025 18:36:37 UTC] [Soltour API info] Request to booking/details: {"productType":"PACKAGE","availToken":"3UKnVkD4zW\/5YhpUGF62nlqLkZhNZgq0h9eB3UynGZM=","budgetId":"H199373##TI##0$5025264689664181732@@100","hotelParams":{"hotelCode":"H199373","providerCode":"UNDEFINED"}}
[15-Nov-2025 18:36:38 UTC] [Soltour API info] Response from booking/details: {"availToken":"3UKnVkD4zW/5YhpUGF62nlqLkZhNZgq0h9eB3UynGZM=","timestamp":"2025-11-15T19:36:38.126995807","serviceType":"UNDEFINED","agencyInformation":{"clientCode":"BEAUTYT","branchOfficeCode":"999","taxApplicationType":"ISC","taxRate":0,"paymentType":"PP","commission":{"currency":"EUR","rate":15}},"params":{"startDate":"2026-08-23","endDate":"2026-08-30","accomodation":{"rooms":[{"passengers":[{"age":30,"type":"ADULT"},{"age":30,"type":"ADULT"}]}]},"residentType":"NONE","numNights":0,"flightPa
[15-Nov-2025 18:36:38 UTC] [Soltour API info] Details response structure: {"has_budget":false,"has_details":true,"has_error":false,"error_msg":null}
[15-Nov-2025 18:36:38 UTC] [Soltour API info] Response from booking/details: {"availToken":"3UKnVkD4zW/5YhpUGF62nlqLkZhNZgq0h9eB3UynGZM=","timestamp":"2025-11-15T19:36:38.162030509","serviceType":"UNDEFINED","agencyInformation":{"clientCode":"BEAUTYT","branchOfficeCode":"999","taxApplicationType":"ISC","taxRate":0,"paymentType":"PP","commission":{"currency":"EUR","rate":15}},"params":{"startDate":"2026-08-23","endDate":"2026-08-30","accomodation":{"rooms":[{"passengers":[{"age":30,"type":"ADULT"},{"age":30,"type":"ADULT"}]}]},"residentType":"NONE","numNights":0,"flightPa
[15-Nov-2025 18:36:38 UTC] [Soltour API info] Details response structure: {"has_budget":false,"has_details":true,"has_error":false,"error_msg":null}
[15-Nov-2025 18:36:43 UTC] Loaded file: blur_effects.php
[15-Nov-2025 18:36:43 UTC] Loaded file: rkit_post_duplicator.php
[15-Nov-2025 18:36:43 UTC] Loaded file: rkit_tool_tips.php
[15-Nov-2025 18:36:43 UTC] Loaded file: rkit_wrapper_link.php
[15-Nov-2025 18:36:43 UTC] Class not found: \RomethemeKit\Rkit_Custom_Cursor
[15-Nov-2025 18:36:43 UTC] Instantiated class: \RomethemeKit\RkitDuplicator
[15-Nov-2025 18:36:43 UTC] Instantiated class: \RomethemeKit\BlurEffects
[15-Nov-2025 18:36:43 UTC] Class not found: \RomethemeKit\Rkit_Sticky_Content
[15-Nov-2025 18:36:43 UTC] Instantiated class: \RomethemeKit\RkitToolTips
[15-Nov-2025 18:36:43 UTC] Instantiated class: \RomethemeKit\RkitWrapperLink
[15-Nov-2025 18:36:43 UTC] Loaded file: blur_effects.php
[15-Nov-2025 18:36:43 UTC] Loaded file: rkit_post_duplicator.php
[15-Nov-2025 18:36:43 UTC] Loaded file: rkit_tool_tips.php
[15-Nov-2025 18:36:43 UTC] Loaded file: rkit_wrapper_link.php
[15-Nov-2025 18:36:43 UTC] Class not found: \RomethemeKit\Rkit_Custom_Cursor
[15-Nov-2025 18:36:43 UTC] Instantiated class: \RomethemeKit\RkitDuplicator
[15-Nov-2025 18:36:43 UTC] Instantiated class: \RomethemeKit\BlurEffects
[15-Nov-2025 18:36:43 UTC] Class not found: \RomethemeKit\Rkit_Sticky_Content
[15-Nov-2025 18:36:43 UTC] Instantiated class: \RomethemeKit\RkitToolTips
[15-Nov-2025 18:36:43 UTC] Instantiated class: \RomethemeKit\RkitWrapperLink
[15-Nov-2025 18:36:48 UTC] Loaded file: blur_effects.php
[15-Nov-2025 18:36:48 UTC] Loaded file: rkit_post_duplicator.php
[15-Nov-2025 18:36:48 UTC] Loaded file: rkit_tool_tips.php
[15-Nov-2025 18:36:48 UTC] Loaded file: rkit_wrapper_link.php
[15-Nov-2025 18:36:48 UTC] Class not found: \RomethemeKit\Rkit_Custom_Cursor
[15-Nov-2025 18:36:48 UTC] Instantiated class: \RomethemeKit\RkitDuplicator
[15-Nov-2025 18:36:48 UTC] Instantiated class: \RomethemeKit\BlurEffects
[15-Nov-2025 18:36:48 UTC] Class not found: \RomethemeKit\Rkit_Sticky_Content
[15-Nov-2025 18:36:48 UTC] Instantiated class: \RomethemeKit\RkitToolTips
[15-Nov-2025 18:36:48 UTC] Instantiated class: \RomethemeKit\RkitWrapperLink
[15-Nov-2025 18:36:48 UTC] [Soltour API info] === CHECK ALLOWED SELLING ===
[15-Nov-2025 18:36:48 UTC] [Soltour API info] Request to booking/availability/checkAllowedSelling: []
[15-Nov-2025 18:36:49 UTC] [Soltour API info] Response from booking/availability/checkAllowedSelling: {"ok":false,"error":{"notLogged":false,"errorMessage":"Method 'checkAllowedSelling' not found."}}
[15-Nov-2025 18:36:49 UTC] [Soltour API info] CheckAllowedSelling response: {"ok":false,"error":{"notLogged":false,"errorMessage":"Method 'checkAllowedSelling' not found."}}
[15-Nov-2025 18:36:49 UTC] Loaded file: blur_effects.php
[15-Nov-2025 18:36:49 UTC] Loaded file: rkit_post_duplicator.php
[15-Nov-2025 18:36:49 UTC] Loaded file: rkit_tool_tips.php
[15-Nov-2025 18:36:49 UTC] Loaded file: rkit_wrapper_link.php
[15-Nov-2025 18:36:49 UTC] Class not found: \RomethemeKit\Rkit_Custom_Cursor
[15-Nov-2025 18:36:49 UTC] Instantiated class: \RomethemeKit\RkitDuplicator
[15-Nov-2025 18:36:49 UTC] Instantiated class: \RomethemeKit\BlurEffects
[15-Nov-2025 18:36:49 UTC] Class not found: \RomethemeKit\Rkit_Sticky_Content
[15-Nov-2025 18:36:49 UTC] Instantiated class: \RomethemeKit\RkitToolTips
[15-Nov-2025 18:36:49 UTC] Instantiated class: \RomethemeKit\RkitWrapperLink
[15-Nov-2025 18:36:49 UTC] [Soltour API info] ╔═══════════════════════════════════════════════════════════════════╗
[15-Nov-2025 18:36:49 UTC] [Soltour API info] ║      🎯 SOLTOUR - PREPARE QUOTE - VALIDAÇÃO INTERMEDIÁRIA        ║
[15-Nov-2025 18:36:49 UTC] [Soltour API info] ╚═══════════════════════════════════════════════════════════════════╝
[15-Nov-2025 18:36:49 UTC] [Soltour API info] 📥 DADOS RECEBIDOS DO FRONTEND:
[15-Nov-2025 18:36:49 UTC] [Soltour API info]   ├─ availToken: 3UKnVkD4zW/5YhpUGF62...
[15-Nov-2025 18:36:49 UTC] [Soltour API info]   ├─ budgetId (RAW): H199543##SA##0$4895137652498324936@@100
[15-Nov-2025 18:36:49 UTC] [Soltour API info]   ├─ budgetId (strlen): 39
[15-Nov-2025 18:36:49 UTC] [Soltour API info]   ├─ hotelCode: H199543
[15-Nov-2025 18:36:49 UTC] [Soltour API info]   └─ providerCode: UNDEFINED
[15-Nov-2025 18:36:49 UTC] [Soltour API info] 
[15-Nov-2025 18:36:49 UTC] [Soltour API info] 🎫 Gerando cotação oficial com /booking/quote...
[15-Nov-2025 18:36:49 UTC] [Soltour API info]   └─ Endpoint: POST /booking/quote
[15-Nov-2025 18:36:49 UTC] [Soltour API info]   └─ budgetIds: [H199543##SA##0$4895137652498324936@@100]
[15-Nov-2025 18:36:49 UTC] [Soltour API info] Request to booking/quote: {"productType":"PACKAGE","availToken":"3UKnVkD4zW\/5YhpUGF62nlqLkZhNZgq0h9eB3UynGZM=","budgetIds":["H199543##SA##0$4895137652498324936@@100"]}
[15-Nov-2025 18:36:57 UTC] [Soltour API info] Response from booking/quote: {"productType":"PACKAGE","availToken":"3UKnVkD4zW/5YhpUGF62nlqLkZhNZgq0h9eB3UynGZM=","timestamp":"2025-11-15T19:36:50.164935072","serviceType":"UNDEFINED","agencyInformation":{"clientCode":"BEAUTYT","branchOfficeCode":"999","taxApplicationType":"ISC","taxRate":0,"paymentType":"PP","commission":{"currency":"EUR","rate":15},"overCommission":{"currency":"EUR","fixedAmount":0,"rate":2,"ruleCode":"Over 2%"}},"budget":{"booked":false,"selected":false,"hotelServices":[{"responseId":"HbqNFBURdpRUuIal591
[15-Nov-2025 18:36:57 UTC] [Soltour API info] 📋 RESPOSTA quote:
[15-Nov-2025 18:36:57 UTC] [Soltour API info]   ├─ budget: SIM ✅
[15-Nov-2025 18:36:57 UTC] [Soltour API info]   ├─ quoteToken: NÃO ❌
[15-Nov-2025 18:36:57 UTC] [Soltour API info]   ├─ insurances: 1
[15-Nov-2025 18:36:57 UTC] [Soltour API info]   ├─ extras: 0
[15-Nov-2025 18:36:57 UTC] [Soltour API info]   ├─ importantInformation: 8
[15-Nov-2025 18:36:57 UTC] [Soltour API info]   ├─ cancellationChargeServices: 0
[15-Nov-2025 18:36:57 UTC] [Soltour API info] 
[15-Nov-2025 18:36:57 UTC] [Soltour API info] ✅ SUCESSO! Cotação gerada com sucesso
[15-Nov-2025 18:36:57 UTC] [Soltour API info] 📤 RETORNANDO DADOS PARA FRONTEND:
[15-Nov-2025 18:36:57 UTC] [Soltour API info]   ├─ quote: COMPLETO
[15-Nov-2025 18:36:57 UTC] [Soltour API info]   ├─ quoteToken: GERADO
[15-Nov-2025 18:36:57 UTC] [Soltour API info]   └─ budget: VÁLIDO
[15-Nov-2025 18:36:57 UTC] [Soltour API info] ╚═══════════════════════════════════════════════════════════════════╝
[15-Nov-2025 18:36:58 UTC] Loaded file: blur_effects.php
[15-Nov-2025 18:36:58 UTC] Loaded file: rkit_post_duplicator.php
[15-Nov-2025 18:36:58 UTC] Loaded file: rkit_tool_tips.php
[15-Nov-2025 18:36:58 UTC] Loaded file: rkit_wrapper_link.php
[15-Nov-2025 18:36:58 UTC] Class not found: \RomethemeKit\Rkit_Custom_Cursor
[15-Nov-2025 18:36:58 UTC] Instantiated class: \RomethemeKit\RkitDuplicator
[15-Nov-2025 18:36:58 UTC] Instantiated class: \RomethemeKit\BlurEffects
[15-Nov-2025 18:36:58 UTC] Class not found: \RomethemeKit\Rkit_Sticky_Content
[15-Nov-2025 18:36:58 UTC] Instantiated class: \RomethemeKit\RkitToolTips
[15-Nov-2025 18:36:58 UTC] Instantiated class: \RomethemeKit\RkitWrapperLink
[15-Nov-2025 18:37:03 UTC] Loaded file: blur_effects.php
[15-Nov-2025 18:37:03 UTC] Loaded file: rkit_post_duplicator.php
[15-Nov-2025 18:37:03 UTC] Loaded file: rkit_tool_tips.php
[15-Nov-2025 18:37:03 UTC] Loaded file: rkit_wrapper_link.php
[15-Nov-2025 18:37:03 UTC] Class not found: \RomethemeKit\Rkit_Custom_Cursor
[15-Nov-2025 18:37:03 UTC] Instantiated class: \RomethemeKit\RkitDuplicator
[15-Nov-2025 18:37:03 UTC] Instantiated class: \RomethemeKit\BlurEffects
[15-Nov-2025 18:37:03 UTC] Class not found: \RomethemeKit\Rkit_Sticky_Content
[15-Nov-2025 18:37:03 UTC] Instantiated class: \RomethemeKit\RkitToolTips
[15-Nov-2025 18:37:03 UTC] Instantiated class: \RomethemeKit\RkitWrapperLink
