[13-Nov-2025 16:10:25 UTC] Loaded file: blur_effects.php
[13-Nov-2025 16:10:25 UTC] Loaded file: rkit_post_duplicator.php
[13-Nov-2025 16:10:25 UTC] Loaded file: rkit_tool_tips.php
[13-Nov-2025 16:10:25 UTC] Loaded file: rkit_wrapper_link.php
[13-Nov-2025 16:10:25 UTC] Class not found: \RomethemeKit\Rkit_Custom_Cursor
[13-Nov-2025 16:10:25 UTC] Instantiated class: \RomethemeKit\RkitDuplicator
[13-Nov-2025 16:10:25 UTC] Instantiated class: \RomethemeKit\BlurEffects
[13-Nov-2025 16:10:25 UTC] Class not found: \RomethemeKit\Rkit_Sticky_Content
[13-Nov-2025 16:10:25 UTC] Instantiated class: \RomethemeKit\RkitToolTips
[13-Nov-2025 16:10:25 UTC] Instantiated class: \RomethemeKit\RkitWrapperLink
[13-Nov-2025 16:10:26 UTC] Loaded file: blur_effects.php
[13-Nov-2025 16:10:26 UTC] Loaded file: rkit_post_duplicator.php
[13-Nov-2025 16:10:26 UTC] Loaded file: rkit_tool_tips.php
[13-Nov-2025 16:10:26 UTC] Loaded file: rkit_wrapper_link.php
[13-Nov-2025 16:10:26 UTC] Class not found: \RomethemeKit\Rkit_Custom_Cursor
[13-Nov-2025 16:10:26 UTC] Instantiated class: \RomethemeKit\RkitDuplicator
[13-Nov-2025 16:10:26 UTC] Instantiated class: \RomethemeKit\BlurEffects
[13-Nov-2025 16:10:26 UTC] Class not found: \RomethemeKit\Rkit_Sticky_Content
[13-Nov-2025 16:10:26 UTC] Instantiated class: \RomethemeKit\RkitToolTips
[13-Nov-2025 16:10:26 UTC] Instantiated class: \RomethemeKit\RkitWrapperLink
[13-Nov-2025 16:10:31 UTC] Loaded file: blur_effects.php
[13-Nov-2025 16:10:31 UTC] Loaded file: rkit_post_duplicator.php
[13-Nov-2025 16:10:31 UTC] Loaded file: rkit_tool_tips.php
[13-Nov-2025 16:10:31 UTC] Loaded file: rkit_wrapper_link.php
[13-Nov-2025 16:10:31 UTC] Class not found: \RomethemeKit\Rkit_Custom_Cursor
[13-Nov-2025 16:10:31 UTC] Instantiated class: \RomethemeKit\RkitDuplicator
[13-Nov-2025 16:10:31 UTC] Instantiated class: \RomethemeKit\BlurEffects
[13-Nov-2025 16:10:31 UTC] Class not found: \RomethemeKit\Rkit_Sticky_Content
[13-Nov-2025 16:10:31 UTC] Instantiated class: \RomethemeKit\RkitToolTips
[13-Nov-2025 16:10:31 UTC] Instantiated class: \RomethemeKit\RkitWrapperLink
[13-Nov-2025 16:10:31 UTC] Loaded file: blur_effects.php
[13-Nov-2025 16:10:31 UTC] Loaded file: rkit_post_duplicator.php
[13-Nov-2025 16:10:31 UTC] Loaded file: rkit_tool_tips.php
[13-Nov-2025 16:10:31 UTC] Loaded file: rkit_wrapper_link.php
[13-Nov-2025 16:10:31 UTC] Class not found: \RomethemeKit\Rkit_Custom_Cursor
[13-Nov-2025 16:10:31 UTC] Instantiated class: \RomethemeKit\RkitDuplicator
[13-Nov-2025 16:10:31 UTC] Instantiated class: \RomethemeKit\BlurEffects
[13-Nov-2025 16:10:31 UTC] Class not found: \RomethemeKit\Rkit_Sticky_Content
[13-Nov-2025 16:10:31 UTC] Instantiated class: \RomethemeKit\RkitToolTips
[13-Nov-2025 16:10:31 UTC] Instantiated class: \RomethemeKit\RkitWrapperLink
[13-Nov-2025 16:10:38 UTC] Loaded file: blur_effects.php
[13-Nov-2025 16:10:38 UTC] Loaded file: rkit_post_duplicator.php
[13-Nov-2025 16:10:38 UTC] Loaded file: rkit_tool_tips.php
[13-Nov-2025 16:10:38 UTC] Loaded file: rkit_wrapper_link.php
[13-Nov-2025 16:10:38 UTC] Class not found: \RomethemeKit\Rkit_Custom_Cursor
[13-Nov-2025 16:10:38 UTC] Instantiated class: \RomethemeKit\RkitDuplicator
[13-Nov-2025 16:10:38 UTC] Instantiated class: \RomethemeKit\BlurEffects
[13-Nov-2025 16:10:38 UTC] Class not found: \RomethemeKit\Rkit_Sticky_Content
[13-Nov-2025 16:10:38 UTC] Instantiated class: \RomethemeKit\RkitToolTips
[13-Nov-2025 16:10:38 UTC] Instantiated class: \RomethemeKit\RkitWrapperLink
[13-Nov-2025 16:10:42 UTC] Loaded file: blur_effects.php
[13-Nov-2025 16:10:42 UTC] Loaded file: rkit_post_duplicator.php
[13-Nov-2025 16:10:42 UTC] Loaded file: rkit_tool_tips.php
[13-Nov-2025 16:10:42 UTC] Loaded file: rkit_wrapper_link.php
[13-Nov-2025 16:10:42 UTC] Class not found: \RomethemeKit\Rkit_Custom_Cursor
[13-Nov-2025 16:10:42 UTC] Instantiated class: \RomethemeKit\RkitDuplicator
[13-Nov-2025 16:10:42 UTC] Instantiated class: \RomethemeKit\BlurEffects
[13-Nov-2025 16:10:42 UTC] Class not found: \RomethemeKit\Rkit_Sticky_Content
[13-Nov-2025 16:10:42 UTC] Instantiated class: \RomethemeKit\RkitToolTips
[13-Nov-2025 16:10:42 UTC] Instantiated class: \RomethemeKit\RkitWrapperLink
[13-Nov-2025 16:10:42 UTC] Loaded file: blur_effects.php
[13-Nov-2025 16:10:42 UTC] Loaded file: rkit_post_duplicator.php
[13-Nov-2025 16:10:42 UTC] Loaded file: rkit_tool_tips.php
[13-Nov-2025 16:10:42 UTC] Loaded file: rkit_wrapper_link.php
[13-Nov-2025 16:10:42 UTC] Class not found: \RomethemeKit\Rkit_Custom_Cursor
[13-Nov-2025 16:10:42 UTC] Instantiated class: \RomethemeKit\RkitDuplicator
[13-Nov-2025 16:10:42 UTC] Instantiated class: \RomethemeKit\BlurEffects
[13-Nov-2025 16:10:42 UTC] Class not found: \RomethemeKit\Rkit_Sticky_Content
[13-Nov-2025 16:10:42 UTC] Instantiated class: \RomethemeKit\RkitToolTips
[13-Nov-2025 16:10:42 UTC] Instantiated class: \RomethemeKit\RkitWrapperLink
[13-Nov-2025 16:10:43 UTC] Soltour Booking V2: Plugin ativado com sucesso
[13-Nov-2025 16:10:43 UTC] Loaded file: blur_effects.php
[13-Nov-2025 16:10:43 UTC] Loaded file: rkit_post_duplicator.php
[13-Nov-2025 16:10:43 UTC] Loaded file: rkit_tool_tips.php
[13-Nov-2025 16:10:43 UTC] Loaded file: rkit_wrapper_link.php
[13-Nov-2025 16:10:43 UTC] Class not found: \RomethemeKit\Rkit_Custom_Cursor
[13-Nov-2025 16:10:43 UTC] Instantiated class: \RomethemeKit\RkitDuplicator
[13-Nov-2025 16:10:43 UTC] Instantiated class: \RomethemeKit\BlurEffects
[13-Nov-2025 16:10:43 UTC] Class not found: \RomethemeKit\Rkit_Sticky_Content
[13-Nov-2025 16:10:43 UTC] Instantiated class: \RomethemeKit\RkitToolTips
[13-Nov-2025 16:10:43 UTC] Instantiated class: \RomethemeKit\RkitWrapperLink
[13-Nov-2025 16:10:43 UTC] [Soltour API info] Request to login/login: {"brand":"SOLTOUR","market":"XMLPT","languageCode":"PT","username":"BEAUTYT999","password":"XMLBEAUTYT999"}
[13-Nov-2025 16:10:46 UTC] [Soltour API info] Response from login/login: {"sessionToken":"eyJhbGciOiJIUzI1NiIsInR5cCI6IkpXVCJ9.eyJ1IjoiQkVBVVRZVDk5OSIsImRiaSI6IjQwMDM2Mzc5IiwiYiI6IlNPTFRPVVIiLCJtIjoiWE1MUFQiLCJsbmciOiJQVCIsImNsIjoiQkVBVVRZVCIsIm9mIjoiOTk5IiwiYXBwIjpudWxsLCJtYWlsIjoiY3VuaGFAYmVhdXR5dHJhdmVsLnB0IiwicmwiOlsiQUdFTkNJQSIsIkNPTVVOIiwiQ09OU1VMVEEiLCJGQUNUVVJBQ0lPTiIsIk5FV19XRUIiXSwidG0iOjE3NjMwNTAyNDQyMDUsInN0cHRtIjpudWxsLCJzdHBqd3QiOm51bGwsInN0cGlkIjpudWxsLCJvdmMiOmZhbHNlLCJzZWxsIjp0cnVlLCJhcHQiOm51bGwsImRldCI6dHJ1ZSwibmV4cCI6dHJ1ZSwic2VpeiI6ZmFsc2UsInVhZ0
[13-Nov-2025 16:10:46 UTC] [Soltour API info] Session token obtido com sucesso
[13-Nov-2025 16:10:49 UTC] Loaded file: blur_effects.php
[13-Nov-2025 16:10:49 UTC] Loaded file: rkit_post_duplicator.php
[13-Nov-2025 16:10:49 UTC] Loaded file: rkit_tool_tips.php
[13-Nov-2025 16:10:49 UTC] Loaded file: rkit_wrapper_link.php
[13-Nov-2025 16:10:49 UTC] Class not found: \RomethemeKit\Rkit_Custom_Cursor
[13-Nov-2025 16:10:49 UTC] Instantiated class: \RomethemeKit\RkitDuplicator
[13-Nov-2025 16:10:49 UTC] Instantiated class: \RomethemeKit\BlurEffects
[13-Nov-2025 16:10:49 UTC] Class not found: \RomethemeKit\Rkit_Sticky_Content
[13-Nov-2025 16:10:49 UTC] Instantiated class: \RomethemeKit\RkitToolTips
[13-Nov-2025 16:10:49 UTC] Instantiated class: \RomethemeKit\RkitWrapperLink
[13-Nov-2025 16:10:49 UTC] Loaded file: blur_effects.php
[13-Nov-2025 16:10:49 UTC] Loaded file: rkit_post_duplicator.php
[13-Nov-2025 16:10:49 UTC] Loaded file: rkit_tool_tips.php
[13-Nov-2025 16:10:49 UTC] Loaded file: rkit_wrapper_link.php
[13-Nov-2025 16:10:49 UTC] Class not found: \RomethemeKit\Rkit_Custom_Cursor
[13-Nov-2025 16:10:49 UTC] Instantiated class: \RomethemeKit\RkitDuplicator
[13-Nov-2025 16:10:49 UTC] Instantiated class: \RomethemeKit\BlurEffects
[13-Nov-2025 16:10:49 UTC] Class not found: \RomethemeKit\Rkit_Sticky_Content
[13-Nov-2025 16:10:49 UTC] Instantiated class: \RomethemeKit\RkitToolTips
[13-Nov-2025 16:10:49 UTC] Instantiated class: \RomethemeKit\RkitWrapperLink
[13-Nov-2025 16:10:52 UTC] Loaded file: blur_effects.php
[13-Nov-2025 16:10:52 UTC] Loaded file: rkit_post_duplicator.php
[13-Nov-2025 16:10:52 UTC] Loaded file: rkit_tool_tips.php
[13-Nov-2025 16:10:52 UTC] Loaded file: rkit_wrapper_link.php
[13-Nov-2025 16:10:52 UTC] Class not found: \RomethemeKit\Rkit_Custom_Cursor
[13-Nov-2025 16:10:52 UTC] Instantiated class: \RomethemeKit\RkitDuplicator
[13-Nov-2025 16:10:52 UTC] Instantiated class: \RomethemeKit\BlurEffects
[13-Nov-2025 16:10:52 UTC] Class not found: \RomethemeKit\Rkit_Sticky_Content
[13-Nov-2025 16:10:52 UTC] Instantiated class: \RomethemeKit\RkitToolTips
[13-Nov-2025 16:10:52 UTC] Instantiated class: \RomethemeKit\RkitWrapperLink
[13-Nov-2025 16:10:52 UTC] Loaded file: blur_effects.php
[13-Nov-2025 16:10:52 UTC] Loaded file: rkit_post_duplicator.php
[13-Nov-2025 16:10:52 UTC] Loaded file: rkit_tool_tips.php
[13-Nov-2025 16:10:52 UTC] Loaded file: rkit_wrapper_link.php
[13-Nov-2025 16:10:52 UTC] Class not found: \RomethemeKit\Rkit_Custom_Cursor
[13-Nov-2025 16:10:52 UTC] Instantiated class: \RomethemeKit\RkitDuplicator
[13-Nov-2025 16:10:52 UTC] Instantiated class: \RomethemeKit\BlurEffects
[13-Nov-2025 16:10:52 UTC] Class not found: \RomethemeKit\Rkit_Sticky_Content
[13-Nov-2025 16:10:52 UTC] Instantiated class: \RomethemeKit\RkitToolTips
[13-Nov-2025 16:10:52 UTC] Instantiated class: \RomethemeKit\RkitWrapperLink
[13-Nov-2025 16:10:53 UTC] Loaded file: blur_effects.php
[13-Nov-2025 16:10:53 UTC] Loaded file: rkit_post_duplicator.php
[13-Nov-2025 16:10:53 UTC] Loaded file: rkit_tool_tips.php
[13-Nov-2025 16:10:53 UTC] Loaded file: rkit_wrapper_link.php
[13-Nov-2025 16:10:53 UTC] Class not found: \RomethemeKit\Rkit_Custom_Cursor
[13-Nov-2025 16:10:53 UTC] Instantiated class: \RomethemeKit\RkitDuplicator
[13-Nov-2025 16:10:53 UTC] Instantiated class: \RomethemeKit\BlurEffects
[13-Nov-2025 16:10:53 UTC] Class not found: \RomethemeKit\Rkit_Sticky_Content
[13-Nov-2025 16:10:53 UTC] Instantiated class: \RomethemeKit\RkitToolTips
[13-Nov-2025 16:10:53 UTC] Instantiated class: \RomethemeKit\RkitWrapperLink
[13-Nov-2025 16:10:53 UTC] Loaded file: blur_effects.php
[13-Nov-2025 16:10:53 UTC] Loaded file: rkit_post_duplicator.php
[13-Nov-2025 16:10:53 UTC] Loaded file: rkit_tool_tips.php
[13-Nov-2025 16:10:53 UTC] Loaded file: rkit_wrapper_link.php
[13-Nov-2025 16:10:53 UTC] Class not found: \RomethemeKit\Rkit_Custom_Cursor
[13-Nov-2025 16:10:53 UTC] Instantiated class: \RomethemeKit\RkitDuplicator
[13-Nov-2025 16:10:53 UTC] Instantiated class: \RomethemeKit\BlurEffects
[13-Nov-2025 16:10:53 UTC] Class not found: \RomethemeKit\Rkit_Sticky_Content
[13-Nov-2025 16:10:53 UTC] Instantiated class: \RomethemeKit\RkitToolTips
[13-Nov-2025 16:10:53 UTC] Instantiated class: \RomethemeKit\RkitWrapperLink
[13-Nov-2025 16:10:54 UTC] Loaded file: blur_effects.php
[13-Nov-2025 16:10:54 UTC] Loaded file: rkit_post_duplicator.php
[13-Nov-2025 16:10:54 UTC] Loaded file: rkit_tool_tips.php
[13-Nov-2025 16:10:54 UTC] Loaded file: rkit_wrapper_link.php
[13-Nov-2025 16:10:54 UTC] Class not found: \RomethemeKit\Rkit_Custom_Cursor
[13-Nov-2025 16:10:54 UTC] Instantiated class: \RomethemeKit\RkitDuplicator
[13-Nov-2025 16:10:54 UTC] Instantiated class: \RomethemeKit\BlurEffects
[13-Nov-2025 16:10:54 UTC] Class not found: \RomethemeKit\Rkit_Sticky_Content
[13-Nov-2025 16:10:54 UTC] Instantiated class: \RomethemeKit\RkitToolTips
[13-Nov-2025 16:10:54 UTC] Instantiated class: \RomethemeKit\RkitWrapperLink
[13-Nov-2025 16:10:59 UTC] Loaded file: blur_effects.php
[13-Nov-2025 16:10:59 UTC] Loaded file: rkit_post_duplicator.php
[13-Nov-2025 16:10:59 UTC] Loaded file: rkit_tool_tips.php
[13-Nov-2025 16:10:59 UTC] Loaded file: rkit_wrapper_link.php
[13-Nov-2025 16:10:59 UTC] Class not found: \RomethemeKit\Rkit_Custom_Cursor
[13-Nov-2025 16:10:59 UTC] Instantiated class: \RomethemeKit\RkitDuplicator
[13-Nov-2025 16:10:59 UTC] Instantiated class: \RomethemeKit\BlurEffects
[13-Nov-2025 16:10:59 UTC] Class not found: \RomethemeKit\Rkit_Sticky_Content
[13-Nov-2025 16:10:59 UTC] Instantiated class: \RomethemeKit\RkitToolTips
[13-Nov-2025 16:10:59 UTC] Instantiated class: \RomethemeKit\RkitWrapperLink
[13-Nov-2025 16:10:59 UTC] Loaded file: blur_effects.php
[13-Nov-2025 16:10:59 UTC] Loaded file: rkit_post_duplicator.php
[13-Nov-2025 16:10:59 UTC] Loaded file: rkit_tool_tips.php
[13-Nov-2025 16:10:59 UTC] Loaded file: rkit_wrapper_link.php
[13-Nov-2025 16:10:59 UTC] Class not found: \RomethemeKit\Rkit_Custom_Cursor
[13-Nov-2025 16:10:59 UTC] Instantiated class: \RomethemeKit\RkitDuplicator
[13-Nov-2025 16:10:59 UTC] Instantiated class: \RomethemeKit\BlurEffects
[13-Nov-2025 16:10:59 UTC] Class not found: \RomethemeKit\Rkit_Sticky_Content
[13-Nov-2025 16:10:59 UTC] Instantiated class: \RomethemeKit\RkitToolTips
[13-Nov-2025 16:10:59 UTC] Instantiated class: \RomethemeKit\RkitWrapperLink
[13-Nov-2025 16:11:03 UTC] Loaded file: blur_effects.php
[13-Nov-2025 16:11:03 UTC] Loaded file: rkit_post_duplicator.php
[13-Nov-2025 16:11:03 UTC] Loaded file: rkit_tool_tips.php
[13-Nov-2025 16:11:03 UTC] Loaded file: rkit_wrapper_link.php
[13-Nov-2025 16:11:03 UTC] Class not found: \RomethemeKit\Rkit_Custom_Cursor
[13-Nov-2025 16:11:03 UTC] Instantiated class: \RomethemeKit\RkitDuplicator
[13-Nov-2025 16:11:03 UTC] Instantiated class: \RomethemeKit\BlurEffects
[13-Nov-2025 16:11:03 UTC] Class not found: \RomethemeKit\Rkit_Sticky_Content
[13-Nov-2025 16:11:03 UTC] Instantiated class: \RomethemeKit\RkitToolTips
[13-Nov-2025 16:11:03 UTC] Instantiated class: \RomethemeKit\RkitWrapperLink
[13-Nov-2025 16:11:03 UTC] [Soltour API info] Request to master/getAllOrigins: {"productType":"PACKAGE","destinationCode":"PUJ"}
[13-Nov-2025 16:11:04 UTC] [Soltour API info] Response from master/getAllOrigins: {"origins":[{"code":"LCG","name":"A Coruña","airportType":"AIRPORT","destinationCode":"LCG","destinationName":"LA CORUNA","description":"A Coruña","dynamic":false},{"code":"ABC","name":"Albacete","airportType":"AIRPORT","description":"Albacete","dynamic":false},{"code":"ALC","name":"Alicante","airportType":"AIRPORT","destinationCode":"ALC","destinationName":"ALICANTE","description":"Alicante","dynamic":false},{"code":"LEI","name":"Almería","airportType":"AIRPORT","destinationCode":"LEI","dest
[13-Nov-2025 16:11:10 UTC] Loaded file: blur_effects.php
[13-Nov-2025 16:11:10 UTC] Loaded file: rkit_post_duplicator.php
[13-Nov-2025 16:11:10 UTC] Loaded file: rkit_tool_tips.php
[13-Nov-2025 16:11:10 UTC] Loaded file: rkit_wrapper_link.php
[13-Nov-2025 16:11:10 UTC] Class not found: \RomethemeKit\Rkit_Custom_Cursor
[13-Nov-2025 16:11:10 UTC] Instantiated class: \RomethemeKit\RkitDuplicator
[13-Nov-2025 16:11:10 UTC] Instantiated class: \RomethemeKit\BlurEffects
[13-Nov-2025 16:11:10 UTC] Class not found: \RomethemeKit\Rkit_Sticky_Content
[13-Nov-2025 16:11:10 UTC] Instantiated class: \RomethemeKit\RkitToolTips
[13-Nov-2025 16:11:10 UTC] Instantiated class: \RomethemeKit\RkitWrapperLink
[13-Nov-2025 16:11:15 UTC] Loaded file: blur_effects.php
[13-Nov-2025 16:11:15 UTC] Loaded file: rkit_post_duplicator.php
[13-Nov-2025 16:11:15 UTC] Loaded file: rkit_tool_tips.php
[13-Nov-2025 16:11:15 UTC] Loaded file: rkit_wrapper_link.php
[13-Nov-2025 16:11:15 UTC] Class not found: \RomethemeKit\Rkit_Custom_Cursor
[13-Nov-2025 16:11:15 UTC] Instantiated class: \RomethemeKit\RkitDuplicator
[13-Nov-2025 16:11:15 UTC] Instantiated class: \RomethemeKit\BlurEffects
[13-Nov-2025 16:11:15 UTC] Class not found: \RomethemeKit\Rkit_Sticky_Content
[13-Nov-2025 16:11:15 UTC] Instantiated class: \RomethemeKit\RkitToolTips
[13-Nov-2025 16:11:15 UTC] Instantiated class: \RomethemeKit\RkitWrapperLink
[13-Nov-2025 16:11:15 UTC] Loaded file: blur_effects.php
[13-Nov-2025 16:11:15 UTC] Loaded file: rkit_post_duplicator.php
[13-Nov-2025 16:11:15 UTC] Loaded file: rkit_tool_tips.php
[13-Nov-2025 16:11:15 UTC] Loaded file: rkit_wrapper_link.php
[13-Nov-2025 16:11:15 UTC] Class not found: \RomethemeKit\Rkit_Custom_Cursor
[13-Nov-2025 16:11:15 UTC] Instantiated class: \RomethemeKit\RkitDuplicator
[13-Nov-2025 16:11:15 UTC] Instantiated class: \RomethemeKit\BlurEffects
[13-Nov-2025 16:11:15 UTC] Class not found: \RomethemeKit\Rkit_Sticky_Content
[13-Nov-2025 16:11:15 UTC] Instantiated class: \RomethemeKit\RkitToolTips
[13-Nov-2025 16:11:15 UTC] Instantiated class: \RomethemeKit\RkitWrapperLink
[13-Nov-2025 16:11:16 UTC] [Soltour API info] === AJAX SEARCH PACKAGES CALLED ===
[13-Nov-2025 16:11:16 UTC] [Soltour API info] Params recebidos do frontend:
[13-Nov-2025 16:11:16 UTC] [Soltour API info]   - first_item: 0
[13-Nov-2025 16:11:16 UTC] [Soltour API info]   - item_count: 100
[13-Nov-2025 16:11:16 UTC] [Soltour API info] Params completos: {"originCode":"MAD","destinationCode":"PUJ","startDate":"2025-11-23","numNights":7,"rooms":[{"passengers":[{"type":"ADULT","age":30},{"type":"ADULT","age":30}]}],"productType":"PACKAGE","onlyHotel":"N","forceAvail":true,"firstItem":0,"itemCount":100}
[13-Nov-2025 16:11:16 UTC] [Soltour API info] Enviando para API Soltour (booking/availability):
[13-Nov-2025 16:11:16 UTC] [Soltour API info]   - criteria.pagination.firstItem: 0
[13-Nov-2025 16:11:16 UTC] [Soltour API info]   - criteria.pagination.itemCount: 100
[13-Nov-2025 16:11:16 UTC] [Soltour API info] Request to booking/availability: {"productType":"PACKAGE","onlyHotel":"N","forceAvail":true,"criteria":{"order":{"type":"PRICE","direction":"ASC"},"pagination":{"firstItem":0,"itemCount":100}},"languageCode":"PT","params":{"startDate":"2025-11-23","endDate":"2025-11-30","residentType":"NONE","accomodation":{"rooms":[{"passengers":[{"type":"ADULT","age":30},{"type":"ADULT","age":30}]}]},"hotelParams":{"destinationCode":"PUJ","includeImmediatePayment":true},"flightParams":{"itineraries":[{"origins":["MAD"],"destinations":["PUJ"]}],"directFlightsOnly":false,"includeImmediatePayment":true}}}
[13-Nov-2025 16:11:39 UTC] [Soltour API info] Response from booking/availability: {"productType":"PACKAGE","availToken":"5q2kf6K+iMX0e7qEpZoKbAD82BrHWeGrZjGFGqOI8U4=","timestamp":"2025-11-13T17:11:16.342788708","serviceType":"UNDEFINED","agencyInformation":{"clientCode":"BEAUTYT","branchOfficeCode":"999","taxApplicationType":"ISC","taxRate":0,"paymentType":"PP","commission":{"currency":"EUR","rate":15}},"budgets":[{"booked":false,"selected":false,"hotelServices":[{"responseId":"KTVKyJTMKlCMd0R1taYHYZZhTUbThnHYDMD7suEGGP4=","id":"80b4335a-a855-4940-bab7-fb8312da73a8","type":"H
[13-Nov-2025 16:11:39 UTC] [Soltour API info] Resposta da API Soltour:
[13-Nov-2025 16:11:39 UTC] [Soltour API info]   - budgets: 166
[13-Nov-2025 16:11:39 UTC] [Soltour API info]   - totalCount: 0
[13-Nov-2025 16:11:39 UTC] [Soltour API info]   - hotels: 27
[13-Nov-2025 16:11:39 UTC] [Soltour API info]   - availToken: SIM
[13-Nov-2025 16:12:06 UTC] Loaded file: blur_effects.php
[13-Nov-2025 16:12:06 UTC] Loaded file: rkit_post_duplicator.php
[13-Nov-2025 16:12:06 UTC] Loaded file: rkit_tool_tips.php
[13-Nov-2025 16:12:06 UTC] Loaded file: rkit_wrapper_link.php
[13-Nov-2025 16:12:06 UTC] Class not found: \RomethemeKit\Rkit_Custom_Cursor
[13-Nov-2025 16:12:06 UTC] Instantiated class: \RomethemeKit\RkitDuplicator
[13-Nov-2025 16:12:06 UTC] Instantiated class: \RomethemeKit\BlurEffects
[13-Nov-2025 16:12:06 UTC] Class not found: \RomethemeKit\Rkit_Sticky_Content
[13-Nov-2025 16:12:06 UTC] Instantiated class: \RomethemeKit\RkitToolTips
[13-Nov-2025 16:12:06 UTC] Instantiated class: \RomethemeKit\RkitWrapperLink
[13-Nov-2025 16:12:06 UTC] Loaded file: blur_effects.php
[13-Nov-2025 16:12:06 UTC] Loaded file: rkit_post_duplicator.php
[13-Nov-2025 16:12:06 UTC] Loaded file: rkit_tool_tips.php
[13-Nov-2025 16:12:06 UTC] Loaded file: rkit_wrapper_link.php
[13-Nov-2025 16:12:06 UTC] Class not found: \RomethemeKit\Rkit_Custom_Cursor
[13-Nov-2025 16:12:06 UTC] Instantiated class: \RomethemeKit\RkitDuplicator
[13-Nov-2025 16:12:06 UTC] Instantiated class: \RomethemeKit\BlurEffects
[13-Nov-2025 16:12:06 UTC] Class not found: \RomethemeKit\Rkit_Sticky_Content
[13-Nov-2025 16:12:06 UTC] Instantiated class: \RomethemeKit\RkitToolTips
[13-Nov-2025 16:12:06 UTC] Instantiated class: \RomethemeKit\RkitWrapperLink
