[13-Nov-2025 09:16:17 UTC] Loaded file: blur_effects.php
[13-Nov-2025 09:16:17 UTC] Loaded file: rkit_post_duplicator.php
[13-Nov-2025 09:16:17 UTC] Loaded file: rkit_tool_tips.php
[13-Nov-2025 09:16:17 UTC] Loaded file: rkit_wrapper_link.php
[13-Nov-2025 09:16:17 UTC] Class not found: \RomethemeKit\Rkit_Custom_Cursor
[13-Nov-2025 09:16:17 UTC] Instantiated class: \RomethemeKit\RkitDuplicator
[13-Nov-2025 09:16:17 UTC] Instantiated class: \RomethemeKit\BlurEffects
[13-Nov-2025 09:16:17 UTC] Class not found: \RomethemeKit\Rkit_Sticky_Content
[13-Nov-2025 09:16:17 UTC] Instantiated class: \RomethemeKit\RkitToolTips
[13-Nov-2025 09:16:17 UTC] Instantiated class: \RomethemeKit\RkitWrapperLink
[13-Nov-2025 09:16:17 UTC] Loaded file: blur_effects.php
[13-Nov-2025 09:16:17 UTC] Loaded file: rkit_post_duplicator.php
[13-Nov-2025 09:16:17 UTC] Loaded file: rkit_tool_tips.php
[13-Nov-2025 09:16:17 UTC] Loaded file: rkit_wrapper_link.php
[13-Nov-2025 09:16:17 UTC] Class not found: \RomethemeKit\Rkit_Custom_Cursor
[13-Nov-2025 09:16:17 UTC] Instantiated class: \RomethemeKit\RkitDuplicator
[13-Nov-2025 09:16:17 UTC] Instantiated class: \RomethemeKit\BlurEffects
[13-Nov-2025 09:16:17 UTC] Class not found: \RomethemeKit\Rkit_Sticky_Content
[13-Nov-2025 09:16:17 UTC] Instantiated class: \RomethemeKit\RkitToolTips
[13-Nov-2025 09:16:17 UTC] Instantiated class: \RomethemeKit\RkitWrapperLink
[13-Nov-2025 09:16:26 UTC] Loaded file: blur_effects.php
[13-Nov-2025 09:16:26 UTC] Loaded file: rkit_post_duplicator.php
[13-Nov-2025 09:16:26 UTC] Loaded file: rkit_tool_tips.php
[13-Nov-2025 09:16:26 UTC] Loaded file: rkit_wrapper_link.php
[13-Nov-2025 09:16:26 UTC] Class not found: \RomethemeKit\Rkit_Custom_Cursor
[13-Nov-2025 09:16:26 UTC] Instantiated class: \RomethemeKit\RkitDuplicator
[13-Nov-2025 09:16:26 UTC] Instantiated class: \RomethemeKit\BlurEffects
[13-Nov-2025 09:16:26 UTC] Class not found: \RomethemeKit\Rkit_Sticky_Content
[13-Nov-2025 09:16:26 UTC] Instantiated class: \RomethemeKit\RkitToolTips
[13-Nov-2025 09:16:26 UTC] Instantiated class: \RomethemeKit\RkitWrapperLink
[13-Nov-2025 09:16:27 UTC] Loaded file: blur_effects.php
[13-Nov-2025 09:16:27 UTC] Loaded file: rkit_post_duplicator.php
[13-Nov-2025 09:16:27 UTC] Loaded file: rkit_tool_tips.php
[13-Nov-2025 09:16:27 UTC] Loaded file: rkit_wrapper_link.php
[13-Nov-2025 09:16:27 UTC] Class not found: \RomethemeKit\Rkit_Custom_Cursor
[13-Nov-2025 09:16:27 UTC] Instantiated class: \RomethemeKit\RkitDuplicator
[13-Nov-2025 09:16:27 UTC] Instantiated class: \RomethemeKit\BlurEffects
[13-Nov-2025 09:16:27 UTC] Class not found: \RomethemeKit\Rkit_Sticky_Content
[13-Nov-2025 09:16:27 UTC] Instantiated class: \RomethemeKit\RkitToolTips
[13-Nov-2025 09:16:27 UTC] Instantiated class: \RomethemeKit\RkitWrapperLink
[13-Nov-2025 09:16:31 UTC] Loaded file: blur_effects.php
[13-Nov-2025 09:16:31 UTC] Loaded file: rkit_post_duplicator.php
[13-Nov-2025 09:16:31 UTC] Loaded file: rkit_tool_tips.php
[13-Nov-2025 09:16:31 UTC] Loaded file: rkit_wrapper_link.php
[13-Nov-2025 09:16:31 UTC] Class not found: \RomethemeKit\Rkit_Custom_Cursor
[13-Nov-2025 09:16:31 UTC] Instantiated class: \RomethemeKit\RkitDuplicator
[13-Nov-2025 09:16:31 UTC] Instantiated class: \RomethemeKit\BlurEffects
[13-Nov-2025 09:16:31 UTC] Class not found: \RomethemeKit\Rkit_Sticky_Content
[13-Nov-2025 09:16:31 UTC] Instantiated class: \RomethemeKit\RkitToolTips
[13-Nov-2025 09:16:31 UTC] Instantiated class: \RomethemeKit\RkitWrapperLink
[13-Nov-2025 09:16:32 UTC] Soltour Booking V2: Plugin ativado com sucesso
[13-Nov-2025 09:16:32 UTC] Loaded file: blur_effects.php
[13-Nov-2025 09:16:32 UTC] Loaded file: rkit_post_duplicator.php
[13-Nov-2025 09:16:32 UTC] Loaded file: rkit_tool_tips.php
[13-Nov-2025 09:16:32 UTC] Loaded file: rkit_wrapper_link.php
[13-Nov-2025 09:16:32 UTC] Class not found: \RomethemeKit\Rkit_Custom_Cursor
[13-Nov-2025 09:16:32 UTC] Instantiated class: \RomethemeKit\RkitDuplicator
[13-Nov-2025 09:16:32 UTC] Instantiated class: \RomethemeKit\BlurEffects
[13-Nov-2025 09:16:32 UTC] Class not found: \RomethemeKit\Rkit_Sticky_Content
[13-Nov-2025 09:16:32 UTC] Instantiated class: \RomethemeKit\RkitToolTips
[13-Nov-2025 09:16:32 UTC] Instantiated class: \RomethemeKit\RkitWrapperLink
[13-Nov-2025 09:16:32 UTC] [Soltour API info] Request to login/login: {"brand":"SOLTOUR","market":"XMLPT","languageCode":"PT","username":"BEAUTYT999","password":"XMLBEAUTYT999"}
[13-Nov-2025 09:16:33 UTC] [Soltour API info] Response from login/login: {"sessionToken":"eyJhbGciOiJIUzI1NiIsInR5cCI6IkpXVCJ9.eyJ1IjoiQkVBVVRZVDk5OSIsImRiaSI6IjQwMDM1MzYyIiwiYiI6IlNPTFRPVVIiLCJtIjoiWE1MUFQiLCJsbmciOiJQVCIsImNsIjoiQkVBVVRZVCIsIm9mIjoiOTk5IiwiYXBwIjpudWxsLCJtYWlsIjoiY3VuaGFAYmVhdXR5dHJhdmVsLnB0IiwicmwiOlsiQUdFTkNJQSIsIkNPTVVOIiwiQ09OU1VMVEEiLCJGQUNUVVJBQ0lPTiIsIk5FV19XRUIiXSwidG0iOjE3NjMwMjUzOTMwODQsInN0cHRtIjpudWxsLCJzdHBqd3QiOm51bGwsInN0cGlkIjpudWxsLCJvdmMiOmZhbHNlLCJzZWxsIjp0cnVlLCJhcHQiOm51bGwsImRldCI6dHJ1ZSwibmV4cCI6dHJ1ZSwic2VpeiI6ZmFsc2UsInVhZ0
[13-Nov-2025 09:16:33 UTC] [Soltour API info] Session token obtido com sucesso
[13-Nov-2025 09:16:35 UTC] Loaded file: blur_effects.php
[13-Nov-2025 09:16:35 UTC] Loaded file: rkit_post_duplicator.php
[13-Nov-2025 09:16:35 UTC] Loaded file: rkit_tool_tips.php
[13-Nov-2025 09:16:35 UTC] Loaded file: rkit_wrapper_link.php
[13-Nov-2025 09:16:35 UTC] Class not found: \RomethemeKit\Rkit_Custom_Cursor
[13-Nov-2025 09:16:35 UTC] Instantiated class: \RomethemeKit\RkitDuplicator
[13-Nov-2025 09:16:35 UTC] Instantiated class: \RomethemeKit\BlurEffects
[13-Nov-2025 09:16:35 UTC] Class not found: \RomethemeKit\Rkit_Sticky_Content
[13-Nov-2025 09:16:35 UTC] Instantiated class: \RomethemeKit\RkitToolTips
[13-Nov-2025 09:16:35 UTC] Instantiated class: \RomethemeKit\RkitWrapperLink
[13-Nov-2025 09:16:36 UTC] Loaded file: blur_effects.php
[13-Nov-2025 09:16:36 UTC] Loaded file: rkit_post_duplicator.php
[13-Nov-2025 09:16:36 UTC] Loaded file: rkit_tool_tips.php
[13-Nov-2025 09:16:36 UTC] Loaded file: rkit_wrapper_link.php
[13-Nov-2025 09:16:36 UTC] Class not found: \RomethemeKit\Rkit_Custom_Cursor
[13-Nov-2025 09:16:36 UTC] Instantiated class: \RomethemeKit\RkitDuplicator
[13-Nov-2025 09:16:36 UTC] Instantiated class: \RomethemeKit\BlurEffects
[13-Nov-2025 09:16:36 UTC] Class not found: \RomethemeKit\Rkit_Sticky_Content
[13-Nov-2025 09:16:36 UTC] Instantiated class: \RomethemeKit\RkitToolTips
[13-Nov-2025 09:16:36 UTC] Instantiated class: \RomethemeKit\RkitWrapperLink
[13-Nov-2025 09:16:36 UTC] Loaded file: blur_effects.php
[13-Nov-2025 09:16:36 UTC] Loaded file: rkit_post_duplicator.php
[13-Nov-2025 09:16:36 UTC] Loaded file: rkit_tool_tips.php
[13-Nov-2025 09:16:36 UTC] Loaded file: rkit_wrapper_link.php
[13-Nov-2025 09:16:36 UTC] Class not found: \RomethemeKit\Rkit_Custom_Cursor
[13-Nov-2025 09:16:36 UTC] Instantiated class: \RomethemeKit\RkitDuplicator
[13-Nov-2025 09:16:36 UTC] Instantiated class: \RomethemeKit\BlurEffects
[13-Nov-2025 09:16:36 UTC] Class not found: \RomethemeKit\Rkit_Sticky_Content
[13-Nov-2025 09:16:36 UTC] Instantiated class: \RomethemeKit\RkitToolTips
[13-Nov-2025 09:16:36 UTC] Instantiated class: \RomethemeKit\RkitWrapperLink
[13-Nov-2025 09:16:39 UTC] Loaded file: blur_effects.php
[13-Nov-2025 09:16:39 UTC] Loaded file: rkit_post_duplicator.php
[13-Nov-2025 09:16:39 UTC] Loaded file: rkit_tool_tips.php
[13-Nov-2025 09:16:39 UTC] Loaded file: rkit_wrapper_link.php
[13-Nov-2025 09:16:39 UTC] Class not found: \RomethemeKit\Rkit_Custom_Cursor
[13-Nov-2025 09:16:39 UTC] Instantiated class: \RomethemeKit\RkitDuplicator
[13-Nov-2025 09:16:39 UTC] Instantiated class: \RomethemeKit\BlurEffects
[13-Nov-2025 09:16:39 UTC] Class not found: \RomethemeKit\Rkit_Sticky_Content
[13-Nov-2025 09:16:39 UTC] Instantiated class: \RomethemeKit\RkitToolTips
[13-Nov-2025 09:16:39 UTC] Instantiated class: \RomethemeKit\RkitWrapperLink
[13-Nov-2025 09:16:40 UTC] Loaded file: blur_effects.php
[13-Nov-2025 09:16:40 UTC] Loaded file: rkit_post_duplicator.php
[13-Nov-2025 09:16:40 UTC] Loaded file: rkit_tool_tips.php
[13-Nov-2025 09:16:40 UTC] Loaded file: rkit_wrapper_link.php
[13-Nov-2025 09:16:40 UTC] Class not found: \RomethemeKit\Rkit_Custom_Cursor
[13-Nov-2025 09:16:40 UTC] Instantiated class: \RomethemeKit\RkitDuplicator
[13-Nov-2025 09:16:40 UTC] Instantiated class: \RomethemeKit\BlurEffects
[13-Nov-2025 09:16:40 UTC] Class not found: \RomethemeKit\Rkit_Sticky_Content
[13-Nov-2025 09:16:40 UTC] Instantiated class: \RomethemeKit\RkitToolTips
[13-Nov-2025 09:16:40 UTC] Instantiated class: \RomethemeKit\RkitWrapperLink
[13-Nov-2025 09:16:45 UTC] Loaded file: blur_effects.php
[13-Nov-2025 09:16:45 UTC] Loaded file: rkit_post_duplicator.php
[13-Nov-2025 09:16:45 UTC] Loaded file: rkit_tool_tips.php
[13-Nov-2025 09:16:45 UTC] Loaded file: rkit_wrapper_link.php
[13-Nov-2025 09:16:45 UTC] Class not found: \RomethemeKit\Rkit_Custom_Cursor
[13-Nov-2025 09:16:45 UTC] Instantiated class: \RomethemeKit\RkitDuplicator
[13-Nov-2025 09:16:45 UTC] Instantiated class: \RomethemeKit\BlurEffects
[13-Nov-2025 09:16:45 UTC] Class not found: \RomethemeKit\Rkit_Sticky_Content
[13-Nov-2025 09:16:45 UTC] Instantiated class: \RomethemeKit\RkitToolTips
[13-Nov-2025 09:16:45 UTC] Instantiated class: \RomethemeKit\RkitWrapperLink
[13-Nov-2025 09:16:45 UTC] Loaded file: blur_effects.php
[13-Nov-2025 09:16:45 UTC] Loaded file: rkit_post_duplicator.php
[13-Nov-2025 09:16:45 UTC] Loaded file: rkit_tool_tips.php
[13-Nov-2025 09:16:45 UTC] Loaded file: rkit_wrapper_link.php
[13-Nov-2025 09:16:45 UTC] Class not found: \RomethemeKit\Rkit_Custom_Cursor
[13-Nov-2025 09:16:45 UTC] Instantiated class: \RomethemeKit\RkitDuplicator
[13-Nov-2025 09:16:45 UTC] Instantiated class: \RomethemeKit\BlurEffects
[13-Nov-2025 09:16:45 UTC] Class not found: \RomethemeKit\Rkit_Sticky_Content
[13-Nov-2025 09:16:45 UTC] Instantiated class: \RomethemeKit\RkitToolTips
[13-Nov-2025 09:16:45 UTC] Instantiated class: \RomethemeKit\RkitWrapperLink
[13-Nov-2025 09:16:48 UTC] Loaded file: blur_effects.php
[13-Nov-2025 09:16:48 UTC] Loaded file: rkit_post_duplicator.php
[13-Nov-2025 09:16:48 UTC] Loaded file: rkit_tool_tips.php
[13-Nov-2025 09:16:48 UTC] Loaded file: rkit_wrapper_link.php
[13-Nov-2025 09:16:48 UTC] Class not found: \RomethemeKit\Rkit_Custom_Cursor
[13-Nov-2025 09:16:48 UTC] Instantiated class: \RomethemeKit\RkitDuplicator
[13-Nov-2025 09:16:48 UTC] Instantiated class: \RomethemeKit\BlurEffects
[13-Nov-2025 09:16:48 UTC] Class not found: \RomethemeKit\Rkit_Sticky_Content
[13-Nov-2025 09:16:48 UTC] Instantiated class: \RomethemeKit\RkitToolTips
[13-Nov-2025 09:16:48 UTC] Instantiated class: \RomethemeKit\RkitWrapperLink
[13-Nov-2025 09:16:50 UTC] Loaded file: blur_effects.php
[13-Nov-2025 09:16:50 UTC] Loaded file: rkit_post_duplicator.php
[13-Nov-2025 09:16:50 UTC] Loaded file: rkit_tool_tips.php
[13-Nov-2025 09:16:50 UTC] Loaded file: rkit_wrapper_link.php
[13-Nov-2025 09:16:50 UTC] Class not found: \RomethemeKit\Rkit_Custom_Cursor
[13-Nov-2025 09:16:50 UTC] Instantiated class: \RomethemeKit\RkitDuplicator
[13-Nov-2025 09:16:50 UTC] Instantiated class: \RomethemeKit\BlurEffects
[13-Nov-2025 09:16:50 UTC] Class not found: \RomethemeKit\Rkit_Sticky_Content
[13-Nov-2025 09:16:50 UTC] Instantiated class: \RomethemeKit\RkitToolTips
[13-Nov-2025 09:16:50 UTC] Instantiated class: \RomethemeKit\RkitWrapperLink
[13-Nov-2025 09:16:51 UTC] Loaded file: blur_effects.php
[13-Nov-2025 09:16:51 UTC] Loaded file: blur_effects.php
[13-Nov-2025 09:16:51 UTC] Loaded file: rkit_post_duplicator.php
[13-Nov-2025 09:16:51 UTC] Loaded file: rkit_post_duplicator.php
[13-Nov-2025 09:16:51 UTC] Loaded file: rkit_tool_tips.php
[13-Nov-2025 09:16:51 UTC] Loaded file: rkit_tool_tips.php
[13-Nov-2025 09:16:51 UTC] Loaded file: rkit_wrapper_link.php
[13-Nov-2025 09:16:51 UTC] Loaded file: rkit_wrapper_link.php
[13-Nov-2025 09:16:51 UTC] Class not found: \RomethemeKit\Rkit_Custom_Cursor
[13-Nov-2025 09:16:51 UTC] Class not found: \RomethemeKit\Rkit_Custom_Cursor
[13-Nov-2025 09:16:51 UTC] Instantiated class: \RomethemeKit\RkitDuplicator
[13-Nov-2025 09:16:51 UTC] Instantiated class: \RomethemeKit\RkitDuplicator
[13-Nov-2025 09:16:51 UTC] Instantiated class: \RomethemeKit\BlurEffects
[13-Nov-2025 09:16:51 UTC] Instantiated class: \RomethemeKit\BlurEffects
[13-Nov-2025 09:16:51 UTC] Class not found: \RomethemeKit\Rkit_Sticky_Content
[13-Nov-2025 09:16:51 UTC] Instantiated class: \RomethemeKit\RkitToolTips
[13-Nov-2025 09:16:51 UTC] Class not found: \RomethemeKit\Rkit_Sticky_Content
[13-Nov-2025 09:16:51 UTC] Instantiated class: \RomethemeKit\RkitWrapperLink
[13-Nov-2025 09:16:51 UTC] Instantiated class: \RomethemeKit\RkitToolTips
[13-Nov-2025 09:16:51 UTC] Instantiated class: \RomethemeKit\RkitWrapperLink
[13-Nov-2025 09:16:54 UTC] Loaded file: blur_effects.php
[13-Nov-2025 09:16:54 UTC] Loaded file: rkit_post_duplicator.php
[13-Nov-2025 09:16:54 UTC] Loaded file: rkit_tool_tips.php
[13-Nov-2025 09:16:54 UTC] Loaded file: rkit_wrapper_link.php
[13-Nov-2025 09:16:54 UTC] Class not found: \RomethemeKit\Rkit_Custom_Cursor
[13-Nov-2025 09:16:54 UTC] Instantiated class: \RomethemeKit\RkitDuplicator
[13-Nov-2025 09:16:54 UTC] Instantiated class: \RomethemeKit\BlurEffects
[13-Nov-2025 09:16:54 UTC] Class not found: \RomethemeKit\Rkit_Sticky_Content
[13-Nov-2025 09:16:54 UTC] Instantiated class: \RomethemeKit\RkitToolTips
[13-Nov-2025 09:16:54 UTC] Instantiated class: \RomethemeKit\RkitWrapperLink
[13-Nov-2025 09:16:55 UTC] Loaded file: blur_effects.php
[13-Nov-2025 09:16:55 UTC] Loaded file: rkit_post_duplicator.php
[13-Nov-2025 09:16:55 UTC] Loaded file: rkit_tool_tips.php
[13-Nov-2025 09:16:55 UTC] Loaded file: rkit_wrapper_link.php
[13-Nov-2025 09:16:55 UTC] Class not found: \RomethemeKit\Rkit_Custom_Cursor
[13-Nov-2025 09:16:55 UTC] Instantiated class: \RomethemeKit\RkitDuplicator
[13-Nov-2025 09:16:55 UTC] Instantiated class: \RomethemeKit\BlurEffects
[13-Nov-2025 09:16:55 UTC] Class not found: \RomethemeKit\Rkit_Sticky_Content
[13-Nov-2025 09:16:55 UTC] Instantiated class: \RomethemeKit\RkitToolTips
[13-Nov-2025 09:16:55 UTC] Instantiated class: \RomethemeKit\RkitWrapperLink
[13-Nov-2025 09:16:55 UTC] Loaded file: blur_effects.php
[13-Nov-2025 09:16:55 UTC] Loaded file: rkit_post_duplicator.php
[13-Nov-2025 09:16:55 UTC] Loaded file: rkit_tool_tips.php
[13-Nov-2025 09:16:55 UTC] Loaded file: rkit_wrapper_link.php
[13-Nov-2025 09:16:55 UTC] Class not found: \RomethemeKit\Rkit_Custom_Cursor
[13-Nov-2025 09:16:55 UTC] Instantiated class: \RomethemeKit\RkitDuplicator
[13-Nov-2025 09:16:55 UTC] Instantiated class: \RomethemeKit\BlurEffects
[13-Nov-2025 09:16:55 UTC] Class not found: \RomethemeKit\Rkit_Sticky_Content
[13-Nov-2025 09:16:55 UTC] Instantiated class: \RomethemeKit\RkitToolTips
[13-Nov-2025 09:16:55 UTC] Instantiated class: \RomethemeKit\RkitWrapperLink
[13-Nov-2025 09:16:56 UTC] Loaded file: blur_effects.php
[13-Nov-2025 09:16:56 UTC] Loaded file: rkit_post_duplicator.php
[13-Nov-2025 09:16:56 UTC] Loaded file: rkit_tool_tips.php
[13-Nov-2025 09:16:56 UTC] Loaded file: rkit_wrapper_link.php
[13-Nov-2025 09:16:56 UTC] Class not found: \RomethemeKit\Rkit_Custom_Cursor
[13-Nov-2025 09:16:56 UTC] Instantiated class: \RomethemeKit\RkitDuplicator
[13-Nov-2025 09:16:56 UTC] Instantiated class: \RomethemeKit\BlurEffects
[13-Nov-2025 09:16:56 UTC] Class not found: \RomethemeKit\Rkit_Sticky_Content
[13-Nov-2025 09:16:56 UTC] Instantiated class: \RomethemeKit\RkitToolTips
[13-Nov-2025 09:16:56 UTC] Instantiated class: \RomethemeKit\RkitWrapperLink
[13-Nov-2025 09:16:58 UTC] Loaded file: blur_effects.php
[13-Nov-2025 09:16:58 UTC] Loaded file: rkit_post_duplicator.php
[13-Nov-2025 09:16:58 UTC] Loaded file: rkit_tool_tips.php
[13-Nov-2025 09:16:58 UTC] Loaded file: rkit_wrapper_link.php
[13-Nov-2025 09:16:58 UTC] Class not found: \RomethemeKit\Rkit_Custom_Cursor
[13-Nov-2025 09:16:58 UTC] Instantiated class: \RomethemeKit\RkitDuplicator
[13-Nov-2025 09:16:58 UTC] Instantiated class: \RomethemeKit\BlurEffects
[13-Nov-2025 09:16:58 UTC] Class not found: \RomethemeKit\Rkit_Sticky_Content
[13-Nov-2025 09:16:58 UTC] Instantiated class: \RomethemeKit\RkitToolTips
[13-Nov-2025 09:16:58 UTC] Instantiated class: \RomethemeKit\RkitWrapperLink
[13-Nov-2025 09:16:58 UTC] [Soltour API info] Request to master/getAllOrigins: {"productType":"PACKAGE","destinationCode":"PUJ"}
[13-Nov-2025 09:16:58 UTC] [Soltour API info] Response from master/getAllOrigins: {"origins":[{"code":"LCG","name":"A Coruña","airportType":"AIRPORT","destinationCode":"LCG","destinationName":"LA CORUNA","description":"A Coruña","dynamic":false},{"code":"ABC","name":"Albacete","airportType":"AIRPORT","description":"Albacete","dynamic":false},{"code":"ALC","name":"Alicante","airportType":"AIRPORT","destinationCode":"ALC","destinationName":"ALICANTE","description":"Alicante","dynamic":false},{"code":"LEI","name":"Almería","airportType":"AIRPORT","destinationCode":"LEI","dest
[13-Nov-2025 09:17:05 UTC] Loaded file: blur_effects.php
[13-Nov-2025 09:17:05 UTC] Loaded file: rkit_post_duplicator.php
[13-Nov-2025 09:17:05 UTC] Loaded file: rkit_tool_tips.php
[13-Nov-2025 09:17:05 UTC] Loaded file: rkit_wrapper_link.php
[13-Nov-2025 09:17:05 UTC] Class not found: \RomethemeKit\Rkit_Custom_Cursor
[13-Nov-2025 09:17:05 UTC] Instantiated class: \RomethemeKit\RkitDuplicator
[13-Nov-2025 09:17:05 UTC] Instantiated class: \RomethemeKit\BlurEffects
[13-Nov-2025 09:17:05 UTC] Class not found: \RomethemeKit\Rkit_Sticky_Content
[13-Nov-2025 09:17:05 UTC] Instantiated class: \RomethemeKit\RkitToolTips
[13-Nov-2025 09:17:05 UTC] Instantiated class: \RomethemeKit\RkitWrapperLink
[13-Nov-2025 09:17:11 UTC] Loaded file: blur_effects.php
[13-Nov-2025 09:17:11 UTC] Loaded file: rkit_post_duplicator.php
[13-Nov-2025 09:17:11 UTC] Loaded file: rkit_tool_tips.php
[13-Nov-2025 09:17:11 UTC] Loaded file: rkit_wrapper_link.php
[13-Nov-2025 09:17:11 UTC] Class not found: \RomethemeKit\Rkit_Custom_Cursor
[13-Nov-2025 09:17:11 UTC] Instantiated class: \RomethemeKit\RkitDuplicator
[13-Nov-2025 09:17:11 UTC] Instantiated class: \RomethemeKit\BlurEffects
[13-Nov-2025 09:17:11 UTC] Class not found: \RomethemeKit\Rkit_Sticky_Content
[13-Nov-2025 09:17:11 UTC] Instantiated class: \RomethemeKit\RkitToolTips
[13-Nov-2025 09:17:11 UTC] Instantiated class: \RomethemeKit\RkitWrapperLink
[13-Nov-2025 09:17:11 UTC] Loaded file: blur_effects.php
[13-Nov-2025 09:17:11 UTC] Loaded file: rkit_post_duplicator.php
[13-Nov-2025 09:17:11 UTC] Loaded file: rkit_tool_tips.php
[13-Nov-2025 09:17:11 UTC] Loaded file: rkit_wrapper_link.php
[13-Nov-2025 09:17:11 UTC] Class not found: \RomethemeKit\Rkit_Custom_Cursor
[13-Nov-2025 09:17:11 UTC] Instantiated class: \RomethemeKit\RkitDuplicator
[13-Nov-2025 09:17:11 UTC] Instantiated class: \RomethemeKit\BlurEffects
[13-Nov-2025 09:17:11 UTC] Class not found: \RomethemeKit\Rkit_Sticky_Content
[13-Nov-2025 09:17:11 UTC] Instantiated class: \RomethemeKit\RkitToolTips
[13-Nov-2025 09:17:11 UTC] Instantiated class: \RomethemeKit\RkitWrapperLink
[13-Nov-2025 09:17:11 UTC] [Soltour API info] === AJAX SEARCH PACKAGES CALLED ===
[13-Nov-2025 09:17:11 UTC] [Soltour API info] Params recebidos do frontend:
[13-Nov-2025 09:17:11 UTC] [Soltour API info]   - first_item: 0
[13-Nov-2025 09:17:11 UTC] [Soltour API info]   - item_count: 100
[13-Nov-2025 09:17:11 UTC] [Soltour API info] Params completos: {"originCode":"MAD","destinationCode":"PUJ","startDate":"2025-11-23","numNights":7,"rooms":[{"passengers":[{"type":"ADULT","age":30},{"type":"ADULT","age":30}]}],"productType":"PACKAGE","onlyHotel":"N","forceAvail":false,"firstItem":0,"itemCount":100}
[13-Nov-2025 09:17:11 UTC] [Soltour API info] Enviando para API Soltour (booking/availability):
[13-Nov-2025 09:17:11 UTC] [Soltour API info]   - criteria.pagination.firstItem: 0
[13-Nov-2025 09:17:11 UTC] [Soltour API info]   - criteria.pagination.itemCount: 100
[13-Nov-2025 09:17:11 UTC] [Soltour API info] Request to booking/availability: {"productType":"PACKAGE","onlyHotel":"N","forceAvail":false,"criteria":{"order":{"type":"PRICE","direction":"ASC"},"pagination":{"firstItem":0,"itemCount":100}},"languageCode":"PT","params":{"startDate":"2025-11-23","endDate":"2025-11-30","residentType":"NONE","accomodation":{"rooms":[{"passengers":[{"type":"ADULT","age":30},{"type":"ADULT","age":30}]}]},"hotelParams":{"destinationCode":"PUJ","includeImmediatePayment":true},"flightParams":{"itineraries":[{"origins":["MAD"],"destinations":["PUJ"]}],"directFlightsOnly":false,"includeImmediatePayment":true}}}
[13-Nov-2025 09:17:27 UTC] [Soltour API info] Response from booking/availability: {"productType":"PACKAGE","availToken":"7yxnzVmLrkOPzO0o9Cmk7oK7QWlA9GK6I8HabXci43U=","timestamp":"2025-11-13T10:17:11.618350559","serviceType":"UNDEFINED","agencyInformation":{"clientCode":"BEAUTYT","branchOfficeCode":"999","taxApplicationType":"ISC","taxRate":0,"paymentType":"PP","commission":{"currency":"EUR","rate":15}},"budgets":[{"booked":false,"selected":false,"hotelServices":[{"responseId":"ju5rYjztBJFEpnBgdgM87UdjTGVnxwRq5n/WEPIgFeI=","id":"d4d27369-8c1d-4ac1-b16e-7f6e969f75d1","type":"H
[13-Nov-2025 09:17:27 UTC] [Soltour API info] Resposta da API Soltour:
[13-Nov-2025 09:17:27 UTC] [Soltour API info]   - budgets: 176
[13-Nov-2025 09:17:27 UTC] [Soltour API info]   - totalCount: 0
[13-Nov-2025 09:17:27 UTC] [Soltour API info]   - hotels: 28
[13-Nov-2025 09:17:27 UTC] [Soltour API info]   - availToken: SIM
[13-Nov-2025 09:17:27 UTC] Loaded file: blur_effects.php
[13-Nov-2025 09:17:27 UTC] Loaded file: rkit_post_duplicator.php
[13-Nov-2025 09:17:27 UTC] Loaded file: rkit_tool_tips.php
[13-Nov-2025 09:17:27 UTC] Loaded file: rkit_wrapper_link.php
[13-Nov-2025 09:17:27 UTC] Class not found: \RomethemeKit\Rkit_Custom_Cursor
[13-Nov-2025 09:17:27 UTC] Instantiated class: \RomethemeKit\RkitDuplicator
[13-Nov-2025 09:17:27 UTC] Instantiated class: \RomethemeKit\BlurEffects
[13-Nov-2025 09:17:27 UTC] Class not found: \RomethemeKit\Rkit_Sticky_Content
[13-Nov-2025 09:17:27 UTC] Instantiated class: \RomethemeKit\RkitToolTips
[13-Nov-2025 09:17:27 UTC] Instantiated class: \RomethemeKit\RkitWrapperLink
[13-Nov-2025 09:17:27 UTC] Loaded file: blur_effects.php
[13-Nov-2025 09:17:27 UTC] Loaded file: rkit_post_duplicator.php
[13-Nov-2025 09:17:27 UTC] Loaded file: rkit_tool_tips.php
[13-Nov-2025 09:17:27 UTC] Loaded file: rkit_wrapper_link.php
[13-Nov-2025 09:17:27 UTC] Class not found: \RomethemeKit\Rkit_Custom_Cursor
[13-Nov-2025 09:17:27 UTC] Instantiated class: \RomethemeKit\RkitDuplicator
[13-Nov-2025 09:17:27 UTC] Instantiated class: \RomethemeKit\BlurEffects
[13-Nov-2025 09:17:27 UTC] Class not found: \RomethemeKit\Rkit_Sticky_Content
[13-Nov-2025 09:17:27 UTC] Instantiated class: \RomethemeKit\RkitToolTips
[13-Nov-2025 09:17:27 UTC] Instantiated class: \RomethemeKit\RkitWrapperLink
[13-Nov-2025 09:17:27 UTC] Loaded file: blur_effects.php
[13-Nov-2025 09:17:27 UTC] Loaded file: rkit_post_duplicator.php
[13-Nov-2025 09:17:27 UTC] Loaded file: rkit_tool_tips.php
[13-Nov-2025 09:17:27 UTC] Loaded file: rkit_wrapper_link.php
[13-Nov-2025 09:17:27 UTC] Class not found: \RomethemeKit\Rkit_Custom_Cursor
[13-Nov-2025 09:17:27 UTC] Instantiated class: \RomethemeKit\RkitDuplicator
[13-Nov-2025 09:17:27 UTC] Instantiated class: \RomethemeKit\BlurEffects
[13-Nov-2025 09:17:27 UTC] Class not found: \RomethemeKit\Rkit_Sticky_Content
[13-Nov-2025 09:17:27 UTC] Instantiated class: \RomethemeKit\RkitToolTips
[13-Nov-2025 09:17:27 UTC] Instantiated class: \RomethemeKit\RkitWrapperLink
[13-Nov-2025 09:17:27 UTC] Loaded file: blur_effects.php
[13-Nov-2025 09:17:27 UTC] Loaded file: rkit_post_duplicator.php
[13-Nov-2025 09:17:27 UTC] Loaded file: rkit_tool_tips.php
[13-Nov-2025 09:17:27 UTC] Loaded file: rkit_wrapper_link.php
[13-Nov-2025 09:17:27 UTC] Class not found: \RomethemeKit\Rkit_Custom_Cursor
[13-Nov-2025 09:17:27 UTC] Instantiated class: \RomethemeKit\RkitDuplicator
[13-Nov-2025 09:17:27 UTC] Instantiated class: \RomethemeKit\BlurEffects
[13-Nov-2025 09:17:27 UTC] Class not found: \RomethemeKit\Rkit_Sticky_Content
[13-Nov-2025 09:17:27 UTC] Instantiated class: \RomethemeKit\RkitToolTips
[13-Nov-2025 09:17:27 UTC] Instantiated class: \RomethemeKit\RkitWrapperLink
[13-Nov-2025 09:17:27 UTC] Loaded file: blur_effects.php
[13-Nov-2025 09:17:27 UTC] Loaded file: rkit_post_duplicator.php
[13-Nov-2025 09:17:27 UTC] Loaded file: rkit_tool_tips.php
[13-Nov-2025 09:17:27 UTC] Loaded file: rkit_wrapper_link.php
[13-Nov-2025 09:17:27 UTC] Class not found: \RomethemeKit\Rkit_Custom_Cursor
[13-Nov-2025 09:17:27 UTC] Instantiated class: \RomethemeKit\RkitDuplicator
[13-Nov-2025 09:17:27 UTC] Instantiated class: \RomethemeKit\BlurEffects
[13-Nov-2025 09:17:27 UTC] Class not found: \RomethemeKit\Rkit_Sticky_Content
[13-Nov-2025 09:17:27 UTC] Instantiated class: \RomethemeKit\RkitToolTips
[13-Nov-2025 09:17:27 UTC] Instantiated class: \RomethemeKit\RkitWrapperLink
[13-Nov-2025 09:17:28 UTC] [Soltour API info] Getting details for budget: H217184##TI##0$4746832939356443288@@CLASSICAL01, hotel: H217184
[13-Nov-2025 09:17:28 UTC] [Soltour API info] Request to booking/details: {"productType":"PACKAGE","availToken":"7yxnzVmLrkOPzO0o9Cmk7oK7QWlA9GK6I8HabXci43U=","budgetId":"H217184##TI##0$4746832939356443288@@CLASSICAL01","hotelParams":{"hotelCode":"H217184","providerCode":"UNDEFINED"}}
[13-Nov-2025 09:17:28 UTC] [Soltour API info] Getting details for budget: H24##TI##0$5199310244504061645@@CLASSICAL01, hotel: H24
[13-Nov-2025 09:17:28 UTC] [Soltour API info] Request to booking/details: {"productType":"PACKAGE","availToken":"7yxnzVmLrkOPzO0o9Cmk7oK7QWlA9GK6I8HabXci43U=","budgetId":"H24##TI##0$5199310244504061645@@CLASSICAL01","hotelParams":{"hotelCode":"H24","providerCode":"UNDEFINED"}}
[13-Nov-2025 09:17:28 UTC] [Soltour API info] Getting details for budget: H81381##TI##0$4801652474315334982@@CLASSICAL01, hotel: H81381
[13-Nov-2025 09:17:28 UTC] [Soltour API info] Request to booking/details: {"productType":"PACKAGE","availToken":"7yxnzVmLrkOPzO0o9Cmk7oK7QWlA9GK6I8HabXci43U=","budgetId":"H81381##TI##0$4801652474315334982@@CLASSICAL01","hotelParams":{"hotelCode":"H81381","providerCode":"UNDEFINED"}}
[13-Nov-2025 09:17:28 UTC] [Soltour API info] Getting details for budget: H80090##TI##0$5459794498433970826@@CLASSICAL01, hotel: H80090
[13-Nov-2025 09:17:28 UTC] [Soltour API info] Request to booking/details: {"productType":"PACKAGE","availToken":"7yxnzVmLrkOPzO0o9Cmk7oK7QWlA9GK6I8HabXci43U=","budgetId":"H80090##TI##0$5459794498433970826@@CLASSICAL01","hotelParams":{"hotelCode":"H80090","providerCode":"UNDEFINED"}}
[13-Nov-2025 09:17:28 UTC] Loaded file: blur_effects.php
[13-Nov-2025 09:17:28 UTC] Loaded file: rkit_post_duplicator.php
[13-Nov-2025 09:17:28 UTC] Loaded file: rkit_tool_tips.php
[13-Nov-2025 09:17:28 UTC] Loaded file: rkit_wrapper_link.php
[13-Nov-2025 09:17:28 UTC] Class not found: \RomethemeKit\Rkit_Custom_Cursor
[13-Nov-2025 09:17:28 UTC] Instantiated class: \RomethemeKit\RkitDuplicator
[13-Nov-2025 09:17:28 UTC] Instantiated class: \RomethemeKit\BlurEffects
[13-Nov-2025 09:17:28 UTC] Class not found: \RomethemeKit\Rkit_Sticky_Content
[13-Nov-2025 09:17:28 UTC] Instantiated class: \RomethemeKit\RkitToolTips
[13-Nov-2025 09:17:28 UTC] Instantiated class: \RomethemeKit\RkitWrapperLink
[13-Nov-2025 09:17:28 UTC] [Soltour API info] Getting details for budget: H99741##SA##0$5389330238430984628@@CLASSICAL01, hotel: H99741
[13-Nov-2025 09:17:28 UTC] [Soltour API info] Request to booking/details: {"productType":"PACKAGE","availToken":"7yxnzVmLrkOPzO0o9Cmk7oK7QWlA9GK6I8HabXci43U=","budgetId":"H99741##SA##0$5389330238430984628@@CLASSICAL01","hotelParams":{"hotelCode":"H99741","providerCode":"UNDEFINED"}}
[13-Nov-2025 09:17:29 UTC] Loaded file: blur_effects.php
[13-Nov-2025 09:17:29 UTC] Loaded file: rkit_post_duplicator.php
[13-Nov-2025 09:17:29 UTC] Loaded file: rkit_tool_tips.php
[13-Nov-2025 09:17:29 UTC] Loaded file: rkit_wrapper_link.php
[13-Nov-2025 09:17:29 UTC] Class not found: \RomethemeKit\Rkit_Custom_Cursor
[13-Nov-2025 09:17:29 UTC] Instantiated class: \RomethemeKit\RkitDuplicator
[13-Nov-2025 09:17:29 UTC] Instantiated class: \RomethemeKit\BlurEffects
[13-Nov-2025 09:17:29 UTC] Class not found: \RomethemeKit\Rkit_Sticky_Content
[13-Nov-2025 09:17:29 UTC] Instantiated class: \RomethemeKit\RkitToolTips
[13-Nov-2025 09:17:29 UTC] Instantiated class: \RomethemeKit\RkitWrapperLink
[13-Nov-2025 09:17:29 UTC] [Soltour API info] Response from booking/details: {"availToken":"7yxnzVmLrkOPzO0o9Cmk7oK7QWlA9GK6I8HabXci43U=","timestamp":"2025-11-13T10:17:29.341008111","serviceType":"UNDEFINED","agencyInformation":{"clientCode":"BEAUTYT","branchOfficeCode":"999","taxApplicationType":"ISC","taxRate":0,"paymentType":"PP","commission":{"currency":"EUR","rate":15}},"params":{"startDate":"2025-11-23","endDate":"2025-11-30","accomodation":{"rooms":[{"passengers":[{"age":30,"type":"ADULT"},{"age":30,"type":"ADULT"}]}]},"residentType":"NONE","numNights":0,"flightPa
[13-Nov-2025 09:17:29 UTC] [Soltour API info] Details response structure: {"has_budget":false,"has_details":true,"has_error":false,"error_msg":null}
[13-Nov-2025 09:17:29 UTC] [Soltour API info] Response from booking/details: {"availToken":"7yxnzVmLrkOPzO0o9Cmk7oK7QWlA9GK6I8HabXci43U=","timestamp":"2025-11-13T10:17:29.520298339","serviceType":"UNDEFINED","agencyInformation":{"clientCode":"BEAUTYT","branchOfficeCode":"999","taxApplicationType":"ISC","taxRate":0,"paymentType":"PP","commission":{"currency":"EUR","rate":15}},"params":{"startDate":"2025-11-23","endDate":"2025-11-30","accomodation":{"rooms":[{"passengers":[{"age":30,"type":"ADULT"},{"age":30,"type":"ADULT"}]}]},"residentType":"NONE","numNights":0,"flightPa
[13-Nov-2025 09:17:29 UTC] [Soltour API info] Details response structure: {"has_budget":false,"has_details":true,"has_error":false,"error_msg":null}
[13-Nov-2025 09:17:29 UTC] [Soltour API info] Response from booking/details: {"availToken":"7yxnzVmLrkOPzO0o9Cmk7oK7QWlA9GK6I8HabXci43U=","timestamp":"2025-11-13T10:17:29.553523034","serviceType":"UNDEFINED","agencyInformation":{"clientCode":"BEAUTYT","branchOfficeCode":"999","taxApplicationType":"ISC","taxRate":0,"paymentType":"PP","commission":{"currency":"EUR","rate":15}},"params":{"startDate":"2025-11-23","endDate":"2025-11-30","accomodation":{"rooms":[{"passengers":[{"age":30,"type":"ADULT"},{"age":30,"type":"ADULT"}]}]},"residentType":"NONE","numNights":0,"flightPa
[13-Nov-2025 09:17:29 UTC] [Soltour API info] Details response structure: {"has_budget":false,"has_details":true,"has_error":false,"error_msg":null}
[13-Nov-2025 09:17:29 UTC] [Soltour API info] Response from booking/details: {"availToken":"7yxnzVmLrkOPzO0o9Cmk7oK7QWlA9GK6I8HabXci43U=","timestamp":"2025-11-13T10:17:29.583898107","serviceType":"UNDEFINED","agencyInformation":{"clientCode":"BEAUTYT","branchOfficeCode":"999","taxApplicationType":"ISC","taxRate":0,"paymentType":"PP","commission":{"currency":"EUR","rate":15}},"params":{"startDate":"2025-11-23","endDate":"2025-11-30","accomodation":{"rooms":[{"passengers":[{"age":30,"type":"ADULT"},{"age":30,"type":"ADULT"}]}]},"residentType":"NONE","numNights":0,"flightPa
[13-Nov-2025 09:17:29 UTC] [Soltour API info] Details response structure: {"has_budget":false,"has_details":true,"has_error":false,"error_msg":null}
[13-Nov-2025 09:17:29 UTC] [Soltour API info] Response from booking/details: {"availToken":"7yxnzVmLrkOPzO0o9Cmk7oK7QWlA9GK6I8HabXci43U=","timestamp":"2025-11-13T10:17:29.742788626","serviceType":"UNDEFINED","agencyInformation":{"clientCode":"BEAUTYT","branchOfficeCode":"999","taxApplicationType":"ISC","taxRate":0,"paymentType":"PP","commission":{"currency":"EUR","rate":15}},"params":{"startDate":"2025-11-23","endDate":"2025-11-30","accomodation":{"rooms":[{"passengers":[{"age":30,"type":"ADULT"},{"age":30,"type":"ADULT"}]}]},"residentType":"NONE","numNights":0,"flightPa
[13-Nov-2025 09:17:29 UTC] [Soltour API info] Details response structure: {"has_budget":false,"has_details":true,"has_error":false,"error_msg":null}
[13-Nov-2025 09:17:30 UTC] Loaded file: blur_effects.php
[13-Nov-2025 09:17:30 UTC] Loaded file: rkit_post_duplicator.php
[13-Nov-2025 09:17:30 UTC] Loaded file: rkit_tool_tips.php
[13-Nov-2025 09:17:30 UTC] Loaded file: rkit_wrapper_link.php
[13-Nov-2025 09:17:30 UTC] Class not found: \RomethemeKit\Rkit_Custom_Cursor
[13-Nov-2025 09:17:30 UTC] Instantiated class: \RomethemeKit\RkitDuplicator
[13-Nov-2025 09:17:30 UTC] Instantiated class: \RomethemeKit\BlurEffects
[13-Nov-2025 09:17:30 UTC] Class not found: \RomethemeKit\Rkit_Sticky_Content
[13-Nov-2025 09:17:30 UTC] Instantiated class: \RomethemeKit\RkitToolTips
[13-Nov-2025 09:17:30 UTC] Instantiated class: \RomethemeKit\RkitWrapperLink
[13-Nov-2025 09:17:30 UTC] Loaded file: blur_effects.php
[13-Nov-2025 09:17:30 UTC] Loaded file: rkit_post_duplicator.php
[13-Nov-2025 09:17:30 UTC] Loaded file: rkit_tool_tips.php
[13-Nov-2025 09:17:30 UTC] Loaded file: rkit_wrapper_link.php
[13-Nov-2025 09:17:30 UTC] Class not found: \RomethemeKit\Rkit_Custom_Cursor
[13-Nov-2025 09:17:30 UTC] Instantiated class: \RomethemeKit\RkitDuplicator
[13-Nov-2025 09:17:30 UTC] Instantiated class: \RomethemeKit\BlurEffects
[13-Nov-2025 09:17:30 UTC] Class not found: \RomethemeKit\Rkit_Sticky_Content
[13-Nov-2025 09:17:30 UTC] Instantiated class: \RomethemeKit\RkitToolTips
[13-Nov-2025 09:17:30 UTC] Instantiated class: \RomethemeKit\RkitWrapperLink
[13-Nov-2025 09:17:31 UTC] Loaded file: blur_effects.php
[13-Nov-2025 09:17:31 UTC] Loaded file: rkit_post_duplicator.php
[13-Nov-2025 09:17:31 UTC] Loaded file: rkit_tool_tips.php
[13-Nov-2025 09:17:31 UTC] Loaded file: rkit_wrapper_link.php
[13-Nov-2025 09:17:31 UTC] Class not found: \RomethemeKit\Rkit_Custom_Cursor
[13-Nov-2025 09:17:31 UTC] Instantiated class: \RomethemeKit\RkitDuplicator
[13-Nov-2025 09:17:31 UTC] Instantiated class: \RomethemeKit\BlurEffects
[13-Nov-2025 09:17:31 UTC] Class not found: \RomethemeKit\Rkit_Sticky_Content
[13-Nov-2025 09:17:31 UTC] Instantiated class: \RomethemeKit\RkitToolTips
[13-Nov-2025 09:17:31 UTC] Instantiated class: \RomethemeKit\RkitWrapperLink
[13-Nov-2025 09:17:31 UTC] Loaded file: blur_effects.php
[13-Nov-2025 09:17:31 UTC] Loaded file: rkit_post_duplicator.php
[13-Nov-2025 09:17:31 UTC] Loaded file: rkit_tool_tips.php
[13-Nov-2025 09:17:31 UTC] Loaded file: rkit_wrapper_link.php
[13-Nov-2025 09:17:31 UTC] Class not found: \RomethemeKit\Rkit_Custom_Cursor
[13-Nov-2025 09:17:31 UTC] Instantiated class: \RomethemeKit\RkitDuplicator
[13-Nov-2025 09:17:31 UTC] Instantiated class: \RomethemeKit\BlurEffects
[13-Nov-2025 09:17:31 UTC] Class not found: \RomethemeKit\Rkit_Sticky_Content
[13-Nov-2025 09:17:31 UTC] Instantiated class: \RomethemeKit\RkitToolTips
[13-Nov-2025 09:17:31 UTC] Instantiated class: \RomethemeKit\RkitWrapperLink
[13-Nov-2025 09:17:31 UTC] Loaded file: blur_effects.php
[13-Nov-2025 09:17:31 UTC] Loaded file: rkit_post_duplicator.php
[13-Nov-2025 09:17:31 UTC] Loaded file: rkit_tool_tips.php
[13-Nov-2025 09:17:31 UTC] Loaded file: rkit_wrapper_link.php
[13-Nov-2025 09:17:31 UTC] Class not found: \RomethemeKit\Rkit_Custom_Cursor
[13-Nov-2025 09:17:31 UTC] Instantiated class: \RomethemeKit\RkitDuplicator
[13-Nov-2025 09:17:31 UTC] Instantiated class: \RomethemeKit\BlurEffects
[13-Nov-2025 09:17:31 UTC] Class not found: \RomethemeKit\Rkit_Sticky_Content
[13-Nov-2025 09:17:31 UTC] Instantiated class: \RomethemeKit\RkitToolTips
[13-Nov-2025 09:17:31 UTC] Instantiated class: \RomethemeKit\RkitWrapperLink
[13-Nov-2025 09:17:31 UTC] [Soltour API info] Getting details for budget: H199543##SA##0$4816462089137721160@@CLASSICAL01, hotel: H199543
[13-Nov-2025 09:17:31 UTC] [Soltour API info] Request to booking/details: {"productType":"PACKAGE","availToken":"7yxnzVmLrkOPzO0o9Cmk7oK7QWlA9GK6I8HabXci43U=","budgetId":"H199543##SA##0$4816462089137721160@@CLASSICAL01","hotelParams":{"hotelCode":"H199543","providerCode":"UNDEFINED"}}
[13-Nov-2025 09:17:32 UTC] [Soltour API info] Getting details for budget: H49702##TI##0$4975024159520512125@@CLASSICAL01, hotel: H49702
[13-Nov-2025 09:17:32 UTC] [Soltour API info] Request to booking/details: {"productType":"PACKAGE","availToken":"7yxnzVmLrkOPzO0o9Cmk7oK7QWlA9GK6I8HabXci43U=","budgetId":"H49702##TI##0$4975024159520512125@@CLASSICAL01","hotelParams":{"hotelCode":"H49702","providerCode":"UNDEFINED"}}
[13-Nov-2025 09:17:32 UTC] [Soltour API info] Getting details for budget: H186203##TI##0$5709842287625427460@@CLASSICAL01, hotel: H186203
[13-Nov-2025 09:17:32 UTC] [Soltour API info] Request to booking/details: {"productType":"PACKAGE","availToken":"7yxnzVmLrkOPzO0o9Cmk7oK7QWlA9GK6I8HabXci43U=","budgetId":"H186203##TI##0$5709842287625427460@@CLASSICAL01","hotelParams":{"hotelCode":"H186203","providerCode":"UNDEFINED"}}
[13-Nov-2025 09:17:32 UTC] [Soltour API info] Getting details for budget: H81784##TI##0$5053516639474015071@@CLASSICAL01, hotel: H81784
[13-Nov-2025 09:17:32 UTC] [Soltour API info] Request to booking/details: {"productType":"PACKAGE","availToken":"7yxnzVmLrkOPzO0o9Cmk7oK7QWlA9GK6I8HabXci43U=","budgetId":"H81784##TI##0$5053516639474015071@@CLASSICAL01","hotelParams":{"hotelCode":"H81784","providerCode":"UNDEFINED"}}
[13-Nov-2025 09:17:32 UTC] [Soltour API info] Getting details for budget: H408431##SA##0$5348538712270867786@@CLASSICAL01, hotel: H408431
[13-Nov-2025 09:17:32 UTC] [Soltour API info] Request to booking/details: {"productType":"PACKAGE","availToken":"7yxnzVmLrkOPzO0o9Cmk7oK7QWlA9GK6I8HabXci43U=","budgetId":"H408431##SA##0$5348538712270867786@@CLASSICAL01","hotelParams":{"hotelCode":"H408431","providerCode":"UNDEFINED"}}
[13-Nov-2025 09:17:32 UTC] [Soltour API info] Response from booking/details: {"availToken":"7yxnzVmLrkOPzO0o9Cmk7oK7QWlA9GK6I8HabXci43U=","timestamp":"2025-11-13T10:17:32.446093772","serviceType":"UNDEFINED","agencyInformation":{"clientCode":"BEAUTYT","branchOfficeCode":"999","taxApplicationType":"ISC","taxRate":0,"paymentType":"PP","commission":{"currency":"EUR","rate":15}},"params":{"startDate":"2025-11-23","endDate":"2025-11-30","accomodation":{"rooms":[{"passengers":[{"age":30,"type":"ADULT"},{"age":30,"type":"ADULT"}]}]},"residentType":"NONE","numNights":0,"flightPa
[13-Nov-2025 09:17:32 UTC] [Soltour API info] Details response structure: {"has_budget":false,"has_details":true,"has_error":false,"error_msg":null}
[13-Nov-2025 09:17:32 UTC] [Soltour API info] Response from booking/details: {"availToken":"7yxnzVmLrkOPzO0o9Cmk7oK7QWlA9GK6I8HabXci43U=","timestamp":"2025-11-13T10:17:32.478677993","serviceType":"UNDEFINED","agencyInformation":{"clientCode":"BEAUTYT","branchOfficeCode":"999","taxApplicationType":"ISC","taxRate":0,"paymentType":"PP","commission":{"currency":"EUR","rate":15}},"params":{"startDate":"2025-11-23","endDate":"2025-11-30","accomodation":{"rooms":[{"passengers":[{"age":30,"type":"ADULT"},{"age":30,"type":"ADULT"}]}]},"residentType":"NONE","numNights":0,"flightPa
[13-Nov-2025 09:17:32 UTC] [Soltour API info] Details response structure: {"has_budget":false,"has_details":true,"has_error":false,"error_msg":null}
[13-Nov-2025 09:17:32 UTC] [Soltour API info] Response from booking/details: {"availToken":"7yxnzVmLrkOPzO0o9Cmk7oK7QWlA9GK6I8HabXci43U=","timestamp":"2025-11-13T10:17:32.509150213","serviceType":"UNDEFINED","agencyInformation":{"clientCode":"BEAUTYT","branchOfficeCode":"999","taxApplicationType":"ISC","taxRate":0,"paymentType":"PP","commission":{"currency":"EUR","rate":15}},"params":{"startDate":"2025-11-23","endDate":"2025-11-30","accomodation":{"rooms":[{"passengers":[{"age":30,"type":"ADULT"},{"age":30,"type":"ADULT"}]}]},"residentType":"NONE","numNights":0,"flightPa
[13-Nov-2025 09:17:32 UTC] [Soltour API info] Details response structure: {"has_budget":false,"has_details":true,"has_error":false,"error_msg":null}
[13-Nov-2025 09:17:32 UTC] [Soltour API info] Response from booking/details: {"availToken":"7yxnzVmLrkOPzO0o9Cmk7oK7QWlA9GK6I8HabXci43U=","timestamp":"2025-11-13T10:17:32.572462065","serviceType":"UNDEFINED","agencyInformation":{"clientCode":"BEAUTYT","branchOfficeCode":"999","taxApplicationType":"ISC","taxRate":0,"paymentType":"PP","commission":{"currency":"EUR","rate":15}},"params":{"startDate":"2025-11-23","endDate":"2025-11-30","accomodation":{"rooms":[{"passengers":[{"age":30,"type":"ADULT"},{"age":30,"type":"ADULT"}]}]},"residentType":"NONE","numNights":0,"flightPa
[13-Nov-2025 09:17:32 UTC] [Soltour API info] Details response structure: {"has_budget":false,"has_details":true,"has_error":false,"error_msg":null}
[13-Nov-2025 09:17:32 UTC] [Soltour API info] Response from booking/details: {"availToken":"7yxnzVmLrkOPzO0o9Cmk7oK7QWlA9GK6I8HabXci43U=","timestamp":"2025-11-13T10:17:32.664276955","serviceType":"UNDEFINED","agencyInformation":{"clientCode":"BEAUTYT","branchOfficeCode":"999","taxApplicationType":"ISC","taxRate":0,"paymentType":"PP","commission":{"currency":"EUR","rate":15}},"params":{"startDate":"2025-11-23","endDate":"2025-11-30","accomodation":{"rooms":[{"passengers":[{"age":30,"type":"ADULT"},{"age":30,"type":"ADULT"}]}]},"residentType":"NONE","numNights":0,"flightPa
[13-Nov-2025 09:17:32 UTC] [Soltour API info] Details response structure: {"has_budget":false,"has_details":true,"has_error":false,"error_msg":null}
[13-Nov-2025 09:17:33 UTC] Loaded file: blur_effects.php
[13-Nov-2025 09:17:33 UTC] Loaded file: rkit_post_duplicator.php
[13-Nov-2025 09:17:33 UTC] Loaded file: rkit_tool_tips.php
[13-Nov-2025 09:17:33 UTC] Loaded file: rkit_wrapper_link.php
[13-Nov-2025 09:17:33 UTC] Class not found: \RomethemeKit\Rkit_Custom_Cursor
[13-Nov-2025 09:17:33 UTC] Instantiated class: \RomethemeKit\RkitDuplicator
[13-Nov-2025 09:17:33 UTC] Instantiated class: \RomethemeKit\BlurEffects
[13-Nov-2025 09:17:33 UTC] Class not found: \RomethemeKit\Rkit_Sticky_Content
[13-Nov-2025 09:17:33 UTC] Instantiated class: \RomethemeKit\RkitToolTips
[13-Nov-2025 09:17:33 UTC] Instantiated class: \RomethemeKit\RkitWrapperLink
[13-Nov-2025 09:17:33 UTC] Loaded file: blur_effects.php
[13-Nov-2025 09:17:33 UTC] Loaded file: rkit_post_duplicator.php
[13-Nov-2025 09:17:33 UTC] Loaded file: rkit_tool_tips.php
[13-Nov-2025 09:17:33 UTC] Loaded file: rkit_wrapper_link.php
[13-Nov-2025 09:17:33 UTC] Class not found: \RomethemeKit\Rkit_Custom_Cursor
[13-Nov-2025 09:17:33 UTC] Instantiated class: \RomethemeKit\RkitDuplicator
[13-Nov-2025 09:17:33 UTC] Instantiated class: \RomethemeKit\BlurEffects
[13-Nov-2025 09:17:33 UTC] Class not found: \RomethemeKit\Rkit_Sticky_Content
[13-Nov-2025 09:17:33 UTC] Instantiated class: \RomethemeKit\RkitToolTips
[13-Nov-2025 09:17:33 UTC] Instantiated class: \RomethemeKit\RkitWrapperLink
[13-Nov-2025 09:17:33 UTC] Loaded file: blur_effects.php
[13-Nov-2025 09:17:33 UTC] Loaded file: rkit_post_duplicator.php
[13-Nov-2025 09:17:33 UTC] Loaded file: rkit_tool_tips.php
[13-Nov-2025 09:17:33 UTC] Loaded file: rkit_wrapper_link.php
[13-Nov-2025 09:17:33 UTC] Class not found: \RomethemeKit\Rkit_Custom_Cursor
[13-Nov-2025 09:17:33 UTC] Instantiated class: \RomethemeKit\RkitDuplicator
[13-Nov-2025 09:17:33 UTC] Instantiated class: \RomethemeKit\BlurEffects
[13-Nov-2025 09:17:33 UTC] Class not found: \RomethemeKit\Rkit_Sticky_Content
[13-Nov-2025 09:17:33 UTC] Instantiated class: \RomethemeKit\RkitToolTips
[13-Nov-2025 09:17:33 UTC] Instantiated class: \RomethemeKit\RkitWrapperLink
[13-Nov-2025 09:17:33 UTC] Loaded file: blur_effects.php
[13-Nov-2025 09:17:33 UTC] Loaded file: rkit_post_duplicator.php
[13-Nov-2025 09:17:33 UTC] Loaded file: rkit_tool_tips.php
[13-Nov-2025 09:17:33 UTC] Loaded file: rkit_wrapper_link.php
[13-Nov-2025 09:17:33 UTC] Class not found: \RomethemeKit\Rkit_Custom_Cursor
[13-Nov-2025 09:17:33 UTC] Instantiated class: \RomethemeKit\RkitDuplicator
[13-Nov-2025 09:17:33 UTC] Instantiated class: \RomethemeKit\BlurEffects
[13-Nov-2025 09:17:33 UTC] Class not found: \RomethemeKit\Rkit_Sticky_Content
[13-Nov-2025 09:17:33 UTC] Instantiated class: \RomethemeKit\RkitToolTips
[13-Nov-2025 09:17:33 UTC] Instantiated class: \RomethemeKit\RkitWrapperLink
[13-Nov-2025 09:17:33 UTC] Loaded file: blur_effects.php
[13-Nov-2025 09:17:33 UTC] Loaded file: rkit_post_duplicator.php
[13-Nov-2025 09:17:33 UTC] Loaded file: rkit_tool_tips.php
[13-Nov-2025 09:17:33 UTC] Loaded file: rkit_wrapper_link.php
[13-Nov-2025 09:17:33 UTC] Class not found: \RomethemeKit\Rkit_Custom_Cursor
[13-Nov-2025 09:17:33 UTC] Instantiated class: \RomethemeKit\RkitDuplicator
[13-Nov-2025 09:17:33 UTC] Instantiated class: \RomethemeKit\BlurEffects
[13-Nov-2025 09:17:33 UTC] Class not found: \RomethemeKit\Rkit_Sticky_Content
[13-Nov-2025 09:17:33 UTC] Instantiated class: \RomethemeKit\RkitToolTips
[13-Nov-2025 09:17:33 UTC] Instantiated class: \RomethemeKit\RkitWrapperLink
[13-Nov-2025 09:17:34 UTC] [Soltour API info] Getting details for budget: H3784##TI##0$5001462778257532095@@CLASSICAL01, hotel: H3784
[13-Nov-2025 09:17:34 UTC] [Soltour API info] Request to booking/details: {"productType":"PACKAGE","availToken":"7yxnzVmLrkOPzO0o9Cmk7oK7QWlA9GK6I8HabXci43U=","budgetId":"H3784##TI##0$5001462778257532095@@CLASSICAL01","hotelParams":{"hotelCode":"H3784","providerCode":"UNDEFINED"}}
[13-Nov-2025 09:17:34 UTC] [Soltour API info] Getting details for budget: H14##TI##0$4622563708241698654@@CLASSICAL01, hotel: H14
[13-Nov-2025 09:17:34 UTC] [Soltour API info] Request to booking/details: {"productType":"PACKAGE","availToken":"7yxnzVmLrkOPzO0o9Cmk7oK7QWlA9GK6I8HabXci43U=","budgetId":"H14##TI##0$4622563708241698654@@CLASSICAL01","hotelParams":{"hotelCode":"H14","providerCode":"UNDEFINED"}}
[13-Nov-2025 09:17:34 UTC] [Soltour API info] Getting details for budget: H50725##TI##0$4855173856871048952@@CLASSICAL01, hotel: H50725
[13-Nov-2025 09:17:34 UTC] [Soltour API info] Request to booking/details: {"productType":"PACKAGE","availToken":"7yxnzVmLrkOPzO0o9Cmk7oK7QWlA9GK6I8HabXci43U=","budgetId":"H50725##TI##0$4855173856871048952@@CLASSICAL01","hotelParams":{"hotelCode":"H50725","providerCode":"UNDEFINED"}}
[13-Nov-2025 09:17:34 UTC] [Soltour API info] Getting details for budget: H68719##TI##0$5293866735997560145@@CLASSICAL01, hotel: H68719
[13-Nov-2025 09:17:34 UTC] [Soltour API info] Request to booking/details: {"productType":"PACKAGE","availToken":"7yxnzVmLrkOPzO0o9Cmk7oK7QWlA9GK6I8HabXci43U=","budgetId":"H68719##TI##0$5293866735997560145@@CLASSICAL01","hotelParams":{"hotelCode":"H68719","providerCode":"UNDEFINED"}}
[13-Nov-2025 09:17:34 UTC] [Soltour API info] Getting details for budget: H1##TI##0$5049551090308079360@@CLASSICAL01, hotel: H1
[13-Nov-2025 09:17:34 UTC] [Soltour API info] Request to booking/details: {"productType":"PACKAGE","availToken":"7yxnzVmLrkOPzO0o9Cmk7oK7QWlA9GK6I8HabXci43U=","budgetId":"H1##TI##0$5049551090308079360@@CLASSICAL01","hotelParams":{"hotelCode":"H1","providerCode":"UNDEFINED"}}
[13-Nov-2025 09:17:35 UTC] [Soltour API info] Response from booking/details: {"availToken":"7yxnzVmLrkOPzO0o9Cmk7oK7QWlA9GK6I8HabXci43U=","timestamp":"2025-11-13T10:17:35.127570666","serviceType":"UNDEFINED","agencyInformation":{"clientCode":"BEAUTYT","branchOfficeCode":"999","taxApplicationType":"ISC","taxRate":0,"paymentType":"PP","commission":{"currency":"EUR","rate":15}},"params":{"startDate":"2025-11-23","endDate":"2025-11-30","accomodation":{"rooms":[{"passengers":[{"age":30,"type":"ADULT"},{"age":30,"type":"ADULT"}]}]},"residentType":"NONE","numNights":0,"flightPa
[13-Nov-2025 09:17:35 UTC] [Soltour API info] Details response structure: {"has_budget":false,"has_details":true,"has_error":false,"error_msg":null}
[13-Nov-2025 09:17:35 UTC] [Soltour API info] Response from booking/details: {"availToken":"7yxnzVmLrkOPzO0o9Cmk7oK7QWlA9GK6I8HabXci43U=","timestamp":"2025-11-13T10:17:35.150652202","serviceType":"UNDEFINED","agencyInformation":{"clientCode":"BEAUTYT","branchOfficeCode":"999","taxApplicationType":"ISC","taxRate":0,"paymentType":"PP","commission":{"currency":"EUR","rate":15}},"params":{"startDate":"2025-11-23","endDate":"2025-11-30","accomodation":{"rooms":[{"passengers":[{"age":30,"type":"ADULT"},{"age":30,"type":"ADULT"}]}]},"residentType":"NONE","numNights":0,"flightPa
[13-Nov-2025 09:17:35 UTC] [Soltour API info] Details response structure: {"has_budget":false,"has_details":true,"has_error":false,"error_msg":null}
[13-Nov-2025 09:17:35 UTC] [Soltour API info] Response from booking/details: {"availToken":"7yxnzVmLrkOPzO0o9Cmk7oK7QWlA9GK6I8HabXci43U=","timestamp":"2025-11-13T10:17:35.219380521","serviceType":"UNDEFINED","agencyInformation":{"clientCode":"BEAUTYT","branchOfficeCode":"999","taxApplicationType":"ISC","taxRate":0,"paymentType":"PP","commission":{"currency":"EUR","rate":15}},"params":{"startDate":"2025-11-23","endDate":"2025-11-30","accomodation":{"rooms":[{"passengers":[{"age":30,"type":"ADULT"},{"age":30,"type":"ADULT"}]}]},"residentType":"NONE","numNights":0,"flightPa
[13-Nov-2025 09:17:35 UTC] [Soltour API info] Details response structure: {"has_budget":false,"has_details":true,"has_error":false,"error_msg":null}
[13-Nov-2025 09:17:35 UTC] [Soltour API info] Response from booking/details: {"availToken":"7yxnzVmLrkOPzO0o9Cmk7oK7QWlA9GK6I8HabXci43U=","timestamp":"2025-11-13T10:17:35.278203151","serviceType":"UNDEFINED","agencyInformation":{"clientCode":"BEAUTYT","branchOfficeCode":"999","taxApplicationType":"ISC","taxRate":0,"paymentType":"PP","commission":{"currency":"EUR","rate":15}},"params":{"startDate":"2025-11-23","endDate":"2025-11-30","accomodation":{"rooms":[{"passengers":[{"age":30,"type":"ADULT"},{"age":30,"type":"ADULT"}]}]},"residentType":"NONE","numNights":0,"flightPa
[13-Nov-2025 09:17:35 UTC] [Soltour API info] Details response structure: {"has_budget":false,"has_details":true,"has_error":false,"error_msg":null}
[13-Nov-2025 09:17:35 UTC] [Soltour API info] Response from booking/details: {"availToken":"7yxnzVmLrkOPzO0o9Cmk7oK7QWlA9GK6I8HabXci43U=","timestamp":"2025-11-13T10:17:35.499778244","serviceType":"UNDEFINED","agencyInformation":{"clientCode":"BEAUTYT","branchOfficeCode":"999","taxApplicationType":"ISC","taxRate":0,"paymentType":"PP","commission":{"currency":"EUR","rate":15}},"params":{"startDate":"2025-11-23","endDate":"2025-11-30","accomodation":{"rooms":[{"passengers":[{"age":30,"type":"ADULT"},{"age":30,"type":"ADULT"}]}]},"residentType":"NONE","numNights":0,"flightPa
[13-Nov-2025 09:17:35 UTC] [Soltour API info] Details response structure: {"has_budget":false,"has_details":true,"has_error":false,"error_msg":null}
[13-Nov-2025 09:17:35 UTC] Loaded file: blur_effects.php
[13-Nov-2025 09:17:35 UTC] Loaded file: rkit_post_duplicator.php
[13-Nov-2025 09:17:35 UTC] Loaded file: rkit_tool_tips.php
[13-Nov-2025 09:17:35 UTC] Loaded file: rkit_wrapper_link.php
[13-Nov-2025 09:17:35 UTC] Class not found: \RomethemeKit\Rkit_Custom_Cursor
[13-Nov-2025 09:17:35 UTC] Instantiated class: \RomethemeKit\RkitDuplicator
[13-Nov-2025 09:17:35 UTC] Instantiated class: \RomethemeKit\BlurEffects
[13-Nov-2025 09:17:35 UTC] Class not found: \RomethemeKit\Rkit_Sticky_Content
[13-Nov-2025 09:17:35 UTC] Instantiated class: \RomethemeKit\RkitToolTips
[13-Nov-2025 09:17:35 UTC] Instantiated class: \RomethemeKit\RkitWrapperLink
[13-Nov-2025 09:17:35 UTC] Loaded file: blur_effects.php
[13-Nov-2025 09:17:35 UTC] Loaded file: rkit_post_duplicator.php
[13-Nov-2025 09:17:35 UTC] Loaded file: rkit_tool_tips.php
[13-Nov-2025 09:17:35 UTC] Loaded file: rkit_wrapper_link.php
[13-Nov-2025 09:17:35 UTC] Class not found: \RomethemeKit\Rkit_Custom_Cursor
[13-Nov-2025 09:17:35 UTC] Instantiated class: \RomethemeKit\RkitDuplicator
[13-Nov-2025 09:17:35 UTC] Instantiated class: \RomethemeKit\BlurEffects
[13-Nov-2025 09:17:35 UTC] Class not found: \RomethemeKit\Rkit_Sticky_Content
[13-Nov-2025 09:17:35 UTC] Instantiated class: \RomethemeKit\RkitToolTips
[13-Nov-2025 09:17:35 UTC] Instantiated class: \RomethemeKit\RkitWrapperLink
[13-Nov-2025 09:17:35 UTC] Loaded file: blur_effects.php
[13-Nov-2025 09:17:35 UTC] Loaded file: rkit_post_duplicator.php
[13-Nov-2025 09:17:35 UTC] Loaded file: rkit_tool_tips.php
[13-Nov-2025 09:17:35 UTC] Loaded file: rkit_wrapper_link.php
[13-Nov-2025 09:17:35 UTC] Class not found: \RomethemeKit\Rkit_Custom_Cursor
[13-Nov-2025 09:17:35 UTC] Instantiated class: \RomethemeKit\RkitDuplicator
[13-Nov-2025 09:17:35 UTC] Instantiated class: \RomethemeKit\BlurEffects
[13-Nov-2025 09:17:35 UTC] Class not found: \RomethemeKit\Rkit_Sticky_Content
[13-Nov-2025 09:17:35 UTC] Instantiated class: \RomethemeKit\RkitToolTips
[13-Nov-2025 09:17:35 UTC] Instantiated class: \RomethemeKit\RkitWrapperLink
[13-Nov-2025 09:17:35 UTC] Loaded file: blur_effects.php
[13-Nov-2025 09:17:35 UTC] Loaded file: rkit_post_duplicator.php
[13-Nov-2025 09:17:35 UTC] Loaded file: rkit_tool_tips.php
[13-Nov-2025 09:17:35 UTC] Loaded file: rkit_wrapper_link.php
[13-Nov-2025 09:17:35 UTC] Class not found: \RomethemeKit\Rkit_Custom_Cursor
[13-Nov-2025 09:17:35 UTC] Instantiated class: \RomethemeKit\RkitDuplicator
[13-Nov-2025 09:17:35 UTC] Instantiated class: \RomethemeKit\BlurEffects
[13-Nov-2025 09:17:35 UTC] Class not found: \RomethemeKit\Rkit_Sticky_Content
[13-Nov-2025 09:17:35 UTC] Instantiated class: \RomethemeKit\RkitToolTips
[13-Nov-2025 09:17:35 UTC] Instantiated class: \RomethemeKit\RkitWrapperLink
[13-Nov-2025 09:17:36 UTC] [Soltour API info] Getting details for budget: H3##TI##0$4979093825476498954@@CLASSICAL01, hotel: H3
[13-Nov-2025 09:17:36 UTC] [Soltour API info] Request to booking/details: {"productType":"PACKAGE","availToken":"7yxnzVmLrkOPzO0o9Cmk7oK7QWlA9GK6I8HabXci43U=","budgetId":"H3##TI##0$4979093825476498954@@CLASSICAL01","hotelParams":{"hotelCode":"H3","providerCode":"UNDEFINED"}}
[13-Nov-2025 09:17:36 UTC] [Soltour API info] Getting details for budget: H13##TI##0$5028347336903520238@@CLASSICAL01, hotel: H13
[13-Nov-2025 09:17:36 UTC] [Soltour API info] Request to booking/details: {"productType":"PACKAGE","availToken":"7yxnzVmLrkOPzO0o9Cmk7oK7QWlA9GK6I8HabXci43U=","budgetId":"H13##TI##0$5028347336903520238@@CLASSICAL01","hotelParams":{"hotelCode":"H13","providerCode":"UNDEFINED"}}
[13-Nov-2025 09:17:36 UTC] [Soltour API info] Getting details for budget: H35##TI##0$5455571091378272706@@CLASSICAL01, hotel: H35
[13-Nov-2025 09:17:36 UTC] [Soltour API info] Request to booking/details: {"productType":"PACKAGE","availToken":"7yxnzVmLrkOPzO0o9Cmk7oK7QWlA9GK6I8HabXci43U=","budgetId":"H35##TI##0$5455571091378272706@@CLASSICAL01","hotelParams":{"hotelCode":"H35","providerCode":"UNDEFINED"}}
[13-Nov-2025 09:17:36 UTC] [Soltour API info] Getting details for budget: H199537##TI##0$5596921051631017772@@CLASSICAL01, hotel: H199537
[13-Nov-2025 09:17:36 UTC] [Soltour API info] Request to booking/details: {"productType":"PACKAGE","availToken":"7yxnzVmLrkOPzO0o9Cmk7oK7QWlA9GK6I8HabXci43U=","budgetId":"H199537##TI##0$5596921051631017772@@CLASSICAL01","hotelParams":{"hotelCode":"H199537","providerCode":"UNDEFINED"}}
[13-Nov-2025 09:17:36 UTC] Loaded file: blur_effects.php
[13-Nov-2025 09:17:36 UTC] Loaded file: rkit_post_duplicator.php
[13-Nov-2025 09:17:36 UTC] Loaded file: rkit_tool_tips.php
[13-Nov-2025 09:17:36 UTC] Loaded file: rkit_wrapper_link.php
[13-Nov-2025 09:17:36 UTC] Class not found: \RomethemeKit\Rkit_Custom_Cursor
[13-Nov-2025 09:17:36 UTC] Instantiated class: \RomethemeKit\RkitDuplicator
[13-Nov-2025 09:17:36 UTC] Instantiated class: \RomethemeKit\BlurEffects
[13-Nov-2025 09:17:36 UTC] Class not found: \RomethemeKit\Rkit_Sticky_Content
[13-Nov-2025 09:17:36 UTC] Instantiated class: \RomethemeKit\RkitToolTips
[13-Nov-2025 09:17:36 UTC] Instantiated class: \RomethemeKit\RkitWrapperLink
[13-Nov-2025 09:17:36 UTC] [Soltour API info] Response from booking/details: {"availToken":"7yxnzVmLrkOPzO0o9Cmk7oK7QWlA9GK6I8HabXci43U=","timestamp":"2025-11-13T10:17:36.750538302","serviceType":"UNDEFINED","agencyInformation":{"clientCode":"BEAUTYT","branchOfficeCode":"999","taxApplicationType":"ISC","taxRate":0,"paymentType":"PP","commission":{"currency":"EUR","rate":15}},"params":{"startDate":"2025-11-23","endDate":"2025-11-30","accomodation":{"rooms":[{"passengers":[{"age":30,"type":"ADULT"},{"age":30,"type":"ADULT"}]}]},"residentType":"NONE","numNights":0,"flightPa
[13-Nov-2025 09:17:36 UTC] [Soltour API info] Details response structure: {"has_budget":false,"has_details":true,"has_error":false,"error_msg":null}
[13-Nov-2025 09:17:36 UTC] [Soltour API info] Response from booking/details: {"availToken":"7yxnzVmLrkOPzO0o9Cmk7oK7QWlA9GK6I8HabXci43U=","timestamp":"2025-11-13T10:17:36.805527566","serviceType":"UNDEFINED","agencyInformation":{"clientCode":"BEAUTYT","branchOfficeCode":"999","taxApplicationType":"ISC","taxRate":0,"paymentType":"PP","commission":{"currency":"EUR","rate":15}},"params":{"startDate":"2025-11-23","endDate":"2025-11-30","accomodation":{"rooms":[{"passengers":[{"age":30,"type":"ADULT"},{"age":30,"type":"ADULT"}]}]},"residentType":"NONE","numNights":0,"flightPa
[13-Nov-2025 09:17:36 UTC] [Soltour API info] Details response structure: {"has_budget":false,"has_details":true,"has_error":false,"error_msg":null}
[13-Nov-2025 09:17:36 UTC] [Soltour API info] Response from booking/details: {"availToken":"7yxnzVmLrkOPzO0o9Cmk7oK7QWlA9GK6I8HabXci43U=","timestamp":"2025-11-13T10:17:36.787415674","serviceType":"UNDEFINED","agencyInformation":{"clientCode":"BEAUTYT","branchOfficeCode":"999","taxApplicationType":"ISC","taxRate":0,"paymentType":"PP","commission":{"currency":"EUR","rate":15}},"params":{"startDate":"2025-11-23","endDate":"2025-11-30","accomodation":{"rooms":[{"passengers":[{"age":30,"type":"ADULT"},{"age":30,"type":"ADULT"}]}]},"residentType":"NONE","numNights":0,"flightPa
[13-Nov-2025 09:17:36 UTC] [Soltour API info] Details response structure: {"has_budget":false,"has_details":true,"has_error":false,"error_msg":null}
[13-Nov-2025 09:17:36 UTC] [Soltour API info] Response from booking/details: {"availToken":"7yxnzVmLrkOPzO0o9Cmk7oK7QWlA9GK6I8HabXci43U=","timestamp":"2025-11-13T10:17:36.838530761","serviceType":"UNDEFINED","agencyInformation":{"clientCode":"BEAUTYT","branchOfficeCode":"999","taxApplicationType":"ISC","taxRate":0,"paymentType":"PP","commission":{"currency":"EUR","rate":15}},"params":{"startDate":"2025-11-23","endDate":"2025-11-30","accomodation":{"rooms":[{"passengers":[{"age":30,"type":"ADULT"},{"age":30,"type":"ADULT"}]}]},"residentType":"NONE","numNights":0,"flightPa
[13-Nov-2025 09:17:36 UTC] [Soltour API info] Details response structure: {"has_budget":false,"has_details":true,"has_error":false,"error_msg":null}
[13-Nov-2025 09:17:37 UTC] [Soltour API info] Getting details for budget: H224289##TI##0$5507030517792930123@@CLASSICAL01, hotel: H224289
[13-Nov-2025 09:17:37 UTC] [Soltour API info] Request to booking/details: {"productType":"PACKAGE","availToken":"7yxnzVmLrkOPzO0o9Cmk7oK7QWlA9GK6I8HabXci43U=","budgetId":"H224289##TI##0$5507030517792930123@@CLASSICAL01","hotelParams":{"hotelCode":"H224289","providerCode":"UNDEFINED"}}
[13-Nov-2025 09:17:37 UTC] Loaded file: blur_effects.php
[13-Nov-2025 09:17:37 UTC] Loaded file: rkit_post_duplicator.php
[13-Nov-2025 09:17:37 UTC] Loaded file: rkit_tool_tips.php
[13-Nov-2025 09:17:37 UTC] Loaded file: rkit_wrapper_link.php
[13-Nov-2025 09:17:37 UTC] Class not found: \RomethemeKit\Rkit_Custom_Cursor
[13-Nov-2025 09:17:37 UTC] Instantiated class: \RomethemeKit\RkitDuplicator
[13-Nov-2025 09:17:37 UTC] Instantiated class: \RomethemeKit\BlurEffects
[13-Nov-2025 09:17:37 UTC] Class not found: \RomethemeKit\Rkit_Sticky_Content
[13-Nov-2025 09:17:37 UTC] Instantiated class: \RomethemeKit\RkitToolTips
[13-Nov-2025 09:17:37 UTC] Instantiated class: \RomethemeKit\RkitWrapperLink
[13-Nov-2025 09:17:37 UTC] Loaded file: blur_effects.php
[13-Nov-2025 09:17:37 UTC] Loaded file: rkit_post_duplicator.php
[13-Nov-2025 09:17:37 UTC] Loaded file: rkit_tool_tips.php
[13-Nov-2025 09:17:37 UTC] Loaded file: rkit_wrapper_link.php
[13-Nov-2025 09:17:37 UTC] Class not found: \RomethemeKit\Rkit_Custom_Cursor
[13-Nov-2025 09:17:37 UTC] Instantiated class: \RomethemeKit\RkitDuplicator
[13-Nov-2025 09:17:37 UTC] Instantiated class: \RomethemeKit\BlurEffects
[13-Nov-2025 09:17:37 UTC] Class not found: \RomethemeKit\Rkit_Sticky_Content
[13-Nov-2025 09:17:37 UTC] Instantiated class: \RomethemeKit\RkitToolTips
[13-Nov-2025 09:17:37 UTC] Instantiated class: \RomethemeKit\RkitWrapperLink
[13-Nov-2025 09:17:37 UTC] [Soltour API info] Response from booking/details: {"availToken":"7yxnzVmLrkOPzO0o9Cmk7oK7QWlA9GK6I8HabXci43U=","timestamp":"2025-11-13T10:17:37.628354385","serviceType":"UNDEFINED","agencyInformation":{"clientCode":"BEAUTYT","branchOfficeCode":"999","taxApplicationType":"ISC","taxRate":0,"paymentType":"PP","commission":{"currency":"EUR","rate":15}},"params":{"startDate":"2025-11-23","endDate":"2025-11-30","accomodation":{"rooms":[{"passengers":[{"age":30,"type":"ADULT"},{"age":30,"type":"ADULT"}]}]},"residentType":"NONE","numNights":0,"flightPa
[13-Nov-2025 09:17:37 UTC] [Soltour API info] Details response structure: {"has_budget":false,"has_details":true,"has_error":false,"error_msg":null}
[13-Nov-2025 09:17:37 UTC] Loaded file: blur_effects.php
[13-Nov-2025 09:17:37 UTC] Loaded file: rkit_post_duplicator.php
[13-Nov-2025 09:17:37 UTC] Loaded file: rkit_tool_tips.php
[13-Nov-2025 09:17:37 UTC] Loaded file: rkit_wrapper_link.php
[13-Nov-2025 09:17:37 UTC] Class not found: \RomethemeKit\Rkit_Custom_Cursor
[13-Nov-2025 09:17:37 UTC] Instantiated class: \RomethemeKit\RkitDuplicator
[13-Nov-2025 09:17:37 UTC] Instantiated class: \RomethemeKit\BlurEffects
[13-Nov-2025 09:17:37 UTC] Class not found: \RomethemeKit\Rkit_Sticky_Content
[13-Nov-2025 09:17:37 UTC] Instantiated class: \RomethemeKit\RkitToolTips
[13-Nov-2025 09:17:37 UTC] Instantiated class: \RomethemeKit\RkitWrapperLink
[13-Nov-2025 09:17:37 UTC] Loaded file: blur_effects.php
[13-Nov-2025 09:17:37 UTC] Loaded file: rkit_post_duplicator.php
[13-Nov-2025 09:17:37 UTC] Loaded file: rkit_tool_tips.php
[13-Nov-2025 09:17:37 UTC] Loaded file: rkit_wrapper_link.php
[13-Nov-2025 09:17:37 UTC] Class not found: \RomethemeKit\Rkit_Custom_Cursor
[13-Nov-2025 09:17:37 UTC] Instantiated class: \RomethemeKit\RkitDuplicator
[13-Nov-2025 09:17:37 UTC] Instantiated class: \RomethemeKit\BlurEffects
[13-Nov-2025 09:17:37 UTC] Class not found: \RomethemeKit\Rkit_Sticky_Content
[13-Nov-2025 09:17:37 UTC] Instantiated class: \RomethemeKit\RkitToolTips
[13-Nov-2025 09:17:37 UTC] Instantiated class: \RomethemeKit\RkitWrapperLink
[13-Nov-2025 09:17:38 UTC] [Soltour API info] Getting details for budget: H199373##TI##0$4655706693153631004@@CLASSICAL01, hotel: H199373
[13-Nov-2025 09:17:38 UTC] [Soltour API info] Request to booking/details: {"productType":"PACKAGE","availToken":"7yxnzVmLrkOPzO0o9Cmk7oK7QWlA9GK6I8HabXci43U=","budgetId":"H199373##TI##0$4655706693153631004@@CLASSICAL01","hotelParams":{"hotelCode":"H199373","providerCode":"UNDEFINED"}}
[13-Nov-2025 09:17:38 UTC] [Soltour API info] Getting details for budget: H199372##TI##0$5735738095472706931@@CLASSICAL01, hotel: H199372
[13-Nov-2025 09:17:38 UTC] [Soltour API info] Request to booking/details: {"productType":"PACKAGE","availToken":"7yxnzVmLrkOPzO0o9Cmk7oK7QWlA9GK6I8HabXci43U=","budgetId":"H199372##TI##0$5735738095472706931@@CLASSICAL01","hotelParams":{"hotelCode":"H199372","providerCode":"UNDEFINED"}}
[13-Nov-2025 09:17:38 UTC] [Soltour API info] Getting details for budget: H199374##TI##0$5350883620665239984@@CLASSICAL01, hotel: H199374
[13-Nov-2025 09:17:38 UTC] [Soltour API info] Request to booking/details: {"productType":"PACKAGE","availToken":"7yxnzVmLrkOPzO0o9Cmk7oK7QWlA9GK6I8HabXci43U=","budgetId":"H199374##TI##0$5350883620665239984@@CLASSICAL01","hotelParams":{"hotelCode":"H199374","providerCode":"UNDEFINED"}}
[13-Nov-2025 09:17:38 UTC] [Soltour API info] Getting details for budget: H199535##TI##0$4901062836388038769@@CLASSICAL01, hotel: H199535
[13-Nov-2025 09:17:38 UTC] [Soltour API info] Request to booking/details: {"productType":"PACKAGE","availToken":"7yxnzVmLrkOPzO0o9Cmk7oK7QWlA9GK6I8HabXci43U=","budgetId":"H199535##TI##0$4901062836388038769@@CLASSICAL01","hotelParams":{"hotelCode":"H199535","providerCode":"UNDEFINED"}}
[13-Nov-2025 09:17:38 UTC] [Soltour API info] Response from booking/details: {"availToken":"7yxnzVmLrkOPzO0o9Cmk7oK7QWlA9GK6I8HabXci43U=","timestamp":"2025-11-13T10:17:38.697392852","serviceType":"UNDEFINED","agencyInformation":{"clientCode":"BEAUTYT","branchOfficeCode":"999","taxApplicationType":"ISC","taxRate":0,"paymentType":"PP","commission":{"currency":"EUR","rate":15}},"params":{"startDate":"2025-11-23","endDate":"2025-11-30","accomodation":{"rooms":[{"passengers":[{"age":30,"type":"ADULT"},{"age":30,"type":"ADULT"}]}]},"residentType":"NONE","numNights":0,"flightPa
[13-Nov-2025 09:17:38 UTC] [Soltour API info] Details response structure: {"has_budget":false,"has_details":true,"has_error":false,"error_msg":null}
[13-Nov-2025 09:17:38 UTC] [Soltour API info] Response from booking/details: {"availToken":"7yxnzVmLrkOPzO0o9Cmk7oK7QWlA9GK6I8HabXci43U=","timestamp":"2025-11-13T10:17:38.867018532","serviceType":"UNDEFINED","agencyInformation":{"clientCode":"BEAUTYT","branchOfficeCode":"999","taxApplicationType":"ISC","taxRate":0,"paymentType":"PP","commission":{"currency":"EUR","rate":15}},"params":{"startDate":"2025-11-23","endDate":"2025-11-30","accomodation":{"rooms":[{"passengers":[{"age":30,"type":"ADULT"},{"age":30,"type":"ADULT"}]}]},"residentType":"NONE","numNights":0,"flightPa
[13-Nov-2025 09:17:38 UTC] [Soltour API info] Details response structure: {"has_budget":false,"has_details":true,"has_error":false,"error_msg":null}
[13-Nov-2025 09:17:38 UTC] [Soltour API info] Response from booking/details: {"availToken":"7yxnzVmLrkOPzO0o9Cmk7oK7QWlA9GK6I8HabXci43U=","timestamp":"2025-11-13T10:17:38.880399632","serviceType":"UNDEFINED","agencyInformation":{"clientCode":"BEAUTYT","branchOfficeCode":"999","taxApplicationType":"ISC","taxRate":0,"paymentType":"PP","commission":{"currency":"EUR","rate":15}},"params":{"startDate":"2025-11-23","endDate":"2025-11-30","accomodation":{"rooms":[{"passengers":[{"age":30,"type":"ADULT"},{"age":30,"type":"ADULT"}]}]},"residentType":"NONE","numNights":0,"flightPa
[13-Nov-2025 09:17:38 UTC] [Soltour API info] Details response structure: {"has_budget":false,"has_details":true,"has_error":false,"error_msg":null}
[13-Nov-2025 09:17:39 UTC] [Soltour API info] Response from booking/details: {"availToken":"7yxnzVmLrkOPzO0o9Cmk7oK7QWlA9GK6I8HabXci43U=","timestamp":"2025-11-13T10:17:38.927412003","serviceType":"UNDEFINED","agencyInformation":{"clientCode":"BEAUTYT","branchOfficeCode":"999","taxApplicationType":"ISC","taxRate":0,"paymentType":"PP","commission":{"currency":"EUR","rate":15}},"params":{"startDate":"2025-11-23","endDate":"2025-11-30","accomodation":{"rooms":[{"passengers":[{"age":30,"type":"ADULT"},{"age":30,"type":"ADULT"}]}]},"residentType":"NONE","numNights":0,"flightPa
[13-Nov-2025 09:17:39 UTC] [Soltour API info] Details response structure: {"has_budget":false,"has_details":true,"has_error":false,"error_msg":null}
[13-Nov-2025 09:17:39 UTC] Loaded file: blur_effects.php
[13-Nov-2025 09:17:39 UTC] Loaded file: rkit_post_duplicator.php
[13-Nov-2025 09:17:39 UTC] Loaded file: rkit_tool_tips.php
[13-Nov-2025 09:17:40 UTC] Loaded file: rkit_wrapper_link.php
[13-Nov-2025 09:17:40 UTC] Class not found: \RomethemeKit\Rkit_Custom_Cursor
[13-Nov-2025 09:17:40 UTC] Instantiated class: \RomethemeKit\RkitDuplicator
[13-Nov-2025 09:17:40 UTC] Instantiated class: \RomethemeKit\BlurEffects
[13-Nov-2025 09:17:40 UTC] Class not found: \RomethemeKit\Rkit_Sticky_Content
[13-Nov-2025 09:17:40 UTC] Instantiated class: \RomethemeKit\RkitToolTips
[13-Nov-2025 09:17:40 UTC] Instantiated class: \RomethemeKit\RkitWrapperLink
[13-Nov-2025 09:17:40 UTC] [Soltour API info] === AJAX SEARCH PACKAGES CALLED ===
[13-Nov-2025 09:17:40 UTC] [Soltour API info] Params recebidos do frontend:
[13-Nov-2025 09:17:40 UTC] [Soltour API info]   - first_item: 0
[13-Nov-2025 09:17:40 UTC] [Soltour API info]   - item_count: 100
[13-Nov-2025 09:17:40 UTC] [Soltour API info] Params completos: {"originCode":"MAD","destinationCode":"PUJ","startDate":"2025-11-23","numNights":7,"rooms":[{"passengers":[{"type":"ADULT","age":30},{"type":"ADULT","age":30}]}],"productType":"PACKAGE","onlyHotel":"N","forceAvail":true,"firstItem":0,"itemCount":100}
[13-Nov-2025 09:17:40 UTC] [Soltour API info] Enviando para API Soltour (booking/availability):
[13-Nov-2025 09:17:40 UTC] [Soltour API info]   - criteria.pagination.firstItem: 0
[13-Nov-2025 09:17:40 UTC] [Soltour API info]   - criteria.pagination.itemCount: 100
[13-Nov-2025 09:17:40 UTC] [Soltour API info] Request to booking/availability: {"productType":"PACKAGE","onlyHotel":"N","forceAvail":true,"criteria":{"order":{"type":"PRICE","direction":"ASC"},"pagination":{"firstItem":0,"itemCount":100}},"languageCode":"PT","params":{"startDate":"2025-11-23","endDate":"2025-11-30","residentType":"NONE","accomodation":{"rooms":[{"passengers":[{"type":"ADULT","age":30},{"type":"ADULT","age":30}]}]},"hotelParams":{"destinationCode":"PUJ","includeImmediatePayment":true},"flightParams":{"itineraries":[{"origins":["MAD"],"destinations":["PUJ"]}],"directFlightsOnly":false,"includeImmediatePayment":true}}}
[13-Nov-2025 09:17:40 UTC] Loaded file: blur_effects.php
[13-Nov-2025 09:17:40 UTC] Loaded file: rkit_post_duplicator.php
[13-Nov-2025 09:17:40 UTC] Loaded file: rkit_tool_tips.php
[13-Nov-2025 09:17:40 UTC] Loaded file: rkit_wrapper_link.php
[13-Nov-2025 09:17:40 UTC] Class not found: \RomethemeKit\Rkit_Custom_Cursor
[13-Nov-2025 09:17:40 UTC] Instantiated class: \RomethemeKit\RkitDuplicator
[13-Nov-2025 09:17:40 UTC] Instantiated class: \RomethemeKit\BlurEffects
[13-Nov-2025 09:17:40 UTC] Class not found: \RomethemeKit\Rkit_Sticky_Content
[13-Nov-2025 09:17:40 UTC] Instantiated class: \RomethemeKit\RkitToolTips
[13-Nov-2025 09:17:40 UTC] Instantiated class: \RomethemeKit\RkitWrapperLink
[13-Nov-2025 09:17:47 UTC] Loaded file: blur_effects.php
[13-Nov-2025 09:17:47 UTC] Loaded file: rkit_post_duplicator.php
[13-Nov-2025 09:17:47 UTC] Loaded file: rkit_tool_tips.php
[13-Nov-2025 09:17:47 UTC] Loaded file: rkit_wrapper_link.php
[13-Nov-2025 09:17:47 UTC] Class not found: \RomethemeKit\Rkit_Custom_Cursor
[13-Nov-2025 09:17:47 UTC] Instantiated class: \RomethemeKit\RkitDuplicator
[13-Nov-2025 09:17:47 UTC] Instantiated class: \RomethemeKit\BlurEffects
[13-Nov-2025 09:17:47 UTC] Class not found: \RomethemeKit\Rkit_Sticky_Content
[13-Nov-2025 09:17:47 UTC] Instantiated class: \RomethemeKit\RkitToolTips
[13-Nov-2025 09:17:47 UTC] Instantiated class: \RomethemeKit\RkitWrapperLink
[13-Nov-2025 09:17:47 UTC] Loaded file: blur_effects.php
[13-Nov-2025 09:17:47 UTC] Loaded file: rkit_post_duplicator.php
[13-Nov-2025 09:17:47 UTC] Loaded file: rkit_tool_tips.php
[13-Nov-2025 09:17:47 UTC] Loaded file: rkit_wrapper_link.php
[13-Nov-2025 09:17:47 UTC] Class not found: \RomethemeKit\Rkit_Custom_Cursor
[13-Nov-2025 09:17:47 UTC] Instantiated class: \RomethemeKit\RkitDuplicator
[13-Nov-2025 09:17:47 UTC] Instantiated class: \RomethemeKit\BlurEffects
[13-Nov-2025 09:17:47 UTC] Class not found: \RomethemeKit\Rkit_Sticky_Content
[13-Nov-2025 09:17:47 UTC] Instantiated class: \RomethemeKit\RkitToolTips
[13-Nov-2025 09:17:47 UTC] Instantiated class: \RomethemeKit\RkitWrapperLink
[13-Nov-2025 09:17:57 UTC] [Soltour API info] Response from booking/availability: {"productType":"PACKAGE","availToken":"QuLdRfNGv4hIgdFwBunNmJniLkjkLz+X5V3S1Efj9sw=","timestamp":"2025-11-13T10:17:40.593534221","serviceType":"UNDEFINED","agencyInformation":{"clientCode":"BEAUTYT","branchOfficeCode":"999","taxApplicationType":"ISC","taxRate":0,"paymentType":"PP","commission":{"currency":"EUR","rate":15}},"budgets":[{"booked":false,"selected":false,"hotelServices":[{"responseId":"Pw8BHgVR83DJxepA5tV5Qz8zZyxgeCjitNXTMktweNA=","id":"4316c7c0-bf6e-46c6-9453-6c5118f50bd8","type":"H
[13-Nov-2025 09:17:57 UTC] [Soltour API info] Resposta da API Soltour:
[13-Nov-2025 09:17:57 UTC] [Soltour API info]   - budgets: 88
[13-Nov-2025 09:17:57 UTC] [Soltour API info]   - totalCount: 0
[13-Nov-2025 09:17:57 UTC] [Soltour API info]   - hotels: 28
[13-Nov-2025 09:17:57 UTC] [Soltour API info]   - availToken: SIM
[13-Nov-2025 09:19:02 UTC] Loaded file: blur_effects.php
[13-Nov-2025 09:19:02 UTC] Loaded file: rkit_post_duplicator.php
[13-Nov-2025 09:19:02 UTC] Loaded file: rkit_tool_tips.php
[13-Nov-2025 09:19:02 UTC] Loaded file: rkit_wrapper_link.php
[13-Nov-2025 09:19:02 UTC] Class not found: \RomethemeKit\Rkit_Custom_Cursor
[13-Nov-2025 09:19:02 UTC] Instantiated class: \RomethemeKit\RkitDuplicator
[13-Nov-2025 09:19:02 UTC] Instantiated class: \RomethemeKit\BlurEffects
[13-Nov-2025 09:19:02 UTC] Class not found: \RomethemeKit\Rkit_Sticky_Content
[13-Nov-2025 09:19:02 UTC] Instantiated class: \RomethemeKit\RkitToolTips
[13-Nov-2025 09:19:02 UTC] Instantiated class: \RomethemeKit\RkitWrapperLink
[13-Nov-2025 09:19:02 UTC] Loaded file: blur_effects.php
[13-Nov-2025 09:19:02 UTC] Loaded file: rkit_post_duplicator.php
[13-Nov-2025 09:19:02 UTC] Loaded file: rkit_tool_tips.php
[13-Nov-2025 09:19:02 UTC] Loaded file: rkit_wrapper_link.php
[13-Nov-2025 09:19:02 UTC] Class not found: \RomethemeKit\Rkit_Custom_Cursor
[13-Nov-2025 09:19:02 UTC] Instantiated class: \RomethemeKit\RkitDuplicator
[13-Nov-2025 09:19:02 UTC] Instantiated class: \RomethemeKit\BlurEffects
[13-Nov-2025 09:19:02 UTC] Class not found: \RomethemeKit\Rkit_Sticky_Content
[13-Nov-2025 09:19:02 UTC] Instantiated class: \RomethemeKit\RkitToolTips
[13-Nov-2025 09:19:02 UTC] Instantiated class: \RomethemeKit\RkitWrapperLink
