[14-Nov-2025 20:44:59 UTC] Loaded file: blur_effects.php
[14-Nov-2025 20:44:59 UTC] Loaded file: rkit_post_duplicator.php
[14-Nov-2025 20:44:59 UTC] Loaded file: rkit_tool_tips.php
[14-Nov-2025 20:44:59 UTC] Loaded file: rkit_wrapper_link.php
[14-Nov-2025 20:44:59 UTC] Class not found: \RomethemeKit\Rkit_Custom_Cursor
[14-Nov-2025 20:44:59 UTC] Instantiated class: \RomethemeKit\RkitDuplicator
[14-Nov-2025 20:44:59 UTC] Instantiated class: \RomethemeKit\BlurEffects
[14-Nov-2025 20:44:59 UTC] Class not found: \RomethemeKit\Rkit_Sticky_Content
[14-Nov-2025 20:44:59 UTC] Instantiated class: \RomethemeKit\RkitToolTips
[14-Nov-2025 20:44:59 UTC] Instantiated class: \RomethemeKit\RkitWrapperLink
[14-Nov-2025 20:45:04 UTC] Loaded file: blur_effects.php
[14-Nov-2025 20:45:04 UTC] Loaded file: rkit_post_duplicator.php
[14-Nov-2025 20:45:04 UTC] Loaded file: rkit_tool_tips.php
[14-Nov-2025 20:45:04 UTC] Loaded file: rkit_wrapper_link.php
[14-Nov-2025 20:45:04 UTC] Class not found: \RomethemeKit\Rkit_Custom_Cursor
[14-Nov-2025 20:45:04 UTC] Instantiated class: \RomethemeKit\RkitDuplicator
[14-Nov-2025 20:45:04 UTC] Instantiated class: \RomethemeKit\BlurEffects
[14-Nov-2025 20:45:04 UTC] Class not found: \RomethemeKit\Rkit_Sticky_Content
[14-Nov-2025 20:45:04 UTC] Instantiated class: \RomethemeKit\RkitToolTips
[14-Nov-2025 20:45:04 UTC] Instantiated class: \RomethemeKit\RkitWrapperLink
[14-Nov-2025 20:45:06 UTC] Loaded file: blur_effects.php
[14-Nov-2025 20:45:06 UTC] Loaded file: rkit_post_duplicator.php
[14-Nov-2025 20:45:06 UTC] Loaded file: rkit_tool_tips.php
[14-Nov-2025 20:45:06 UTC] Loaded file: rkit_wrapper_link.php
[14-Nov-2025 20:45:06 UTC] Class not found: \RomethemeKit\Rkit_Custom_Cursor
[14-Nov-2025 20:45:06 UTC] Instantiated class: \RomethemeKit\RkitDuplicator
[14-Nov-2025 20:45:06 UTC] Instantiated class: \RomethemeKit\BlurEffects
[14-Nov-2025 20:45:06 UTC] Class not found: \RomethemeKit\Rkit_Sticky_Content
[14-Nov-2025 20:45:06 UTC] Instantiated class: \RomethemeKit\RkitToolTips
[14-Nov-2025 20:45:06 UTC] Instantiated class: \RomethemeKit\RkitWrapperLink
[14-Nov-2025 20:45:08 UTC] Loaded file: blur_effects.php
[14-Nov-2025 20:45:08 UTC] Loaded file: rkit_post_duplicator.php
[14-Nov-2025 20:45:08 UTC] Loaded file: rkit_tool_tips.php
[14-Nov-2025 20:45:08 UTC] Loaded file: rkit_wrapper_link.php
[14-Nov-2025 20:45:08 UTC] Class not found: \RomethemeKit\Rkit_Custom_Cursor
[14-Nov-2025 20:45:08 UTC] Instantiated class: \RomethemeKit\RkitDuplicator
[14-Nov-2025 20:45:08 UTC] Instantiated class: \RomethemeKit\BlurEffects
[14-Nov-2025 20:45:08 UTC] Class not found: \RomethemeKit\Rkit_Sticky_Content
[14-Nov-2025 20:45:08 UTC] Instantiated class: \RomethemeKit\RkitToolTips
[14-Nov-2025 20:45:08 UTC] Instantiated class: \RomethemeKit\RkitWrapperLink
[14-Nov-2025 20:45:09 UTC] Loaded file: blur_effects.php
[14-Nov-2025 20:45:09 UTC] Loaded file: rkit_post_duplicator.php
[14-Nov-2025 20:45:09 UTC] Loaded file: rkit_tool_tips.php
[14-Nov-2025 20:45:09 UTC] Loaded file: rkit_wrapper_link.php
[14-Nov-2025 20:45:09 UTC] Class not found: \RomethemeKit\Rkit_Custom_Cursor
[14-Nov-2025 20:45:09 UTC] Instantiated class: \RomethemeKit\RkitDuplicator
[14-Nov-2025 20:45:09 UTC] Instantiated class: \RomethemeKit\BlurEffects
[14-Nov-2025 20:45:09 UTC] Class not found: \RomethemeKit\Rkit_Sticky_Content
[14-Nov-2025 20:45:09 UTC] Instantiated class: \RomethemeKit\RkitToolTips
[14-Nov-2025 20:45:09 UTC] Instantiated class: \RomethemeKit\RkitWrapperLink
[14-Nov-2025 20:45:11 UTC] Loaded file: blur_effects.php
[14-Nov-2025 20:45:11 UTC] Loaded file: rkit_post_duplicator.php
[14-Nov-2025 20:45:11 UTC] Loaded file: rkit_tool_tips.php
[14-Nov-2025 20:45:11 UTC] Loaded file: rkit_wrapper_link.php
[14-Nov-2025 20:45:11 UTC] Class not found: \RomethemeKit\Rkit_Custom_Cursor
[14-Nov-2025 20:45:11 UTC] Instantiated class: \RomethemeKit\RkitDuplicator
[14-Nov-2025 20:45:11 UTC] Instantiated class: \RomethemeKit\BlurEffects
[14-Nov-2025 20:45:11 UTC] Class not found: \RomethemeKit\Rkit_Sticky_Content
[14-Nov-2025 20:45:11 UTC] Instantiated class: \RomethemeKit\RkitToolTips
[14-Nov-2025 20:45:11 UTC] Instantiated class: \RomethemeKit\RkitWrapperLink
[14-Nov-2025 20:45:11 UTC] Soltour Booking V2: Plugin ativado com sucesso
[14-Nov-2025 20:45:11 UTC] Loaded file: blur_effects.php
[14-Nov-2025 20:45:11 UTC] Loaded file: rkit_post_duplicator.php
[14-Nov-2025 20:45:11 UTC] Loaded file: rkit_tool_tips.php
[14-Nov-2025 20:45:11 UTC] Loaded file: rkit_wrapper_link.php
[14-Nov-2025 20:45:11 UTC] Class not found: \RomethemeKit\Rkit_Custom_Cursor
[14-Nov-2025 20:45:11 UTC] Instantiated class: \RomethemeKit\RkitDuplicator
[14-Nov-2025 20:45:11 UTC] Instantiated class: \RomethemeKit\BlurEffects
[14-Nov-2025 20:45:11 UTC] Class not found: \RomethemeKit\Rkit_Sticky_Content
[14-Nov-2025 20:45:11 UTC] Instantiated class: \RomethemeKit\RkitToolTips
[14-Nov-2025 20:45:11 UTC] Instantiated class: \RomethemeKit\RkitWrapperLink
[14-Nov-2025 20:45:11 UTC] [Soltour API info] Request to login/login: {"brand":"SOLTOUR","market":"XMLPT","languageCode":"PT","username":"BEAUTYT999","password":"XMLBEAUTYT999"}
[14-Nov-2025 20:45:12 UTC] [Soltour API info] Response from login/login: {"sessionToken":"eyJhbGciOiJIUzI1NiIsInR5cCI6IkpXVCJ9.eyJ1IjoiQkVBVVRZVDk5OSIsImRiaSI6IjQwMDM4MzYwIiwiYiI6IlNPTFRPVVIiLCJtIjoiWE1MUFQiLCJsbmciOiJQVCIsImNsIjoiQkVBVVRZVCIsIm9mIjoiOTk5IiwiYXBwIjpudWxsLCJtYWlsIjoiY3VuaGFAYmVhdXR5dHJhdmVsLnB0IiwicmwiOlsiQUdFTkNJQSIsIkNPTVVOIiwiQ09OU1VMVEEiLCJGQUNUVVJBQ0lPTiIsIk5FV19XRUIiXSwidG0iOjE3NjMxNTMxMTIxNTAsInN0cHRtIjpudWxsLCJzdHBqd3QiOm51bGwsInN0cGlkIjpudWxsLCJvdmMiOmZhbHNlLCJzZWxsIjp0cnVlLCJhcHQiOm51bGwsImRldCI6dHJ1ZSwibmV4cCI6dHJ1ZSwic2VpeiI6ZmFsc2UsInVhZ0
[14-Nov-2025 20:45:12 UTC] [Soltour API info] Session token obtido com sucesso
[14-Nov-2025 20:45:16 UTC] Loaded file: blur_effects.php
[14-Nov-2025 20:45:16 UTC] Loaded file: rkit_post_duplicator.php
[14-Nov-2025 20:45:16 UTC] Loaded file: rkit_tool_tips.php
[14-Nov-2025 20:45:16 UTC] Loaded file: rkit_wrapper_link.php
[14-Nov-2025 20:45:16 UTC] Class not found: \RomethemeKit\Rkit_Custom_Cursor
[14-Nov-2025 20:45:16 UTC] Instantiated class: \RomethemeKit\RkitDuplicator
[14-Nov-2025 20:45:16 UTC] Instantiated class: \RomethemeKit\BlurEffects
[14-Nov-2025 20:45:16 UTC] Class not found: \RomethemeKit\Rkit_Sticky_Content
[14-Nov-2025 20:45:16 UTC] Instantiated class: \RomethemeKit\RkitToolTips
[14-Nov-2025 20:45:16 UTC] Instantiated class: \RomethemeKit\RkitWrapperLink
[14-Nov-2025 20:45:16 UTC] Loaded file: blur_effects.php
[14-Nov-2025 20:45:16 UTC] Loaded file: rkit_post_duplicator.php
[14-Nov-2025 20:45:16 UTC] Loaded file: rkit_tool_tips.php
[14-Nov-2025 20:45:16 UTC] Loaded file: rkit_wrapper_link.php
[14-Nov-2025 20:45:16 UTC] Class not found: \RomethemeKit\Rkit_Custom_Cursor
[14-Nov-2025 20:45:16 UTC] Instantiated class: \RomethemeKit\RkitDuplicator
[14-Nov-2025 20:45:16 UTC] Instantiated class: \RomethemeKit\BlurEffects
[14-Nov-2025 20:45:16 UTC] Class not found: \RomethemeKit\Rkit_Sticky_Content
[14-Nov-2025 20:45:16 UTC] Instantiated class: \RomethemeKit\RkitToolTips
[14-Nov-2025 20:45:16 UTC] Instantiated class: \RomethemeKit\RkitWrapperLink
[14-Nov-2025 20:45:21 UTC] Loaded file: blur_effects.php
[14-Nov-2025 20:45:21 UTC] Loaded file: rkit_post_duplicator.php
[14-Nov-2025 20:45:21 UTC] Loaded file: rkit_tool_tips.php
[14-Nov-2025 20:45:21 UTC] Loaded file: rkit_wrapper_link.php
[14-Nov-2025 20:45:21 UTC] Class not found: \RomethemeKit\Rkit_Custom_Cursor
[14-Nov-2025 20:45:21 UTC] Instantiated class: \RomethemeKit\RkitDuplicator
[14-Nov-2025 20:45:21 UTC] Instantiated class: \RomethemeKit\BlurEffects
[14-Nov-2025 20:45:21 UTC] Class not found: \RomethemeKit\Rkit_Sticky_Content
[14-Nov-2025 20:45:21 UTC] Instantiated class: \RomethemeKit\RkitToolTips
[14-Nov-2025 20:45:21 UTC] Instantiated class: \RomethemeKit\RkitWrapperLink
[14-Nov-2025 20:45:24 UTC] Loaded file: blur_effects.php
[14-Nov-2025 20:45:24 UTC] Loaded file: rkit_post_duplicator.php
[14-Nov-2025 20:45:24 UTC] Loaded file: rkit_tool_tips.php
[14-Nov-2025 20:45:24 UTC] Loaded file: rkit_wrapper_link.php
[14-Nov-2025 20:45:24 UTC] Class not found: \RomethemeKit\Rkit_Custom_Cursor
[14-Nov-2025 20:45:24 UTC] Instantiated class: \RomethemeKit\RkitDuplicator
[14-Nov-2025 20:45:24 UTC] Instantiated class: \RomethemeKit\BlurEffects
[14-Nov-2025 20:45:24 UTC] Class not found: \RomethemeKit\Rkit_Sticky_Content
[14-Nov-2025 20:45:24 UTC] Instantiated class: \RomethemeKit\RkitToolTips
[14-Nov-2025 20:45:24 UTC] Instantiated class: \RomethemeKit\RkitWrapperLink
[14-Nov-2025 20:45:25 UTC] Loaded file: blur_effects.php
[14-Nov-2025 20:45:25 UTC] Loaded file: rkit_post_duplicator.php
[14-Nov-2025 20:45:25 UTC] Loaded file: rkit_tool_tips.php
[14-Nov-2025 20:45:25 UTC] Loaded file: rkit_wrapper_link.php
[14-Nov-2025 20:45:25 UTC] Class not found: \RomethemeKit\Rkit_Custom_Cursor
[14-Nov-2025 20:45:25 UTC] Instantiated class: \RomethemeKit\RkitDuplicator
[14-Nov-2025 20:45:25 UTC] Instantiated class: \RomethemeKit\BlurEffects
[14-Nov-2025 20:45:25 UTC] Class not found: \RomethemeKit\Rkit_Sticky_Content
[14-Nov-2025 20:45:25 UTC] Instantiated class: \RomethemeKit\RkitToolTips
[14-Nov-2025 20:45:25 UTC] Instantiated class: \RomethemeKit\RkitWrapperLink
[14-Nov-2025 20:45:27 UTC] Loaded file: blur_effects.php
[14-Nov-2025 20:45:27 UTC] Loaded file: rkit_post_duplicator.php
[14-Nov-2025 20:45:27 UTC] Loaded file: rkit_tool_tips.php
[14-Nov-2025 20:45:27 UTC] Loaded file: rkit_wrapper_link.php
[14-Nov-2025 20:45:27 UTC] Class not found: \RomethemeKit\Rkit_Custom_Cursor
[14-Nov-2025 20:45:27 UTC] Instantiated class: \RomethemeKit\RkitDuplicator
[14-Nov-2025 20:45:27 UTC] Instantiated class: \RomethemeKit\BlurEffects
[14-Nov-2025 20:45:27 UTC] Class not found: \RomethemeKit\Rkit_Sticky_Content
[14-Nov-2025 20:45:27 UTC] Instantiated class: \RomethemeKit\RkitToolTips
[14-Nov-2025 20:45:27 UTC] Instantiated class: \RomethemeKit\RkitWrapperLink
[14-Nov-2025 20:45:28 UTC] Loaded file: blur_effects.php
[14-Nov-2025 20:45:28 UTC] Loaded file: rkit_post_duplicator.php
[14-Nov-2025 20:45:28 UTC] Loaded file: rkit_tool_tips.php
[14-Nov-2025 20:45:28 UTC] Loaded file: rkit_wrapper_link.php
[14-Nov-2025 20:45:28 UTC] Class not found: \RomethemeKit\Rkit_Custom_Cursor
[14-Nov-2025 20:45:28 UTC] Instantiated class: \RomethemeKit\RkitDuplicator
[14-Nov-2025 20:45:28 UTC] Instantiated class: \RomethemeKit\BlurEffects
[14-Nov-2025 20:45:28 UTC] Class not found: \RomethemeKit\Rkit_Sticky_Content
[14-Nov-2025 20:45:28 UTC] Instantiated class: \RomethemeKit\RkitToolTips
[14-Nov-2025 20:45:28 UTC] Instantiated class: \RomethemeKit\RkitWrapperLink
[14-Nov-2025 20:45:28 UTC] Loaded file: blur_effects.php
[14-Nov-2025 20:45:28 UTC] Loaded file: rkit_post_duplicator.php
[14-Nov-2025 20:45:28 UTC] Loaded file: rkit_tool_tips.php
[14-Nov-2025 20:45:28 UTC] Loaded file: rkit_wrapper_link.php
[14-Nov-2025 20:45:28 UTC] Class not found: \RomethemeKit\Rkit_Custom_Cursor
[14-Nov-2025 20:45:28 UTC] Instantiated class: \RomethemeKit\RkitDuplicator
[14-Nov-2025 20:45:28 UTC] Instantiated class: \RomethemeKit\BlurEffects
[14-Nov-2025 20:45:28 UTC] Class not found: \RomethemeKit\Rkit_Sticky_Content
[14-Nov-2025 20:45:28 UTC] Instantiated class: \RomethemeKit\RkitToolTips
[14-Nov-2025 20:45:28 UTC] Instantiated class: \RomethemeKit\RkitWrapperLink
[14-Nov-2025 20:45:28 UTC] Loaded file: blur_effects.php
[14-Nov-2025 20:45:28 UTC] Loaded file: rkit_post_duplicator.php
[14-Nov-2025 20:45:28 UTC] Loaded file: rkit_tool_tips.php
[14-Nov-2025 20:45:28 UTC] Loaded file: blur_effects.php
[14-Nov-2025 20:45:28 UTC] Loaded file: rkit_wrapper_link.php
[14-Nov-2025 20:45:28 UTC] Class not found: \RomethemeKit\Rkit_Custom_Cursor
[14-Nov-2025 20:45:28 UTC] Instantiated class: \RomethemeKit\RkitDuplicator
[14-Nov-2025 20:45:28 UTC] Instantiated class: \RomethemeKit\BlurEffects
[14-Nov-2025 20:45:28 UTC] Class not found: \RomethemeKit\Rkit_Sticky_Content
[14-Nov-2025 20:45:28 UTC] Instantiated class: \RomethemeKit\RkitToolTips
[14-Nov-2025 20:45:28 UTC] Loaded file: rkit_post_duplicator.php
[14-Nov-2025 20:45:28 UTC] Instantiated class: \RomethemeKit\RkitWrapperLink
[14-Nov-2025 20:45:28 UTC] Loaded file: rkit_tool_tips.php
[14-Nov-2025 20:45:28 UTC] Loaded file: rkit_wrapper_link.php
[14-Nov-2025 20:45:28 UTC] Class not found: \RomethemeKit\Rkit_Custom_Cursor
[14-Nov-2025 20:45:28 UTC] Instantiated class: \RomethemeKit\RkitDuplicator
[14-Nov-2025 20:45:28 UTC] Instantiated class: \RomethemeKit\BlurEffects
[14-Nov-2025 20:45:28 UTC] Class not found: \RomethemeKit\Rkit_Sticky_Content
[14-Nov-2025 20:45:28 UTC] Instantiated class: \RomethemeKit\RkitToolTips
[14-Nov-2025 20:45:28 UTC] Instantiated class: \RomethemeKit\RkitWrapperLink
[14-Nov-2025 20:45:33 UTC] Loaded file: blur_effects.php
[14-Nov-2025 20:45:33 UTC] Loaded file: rkit_post_duplicator.php
[14-Nov-2025 20:45:33 UTC] Loaded file: rkit_tool_tips.php
[14-Nov-2025 20:45:33 UTC] Loaded file: rkit_wrapper_link.php
[14-Nov-2025 20:45:33 UTC] Class not found: \RomethemeKit\Rkit_Custom_Cursor
[14-Nov-2025 20:45:33 UTC] Instantiated class: \RomethemeKit\RkitDuplicator
[14-Nov-2025 20:45:33 UTC] Instantiated class: \RomethemeKit\BlurEffects
[14-Nov-2025 20:45:33 UTC] Class not found: \RomethemeKit\Rkit_Sticky_Content
[14-Nov-2025 20:45:33 UTC] Instantiated class: \RomethemeKit\RkitToolTips
[14-Nov-2025 20:45:33 UTC] Instantiated class: \RomethemeKit\RkitWrapperLink
[14-Nov-2025 20:45:33 UTC] Loaded file: blur_effects.php
[14-Nov-2025 20:45:33 UTC] Loaded file: rkit_post_duplicator.php
[14-Nov-2025 20:45:33 UTC] Loaded file: rkit_tool_tips.php
[14-Nov-2025 20:45:33 UTC] Loaded file: rkit_wrapper_link.php
[14-Nov-2025 20:45:33 UTC] Class not found: \RomethemeKit\Rkit_Custom_Cursor
[14-Nov-2025 20:45:33 UTC] Instantiated class: \RomethemeKit\RkitDuplicator
[14-Nov-2025 20:45:33 UTC] Instantiated class: \RomethemeKit\BlurEffects
[14-Nov-2025 20:45:33 UTC] Class not found: \RomethemeKit\Rkit_Sticky_Content
[14-Nov-2025 20:45:33 UTC] Instantiated class: \RomethemeKit\RkitToolTips
[14-Nov-2025 20:45:33 UTC] Instantiated class: \RomethemeKit\RkitWrapperLink
[14-Nov-2025 20:45:37 UTC] Loaded file: blur_effects.php
[14-Nov-2025 20:45:37 UTC] Loaded file: rkit_post_duplicator.php
[14-Nov-2025 20:45:37 UTC] Loaded file: rkit_tool_tips.php
[14-Nov-2025 20:45:37 UTC] Loaded file: rkit_wrapper_link.php
[14-Nov-2025 20:45:37 UTC] Class not found: \RomethemeKit\Rkit_Custom_Cursor
[14-Nov-2025 20:45:37 UTC] Instantiated class: \RomethemeKit\RkitDuplicator
[14-Nov-2025 20:45:37 UTC] Instantiated class: \RomethemeKit\BlurEffects
[14-Nov-2025 20:45:37 UTC] Class not found: \RomethemeKit\Rkit_Sticky_Content
[14-Nov-2025 20:45:37 UTC] Instantiated class: \RomethemeKit\RkitToolTips
[14-Nov-2025 20:45:37 UTC] Instantiated class: \RomethemeKit\RkitWrapperLink
[14-Nov-2025 20:45:44 UTC] Loaded file: blur_effects.php
[14-Nov-2025 20:45:44 UTC] Loaded file: rkit_post_duplicator.php
[14-Nov-2025 20:45:44 UTC] Loaded file: rkit_tool_tips.php
[14-Nov-2025 20:45:44 UTC] Loaded file: rkit_wrapper_link.php
[14-Nov-2025 20:45:44 UTC] Class not found: \RomethemeKit\Rkit_Custom_Cursor
[14-Nov-2025 20:45:44 UTC] Instantiated class: \RomethemeKit\RkitDuplicator
[14-Nov-2025 20:45:44 UTC] Instantiated class: \RomethemeKit\BlurEffects
[14-Nov-2025 20:45:44 UTC] Class not found: \RomethemeKit\Rkit_Sticky_Content
[14-Nov-2025 20:45:44 UTC] Instantiated class: \RomethemeKit\RkitToolTips
[14-Nov-2025 20:45:44 UTC] Instantiated class: \RomethemeKit\RkitWrapperLink
[14-Nov-2025 20:45:44 UTC] Loaded file: blur_effects.php
[14-Nov-2025 20:45:44 UTC] Loaded file: rkit_post_duplicator.php
[14-Nov-2025 20:45:44 UTC] Loaded file: rkit_tool_tips.php
[14-Nov-2025 20:45:44 UTC] Loaded file: rkit_wrapper_link.php
[14-Nov-2025 20:45:44 UTC] Class not found: \RomethemeKit\Rkit_Custom_Cursor
[14-Nov-2025 20:45:44 UTC] Instantiated class: \RomethemeKit\RkitDuplicator
[14-Nov-2025 20:45:44 UTC] Instantiated class: \RomethemeKit\BlurEffects
[14-Nov-2025 20:45:44 UTC] Class not found: \RomethemeKit\Rkit_Sticky_Content
[14-Nov-2025 20:45:44 UTC] Instantiated class: \RomethemeKit\RkitToolTips
[14-Nov-2025 20:45:44 UTC] Instantiated class: \RomethemeKit\RkitWrapperLink
[14-Nov-2025 20:45:44 UTC] Loaded file: blur_effects.php
[14-Nov-2025 20:45:44 UTC] Loaded file: rkit_post_duplicator.php
[14-Nov-2025 20:45:44 UTC] Loaded file: rkit_tool_tips.php
[14-Nov-2025 20:45:44 UTC] Loaded file: rkit_wrapper_link.php
[14-Nov-2025 20:45:44 UTC] Class not found: \RomethemeKit\Rkit_Custom_Cursor
[14-Nov-2025 20:45:44 UTC] Instantiated class: \RomethemeKit\RkitDuplicator
[14-Nov-2025 20:45:44 UTC] Instantiated class: \RomethemeKit\BlurEffects
[14-Nov-2025 20:45:44 UTC] Class not found: \RomethemeKit\Rkit_Sticky_Content
[14-Nov-2025 20:45:44 UTC] Instantiated class: \RomethemeKit\RkitToolTips
[14-Nov-2025 20:45:44 UTC] Instantiated class: \RomethemeKit\RkitWrapperLink
[14-Nov-2025 20:45:46 UTC] Loaded file: blur_effects.php
[14-Nov-2025 20:45:46 UTC] Loaded file: rkit_post_duplicator.php
[14-Nov-2025 20:45:46 UTC] Loaded file: rkit_tool_tips.php
[14-Nov-2025 20:45:46 UTC] Loaded file: rkit_wrapper_link.php
[14-Nov-2025 20:45:46 UTC] Class not found: \RomethemeKit\Rkit_Custom_Cursor
[14-Nov-2025 20:45:46 UTC] Instantiated class: \RomethemeKit\RkitDuplicator
[14-Nov-2025 20:45:46 UTC] Instantiated class: \RomethemeKit\BlurEffects
[14-Nov-2025 20:45:46 UTC] Class not found: \RomethemeKit\Rkit_Sticky_Content
[14-Nov-2025 20:45:46 UTC] Instantiated class: \RomethemeKit\RkitToolTips
[14-Nov-2025 20:45:46 UTC] Instantiated class: \RomethemeKit\RkitWrapperLink
[14-Nov-2025 20:45:47 UTC] [Soltour API info] Request to master/getAllOrigins: {"productType":"PACKAGE","destinationCode":"PUJ"}
[14-Nov-2025 20:45:47 UTC] [Soltour API info] Response from master/getAllOrigins: {"origins":[{"code":"LCG","name":"A Coruña","airportType":"AIRPORT","destinationCode":"LCG","destinationName":"LA CORUNA","description":"A Coruña","dynamic":false},{"code":"ABC","name":"Albacete","airportType":"AIRPORT","description":"Albacete","dynamic":false},{"code":"ALC","name":"Alicante","airportType":"AIRPORT","destinationCode":"ALC","destinationName":"ALICANTE","description":"Alicante","dynamic":false},{"code":"LEI","name":"Almería","airportType":"AIRPORT","destinationCode":"LEI","dest
[14-Nov-2025 20:46:13 UTC] Loaded file: blur_effects.php
[14-Nov-2025 20:46:13 UTC] Loaded file: rkit_post_duplicator.php
[14-Nov-2025 20:46:13 UTC] Loaded file: rkit_tool_tips.php
[14-Nov-2025 20:46:13 UTC] Loaded file: rkit_wrapper_link.php
[14-Nov-2025 20:46:13 UTC] Class not found: \RomethemeKit\Rkit_Custom_Cursor
[14-Nov-2025 20:46:13 UTC] Instantiated class: \RomethemeKit\RkitDuplicator
[14-Nov-2025 20:46:13 UTC] Instantiated class: \RomethemeKit\BlurEffects
[14-Nov-2025 20:46:13 UTC] Class not found: \RomethemeKit\Rkit_Sticky_Content
[14-Nov-2025 20:46:13 UTC] Instantiated class: \RomethemeKit\RkitToolTips
[14-Nov-2025 20:46:13 UTC] Instantiated class: \RomethemeKit\RkitWrapperLink
[14-Nov-2025 20:46:14 UTC] Loaded file: blur_effects.php
[14-Nov-2025 20:46:14 UTC] Loaded file: rkit_post_duplicator.php
[14-Nov-2025 20:46:14 UTC] Loaded file: rkit_tool_tips.php
[14-Nov-2025 20:46:14 UTC] Loaded file: rkit_wrapper_link.php
[14-Nov-2025 20:46:14 UTC] Class not found: \RomethemeKit\Rkit_Custom_Cursor
[14-Nov-2025 20:46:14 UTC] Instantiated class: \RomethemeKit\RkitDuplicator
[14-Nov-2025 20:46:14 UTC] Instantiated class: \RomethemeKit\BlurEffects
[14-Nov-2025 20:46:14 UTC] Class not found: \RomethemeKit\Rkit_Sticky_Content
[14-Nov-2025 20:46:14 UTC] Instantiated class: \RomethemeKit\RkitToolTips
[14-Nov-2025 20:46:14 UTC] Instantiated class: \RomethemeKit\RkitWrapperLink
[14-Nov-2025 20:46:14 UTC] Loaded file: blur_effects.php
[14-Nov-2025 20:46:14 UTC] Loaded file: rkit_post_duplicator.php
[14-Nov-2025 20:46:14 UTC] Loaded file: rkit_tool_tips.php
[14-Nov-2025 20:46:14 UTC] Loaded file: rkit_wrapper_link.php
[14-Nov-2025 20:46:14 UTC] Class not found: \RomethemeKit\Rkit_Custom_Cursor
[14-Nov-2025 20:46:14 UTC] Instantiated class: \RomethemeKit\RkitDuplicator
[14-Nov-2025 20:46:14 UTC] Instantiated class: \RomethemeKit\BlurEffects
[14-Nov-2025 20:46:14 UTC] Class not found: \RomethemeKit\Rkit_Sticky_Content
[14-Nov-2025 20:46:14 UTC] Instantiated class: \RomethemeKit\RkitToolTips
[14-Nov-2025 20:46:14 UTC] Instantiated class: \RomethemeKit\RkitWrapperLink
[14-Nov-2025 20:46:15 UTC] [Soltour API info] === AJAX SEARCH PACKAGES CALLED ===
[14-Nov-2025 20:46:15 UTC] [Soltour API info] Params recebidos do frontend:
[14-Nov-2025 20:46:15 UTC] [Soltour API info]   - first_item: 0
[14-Nov-2025 20:46:15 UTC] [Soltour API info]   - item_count: 100
[14-Nov-2025 20:46:15 UTC] [Soltour API info] Params completos: {"originCode":"MAD","destinationCode":"PUJ","startDate":"2025-11-23","numNights":7,"rooms":[{"passengers":[{"type":"ADULT","age":30},{"type":"CHILD","age":4}]},{"passengers":[{"type":"ADULT","age":30},{"type":"CHILD","age":5}]}],"productType":"PACKAGE","onlyHotel":"N","forceAvail":true,"firstItem":0,"itemCount":100}
[14-Nov-2025 20:46:15 UTC] [Soltour API info] Enviando para API Soltour (booking/availability):
[14-Nov-2025 20:46:15 UTC] [Soltour API info]   - criteria.pagination.firstItem: 0
[14-Nov-2025 20:46:15 UTC] [Soltour API info]   - criteria.pagination.itemCount: 100
[14-Nov-2025 20:46:15 UTC] [Soltour API info] Request to booking/availability: {"productType":"PACKAGE","onlyHotel":"N","forceAvail":true,"criteria":{"order":{"type":"PRICE","direction":"ASC"},"pagination":{"firstItem":0,"itemCount":100}},"languageCode":"PT","params":{"startDate":"2025-11-23","endDate":"2025-11-30","residentType":"NONE","accomodation":{"rooms":[{"passengers":[{"type":"ADULT","age":30},{"type":"CHILD","age":4}]},{"passengers":[{"type":"ADULT","age":30},{"type":"CHILD","age":5}]}]},"hotelParams":{"destinationCode":"PUJ","includeImmediatePayment":true},"flightParams":{"itineraries":[{"origins":["MAD"],"destinations":["PUJ"]}],"directFlightsOnly":false,"includeImmediatePayment":true}}}
[14-Nov-2025 20:46:18 UTC] Loaded file: blur_effects.php
[14-Nov-2025 20:46:18 UTC] Loaded file: rkit_post_duplicator.php
[14-Nov-2025 20:46:18 UTC] Loaded file: rkit_tool_tips.php
[14-Nov-2025 20:46:18 UTC] Loaded file: rkit_wrapper_link.php
[14-Nov-2025 20:46:18 UTC] Class not found: \RomethemeKit\Rkit_Custom_Cursor
[14-Nov-2025 20:46:18 UTC] Instantiated class: \RomethemeKit\RkitDuplicator
[14-Nov-2025 20:46:18 UTC] Instantiated class: \RomethemeKit\BlurEffects
[14-Nov-2025 20:46:18 UTC] Class not found: \RomethemeKit\Rkit_Sticky_Content
[14-Nov-2025 20:46:18 UTC] Instantiated class: \RomethemeKit\RkitToolTips
[14-Nov-2025 20:46:18 UTC] Instantiated class: \RomethemeKit\RkitWrapperLink
[14-Nov-2025 20:46:21 UTC] [Soltour API info] Response from booking/availability: {"productType":"PACKAGE","availToken":"+K1yYGV2mKeUIfaWQVSNFcaHlfKWouBZO2Ssl4xZfWs=","timestamp":"2025-11-14T21:46:15.541492726","serviceType":"UNDEFINED","agencyInformation":{"clientCode":"BEAUTYT","branchOfficeCode":"999","taxApplicationType":"ISC","taxRate":0,"paymentType":"PP","commission":{"currency":"EUR","rate":15}},"budgets":[{"booked":false,"selected":false,"hotelServices":[{"responseId":"kkhQqdx+1okRgpviG9AemQQUsRsWFAiBedazeJr8iJg=","id":"ae31ea40-b802-44e1-8135-e1a36c50f63a","type":"H
[14-Nov-2025 20:46:21 UTC] [Soltour API info] Resposta da API Soltour:
[14-Nov-2025 20:46:21 UTC] [Soltour API info]   - budgets: 32
[14-Nov-2025 20:46:21 UTC] [Soltour API info]   - totalCount: 0
[14-Nov-2025 20:46:21 UTC] [Soltour API info]   - hotels: 14
[14-Nov-2025 20:46:21 UTC] [Soltour API info]   - availToken: SIM
[14-Nov-2025 20:46:21 UTC] Loaded file: blur_effects.php
[14-Nov-2025 20:46:21 UTC] Loaded file: rkit_post_duplicator.php
[14-Nov-2025 20:46:21 UTC] Loaded file: rkit_tool_tips.php
[14-Nov-2025 20:46:21 UTC] Loaded file: rkit_wrapper_link.php
[14-Nov-2025 20:46:21 UTC] Class not found: \RomethemeKit\Rkit_Custom_Cursor
[14-Nov-2025 20:46:21 UTC] Instantiated class: \RomethemeKit\RkitDuplicator
[14-Nov-2025 20:46:21 UTC] Instantiated class: \RomethemeKit\BlurEffects
[14-Nov-2025 20:46:21 UTC] Class not found: \RomethemeKit\Rkit_Sticky_Content
[14-Nov-2025 20:46:21 UTC] Instantiated class: \RomethemeKit\RkitToolTips
[14-Nov-2025 20:46:21 UTC] Instantiated class: \RomethemeKit\RkitWrapperLink
[14-Nov-2025 20:46:21 UTC] Loaded file: blur_effects.php
[14-Nov-2025 20:46:21 UTC] Loaded file: rkit_post_duplicator.php
[14-Nov-2025 20:46:21 UTC] Loaded file: rkit_tool_tips.php
[14-Nov-2025 20:46:21 UTC] Loaded file: rkit_wrapper_link.php
[14-Nov-2025 20:46:21 UTC] Class not found: \RomethemeKit\Rkit_Custom_Cursor
[14-Nov-2025 20:46:21 UTC] Instantiated class: \RomethemeKit\RkitDuplicator
[14-Nov-2025 20:46:21 UTC] Instantiated class: \RomethemeKit\BlurEffects
[14-Nov-2025 20:46:21 UTC] Class not found: \RomethemeKit\Rkit_Sticky_Content
[14-Nov-2025 20:46:21 UTC] Instantiated class: \RomethemeKit\RkitToolTips
[14-Nov-2025 20:46:21 UTC] Instantiated class: \RomethemeKit\RkitWrapperLink
[14-Nov-2025 20:46:21 UTC] Loaded file: blur_effects.php
[14-Nov-2025 20:46:21 UTC] Loaded file: rkit_post_duplicator.php
[14-Nov-2025 20:46:21 UTC] Loaded file: rkit_tool_tips.php
[14-Nov-2025 20:46:21 UTC] Loaded file: rkit_wrapper_link.php
[14-Nov-2025 20:46:21 UTC] Class not found: \RomethemeKit\Rkit_Custom_Cursor
[14-Nov-2025 20:46:21 UTC] Instantiated class: \RomethemeKit\RkitDuplicator
[14-Nov-2025 20:46:21 UTC] Instantiated class: \RomethemeKit\BlurEffects
[14-Nov-2025 20:46:21 UTC] Class not found: \RomethemeKit\Rkit_Sticky_Content
[14-Nov-2025 20:46:21 UTC] Instantiated class: \RomethemeKit\RkitToolTips
[14-Nov-2025 20:46:21 UTC] Instantiated class: \RomethemeKit\RkitWrapperLink
[14-Nov-2025 20:46:21 UTC] Loaded file: blur_effects.php
[14-Nov-2025 20:46:21 UTC] Loaded file: rkit_post_duplicator.php
[14-Nov-2025 20:46:21 UTC] Loaded file: rkit_tool_tips.php
[14-Nov-2025 20:46:21 UTC] Loaded file: rkit_wrapper_link.php
[14-Nov-2025 20:46:21 UTC] Class not found: \RomethemeKit\Rkit_Custom_Cursor
[14-Nov-2025 20:46:21 UTC] Instantiated class: \RomethemeKit\RkitDuplicator
[14-Nov-2025 20:46:21 UTC] Instantiated class: \RomethemeKit\BlurEffects
[14-Nov-2025 20:46:21 UTC] Class not found: \RomethemeKit\Rkit_Sticky_Content
[14-Nov-2025 20:46:21 UTC] Instantiated class: \RomethemeKit\RkitToolTips
[14-Nov-2025 20:46:21 UTC] Instantiated class: \RomethemeKit\RkitWrapperLink
[14-Nov-2025 20:46:21 UTC] Loaded file: blur_effects.php
[14-Nov-2025 20:46:21 UTC] Loaded file: rkit_post_duplicator.php
[14-Nov-2025 20:46:21 UTC] Loaded file: rkit_tool_tips.php
[14-Nov-2025 20:46:21 UTC] Loaded file: rkit_wrapper_link.php
[14-Nov-2025 20:46:21 UTC] Class not found: \RomethemeKit\Rkit_Custom_Cursor
[14-Nov-2025 20:46:21 UTC] Instantiated class: \RomethemeKit\RkitDuplicator
[14-Nov-2025 20:46:21 UTC] Instantiated class: \RomethemeKit\BlurEffects
[14-Nov-2025 20:46:21 UTC] Class not found: \RomethemeKit\Rkit_Sticky_Content
[14-Nov-2025 20:46:21 UTC] Instantiated class: \RomethemeKit\RkitToolTips
[14-Nov-2025 20:46:21 UTC] Instantiated class: \RomethemeKit\RkitWrapperLink
[14-Nov-2025 20:46:22 UTC] [Soltour API info] Getting details for budget: H10654##TI##0$5111286748568833482#1$5483622844523280155@@CLASSICAL01, hotel: H10654
[14-Nov-2025 20:46:22 UTC] [Soltour API info] Request to booking/details: {"productType":"PACKAGE","availToken":"+K1yYGV2mKeUIfaWQVSNFcaHlfKWouBZO2Ssl4xZfWs=","budgetId":"H10654##TI##0$5111286748568833482#1$5483622844523280155@@CLASSICAL01","hotelParams":{"hotelCode":"H10654","providerCode":"UNDEFINED"}}
[14-Nov-2025 20:46:22 UTC] [Soltour API info] Getting details for budget: H186203##TI##0$5603638597038586078#1$5744280614085143455@@CLASSICAL01, hotel: H186203
[14-Nov-2025 20:46:22 UTC] [Soltour API info] Request to booking/details: {"productType":"PACKAGE","availToken":"+K1yYGV2mKeUIfaWQVSNFcaHlfKWouBZO2Ssl4xZfWs=","budgetId":"H186203##TI##0$5603638597038586078#1$5744280614085143455@@CLASSICAL01","hotelParams":{"hotelCode":"H186203","providerCode":"UNDEFINED"}}
[14-Nov-2025 20:46:22 UTC] [Soltour API info] Getting details for budget: H3784##TI##0$5378509182578838666#1$5328303186482171040@@CLASSICAL01, hotel: H3784
[14-Nov-2025 20:46:22 UTC] [Soltour API info] Request to booking/details: {"productType":"PACKAGE","availToken":"+K1yYGV2mKeUIfaWQVSNFcaHlfKWouBZO2Ssl4xZfWs=","budgetId":"H3784##TI##0$5378509182578838666#1$5328303186482171040@@CLASSICAL01","hotelParams":{"hotelCode":"H3784","providerCode":"UNDEFINED"}}
[14-Nov-2025 20:46:22 UTC] [Soltour API info] Getting details for budget: H217184##TI##0$4990733418823545176#1$5455767275780256329@@CLASSICAL01, hotel: H217184
[14-Nov-2025 20:46:22 UTC] [Soltour API info] Request to booking/details: {"productType":"PACKAGE","availToken":"+K1yYGV2mKeUIfaWQVSNFcaHlfKWouBZO2Ssl4xZfWs=","budgetId":"H217184##TI##0$4990733418823545176#1$5455767275780256329@@CLASSICAL01","hotelParams":{"hotelCode":"H217184","providerCode":"UNDEFINED"}}
[14-Nov-2025 20:46:22 UTC] [Soltour API info] Getting details for budget: H220697##TI##0$5523749803486606757#1$5002200541408197587@@CLASSICAL01, hotel: H220697
[14-Nov-2025 20:46:22 UTC] [Soltour API info] Request to booking/details: {"productType":"PACKAGE","availToken":"+K1yYGV2mKeUIfaWQVSNFcaHlfKWouBZO2Ssl4xZfWs=","budgetId":"H220697##TI##0$5523749803486606757#1$5002200541408197587@@CLASSICAL01","hotelParams":{"hotelCode":"H220697","providerCode":"UNDEFINED"}}
[14-Nov-2025 20:46:23 UTC] [Soltour API info] Response from booking/details: {"availToken":"+K1yYGV2mKeUIfaWQVSNFcaHlfKWouBZO2Ssl4xZfWs=","timestamp":"2025-11-14T21:46:23.069442371","serviceType":"UNDEFINED","agencyInformation":{"clientCode":"BEAUTYT","branchOfficeCode":"999","taxApplicationType":"ISC","taxRate":0,"paymentType":"PP","commission":{"currency":"EUR","rate":15}},"params":{"startDate":"2025-11-23","endDate":"2025-11-30","accomodation":{"rooms":[{"passengers":[{"age":30,"type":"ADULT"},{"age":4,"type":"CHILD"}]},{"passengers":[{"age":30,"type":"ADULT"},{"age":
[14-Nov-2025 20:46:23 UTC] [Soltour API info] Details response structure: {"has_budget":false,"has_details":true,"has_error":false,"error_msg":null}
[14-Nov-2025 20:46:23 UTC] [Soltour API info] Response from booking/details: {"availToken":"+K1yYGV2mKeUIfaWQVSNFcaHlfKWouBZO2Ssl4xZfWs=","timestamp":"2025-11-14T21:46:23.086935702","serviceType":"UNDEFINED","agencyInformation":{"clientCode":"BEAUTYT","branchOfficeCode":"999","taxApplicationType":"ISC","taxRate":0,"paymentType":"PP","commission":{"currency":"EUR","rate":15}},"params":{"startDate":"2025-11-23","endDate":"2025-11-30","accomodation":{"rooms":[{"passengers":[{"age":30,"type":"ADULT"},{"age":4,"type":"CHILD"}]},{"passengers":[{"age":30,"type":"ADULT"},{"age":
[14-Nov-2025 20:46:23 UTC] [Soltour API info] Details response structure: {"has_budget":false,"has_details":true,"has_error":false,"error_msg":null}
[14-Nov-2025 20:46:23 UTC] [Soltour API info] Response from booking/details: {"availToken":"+K1yYGV2mKeUIfaWQVSNFcaHlfKWouBZO2Ssl4xZfWs=","timestamp":"2025-11-14T21:46:23.192821612","serviceType":"UNDEFINED","agencyInformation":{"clientCode":"BEAUTYT","branchOfficeCode":"999","taxApplicationType":"ISC","taxRate":0,"paymentType":"PP","commission":{"currency":"EUR","rate":15}},"params":{"startDate":"2025-11-23","endDate":"2025-11-30","accomodation":{"rooms":[{"passengers":[{"age":30,"type":"ADULT"},{"age":4,"type":"CHILD"}]},{"passengers":[{"age":30,"type":"ADULT"},{"age":
[14-Nov-2025 20:46:23 UTC] [Soltour API info] Details response structure: {"has_budget":false,"has_details":true,"has_error":false,"error_msg":null}
[14-Nov-2025 20:46:23 UTC] [Soltour API info] Response from booking/details: {"availToken":"+K1yYGV2mKeUIfaWQVSNFcaHlfKWouBZO2Ssl4xZfWs=","timestamp":"2025-11-14T21:46:23.204651685","serviceType":"UNDEFINED","agencyInformation":{"clientCode":"BEAUTYT","branchOfficeCode":"999","taxApplicationType":"ISC","taxRate":0,"paymentType":"PP","commission":{"currency":"EUR","rate":15}},"params":{"startDate":"2025-11-23","endDate":"2025-11-30","accomodation":{"rooms":[{"passengers":[{"age":30,"type":"ADULT"},{"age":4,"type":"CHILD"}]},{"passengers":[{"age":30,"type":"ADULT"},{"age":
[14-Nov-2025 20:46:23 UTC] [Soltour API info] Details response structure: {"has_budget":false,"has_details":true,"has_error":false,"error_msg":null}
[14-Nov-2025 20:46:23 UTC] [Soltour API info] Response from booking/details: {"availToken":"+K1yYGV2mKeUIfaWQVSNFcaHlfKWouBZO2Ssl4xZfWs=","timestamp":"2025-11-14T21:46:23.235132936","serviceType":"UNDEFINED","agencyInformation":{"clientCode":"BEAUTYT","branchOfficeCode":"999","taxApplicationType":"ISC","taxRate":0,"paymentType":"PP","commission":{"currency":"EUR","rate":15}},"params":{"startDate":"2025-11-23","endDate":"2025-11-30","accomodation":{"rooms":[{"passengers":[{"age":30,"type":"ADULT"},{"age":4,"type":"CHILD"}]},{"passengers":[{"age":30,"type":"ADULT"},{"age":
[14-Nov-2025 20:46:23 UTC] [Soltour API info] Details response structure: {"has_budget":false,"has_details":true,"has_error":false,"error_msg":null}
[14-Nov-2025 20:46:24 UTC] Loaded file: blur_effects.php
[14-Nov-2025 20:46:24 UTC] Loaded file: rkit_post_duplicator.php
[14-Nov-2025 20:46:24 UTC] Loaded file: rkit_tool_tips.php
[14-Nov-2025 20:46:24 UTC] Loaded file: rkit_wrapper_link.php
[14-Nov-2025 20:46:24 UTC] Class not found: \RomethemeKit\Rkit_Custom_Cursor
[14-Nov-2025 20:46:24 UTC] Instantiated class: \RomethemeKit\RkitDuplicator
[14-Nov-2025 20:46:24 UTC] Instantiated class: \RomethemeKit\BlurEffects
[14-Nov-2025 20:46:24 UTC] Class not found: \RomethemeKit\Rkit_Sticky_Content
[14-Nov-2025 20:46:24 UTC] Instantiated class: \RomethemeKit\RkitToolTips
[14-Nov-2025 20:46:24 UTC] Instantiated class: \RomethemeKit\RkitWrapperLink
[14-Nov-2025 20:46:24 UTC] Loaded file: blur_effects.php
[14-Nov-2025 20:46:24 UTC] Loaded file: rkit_post_duplicator.php
[14-Nov-2025 20:46:24 UTC] Loaded file: rkit_tool_tips.php
[14-Nov-2025 20:46:24 UTC] Loaded file: rkit_wrapper_link.php
[14-Nov-2025 20:46:24 UTC] Class not found: \RomethemeKit\Rkit_Custom_Cursor
[14-Nov-2025 20:46:24 UTC] Instantiated class: \RomethemeKit\RkitDuplicator
[14-Nov-2025 20:46:24 UTC] Instantiated class: \RomethemeKit\BlurEffects
[14-Nov-2025 20:46:24 UTC] Class not found: \RomethemeKit\Rkit_Sticky_Content
[14-Nov-2025 20:46:24 UTC] Instantiated class: \RomethemeKit\RkitToolTips
[14-Nov-2025 20:46:24 UTC] Instantiated class: \RomethemeKit\RkitWrapperLink
[14-Nov-2025 20:46:24 UTC] Loaded file: blur_effects.php
[14-Nov-2025 20:46:24 UTC] Loaded file: rkit_post_duplicator.php
[14-Nov-2025 20:46:24 UTC] Loaded file: rkit_tool_tips.php
[14-Nov-2025 20:46:24 UTC] Loaded file: rkit_wrapper_link.php
[14-Nov-2025 20:46:24 UTC] Class not found: \RomethemeKit\Rkit_Custom_Cursor
[14-Nov-2025 20:46:24 UTC] Instantiated class: \RomethemeKit\RkitDuplicator
[14-Nov-2025 20:46:24 UTC] Instantiated class: \RomethemeKit\BlurEffects
[14-Nov-2025 20:46:24 UTC] Class not found: \RomethemeKit\Rkit_Sticky_Content
[14-Nov-2025 20:46:24 UTC] Instantiated class: \RomethemeKit\RkitToolTips
[14-Nov-2025 20:46:24 UTC] Instantiated class: \RomethemeKit\RkitWrapperLink
[14-Nov-2025 20:46:24 UTC] Loaded file: blur_effects.php
[14-Nov-2025 20:46:24 UTC] Loaded file: rkit_post_duplicator.php
[14-Nov-2025 20:46:24 UTC] Loaded file: rkit_tool_tips.php
[14-Nov-2025 20:46:24 UTC] Loaded file: rkit_wrapper_link.php
[14-Nov-2025 20:46:24 UTC] Class not found: \RomethemeKit\Rkit_Custom_Cursor
[14-Nov-2025 20:46:24 UTC] Instantiated class: \RomethemeKit\RkitDuplicator
[14-Nov-2025 20:46:24 UTC] Instantiated class: \RomethemeKit\BlurEffects
[14-Nov-2025 20:46:24 UTC] Class not found: \RomethemeKit\Rkit_Sticky_Content
[14-Nov-2025 20:46:24 UTC] Instantiated class: \RomethemeKit\RkitToolTips
[14-Nov-2025 20:46:24 UTC] Instantiated class: \RomethemeKit\RkitWrapperLink
[14-Nov-2025 20:46:24 UTC] Loaded file: blur_effects.php
[14-Nov-2025 20:46:24 UTC] Loaded file: rkit_post_duplicator.php
[14-Nov-2025 20:46:24 UTC] Loaded file: rkit_tool_tips.php
[14-Nov-2025 20:46:24 UTC] Loaded file: rkit_wrapper_link.php
[14-Nov-2025 20:46:24 UTC] Class not found: \RomethemeKit\Rkit_Custom_Cursor
[14-Nov-2025 20:46:24 UTC] Instantiated class: \RomethemeKit\RkitDuplicator
[14-Nov-2025 20:46:24 UTC] Instantiated class: \RomethemeKit\BlurEffects
[14-Nov-2025 20:46:24 UTC] Class not found: \RomethemeKit\Rkit_Sticky_Content
[14-Nov-2025 20:46:24 UTC] Instantiated class: \RomethemeKit\RkitToolTips
[14-Nov-2025 20:46:24 UTC] Instantiated class: \RomethemeKit\RkitWrapperLink
[14-Nov-2025 20:46:24 UTC] [Soltour API info] Getting details for budget: H3##TI##0$5100322500011482926#1$5204685033493252787@@CLASSICAL01, hotel: H3
[14-Nov-2025 20:46:24 UTC] [Soltour API info] Request to booking/details: {"productType":"PACKAGE","availToken":"+K1yYGV2mKeUIfaWQVSNFcaHlfKWouBZO2Ssl4xZfWs=","budgetId":"H3##TI##0$5100322500011482926#1$5204685033493252787@@CLASSICAL01","hotelParams":{"hotelCode":"H3","providerCode":"UNDEFINED"}}
[14-Nov-2025 20:46:24 UTC] [Soltour API info] Getting details for budget: H35##TI##0$5483530705478181705#1$5206501862739531988@@CLASSICAL01, hotel: H35
[14-Nov-2025 20:46:24 UTC] [Soltour API info] Request to booking/details: {"productType":"PACKAGE","availToken":"+K1yYGV2mKeUIfaWQVSNFcaHlfKWouBZO2Ssl4xZfWs=","budgetId":"H35##TI##0$5483530705478181705#1$5206501862739531988@@CLASSICAL01","hotelParams":{"hotelCode":"H35","providerCode":"UNDEFINED"}}
[14-Nov-2025 20:46:24 UTC] [Soltour API info] Getting details for budget: H14##TI##0$4796681986480570375#1$5397674504681224377@@CLASSICAL01, hotel: H14
[14-Nov-2025 20:46:24 UTC] [Soltour API info] Request to booking/details: {"productType":"PACKAGE","availToken":"+K1yYGV2mKeUIfaWQVSNFcaHlfKWouBZO2Ssl4xZfWs=","budgetId":"H14##TI##0$4796681986480570375#1$5397674504681224377@@CLASSICAL01","hotelParams":{"hotelCode":"H14","providerCode":"UNDEFINED"}}
[14-Nov-2025 20:46:24 UTC] [Soltour API info] Getting details for budget: H24##TI##0$5008312943273300192#1$5038242280965886367@@CLASSICAL01, hotel: H24
[14-Nov-2025 20:46:24 UTC] [Soltour API info] Request to booking/details: {"productType":"PACKAGE","availToken":"+K1yYGV2mKeUIfaWQVSNFcaHlfKWouBZO2Ssl4xZfWs=","budgetId":"H24##TI##0$5008312943273300192#1$5038242280965886367@@CLASSICAL01","hotelParams":{"hotelCode":"H24","providerCode":"UNDEFINED"}}
[14-Nov-2025 20:46:24 UTC] [Soltour API info] Getting details for budget: H1##TI##0$4713621308894804939#1$5394497826199448956@@CLASSICAL01, hotel: H1
[14-Nov-2025 20:46:24 UTC] [Soltour API info] Request to booking/details: {"productType":"PACKAGE","availToken":"+K1yYGV2mKeUIfaWQVSNFcaHlfKWouBZO2Ssl4xZfWs=","budgetId":"H1##TI##0$4713621308894804939#1$5394497826199448956@@CLASSICAL01","hotelParams":{"hotelCode":"H1","providerCode":"UNDEFINED"}}
[14-Nov-2025 20:46:25 UTC] [Soltour API info] Response from booking/details: {"availToken":"+K1yYGV2mKeUIfaWQVSNFcaHlfKWouBZO2Ssl4xZfWs=","timestamp":"2025-11-14T21:46:25.146445087","serviceType":"UNDEFINED","agencyInformation":{"clientCode":"BEAUTYT","branchOfficeCode":"999","taxApplicationType":"ISC","taxRate":0,"paymentType":"PP","commission":{"currency":"EUR","rate":15}},"params":{"startDate":"2025-11-23","endDate":"2025-11-30","accomodation":{"rooms":[{"passengers":[{"age":30,"type":"ADULT"},{"age":4,"type":"CHILD"}]},{"passengers":[{"age":30,"type":"ADULT"},{"age":
[14-Nov-2025 20:46:25 UTC] [Soltour API info] Details response structure: {"has_budget":false,"has_details":true,"has_error":false,"error_msg":null}
[14-Nov-2025 20:46:25 UTC] [Soltour API info] Response from booking/details: {"availToken":"+K1yYGV2mKeUIfaWQVSNFcaHlfKWouBZO2Ssl4xZfWs=","timestamp":"2025-11-14T21:46:25.361469151","serviceType":"UNDEFINED","agencyInformation":{"clientCode":"BEAUTYT","branchOfficeCode":"999","taxApplicationType":"ISC","taxRate":0,"paymentType":"PP","commission":{"currency":"EUR","rate":15}},"params":{"startDate":"2025-11-23","endDate":"2025-11-30","accomodation":{"rooms":[{"passengers":[{"age":30,"type":"ADULT"},{"age":4,"type":"CHILD"}]},{"passengers":[{"age":30,"type":"ADULT"},{"age":
[14-Nov-2025 20:46:25 UTC] [Soltour API info] Details response structure: {"has_budget":false,"has_details":true,"has_error":false,"error_msg":null}
[14-Nov-2025 20:46:25 UTC] [Soltour API info] Response from booking/details: {"availToken":"+K1yYGV2mKeUIfaWQVSNFcaHlfKWouBZO2Ssl4xZfWs=","timestamp":"2025-11-14T21:46:25.315447551","serviceType":"UNDEFINED","agencyInformation":{"clientCode":"BEAUTYT","branchOfficeCode":"999","taxApplicationType":"ISC","taxRate":0,"paymentType":"PP","commission":{"currency":"EUR","rate":15}},"params":{"startDate":"2025-11-23","endDate":"2025-11-30","accomodation":{"rooms":[{"passengers":[{"age":30,"type":"ADULT"},{"age":4,"type":"CHILD"}]},{"passengers":[{"age":30,"type":"ADULT"},{"age":
[14-Nov-2025 20:46:25 UTC] [Soltour API info] Details response structure: {"has_budget":false,"has_details":true,"has_error":false,"error_msg":null}
[14-Nov-2025 20:46:25 UTC] [Soltour API info] Response from booking/details: {"availToken":"+K1yYGV2mKeUIfaWQVSNFcaHlfKWouBZO2Ssl4xZfWs=","timestamp":"2025-11-14T21:46:25.553523513","serviceType":"UNDEFINED","agencyInformation":{"clientCode":"BEAUTYT","branchOfficeCode":"999","taxApplicationType":"ISC","taxRate":0,"paymentType":"PP","commission":{"currency":"EUR","rate":15}},"params":{"startDate":"2025-11-23","endDate":"2025-11-30","accomodation":{"rooms":[{"passengers":[{"age":30,"type":"ADULT"},{"age":4,"type":"CHILD"}]},{"passengers":[{"age":30,"type":"ADULT"},{"age":
[14-Nov-2025 20:46:25 UTC] [Soltour API info] Details response structure: {"has_budget":false,"has_details":true,"has_error":false,"error_msg":null}
[14-Nov-2025 20:46:25 UTC] [Soltour API info] Response from booking/details: {"availToken":"+K1yYGV2mKeUIfaWQVSNFcaHlfKWouBZO2Ssl4xZfWs=","timestamp":"2025-11-14T21:46:25.380429769","serviceType":"UNDEFINED","agencyInformation":{"clientCode":"BEAUTYT","branchOfficeCode":"999","taxApplicationType":"ISC","taxRate":0,"paymentType":"PP","commission":{"currency":"EUR","rate":15}},"params":{"startDate":"2025-11-23","endDate":"2025-11-30","accomodation":{"rooms":[{"passengers":[{"age":30,"type":"ADULT"},{"age":4,"type":"CHILD"}]},{"passengers":[{"age":30,"type":"ADULT"},{"age":
[14-Nov-2025 20:46:25 UTC] [Soltour API info] Details response structure: {"has_budget":false,"has_details":true,"has_error":false,"error_msg":null}
[14-Nov-2025 20:46:25 UTC] Loaded file: blur_effects.php
[14-Nov-2025 20:46:25 UTC] Loaded file: rkit_post_duplicator.php
[14-Nov-2025 20:46:25 UTC] Loaded file: rkit_tool_tips.php
[14-Nov-2025 20:46:25 UTC] Loaded file: rkit_wrapper_link.php
[14-Nov-2025 20:46:25 UTC] Class not found: \RomethemeKit\Rkit_Custom_Cursor
[14-Nov-2025 20:46:25 UTC] Instantiated class: \RomethemeKit\RkitDuplicator
[14-Nov-2025 20:46:25 UTC] Instantiated class: \RomethemeKit\BlurEffects
[14-Nov-2025 20:46:25 UTC] Class not found: \RomethemeKit\Rkit_Sticky_Content
[14-Nov-2025 20:46:25 UTC] Instantiated class: \RomethemeKit\RkitToolTips
[14-Nov-2025 20:46:25 UTC] Instantiated class: \RomethemeKit\RkitWrapperLink
[14-Nov-2025 20:46:25 UTC] Loaded file: blur_effects.php
[14-Nov-2025 20:46:25 UTC] Loaded file: rkit_post_duplicator.php
[14-Nov-2025 20:46:25 UTC] Loaded file: rkit_tool_tips.php
[14-Nov-2025 20:46:25 UTC] Loaded file: rkit_wrapper_link.php
[14-Nov-2025 20:46:25 UTC] Class not found: \RomethemeKit\Rkit_Custom_Cursor
[14-Nov-2025 20:46:25 UTC] Instantiated class: \RomethemeKit\RkitDuplicator
[14-Nov-2025 20:46:25 UTC] Instantiated class: \RomethemeKit\BlurEffects
[14-Nov-2025 20:46:25 UTC] Class not found: \RomethemeKit\Rkit_Sticky_Content
[14-Nov-2025 20:46:25 UTC] Instantiated class: \RomethemeKit\RkitToolTips
[14-Nov-2025 20:46:25 UTC] Instantiated class: \RomethemeKit\RkitWrapperLink
[14-Nov-2025 20:46:25 UTC] Loaded file: blur_effects.php
[14-Nov-2025 20:46:25 UTC] Loaded file: rkit_post_duplicator.php
[14-Nov-2025 20:46:25 UTC] Loaded file: rkit_tool_tips.php
[14-Nov-2025 20:46:25 UTC] Loaded file: rkit_wrapper_link.php
[14-Nov-2025 20:46:25 UTC] Class not found: \RomethemeKit\Rkit_Custom_Cursor
[14-Nov-2025 20:46:25 UTC] Instantiated class: \RomethemeKit\RkitDuplicator
[14-Nov-2025 20:46:25 UTC] Instantiated class: \RomethemeKit\BlurEffects
[14-Nov-2025 20:46:25 UTC] Class not found: \RomethemeKit\Rkit_Sticky_Content
[14-Nov-2025 20:46:25 UTC] Instantiated class: \RomethemeKit\RkitToolTips
[14-Nov-2025 20:46:25 UTC] Instantiated class: \RomethemeKit\RkitWrapperLink
[14-Nov-2025 20:46:26 UTC] [Soltour API info] Getting details for budget: H81784##TI##0$4816113332803190881#1$5202405798052991863@@CLASSICAL01, hotel: H81784
[14-Nov-2025 20:46:26 UTC] [Soltour API info] Request to booking/details: {"productType":"PACKAGE","availToken":"+K1yYGV2mKeUIfaWQVSNFcaHlfKWouBZO2Ssl4xZfWs=","budgetId":"H81784##TI##0$4816113332803190881#1$5202405798052991863@@CLASSICAL01","hotelParams":{"hotelCode":"H81784","providerCode":"UNDEFINED"}}
[14-Nov-2025 20:46:26 UTC] [Soltour API info] Getting details for budget: H199372##TI##0$5717930678496603205#1$5231397341789403043@@CLASSICAL01, hotel: H199372
[14-Nov-2025 20:46:26 UTC] [Soltour API info] Request to booking/details: {"productType":"PACKAGE","availToken":"+K1yYGV2mKeUIfaWQVSNFcaHlfKWouBZO2Ssl4xZfWs=","budgetId":"H199372##TI##0$5717930678496603205#1$5231397341789403043@@CLASSICAL01","hotelParams":{"hotelCode":"H199372","providerCode":"UNDEFINED"}}
[14-Nov-2025 20:46:26 UTC] [Soltour API info] Getting details for budget: H80090##TI##0$4628637157071124726#1$5641254581805844605@@CLASSICAL01, hotel: H80090
[14-Nov-2025 20:46:26 UTC] [Soltour API info] Request to booking/details: {"productType":"PACKAGE","availToken":"+K1yYGV2mKeUIfaWQVSNFcaHlfKWouBZO2Ssl4xZfWs=","budgetId":"H80090##TI##0$4628637157071124726#1$5641254581805844605@@CLASSICAL01","hotelParams":{"hotelCode":"H80090","providerCode":"UNDEFINED"}}
[14-Nov-2025 20:46:26 UTC] [Soltour API info] Response from booking/details: {"availToken":"+K1yYGV2mKeUIfaWQVSNFcaHlfKWouBZO2Ssl4xZfWs=","timestamp":"2025-11-14T21:46:26.746793241","serviceType":"UNDEFINED","agencyInformation":{"clientCode":"BEAUTYT","branchOfficeCode":"999","taxApplicationType":"ISC","taxRate":0,"paymentType":"PP","commission":{"currency":"EUR","rate":15}},"params":{"startDate":"2025-11-23","endDate":"2025-11-30","accomodation":{"rooms":[{"passengers":[{"age":30,"type":"ADULT"},{"age":4,"type":"CHILD"}]},{"passengers":[{"age":30,"type":"ADULT"},{"age":
[14-Nov-2025 20:46:26 UTC] [Soltour API info] Details response structure: {"has_budget":false,"has_details":true,"has_error":false,"error_msg":null}
[14-Nov-2025 20:46:26 UTC] [Soltour API info] Response from booking/details: {"availToken":"+K1yYGV2mKeUIfaWQVSNFcaHlfKWouBZO2Ssl4xZfWs=","timestamp":"2025-11-14T21:46:26.792696182","serviceType":"UNDEFINED","agencyInformation":{"clientCode":"BEAUTYT","branchOfficeCode":"999","taxApplicationType":"ISC","taxRate":0,"paymentType":"PP","commission":{"currency":"EUR","rate":15}},"params":{"startDate":"2025-11-23","endDate":"2025-11-30","accomodation":{"rooms":[{"passengers":[{"age":30,"type":"ADULT"},{"age":4,"type":"CHILD"}]},{"passengers":[{"age":30,"type":"ADULT"},{"age":
[14-Nov-2025 20:46:26 UTC] [Soltour API info] Details response structure: {"has_budget":false,"has_details":true,"has_error":false,"error_msg":null}
[14-Nov-2025 20:46:26 UTC] [Soltour API info] Response from booking/details: {"availToken":"+K1yYGV2mKeUIfaWQVSNFcaHlfKWouBZO2Ssl4xZfWs=","timestamp":"2025-11-14T21:46:26.838813349","serviceType":"UNDEFINED","agencyInformation":{"clientCode":"BEAUTYT","branchOfficeCode":"999","taxApplicationType":"ISC","taxRate":0,"paymentType":"PP","commission":{"currency":"EUR","rate":15}},"params":{"startDate":"2025-11-23","endDate":"2025-11-30","accomodation":{"rooms":[{"passengers":[{"age":30,"type":"ADULT"},{"age":4,"type":"CHILD"}]},{"passengers":[{"age":30,"type":"ADULT"},{"age":
[14-Nov-2025 20:46:26 UTC] [Soltour API info] Details response structure: {"has_budget":false,"has_details":true,"has_error":false,"error_msg":null}
[14-Nov-2025 20:47:19 UTC] Loaded file: blur_effects.php
[14-Nov-2025 20:47:19 UTC] Loaded file: rkit_post_duplicator.php
[14-Nov-2025 20:47:19 UTC] Loaded file: rkit_tool_tips.php
[14-Nov-2025 20:47:19 UTC] Loaded file: rkit_wrapper_link.php
[14-Nov-2025 20:47:19 UTC] Class not found: \RomethemeKit\Rkit_Custom_Cursor
[14-Nov-2025 20:47:19 UTC] Instantiated class: \RomethemeKit\RkitDuplicator
[14-Nov-2025 20:47:19 UTC] Instantiated class: \RomethemeKit\BlurEffects
[14-Nov-2025 20:47:19 UTC] Class not found: \RomethemeKit\Rkit_Sticky_Content
[14-Nov-2025 20:47:19 UTC] Instantiated class: \RomethemeKit\RkitToolTips
[14-Nov-2025 20:47:19 UTC] Instantiated class: \RomethemeKit\RkitWrapperLink
[14-Nov-2025 20:47:20 UTC] Loaded file: blur_effects.php
[14-Nov-2025 20:47:20 UTC] Loaded file: rkit_post_duplicator.php
[14-Nov-2025 20:47:20 UTC] Loaded file: rkit_tool_tips.php
[14-Nov-2025 20:47:20 UTC] Loaded file: rkit_wrapper_link.php
[14-Nov-2025 20:47:20 UTC] Class not found: \RomethemeKit\Rkit_Custom_Cursor
[14-Nov-2025 20:47:20 UTC] Instantiated class: \RomethemeKit\RkitDuplicator
[14-Nov-2025 20:47:20 UTC] Instantiated class: \RomethemeKit\BlurEffects
[14-Nov-2025 20:47:20 UTC] Class not found: \RomethemeKit\Rkit_Sticky_Content
[14-Nov-2025 20:47:20 UTC] Instantiated class: \RomethemeKit\RkitToolTips
[14-Nov-2025 20:47:20 UTC] Instantiated class: \RomethemeKit\RkitWrapperLink
