[13-Nov-2025 09:45:56 UTC] Loaded file: blur_effects.php
[13-Nov-2025 09:45:56 UTC] Loaded file: rkit_post_duplicator.php
[13-Nov-2025 09:45:56 UTC] Loaded file: rkit_tool_tips.php
[13-Nov-2025 09:45:56 UTC] Loaded file: rkit_wrapper_link.php
[13-Nov-2025 09:45:56 UTC] Class not found: \RomethemeKit\Rkit_Custom_Cursor
[13-Nov-2025 09:45:56 UTC] Instantiated class: \RomethemeKit\RkitDuplicator
[13-Nov-2025 09:45:56 UTC] Instantiated class: \RomethemeKit\BlurEffects
[13-Nov-2025 09:45:56 UTC] Class not found: \RomethemeKit\Rkit_Sticky_Content
[13-Nov-2025 09:45:56 UTC] Instantiated class: \RomethemeKit\RkitToolTips
[13-Nov-2025 09:45:56 UTC] Instantiated class: \RomethemeKit\RkitWrapperLink
[13-Nov-2025 09:45:57 UTC] Loaded file: blur_effects.php
[13-Nov-2025 09:45:57 UTC] Loaded file: rkit_post_duplicator.php
[13-Nov-2025 09:45:57 UTC] Loaded file: rkit_tool_tips.php
[13-Nov-2025 09:45:57 UTC] Loaded file: rkit_wrapper_link.php
[13-Nov-2025 09:45:57 UTC] Class not found: \RomethemeKit\Rkit_Custom_Cursor
[13-Nov-2025 09:45:57 UTC] Instantiated class: \RomethemeKit\RkitDuplicator
[13-Nov-2025 09:45:57 UTC] Instantiated class: \RomethemeKit\BlurEffects
[13-Nov-2025 09:45:57 UTC] Class not found: \RomethemeKit\Rkit_Sticky_Content
[13-Nov-2025 09:45:57 UTC] Instantiated class: \RomethemeKit\RkitToolTips
[13-Nov-2025 09:45:57 UTC] Instantiated class: \RomethemeKit\RkitWrapperLink
[13-Nov-2025 09:45:58 UTC] Loaded file: blur_effects.php
[13-Nov-2025 09:45:58 UTC] Loaded file: rkit_post_duplicator.php
[13-Nov-2025 09:45:58 UTC] Loaded file: rkit_tool_tips.php
[13-Nov-2025 09:45:58 UTC] Loaded file: rkit_wrapper_link.php
[13-Nov-2025 09:45:58 UTC] Class not found: \RomethemeKit\Rkit_Custom_Cursor
[13-Nov-2025 09:45:58 UTC] Instantiated class: \RomethemeKit\RkitDuplicator
[13-Nov-2025 09:45:58 UTC] Instantiated class: \RomethemeKit\BlurEffects
[13-Nov-2025 09:45:58 UTC] Class not found: \RomethemeKit\Rkit_Sticky_Content
[13-Nov-2025 09:45:58 UTC] Instantiated class: \RomethemeKit\RkitToolTips
[13-Nov-2025 09:45:58 UTC] Instantiated class: \RomethemeKit\RkitWrapperLink
[13-Nov-2025 09:45:58 UTC] Soltour Booking V2: Plugin desativado
[13-Nov-2025 09:45:59 UTC] Loaded file: blur_effects.php
[13-Nov-2025 09:45:59 UTC] Loaded file: rkit_post_duplicator.php
[13-Nov-2025 09:45:59 UTC] Loaded file: rkit_tool_tips.php
[13-Nov-2025 09:45:59 UTC] Loaded file: rkit_wrapper_link.php
[13-Nov-2025 09:45:59 UTC] Class not found: \RomethemeKit\Rkit_Custom_Cursor
[13-Nov-2025 09:45:59 UTC] Instantiated class: \RomethemeKit\RkitDuplicator
[13-Nov-2025 09:45:59 UTC] Instantiated class: \RomethemeKit\BlurEffects
[13-Nov-2025 09:45:59 UTC] Class not found: \RomethemeKit\Rkit_Sticky_Content
[13-Nov-2025 09:45:59 UTC] Instantiated class: \RomethemeKit\RkitToolTips
[13-Nov-2025 09:45:59 UTC] Instantiated class: \RomethemeKit\RkitWrapperLink
[13-Nov-2025 09:46:03 UTC] Loaded file: blur_effects.php
[13-Nov-2025 09:46:03 UTC] Loaded file: rkit_post_duplicator.php
[13-Nov-2025 09:46:03 UTC] Loaded file: rkit_tool_tips.php
[13-Nov-2025 09:46:03 UTC] Loaded file: rkit_wrapper_link.php
[13-Nov-2025 09:46:03 UTC] Class not found: \RomethemeKit\Rkit_Custom_Cursor
[13-Nov-2025 09:46:03 UTC] Instantiated class: \RomethemeKit\RkitDuplicator
[13-Nov-2025 09:46:03 UTC] Instantiated class: \RomethemeKit\BlurEffects
[13-Nov-2025 09:46:03 UTC] Class not found: \RomethemeKit\Rkit_Sticky_Content
[13-Nov-2025 09:46:03 UTC] Instantiated class: \RomethemeKit\RkitToolTips
[13-Nov-2025 09:46:03 UTC] Instantiated class: \RomethemeKit\RkitWrapperLink
[13-Nov-2025 09:46:06 UTC] Loaded file: blur_effects.php
[13-Nov-2025 09:46:06 UTC] Loaded file: rkit_post_duplicator.php
[13-Nov-2025 09:46:06 UTC] Loaded file: rkit_tool_tips.php
[13-Nov-2025 09:46:06 UTC] Loaded file: rkit_wrapper_link.php
[13-Nov-2025 09:46:06 UTC] Class not found: \RomethemeKit\Rkit_Custom_Cursor
[13-Nov-2025 09:46:06 UTC] Instantiated class: \RomethemeKit\RkitDuplicator
[13-Nov-2025 09:46:06 UTC] Instantiated class: \RomethemeKit\BlurEffects
[13-Nov-2025 09:46:06 UTC] Class not found: \RomethemeKit\Rkit_Sticky_Content
[13-Nov-2025 09:46:06 UTC] Instantiated class: \RomethemeKit\RkitToolTips
[13-Nov-2025 09:46:06 UTC] Instantiated class: \RomethemeKit\RkitWrapperLink
[13-Nov-2025 09:46:06 UTC] Loaded file: blur_effects.php
[13-Nov-2025 09:46:06 UTC] Loaded file: rkit_post_duplicator.php
[13-Nov-2025 09:46:06 UTC] Loaded file: rkit_tool_tips.php
[13-Nov-2025 09:46:06 UTC] Loaded file: rkit_wrapper_link.php
[13-Nov-2025 09:46:06 UTC] Class not found: \RomethemeKit\Rkit_Custom_Cursor
[13-Nov-2025 09:46:06 UTC] Instantiated class: \RomethemeKit\RkitDuplicator
[13-Nov-2025 09:46:06 UTC] Instantiated class: \RomethemeKit\BlurEffects
[13-Nov-2025 09:46:06 UTC] Class not found: \RomethemeKit\Rkit_Sticky_Content
[13-Nov-2025 09:46:06 UTC] Instantiated class: \RomethemeKit\RkitToolTips
[13-Nov-2025 09:46:06 UTC] Instantiated class: \RomethemeKit\RkitWrapperLink
[13-Nov-2025 09:47:37 UTC] Loaded file: blur_effects.php
[13-Nov-2025 09:47:37 UTC] Loaded file: rkit_post_duplicator.php
[13-Nov-2025 09:47:37 UTC] Loaded file: rkit_tool_tips.php
[13-Nov-2025 09:47:37 UTC] Loaded file: rkit_wrapper_link.php
[13-Nov-2025 09:47:37 UTC] Class not found: \RomethemeKit\Rkit_Custom_Cursor
[13-Nov-2025 09:47:37 UTC] Instantiated class: \RomethemeKit\RkitDuplicator
[13-Nov-2025 09:47:37 UTC] Instantiated class: \RomethemeKit\BlurEffects
[13-Nov-2025 09:47:37 UTC] Class not found: \RomethemeKit\Rkit_Sticky_Content
[13-Nov-2025 09:47:37 UTC] Instantiated class: \RomethemeKit\RkitToolTips
[13-Nov-2025 09:47:37 UTC] Instantiated class: \RomethemeKit\RkitWrapperLink
[13-Nov-2025 09:47:38 UTC] Loaded file: blur_effects.php
[13-Nov-2025 09:47:38 UTC] Loaded file: rkit_post_duplicator.php
[13-Nov-2025 09:47:38 UTC] Loaded file: rkit_tool_tips.php
[13-Nov-2025 09:47:38 UTC] Loaded file: rkit_wrapper_link.php
[13-Nov-2025 09:47:38 UTC] Class not found: \RomethemeKit\Rkit_Custom_Cursor
[13-Nov-2025 09:47:38 UTC] Instantiated class: \RomethemeKit\RkitDuplicator
[13-Nov-2025 09:47:38 UTC] Instantiated class: \RomethemeKit\BlurEffects
[13-Nov-2025 09:47:38 UTC] Class not found: \RomethemeKit\Rkit_Sticky_Content
[13-Nov-2025 09:47:38 UTC] Instantiated class: \RomethemeKit\RkitToolTips
[13-Nov-2025 09:47:38 UTC] Instantiated class: \RomethemeKit\RkitWrapperLink
[13-Nov-2025 09:47:38 UTC] Loaded file: blur_effects.php
[13-Nov-2025 09:47:38 UTC] Loaded file: rkit_post_duplicator.php
[13-Nov-2025 09:47:38 UTC] Loaded file: rkit_tool_tips.php
[13-Nov-2025 09:47:38 UTC] Loaded file: rkit_wrapper_link.php
[13-Nov-2025 09:47:38 UTC] Class not found: \RomethemeKit\Rkit_Custom_Cursor
[13-Nov-2025 09:47:38 UTC] Instantiated class: \RomethemeKit\RkitDuplicator
[13-Nov-2025 09:47:38 UTC] Instantiated class: \RomethemeKit\BlurEffects
[13-Nov-2025 09:47:38 UTC] Class not found: \RomethemeKit\Rkit_Sticky_Content
[13-Nov-2025 09:47:38 UTC] Instantiated class: \RomethemeKit\RkitToolTips
[13-Nov-2025 09:47:38 UTC] Instantiated class: \RomethemeKit\RkitWrapperLink
[13-Nov-2025 09:47:38 UTC] Loaded file: blur_effects.php
[13-Nov-2025 09:47:38 UTC] Loaded file: rkit_post_duplicator.php
[13-Nov-2025 09:47:38 UTC] Loaded file: rkit_tool_tips.php
[13-Nov-2025 09:47:38 UTC] Loaded file: rkit_wrapper_link.php
[13-Nov-2025 09:47:38 UTC] Class not found: \RomethemeKit\Rkit_Custom_Cursor
[13-Nov-2025 09:47:38 UTC] Instantiated class: \RomethemeKit\RkitDuplicator
[13-Nov-2025 09:47:38 UTC] Instantiated class: \RomethemeKit\BlurEffects
[13-Nov-2025 09:47:38 UTC] Class not found: \RomethemeKit\Rkit_Sticky_Content
[13-Nov-2025 09:47:38 UTC] Instantiated class: \RomethemeKit\RkitToolTips
[13-Nov-2025 09:47:38 UTC] Instantiated class: \RomethemeKit\RkitWrapperLink
[13-Nov-2025 09:47:39 UTC] Loaded file: blur_effects.php
[13-Nov-2025 09:47:39 UTC] Loaded file: rkit_post_duplicator.php
[13-Nov-2025 09:47:39 UTC] Loaded file: rkit_tool_tips.php
[13-Nov-2025 09:47:39 UTC] Loaded file: rkit_wrapper_link.php
[13-Nov-2025 09:47:39 UTC] Class not found: \RomethemeKit\Rkit_Custom_Cursor
[13-Nov-2025 09:47:39 UTC] Instantiated class: \RomethemeKit\RkitDuplicator
[13-Nov-2025 09:47:39 UTC] Instantiated class: \RomethemeKit\BlurEffects
[13-Nov-2025 09:47:39 UTC] Class not found: \RomethemeKit\Rkit_Sticky_Content
[13-Nov-2025 09:47:39 UTC] Instantiated class: \RomethemeKit\RkitToolTips
[13-Nov-2025 09:47:39 UTC] Instantiated class: \RomethemeKit\RkitWrapperLink
[13-Nov-2025 09:47:46 UTC] Loaded file: blur_effects.php
[13-Nov-2025 09:47:46 UTC] Loaded file: rkit_post_duplicator.php
[13-Nov-2025 09:47:46 UTC] Loaded file: rkit_tool_tips.php
[13-Nov-2025 09:47:46 UTC] Loaded file: rkit_wrapper_link.php
[13-Nov-2025 09:47:46 UTC] Class not found: \RomethemeKit\Rkit_Custom_Cursor
[13-Nov-2025 09:47:46 UTC] Instantiated class: \RomethemeKit\RkitDuplicator
[13-Nov-2025 09:47:46 UTC] Instantiated class: \RomethemeKit\BlurEffects
[13-Nov-2025 09:47:46 UTC] Class not found: \RomethemeKit\Rkit_Sticky_Content
[13-Nov-2025 09:47:46 UTC] Instantiated class: \RomethemeKit\RkitToolTips
[13-Nov-2025 09:47:46 UTC] Instantiated class: \RomethemeKit\RkitWrapperLink
[13-Nov-2025 09:47:49 UTC] Loaded file: blur_effects.php
[13-Nov-2025 09:47:49 UTC] Loaded file: rkit_post_duplicator.php
[13-Nov-2025 09:47:49 UTC] Loaded file: rkit_tool_tips.php
[13-Nov-2025 09:47:49 UTC] Loaded file: rkit_wrapper_link.php
[13-Nov-2025 09:47:49 UTC] Class not found: \RomethemeKit\Rkit_Custom_Cursor
[13-Nov-2025 09:47:49 UTC] Instantiated class: \RomethemeKit\RkitDuplicator
[13-Nov-2025 09:47:49 UTC] Instantiated class: \RomethemeKit\BlurEffects
[13-Nov-2025 09:47:49 UTC] Class not found: \RomethemeKit\Rkit_Sticky_Content
[13-Nov-2025 09:47:49 UTC] Instantiated class: \RomethemeKit\RkitToolTips
[13-Nov-2025 09:47:49 UTC] Instantiated class: \RomethemeKit\RkitWrapperLink
[13-Nov-2025 09:47:50 UTC] Soltour Booking V2: Plugin ativado com sucesso
[13-Nov-2025 09:47:50 UTC] Loaded file: blur_effects.php
[13-Nov-2025 09:47:50 UTC] Loaded file: rkit_post_duplicator.php
[13-Nov-2025 09:47:50 UTC] Loaded file: rkit_tool_tips.php
[13-Nov-2025 09:47:50 UTC] Loaded file: rkit_wrapper_link.php
[13-Nov-2025 09:47:50 UTC] Class not found: \RomethemeKit\Rkit_Custom_Cursor
[13-Nov-2025 09:47:50 UTC] Instantiated class: \RomethemeKit\RkitDuplicator
[13-Nov-2025 09:47:50 UTC] Instantiated class: \RomethemeKit\BlurEffects
[13-Nov-2025 09:47:50 UTC] Class not found: \RomethemeKit\Rkit_Sticky_Content
[13-Nov-2025 09:47:50 UTC] Instantiated class: \RomethemeKit\RkitToolTips
[13-Nov-2025 09:47:50 UTC] Instantiated class: \RomethemeKit\RkitWrapperLink
[13-Nov-2025 09:47:50 UTC] [Soltour API info] Request to login/login: {"brand":"SOLTOUR","market":"XMLPT","languageCode":"PT","username":"BEAUTYT999","password":"XMLBEAUTYT999"}
[13-Nov-2025 09:47:50 UTC] [Soltour API info] Response from login/login: {"sessionToken":"eyJhbGciOiJIUzI1NiIsInR5cCI6IkpXVCJ9.eyJ1IjoiQkVBVVRZVDk5OSIsImRiaSI6IjQwMDM1NDA1IiwiYiI6IlNPTFRPVVIiLCJtIjoiWE1MUFQiLCJsbmciOiJQVCIsImNsIjoiQkVBVVRZVCIsIm9mIjoiOTk5IiwiYXBwIjpudWxsLCJtYWlsIjoiY3VuaGFAYmVhdXR5dHJhdmVsLnB0IiwicmwiOlsiQUdFTkNJQSIsIkNPTVVOIiwiQ09OU1VMVEEiLCJGQUNUVVJBQ0lPTiIsIk5FV19XRUIiXSwidG0iOjE3NjMwMjcyNzA2NjMsInN0cHRtIjpudWxsLCJzdHBqd3QiOm51bGwsInN0cGlkIjpudWxsLCJvdmMiOmZhbHNlLCJzZWxsIjp0cnVlLCJhcHQiOm51bGwsImRldCI6dHJ1ZSwibmV4cCI6dHJ1ZSwic2VpeiI6ZmFsc2UsInVhZ0
[13-Nov-2025 09:47:50 UTC] [Soltour API info] Session token obtido com sucesso
[13-Nov-2025 09:47:53 UTC] Loaded file: blur_effects.php
[13-Nov-2025 09:47:53 UTC] Loaded file: rkit_post_duplicator.php
[13-Nov-2025 09:47:53 UTC] Loaded file: rkit_tool_tips.php
[13-Nov-2025 09:47:53 UTC] Loaded file: rkit_wrapper_link.php
[13-Nov-2025 09:47:53 UTC] Class not found: \RomethemeKit\Rkit_Custom_Cursor
[13-Nov-2025 09:47:53 UTC] Instantiated class: \RomethemeKit\RkitDuplicator
[13-Nov-2025 09:47:53 UTC] Instantiated class: \RomethemeKit\BlurEffects
[13-Nov-2025 09:47:53 UTC] Class not found: \RomethemeKit\Rkit_Sticky_Content
[13-Nov-2025 09:47:53 UTC] Instantiated class: \RomethemeKit\RkitToolTips
[13-Nov-2025 09:47:53 UTC] Instantiated class: \RomethemeKit\RkitWrapperLink
[13-Nov-2025 09:47:53 UTC] Loaded file: blur_effects.php
[13-Nov-2025 09:47:53 UTC] Loaded file: rkit_post_duplicator.php
[13-Nov-2025 09:47:53 UTC] Loaded file: rkit_tool_tips.php
[13-Nov-2025 09:47:53 UTC] Loaded file: rkit_wrapper_link.php
[13-Nov-2025 09:47:53 UTC] Class not found: \RomethemeKit\Rkit_Custom_Cursor
[13-Nov-2025 09:47:53 UTC] Instantiated class: \RomethemeKit\RkitDuplicator
[13-Nov-2025 09:47:53 UTC] Instantiated class: \RomethemeKit\BlurEffects
[13-Nov-2025 09:47:53 UTC] Class not found: \RomethemeKit\Rkit_Sticky_Content
[13-Nov-2025 09:47:53 UTC] Instantiated class: \RomethemeKit\RkitToolTips
[13-Nov-2025 09:47:53 UTC] Instantiated class: \RomethemeKit\RkitWrapperLink
[13-Nov-2025 09:47:56 UTC] Loaded file: blur_effects.php
[13-Nov-2025 09:47:56 UTC] Loaded file: rkit_post_duplicator.php
[13-Nov-2025 09:47:56 UTC] Loaded file: rkit_tool_tips.php
[13-Nov-2025 09:47:56 UTC] Loaded file: rkit_wrapper_link.php
[13-Nov-2025 09:47:56 UTC] Class not found: \RomethemeKit\Rkit_Custom_Cursor
[13-Nov-2025 09:47:56 UTC] Instantiated class: \RomethemeKit\RkitDuplicator
[13-Nov-2025 09:47:56 UTC] Instantiated class: \RomethemeKit\BlurEffects
[13-Nov-2025 09:47:56 UTC] Class not found: \RomethemeKit\Rkit_Sticky_Content
[13-Nov-2025 09:47:56 UTC] Instantiated class: \RomethemeKit\RkitToolTips
[13-Nov-2025 09:47:56 UTC] Instantiated class: \RomethemeKit\RkitWrapperLink
[13-Nov-2025 09:48:00 UTC] Loaded file: blur_effects.php
[13-Nov-2025 09:48:00 UTC] Loaded file: rkit_post_duplicator.php
[13-Nov-2025 09:48:00 UTC] Loaded file: rkit_tool_tips.php
[13-Nov-2025 09:48:00 UTC] Loaded file: rkit_wrapper_link.php
[13-Nov-2025 09:48:00 UTC] Class not found: \RomethemeKit\Rkit_Custom_Cursor
[13-Nov-2025 09:48:00 UTC] Instantiated class: \RomethemeKit\RkitDuplicator
[13-Nov-2025 09:48:00 UTC] Instantiated class: \RomethemeKit\BlurEffects
[13-Nov-2025 09:48:00 UTC] Class not found: \RomethemeKit\Rkit_Sticky_Content
[13-Nov-2025 09:48:00 UTC] Instantiated class: \RomethemeKit\RkitToolTips
[13-Nov-2025 09:48:00 UTC] Instantiated class: \RomethemeKit\RkitWrapperLink
[13-Nov-2025 09:48:05 UTC] Loaded file: blur_effects.php
[13-Nov-2025 09:48:05 UTC] Loaded file: rkit_post_duplicator.php
[13-Nov-2025 09:48:05 UTC] Loaded file: rkit_tool_tips.php
[13-Nov-2025 09:48:05 UTC] Loaded file: rkit_wrapper_link.php
[13-Nov-2025 09:48:05 UTC] Class not found: \RomethemeKit\Rkit_Custom_Cursor
[13-Nov-2025 09:48:05 UTC] Instantiated class: \RomethemeKit\RkitDuplicator
[13-Nov-2025 09:48:05 UTC] Instantiated class: \RomethemeKit\BlurEffects
[13-Nov-2025 09:48:05 UTC] Class not found: \RomethemeKit\Rkit_Sticky_Content
[13-Nov-2025 09:48:05 UTC] Instantiated class: \RomethemeKit\RkitToolTips
[13-Nov-2025 09:48:05 UTC] Instantiated class: \RomethemeKit\RkitWrapperLink
[13-Nov-2025 09:48:05 UTC] Loaded file: blur_effects.php
[13-Nov-2025 09:48:05 UTC] Loaded file: blur_effects.php
[13-Nov-2025 09:48:05 UTC] Loaded file: rkit_post_duplicator.php
[13-Nov-2025 09:48:05 UTC] Loaded file: rkit_post_duplicator.php
[13-Nov-2025 09:48:05 UTC] Loaded file: rkit_tool_tips.php
[13-Nov-2025 09:48:05 UTC] Loaded file: rkit_tool_tips.php
[13-Nov-2025 09:48:05 UTC] Loaded file: rkit_wrapper_link.php
[13-Nov-2025 09:48:05 UTC] Class not found: \RomethemeKit\Rkit_Custom_Cursor
[13-Nov-2025 09:48:05 UTC] Instantiated class: \RomethemeKit\RkitDuplicator
[13-Nov-2025 09:48:05 UTC] Instantiated class: \RomethemeKit\BlurEffects
[13-Nov-2025 09:48:05 UTC] Class not found: \RomethemeKit\Rkit_Sticky_Content
[13-Nov-2025 09:48:05 UTC] Instantiated class: \RomethemeKit\RkitToolTips
[13-Nov-2025 09:48:05 UTC] Instantiated class: \RomethemeKit\RkitWrapperLink
[13-Nov-2025 09:48:05 UTC] Loaded file: rkit_wrapper_link.php
[13-Nov-2025 09:48:05 UTC] Class not found: \RomethemeKit\Rkit_Custom_Cursor
[13-Nov-2025 09:48:05 UTC] Instantiated class: \RomethemeKit\RkitDuplicator
[13-Nov-2025 09:48:05 UTC] Instantiated class: \RomethemeKit\BlurEffects
[13-Nov-2025 09:48:05 UTC] Class not found: \RomethemeKit\Rkit_Sticky_Content
[13-Nov-2025 09:48:05 UTC] Instantiated class: \RomethemeKit\RkitToolTips
[13-Nov-2025 09:48:05 UTC] Instantiated class: \RomethemeKit\RkitWrapperLink
[13-Nov-2025 09:48:07 UTC] Loaded file: blur_effects.php
[13-Nov-2025 09:48:07 UTC] Loaded file: rkit_post_duplicator.php
[13-Nov-2025 09:48:07 UTC] Loaded file: rkit_tool_tips.php
[13-Nov-2025 09:48:07 UTC] Loaded file: rkit_wrapper_link.php
[13-Nov-2025 09:48:07 UTC] Class not found: \RomethemeKit\Rkit_Custom_Cursor
[13-Nov-2025 09:48:07 UTC] Instantiated class: \RomethemeKit\RkitDuplicator
[13-Nov-2025 09:48:07 UTC] Instantiated class: \RomethemeKit\BlurEffects
[13-Nov-2025 09:48:07 UTC] Class not found: \RomethemeKit\Rkit_Sticky_Content
[13-Nov-2025 09:48:07 UTC] Instantiated class: \RomethemeKit\RkitToolTips
[13-Nov-2025 09:48:07 UTC] Instantiated class: \RomethemeKit\RkitWrapperLink
[13-Nov-2025 09:48:08 UTC] [Soltour API info] Request to master/getAllOrigins: {"productType":"PACKAGE","destinationCode":"PUJ"}
[13-Nov-2025 09:48:08 UTC] [Soltour API info] Response from master/getAllOrigins: {"origins":[{"code":"LCG","name":"A Coruña","airportType":"AIRPORT","destinationCode":"LCG","destinationName":"LA CORUNA","description":"A Coruña","dynamic":false},{"code":"ABC","name":"Albacete","airportType":"AIRPORT","description":"Albacete","dynamic":false},{"code":"ALC","name":"Alicante","airportType":"AIRPORT","destinationCode":"ALC","destinationName":"ALICANTE","description":"Alicante","dynamic":false},{"code":"LEI","name":"Almería","airportType":"AIRPORT","destinationCode":"LEI","dest
[13-Nov-2025 09:48:15 UTC] Loaded file: blur_effects.php
[13-Nov-2025 09:48:15 UTC] Loaded file: rkit_post_duplicator.php
[13-Nov-2025 09:48:15 UTC] Loaded file: rkit_tool_tips.php
[13-Nov-2025 09:48:15 UTC] Loaded file: rkit_wrapper_link.php
[13-Nov-2025 09:48:15 UTC] Class not found: \RomethemeKit\Rkit_Custom_Cursor
[13-Nov-2025 09:48:15 UTC] Instantiated class: \RomethemeKit\RkitDuplicator
[13-Nov-2025 09:48:15 UTC] Instantiated class: \RomethemeKit\BlurEffects
[13-Nov-2025 09:48:15 UTC] Class not found: \RomethemeKit\Rkit_Sticky_Content
[13-Nov-2025 09:48:15 UTC] Instantiated class: \RomethemeKit\RkitToolTips
[13-Nov-2025 09:48:15 UTC] Instantiated class: \RomethemeKit\RkitWrapperLink
[13-Nov-2025 09:48:19 UTC] Loaded file: blur_effects.php
[13-Nov-2025 09:48:19 UTC] Loaded file: rkit_post_duplicator.php
[13-Nov-2025 09:48:19 UTC] Loaded file: rkit_tool_tips.php
[13-Nov-2025 09:48:19 UTC] Loaded file: rkit_wrapper_link.php
[13-Nov-2025 09:48:19 UTC] Class not found: \RomethemeKit\Rkit_Custom_Cursor
[13-Nov-2025 09:48:19 UTC] Instantiated class: \RomethemeKit\RkitDuplicator
[13-Nov-2025 09:48:19 UTC] Instantiated class: \RomethemeKit\BlurEffects
[13-Nov-2025 09:48:19 UTC] Class not found: \RomethemeKit\Rkit_Sticky_Content
[13-Nov-2025 09:48:19 UTC] Instantiated class: \RomethemeKit\RkitToolTips
[13-Nov-2025 09:48:19 UTC] Instantiated class: \RomethemeKit\RkitWrapperLink
[13-Nov-2025 09:48:19 UTC] Loaded file: blur_effects.php
[13-Nov-2025 09:48:19 UTC] Loaded file: rkit_post_duplicator.php
[13-Nov-2025 09:48:19 UTC] Loaded file: rkit_tool_tips.php
[13-Nov-2025 09:48:19 UTC] Loaded file: rkit_wrapper_link.php
[13-Nov-2025 09:48:19 UTC] Class not found: \RomethemeKit\Rkit_Custom_Cursor
[13-Nov-2025 09:48:19 UTC] Instantiated class: \RomethemeKit\RkitDuplicator
[13-Nov-2025 09:48:19 UTC] Instantiated class: \RomethemeKit\BlurEffects
[13-Nov-2025 09:48:19 UTC] Class not found: \RomethemeKit\Rkit_Sticky_Content
[13-Nov-2025 09:48:19 UTC] Instantiated class: \RomethemeKit\RkitToolTips
[13-Nov-2025 09:48:19 UTC] Instantiated class: \RomethemeKit\RkitWrapperLink
[13-Nov-2025 09:48:20 UTC] [Soltour API info] === AJAX SEARCH PACKAGES CALLED ===
[13-Nov-2025 09:48:20 UTC] [Soltour API info] Params recebidos do frontend:
[13-Nov-2025 09:48:20 UTC] [Soltour API info]   - first_item: 0
[13-Nov-2025 09:48:20 UTC] [Soltour API info]   - item_count: 100
[13-Nov-2025 09:48:20 UTC] [Soltour API info] Params completos: {"originCode":"MAD","destinationCode":"PUJ","startDate":"2025-11-23","numNights":7,"rooms":[{"passengers":[{"type":"ADULT","age":30},{"type":"ADULT","age":30}]}],"productType":"PACKAGE","onlyHotel":"N","forceAvail":true,"firstItem":0,"itemCount":100}
[13-Nov-2025 09:48:20 UTC] [Soltour API info] Enviando para API Soltour (booking/availability):
[13-Nov-2025 09:48:20 UTC] [Soltour API info]   - criteria.pagination.firstItem: 0
[13-Nov-2025 09:48:20 UTC] [Soltour API info]   - criteria.pagination.itemCount: 100
[13-Nov-2025 09:48:20 UTC] [Soltour API info] Request to booking/availability: {"productType":"PACKAGE","onlyHotel":"N","forceAvail":true,"criteria":{"order":{"type":"PRICE","direction":"ASC"},"pagination":{"firstItem":0,"itemCount":100}},"languageCode":"PT","params":{"startDate":"2025-11-23","endDate":"2025-11-30","residentType":"NONE","accomodation":{"rooms":[{"passengers":[{"type":"ADULT","age":30},{"type":"ADULT","age":30}]}]},"hotelParams":{"destinationCode":"PUJ","includeImmediatePayment":true},"flightParams":{"itineraries":[{"origins":["MAD"],"destinations":["PUJ"]}],"directFlightsOnly":false,"includeImmediatePayment":true}}}
[13-Nov-2025 09:48:29 UTC] [Soltour API info] Response from booking/availability: {"productType":"PACKAGE","availToken":"RbCMAEeQCNI5j9pQxgtiKSC2Uk6BEfB0MDsJsr/yrgw=","timestamp":"2025-11-13T10:48:20.343101545","serviceType":"UNDEFINED","agencyInformation":{"clientCode":"BEAUTYT","branchOfficeCode":"999","taxApplicationType":"ISC","taxRate":0,"paymentType":"PP","commission":{"currency":"EUR","rate":15}},"budgets":[{"booked":false,"selected":false,"hotelServices":[{"responseId":"HyUP8avnhs+JcIdA7FCNnAmRMEQ8dUuKmD9ONFDVu1I=","id":"26bfd209-1c0d-430b-9113-fbb06bcad202","type":"H
[13-Nov-2025 09:48:29 UTC] [Soltour API info] Resposta da API Soltour:
[13-Nov-2025 09:48:29 UTC] [Soltour API info]   - budgets: 176
[13-Nov-2025 09:48:29 UTC] [Soltour API info]   - totalCount: 0
[13-Nov-2025 09:48:29 UTC] [Soltour API info]   - hotels: 28
[13-Nov-2025 09:48:29 UTC] [Soltour API info]   - availToken: SIM
[13-Nov-2025 09:48:29 UTC] Loaded file: blur_effects.php
[13-Nov-2025 09:48:29 UTC] Loaded file: rkit_post_duplicator.php
[13-Nov-2025 09:48:29 UTC] Loaded file: blur_effects.php
[13-Nov-2025 09:48:29 UTC] Loaded file: rkit_tool_tips.php
[13-Nov-2025 09:48:29 UTC] Loaded file: rkit_post_duplicator.php
[13-Nov-2025 09:48:29 UTC] Loaded file: rkit_wrapper_link.php
[13-Nov-2025 09:48:29 UTC] Class not found: \RomethemeKit\Rkit_Custom_Cursor
[13-Nov-2025 09:48:29 UTC] Instantiated class: \RomethemeKit\RkitDuplicator
[13-Nov-2025 09:48:29 UTC] Instantiated class: \RomethemeKit\BlurEffects
[13-Nov-2025 09:48:29 UTC] Class not found: \RomethemeKit\Rkit_Sticky_Content
[13-Nov-2025 09:48:29 UTC] Instantiated class: \RomethemeKit\RkitToolTips
[13-Nov-2025 09:48:29 UTC] Instantiated class: \RomethemeKit\RkitWrapperLink
[13-Nov-2025 09:48:29 UTC] Loaded file: rkit_tool_tips.php
[13-Nov-2025 09:48:29 UTC] Loaded file: rkit_wrapper_link.php
[13-Nov-2025 09:48:29 UTC] Class not found: \RomethemeKit\Rkit_Custom_Cursor
[13-Nov-2025 09:48:29 UTC] Instantiated class: \RomethemeKit\RkitDuplicator
[13-Nov-2025 09:48:29 UTC] Instantiated class: \RomethemeKit\BlurEffects
[13-Nov-2025 09:48:29 UTC] Class not found: \RomethemeKit\Rkit_Sticky_Content
[13-Nov-2025 09:48:29 UTC] Instantiated class: \RomethemeKit\RkitToolTips
[13-Nov-2025 09:48:29 UTC] Instantiated class: \RomethemeKit\RkitWrapperLink
[13-Nov-2025 09:48:29 UTC] Loaded file: blur_effects.php
[13-Nov-2025 09:48:29 UTC] Loaded file: rkit_post_duplicator.php
[13-Nov-2025 09:48:29 UTC] Loaded file: rkit_tool_tips.php
[13-Nov-2025 09:48:29 UTC] Loaded file: rkit_wrapper_link.php
[13-Nov-2025 09:48:29 UTC] Class not found: \RomethemeKit\Rkit_Custom_Cursor
[13-Nov-2025 09:48:29 UTC] Instantiated class: \RomethemeKit\RkitDuplicator
[13-Nov-2025 09:48:29 UTC] Instantiated class: \RomethemeKit\BlurEffects
[13-Nov-2025 09:48:29 UTC] Class not found: \RomethemeKit\Rkit_Sticky_Content
[13-Nov-2025 09:48:29 UTC] Instantiated class: \RomethemeKit\RkitToolTips
[13-Nov-2025 09:48:29 UTC] Instantiated class: \RomethemeKit\RkitWrapperLink
[13-Nov-2025 09:48:29 UTC] Loaded file: blur_effects.php
[13-Nov-2025 09:48:29 UTC] Loaded file: rkit_post_duplicator.php
[13-Nov-2025 09:48:29 UTC] Loaded file: rkit_tool_tips.php
[13-Nov-2025 09:48:29 UTC] Loaded file: rkit_wrapper_link.php
[13-Nov-2025 09:48:29 UTC] Class not found: \RomethemeKit\Rkit_Custom_Cursor
[13-Nov-2025 09:48:29 UTC] Instantiated class: \RomethemeKit\RkitDuplicator
[13-Nov-2025 09:48:29 UTC] Instantiated class: \RomethemeKit\BlurEffects
[13-Nov-2025 09:48:29 UTC] Class not found: \RomethemeKit\Rkit_Sticky_Content
[13-Nov-2025 09:48:29 UTC] Instantiated class: \RomethemeKit\RkitToolTips
[13-Nov-2025 09:48:29 UTC] Instantiated class: \RomethemeKit\RkitWrapperLink
[13-Nov-2025 09:48:29 UTC] Loaded file: blur_effects.php
[13-Nov-2025 09:48:29 UTC] Loaded file: rkit_post_duplicator.php
[13-Nov-2025 09:48:29 UTC] Loaded file: rkit_tool_tips.php
[13-Nov-2025 09:48:29 UTC] Loaded file: rkit_wrapper_link.php
[13-Nov-2025 09:48:29 UTC] Class not found: \RomethemeKit\Rkit_Custom_Cursor
[13-Nov-2025 09:48:29 UTC] Instantiated class: \RomethemeKit\RkitDuplicator
[13-Nov-2025 09:48:29 UTC] Instantiated class: \RomethemeKit\BlurEffects
[13-Nov-2025 09:48:29 UTC] Class not found: \RomethemeKit\Rkit_Sticky_Content
[13-Nov-2025 09:48:29 UTC] Instantiated class: \RomethemeKit\RkitToolTips
[13-Nov-2025 09:48:29 UTC] Instantiated class: \RomethemeKit\RkitWrapperLink
[13-Nov-2025 09:48:30 UTC] [Soltour API info] Getting details for budget: H217184##TI##0$4916638882592305233@@CLASSICAL01, hotel: H217184
[13-Nov-2025 09:48:30 UTC] [Soltour API info] Request to booking/details: {"productType":"PACKAGE","availToken":"RbCMAEeQCNI5j9pQxgtiKSC2Uk6BEfB0MDsJsr\/yrgw=","budgetId":"H217184##TI##0$4916638882592305233@@CLASSICAL01","hotelParams":{"hotelCode":"H217184","providerCode":"UNDEFINED"}}
[13-Nov-2025 09:48:30 UTC] [Soltour API info] Getting details for budget: H81381##TI##0$5476391160452545189@@CLASSICAL01, hotel: H81381
[13-Nov-2025 09:48:30 UTC] [Soltour API info] Request to booking/details: {"productType":"PACKAGE","availToken":"RbCMAEeQCNI5j9pQxgtiKSC2Uk6BEfB0MDsJsr\/yrgw=","budgetId":"H81381##TI##0$5476391160452545189@@CLASSICAL01","hotelParams":{"hotelCode":"H81381","providerCode":"UNDEFINED"}}
[13-Nov-2025 09:48:30 UTC] Loaded file: blur_effects.php
[13-Nov-2025 09:48:30 UTC] Loaded file: rkit_post_duplicator.php
[13-Nov-2025 09:48:30 UTC] Loaded file: rkit_tool_tips.php
[13-Nov-2025 09:48:30 UTC] Loaded file: rkit_wrapper_link.php
[13-Nov-2025 09:48:30 UTC] Class not found: \RomethemeKit\Rkit_Custom_Cursor
[13-Nov-2025 09:48:30 UTC] Instantiated class: \RomethemeKit\RkitDuplicator
[13-Nov-2025 09:48:30 UTC] Instantiated class: \RomethemeKit\BlurEffects
[13-Nov-2025 09:48:30 UTC] Class not found: \RomethemeKit\Rkit_Sticky_Content
[13-Nov-2025 09:48:30 UTC] Instantiated class: \RomethemeKit\RkitToolTips
[13-Nov-2025 09:48:30 UTC] Instantiated class: \RomethemeKit\RkitWrapperLink
[13-Nov-2025 09:48:30 UTC] [Soltour API info] Getting details for budget: H49702##TI##0$5720259487219838160@@CLASSICAL01, hotel: H49702
[13-Nov-2025 09:48:30 UTC] [Soltour API info] Request to booking/details: {"productType":"PACKAGE","availToken":"RbCMAEeQCNI5j9pQxgtiKSC2Uk6BEfB0MDsJsr\/yrgw=","budgetId":"H49702##TI##0$5720259487219838160@@CLASSICAL01","hotelParams":{"hotelCode":"H49702","providerCode":"UNDEFINED"}}
[13-Nov-2025 09:48:30 UTC] [Soltour API info] Getting details for budget: H99741##SA##0$4911005717016599660@@CLASSICAL01, hotel: H99741
[13-Nov-2025 09:48:30 UTC] [Soltour API info] Request to booking/details: {"productType":"PACKAGE","availToken":"RbCMAEeQCNI5j9pQxgtiKSC2Uk6BEfB0MDsJsr\/yrgw=","budgetId":"H99741##SA##0$4911005717016599660@@CLASSICAL01","hotelParams":{"hotelCode":"H99741","providerCode":"UNDEFINED"}}
[13-Nov-2025 09:48:30 UTC] [Soltour API info] Getting details for budget: H80090##TI##0$4972240935021541277@@CLASSICAL01, hotel: H80090
[13-Nov-2025 09:48:30 UTC] [Soltour API info] Request to booking/details: {"productType":"PACKAGE","availToken":"RbCMAEeQCNI5j9pQxgtiKSC2Uk6BEfB0MDsJsr\/yrgw=","budgetId":"H80090##TI##0$4972240935021541277@@CLASSICAL01","hotelParams":{"hotelCode":"H80090","providerCode":"UNDEFINED"}}
[13-Nov-2025 09:48:31 UTC] [Soltour API info] Response from booking/details: {"availToken":"RbCMAEeQCNI5j9pQxgtiKSC2Uk6BEfB0MDsJsr/yrgw=","timestamp":"2025-11-13T10:48:31.085533117","serviceType":"UNDEFINED","agencyInformation":{"clientCode":"BEAUTYT","branchOfficeCode":"999","taxApplicationType":"ISC","taxRate":0,"paymentType":"PP","commission":{"currency":"EUR","rate":15}},"params":{"startDate":"2025-11-23","endDate":"2025-11-30","accomodation":{"rooms":[{"passengers":[{"age":30,"type":"ADULT"},{"age":30,"type":"ADULT"}]}]},"residentType":"NONE","numNights":0,"flightPa
[13-Nov-2025 09:48:31 UTC] [Soltour API info] Details response structure: {"has_budget":false,"has_details":true,"has_error":false,"error_msg":null}
[13-Nov-2025 09:48:31 UTC] [Soltour API info] Response from booking/details: {"availToken":"RbCMAEeQCNI5j9pQxgtiKSC2Uk6BEfB0MDsJsr/yrgw=","timestamp":"2025-11-13T10:48:31.223167088","serviceType":"UNDEFINED","agencyInformation":{"clientCode":"BEAUTYT","branchOfficeCode":"999","taxApplicationType":"ISC","taxRate":0,"paymentType":"PP","commission":{"currency":"EUR","rate":15}},"params":{"startDate":"2025-11-23","endDate":"2025-11-30","accomodation":{"rooms":[{"passengers":[{"age":30,"type":"ADULT"},{"age":30,"type":"ADULT"}]}]},"residentType":"NONE","numNights":0,"flightPa
[13-Nov-2025 09:48:31 UTC] [Soltour API info] Details response structure: {"has_budget":false,"has_details":true,"has_error":false,"error_msg":null}
[13-Nov-2025 09:48:31 UTC] [Soltour API info] Response from booking/details: {"availToken":"RbCMAEeQCNI5j9pQxgtiKSC2Uk6BEfB0MDsJsr/yrgw=","timestamp":"2025-11-13T10:48:31.240367798","serviceType":"UNDEFINED","agencyInformation":{"clientCode":"BEAUTYT","branchOfficeCode":"999","taxApplicationType":"ISC","taxRate":0,"paymentType":"PP","commission":{"currency":"EUR","rate":15}},"params":{"startDate":"2025-11-23","endDate":"2025-11-30","accomodation":{"rooms":[{"passengers":[{"age":30,"type":"ADULT"},{"age":30,"type":"ADULT"}]}]},"residentType":"NONE","numNights":0,"flightPa
[13-Nov-2025 09:48:31 UTC] [Soltour API info] Details response structure: {"has_budget":false,"has_details":true,"has_error":false,"error_msg":null}
[13-Nov-2025 09:48:31 UTC] [Soltour API info] Response from booking/details: {"availToken":"RbCMAEeQCNI5j9pQxgtiKSC2Uk6BEfB0MDsJsr/yrgw=","timestamp":"2025-11-13T10:48:31.352276214","serviceType":"UNDEFINED","agencyInformation":{"clientCode":"BEAUTYT","branchOfficeCode":"999","taxApplicationType":"ISC","taxRate":0,"paymentType":"PP","commission":{"currency":"EUR","rate":15}},"params":{"startDate":"2025-11-23","endDate":"2025-11-30","accomodation":{"rooms":[{"passengers":[{"age":30,"type":"ADULT"},{"age":30,"type":"ADULT"}]}]},"residentType":"NONE","numNights":0,"flightPa
[13-Nov-2025 09:48:31 UTC] [Soltour API info] Details response structure: {"has_budget":false,"has_details":true,"has_error":false,"error_msg":null}
[13-Nov-2025 09:48:31 UTC] [Soltour API info] Response from booking/details: {"availToken":"RbCMAEeQCNI5j9pQxgtiKSC2Uk6BEfB0MDsJsr/yrgw=","timestamp":"2025-11-13T10:48:31.465380938","serviceType":"UNDEFINED","agencyInformation":{"clientCode":"BEAUTYT","branchOfficeCode":"999","taxApplicationType":"ISC","taxRate":0,"paymentType":"PP","commission":{"currency":"EUR","rate":15}},"params":{"startDate":"2025-11-23","endDate":"2025-11-30","accomodation":{"rooms":[{"passengers":[{"age":30,"type":"ADULT"},{"age":30,"type":"ADULT"}]}]},"residentType":"NONE","numNights":0,"flightPa
[13-Nov-2025 09:48:31 UTC] [Soltour API info] Details response structure: {"has_budget":false,"has_details":true,"has_error":false,"error_msg":null}
[13-Nov-2025 09:48:32 UTC] Loaded file: blur_effects.php
[13-Nov-2025 09:48:32 UTC] Loaded file: rkit_post_duplicator.php
[13-Nov-2025 09:48:32 UTC] Loaded file: rkit_tool_tips.php
[13-Nov-2025 09:48:32 UTC] Loaded file: rkit_wrapper_link.php
[13-Nov-2025 09:48:32 UTC] Class not found: \RomethemeKit\Rkit_Custom_Cursor
[13-Nov-2025 09:48:32 UTC] Instantiated class: \RomethemeKit\RkitDuplicator
[13-Nov-2025 09:48:32 UTC] Instantiated class: \RomethemeKit\BlurEffects
[13-Nov-2025 09:48:32 UTC] Class not found: \RomethemeKit\Rkit_Sticky_Content
[13-Nov-2025 09:48:32 UTC] Instantiated class: \RomethemeKit\RkitToolTips
[13-Nov-2025 09:48:32 UTC] Instantiated class: \RomethemeKit\RkitWrapperLink
[13-Nov-2025 09:48:32 UTC] Loaded file: blur_effects.php
[13-Nov-2025 09:48:32 UTC] Loaded file: rkit_post_duplicator.php
[13-Nov-2025 09:48:32 UTC] Loaded file: rkit_tool_tips.php
[13-Nov-2025 09:48:32 UTC] Loaded file: rkit_wrapper_link.php
[13-Nov-2025 09:48:32 UTC] Class not found: \RomethemeKit\Rkit_Custom_Cursor
[13-Nov-2025 09:48:32 UTC] Instantiated class: \RomethemeKit\RkitDuplicator
[13-Nov-2025 09:48:32 UTC] Instantiated class: \RomethemeKit\BlurEffects
[13-Nov-2025 09:48:32 UTC] Class not found: \RomethemeKit\Rkit_Sticky_Content
[13-Nov-2025 09:48:32 UTC] Instantiated class: \RomethemeKit\RkitToolTips
[13-Nov-2025 09:48:32 UTC] Instantiated class: \RomethemeKit\RkitWrapperLink
[13-Nov-2025 09:48:32 UTC] Loaded file: blur_effects.php
[13-Nov-2025 09:48:32 UTC] Loaded file: rkit_post_duplicator.php
[13-Nov-2025 09:48:32 UTC] Loaded file: rkit_tool_tips.php
[13-Nov-2025 09:48:32 UTC] Loaded file: rkit_wrapper_link.php
[13-Nov-2025 09:48:32 UTC] Class not found: \RomethemeKit\Rkit_Custom_Cursor
[13-Nov-2025 09:48:32 UTC] Instantiated class: \RomethemeKit\RkitDuplicator
[13-Nov-2025 09:48:32 UTC] Instantiated class: \RomethemeKit\BlurEffects
[13-Nov-2025 09:48:32 UTC] Class not found: \RomethemeKit\Rkit_Sticky_Content
[13-Nov-2025 09:48:32 UTC] Instantiated class: \RomethemeKit\RkitToolTips
[13-Nov-2025 09:48:32 UTC] Instantiated class: \RomethemeKit\RkitWrapperLink
[13-Nov-2025 09:48:32 UTC] Loaded file: blur_effects.php
[13-Nov-2025 09:48:32 UTC] Loaded file: rkit_post_duplicator.php
[13-Nov-2025 09:48:32 UTC] Loaded file: rkit_tool_tips.php
[13-Nov-2025 09:48:32 UTC] Loaded file: rkit_wrapper_link.php
[13-Nov-2025 09:48:32 UTC] Class not found: \RomethemeKit\Rkit_Custom_Cursor
[13-Nov-2025 09:48:32 UTC] Instantiated class: \RomethemeKit\RkitDuplicator
[13-Nov-2025 09:48:32 UTC] Instantiated class: \RomethemeKit\BlurEffects
[13-Nov-2025 09:48:32 UTC] Class not found: \RomethemeKit\Rkit_Sticky_Content
[13-Nov-2025 09:48:32 UTC] Instantiated class: \RomethemeKit\RkitToolTips
[13-Nov-2025 09:48:32 UTC] Instantiated class: \RomethemeKit\RkitWrapperLink
[13-Nov-2025 09:48:32 UTC] Loaded file: blur_effects.php
[13-Nov-2025 09:48:32 UTC] Loaded file: rkit_post_duplicator.php
[13-Nov-2025 09:48:32 UTC] Loaded file: rkit_tool_tips.php
[13-Nov-2025 09:48:32 UTC] Loaded file: rkit_wrapper_link.php
[13-Nov-2025 09:48:32 UTC] Class not found: \RomethemeKit\Rkit_Custom_Cursor
[13-Nov-2025 09:48:32 UTC] Instantiated class: \RomethemeKit\RkitDuplicator
[13-Nov-2025 09:48:32 UTC] Instantiated class: \RomethemeKit\BlurEffects
[13-Nov-2025 09:48:32 UTC] Class not found: \RomethemeKit\Rkit_Sticky_Content
[13-Nov-2025 09:48:32 UTC] Instantiated class: \RomethemeKit\RkitToolTips
[13-Nov-2025 09:48:32 UTC] Instantiated class: \RomethemeKit\RkitWrapperLink
[13-Nov-2025 09:48:33 UTC] [Soltour API info] Getting details for budget: H186203##TI##0$5290207138889066202@@CLASSICAL01, hotel: H186203
[13-Nov-2025 09:48:33 UTC] [Soltour API info] Request to booking/details: {"productType":"PACKAGE","availToken":"RbCMAEeQCNI5j9pQxgtiKSC2Uk6BEfB0MDsJsr\/yrgw=","budgetId":"H186203##TI##0$5290207138889066202@@CLASSICAL01","hotelParams":{"hotelCode":"H186203","providerCode":"UNDEFINED"}}
[13-Nov-2025 09:48:33 UTC] [Soltour API info] Getting details for budget: H199543##SA##0$5524419988346735667@@CLASSICAL01, hotel: H199543
[13-Nov-2025 09:48:33 UTC] [Soltour API info] Request to booking/details: {"productType":"PACKAGE","availToken":"RbCMAEeQCNI5j9pQxgtiKSC2Uk6BEfB0MDsJsr\/yrgw=","budgetId":"H199543##SA##0$5524419988346735667@@CLASSICAL01","hotelParams":{"hotelCode":"H199543","providerCode":"UNDEFINED"}}
[13-Nov-2025 09:48:33 UTC] [Soltour API info] Getting details for budget: H408431##SA##0$5479329198400947327@@CLASSICAL01, hotel: H408431
[13-Nov-2025 09:48:33 UTC] [Soltour API info] Request to booking/details: {"productType":"PACKAGE","availToken":"RbCMAEeQCNI5j9pQxgtiKSC2Uk6BEfB0MDsJsr\/yrgw=","budgetId":"H408431##SA##0$5479329198400947327@@CLASSICAL01","hotelParams":{"hotelCode":"H408431","providerCode":"UNDEFINED"}}
[13-Nov-2025 09:48:33 UTC] [Soltour API info] Getting details for budget: H81784##TI##0$5228915311559924477@@CLASSICAL01, hotel: H81784
[13-Nov-2025 09:48:33 UTC] [Soltour API info] Request to booking/details: {"productType":"PACKAGE","availToken":"RbCMAEeQCNI5j9pQxgtiKSC2Uk6BEfB0MDsJsr\/yrgw=","budgetId":"H81784##TI##0$5228915311559924477@@CLASSICAL01","hotelParams":{"hotelCode":"H81784","providerCode":"UNDEFINED"}}
[13-Nov-2025 09:48:33 UTC] [Soltour API info] Getting details for budget: H24##TI##0$4893238399017372805@@CLASSICAL01, hotel: H24
[13-Nov-2025 09:48:33 UTC] [Soltour API info] Request to booking/details: {"productType":"PACKAGE","availToken":"RbCMAEeQCNI5j9pQxgtiKSC2Uk6BEfB0MDsJsr\/yrgw=","budgetId":"H24##TI##0$4893238399017372805@@CLASSICAL01","hotelParams":{"hotelCode":"H24","providerCode":"UNDEFINED"}}
[13-Nov-2025 09:48:33 UTC] [Soltour API info] Response from booking/details: {"availToken":"RbCMAEeQCNI5j9pQxgtiKSC2Uk6BEfB0MDsJsr/yrgw=","timestamp":"2025-11-13T10:48:33.763015103","serviceType":"UNDEFINED","agencyInformation":{"clientCode":"BEAUTYT","branchOfficeCode":"999","taxApplicationType":"ISC","taxRate":0,"paymentType":"PP","commission":{"currency":"EUR","rate":15}},"params":{"startDate":"2025-11-23","endDate":"2025-11-30","accomodation":{"rooms":[{"passengers":[{"age":30,"type":"ADULT"},{"age":30,"type":"ADULT"}]}]},"residentType":"NONE","numNights":0,"flightPa
[13-Nov-2025 09:48:33 UTC] [Soltour API info] Details response structure: {"has_budget":false,"has_details":true,"has_error":false,"error_msg":null}
[13-Nov-2025 09:48:33 UTC] [Soltour API info] Response from booking/details: {"availToken":"RbCMAEeQCNI5j9pQxgtiKSC2Uk6BEfB0MDsJsr/yrgw=","timestamp":"2025-11-13T10:48:33.784960963","serviceType":"UNDEFINED","agencyInformation":{"clientCode":"BEAUTYT","branchOfficeCode":"999","taxApplicationType":"ISC","taxRate":0,"paymentType":"PP","commission":{"currency":"EUR","rate":15}},"params":{"startDate":"2025-11-23","endDate":"2025-11-30","accomodation":{"rooms":[{"passengers":[{"age":30,"type":"ADULT"},{"age":30,"type":"ADULT"}]}]},"residentType":"NONE","numNights":0,"flightPa
[13-Nov-2025 09:48:33 UTC] [Soltour API info] Details response structure: {"has_budget":false,"has_details":true,"has_error":false,"error_msg":null}
[13-Nov-2025 09:48:33 UTC] [Soltour API info] Response from booking/details: {"availToken":"RbCMAEeQCNI5j9pQxgtiKSC2Uk6BEfB0MDsJsr/yrgw=","timestamp":"2025-11-13T10:48:33.885047957","serviceType":"UNDEFINED","agencyInformation":{"clientCode":"BEAUTYT","branchOfficeCode":"999","taxApplicationType":"ISC","taxRate":0,"paymentType":"PP","commission":{"currency":"EUR","rate":15}},"params":{"startDate":"2025-11-23","endDate":"2025-11-30","accomodation":{"rooms":[{"passengers":[{"age":30,"type":"ADULT"},{"age":30,"type":"ADULT"}]}]},"residentType":"NONE","numNights":0,"flightPa
[13-Nov-2025 09:48:33 UTC] [Soltour API info] Details response structure: {"has_budget":false,"has_details":true,"has_error":false,"error_msg":null}
[13-Nov-2025 09:48:34 UTC] [Soltour API info] Response from booking/details: {"availToken":"RbCMAEeQCNI5j9pQxgtiKSC2Uk6BEfB0MDsJsr/yrgw=","timestamp":"2025-11-13T10:48:33.865031170","serviceType":"UNDEFINED","agencyInformation":{"clientCode":"BEAUTYT","branchOfficeCode":"999","taxApplicationType":"ISC","taxRate":0,"paymentType":"PP","commission":{"currency":"EUR","rate":15}},"params":{"startDate":"2025-11-23","endDate":"2025-11-30","accomodation":{"rooms":[{"passengers":[{"age":30,"type":"ADULT"},{"age":30,"type":"ADULT"}]}]},"residentType":"NONE","numNights":0,"flightPa
[13-Nov-2025 09:48:34 UTC] [Soltour API info] Details response structure: {"has_budget":false,"has_details":true,"has_error":false,"error_msg":null}
[13-Nov-2025 09:48:34 UTC] [Soltour API info] Response from booking/details: {"availToken":"RbCMAEeQCNI5j9pQxgtiKSC2Uk6BEfB0MDsJsr/yrgw=","timestamp":"2025-11-13T10:48:33.917238889","serviceType":"UNDEFINED","agencyInformation":{"clientCode":"BEAUTYT","branchOfficeCode":"999","taxApplicationType":"ISC","taxRate":0,"paymentType":"PP","commission":{"currency":"EUR","rate":15}},"params":{"startDate":"2025-11-23","endDate":"2025-11-30","accomodation":{"rooms":[{"passengers":[{"age":30,"type":"ADULT"},{"age":30,"type":"ADULT"}]}]},"residentType":"NONE","numNights":0,"flightPa
[13-Nov-2025 09:48:34 UTC] [Soltour API info] Details response structure: {"has_budget":false,"has_details":true,"has_error":false,"error_msg":null}
[13-Nov-2025 09:48:34 UTC] Loaded file: blur_effects.php
[13-Nov-2025 09:48:34 UTC] Loaded file: rkit_post_duplicator.php
[13-Nov-2025 09:48:34 UTC] Loaded file: rkit_tool_tips.php
[13-Nov-2025 09:48:34 UTC] Loaded file: rkit_wrapper_link.php
[13-Nov-2025 09:48:34 UTC] Class not found: \RomethemeKit\Rkit_Custom_Cursor
[13-Nov-2025 09:48:34 UTC] Instantiated class: \RomethemeKit\RkitDuplicator
[13-Nov-2025 09:48:34 UTC] Instantiated class: \RomethemeKit\BlurEffects
[13-Nov-2025 09:48:34 UTC] Class not found: \RomethemeKit\Rkit_Sticky_Content
[13-Nov-2025 09:48:34 UTC] Instantiated class: \RomethemeKit\RkitToolTips
[13-Nov-2025 09:48:34 UTC] Instantiated class: \RomethemeKit\RkitWrapperLink
[13-Nov-2025 09:48:34 UTC] Loaded file: blur_effects.php
[13-Nov-2025 09:48:34 UTC] Loaded file: rkit_post_duplicator.php
[13-Nov-2025 09:48:34 UTC] Loaded file: rkit_tool_tips.php
[13-Nov-2025 09:48:34 UTC] Loaded file: rkit_wrapper_link.php
[13-Nov-2025 09:48:34 UTC] Class not found: \RomethemeKit\Rkit_Custom_Cursor
[13-Nov-2025 09:48:34 UTC] Instantiated class: \RomethemeKit\RkitDuplicator
[13-Nov-2025 09:48:34 UTC] Instantiated class: \RomethemeKit\BlurEffects
[13-Nov-2025 09:48:34 UTC] Class not found: \RomethemeKit\Rkit_Sticky_Content
[13-Nov-2025 09:48:34 UTC] Instantiated class: \RomethemeKit\RkitToolTips
[13-Nov-2025 09:48:34 UTC] Instantiated class: \RomethemeKit\RkitWrapperLink
[13-Nov-2025 09:48:34 UTC] Loaded file: blur_effects.php
[13-Nov-2025 09:48:34 UTC] Loaded file: rkit_post_duplicator.php
[13-Nov-2025 09:48:34 UTC] Loaded file: rkit_tool_tips.php
[13-Nov-2025 09:48:34 UTC] Loaded file: rkit_wrapper_link.php
[13-Nov-2025 09:48:34 UTC] Class not found: \RomethemeKit\Rkit_Custom_Cursor
[13-Nov-2025 09:48:34 UTC] Instantiated class: \RomethemeKit\RkitDuplicator
[13-Nov-2025 09:48:34 UTC] Instantiated class: \RomethemeKit\BlurEffects
[13-Nov-2025 09:48:34 UTC] Class not found: \RomethemeKit\Rkit_Sticky_Content
[13-Nov-2025 09:48:34 UTC] Instantiated class: \RomethemeKit\RkitToolTips
[13-Nov-2025 09:48:34 UTC] Instantiated class: \RomethemeKit\RkitWrapperLink
[13-Nov-2025 09:48:34 UTC] Loaded file: blur_effects.php
[13-Nov-2025 09:48:34 UTC] Loaded file: rkit_post_duplicator.php
[13-Nov-2025 09:48:34 UTC] Loaded file: rkit_tool_tips.php
[13-Nov-2025 09:48:34 UTC] Loaded file: rkit_wrapper_link.php
[13-Nov-2025 09:48:34 UTC] Class not found: \RomethemeKit\Rkit_Custom_Cursor
[13-Nov-2025 09:48:34 UTC] Instantiated class: \RomethemeKit\RkitDuplicator
[13-Nov-2025 09:48:34 UTC] Instantiated class: \RomethemeKit\BlurEffects
[13-Nov-2025 09:48:34 UTC] Class not found: \RomethemeKit\Rkit_Sticky_Content
[13-Nov-2025 09:48:34 UTC] Instantiated class: \RomethemeKit\RkitToolTips
[13-Nov-2025 09:48:34 UTC] Instantiated class: \RomethemeKit\RkitWrapperLink
[13-Nov-2025 09:48:34 UTC] Loaded file: blur_effects.php
[13-Nov-2025 09:48:34 UTC] Loaded file: rkit_post_duplicator.php
[13-Nov-2025 09:48:34 UTC] Loaded file: rkit_tool_tips.php
[13-Nov-2025 09:48:34 UTC] Loaded file: rkit_wrapper_link.php
[13-Nov-2025 09:48:34 UTC] Class not found: \RomethemeKit\Rkit_Custom_Cursor
[13-Nov-2025 09:48:34 UTC] Instantiated class: \RomethemeKit\RkitDuplicator
[13-Nov-2025 09:48:34 UTC] Instantiated class: \RomethemeKit\BlurEffects
[13-Nov-2025 09:48:34 UTC] Class not found: \RomethemeKit\Rkit_Sticky_Content
[13-Nov-2025 09:48:34 UTC] Instantiated class: \RomethemeKit\RkitToolTips
[13-Nov-2025 09:48:34 UTC] Instantiated class: \RomethemeKit\RkitWrapperLink
[13-Nov-2025 09:48:35 UTC] [Soltour API info] Getting details for budget: H68719##TI##0$4848808799716708542@@CLASSICAL01, hotel: H68719
[13-Nov-2025 09:48:35 UTC] [Soltour API info] Request to booking/details: {"productType":"PACKAGE","availToken":"RbCMAEeQCNI5j9pQxgtiKSC2Uk6BEfB0MDsJsr\/yrgw=","budgetId":"H68719##TI##0$4848808799716708542@@CLASSICAL01","hotelParams":{"hotelCode":"H68719","providerCode":"UNDEFINED"}}
[13-Nov-2025 09:48:35 UTC] [Soltour API info] Getting details for budget: H3784##TI##0$5422252774119160631@@CLASSICAL01, hotel: H3784
[13-Nov-2025 09:48:35 UTC] [Soltour API info] Request to booking/details: {"productType":"PACKAGE","availToken":"RbCMAEeQCNI5j9pQxgtiKSC2Uk6BEfB0MDsJsr\/yrgw=","budgetId":"H3784##TI##0$5422252774119160631@@CLASSICAL01","hotelParams":{"hotelCode":"H3784","providerCode":"UNDEFINED"}}
[13-Nov-2025 09:48:35 UTC] [Soltour API info] Getting details for budget: H1##TI##0$5313867122436982620@@CLASSICAL01, hotel: H1
[13-Nov-2025 09:48:35 UTC] [Soltour API info] Request to booking/details: {"productType":"PACKAGE","availToken":"RbCMAEeQCNI5j9pQxgtiKSC2Uk6BEfB0MDsJsr\/yrgw=","budgetId":"H1##TI##0$5313867122436982620@@CLASSICAL01","hotelParams":{"hotelCode":"H1","providerCode":"UNDEFINED"}}
[13-Nov-2025 09:48:35 UTC] [Soltour API info] Getting details for budget: H14##TI##0$5052434750211399586@@CLASSICAL01, hotel: H14
[13-Nov-2025 09:48:35 UTC] [Soltour API info] Request to booking/details: {"productType":"PACKAGE","availToken":"RbCMAEeQCNI5j9pQxgtiKSC2Uk6BEfB0MDsJsr\/yrgw=","budgetId":"H14##TI##0$5052434750211399586@@CLASSICAL01","hotelParams":{"hotelCode":"H14","providerCode":"UNDEFINED"}}
[13-Nov-2025 09:48:35 UTC] [Soltour API info] Getting details for budget: H50725##TI##0$5328544091495241963@@CLASSICAL01, hotel: H50725
[13-Nov-2025 09:48:35 UTC] [Soltour API info] Request to booking/details: {"productType":"PACKAGE","availToken":"RbCMAEeQCNI5j9pQxgtiKSC2Uk6BEfB0MDsJsr\/yrgw=","budgetId":"H50725##TI##0$5328544091495241963@@CLASSICAL01","hotelParams":{"hotelCode":"H50725","providerCode":"UNDEFINED"}}
[13-Nov-2025 09:48:35 UTC] [Soltour API info] Response from booking/details: {"availToken":"RbCMAEeQCNI5j9pQxgtiKSC2Uk6BEfB0MDsJsr/yrgw=","timestamp":"2025-11-13T10:48:35.822913496","serviceType":"UNDEFINED","agencyInformation":{"clientCode":"BEAUTYT","branchOfficeCode":"999","taxApplicationType":"ISC","taxRate":0,"paymentType":"PP","commission":{"currency":"EUR","rate":15}},"params":{"startDate":"2025-11-23","endDate":"2025-11-30","accomodation":{"rooms":[{"passengers":[{"age":30,"type":"ADULT"},{"age":30,"type":"ADULT"}]}]},"residentType":"NONE","numNights":0,"flightPa
[13-Nov-2025 09:48:35 UTC] [Soltour API info] Details response structure: {"has_budget":false,"has_details":true,"has_error":false,"error_msg":null}
[13-Nov-2025 09:48:35 UTC] [Soltour API info] Response from booking/details: {"availToken":"RbCMAEeQCNI5j9pQxgtiKSC2Uk6BEfB0MDsJsr/yrgw=","timestamp":"2025-11-13T10:48:35.818092655","serviceType":"UNDEFINED","agencyInformation":{"clientCode":"BEAUTYT","branchOfficeCode":"999","taxApplicationType":"ISC","taxRate":0,"paymentType":"PP","commission":{"currency":"EUR","rate":15}},"params":{"startDate":"2025-11-23","endDate":"2025-11-30","accomodation":{"rooms":[{"passengers":[{"age":30,"type":"ADULT"},{"age":30,"type":"ADULT"}]}]},"residentType":"NONE","numNights":0,"flightPa
[13-Nov-2025 09:48:35 UTC] [Soltour API info] Details response structure: {"has_budget":false,"has_details":true,"has_error":false,"error_msg":null}
[13-Nov-2025 09:48:35 UTC] [Soltour API info] Response from booking/details: {"availToken":"RbCMAEeQCNI5j9pQxgtiKSC2Uk6BEfB0MDsJsr/yrgw=","timestamp":"2025-11-13T10:48:35.857214092","serviceType":"UNDEFINED","agencyInformation":{"clientCode":"BEAUTYT","branchOfficeCode":"999","taxApplicationType":"ISC","taxRate":0,"paymentType":"PP","commission":{"currency":"EUR","rate":15}},"params":{"startDate":"2025-11-23","endDate":"2025-11-30","accomodation":{"rooms":[{"passengers":[{"age":30,"type":"ADULT"},{"age":30,"type":"ADULT"}]}]},"residentType":"NONE","numNights":0,"flightPa
[13-Nov-2025 09:48:35 UTC] [Soltour API info] Details response structure: {"has_budget":false,"has_details":true,"has_error":false,"error_msg":null}
[13-Nov-2025 09:48:36 UTC] [Soltour API info] Response from booking/details: {"availToken":"RbCMAEeQCNI5j9pQxgtiKSC2Uk6BEfB0MDsJsr/yrgw=","timestamp":"2025-11-13T10:48:36.006357426","serviceType":"UNDEFINED","agencyInformation":{"clientCode":"BEAUTYT","branchOfficeCode":"999","taxApplicationType":"ISC","taxRate":0,"paymentType":"PP","commission":{"currency":"EUR","rate":15}},"params":{"startDate":"2025-11-23","endDate":"2025-11-30","accomodation":{"rooms":[{"passengers":[{"age":30,"type":"ADULT"},{"age":30,"type":"ADULT"}]}]},"residentType":"NONE","numNights":0,"flightPa
[13-Nov-2025 09:48:36 UTC] [Soltour API info] Details response structure: {"has_budget":false,"has_details":true,"has_error":false,"error_msg":null}
[13-Nov-2025 09:48:36 UTC] [Soltour API info] Response from booking/details: {"availToken":"RbCMAEeQCNI5j9pQxgtiKSC2Uk6BEfB0MDsJsr/yrgw=","timestamp":"2025-11-13T10:48:35.986909483","serviceType":"UNDEFINED","agencyInformation":{"clientCode":"BEAUTYT","branchOfficeCode":"999","taxApplicationType":"ISC","taxRate":0,"paymentType":"PP","commission":{"currency":"EUR","rate":15}},"params":{"startDate":"2025-11-23","endDate":"2025-11-30","accomodation":{"rooms":[{"passengers":[{"age":30,"type":"ADULT"},{"age":30,"type":"ADULT"}]}]},"residentType":"NONE","numNights":0,"flightPa
[13-Nov-2025 09:48:36 UTC] [Soltour API info] Details response structure: {"has_budget":false,"has_details":true,"has_error":false,"error_msg":null}
[13-Nov-2025 09:48:36 UTC] Loaded file: blur_effects.php
[13-Nov-2025 09:48:36 UTC] Loaded file: blur_effects.php
[13-Nov-2025 09:48:36 UTC] Loaded file: rkit_post_duplicator.php
[13-Nov-2025 09:48:36 UTC] Loaded file: rkit_post_duplicator.php
[13-Nov-2025 09:48:36 UTC] Loaded file: rkit_tool_tips.php
[13-Nov-2025 09:48:36 UTC] Loaded file: rkit_tool_tips.php
[13-Nov-2025 09:48:36 UTC] Loaded file: rkit_wrapper_link.php
[13-Nov-2025 09:48:36 UTC] Class not found: \RomethemeKit\Rkit_Custom_Cursor
[13-Nov-2025 09:48:36 UTC] Instantiated class: \RomethemeKit\RkitDuplicator
[13-Nov-2025 09:48:36 UTC] Loaded file: rkit_wrapper_link.php
[13-Nov-2025 09:48:36 UTC] Instantiated class: \RomethemeKit\BlurEffects
[13-Nov-2025 09:48:36 UTC] Class not found: \RomethemeKit\Rkit_Sticky_Content
[13-Nov-2025 09:48:36 UTC] Class not found: \RomethemeKit\Rkit_Custom_Cursor
[13-Nov-2025 09:48:36 UTC] Instantiated class: \RomethemeKit\RkitToolTips
[13-Nov-2025 09:48:36 UTC] Instantiated class: \RomethemeKit\RkitDuplicator
[13-Nov-2025 09:48:36 UTC] Instantiated class: \RomethemeKit\RkitWrapperLink
[13-Nov-2025 09:48:36 UTC] Instantiated class: \RomethemeKit\BlurEffects
[13-Nov-2025 09:48:36 UTC] Class not found: \RomethemeKit\Rkit_Sticky_Content
[13-Nov-2025 09:48:36 UTC] Instantiated class: \RomethemeKit\RkitToolTips
[13-Nov-2025 09:48:36 UTC] Instantiated class: \RomethemeKit\RkitWrapperLink
[13-Nov-2025 09:48:36 UTC] Loaded file: blur_effects.php
[13-Nov-2025 09:48:36 UTC] Loaded file: rkit_post_duplicator.php
[13-Nov-2025 09:48:36 UTC] Loaded file: rkit_tool_tips.php
[13-Nov-2025 09:48:36 UTC] Loaded file: rkit_wrapper_link.php
[13-Nov-2025 09:48:36 UTC] Class not found: \RomethemeKit\Rkit_Custom_Cursor
[13-Nov-2025 09:48:36 UTC] Instantiated class: \RomethemeKit\RkitDuplicator
[13-Nov-2025 09:48:36 UTC] Instantiated class: \RomethemeKit\BlurEffects
[13-Nov-2025 09:48:36 UTC] Class not found: \RomethemeKit\Rkit_Sticky_Content
[13-Nov-2025 09:48:36 UTC] Instantiated class: \RomethemeKit\RkitToolTips
[13-Nov-2025 09:48:36 UTC] Instantiated class: \RomethemeKit\RkitWrapperLink
[13-Nov-2025 09:48:36 UTC] Loaded file: blur_effects.php
[13-Nov-2025 09:48:36 UTC] Loaded file: rkit_post_duplicator.php
[13-Nov-2025 09:48:36 UTC] Loaded file: rkit_tool_tips.php
[13-Nov-2025 09:48:36 UTC] Loaded file: rkit_wrapper_link.php
[13-Nov-2025 09:48:36 UTC] Class not found: \RomethemeKit\Rkit_Custom_Cursor
[13-Nov-2025 09:48:36 UTC] Instantiated class: \RomethemeKit\RkitDuplicator
[13-Nov-2025 09:48:36 UTC] Instantiated class: \RomethemeKit\BlurEffects
[13-Nov-2025 09:48:36 UTC] Class not found: \RomethemeKit\Rkit_Sticky_Content
[13-Nov-2025 09:48:36 UTC] Instantiated class: \RomethemeKit\RkitToolTips
[13-Nov-2025 09:48:36 UTC] Instantiated class: \RomethemeKit\RkitWrapperLink
[13-Nov-2025 09:48:36 UTC] Loaded file: blur_effects.php
[13-Nov-2025 09:48:36 UTC] Loaded file: rkit_post_duplicator.php
[13-Nov-2025 09:48:36 UTC] Loaded file: rkit_tool_tips.php
[13-Nov-2025 09:48:36 UTC] Loaded file: rkit_wrapper_link.php
[13-Nov-2025 09:48:36 UTC] Class not found: \RomethemeKit\Rkit_Custom_Cursor
[13-Nov-2025 09:48:36 UTC] Instantiated class: \RomethemeKit\RkitDuplicator
[13-Nov-2025 09:48:36 UTC] Instantiated class: \RomethemeKit\BlurEffects
[13-Nov-2025 09:48:36 UTC] Class not found: \RomethemeKit\Rkit_Sticky_Content
[13-Nov-2025 09:48:36 UTC] Instantiated class: \RomethemeKit\RkitToolTips
[13-Nov-2025 09:48:36 UTC] Instantiated class: \RomethemeKit\RkitWrapperLink
[13-Nov-2025 09:48:37 UTC] [Soltour API info] Getting details for budget: H199537##TI##0$5359770450803702764@@CLASSICAL01, hotel: H199537
[13-Nov-2025 09:48:37 UTC] [Soltour API info] Request to booking/details: {"productType":"PACKAGE","availToken":"RbCMAEeQCNI5j9pQxgtiKSC2Uk6BEfB0MDsJsr\/yrgw=","budgetId":"H199537##TI##0$5359770450803702764@@CLASSICAL01","hotelParams":{"hotelCode":"H199537","providerCode":"UNDEFINED"}}
[13-Nov-2025 09:48:37 UTC] [Soltour API info] Getting details for budget: H224289##TI##0$4849689948051751545@@CLASSICAL01, hotel: H224289
[13-Nov-2025 09:48:37 UTC] [Soltour API info] Request to booking/details: {"productType":"PACKAGE","availToken":"RbCMAEeQCNI5j9pQxgtiKSC2Uk6BEfB0MDsJsr\/yrgw=","budgetId":"H224289##TI##0$4849689948051751545@@CLASSICAL01","hotelParams":{"hotelCode":"H224289","providerCode":"UNDEFINED"}}
[13-Nov-2025 09:48:37 UTC] [Soltour API info] Getting details for budget: H35##TI##0$4993085484289724656@@CLASSICAL01, hotel: H35
[13-Nov-2025 09:48:37 UTC] [Soltour API info] Request to booking/details: {"productType":"PACKAGE","availToken":"RbCMAEeQCNI5j9pQxgtiKSC2Uk6BEfB0MDsJsr\/yrgw=","budgetId":"H35##TI##0$4993085484289724656@@CLASSICAL01","hotelParams":{"hotelCode":"H35","providerCode":"UNDEFINED"}}
[13-Nov-2025 09:48:37 UTC] [Soltour API info] Getting details for budget: H13##TI##0$5618870514535934066@@CLASSICAL01, hotel: H13
[13-Nov-2025 09:48:37 UTC] [Soltour API info] Request to booking/details: {"productType":"PACKAGE","availToken":"RbCMAEeQCNI5j9pQxgtiKSC2Uk6BEfB0MDsJsr\/yrgw=","budgetId":"H13##TI##0$5618870514535934066@@CLASSICAL01","hotelParams":{"hotelCode":"H13","providerCode":"UNDEFINED"}}
[13-Nov-2025 09:48:37 UTC] [Soltour API info] Getting details for budget: H3##TI##0$5020719612838714786@@CLASSICAL01, hotel: H3
[13-Nov-2025 09:48:37 UTC] [Soltour API info] Request to booking/details: {"productType":"PACKAGE","availToken":"RbCMAEeQCNI5j9pQxgtiKSC2Uk6BEfB0MDsJsr\/yrgw=","budgetId":"H3##TI##0$5020719612838714786@@CLASSICAL01","hotelParams":{"hotelCode":"H3","providerCode":"UNDEFINED"}}
[13-Nov-2025 09:48:37 UTC] [Soltour API info] Response from booking/details: {"availToken":"RbCMAEeQCNI5j9pQxgtiKSC2Uk6BEfB0MDsJsr/yrgw=","timestamp":"2025-11-13T10:48:37.743857960","serviceType":"UNDEFINED","agencyInformation":{"clientCode":"BEAUTYT","branchOfficeCode":"999","taxApplicationType":"ISC","taxRate":0,"paymentType":"PP","commission":{"currency":"EUR","rate":15}},"params":{"startDate":"2025-11-23","endDate":"2025-11-30","accomodation":{"rooms":[{"passengers":[{"age":30,"type":"ADULT"},{"age":30,"type":"ADULT"}]}]},"residentType":"NONE","numNights":0,"flightPa
[13-Nov-2025 09:48:37 UTC] [Soltour API info] Details response structure: {"has_budget":false,"has_details":true,"has_error":false,"error_msg":null}
[13-Nov-2025 09:48:37 UTC] [Soltour API info] Response from booking/details: {"availToken":"RbCMAEeQCNI5j9pQxgtiKSC2Uk6BEfB0MDsJsr/yrgw=","timestamp":"2025-11-13T10:48:37.847008254","serviceType":"UNDEFINED","agencyInformation":{"clientCode":"BEAUTYT","branchOfficeCode":"999","taxApplicationType":"ISC","taxRate":0,"paymentType":"PP","commission":{"currency":"EUR","rate":15}},"params":{"startDate":"2025-11-23","endDate":"2025-11-30","accomodation":{"rooms":[{"passengers":[{"age":30,"type":"ADULT"},{"age":30,"type":"ADULT"}]}]},"residentType":"NONE","numNights":0,"flightPa
[13-Nov-2025 09:48:37 UTC] [Soltour API info] Details response structure: {"has_budget":false,"has_details":true,"has_error":false,"error_msg":null}
[13-Nov-2025 09:48:37 UTC] [Soltour API info] Response from booking/details: {"availToken":"RbCMAEeQCNI5j9pQxgtiKSC2Uk6BEfB0MDsJsr/yrgw=","timestamp":"2025-11-13T10:48:37.881066731","serviceType":"UNDEFINED","agencyInformation":{"clientCode":"BEAUTYT","branchOfficeCode":"999","taxApplicationType":"ISC","taxRate":0,"paymentType":"PP","commission":{"currency":"EUR","rate":15}},"params":{"startDate":"2025-11-23","endDate":"2025-11-30","accomodation":{"rooms":[{"passengers":[{"age":30,"type":"ADULT"},{"age":30,"type":"ADULT"}]}]},"residentType":"NONE","numNights":0,"flightPa
[13-Nov-2025 09:48:37 UTC] [Soltour API info] Details response structure: {"has_budget":false,"has_details":true,"has_error":false,"error_msg":null}
[13-Nov-2025 09:48:38 UTC] [Soltour API info] Response from booking/details: {"availToken":"RbCMAEeQCNI5j9pQxgtiKSC2Uk6BEfB0MDsJsr/yrgw=","timestamp":"2025-11-13T10:48:37.981282706","serviceType":"UNDEFINED","agencyInformation":{"clientCode":"BEAUTYT","branchOfficeCode":"999","taxApplicationType":"ISC","taxRate":0,"paymentType":"PP","commission":{"currency":"EUR","rate":15}},"params":{"startDate":"2025-11-23","endDate":"2025-11-30","accomodation":{"rooms":[{"passengers":[{"age":30,"type":"ADULT"},{"age":30,"type":"ADULT"}]}]},"residentType":"NONE","numNights":0,"flightPa
[13-Nov-2025 09:48:38 UTC] [Soltour API info] Details response structure: {"has_budget":false,"has_details":true,"has_error":false,"error_msg":null}
[13-Nov-2025 09:48:38 UTC] [Soltour API info] Response from booking/details: {"availToken":"RbCMAEeQCNI5j9pQxgtiKSC2Uk6BEfB0MDsJsr/yrgw=","timestamp":"2025-11-13T10:48:38.070892790","serviceType":"UNDEFINED","agencyInformation":{"clientCode":"BEAUTYT","branchOfficeCode":"999","taxApplicationType":"ISC","taxRate":0,"paymentType":"PP","commission":{"currency":"EUR","rate":15}},"params":{"startDate":"2025-11-23","endDate":"2025-11-30","accomodation":{"rooms":[{"passengers":[{"age":30,"type":"ADULT"},{"age":30,"type":"ADULT"}]}]},"residentType":"NONE","numNights":0,"flightPa
[13-Nov-2025 09:48:38 UTC] [Soltour API info] Details response structure: {"has_budget":false,"has_details":true,"has_error":false,"error_msg":null}
[13-Nov-2025 09:48:38 UTC] Loaded file: blur_effects.php
[13-Nov-2025 09:48:38 UTC] Loaded file: rkit_post_duplicator.php
[13-Nov-2025 09:48:38 UTC] Loaded file: rkit_tool_tips.php
[13-Nov-2025 09:48:38 UTC] Loaded file: rkit_wrapper_link.php
[13-Nov-2025 09:48:38 UTC] Class not found: \RomethemeKit\Rkit_Custom_Cursor
[13-Nov-2025 09:48:38 UTC] Instantiated class: \RomethemeKit\RkitDuplicator
[13-Nov-2025 09:48:38 UTC] Instantiated class: \RomethemeKit\BlurEffects
[13-Nov-2025 09:48:38 UTC] Class not found: \RomethemeKit\Rkit_Sticky_Content
[13-Nov-2025 09:48:38 UTC] Instantiated class: \RomethemeKit\RkitToolTips
[13-Nov-2025 09:48:38 UTC] Instantiated class: \RomethemeKit\RkitWrapperLink
[13-Nov-2025 09:48:38 UTC] Loaded file: blur_effects.php
[13-Nov-2025 09:48:38 UTC] Loaded file: rkit_post_duplicator.php
[13-Nov-2025 09:48:38 UTC] Loaded file: rkit_tool_tips.php
[13-Nov-2025 09:48:38 UTC] Loaded file: rkit_wrapper_link.php
[13-Nov-2025 09:48:38 UTC] Class not found: \RomethemeKit\Rkit_Custom_Cursor
[13-Nov-2025 09:48:38 UTC] Instantiated class: \RomethemeKit\RkitDuplicator
[13-Nov-2025 09:48:38 UTC] Instantiated class: \RomethemeKit\BlurEffects
[13-Nov-2025 09:48:38 UTC] Class not found: \RomethemeKit\Rkit_Sticky_Content
[13-Nov-2025 09:48:38 UTC] Instantiated class: \RomethemeKit\RkitToolTips
[13-Nov-2025 09:48:38 UTC] Instantiated class: \RomethemeKit\RkitWrapperLink
[13-Nov-2025 09:48:38 UTC] Loaded file: blur_effects.php
[13-Nov-2025 09:48:38 UTC] Loaded file: rkit_post_duplicator.php
[13-Nov-2025 09:48:38 UTC] Loaded file: rkit_tool_tips.php
[13-Nov-2025 09:48:38 UTC] Loaded file: rkit_wrapper_link.php
[13-Nov-2025 09:48:38 UTC] Class not found: \RomethemeKit\Rkit_Custom_Cursor
[13-Nov-2025 09:48:38 UTC] Instantiated class: \RomethemeKit\RkitDuplicator
[13-Nov-2025 09:48:38 UTC] Instantiated class: \RomethemeKit\BlurEffects
[13-Nov-2025 09:48:38 UTC] Class not found: \RomethemeKit\Rkit_Sticky_Content
[13-Nov-2025 09:48:38 UTC] Instantiated class: \RomethemeKit\RkitToolTips
[13-Nov-2025 09:48:38 UTC] Instantiated class: \RomethemeKit\RkitWrapperLink
[13-Nov-2025 09:48:38 UTC] Loaded file: blur_effects.php
[13-Nov-2025 09:48:38 UTC] Loaded file: rkit_post_duplicator.php
[13-Nov-2025 09:48:38 UTC] Loaded file: rkit_tool_tips.php
[13-Nov-2025 09:48:38 UTC] Loaded file: rkit_wrapper_link.php
[13-Nov-2025 09:48:38 UTC] Class not found: \RomethemeKit\Rkit_Custom_Cursor
[13-Nov-2025 09:48:38 UTC] Instantiated class: \RomethemeKit\RkitDuplicator
[13-Nov-2025 09:48:38 UTC] Instantiated class: \RomethemeKit\BlurEffects
[13-Nov-2025 09:48:38 UTC] Class not found: \RomethemeKit\Rkit_Sticky_Content
[13-Nov-2025 09:48:38 UTC] Instantiated class: \RomethemeKit\RkitToolTips
[13-Nov-2025 09:48:38 UTC] Instantiated class: \RomethemeKit\RkitWrapperLink
[13-Nov-2025 09:48:39 UTC] [Soltour API info] Getting details for budget: H199374##TI##0$5016712154935094286@@CLASSICAL01, hotel: H199374
[13-Nov-2025 09:48:39 UTC] [Soltour API info] Request to booking/details: {"productType":"PACKAGE","availToken":"RbCMAEeQCNI5j9pQxgtiKSC2Uk6BEfB0MDsJsr\/yrgw=","budgetId":"H199374##TI##0$5016712154935094286@@CLASSICAL01","hotelParams":{"hotelCode":"H199374","providerCode":"UNDEFINED"}}
[13-Nov-2025 09:48:39 UTC] [Soltour API info] Getting details for budget: H199372##TI##0$4774674450733249572@@CLASSICAL01, hotel: H199372
[13-Nov-2025 09:48:39 UTC] [Soltour API info] Request to booking/details: {"productType":"PACKAGE","availToken":"RbCMAEeQCNI5j9pQxgtiKSC2Uk6BEfB0MDsJsr\/yrgw=","budgetId":"H199372##TI##0$4774674450733249572@@CLASSICAL01","hotelParams":{"hotelCode":"H199372","providerCode":"UNDEFINED"}}
[13-Nov-2025 09:48:39 UTC] [Soltour API info] Getting details for budget: H199373##TI##0$5407435904643803442@@CLASSICAL01, hotel: H199373
[13-Nov-2025 09:48:39 UTC] [Soltour API info] Request to booking/details: {"productType":"PACKAGE","availToken":"RbCMAEeQCNI5j9pQxgtiKSC2Uk6BEfB0MDsJsr\/yrgw=","budgetId":"H199373##TI##0$5407435904643803442@@CLASSICAL01","hotelParams":{"hotelCode":"H199373","providerCode":"UNDEFINED"}}
[13-Nov-2025 09:48:39 UTC] [Soltour API info] Getting details for budget: H199535##TI##0$5386759390352220806@@CLASSICAL01, hotel: H199535
[13-Nov-2025 09:48:39 UTC] [Soltour API info] Request to booking/details: {"productType":"PACKAGE","availToken":"RbCMAEeQCNI5j9pQxgtiKSC2Uk6BEfB0MDsJsr\/yrgw=","budgetId":"H199535##TI##0$5386759390352220806@@CLASSICAL01","hotelParams":{"hotelCode":"H199535","providerCode":"UNDEFINED"}}
[13-Nov-2025 09:48:39 UTC] [Soltour API info] Response from booking/details: {"availToken":"RbCMAEeQCNI5j9pQxgtiKSC2Uk6BEfB0MDsJsr/yrgw=","timestamp":"2025-11-13T10:48:39.441128985","serviceType":"UNDEFINED","agencyInformation":{"clientCode":"BEAUTYT","branchOfficeCode":"999","taxApplicationType":"ISC","taxRate":0,"paymentType":"PP","commission":{"currency":"EUR","rate":15}},"params":{"startDate":"2025-11-23","endDate":"2025-11-30","accomodation":{"rooms":[{"passengers":[{"age":30,"type":"ADULT"},{"age":30,"type":"ADULT"}]}]},"residentType":"NONE","numNights":0,"flightPa
[13-Nov-2025 09:48:39 UTC] [Soltour API info] Details response structure: {"has_budget":false,"has_details":true,"has_error":false,"error_msg":null}
[13-Nov-2025 09:48:39 UTC] [Soltour API info] Response from booking/details: {"availToken":"RbCMAEeQCNI5j9pQxgtiKSC2Uk6BEfB0MDsJsr/yrgw=","timestamp":"2025-11-13T10:48:39.497246085","serviceType":"UNDEFINED","agencyInformation":{"clientCode":"BEAUTYT","branchOfficeCode":"999","taxApplicationType":"ISC","taxRate":0,"paymentType":"PP","commission":{"currency":"EUR","rate":15}},"params":{"startDate":"2025-11-23","endDate":"2025-11-30","accomodation":{"rooms":[{"passengers":[{"age":30,"type":"ADULT"},{"age":30,"type":"ADULT"}]}]},"residentType":"NONE","numNights":0,"flightPa
[13-Nov-2025 09:48:39 UTC] [Soltour API info] Details response structure: {"has_budget":false,"has_details":true,"has_error":false,"error_msg":null}
[13-Nov-2025 09:48:39 UTC] [Soltour API info] Response from booking/details: {"availToken":"RbCMAEeQCNI5j9pQxgtiKSC2Uk6BEfB0MDsJsr/yrgw=","timestamp":"2025-11-13T10:48:39.626743554","serviceType":"UNDEFINED","agencyInformation":{"clientCode":"BEAUTYT","branchOfficeCode":"999","taxApplicationType":"ISC","taxRate":0,"paymentType":"PP","commission":{"currency":"EUR","rate":15}},"params":{"startDate":"2025-11-23","endDate":"2025-11-30","accomodation":{"rooms":[{"passengers":[{"age":30,"type":"ADULT"},{"age":30,"type":"ADULT"}]}]},"residentType":"NONE","numNights":0,"flightPa
[13-Nov-2025 09:48:39 UTC] [Soltour API info] Details response structure: {"has_budget":false,"has_details":true,"has_error":false,"error_msg":null}
[13-Nov-2025 09:48:39 UTC] Loaded file: blur_effects.php
[13-Nov-2025 09:48:39 UTC] Loaded file: rkit_post_duplicator.php
[13-Nov-2025 09:48:39 UTC] Loaded file: rkit_tool_tips.php
[13-Nov-2025 09:48:39 UTC] Loaded file: rkit_wrapper_link.php
[13-Nov-2025 09:48:39 UTC] Class not found: \RomethemeKit\Rkit_Custom_Cursor
[13-Nov-2025 09:48:39 UTC] Instantiated class: \RomethemeKit\RkitDuplicator
[13-Nov-2025 09:48:39 UTC] Instantiated class: \RomethemeKit\BlurEffects
[13-Nov-2025 09:48:39 UTC] Class not found: \RomethemeKit\Rkit_Sticky_Content
[13-Nov-2025 09:48:39 UTC] Instantiated class: \RomethemeKit\RkitToolTips
[13-Nov-2025 09:48:39 UTC] Instantiated class: \RomethemeKit\RkitWrapperLink
[13-Nov-2025 09:48:39 UTC] [Soltour API info] Response from booking/details: {"availToken":"RbCMAEeQCNI5j9pQxgtiKSC2Uk6BEfB0MDsJsr/yrgw=","timestamp":"2025-11-13T10:48:39.738611566","serviceType":"UNDEFINED","agencyInformation":{"clientCode":"BEAUTYT","branchOfficeCode":"999","taxApplicationType":"ISC","taxRate":0,"paymentType":"PP","commission":{"currency":"EUR","rate":15}},"params":{"startDate":"2025-11-23","endDate":"2025-11-30","accomodation":{"rooms":[{"passengers":[{"age":30,"type":"ADULT"},{"age":30,"type":"ADULT"}]}]},"residentType":"NONE","numNights":0,"flightPa
[13-Nov-2025 09:48:39 UTC] [Soltour API info] Details response structure: {"has_budget":false,"has_details":true,"has_error":false,"error_msg":null}
[13-Nov-2025 09:48:40 UTC] Loaded file: blur_effects.php
[13-Nov-2025 09:48:40 UTC] Loaded file: rkit_post_duplicator.php
[13-Nov-2025 09:48:40 UTC] Loaded file: rkit_tool_tips.php
[13-Nov-2025 09:48:40 UTC] Loaded file: rkit_wrapper_link.php
[13-Nov-2025 09:48:40 UTC] Class not found: \RomethemeKit\Rkit_Custom_Cursor
[13-Nov-2025 09:48:40 UTC] Instantiated class: \RomethemeKit\RkitDuplicator
[13-Nov-2025 09:48:40 UTC] Instantiated class: \RomethemeKit\BlurEffects
[13-Nov-2025 09:48:40 UTC] Class not found: \RomethemeKit\Rkit_Sticky_Content
[13-Nov-2025 09:48:40 UTC] Instantiated class: \RomethemeKit\RkitToolTips
[13-Nov-2025 09:48:40 UTC] Instantiated class: \RomethemeKit\RkitWrapperLink
[13-Nov-2025 09:48:45 UTC] Loaded file: blur_effects.php
[13-Nov-2025 09:48:45 UTC] Loaded file: rkit_post_duplicator.php
[13-Nov-2025 09:48:45 UTC] Loaded file: rkit_tool_tips.php
[13-Nov-2025 09:48:45 UTC] Loaded file: rkit_wrapper_link.php
[13-Nov-2025 09:48:45 UTC] Class not found: \RomethemeKit\Rkit_Custom_Cursor
[13-Nov-2025 09:48:45 UTC] Instantiated class: \RomethemeKit\RkitDuplicator
[13-Nov-2025 09:48:45 UTC] Instantiated class: \RomethemeKit\BlurEffects
[13-Nov-2025 09:48:45 UTC] Class not found: \RomethemeKit\Rkit_Sticky_Content
[13-Nov-2025 09:48:45 UTC] Instantiated class: \RomethemeKit\RkitToolTips
[13-Nov-2025 09:48:45 UTC] Instantiated class: \RomethemeKit\RkitWrapperLink
[13-Nov-2025 09:48:46 UTC] [Soltour API info] === CHECK ALLOWED SELLING ===
[13-Nov-2025 09:48:46 UTC] [Soltour API info] Request to booking/availability/checkAllowedSelling: []
[13-Nov-2025 09:48:46 UTC] [Soltour API info] Response from booking/availability/checkAllowedSelling: {"ok":false,"error":{"notLogged":false,"errorMessage":"Method 'checkAllowedSelling' not found."}}
[13-Nov-2025 09:48:46 UTC] [Soltour API info] CheckAllowedSelling response: {"ok":false,"error":{"notLogged":false,"errorMessage":"Method 'checkAllowedSelling' not found."}}
[13-Nov-2025 09:48:46 UTC] Loaded file: blur_effects.php
[13-Nov-2025 09:48:46 UTC] Loaded file: rkit_post_duplicator.php
[13-Nov-2025 09:48:46 UTC] Loaded file: rkit_tool_tips.php
[13-Nov-2025 09:48:46 UTC] Loaded file: rkit_wrapper_link.php
[13-Nov-2025 09:48:46 UTC] Class not found: \RomethemeKit\Rkit_Custom_Cursor
[13-Nov-2025 09:48:46 UTC] Instantiated class: \RomethemeKit\RkitDuplicator
[13-Nov-2025 09:48:46 UTC] Instantiated class: \RomethemeKit\BlurEffects
[13-Nov-2025 09:48:46 UTC] Class not found: \RomethemeKit\Rkit_Sticky_Content
[13-Nov-2025 09:48:46 UTC] Instantiated class: \RomethemeKit\RkitToolTips
[13-Nov-2025 09:48:46 UTC] Instantiated class: \RomethemeKit\RkitWrapperLink
[13-Nov-2025 09:48:51 UTC] Loaded file: blur_effects.php
[13-Nov-2025 09:48:51 UTC] Loaded file: rkit_post_duplicator.php
[13-Nov-2025 09:48:51 UTC] Loaded file: rkit_tool_tips.php
[13-Nov-2025 09:48:51 UTC] Loaded file: rkit_wrapper_link.php
[13-Nov-2025 09:48:51 UTC] Class not found: \RomethemeKit\Rkit_Custom_Cursor
[13-Nov-2025 09:48:51 UTC] Instantiated class: \RomethemeKit\RkitDuplicator
[13-Nov-2025 09:48:51 UTC] Instantiated class: \RomethemeKit\BlurEffects
[13-Nov-2025 09:48:51 UTC] Class not found: \RomethemeKit\Rkit_Sticky_Content
[13-Nov-2025 09:48:51 UTC] Instantiated class: \RomethemeKit\RkitToolTips
[13-Nov-2025 09:48:51 UTC] Instantiated class: \RomethemeKit\RkitWrapperLink
[13-Nov-2025 09:48:55 UTC] Loaded file: blur_effects.php
[13-Nov-2025 09:48:55 UTC] Loaded file: rkit_post_duplicator.php
[13-Nov-2025 09:48:55 UTC] Loaded file: rkit_tool_tips.php
[13-Nov-2025 09:48:55 UTC] Loaded file: rkit_wrapper_link.php
[13-Nov-2025 09:48:55 UTC] Class not found: \RomethemeKit\Rkit_Custom_Cursor
[13-Nov-2025 09:48:55 UTC] Instantiated class: \RomethemeKit\RkitDuplicator
[13-Nov-2025 09:48:55 UTC] Instantiated class: \RomethemeKit\BlurEffects
[13-Nov-2025 09:48:55 UTC] Class not found: \RomethemeKit\Rkit_Sticky_Content
[13-Nov-2025 09:48:55 UTC] Instantiated class: \RomethemeKit\RkitToolTips
[13-Nov-2025 09:48:55 UTC] Instantiated class: \RomethemeKit\RkitWrapperLink
[13-Nov-2025 09:49:55 UTC] Loaded file: blur_effects.php
[13-Nov-2025 09:49:55 UTC] Loaded file: rkit_post_duplicator.php
[13-Nov-2025 09:49:55 UTC] Loaded file: rkit_tool_tips.php
[13-Nov-2025 09:49:55 UTC] Loaded file: rkit_wrapper_link.php
[13-Nov-2025 09:49:55 UTC] Class not found: \RomethemeKit\Rkit_Custom_Cursor
[13-Nov-2025 09:49:55 UTC] Instantiated class: \RomethemeKit\RkitDuplicator
[13-Nov-2025 09:49:55 UTC] Instantiated class: \RomethemeKit\BlurEffects
[13-Nov-2025 09:49:55 UTC] Class not found: \RomethemeKit\Rkit_Sticky_Content
[13-Nov-2025 09:49:55 UTC] Instantiated class: \RomethemeKit\RkitToolTips
[13-Nov-2025 09:49:55 UTC] Instantiated class: \RomethemeKit\RkitWrapperLink
[13-Nov-2025 09:49:56 UTC] Loaded file: blur_effects.php
[13-Nov-2025 09:49:56 UTC] Loaded file: rkit_post_duplicator.php
[13-Nov-2025 09:49:56 UTC] Loaded file: rkit_tool_tips.php
[13-Nov-2025 09:49:56 UTC] Loaded file: rkit_wrapper_link.php
[13-Nov-2025 09:49:56 UTC] Class not found: \RomethemeKit\Rkit_Custom_Cursor
[13-Nov-2025 09:49:56 UTC] Instantiated class: \RomethemeKit\RkitDuplicator
[13-Nov-2025 09:49:56 UTC] Instantiated class: \RomethemeKit\BlurEffects
[13-Nov-2025 09:49:56 UTC] Class not found: \RomethemeKit\Rkit_Sticky_Content
[13-Nov-2025 09:49:56 UTC] Instantiated class: \RomethemeKit\RkitToolTips
[13-Nov-2025 09:49:56 UTC] Instantiated class: \RomethemeKit\RkitWrapperLink
