[13-Nov-2025 09:53:39 UTC] Loaded file: blur_effects.php
[13-Nov-2025 09:53:39 UTC] Loaded file: rkit_post_duplicator.php
[13-Nov-2025 09:53:39 UTC] Loaded file: rkit_tool_tips.php
[13-Nov-2025 09:53:39 UTC] Loaded file: rkit_wrapper_link.php
[13-Nov-2025 09:53:39 UTC] Class not found: \RomethemeKit\Rkit_Custom_Cursor
[13-Nov-2025 09:53:39 UTC] Instantiated class: \RomethemeKit\RkitDuplicator
[13-Nov-2025 09:53:39 UTC] Instantiated class: \RomethemeKit\BlurEffects
[13-Nov-2025 09:53:39 UTC] Class not found: \RomethemeKit\Rkit_Sticky_Content
[13-Nov-2025 09:53:39 UTC] Instantiated class: \RomethemeKit\RkitToolTips
[13-Nov-2025 09:53:39 UTC] Instantiated class: \RomethemeKit\RkitWrapperLink
[13-Nov-2025 09:53:40 UTC] Loaded file: blur_effects.php
[13-Nov-2025 09:53:40 UTC] Loaded file: rkit_post_duplicator.php
[13-Nov-2025 09:53:40 UTC] Loaded file: rkit_tool_tips.php
[13-Nov-2025 09:53:40 UTC] Loaded file: rkit_wrapper_link.php
[13-Nov-2025 09:53:40 UTC] Class not found: \RomethemeKit\Rkit_Custom_Cursor
[13-Nov-2025 09:53:40 UTC] Instantiated class: \RomethemeKit\RkitDuplicator
[13-Nov-2025 09:53:40 UTC] Instantiated class: \RomethemeKit\BlurEffects
[13-Nov-2025 09:53:40 UTC] Class not found: \RomethemeKit\Rkit_Sticky_Content
[13-Nov-2025 09:53:40 UTC] Instantiated class: \RomethemeKit\RkitToolTips
[13-Nov-2025 09:53:40 UTC] Instantiated class: \RomethemeKit\RkitWrapperLink
[13-Nov-2025 09:53:40 UTC] Loaded file: blur_effects.php
[13-Nov-2025 09:53:40 UTC] Loaded file: rkit_post_duplicator.php
[13-Nov-2025 09:53:40 UTC] Loaded file: rkit_tool_tips.php
[13-Nov-2025 09:53:40 UTC] Loaded file: rkit_wrapper_link.php
[13-Nov-2025 09:53:40 UTC] Class not found: \RomethemeKit\Rkit_Custom_Cursor
[13-Nov-2025 09:53:40 UTC] Instantiated class: \RomethemeKit\RkitDuplicator
[13-Nov-2025 09:53:40 UTC] Instantiated class: \RomethemeKit\BlurEffects
[13-Nov-2025 09:53:40 UTC] Class not found: \RomethemeKit\Rkit_Sticky_Content
[13-Nov-2025 09:53:40 UTC] Instantiated class: \RomethemeKit\RkitToolTips
[13-Nov-2025 09:53:40 UTC] Instantiated class: \RomethemeKit\RkitWrapperLink
[13-Nov-2025 09:55:40 UTC] Loaded file: blur_effects.php
[13-Nov-2025 09:55:40 UTC] Loaded file: rkit_post_duplicator.php
[13-Nov-2025 09:55:40 UTC] Loaded file: rkit_tool_tips.php
[13-Nov-2025 09:55:40 UTC] Loaded file: rkit_wrapper_link.php
[13-Nov-2025 09:55:40 UTC] Class not found: \RomethemeKit\Rkit_Custom_Cursor
[13-Nov-2025 09:55:40 UTC] Instantiated class: \RomethemeKit\RkitDuplicator
[13-Nov-2025 09:55:40 UTC] Instantiated class: \RomethemeKit\BlurEffects
[13-Nov-2025 09:55:40 UTC] Class not found: \RomethemeKit\Rkit_Sticky_Content
[13-Nov-2025 09:55:40 UTC] Instantiated class: \RomethemeKit\RkitToolTips
[13-Nov-2025 09:55:40 UTC] Instantiated class: \RomethemeKit\RkitWrapperLink
[13-Nov-2025 09:55:41 UTC] Loaded file: blur_effects.php
[13-Nov-2025 09:55:41 UTC] Loaded file: rkit_post_duplicator.php
[13-Nov-2025 09:55:41 UTC] Loaded file: rkit_tool_tips.php
[13-Nov-2025 09:55:41 UTC] Loaded file: rkit_wrapper_link.php
[13-Nov-2025 09:55:41 UTC] Class not found: \RomethemeKit\Rkit_Custom_Cursor
[13-Nov-2025 09:55:41 UTC] Instantiated class: \RomethemeKit\RkitDuplicator
[13-Nov-2025 09:55:41 UTC] Instantiated class: \RomethemeKit\BlurEffects
[13-Nov-2025 09:55:41 UTC] Class not found: \RomethemeKit\Rkit_Sticky_Content
[13-Nov-2025 09:55:41 UTC] Instantiated class: \RomethemeKit\RkitToolTips
[13-Nov-2025 09:55:41 UTC] Instantiated class: \RomethemeKit\RkitWrapperLink
[13-Nov-2025 09:57:41 UTC] Loaded file: blur_effects.php
[13-Nov-2025 09:57:41 UTC] Loaded file: rkit_post_duplicator.php
[13-Nov-2025 09:57:41 UTC] Loaded file: rkit_tool_tips.php
[13-Nov-2025 09:57:41 UTC] Loaded file: rkit_wrapper_link.php
[13-Nov-2025 09:57:41 UTC] Class not found: \RomethemeKit\Rkit_Custom_Cursor
[13-Nov-2025 09:57:41 UTC] Instantiated class: \RomethemeKit\RkitDuplicator
[13-Nov-2025 09:57:41 UTC] Instantiated class: \RomethemeKit\BlurEffects
[13-Nov-2025 09:57:41 UTC] Class not found: \RomethemeKit\Rkit_Sticky_Content
[13-Nov-2025 09:57:41 UTC] Instantiated class: \RomethemeKit\RkitToolTips
[13-Nov-2025 09:57:41 UTC] Instantiated class: \RomethemeKit\RkitWrapperLink
[13-Nov-2025 09:57:42 UTC] Loaded file: blur_effects.php
[13-Nov-2025 09:57:42 UTC] Loaded file: rkit_post_duplicator.php
[13-Nov-2025 09:57:42 UTC] Loaded file: rkit_tool_tips.php
[13-Nov-2025 09:57:42 UTC] Loaded file: rkit_wrapper_link.php
[13-Nov-2025 09:57:42 UTC] Class not found: \RomethemeKit\Rkit_Custom_Cursor
[13-Nov-2025 09:57:42 UTC] Instantiated class: \RomethemeKit\RkitDuplicator
[13-Nov-2025 09:57:42 UTC] Instantiated class: \RomethemeKit\BlurEffects
[13-Nov-2025 09:57:42 UTC] Class not found: \RomethemeKit\Rkit_Sticky_Content
[13-Nov-2025 09:57:42 UTC] Instantiated class: \RomethemeKit\RkitToolTips
[13-Nov-2025 09:57:42 UTC] Instantiated class: \RomethemeKit\RkitWrapperLink
[13-Nov-2025 09:58:26 UTC] Loaded file: blur_effects.php
[13-Nov-2025 09:58:26 UTC] Loaded file: rkit_post_duplicator.php
[13-Nov-2025 09:58:26 UTC] Loaded file: rkit_tool_tips.php
[13-Nov-2025 09:58:26 UTC] Loaded file: rkit_wrapper_link.php
[13-Nov-2025 09:58:26 UTC] Class not found: \RomethemeKit\Rkit_Custom_Cursor
[13-Nov-2025 09:58:26 UTC] Instantiated class: \RomethemeKit\RkitDuplicator
[13-Nov-2025 09:58:26 UTC] Instantiated class: \RomethemeKit\BlurEffects
[13-Nov-2025 09:58:26 UTC] Class not found: \RomethemeKit\Rkit_Sticky_Content
[13-Nov-2025 09:58:26 UTC] Instantiated class: \RomethemeKit\RkitToolTips
[13-Nov-2025 09:58:26 UTC] Instantiated class: \RomethemeKit\RkitWrapperLink
[13-Nov-2025 09:58:27 UTC] Loaded file: blur_effects.php
[13-Nov-2025 09:58:27 UTC] Loaded file: rkit_post_duplicator.php
[13-Nov-2025 09:58:27 UTC] Loaded file: rkit_tool_tips.php
[13-Nov-2025 09:58:27 UTC] Loaded file: rkit_wrapper_link.php
[13-Nov-2025 09:58:27 UTC] Class not found: \RomethemeKit\Rkit_Custom_Cursor
[13-Nov-2025 09:58:27 UTC] Instantiated class: \RomethemeKit\RkitDuplicator
[13-Nov-2025 09:58:27 UTC] Instantiated class: \RomethemeKit\BlurEffects
[13-Nov-2025 09:58:27 UTC] Class not found: \RomethemeKit\Rkit_Sticky_Content
[13-Nov-2025 09:58:27 UTC] Instantiated class: \RomethemeKit\RkitToolTips
[13-Nov-2025 09:58:27 UTC] Instantiated class: \RomethemeKit\RkitWrapperLink
[13-Nov-2025 09:58:27 UTC] Loaded file: blur_effects.php
[13-Nov-2025 09:58:27 UTC] Loaded file: rkit_post_duplicator.php
[13-Nov-2025 09:58:27 UTC] Loaded file: rkit_tool_tips.php
[13-Nov-2025 09:58:27 UTC] Loaded file: rkit_wrapper_link.php
[13-Nov-2025 09:58:27 UTC] Class not found: \RomethemeKit\Rkit_Custom_Cursor
[13-Nov-2025 09:58:27 UTC] Instantiated class: \RomethemeKit\RkitDuplicator
[13-Nov-2025 09:58:27 UTC] Instantiated class: \RomethemeKit\BlurEffects
[13-Nov-2025 09:58:27 UTC] Class not found: \RomethemeKit\Rkit_Sticky_Content
[13-Nov-2025 09:58:27 UTC] Instantiated class: \RomethemeKit\RkitToolTips
[13-Nov-2025 09:58:27 UTC] Instantiated class: \RomethemeKit\RkitWrapperLink
[13-Nov-2025 09:58:32 UTC] Loaded file: blur_effects.php
[13-Nov-2025 09:58:32 UTC] Loaded file: rkit_post_duplicator.php
[13-Nov-2025 09:58:32 UTC] Loaded file: rkit_tool_tips.php
[13-Nov-2025 09:58:32 UTC] Loaded file: rkit_wrapper_link.php
[13-Nov-2025 09:58:32 UTC] Class not found: \RomethemeKit\Rkit_Custom_Cursor
[13-Nov-2025 09:58:32 UTC] Instantiated class: \RomethemeKit\RkitDuplicator
[13-Nov-2025 09:58:32 UTC] Instantiated class: \RomethemeKit\BlurEffects
[13-Nov-2025 09:58:32 UTC] Class not found: \RomethemeKit\Rkit_Sticky_Content
[13-Nov-2025 09:58:32 UTC] Instantiated class: \RomethemeKit\RkitToolTips
[13-Nov-2025 09:58:32 UTC] Instantiated class: \RomethemeKit\RkitWrapperLink
[13-Nov-2025 09:58:39 UTC] Loaded file: blur_effects.php
[13-Nov-2025 09:58:39 UTC] Loaded file: rkit_post_duplicator.php
[13-Nov-2025 09:58:39 UTC] Loaded file: rkit_tool_tips.php
[13-Nov-2025 09:58:39 UTC] Loaded file: rkit_wrapper_link.php
[13-Nov-2025 09:58:39 UTC] Class not found: \RomethemeKit\Rkit_Custom_Cursor
[13-Nov-2025 09:58:39 UTC] Instantiated class: \RomethemeKit\RkitDuplicator
[13-Nov-2025 09:58:39 UTC] Instantiated class: \RomethemeKit\BlurEffects
[13-Nov-2025 09:58:39 UTC] Class not found: \RomethemeKit\Rkit_Sticky_Content
[13-Nov-2025 09:58:39 UTC] Instantiated class: \RomethemeKit\RkitToolTips
[13-Nov-2025 09:58:39 UTC] Instantiated class: \RomethemeKit\RkitWrapperLink
[13-Nov-2025 09:58:40 UTC] Loaded file: blur_effects.php
[13-Nov-2025 09:58:40 UTC] Loaded file: rkit_post_duplicator.php
[13-Nov-2025 09:58:40 UTC] Loaded file: rkit_tool_tips.php
[13-Nov-2025 09:58:40 UTC] Loaded file: rkit_wrapper_link.php
[13-Nov-2025 09:58:40 UTC] Class not found: \RomethemeKit\Rkit_Custom_Cursor
[13-Nov-2025 09:58:40 UTC] Instantiated class: \RomethemeKit\RkitDuplicator
[13-Nov-2025 09:58:40 UTC] Instantiated class: \RomethemeKit\BlurEffects
[13-Nov-2025 09:58:40 UTC] Class not found: \RomethemeKit\Rkit_Sticky_Content
[13-Nov-2025 09:58:40 UTC] Instantiated class: \RomethemeKit\RkitToolTips
[13-Nov-2025 09:58:40 UTC] Instantiated class: \RomethemeKit\RkitWrapperLink
[13-Nov-2025 09:58:41 UTC] Loaded file: blur_effects.php
[13-Nov-2025 09:58:41 UTC] Loaded file: rkit_post_duplicator.php
[13-Nov-2025 09:58:41 UTC] Loaded file: rkit_tool_tips.php
[13-Nov-2025 09:58:41 UTC] Loaded file: rkit_wrapper_link.php
[13-Nov-2025 09:58:41 UTC] Class not found: \RomethemeKit\Rkit_Custom_Cursor
[13-Nov-2025 09:58:41 UTC] Instantiated class: \RomethemeKit\RkitDuplicator
[13-Nov-2025 09:58:41 UTC] Instantiated class: \RomethemeKit\BlurEffects
[13-Nov-2025 09:58:41 UTC] Class not found: \RomethemeKit\Rkit_Sticky_Content
[13-Nov-2025 09:58:41 UTC] Instantiated class: \RomethemeKit\RkitToolTips
[13-Nov-2025 09:58:41 UTC] Instantiated class: \RomethemeKit\RkitWrapperLink
[13-Nov-2025 09:58:42 UTC] Soltour Booking V2: Plugin ativado com sucesso
[13-Nov-2025 09:58:43 UTC] Loaded file: blur_effects.php
[13-Nov-2025 09:58:43 UTC] Loaded file: rkit_post_duplicator.php
[13-Nov-2025 09:58:43 UTC] Loaded file: rkit_tool_tips.php
[13-Nov-2025 09:58:43 UTC] Loaded file: rkit_wrapper_link.php
[13-Nov-2025 09:58:43 UTC] Class not found: \RomethemeKit\Rkit_Custom_Cursor
[13-Nov-2025 09:58:43 UTC] Instantiated class: \RomethemeKit\RkitDuplicator
[13-Nov-2025 09:58:43 UTC] Instantiated class: \RomethemeKit\BlurEffects
[13-Nov-2025 09:58:43 UTC] Class not found: \RomethemeKit\Rkit_Sticky_Content
[13-Nov-2025 09:58:43 UTC] Instantiated class: \RomethemeKit\RkitToolTips
[13-Nov-2025 09:58:43 UTC] Instantiated class: \RomethemeKit\RkitWrapperLink
[13-Nov-2025 09:58:45 UTC] Loaded file: blur_effects.php
[13-Nov-2025 09:58:45 UTC] Loaded file: rkit_post_duplicator.php
[13-Nov-2025 09:58:45 UTC] Loaded file: rkit_tool_tips.php
[13-Nov-2025 09:58:45 UTC] Loaded file: rkit_wrapper_link.php
[13-Nov-2025 09:58:45 UTC] Class not found: \RomethemeKit\Rkit_Custom_Cursor
[13-Nov-2025 09:58:45 UTC] Instantiated class: \RomethemeKit\RkitDuplicator
[13-Nov-2025 09:58:45 UTC] Instantiated class: \RomethemeKit\BlurEffects
[13-Nov-2025 09:58:45 UTC] Class not found: \RomethemeKit\Rkit_Sticky_Content
[13-Nov-2025 09:58:45 UTC] Instantiated class: \RomethemeKit\RkitToolTips
[13-Nov-2025 09:58:45 UTC] Instantiated class: \RomethemeKit\RkitWrapperLink
[13-Nov-2025 09:58:46 UTC] Loaded file: blur_effects.php
[13-Nov-2025 09:58:46 UTC] Loaded file: rkit_post_duplicator.php
[13-Nov-2025 09:58:46 UTC] Loaded file: rkit_tool_tips.php
[13-Nov-2025 09:58:46 UTC] Loaded file: rkit_wrapper_link.php
[13-Nov-2025 09:58:46 UTC] Class not found: \RomethemeKit\Rkit_Custom_Cursor
[13-Nov-2025 09:58:46 UTC] Instantiated class: \RomethemeKit\RkitDuplicator
[13-Nov-2025 09:58:46 UTC] Instantiated class: \RomethemeKit\BlurEffects
[13-Nov-2025 09:58:46 UTC] Class not found: \RomethemeKit\Rkit_Sticky_Content
[13-Nov-2025 09:58:46 UTC] Instantiated class: \RomethemeKit\RkitToolTips
[13-Nov-2025 09:58:46 UTC] Instantiated class: \RomethemeKit\RkitWrapperLink
[13-Nov-2025 09:58:51 UTC] Loaded file: blur_effects.php
[13-Nov-2025 09:58:51 UTC] Loaded file: rkit_post_duplicator.php
[13-Nov-2025 09:58:51 UTC] Loaded file: rkit_tool_tips.php
[13-Nov-2025 09:58:51 UTC] Loaded file: rkit_wrapper_link.php
[13-Nov-2025 09:58:51 UTC] Class not found: \RomethemeKit\Rkit_Custom_Cursor
[13-Nov-2025 09:58:51 UTC] Instantiated class: \RomethemeKit\RkitDuplicator
[13-Nov-2025 09:58:51 UTC] Instantiated class: \RomethemeKit\BlurEffects
[13-Nov-2025 09:58:51 UTC] Class not found: \RomethemeKit\Rkit_Sticky_Content
[13-Nov-2025 09:58:51 UTC] Instantiated class: \RomethemeKit\RkitToolTips
[13-Nov-2025 09:58:51 UTC] Instantiated class: \RomethemeKit\RkitWrapperLink
[13-Nov-2025 09:58:51 UTC] Loaded file: blur_effects.php
[13-Nov-2025 09:58:51 UTC] Loaded file: rkit_post_duplicator.php
[13-Nov-2025 09:58:51 UTC] Loaded file: rkit_tool_tips.php
[13-Nov-2025 09:58:51 UTC] Loaded file: rkit_wrapper_link.php
[13-Nov-2025 09:58:51 UTC] Class not found: \RomethemeKit\Rkit_Custom_Cursor
[13-Nov-2025 09:58:51 UTC] Instantiated class: \RomethemeKit\RkitDuplicator
[13-Nov-2025 09:58:51 UTC] Instantiated class: \RomethemeKit\BlurEffects
[13-Nov-2025 09:58:51 UTC] Class not found: \RomethemeKit\Rkit_Sticky_Content
[13-Nov-2025 09:58:51 UTC] Instantiated class: \RomethemeKit\RkitToolTips
[13-Nov-2025 09:58:51 UTC] Instantiated class: \RomethemeKit\RkitWrapperLink
[13-Nov-2025 09:58:53 UTC] Loaded file: blur_effects.php
[13-Nov-2025 09:58:53 UTC] Loaded file: rkit_post_duplicator.php
[13-Nov-2025 09:58:53 UTC] Loaded file: rkit_tool_tips.php
[13-Nov-2025 09:58:53 UTC] Loaded file: rkit_wrapper_link.php
[13-Nov-2025 09:58:53 UTC] Class not found: \RomethemeKit\Rkit_Custom_Cursor
[13-Nov-2025 09:58:53 UTC] Instantiated class: \RomethemeKit\RkitDuplicator
[13-Nov-2025 09:58:53 UTC] Instantiated class: \RomethemeKit\BlurEffects
[13-Nov-2025 09:58:53 UTC] Class not found: \RomethemeKit\Rkit_Sticky_Content
[13-Nov-2025 09:58:53 UTC] Instantiated class: \RomethemeKit\RkitToolTips
[13-Nov-2025 09:58:53 UTC] Instantiated class: \RomethemeKit\RkitWrapperLink
[13-Nov-2025 09:58:55 UTC] Loaded file: blur_effects.php
[13-Nov-2025 09:58:55 UTC] Loaded file: rkit_post_duplicator.php
[13-Nov-2025 09:58:55 UTC] Loaded file: rkit_tool_tips.php
[13-Nov-2025 09:58:55 UTC] Loaded file: rkit_wrapper_link.php
[13-Nov-2025 09:58:55 UTC] Class not found: \RomethemeKit\Rkit_Custom_Cursor
[13-Nov-2025 09:58:55 UTC] Instantiated class: \RomethemeKit\RkitDuplicator
[13-Nov-2025 09:58:55 UTC] Instantiated class: \RomethemeKit\BlurEffects
[13-Nov-2025 09:58:55 UTC] Class not found: \RomethemeKit\Rkit_Sticky_Content
[13-Nov-2025 09:58:55 UTC] Instantiated class: \RomethemeKit\RkitToolTips
[13-Nov-2025 09:58:55 UTC] Instantiated class: \RomethemeKit\RkitWrapperLink
[13-Nov-2025 09:59:01 UTC] Loaded file: blur_effects.php
[13-Nov-2025 09:59:01 UTC] Loaded file: rkit_post_duplicator.php
[13-Nov-2025 09:59:01 UTC] Loaded file: rkit_tool_tips.php
[13-Nov-2025 09:59:01 UTC] Loaded file: rkit_wrapper_link.php
[13-Nov-2025 09:59:01 UTC] Class not found: \RomethemeKit\Rkit_Custom_Cursor
[13-Nov-2025 09:59:01 UTC] Instantiated class: \RomethemeKit\RkitDuplicator
[13-Nov-2025 09:59:01 UTC] Instantiated class: \RomethemeKit\BlurEffects
[13-Nov-2025 09:59:01 UTC] Class not found: \RomethemeKit\Rkit_Sticky_Content
[13-Nov-2025 09:59:01 UTC] Instantiated class: \RomethemeKit\RkitToolTips
[13-Nov-2025 09:59:01 UTC] Instantiated class: \RomethemeKit\RkitWrapperLink
[13-Nov-2025 09:59:06 UTC] Loaded file: blur_effects.php
[13-Nov-2025 09:59:06 UTC] Loaded file: rkit_post_duplicator.php
[13-Nov-2025 09:59:06 UTC] Loaded file: rkit_tool_tips.php
[13-Nov-2025 09:59:06 UTC] Loaded file: rkit_wrapper_link.php
[13-Nov-2025 09:59:06 UTC] Class not found: \RomethemeKit\Rkit_Custom_Cursor
[13-Nov-2025 09:59:06 UTC] Instantiated class: \RomethemeKit\RkitDuplicator
[13-Nov-2025 09:59:06 UTC] Instantiated class: \RomethemeKit\BlurEffects
[13-Nov-2025 09:59:06 UTC] Class not found: \RomethemeKit\Rkit_Sticky_Content
[13-Nov-2025 09:59:06 UTC] Instantiated class: \RomethemeKit\RkitToolTips
[13-Nov-2025 09:59:06 UTC] Instantiated class: \RomethemeKit\RkitWrapperLink
[13-Nov-2025 09:59:06 UTC] Loaded file: blur_effects.php
[13-Nov-2025 09:59:06 UTC] Loaded file: rkit_post_duplicator.php
[13-Nov-2025 09:59:06 UTC] Loaded file: rkit_tool_tips.php
[13-Nov-2025 09:59:06 UTC] Loaded file: rkit_wrapper_link.php
[13-Nov-2025 09:59:06 UTC] Class not found: \RomethemeKit\Rkit_Custom_Cursor
[13-Nov-2025 09:59:06 UTC] Instantiated class: \RomethemeKit\RkitDuplicator
[13-Nov-2025 09:59:06 UTC] Instantiated class: \RomethemeKit\BlurEffects
[13-Nov-2025 09:59:06 UTC] Class not found: \RomethemeKit\Rkit_Sticky_Content
[13-Nov-2025 09:59:06 UTC] Instantiated class: \RomethemeKit\RkitToolTips
[13-Nov-2025 09:59:06 UTC] Instantiated class: \RomethemeKit\RkitWrapperLink
[13-Nov-2025 09:59:15 UTC] Loaded file: blur_effects.php
[13-Nov-2025 09:59:15 UTC] Loaded file: rkit_post_duplicator.php
[13-Nov-2025 09:59:15 UTC] Loaded file: rkit_tool_tips.php
[13-Nov-2025 09:59:15 UTC] Loaded file: rkit_wrapper_link.php
[13-Nov-2025 09:59:15 UTC] Class not found: \RomethemeKit\Rkit_Custom_Cursor
[13-Nov-2025 09:59:15 UTC] Instantiated class: \RomethemeKit\RkitDuplicator
[13-Nov-2025 09:59:15 UTC] Instantiated class: \RomethemeKit\BlurEffects
[13-Nov-2025 09:59:15 UTC] Class not found: \RomethemeKit\Rkit_Sticky_Content
[13-Nov-2025 09:59:15 UTC] Instantiated class: \RomethemeKit\RkitToolTips
[13-Nov-2025 09:59:15 UTC] Instantiated class: \RomethemeKit\RkitWrapperLink
[13-Nov-2025 09:59:15 UTC] Loaded file: blur_effects.php
[13-Nov-2025 09:59:15 UTC] Loaded file: rkit_post_duplicator.php
[13-Nov-2025 09:59:15 UTC] Loaded file: rkit_tool_tips.php
[13-Nov-2025 09:59:15 UTC] Loaded file: rkit_wrapper_link.php
[13-Nov-2025 09:59:15 UTC] Class not found: \RomethemeKit\Rkit_Custom_Cursor
[13-Nov-2025 09:59:15 UTC] Instantiated class: \RomethemeKit\RkitDuplicator
[13-Nov-2025 09:59:15 UTC] Instantiated class: \RomethemeKit\BlurEffects
[13-Nov-2025 09:59:15 UTC] Class not found: \RomethemeKit\Rkit_Sticky_Content
[13-Nov-2025 09:59:15 UTC] Instantiated class: \RomethemeKit\RkitToolTips
[13-Nov-2025 09:59:15 UTC] Instantiated class: \RomethemeKit\RkitWrapperLink
[13-Nov-2025 09:59:16 UTC] Loaded file: blur_effects.php
[13-Nov-2025 09:59:16 UTC] Loaded file: rkit_post_duplicator.php
[13-Nov-2025 09:59:16 UTC] Loaded file: rkit_tool_tips.php
[13-Nov-2025 09:59:16 UTC] Loaded file: rkit_wrapper_link.php
[13-Nov-2025 09:59:16 UTC] Class not found: \RomethemeKit\Rkit_Custom_Cursor
[13-Nov-2025 09:59:16 UTC] Instantiated class: \RomethemeKit\RkitDuplicator
[13-Nov-2025 09:59:16 UTC] Instantiated class: \RomethemeKit\BlurEffects
[13-Nov-2025 09:59:16 UTC] Class not found: \RomethemeKit\Rkit_Sticky_Content
[13-Nov-2025 09:59:16 UTC] Instantiated class: \RomethemeKit\RkitToolTips
[13-Nov-2025 09:59:16 UTC] Instantiated class: \RomethemeKit\RkitWrapperLink
[13-Nov-2025 09:59:17 UTC] [Soltour API info] Request to master/getAllOrigins: {"productType":"PACKAGE","destinationCode":"PUJ"}
[13-Nov-2025 09:59:17 UTC] [Soltour API info] Response from master/getAllOrigins: {"origins":[{"code":"LCG","name":"A Coruña","airportType":"AIRPORT","destinationCode":"LCG","destinationName":"LA CORUNA","description":"A Coruña","dynamic":false},{"code":"ABC","name":"Albacete","airportType":"AIRPORT","description":"Albacete","dynamic":false},{"code":"ALC","name":"Alicante","airportType":"AIRPORT","destinationCode":"ALC","destinationName":"ALICANTE","description":"Alicante","dynamic":false},{"code":"LEI","name":"Almería","airportType":"AIRPORT","destinationCode":"LEI","dest
[13-Nov-2025 09:59:27 UTC] Loaded file: blur_effects.php
[13-Nov-2025 09:59:27 UTC] Loaded file: rkit_post_duplicator.php
[13-Nov-2025 09:59:27 UTC] Loaded file: rkit_tool_tips.php
[13-Nov-2025 09:59:27 UTC] Loaded file: rkit_wrapper_link.php
[13-Nov-2025 09:59:27 UTC] Class not found: \RomethemeKit\Rkit_Custom_Cursor
[13-Nov-2025 09:59:27 UTC] Instantiated class: \RomethemeKit\RkitDuplicator
[13-Nov-2025 09:59:27 UTC] Instantiated class: \RomethemeKit\BlurEffects
[13-Nov-2025 09:59:27 UTC] Class not found: \RomethemeKit\Rkit_Sticky_Content
[13-Nov-2025 09:59:27 UTC] Instantiated class: \RomethemeKit\RkitToolTips
[13-Nov-2025 09:59:27 UTC] Instantiated class: \RomethemeKit\RkitWrapperLink
[13-Nov-2025 09:59:28 UTC] Loaded file: blur_effects.php
[13-Nov-2025 09:59:28 UTC] Loaded file: rkit_post_duplicator.php
[13-Nov-2025 09:59:28 UTC] Loaded file: rkit_tool_tips.php
[13-Nov-2025 09:59:28 UTC] Loaded file: rkit_wrapper_link.php
[13-Nov-2025 09:59:28 UTC] Class not found: \RomethemeKit\Rkit_Custom_Cursor
[13-Nov-2025 09:59:28 UTC] Instantiated class: \RomethemeKit\RkitDuplicator
[13-Nov-2025 09:59:28 UTC] Instantiated class: \RomethemeKit\BlurEffects
[13-Nov-2025 09:59:28 UTC] Class not found: \RomethemeKit\Rkit_Sticky_Content
[13-Nov-2025 09:59:28 UTC] Instantiated class: \RomethemeKit\RkitToolTips
[13-Nov-2025 09:59:28 UTC] Instantiated class: \RomethemeKit\RkitWrapperLink
[13-Nov-2025 09:59:31 UTC] Loaded file: blur_effects.php
[13-Nov-2025 09:59:31 UTC] Loaded file: rkit_post_duplicator.php
[13-Nov-2025 09:59:31 UTC] Loaded file: rkit_tool_tips.php
[13-Nov-2025 09:59:31 UTC] Loaded file: rkit_wrapper_link.php
[13-Nov-2025 09:59:31 UTC] Class not found: \RomethemeKit\Rkit_Custom_Cursor
[13-Nov-2025 09:59:31 UTC] Instantiated class: \RomethemeKit\RkitDuplicator
[13-Nov-2025 09:59:31 UTC] Instantiated class: \RomethemeKit\BlurEffects
[13-Nov-2025 09:59:31 UTC] Class not found: \RomethemeKit\Rkit_Sticky_Content
[13-Nov-2025 09:59:31 UTC] Instantiated class: \RomethemeKit\RkitToolTips
[13-Nov-2025 09:59:31 UTC] Instantiated class: \RomethemeKit\RkitWrapperLink
[13-Nov-2025 09:59:31 UTC] Loaded file: blur_effects.php
[13-Nov-2025 09:59:31 UTC] Loaded file: rkit_post_duplicator.php
[13-Nov-2025 09:59:31 UTC] Loaded file: rkit_tool_tips.php
[13-Nov-2025 09:59:31 UTC] Loaded file: rkit_wrapper_link.php
[13-Nov-2025 09:59:31 UTC] Class not found: \RomethemeKit\Rkit_Custom_Cursor
[13-Nov-2025 09:59:31 UTC] Instantiated class: \RomethemeKit\RkitDuplicator
[13-Nov-2025 09:59:31 UTC] Instantiated class: \RomethemeKit\BlurEffects
[13-Nov-2025 09:59:31 UTC] Class not found: \RomethemeKit\Rkit_Sticky_Content
[13-Nov-2025 09:59:31 UTC] Instantiated class: \RomethemeKit\RkitToolTips
[13-Nov-2025 09:59:31 UTC] Instantiated class: \RomethemeKit\RkitWrapperLink
[13-Nov-2025 09:59:32 UTC] [Soltour API info] === AJAX SEARCH PACKAGES CALLED ===
[13-Nov-2025 09:59:32 UTC] [Soltour API info] Params recebidos do frontend:
[13-Nov-2025 09:59:32 UTC] [Soltour API info]   - first_item: 0
[13-Nov-2025 09:59:32 UTC] [Soltour API info]   - item_count: 100
[13-Nov-2025 09:59:32 UTC] [Soltour API info] Params completos: {"originCode":"MAD","destinationCode":"PUJ","startDate":"2025-11-23","numNights":7,"rooms":[{"passengers":[{"type":"ADULT","age":30},{"type":"ADULT","age":30}]}],"productType":"PACKAGE","onlyHotel":"N","forceAvail":true,"firstItem":0,"itemCount":100}
[13-Nov-2025 09:59:32 UTC] [Soltour API info] Enviando para API Soltour (booking/availability):
[13-Nov-2025 09:59:32 UTC] [Soltour API info]   - criteria.pagination.firstItem: 0
[13-Nov-2025 09:59:32 UTC] [Soltour API info]   - criteria.pagination.itemCount: 100
[13-Nov-2025 09:59:32 UTC] [Soltour API info] Request to booking/availability: {"productType":"PACKAGE","onlyHotel":"N","forceAvail":true,"criteria":{"order":{"type":"PRICE","direction":"ASC"},"pagination":{"firstItem":0,"itemCount":100}},"languageCode":"PT","params":{"startDate":"2025-11-23","endDate":"2025-11-30","residentType":"NONE","accomodation":{"rooms":[{"passengers":[{"type":"ADULT","age":30},{"type":"ADULT","age":30}]}]},"hotelParams":{"destinationCode":"PUJ","includeImmediatePayment":true},"flightParams":{"itineraries":[{"origins":["MAD"],"destinations":["PUJ"]}],"directFlightsOnly":false,"includeImmediatePayment":true}}}
[13-Nov-2025 09:59:43 UTC] [Soltour API info] Response from booking/availability: {"productType":"PACKAGE","availToken":"cg1BLWuZqJgjdf2G8tmdk8egkDJPpSYMYfZ9qNwxVDo=","timestamp":"2025-11-13T10:59:32.478820322","serviceType":"UNDEFINED","agencyInformation":{"clientCode":"BEAUTYT","branchOfficeCode":"999","taxApplicationType":"ISC","taxRate":0,"paymentType":"PP","commission":{"currency":"EUR","rate":15}},"budgets":[{"booked":false,"selected":false,"hotelServices":[{"responseId":"BHHXupdibL+2gIX1bi+9I4jjEAUnnmxsAd1+zjjLnSc=","id":"80f9f552-7eab-4d44-b60a-6e009541e633","type":"H
[13-Nov-2025 09:59:43 UTC] [Soltour API info] Resposta da API Soltour:
[13-Nov-2025 09:59:43 UTC] [Soltour API info]   - budgets: 176
[13-Nov-2025 09:59:43 UTC] [Soltour API info]   - totalCount: 0
[13-Nov-2025 09:59:43 UTC] [Soltour API info]   - hotels: 28
[13-Nov-2025 09:59:43 UTC] [Soltour API info]   - availToken: SIM
[13-Nov-2025 09:59:44 UTC] Loaded file: blur_effects.php
[13-Nov-2025 09:59:44 UTC] Loaded file: rkit_post_duplicator.php
[13-Nov-2025 09:59:44 UTC] Loaded file: rkit_tool_tips.php
[13-Nov-2025 09:59:44 UTC] Loaded file: rkit_wrapper_link.php
[13-Nov-2025 09:59:44 UTC] Class not found: \RomethemeKit\Rkit_Custom_Cursor
[13-Nov-2025 09:59:44 UTC] Instantiated class: \RomethemeKit\RkitDuplicator
[13-Nov-2025 09:59:44 UTC] Instantiated class: \RomethemeKit\BlurEffects
[13-Nov-2025 09:59:44 UTC] Class not found: \RomethemeKit\Rkit_Sticky_Content
[13-Nov-2025 09:59:44 UTC] Instantiated class: \RomethemeKit\RkitToolTips
[13-Nov-2025 09:59:44 UTC] Instantiated class: \RomethemeKit\RkitWrapperLink
[13-Nov-2025 09:59:44 UTC] Loaded file: blur_effects.php
[13-Nov-2025 09:59:44 UTC] Loaded file: rkit_post_duplicator.php
[13-Nov-2025 09:59:44 UTC] Loaded file: rkit_tool_tips.php
[13-Nov-2025 09:59:44 UTC] Loaded file: rkit_wrapper_link.php
[13-Nov-2025 09:59:44 UTC] Class not found: \RomethemeKit\Rkit_Custom_Cursor
[13-Nov-2025 09:59:44 UTC] Instantiated class: \RomethemeKit\RkitDuplicator
[13-Nov-2025 09:59:44 UTC] Instantiated class: \RomethemeKit\BlurEffects
[13-Nov-2025 09:59:44 UTC] Class not found: \RomethemeKit\Rkit_Sticky_Content
[13-Nov-2025 09:59:44 UTC] Instantiated class: \RomethemeKit\RkitToolTips
[13-Nov-2025 09:59:44 UTC] Instantiated class: \RomethemeKit\RkitWrapperLink
[13-Nov-2025 09:59:44 UTC] Loaded file: blur_effects.php
[13-Nov-2025 09:59:44 UTC] Loaded file: rkit_post_duplicator.php
[13-Nov-2025 09:59:44 UTC] Loaded file: rkit_tool_tips.php
[13-Nov-2025 09:59:44 UTC] Loaded file: rkit_wrapper_link.php
[13-Nov-2025 09:59:44 UTC] Class not found: \RomethemeKit\Rkit_Custom_Cursor
[13-Nov-2025 09:59:44 UTC] Instantiated class: \RomethemeKit\RkitDuplicator
[13-Nov-2025 09:59:44 UTC] Instantiated class: \RomethemeKit\BlurEffects
[13-Nov-2025 09:59:44 UTC] Class not found: \RomethemeKit\Rkit_Sticky_Content
[13-Nov-2025 09:59:44 UTC] Instantiated class: \RomethemeKit\RkitToolTips
[13-Nov-2025 09:59:44 UTC] Instantiated class: \RomethemeKit\RkitWrapperLink
[13-Nov-2025 09:59:44 UTC] Loaded file: blur_effects.php
[13-Nov-2025 09:59:44 UTC] Loaded file: rkit_post_duplicator.php
[13-Nov-2025 09:59:44 UTC] Loaded file: rkit_tool_tips.php
[13-Nov-2025 09:59:44 UTC] Loaded file: rkit_wrapper_link.php
[13-Nov-2025 09:59:44 UTC] Class not found: \RomethemeKit\Rkit_Custom_Cursor
[13-Nov-2025 09:59:44 UTC] Instantiated class: \RomethemeKit\RkitDuplicator
[13-Nov-2025 09:59:44 UTC] Instantiated class: \RomethemeKit\BlurEffects
[13-Nov-2025 09:59:44 UTC] Class not found: \RomethemeKit\Rkit_Sticky_Content
[13-Nov-2025 09:59:44 UTC] Instantiated class: \RomethemeKit\RkitToolTips
[13-Nov-2025 09:59:44 UTC] Instantiated class: \RomethemeKit\RkitWrapperLink
[13-Nov-2025 09:59:44 UTC] Loaded file: blur_effects.php
[13-Nov-2025 09:59:44 UTC] Loaded file: rkit_post_duplicator.php
[13-Nov-2025 09:59:44 UTC] Loaded file: rkit_tool_tips.php
[13-Nov-2025 09:59:44 UTC] Loaded file: rkit_wrapper_link.php
[13-Nov-2025 09:59:44 UTC] Class not found: \RomethemeKit\Rkit_Custom_Cursor
[13-Nov-2025 09:59:44 UTC] Instantiated class: \RomethemeKit\RkitDuplicator
[13-Nov-2025 09:59:44 UTC] Instantiated class: \RomethemeKit\BlurEffects
[13-Nov-2025 09:59:44 UTC] Class not found: \RomethemeKit\Rkit_Sticky_Content
[13-Nov-2025 09:59:44 UTC] Instantiated class: \RomethemeKit\RkitToolTips
[13-Nov-2025 09:59:44 UTC] Instantiated class: \RomethemeKit\RkitWrapperLink
[13-Nov-2025 09:59:45 UTC] [Soltour API info] Getting details for budget: H80090##TI##0$5189796313204276546@@CLASSICAL01, hotel: H80090
[13-Nov-2025 09:59:45 UTC] [Soltour API info] Request to booking/details: {"productType":"PACKAGE","availToken":"cg1BLWuZqJgjdf2G8tmdk8egkDJPpSYMYfZ9qNwxVDo=","budgetId":"H80090##TI##0$5189796313204276546@@CLASSICAL01","hotelParams":{"hotelCode":"H80090","providerCode":"UNDEFINED"}}
[13-Nov-2025 09:59:45 UTC] [Soltour API info] Getting details for budget: H81381##TI##0$5394628730823184556@@CLASSICAL01, hotel: H81381
[13-Nov-2025 09:59:45 UTC] [Soltour API info] Request to booking/details: {"productType":"PACKAGE","availToken":"cg1BLWuZqJgjdf2G8tmdk8egkDJPpSYMYfZ9qNwxVDo=","budgetId":"H81381##TI##0$5394628730823184556@@CLASSICAL01","hotelParams":{"hotelCode":"H81381","providerCode":"UNDEFINED"}}
[13-Nov-2025 09:59:45 UTC] Loaded file: blur_effects.php
[13-Nov-2025 09:59:45 UTC] Loaded file: rkit_post_duplicator.php
[13-Nov-2025 09:59:45 UTC] Loaded file: rkit_tool_tips.php
[13-Nov-2025 09:59:45 UTC] Loaded file: rkit_wrapper_link.php
[13-Nov-2025 09:59:45 UTC] Class not found: \RomethemeKit\Rkit_Custom_Cursor
[13-Nov-2025 09:59:45 UTC] Instantiated class: \RomethemeKit\RkitDuplicator
[13-Nov-2025 09:59:45 UTC] Instantiated class: \RomethemeKit\BlurEffects
[13-Nov-2025 09:59:45 UTC] Class not found: \RomethemeKit\Rkit_Sticky_Content
[13-Nov-2025 09:59:45 UTC] Instantiated class: \RomethemeKit\RkitToolTips
[13-Nov-2025 09:59:45 UTC] Instantiated class: \RomethemeKit\RkitWrapperLink
[13-Nov-2025 09:59:45 UTC] [Soltour API info] Getting details for budget: H24##TI##0$5487265411460537347@@CLASSICAL01, hotel: H24
[13-Nov-2025 09:59:45 UTC] [Soltour API info] Request to booking/details: {"productType":"PACKAGE","availToken":"cg1BLWuZqJgjdf2G8tmdk8egkDJPpSYMYfZ9qNwxVDo=","budgetId":"H24##TI##0$5487265411460537347@@CLASSICAL01","hotelParams":{"hotelCode":"H24","providerCode":"UNDEFINED"}}
[13-Nov-2025 09:59:45 UTC] [Soltour API info] Getting details for budget: H49702##TI##0$5728165203292380147@@CLASSICAL01, hotel: H49702
[13-Nov-2025 09:59:45 UTC] [Soltour API info] Request to booking/details: {"productType":"PACKAGE","availToken":"cg1BLWuZqJgjdf2G8tmdk8egkDJPpSYMYfZ9qNwxVDo=","budgetId":"H49702##TI##0$5728165203292380147@@CLASSICAL01","hotelParams":{"hotelCode":"H49702","providerCode":"UNDEFINED"}}
[13-Nov-2025 09:59:45 UTC] [Soltour API info] Getting details for budget: H217184##TI##0$5258929805814597201@@CLASSICAL01, hotel: H217184
[13-Nov-2025 09:59:45 UTC] [Soltour API info] Request to booking/details: {"productType":"PACKAGE","availToken":"cg1BLWuZqJgjdf2G8tmdk8egkDJPpSYMYfZ9qNwxVDo=","budgetId":"H217184##TI##0$5258929805814597201@@CLASSICAL01","hotelParams":{"hotelCode":"H217184","providerCode":"UNDEFINED"}}
[13-Nov-2025 09:59:45 UTC] [Soltour API info] Response from booking/details: {"availToken":"cg1BLWuZqJgjdf2G8tmdk8egkDJPpSYMYfZ9qNwxVDo=","timestamp":"2025-11-13T10:59:45.762178350","serviceType":"UNDEFINED","agencyInformation":{"clientCode":"BEAUTYT","branchOfficeCode":"999","taxApplicationType":"ISC","taxRate":0,"paymentType":"PP","commission":{"currency":"EUR","rate":15}},"params":{"startDate":"2025-11-23","endDate":"2025-11-30","accomodation":{"rooms":[{"passengers":[{"age":30,"type":"ADULT"},{"age":30,"type":"ADULT"}]}]},"residentType":"NONE","numNights":0,"flightPa
[13-Nov-2025 09:59:45 UTC] [Soltour API info] Details response structure: {"has_budget":false,"has_details":true,"has_error":false,"error_msg":null}
[13-Nov-2025 09:59:46 UTC] [Soltour API info] Response from booking/details: {"availToken":"cg1BLWuZqJgjdf2G8tmdk8egkDJPpSYMYfZ9qNwxVDo=","timestamp":"2025-11-13T10:59:46.068426692","serviceType":"UNDEFINED","agencyInformation":{"clientCode":"BEAUTYT","branchOfficeCode":"999","taxApplicationType":"ISC","taxRate":0,"paymentType":"PP","commission":{"currency":"EUR","rate":15}},"params":{"startDate":"2025-11-23","endDate":"2025-11-30","accomodation":{"rooms":[{"passengers":[{"age":30,"type":"ADULT"},{"age":30,"type":"ADULT"}]}]},"residentType":"NONE","numNights":0,"flightPa
[13-Nov-2025 09:59:46 UTC] [Soltour API info] Details response structure: {"has_budget":false,"has_details":true,"has_error":false,"error_msg":null}
[13-Nov-2025 09:59:46 UTC] [Soltour API info] Response from booking/details: {"availToken":"cg1BLWuZqJgjdf2G8tmdk8egkDJPpSYMYfZ9qNwxVDo=","timestamp":"2025-11-13T10:59:46.123256227","serviceType":"UNDEFINED","agencyInformation":{"clientCode":"BEAUTYT","branchOfficeCode":"999","taxApplicationType":"ISC","taxRate":0,"paymentType":"PP","commission":{"currency":"EUR","rate":15}},"params":{"startDate":"2025-11-23","endDate":"2025-11-30","accomodation":{"rooms":[{"passengers":[{"age":30,"type":"ADULT"},{"age":30,"type":"ADULT"}]}]},"residentType":"NONE","numNights":0,"flightPa
[13-Nov-2025 09:59:46 UTC] [Soltour API info] Details response structure: {"has_budget":false,"has_details":true,"has_error":false,"error_msg":null}
[13-Nov-2025 09:59:46 UTC] [Soltour API info] Response from booking/details: {"availToken":"cg1BLWuZqJgjdf2G8tmdk8egkDJPpSYMYfZ9qNwxVDo=","timestamp":"2025-11-13T10:59:46.271568648","serviceType":"UNDEFINED","agencyInformation":{"clientCode":"BEAUTYT","branchOfficeCode":"999","taxApplicationType":"ISC","taxRate":0,"paymentType":"PP","commission":{"currency":"EUR","rate":15}},"params":{"startDate":"2025-11-23","endDate":"2025-11-30","accomodation":{"rooms":[{"passengers":[{"age":30,"type":"ADULT"},{"age":30,"type":"ADULT"}]}]},"residentType":"NONE","numNights":0,"flightPa
[13-Nov-2025 09:59:46 UTC] [Soltour API info] Details response structure: {"has_budget":false,"has_details":true,"has_error":false,"error_msg":null}
[13-Nov-2025 09:59:46 UTC] [Soltour API info] Response from booking/details: {"availToken":"cg1BLWuZqJgjdf2G8tmdk8egkDJPpSYMYfZ9qNwxVDo=","timestamp":"2025-11-13T10:59:46.253739885","serviceType":"UNDEFINED","agencyInformation":{"clientCode":"BEAUTYT","branchOfficeCode":"999","taxApplicationType":"ISC","taxRate":0,"paymentType":"PP","commission":{"currency":"EUR","rate":15}},"params":{"startDate":"2025-11-23","endDate":"2025-11-30","accomodation":{"rooms":[{"passengers":[{"age":30,"type":"ADULT"},{"age":30,"type":"ADULT"}]}]},"residentType":"NONE","numNights":0,"flightPa
[13-Nov-2025 09:59:46 UTC] [Soltour API info] Details response structure: {"has_budget":false,"has_details":true,"has_error":false,"error_msg":null}
[13-Nov-2025 09:59:46 UTC] Loaded file: blur_effects.php
[13-Nov-2025 09:59:46 UTC] Loaded file: rkit_post_duplicator.php
[13-Nov-2025 09:59:46 UTC] Loaded file: rkit_tool_tips.php
[13-Nov-2025 09:59:46 UTC] Loaded file: rkit_wrapper_link.php
[13-Nov-2025 09:59:46 UTC] Class not found: \RomethemeKit\Rkit_Custom_Cursor
[13-Nov-2025 09:59:46 UTC] Instantiated class: \RomethemeKit\RkitDuplicator
[13-Nov-2025 09:59:46 UTC] Instantiated class: \RomethemeKit\BlurEffects
[13-Nov-2025 09:59:46 UTC] Class not found: \RomethemeKit\Rkit_Sticky_Content
[13-Nov-2025 09:59:46 UTC] Instantiated class: \RomethemeKit\RkitToolTips
[13-Nov-2025 09:59:46 UTC] Instantiated class: \RomethemeKit\RkitWrapperLink
[13-Nov-2025 09:59:46 UTC] Loaded file: blur_effects.php
[13-Nov-2025 09:59:46 UTC] Loaded file: rkit_post_duplicator.php
[13-Nov-2025 09:59:46 UTC] Loaded file: rkit_tool_tips.php
[13-Nov-2025 09:59:46 UTC] Loaded file: rkit_wrapper_link.php
[13-Nov-2025 09:59:46 UTC] Class not found: \RomethemeKit\Rkit_Custom_Cursor
[13-Nov-2025 09:59:46 UTC] Instantiated class: \RomethemeKit\RkitDuplicator
[13-Nov-2025 09:59:46 UTC] Instantiated class: \RomethemeKit\BlurEffects
[13-Nov-2025 09:59:46 UTC] Class not found: \RomethemeKit\Rkit_Sticky_Content
[13-Nov-2025 09:59:46 UTC] Instantiated class: \RomethemeKit\RkitToolTips
[13-Nov-2025 09:59:46 UTC] Instantiated class: \RomethemeKit\RkitWrapperLink
[13-Nov-2025 09:59:46 UTC] Loaded file: blur_effects.php
[13-Nov-2025 09:59:46 UTC] Loaded file: rkit_post_duplicator.php
[13-Nov-2025 09:59:46 UTC] Loaded file: rkit_tool_tips.php
[13-Nov-2025 09:59:46 UTC] Loaded file: rkit_wrapper_link.php
[13-Nov-2025 09:59:46 UTC] Class not found: \RomethemeKit\Rkit_Custom_Cursor
[13-Nov-2025 09:59:46 UTC] Instantiated class: \RomethemeKit\RkitDuplicator
[13-Nov-2025 09:59:46 UTC] Instantiated class: \RomethemeKit\BlurEffects
[13-Nov-2025 09:59:46 UTC] Class not found: \RomethemeKit\Rkit_Sticky_Content
[13-Nov-2025 09:59:46 UTC] Instantiated class: \RomethemeKit\RkitToolTips
[13-Nov-2025 09:59:46 UTC] Instantiated class: \RomethemeKit\RkitWrapperLink
[13-Nov-2025 09:59:47 UTC] [Soltour API info] Getting details for budget: H68719##TI##0$4844303930637331611@@CLASSICAL01, hotel: H68719
[13-Nov-2025 09:59:47 UTC] [Soltour API info] Request to booking/details: {"productType":"PACKAGE","availToken":"cg1BLWuZqJgjdf2G8tmdk8egkDJPpSYMYfZ9qNwxVDo=","budgetId":"H68719##TI##0$4844303930637331611@@CLASSICAL01","hotelParams":{"hotelCode":"H68719","providerCode":"UNDEFINED"}}
[13-Nov-2025 09:59:47 UTC] [Soltour API info] Getting details for budget: H408431##SA##0$4787695335881452423@@CLASSICAL01, hotel: H408431
[13-Nov-2025 09:59:47 UTC] [Soltour API info] Request to booking/details: {"productType":"PACKAGE","availToken":"cg1BLWuZqJgjdf2G8tmdk8egkDJPpSYMYfZ9qNwxVDo=","budgetId":"H408431##SA##0$4787695335881452423@@CLASSICAL01","hotelParams":{"hotelCode":"H408431","providerCode":"UNDEFINED"}}
[13-Nov-2025 09:59:47 UTC] [Soltour API info] Getting details for budget: H99741##SA##0$5168518748874146112@@CLASSICAL01, hotel: H99741
[13-Nov-2025 09:59:47 UTC] [Soltour API info] Request to booking/details: {"productType":"PACKAGE","availToken":"cg1BLWuZqJgjdf2G8tmdk8egkDJPpSYMYfZ9qNwxVDo=","budgetId":"H99741##SA##0$5168518748874146112@@CLASSICAL01","hotelParams":{"hotelCode":"H99741","providerCode":"UNDEFINED"}}
[13-Nov-2025 09:59:47 UTC] Loaded file: blur_effects.php
[13-Nov-2025 09:59:47 UTC] Loaded file: rkit_post_duplicator.php
[13-Nov-2025 09:59:47 UTC] Loaded file: rkit_tool_tips.php
[13-Nov-2025 09:59:47 UTC] Loaded file: rkit_wrapper_link.php
[13-Nov-2025 09:59:47 UTC] Class not found: \RomethemeKit\Rkit_Custom_Cursor
[13-Nov-2025 09:59:47 UTC] Instantiated class: \RomethemeKit\RkitDuplicator
[13-Nov-2025 09:59:47 UTC] Instantiated class: \RomethemeKit\BlurEffects
[13-Nov-2025 09:59:47 UTC] Class not found: \RomethemeKit\Rkit_Sticky_Content
[13-Nov-2025 09:59:47 UTC] Instantiated class: \RomethemeKit\RkitToolTips
[13-Nov-2025 09:59:47 UTC] Instantiated class: \RomethemeKit\RkitWrapperLink
[13-Nov-2025 09:59:47 UTC] Loaded file: blur_effects.php
[13-Nov-2025 09:59:47 UTC] Loaded file: rkit_post_duplicator.php
[13-Nov-2025 09:59:47 UTC] Loaded file: rkit_tool_tips.php
[13-Nov-2025 09:59:47 UTC] Loaded file: rkit_wrapper_link.php
[13-Nov-2025 09:59:47 UTC] Class not found: \RomethemeKit\Rkit_Custom_Cursor
[13-Nov-2025 09:59:47 UTC] Instantiated class: \RomethemeKit\RkitDuplicator
[13-Nov-2025 09:59:47 UTC] Instantiated class: \RomethemeKit\BlurEffects
[13-Nov-2025 09:59:47 UTC] Class not found: \RomethemeKit\Rkit_Sticky_Content
[13-Nov-2025 09:59:47 UTC] Instantiated class: \RomethemeKit\RkitToolTips
[13-Nov-2025 09:59:47 UTC] Instantiated class: \RomethemeKit\RkitWrapperLink
[13-Nov-2025 09:59:47 UTC] [Soltour API info] Response from booking/details: {"availToken":"cg1BLWuZqJgjdf2G8tmdk8egkDJPpSYMYfZ9qNwxVDo=","timestamp":"2025-11-13T10:59:47.558145652","serviceType":"UNDEFINED","agencyInformation":{"clientCode":"BEAUTYT","branchOfficeCode":"999","taxApplicationType":"ISC","taxRate":0,"paymentType":"PP","commission":{"currency":"EUR","rate":15}},"params":{"startDate":"2025-11-23","endDate":"2025-11-30","accomodation":{"rooms":[{"passengers":[{"age":30,"type":"ADULT"},{"age":30,"type":"ADULT"}]}]},"residentType":"NONE","numNights":0,"flightPa
[13-Nov-2025 09:59:47 UTC] [Soltour API info] Details response structure: {"has_budget":false,"has_details":true,"has_error":false,"error_msg":null}
[13-Nov-2025 09:59:47 UTC] [Soltour API info] Response from booking/details: {"availToken":"cg1BLWuZqJgjdf2G8tmdk8egkDJPpSYMYfZ9qNwxVDo=","timestamp":"2025-11-13T10:59:47.779287272","serviceType":"UNDEFINED","agencyInformation":{"clientCode":"BEAUTYT","branchOfficeCode":"999","taxApplicationType":"ISC","taxRate":0,"paymentType":"PP","commission":{"currency":"EUR","rate":15}},"params":{"startDate":"2025-11-23","endDate":"2025-11-30","accomodation":{"rooms":[{"passengers":[{"age":30,"type":"ADULT"},{"age":30,"type":"ADULT"}]}]},"residentType":"NONE","numNights":0,"flightPa
[13-Nov-2025 09:59:47 UTC] [Soltour API info] Details response structure: {"has_budget":false,"has_details":true,"has_error":false,"error_msg":null}
[13-Nov-2025 09:59:47 UTC] [Soltour API info] Response from booking/details: {"availToken":"cg1BLWuZqJgjdf2G8tmdk8egkDJPpSYMYfZ9qNwxVDo=","timestamp":"2025-11-13T10:59:47.821107360","serviceType":"UNDEFINED","agencyInformation":{"clientCode":"BEAUTYT","branchOfficeCode":"999","taxApplicationType":"ISC","taxRate":0,"paymentType":"PP","commission":{"currency":"EUR","rate":15}},"params":{"startDate":"2025-11-23","endDate":"2025-11-30","accomodation":{"rooms":[{"passengers":[{"age":30,"type":"ADULT"},{"age":30,"type":"ADULT"}]}]},"residentType":"NONE","numNights":0,"flightPa
[13-Nov-2025 09:59:47 UTC] [Soltour API info] Details response structure: {"has_budget":false,"has_details":true,"has_error":false,"error_msg":null}
[13-Nov-2025 09:59:48 UTC] [Soltour API info] Getting details for budget: H3784##TI##0$5490148966019349988@@CLASSICAL01, hotel: H3784
[13-Nov-2025 09:59:48 UTC] [Soltour API info] Request to booking/details: {"productType":"PACKAGE","availToken":"cg1BLWuZqJgjdf2G8tmdk8egkDJPpSYMYfZ9qNwxVDo=","budgetId":"H3784##TI##0$5490148966019349988@@CLASSICAL01","hotelParams":{"hotelCode":"H3784","providerCode":"UNDEFINED"}}
[13-Nov-2025 09:59:48 UTC] [Soltour API info] Getting details for budget: H50725##TI##0$5492019970086805518@@CLASSICAL01, hotel: H50725
[13-Nov-2025 09:59:48 UTC] [Soltour API info] Request to booking/details: {"productType":"PACKAGE","availToken":"cg1BLWuZqJgjdf2G8tmdk8egkDJPpSYMYfZ9qNwxVDo=","budgetId":"H50725##TI##0$5492019970086805518@@CLASSICAL01","hotelParams":{"hotelCode":"H50725","providerCode":"UNDEFINED"}}
[13-Nov-2025 09:59:48 UTC] Loaded file: blur_effects.php
[13-Nov-2025 09:59:48 UTC] Loaded file: rkit_post_duplicator.php
[13-Nov-2025 09:59:48 UTC] Loaded file: rkit_tool_tips.php
[13-Nov-2025 09:59:48 UTC] Loaded file: rkit_wrapper_link.php
[13-Nov-2025 09:59:48 UTC] Class not found: \RomethemeKit\Rkit_Custom_Cursor
[13-Nov-2025 09:59:48 UTC] Instantiated class: \RomethemeKit\RkitDuplicator
[13-Nov-2025 09:59:48 UTC] Instantiated class: \RomethemeKit\BlurEffects
[13-Nov-2025 09:59:48 UTC] Class not found: \RomethemeKit\Rkit_Sticky_Content
[13-Nov-2025 09:59:48 UTC] Instantiated class: \RomethemeKit\RkitToolTips
[13-Nov-2025 09:59:48 UTC] Instantiated class: \RomethemeKit\RkitWrapperLink
[13-Nov-2025 09:59:48 UTC] Loaded file: blur_effects.php
[13-Nov-2025 09:59:48 UTC] Loaded file: rkit_post_duplicator.php
[13-Nov-2025 09:59:48 UTC] Loaded file: rkit_tool_tips.php
[13-Nov-2025 09:59:48 UTC] Loaded file: rkit_wrapper_link.php
[13-Nov-2025 09:59:48 UTC] Class not found: \RomethemeKit\Rkit_Custom_Cursor
[13-Nov-2025 09:59:48 UTC] Instantiated class: \RomethemeKit\RkitDuplicator
[13-Nov-2025 09:59:48 UTC] Instantiated class: \RomethemeKit\BlurEffects
[13-Nov-2025 09:59:48 UTC] Class not found: \RomethemeKit\Rkit_Sticky_Content
[13-Nov-2025 09:59:48 UTC] Instantiated class: \RomethemeKit\RkitToolTips
[13-Nov-2025 09:59:48 UTC] Instantiated class: \RomethemeKit\RkitWrapperLink
[13-Nov-2025 09:59:48 UTC] Loaded file: blur_effects.php
[13-Nov-2025 09:59:48 UTC] Loaded file: rkit_post_duplicator.php
[13-Nov-2025 09:59:48 UTC] Loaded file: rkit_tool_tips.php
[13-Nov-2025 09:59:48 UTC] Loaded file: rkit_wrapper_link.php
[13-Nov-2025 09:59:48 UTC] Class not found: \RomethemeKit\Rkit_Custom_Cursor
[13-Nov-2025 09:59:48 UTC] Instantiated class: \RomethemeKit\RkitDuplicator
[13-Nov-2025 09:59:48 UTC] Instantiated class: \RomethemeKit\BlurEffects
[13-Nov-2025 09:59:48 UTC] Class not found: \RomethemeKit\Rkit_Sticky_Content
[13-Nov-2025 09:59:48 UTC] Instantiated class: \RomethemeKit\RkitToolTips
[13-Nov-2025 09:59:48 UTC] Instantiated class: \RomethemeKit\RkitWrapperLink
[13-Nov-2025 09:59:48 UTC] [Soltour API info] Response from booking/details: {"availToken":"cg1BLWuZqJgjdf2G8tmdk8egkDJPpSYMYfZ9qNwxVDo=","timestamp":"2025-11-13T10:59:48.730413876","serviceType":"UNDEFINED","agencyInformation":{"clientCode":"BEAUTYT","branchOfficeCode":"999","taxApplicationType":"ISC","taxRate":0,"paymentType":"PP","commission":{"currency":"EUR","rate":15}},"params":{"startDate":"2025-11-23","endDate":"2025-11-30","accomodation":{"rooms":[{"passengers":[{"age":30,"type":"ADULT"},{"age":30,"type":"ADULT"}]}]},"residentType":"NONE","numNights":0,"flightPa
[13-Nov-2025 09:59:48 UTC] [Soltour API info] Details response structure: {"has_budget":false,"has_details":true,"has_error":false,"error_msg":null}
[13-Nov-2025 09:59:49 UTC] [Soltour API info] Getting details for budget: H1##TI##0$5636533151006439170@@CLASSICAL01, hotel: H1
[13-Nov-2025 09:59:49 UTC] [Soltour API info] Request to booking/details: {"productType":"PACKAGE","availToken":"cg1BLWuZqJgjdf2G8tmdk8egkDJPpSYMYfZ9qNwxVDo=","budgetId":"H1##TI##0$5636533151006439170@@CLASSICAL01","hotelParams":{"hotelCode":"H1","providerCode":"UNDEFINED"}}
[13-Nov-2025 09:59:49 UTC] [Soltour API info] Getting details for budget: H35##TI##0$5576836087385417542@@CLASSICAL01, hotel: H35
[13-Nov-2025 09:59:49 UTC] [Soltour API info] Request to booking/details: {"productType":"PACKAGE","availToken":"cg1BLWuZqJgjdf2G8tmdk8egkDJPpSYMYfZ9qNwxVDo=","budgetId":"H35##TI##0$5576836087385417542@@CLASSICAL01","hotelParams":{"hotelCode":"H35","providerCode":"UNDEFINED"}}
[13-Nov-2025 09:59:49 UTC] [Soltour API info] Response from booking/details: {"availToken":"cg1BLWuZqJgjdf2G8tmdk8egkDJPpSYMYfZ9qNwxVDo=","timestamp":"2025-11-13T10:59:48.874474804","serviceType":"UNDEFINED","agencyInformation":{"clientCode":"BEAUTYT","branchOfficeCode":"999","taxApplicationType":"ISC","taxRate":0,"paymentType":"PP","commission":{"currency":"EUR","rate":15}},"params":{"startDate":"2025-11-23","endDate":"2025-11-30","accomodation":{"rooms":[{"passengers":[{"age":30,"type":"ADULT"},{"age":30,"type":"ADULT"}]}]},"residentType":"NONE","numNights":0,"flightPa
[13-Nov-2025 09:59:49 UTC] [Soltour API info] Details response structure: {"has_budget":false,"has_details":true,"has_error":false,"error_msg":null}
[13-Nov-2025 09:59:49 UTC] [Soltour API info] Getting details for budget: H14##TI##0$5053977548002580224@@CLASSICAL01, hotel: H14
[13-Nov-2025 09:59:49 UTC] [Soltour API info] Request to booking/details: {"productType":"PACKAGE","availToken":"cg1BLWuZqJgjdf2G8tmdk8egkDJPpSYMYfZ9qNwxVDo=","budgetId":"H14##TI##0$5053977548002580224@@CLASSICAL01","hotelParams":{"hotelCode":"H14","providerCode":"UNDEFINED"}}
[13-Nov-2025 09:59:49 UTC] Loaded file: blur_effects.php
[13-Nov-2025 09:59:49 UTC] Loaded file: rkit_post_duplicator.php
[13-Nov-2025 09:59:49 UTC] Loaded file: rkit_tool_tips.php
[13-Nov-2025 09:59:49 UTC] Loaded file: rkit_wrapper_link.php
[13-Nov-2025 09:59:49 UTC] Class not found: \RomethemeKit\Rkit_Custom_Cursor
[13-Nov-2025 09:59:49 UTC] Instantiated class: \RomethemeKit\RkitDuplicator
[13-Nov-2025 09:59:49 UTC] Instantiated class: \RomethemeKit\BlurEffects
[13-Nov-2025 09:59:49 UTC] Class not found: \RomethemeKit\Rkit_Sticky_Content
[13-Nov-2025 09:59:49 UTC] Instantiated class: \RomethemeKit\RkitToolTips
[13-Nov-2025 09:59:49 UTC] Instantiated class: \RomethemeKit\RkitWrapperLink
[13-Nov-2025 09:59:49 UTC] Loaded file: blur_effects.php
[13-Nov-2025 09:59:49 UTC] Loaded file: rkit_post_duplicator.php
[13-Nov-2025 09:59:49 UTC] Loaded file: rkit_tool_tips.php
[13-Nov-2025 09:59:49 UTC] Loaded file: rkit_wrapper_link.php
[13-Nov-2025 09:59:49 UTC] Class not found: \RomethemeKit\Rkit_Custom_Cursor
[13-Nov-2025 09:59:49 UTC] Instantiated class: \RomethemeKit\RkitDuplicator
[13-Nov-2025 09:59:49 UTC] Instantiated class: \RomethemeKit\BlurEffects
[13-Nov-2025 09:59:49 UTC] Class not found: \RomethemeKit\Rkit_Sticky_Content
[13-Nov-2025 09:59:49 UTC] Instantiated class: \RomethemeKit\RkitToolTips
[13-Nov-2025 09:59:49 UTC] Instantiated class: \RomethemeKit\RkitWrapperLink
[13-Nov-2025 09:59:50 UTC] [Soltour API info] Response from booking/details: {"availToken":"cg1BLWuZqJgjdf2G8tmdk8egkDJPpSYMYfZ9qNwxVDo=","timestamp":"2025-11-13T10:59:49.859246183","serviceType":"UNDEFINED","agencyInformation":{"clientCode":"BEAUTYT","branchOfficeCode":"999","taxApplicationType":"ISC","taxRate":0,"paymentType":"PP","commission":{"currency":"EUR","rate":15}},"params":{"startDate":"2025-11-23","endDate":"2025-11-30","accomodation":{"rooms":[{"passengers":[{"age":30,"type":"ADULT"},{"age":30,"type":"ADULT"}]}]},"residentType":"NONE","numNights":0,"flightPa
[13-Nov-2025 09:59:50 UTC] [Soltour API info] Details response structure: {"has_budget":false,"has_details":true,"has_error":false,"error_msg":null}
[13-Nov-2025 09:59:50 UTC] [Soltour API info] Getting details for budget: H13##TI##0$4754384779677815169@@CLASSICAL01, hotel: H13
[13-Nov-2025 09:59:50 UTC] [Soltour API info] Request to booking/details: {"productType":"PACKAGE","availToken":"cg1BLWuZqJgjdf2G8tmdk8egkDJPpSYMYfZ9qNwxVDo=","budgetId":"H13##TI##0$4754384779677815169@@CLASSICAL01","hotelParams":{"hotelCode":"H13","providerCode":"UNDEFINED"}}
[13-Nov-2025 09:59:50 UTC] [Soltour API info] Response from booking/details: {"availToken":"cg1BLWuZqJgjdf2G8tmdk8egkDJPpSYMYfZ9qNwxVDo=","timestamp":"2025-11-13T10:59:49.961423795","serviceType":"UNDEFINED","agencyInformation":{"clientCode":"BEAUTYT","branchOfficeCode":"999","taxApplicationType":"ISC","taxRate":0,"paymentType":"PP","commission":{"currency":"EUR","rate":15}},"params":{"startDate":"2025-11-23","endDate":"2025-11-30","accomodation":{"rooms":[{"passengers":[{"age":30,"type":"ADULT"},{"age":30,"type":"ADULT"}]}]},"residentType":"NONE","numNights":0,"flightPa
[13-Nov-2025 09:59:50 UTC] [Soltour API info] Details response structure: {"has_budget":false,"has_details":true,"has_error":false,"error_msg":null}
[13-Nov-2025 09:59:50 UTC] [Soltour API info] Getting details for budget: H3##TI##0$5419866846287018648@@CLASSICAL01, hotel: H3
[13-Nov-2025 09:59:50 UTC] [Soltour API info] Request to booking/details: {"productType":"PACKAGE","availToken":"cg1BLWuZqJgjdf2G8tmdk8egkDJPpSYMYfZ9qNwxVDo=","budgetId":"H3##TI##0$5419866846287018648@@CLASSICAL01","hotelParams":{"hotelCode":"H3","providerCode":"UNDEFINED"}}
[13-Nov-2025 09:59:50 UTC] [Soltour API info] Response from booking/details: {"availToken":"cg1BLWuZqJgjdf2G8tmdk8egkDJPpSYMYfZ9qNwxVDo=","timestamp":"2025-11-13T10:59:50.058618187","serviceType":"UNDEFINED","agencyInformation":{"clientCode":"BEAUTYT","branchOfficeCode":"999","taxApplicationType":"ISC","taxRate":0,"paymentType":"PP","commission":{"currency":"EUR","rate":15}},"params":{"startDate":"2025-11-23","endDate":"2025-11-30","accomodation":{"rooms":[{"passengers":[{"age":30,"type":"ADULT"},{"age":30,"type":"ADULT"}]}]},"residentType":"NONE","numNights":0,"flightPa
[13-Nov-2025 09:59:50 UTC] [Soltour API info] Details response structure: {"has_budget":false,"has_details":true,"has_error":false,"error_msg":null}
[13-Nov-2025 09:59:50 UTC] Loaded file: blur_effects.php
[13-Nov-2025 09:59:50 UTC] Loaded file: rkit_post_duplicator.php
[13-Nov-2025 09:59:50 UTC] Loaded file: rkit_tool_tips.php
[13-Nov-2025 09:59:50 UTC] Loaded file: rkit_wrapper_link.php
[13-Nov-2025 09:59:50 UTC] Class not found: \RomethemeKit\Rkit_Custom_Cursor
[13-Nov-2025 09:59:50 UTC] Instantiated class: \RomethemeKit\RkitDuplicator
[13-Nov-2025 09:59:50 UTC] Instantiated class: \RomethemeKit\BlurEffects
[13-Nov-2025 09:59:50 UTC] Class not found: \RomethemeKit\Rkit_Sticky_Content
[13-Nov-2025 09:59:50 UTC] Instantiated class: \RomethemeKit\RkitToolTips
[13-Nov-2025 09:59:50 UTC] Instantiated class: \RomethemeKit\RkitWrapperLink
[13-Nov-2025 09:59:50 UTC] Loaded file: blur_effects.php
[13-Nov-2025 09:59:50 UTC] Loaded file: rkit_post_duplicator.php
[13-Nov-2025 09:59:50 UTC] Loaded file: rkit_tool_tips.php
[13-Nov-2025 09:59:50 UTC] Loaded file: rkit_wrapper_link.php
[13-Nov-2025 09:59:50 UTC] Class not found: \RomethemeKit\Rkit_Custom_Cursor
[13-Nov-2025 09:59:50 UTC] Instantiated class: \RomethemeKit\RkitDuplicator
[13-Nov-2025 09:59:50 UTC] Instantiated class: \RomethemeKit\BlurEffects
[13-Nov-2025 09:59:50 UTC] Class not found: \RomethemeKit\Rkit_Sticky_Content
[13-Nov-2025 09:59:50 UTC] Instantiated class: \RomethemeKit\RkitToolTips
[13-Nov-2025 09:59:50 UTC] Instantiated class: \RomethemeKit\RkitWrapperLink
[13-Nov-2025 09:59:50 UTC] Loaded file: blur_effects.php
[13-Nov-2025 09:59:50 UTC] Loaded file: rkit_post_duplicator.php
[13-Nov-2025 09:59:50 UTC] Loaded file: rkit_tool_tips.php
[13-Nov-2025 09:59:50 UTC] Loaded file: rkit_wrapper_link.php
[13-Nov-2025 09:59:50 UTC] Class not found: \RomethemeKit\Rkit_Custom_Cursor
[13-Nov-2025 09:59:50 UTC] Instantiated class: \RomethemeKit\RkitDuplicator
[13-Nov-2025 09:59:50 UTC] Instantiated class: \RomethemeKit\BlurEffects
[13-Nov-2025 09:59:50 UTC] Class not found: \RomethemeKit\Rkit_Sticky_Content
[13-Nov-2025 09:59:50 UTC] Instantiated class: \RomethemeKit\RkitToolTips
[13-Nov-2025 09:59:50 UTC] Instantiated class: \RomethemeKit\RkitWrapperLink
[13-Nov-2025 09:59:51 UTC] [Soltour API info] Getting details for budget: H224289##TI##0$5020083619042552597@@CLASSICAL01, hotel: H224289
[13-Nov-2025 09:59:51 UTC] [Soltour API info] Request to booking/details: {"productType":"PACKAGE","availToken":"cg1BLWuZqJgjdf2G8tmdk8egkDJPpSYMYfZ9qNwxVDo=","budgetId":"H224289##TI##0$5020083619042552597@@CLASSICAL01","hotelParams":{"hotelCode":"H224289","providerCode":"UNDEFINED"}}
[13-Nov-2025 09:59:51 UTC] [Soltour API info] Getting details for budget: H199535##TI##0$5175952021937159413@@CLASSICAL01, hotel: H199535
[13-Nov-2025 09:59:51 UTC] [Soltour API info] Request to booking/details: {"productType":"PACKAGE","availToken":"cg1BLWuZqJgjdf2G8tmdk8egkDJPpSYMYfZ9qNwxVDo=","budgetId":"H199535##TI##0$5175952021937159413@@CLASSICAL01","hotelParams":{"hotelCode":"H199535","providerCode":"UNDEFINED"}}
[13-Nov-2025 09:59:51 UTC] [Soltour API info] Response from booking/details: {"availToken":"cg1BLWuZqJgjdf2G8tmdk8egkDJPpSYMYfZ9qNwxVDo=","timestamp":"2025-11-13T10:59:51.007190560","serviceType":"UNDEFINED","agencyInformation":{"clientCode":"BEAUTYT","branchOfficeCode":"999","taxApplicationType":"ISC","taxRate":0,"paymentType":"PP","commission":{"currency":"EUR","rate":15}},"params":{"startDate":"2025-11-23","endDate":"2025-11-30","accomodation":{"rooms":[{"passengers":[{"age":30,"type":"ADULT"},{"age":30,"type":"ADULT"}]}]},"residentType":"NONE","numNights":0,"flightPa
[13-Nov-2025 09:59:51 UTC] [Soltour API info] Details response structure: {"has_budget":false,"has_details":true,"has_error":false,"error_msg":null}
[13-Nov-2025 09:59:51 UTC] [Soltour API info] Getting details for budget: H199537##TI##0$4727257450798670911@@CLASSICAL01, hotel: H199537
[13-Nov-2025 09:59:51 UTC] [Soltour API info] Request to booking/details: {"productType":"PACKAGE","availToken":"cg1BLWuZqJgjdf2G8tmdk8egkDJPpSYMYfZ9qNwxVDo=","budgetId":"H199537##TI##0$4727257450798670911@@CLASSICAL01","hotelParams":{"hotelCode":"H199537","providerCode":"UNDEFINED"}}
[13-Nov-2025 09:59:51 UTC] [Soltour API info] Response from booking/details: {"availToken":"cg1BLWuZqJgjdf2G8tmdk8egkDJPpSYMYfZ9qNwxVDo=","timestamp":"2025-11-13T10:59:51.208517420","serviceType":"UNDEFINED","agencyInformation":{"clientCode":"BEAUTYT","branchOfficeCode":"999","taxApplicationType":"ISC","taxRate":0,"paymentType":"PP","commission":{"currency":"EUR","rate":15}},"params":{"startDate":"2025-11-23","endDate":"2025-11-30","accomodation":{"rooms":[{"passengers":[{"age":30,"type":"ADULT"},{"age":30,"type":"ADULT"}]}]},"residentType":"NONE","numNights":0,"flightPa
[13-Nov-2025 09:59:51 UTC] [Soltour API info] Details response structure: {"has_budget":false,"has_details":true,"has_error":false,"error_msg":null}
[13-Nov-2025 09:59:51 UTC] Loaded file: blur_effects.php
[13-Nov-2025 09:59:51 UTC] Loaded file: rkit_post_duplicator.php
[13-Nov-2025 09:59:51 UTC] Loaded file: rkit_tool_tips.php
[13-Nov-2025 09:59:51 UTC] Loaded file: rkit_wrapper_link.php
[13-Nov-2025 09:59:51 UTC] Class not found: \RomethemeKit\Rkit_Custom_Cursor
[13-Nov-2025 09:59:51 UTC] Instantiated class: \RomethemeKit\RkitDuplicator
[13-Nov-2025 09:59:51 UTC] Instantiated class: \RomethemeKit\BlurEffects
[13-Nov-2025 09:59:51 UTC] Class not found: \RomethemeKit\Rkit_Sticky_Content
[13-Nov-2025 09:59:51 UTC] Instantiated class: \RomethemeKit\RkitToolTips
[13-Nov-2025 09:59:51 UTC] Instantiated class: \RomethemeKit\RkitWrapperLink
[13-Nov-2025 09:59:51 UTC] [Soltour API info] Response from booking/details: {"availToken":"cg1BLWuZqJgjdf2G8tmdk8egkDJPpSYMYfZ9qNwxVDo=","timestamp":"2025-11-13T10:59:51.606826589","serviceType":"UNDEFINED","agencyInformation":{"clientCode":"BEAUTYT","branchOfficeCode":"999","taxApplicationType":"ISC","taxRate":0,"paymentType":"PP","commission":{"currency":"EUR","rate":15}},"params":{"startDate":"2025-11-23","endDate":"2025-11-30","accomodation":{"rooms":[{"passengers":[{"age":30,"type":"ADULT"},{"age":30,"type":"ADULT"}]}]},"residentType":"NONE","numNights":0,"flightPa
[13-Nov-2025 09:59:51 UTC] [Soltour API info] Details response structure: {"has_budget":false,"has_details":true,"has_error":false,"error_msg":null}
[13-Nov-2025 09:59:51 UTC] [Soltour API info] Response from booking/details: {"availToken":"cg1BLWuZqJgjdf2G8tmdk8egkDJPpSYMYfZ9qNwxVDo=","timestamp":"2025-11-13T10:59:51.680203789","serviceType":"UNDEFINED","agencyInformation":{"clientCode":"BEAUTYT","branchOfficeCode":"999","taxApplicationType":"ISC","taxRate":0,"paymentType":"PP","commission":{"currency":"EUR","rate":15}},"params":{"startDate":"2025-11-23","endDate":"2025-11-30","accomodation":{"rooms":[{"passengers":[{"age":30,"type":"ADULT"},{"age":30,"type":"ADULT"}]}]},"residentType":"NONE","numNights":0,"flightPa
[13-Nov-2025 09:59:51 UTC] [Soltour API info] Details response structure: {"has_budget":false,"has_details":true,"has_error":false,"error_msg":null}
[13-Nov-2025 09:59:51 UTC] [Soltour API info] Response from booking/details: {"availToken":"cg1BLWuZqJgjdf2G8tmdk8egkDJPpSYMYfZ9qNwxVDo=","timestamp":"2025-11-13T10:59:51.804610240","serviceType":"UNDEFINED","agencyInformation":{"clientCode":"BEAUTYT","branchOfficeCode":"999","taxApplicationType":"ISC","taxRate":0,"paymentType":"PP","commission":{"currency":"EUR","rate":15}},"params":{"startDate":"2025-11-23","endDate":"2025-11-30","accomodation":{"rooms":[{"passengers":[{"age":30,"type":"ADULT"},{"age":30,"type":"ADULT"}]}]},"residentType":"NONE","numNights":0,"flightPa
[13-Nov-2025 09:59:51 UTC] [Soltour API info] Details response structure: {"has_budget":false,"has_details":true,"has_error":false,"error_msg":null}
[13-Nov-2025 09:59:51 UTC] [Soltour API info] Getting details for budget: H199372##TI##0$5491695720746733668@@CLASSICAL01, hotel: H199372
[13-Nov-2025 09:59:51 UTC] [Soltour API info] Request to booking/details: {"productType":"PACKAGE","availToken":"cg1BLWuZqJgjdf2G8tmdk8egkDJPpSYMYfZ9qNwxVDo=","budgetId":"H199372##TI##0$5491695720746733668@@CLASSICAL01","hotelParams":{"hotelCode":"H199372","providerCode":"UNDEFINED"}}
[13-Nov-2025 09:59:52 UTC] Loaded file: blur_effects.php
[13-Nov-2025 09:59:52 UTC] Loaded file: rkit_post_duplicator.php
[13-Nov-2025 09:59:52 UTC] Loaded file: rkit_tool_tips.php
[13-Nov-2025 09:59:52 UTC] Loaded file: blur_effects.php
[13-Nov-2025 09:59:52 UTC] Loaded file: rkit_wrapper_link.php
[13-Nov-2025 09:59:52 UTC] Class not found: \RomethemeKit\Rkit_Custom_Cursor
[13-Nov-2025 09:59:52 UTC] Instantiated class: \RomethemeKit\RkitDuplicator
[13-Nov-2025 09:59:52 UTC] Instantiated class: \RomethemeKit\BlurEffects
[13-Nov-2025 09:59:52 UTC] Class not found: \RomethemeKit\Rkit_Sticky_Content
[13-Nov-2025 09:59:52 UTC] Instantiated class: \RomethemeKit\RkitToolTips
[13-Nov-2025 09:59:52 UTC] Instantiated class: \RomethemeKit\RkitWrapperLink
[13-Nov-2025 09:59:52 UTC] Loaded file: rkit_post_duplicator.php
[13-Nov-2025 09:59:52 UTC] Loaded file: rkit_tool_tips.php
[13-Nov-2025 09:59:52 UTC] Loaded file: rkit_wrapper_link.php
[13-Nov-2025 09:59:52 UTC] Class not found: \RomethemeKit\Rkit_Custom_Cursor
[13-Nov-2025 09:59:52 UTC] Instantiated class: \RomethemeKit\RkitDuplicator
[13-Nov-2025 09:59:52 UTC] Instantiated class: \RomethemeKit\BlurEffects
[13-Nov-2025 09:59:52 UTC] Class not found: \RomethemeKit\Rkit_Sticky_Content
[13-Nov-2025 09:59:52 UTC] Instantiated class: \RomethemeKit\RkitToolTips
[13-Nov-2025 09:59:52 UTC] Instantiated class: \RomethemeKit\RkitWrapperLink
[13-Nov-2025 09:59:52 UTC] Loaded file: blur_effects.php
[13-Nov-2025 09:59:52 UTC] Loaded file: rkit_post_duplicator.php
[13-Nov-2025 09:59:52 UTC] Loaded file: rkit_tool_tips.php
[13-Nov-2025 09:59:52 UTC] Loaded file: rkit_wrapper_link.php
[13-Nov-2025 09:59:52 UTC] Class not found: \RomethemeKit\Rkit_Custom_Cursor
[13-Nov-2025 09:59:52 UTC] Instantiated class: \RomethemeKit\RkitDuplicator
[13-Nov-2025 09:59:52 UTC] Instantiated class: \RomethemeKit\BlurEffects
[13-Nov-2025 09:59:52 UTC] Class not found: \RomethemeKit\Rkit_Sticky_Content
[13-Nov-2025 09:59:52 UTC] Instantiated class: \RomethemeKit\RkitToolTips
[13-Nov-2025 09:59:52 UTC] Instantiated class: \RomethemeKit\RkitWrapperLink
[13-Nov-2025 09:59:52 UTC] Loaded file: blur_effects.php
[13-Nov-2025 09:59:52 UTC] Loaded file: rkit_post_duplicator.php
[13-Nov-2025 09:59:52 UTC] Loaded file: rkit_tool_tips.php
[13-Nov-2025 09:59:52 UTC] Loaded file: rkit_wrapper_link.php
[13-Nov-2025 09:59:52 UTC] Class not found: \RomethemeKit\Rkit_Custom_Cursor
[13-Nov-2025 09:59:52 UTC] Instantiated class: \RomethemeKit\RkitDuplicator
[13-Nov-2025 09:59:52 UTC] Instantiated class: \RomethemeKit\BlurEffects
[13-Nov-2025 09:59:52 UTC] Class not found: \RomethemeKit\Rkit_Sticky_Content
[13-Nov-2025 09:59:52 UTC] Instantiated class: \RomethemeKit\RkitToolTips
[13-Nov-2025 09:59:52 UTC] Instantiated class: \RomethemeKit\RkitWrapperLink
[13-Nov-2025 09:59:52 UTC] [Soltour API info] Response from booking/details: {"availToken":"cg1BLWuZqJgjdf2G8tmdk8egkDJPpSYMYfZ9qNwxVDo=","timestamp":"2025-11-13T10:59:52.525746617","serviceType":"UNDEFINED","agencyInformation":{"clientCode":"BEAUTYT","branchOfficeCode":"999","taxApplicationType":"ISC","taxRate":0,"paymentType":"PP","commission":{"currency":"EUR","rate":15}},"params":{"startDate":"2025-11-23","endDate":"2025-11-30","accomodation":{"rooms":[{"passengers":[{"age":30,"type":"ADULT"},{"age":30,"type":"ADULT"}]}]},"residentType":"NONE","numNights":0,"flightPa
[13-Nov-2025 09:59:52 UTC] [Soltour API info] Details response structure: {"has_budget":false,"has_details":true,"has_error":false,"error_msg":null}
[13-Nov-2025 09:59:53 UTC] [Soltour API info] Getting details for budget: H199374##TI##0$4740757359604014842@@CLASSICAL01, hotel: H199374
[13-Nov-2025 09:59:53 UTC] [Soltour API info] Request to booking/details: {"productType":"PACKAGE","availToken":"cg1BLWuZqJgjdf2G8tmdk8egkDJPpSYMYfZ9qNwxVDo=","budgetId":"H199374##TI##0$4740757359604014842@@CLASSICAL01","hotelParams":{"hotelCode":"H199374","providerCode":"UNDEFINED"}}
[13-Nov-2025 09:59:53 UTC] [Soltour API info] Getting details for budget: H199543##SA##0$4802948092660923861@@CLASSICAL01, hotel: H199543
[13-Nov-2025 09:59:53 UTC] [Soltour API info] Request to booking/details: {"productType":"PACKAGE","availToken":"cg1BLWuZqJgjdf2G8tmdk8egkDJPpSYMYfZ9qNwxVDo=","budgetId":"H199543##SA##0$4802948092660923861@@CLASSICAL01","hotelParams":{"hotelCode":"H199543","providerCode":"UNDEFINED"}}
[13-Nov-2025 09:59:53 UTC] [Soltour API info] Getting details for budget: H81784##TI##0$5731072006665661616@@CLASSICAL01, hotel: H81784
[13-Nov-2025 09:59:53 UTC] [Soltour API info] Request to booking/details: {"productType":"PACKAGE","availToken":"cg1BLWuZqJgjdf2G8tmdk8egkDJPpSYMYfZ9qNwxVDo=","budgetId":"H81784##TI##0$5731072006665661616@@CLASSICAL01","hotelParams":{"hotelCode":"H81784","providerCode":"UNDEFINED"}}
[13-Nov-2025 09:59:53 UTC] [Soltour API info] Getting details for budget: H199373##TI##0$5522361575820813135@@CLASSICAL01, hotel: H199373
[13-Nov-2025 09:59:53 UTC] [Soltour API info] Request to booking/details: {"productType":"PACKAGE","availToken":"cg1BLWuZqJgjdf2G8tmdk8egkDJPpSYMYfZ9qNwxVDo=","budgetId":"H199373##TI##0$5522361575820813135@@CLASSICAL01","hotelParams":{"hotelCode":"H199373","providerCode":"UNDEFINED"}}
[13-Nov-2025 09:59:53 UTC] Loaded file: blur_effects.php
[13-Nov-2025 09:59:53 UTC] Loaded file: rkit_post_duplicator.php
[13-Nov-2025 09:59:53 UTC] Loaded file: rkit_tool_tips.php
[13-Nov-2025 09:59:53 UTC] Loaded file: rkit_wrapper_link.php
[13-Nov-2025 09:59:53 UTC] Class not found: \RomethemeKit\Rkit_Custom_Cursor
[13-Nov-2025 09:59:53 UTC] Instantiated class: \RomethemeKit\RkitDuplicator
[13-Nov-2025 09:59:53 UTC] Instantiated class: \RomethemeKit\BlurEffects
[13-Nov-2025 09:59:53 UTC] Class not found: \RomethemeKit\Rkit_Sticky_Content
[13-Nov-2025 09:59:53 UTC] Instantiated class: \RomethemeKit\RkitToolTips
[13-Nov-2025 09:59:53 UTC] Instantiated class: \RomethemeKit\RkitWrapperLink
[13-Nov-2025 09:59:53 UTC] [Soltour API info] Response from booking/details: {"availToken":"cg1BLWuZqJgjdf2G8tmdk8egkDJPpSYMYfZ9qNwxVDo=","timestamp":"2025-11-13T10:59:53.573556337","serviceType":"UNDEFINED","agencyInformation":{"clientCode":"BEAUTYT","branchOfficeCode":"999","taxApplicationType":"ISC","taxRate":0,"paymentType":"PP","commission":{"currency":"EUR","rate":15}},"params":{"startDate":"2025-11-23","endDate":"2025-11-30","accomodation":{"rooms":[{"passengers":[{"age":30,"type":"ADULT"},{"age":30,"type":"ADULT"}]}]},"residentType":"NONE","numNights":0,"flightPa
[13-Nov-2025 09:59:53 UTC] [Soltour API info] Details response structure: {"has_budget":false,"has_details":true,"has_error":false,"error_msg":null}
[13-Nov-2025 09:59:53 UTC] [Soltour API info] Response from booking/details: {"availToken":"cg1BLWuZqJgjdf2G8tmdk8egkDJPpSYMYfZ9qNwxVDo=","timestamp":"2025-11-13T10:59:53.698825562","serviceType":"UNDEFINED","agencyInformation":{"clientCode":"BEAUTYT","branchOfficeCode":"999","taxApplicationType":"ISC","taxRate":0,"paymentType":"PP","commission":{"currency":"EUR","rate":15}},"params":{"startDate":"2025-11-23","endDate":"2025-11-30","accomodation":{"rooms":[{"passengers":[{"age":30,"type":"ADULT"},{"age":30,"type":"ADULT"}]}]},"residentType":"NONE","numNights":0,"flightPa
[13-Nov-2025 09:59:53 UTC] [Soltour API info] Details response structure: {"has_budget":false,"has_details":true,"has_error":false,"error_msg":null}
[13-Nov-2025 09:59:53 UTC] [Soltour API info] Response from booking/details: {"availToken":"cg1BLWuZqJgjdf2G8tmdk8egkDJPpSYMYfZ9qNwxVDo=","timestamp":"2025-11-13T10:59:53.712664548","serviceType":"UNDEFINED","agencyInformation":{"clientCode":"BEAUTYT","branchOfficeCode":"999","taxApplicationType":"ISC","taxRate":0,"paymentType":"PP","commission":{"currency":"EUR","rate":15}},"params":{"startDate":"2025-11-23","endDate":"2025-11-30","accomodation":{"rooms":[{"passengers":[{"age":30,"type":"ADULT"},{"age":30,"type":"ADULT"}]}]},"residentType":"NONE","numNights":0,"flightPa
[13-Nov-2025 09:59:53 UTC] [Soltour API info] Details response structure: {"has_budget":false,"has_details":true,"has_error":false,"error_msg":null}
[13-Nov-2025 09:59:53 UTC] [Soltour API info] Getting details for budget: H186203##TI##0$5099518216171380646@@CLASSICAL01, hotel: H186203
[13-Nov-2025 09:59:53 UTC] [Soltour API info] Request to booking/details: {"productType":"PACKAGE","availToken":"cg1BLWuZqJgjdf2G8tmdk8egkDJPpSYMYfZ9qNwxVDo=","budgetId":"H186203##TI##0$5099518216171380646@@CLASSICAL01","hotelParams":{"hotelCode":"H186203","providerCode":"UNDEFINED"}}
[13-Nov-2025 09:59:54 UTC] [Soltour API info] Response from booking/details: {"availToken":"cg1BLWuZqJgjdf2G8tmdk8egkDJPpSYMYfZ9qNwxVDo=","timestamp":"2025-11-13T10:59:54.099361868","serviceType":"UNDEFINED","agencyInformation":{"clientCode":"BEAUTYT","branchOfficeCode":"999","taxApplicationType":"ISC","taxRate":0,"paymentType":"PP","commission":{"currency":"EUR","rate":15}},"params":{"startDate":"2025-11-23","endDate":"2025-11-30","accomodation":{"rooms":[{"passengers":[{"age":30,"type":"ADULT"},{"age":30,"type":"ADULT"}]}]},"residentType":"NONE","numNights":0,"flightPa
[13-Nov-2025 09:59:54 UTC] [Soltour API info] Details response structure: {"has_budget":false,"has_details":true,"has_error":false,"error_msg":null}
[13-Nov-2025 09:59:54 UTC] Loaded file: blur_effects.php
[13-Nov-2025 09:59:54 UTC] Loaded file: rkit_post_duplicator.php
[13-Nov-2025 09:59:54 UTC] Loaded file: rkit_tool_tips.php
[13-Nov-2025 09:59:54 UTC] Loaded file: rkit_wrapper_link.php
[13-Nov-2025 09:59:54 UTC] Class not found: \RomethemeKit\Rkit_Custom_Cursor
[13-Nov-2025 09:59:54 UTC] Instantiated class: \RomethemeKit\RkitDuplicator
[13-Nov-2025 09:59:54 UTC] Instantiated class: \RomethemeKit\BlurEffects
[13-Nov-2025 09:59:54 UTC] Class not found: \RomethemeKit\Rkit_Sticky_Content
[13-Nov-2025 09:59:54 UTC] Instantiated class: \RomethemeKit\RkitToolTips
[13-Nov-2025 09:59:54 UTC] Instantiated class: \RomethemeKit\RkitWrapperLink
[13-Nov-2025 09:59:54 UTC] [Soltour API info] Response from booking/details: {"availToken":"cg1BLWuZqJgjdf2G8tmdk8egkDJPpSYMYfZ9qNwxVDo=","timestamp":"2025-11-13T10:59:54.510010654","serviceType":"UNDEFINED","agencyInformation":{"clientCode":"BEAUTYT","branchOfficeCode":"999","taxApplicationType":"ISC","taxRate":0,"paymentType":"PP","commission":{"currency":"EUR","rate":15}},"params":{"startDate":"2025-11-23","endDate":"2025-11-30","accomodation":{"rooms":[{"passengers":[{"age":30,"type":"ADULT"},{"age":30,"type":"ADULT"}]}]},"residentType":"NONE","numNights":0,"flightPa
[13-Nov-2025 09:59:54 UTC] [Soltour API info] Details response structure: {"has_budget":false,"has_details":true,"has_error":false,"error_msg":null}
[13-Nov-2025 10:00:00 UTC] Loaded file: blur_effects.php
[13-Nov-2025 10:00:00 UTC] Loaded file: rkit_post_duplicator.php
[13-Nov-2025 10:00:00 UTC] Loaded file: rkit_tool_tips.php
[13-Nov-2025 10:00:00 UTC] Loaded file: rkit_wrapper_link.php
[13-Nov-2025 10:00:00 UTC] Class not found: \RomethemeKit\Rkit_Custom_Cursor
[13-Nov-2025 10:00:00 UTC] Instantiated class: \RomethemeKit\RkitDuplicator
[13-Nov-2025 10:00:00 UTC] Instantiated class: \RomethemeKit\BlurEffects
[13-Nov-2025 10:00:00 UTC] Class not found: \RomethemeKit\Rkit_Sticky_Content
[13-Nov-2025 10:00:00 UTC] Instantiated class: \RomethemeKit\RkitToolTips
[13-Nov-2025 10:00:00 UTC] Instantiated class: \RomethemeKit\RkitWrapperLink
[13-Nov-2025 10:00:00 UTC] [Soltour API info] === CHECK ALLOWED SELLING ===
[13-Nov-2025 10:00:00 UTC] [Soltour API info] Request to booking/availability/checkAllowedSelling: []
[13-Nov-2025 10:00:01 UTC] [Soltour API info] Response from booking/availability/checkAllowedSelling: {"ok":false,"error":{"notLogged":false,"errorMessage":"Method 'checkAllowedSelling' not found."}}
[13-Nov-2025 10:00:01 UTC] [Soltour API info] CheckAllowedSelling response: {"ok":false,"error":{"notLogged":false,"errorMessage":"Method 'checkAllowedSelling' not found."}}
[13-Nov-2025 10:00:01 UTC] Loaded file: blur_effects.php
[13-Nov-2025 10:00:01 UTC] Loaded file: rkit_post_duplicator.php
[13-Nov-2025 10:00:01 UTC] Loaded file: rkit_tool_tips.php
[13-Nov-2025 10:00:01 UTC] Loaded file: rkit_wrapper_link.php
[13-Nov-2025 10:00:01 UTC] Class not found: \RomethemeKit\Rkit_Custom_Cursor
[13-Nov-2025 10:00:01 UTC] Instantiated class: \RomethemeKit\RkitDuplicator
[13-Nov-2025 10:00:01 UTC] Instantiated class: \RomethemeKit\BlurEffects
[13-Nov-2025 10:00:01 UTC] Class not found: \RomethemeKit\Rkit_Sticky_Content
[13-Nov-2025 10:00:01 UTC] Instantiated class: \RomethemeKit\RkitToolTips
[13-Nov-2025 10:00:01 UTC] Instantiated class: \RomethemeKit\RkitWrapperLink
[13-Nov-2025 10:00:07 UTC] Loaded file: blur_effects.php
[13-Nov-2025 10:00:07 UTC] Loaded file: rkit_post_duplicator.php
[13-Nov-2025 10:00:07 UTC] Loaded file: rkit_tool_tips.php
[13-Nov-2025 10:00:07 UTC] Loaded file: rkit_wrapper_link.php
[13-Nov-2025 10:00:07 UTC] Class not found: \RomethemeKit\Rkit_Custom_Cursor
[13-Nov-2025 10:00:07 UTC] Instantiated class: \RomethemeKit\RkitDuplicator
[13-Nov-2025 10:00:07 UTC] Instantiated class: \RomethemeKit\BlurEffects
[13-Nov-2025 10:00:07 UTC] Class not found: \RomethemeKit\Rkit_Sticky_Content
[13-Nov-2025 10:00:07 UTC] Instantiated class: \RomethemeKit\RkitToolTips
[13-Nov-2025 10:00:07 UTC] Instantiated class: \RomethemeKit\RkitWrapperLink
[13-Nov-2025 10:00:54 UTC] Loaded file: blur_effects.php
[13-Nov-2025 10:00:54 UTC] Loaded file: rkit_post_duplicator.php
[13-Nov-2025 10:00:54 UTC] Loaded file: rkit_tool_tips.php
[13-Nov-2025 10:00:54 UTC] Loaded file: rkit_wrapper_link.php
[13-Nov-2025 10:00:54 UTC] Class not found: \RomethemeKit\Rkit_Custom_Cursor
[13-Nov-2025 10:00:54 UTC] Instantiated class: \RomethemeKit\RkitDuplicator
[13-Nov-2025 10:00:54 UTC] Instantiated class: \RomethemeKit\BlurEffects
[13-Nov-2025 10:00:54 UTC] Class not found: \RomethemeKit\Rkit_Sticky_Content
[13-Nov-2025 10:00:54 UTC] Instantiated class: \RomethemeKit\RkitToolTips
[13-Nov-2025 10:00:54 UTC] Instantiated class: \RomethemeKit\RkitWrapperLink
[13-Nov-2025 10:00:55 UTC] Loaded file: blur_effects.php
[13-Nov-2025 10:00:55 UTC] Loaded file: rkit_post_duplicator.php
[13-Nov-2025 10:00:55 UTC] Loaded file: rkit_tool_tips.php
[13-Nov-2025 10:00:55 UTC] Loaded file: rkit_wrapper_link.php
[13-Nov-2025 10:00:55 UTC] Class not found: \RomethemeKit\Rkit_Custom_Cursor
[13-Nov-2025 10:00:55 UTC] Instantiated class: \RomethemeKit\RkitDuplicator
[13-Nov-2025 10:00:55 UTC] Instantiated class: \RomethemeKit\BlurEffects
[13-Nov-2025 10:00:55 UTC] Class not found: \RomethemeKit\Rkit_Sticky_Content
[13-Nov-2025 10:00:55 UTC] Instantiated class: \RomethemeKit\RkitToolTips
[13-Nov-2025 10:00:55 UTC] Instantiated class: \RomethemeKit\RkitWrapperLink
