[13-Nov-2025 12:53:06 UTC] Loaded file: blur_effects.php
[13-Nov-2025 12:53:06 UTC] Loaded file: rkit_post_duplicator.php
[13-Nov-2025 12:53:06 UTC] Loaded file: rkit_tool_tips.php
[13-Nov-2025 12:53:06 UTC] Loaded file: rkit_wrapper_link.php
[13-Nov-2025 12:53:06 UTC] Class not found: \RomethemeKit\Rkit_Custom_Cursor
[13-Nov-2025 12:53:06 UTC] Instantiated class: \RomethemeKit\RkitDuplicator
[13-Nov-2025 12:53:06 UTC] Instantiated class: \RomethemeKit\BlurEffects
[13-Nov-2025 12:53:06 UTC] Class not found: \RomethemeKit\Rkit_Sticky_Content
[13-Nov-2025 12:53:06 UTC] Instantiated class: \RomethemeKit\RkitToolTips
[13-Nov-2025 12:53:06 UTC] Instantiated class: \RomethemeKit\RkitWrapperLink
[13-Nov-2025 12:53:06 UTC] Loaded file: blur_effects.php
[13-Nov-2025 12:53:06 UTC] Loaded file: rkit_post_duplicator.php
[13-Nov-2025 12:53:06 UTC] Loaded file: rkit_tool_tips.php
[13-Nov-2025 12:53:06 UTC] Loaded file: rkit_wrapper_link.php
[13-Nov-2025 12:53:06 UTC] Class not found: \RomethemeKit\Rkit_Custom_Cursor
[13-Nov-2025 12:53:06 UTC] Instantiated class: \RomethemeKit\RkitDuplicator
[13-Nov-2025 12:53:06 UTC] Instantiated class: \RomethemeKit\BlurEffects
[13-Nov-2025 12:53:06 UTC] Class not found: \RomethemeKit\Rkit_Sticky_Content
[13-Nov-2025 12:53:06 UTC] Instantiated class: \RomethemeKit\RkitToolTips
[13-Nov-2025 12:53:06 UTC] Instantiated class: \RomethemeKit\RkitWrapperLink
[13-Nov-2025 12:53:13 UTC] Loaded file: blur_effects.php
[13-Nov-2025 12:53:13 UTC] Loaded file: rkit_post_duplicator.php
[13-Nov-2025 12:53:13 UTC] Loaded file: rkit_tool_tips.php
[13-Nov-2025 12:53:13 UTC] Loaded file: rkit_wrapper_link.php
[13-Nov-2025 12:53:13 UTC] Class not found: \RomethemeKit\Rkit_Custom_Cursor
[13-Nov-2025 12:53:13 UTC] Instantiated class: \RomethemeKit\RkitDuplicator
[13-Nov-2025 12:53:13 UTC] Instantiated class: \RomethemeKit\BlurEffects
[13-Nov-2025 12:53:13 UTC] Class not found: \RomethemeKit\Rkit_Sticky_Content
[13-Nov-2025 12:53:13 UTC] Instantiated class: \RomethemeKit\RkitToolTips
[13-Nov-2025 12:53:13 UTC] Instantiated class: \RomethemeKit\RkitWrapperLink
[13-Nov-2025 12:53:15 UTC] Loaded file: blur_effects.php
[13-Nov-2025 12:53:15 UTC] Loaded file: rkit_post_duplicator.php
[13-Nov-2025 12:53:15 UTC] Loaded file: rkit_tool_tips.php
[13-Nov-2025 12:53:15 UTC] Loaded file: rkit_wrapper_link.php
[13-Nov-2025 12:53:15 UTC] Class not found: \RomethemeKit\Rkit_Custom_Cursor
[13-Nov-2025 12:53:15 UTC] Instantiated class: \RomethemeKit\RkitDuplicator
[13-Nov-2025 12:53:15 UTC] Instantiated class: \RomethemeKit\BlurEffects
[13-Nov-2025 12:53:15 UTC] Class not found: \RomethemeKit\Rkit_Sticky_Content
[13-Nov-2025 12:53:15 UTC] Instantiated class: \RomethemeKit\RkitToolTips
[13-Nov-2025 12:53:15 UTC] Instantiated class: \RomethemeKit\RkitWrapperLink
[13-Nov-2025 12:53:16 UTC] Soltour Booking V2: Plugin ativado com sucesso
[13-Nov-2025 12:53:16 UTC] Loaded file: blur_effects.php
[13-Nov-2025 12:53:16 UTC] Loaded file: rkit_post_duplicator.php
[13-Nov-2025 12:53:16 UTC] Loaded file: rkit_tool_tips.php
[13-Nov-2025 12:53:16 UTC] Loaded file: rkit_wrapper_link.php
[13-Nov-2025 12:53:16 UTC] Class not found: \RomethemeKit\Rkit_Custom_Cursor
[13-Nov-2025 12:53:16 UTC] Instantiated class: \RomethemeKit\RkitDuplicator
[13-Nov-2025 12:53:16 UTC] Instantiated class: \RomethemeKit\BlurEffects
[13-Nov-2025 12:53:16 UTC] Class not found: \RomethemeKit\Rkit_Sticky_Content
[13-Nov-2025 12:53:16 UTC] Instantiated class: \RomethemeKit\RkitToolTips
[13-Nov-2025 12:53:16 UTC] Instantiated class: \RomethemeKit\RkitWrapperLink
[13-Nov-2025 12:53:17 UTC] [Soltour API info] Request to login/login: {"brand":"SOLTOUR","market":"XMLPT","languageCode":"PT","username":"BEAUTYT999","password":"XMLBEAUTYT999"}
[13-Nov-2025 12:53:18 UTC] [Soltour API info] Response from login/login: {"sessionToken":"eyJhbGciOiJIUzI1NiIsInR5cCI6IkpXVCJ9.eyJ1IjoiQkVBVVRZVDk5OSIsImRiaSI6IjQwMDM1OTA5IiwiYiI6IlNPTFRPVVIiLCJtIjoiWE1MUFQiLCJsbmciOiJQVCIsImNsIjoiQkVBVVRZVCIsIm9mIjoiOTk5IiwiYXBwIjpudWxsLCJtYWlsIjoiY3VuaGFAYmVhdXR5dHJhdmVsLnB0IiwicmwiOlsiQUdFTkNJQSIsIkNPTVVOIiwiQ09OU1VMVEEiLCJGQUNUVVJBQ0lPTiIsIk5FV19XRUIiXSwidG0iOjE3NjMwMzgzOTczMTMsInN0cHRtIjpudWxsLCJzdHBqd3QiOm51bGwsInN0cGlkIjpudWxsLCJvdmMiOmZhbHNlLCJzZWxsIjp0cnVlLCJhcHQiOm51bGwsImRldCI6dHJ1ZSwibmV4cCI6dHJ1ZSwic2VpeiI6ZmFsc2UsInVhZ0
[13-Nov-2025 12:53:18 UTC] [Soltour API info] Session token obtido com sucesso
[13-Nov-2025 12:53:21 UTC] Loaded file: blur_effects.php
[13-Nov-2025 12:53:21 UTC] Loaded file: rkit_post_duplicator.php
[13-Nov-2025 12:53:21 UTC] Loaded file: rkit_tool_tips.php
[13-Nov-2025 12:53:21 UTC] Loaded file: rkit_wrapper_link.php
[13-Nov-2025 12:53:21 UTC] Class not found: \RomethemeKit\Rkit_Custom_Cursor
[13-Nov-2025 12:53:21 UTC] Instantiated class: \RomethemeKit\RkitDuplicator
[13-Nov-2025 12:53:21 UTC] Instantiated class: \RomethemeKit\BlurEffects
[13-Nov-2025 12:53:21 UTC] Class not found: \RomethemeKit\Rkit_Sticky_Content
[13-Nov-2025 12:53:21 UTC] Instantiated class: \RomethemeKit\RkitToolTips
[13-Nov-2025 12:53:21 UTC] Instantiated class: \RomethemeKit\RkitWrapperLink
[13-Nov-2025 12:53:21 UTC] Loaded file: blur_effects.php
[13-Nov-2025 12:53:21 UTC] Loaded file: rkit_post_duplicator.php
[13-Nov-2025 12:53:21 UTC] Loaded file: rkit_tool_tips.php
[13-Nov-2025 12:53:21 UTC] Loaded file: rkit_wrapper_link.php
[13-Nov-2025 12:53:21 UTC] Class not found: \RomethemeKit\Rkit_Custom_Cursor
[13-Nov-2025 12:53:21 UTC] Instantiated class: \RomethemeKit\RkitDuplicator
[13-Nov-2025 12:53:21 UTC] Instantiated class: \RomethemeKit\BlurEffects
[13-Nov-2025 12:53:21 UTC] Class not found: \RomethemeKit\Rkit_Sticky_Content
[13-Nov-2025 12:53:21 UTC] Instantiated class: \RomethemeKit\RkitToolTips
[13-Nov-2025 12:53:21 UTC] Instantiated class: \RomethemeKit\RkitWrapperLink
[13-Nov-2025 12:53:25 UTC] Loaded file: blur_effects.php
[13-Nov-2025 12:53:25 UTC] Loaded file: rkit_post_duplicator.php
[13-Nov-2025 12:53:25 UTC] Loaded file: rkit_tool_tips.php
[13-Nov-2025 12:53:25 UTC] Loaded file: rkit_wrapper_link.php
[13-Nov-2025 12:53:25 UTC] Class not found: \RomethemeKit\Rkit_Custom_Cursor
[13-Nov-2025 12:53:25 UTC] Instantiated class: \RomethemeKit\RkitDuplicator
[13-Nov-2025 12:53:25 UTC] Instantiated class: \RomethemeKit\BlurEffects
[13-Nov-2025 12:53:25 UTC] Class not found: \RomethemeKit\Rkit_Sticky_Content
[13-Nov-2025 12:53:25 UTC] Instantiated class: \RomethemeKit\RkitToolTips
[13-Nov-2025 12:53:25 UTC] Instantiated class: \RomethemeKit\RkitWrapperLink
[13-Nov-2025 12:53:29 UTC] Loaded file: blur_effects.php
[13-Nov-2025 12:53:29 UTC] Loaded file: rkit_post_duplicator.php
[13-Nov-2025 12:53:29 UTC] Loaded file: rkit_tool_tips.php
[13-Nov-2025 12:53:29 UTC] Loaded file: rkit_wrapper_link.php
[13-Nov-2025 12:53:29 UTC] Class not found: \RomethemeKit\Rkit_Custom_Cursor
[13-Nov-2025 12:53:29 UTC] Instantiated class: \RomethemeKit\RkitDuplicator
[13-Nov-2025 12:53:29 UTC] Instantiated class: \RomethemeKit\BlurEffects
[13-Nov-2025 12:53:29 UTC] Class not found: \RomethemeKit\Rkit_Sticky_Content
[13-Nov-2025 12:53:29 UTC] Instantiated class: \RomethemeKit\RkitToolTips
[13-Nov-2025 12:53:29 UTC] Instantiated class: \RomethemeKit\RkitWrapperLink
[13-Nov-2025 12:53:30 UTC] Loaded file: blur_effects.php
[13-Nov-2025 12:53:30 UTC] Loaded file: rkit_post_duplicator.php
[13-Nov-2025 12:53:30 UTC] Loaded file: rkit_tool_tips.php
[13-Nov-2025 12:53:30 UTC] Loaded file: rkit_wrapper_link.php
[13-Nov-2025 12:53:30 UTC] Class not found: \RomethemeKit\Rkit_Custom_Cursor
[13-Nov-2025 12:53:30 UTC] Instantiated class: \RomethemeKit\RkitDuplicator
[13-Nov-2025 12:53:30 UTC] Instantiated class: \RomethemeKit\BlurEffects
[13-Nov-2025 12:53:30 UTC] Class not found: \RomethemeKit\Rkit_Sticky_Content
[13-Nov-2025 12:53:30 UTC] Instantiated class: \RomethemeKit\RkitToolTips
[13-Nov-2025 12:53:30 UTC] Instantiated class: \RomethemeKit\RkitWrapperLink
[13-Nov-2025 12:53:30 UTC] Loaded file: blur_effects.php
[13-Nov-2025 12:53:30 UTC] Loaded file: rkit_post_duplicator.php
[13-Nov-2025 12:53:30 UTC] Loaded file: rkit_tool_tips.php
[13-Nov-2025 12:53:30 UTC] Loaded file: rkit_wrapper_link.php
[13-Nov-2025 12:53:30 UTC] Class not found: \RomethemeKit\Rkit_Custom_Cursor
[13-Nov-2025 12:53:30 UTC] Instantiated class: \RomethemeKit\RkitDuplicator
[13-Nov-2025 12:53:30 UTC] Instantiated class: \RomethemeKit\BlurEffects
[13-Nov-2025 12:53:30 UTC] Class not found: \RomethemeKit\Rkit_Sticky_Content
[13-Nov-2025 12:53:30 UTC] Instantiated class: \RomethemeKit\RkitToolTips
[13-Nov-2025 12:53:30 UTC] Instantiated class: \RomethemeKit\RkitWrapperLink
[13-Nov-2025 12:53:31 UTC] Loaded file: blur_effects.php
[13-Nov-2025 12:53:31 UTC] Loaded file: rkit_post_duplicator.php
[13-Nov-2025 12:53:31 UTC] Loaded file: rkit_tool_tips.php
[13-Nov-2025 12:53:31 UTC] Loaded file: rkit_wrapper_link.php
[13-Nov-2025 12:53:31 UTC] Class not found: \RomethemeKit\Rkit_Custom_Cursor
[13-Nov-2025 12:53:31 UTC] Instantiated class: \RomethemeKit\RkitDuplicator
[13-Nov-2025 12:53:31 UTC] Instantiated class: \RomethemeKit\BlurEffects
[13-Nov-2025 12:53:31 UTC] Class not found: \RomethemeKit\Rkit_Sticky_Content
[13-Nov-2025 12:53:31 UTC] Instantiated class: \RomethemeKit\RkitToolTips
[13-Nov-2025 12:53:31 UTC] Instantiated class: \RomethemeKit\RkitWrapperLink
[13-Nov-2025 12:53:31 UTC] Loaded file: blur_effects.php
[13-Nov-2025 12:53:31 UTC] Loaded file: rkit_post_duplicator.php
[13-Nov-2025 12:53:31 UTC] Loaded file: rkit_tool_tips.php
[13-Nov-2025 12:53:31 UTC] Loaded file: rkit_wrapper_link.php
[13-Nov-2025 12:53:31 UTC] Class not found: \RomethemeKit\Rkit_Custom_Cursor
[13-Nov-2025 12:53:31 UTC] Instantiated class: \RomethemeKit\RkitDuplicator
[13-Nov-2025 12:53:31 UTC] Instantiated class: \RomethemeKit\BlurEffects
[13-Nov-2025 12:53:31 UTC] Class not found: \RomethemeKit\Rkit_Sticky_Content
[13-Nov-2025 12:53:31 UTC] Instantiated class: \RomethemeKit\RkitToolTips
[13-Nov-2025 12:53:31 UTC] Instantiated class: \RomethemeKit\RkitWrapperLink
[13-Nov-2025 12:53:31 UTC] Loaded file: blur_effects.php
[13-Nov-2025 12:53:31 UTC] Loaded file: rkit_post_duplicator.php
[13-Nov-2025 12:53:31 UTC] Loaded file: rkit_tool_tips.php
[13-Nov-2025 12:53:31 UTC] Loaded file: rkit_wrapper_link.php
[13-Nov-2025 12:53:31 UTC] Class not found: \RomethemeKit\Rkit_Custom_Cursor
[13-Nov-2025 12:53:31 UTC] Instantiated class: \RomethemeKit\RkitDuplicator
[13-Nov-2025 12:53:31 UTC] Instantiated class: \RomethemeKit\BlurEffects
[13-Nov-2025 12:53:31 UTC] Class not found: \RomethemeKit\Rkit_Sticky_Content
[13-Nov-2025 12:53:31 UTC] Instantiated class: \RomethemeKit\RkitToolTips
[13-Nov-2025 12:53:31 UTC] Instantiated class: \RomethemeKit\RkitWrapperLink
[13-Nov-2025 12:53:31 UTC] [Soltour API info] Request to master/getAllOrigins: {"productType":"PACKAGE"}
[13-Nov-2025 12:53:33 UTC] [Soltour API info] Response from master/getAllOrigins: {"origins":[{"code":"LIS","airportType":"AIRPORT","description":"Lisboa","dynamic":false},{"code":"OPO","airportType":"AIRPORT","description":"Oporto (Porto)","dynamic":false},{"code":"FAO","airportType":"AIRPORT","description":"Faro","dynamic":false},{"code":"FNC","airportType":"AIRPORT","description":"Funchal","dynamic":false},{"code":"BJZ","airportType":"AIRPORT","description":"Badajoz","dynamic":false},{"code":"LCG","airportType":"AIRPORT","description":"La Coruña","dynamic":false},{"code":
[13-Nov-2025 12:53:44 UTC] Loaded file: blur_effects.php
[13-Nov-2025 12:53:44 UTC] Loaded file: rkit_post_duplicator.php
[13-Nov-2025 12:53:44 UTC] Loaded file: rkit_tool_tips.php
[13-Nov-2025 12:53:44 UTC] Loaded file: rkit_wrapper_link.php
[13-Nov-2025 12:53:44 UTC] Class not found: \RomethemeKit\Rkit_Custom_Cursor
[13-Nov-2025 12:53:44 UTC] Instantiated class: \RomethemeKit\RkitDuplicator
[13-Nov-2025 12:53:44 UTC] Instantiated class: \RomethemeKit\BlurEffects
[13-Nov-2025 12:53:44 UTC] Class not found: \RomethemeKit\Rkit_Sticky_Content
[13-Nov-2025 12:53:44 UTC] Instantiated class: \RomethemeKit\RkitToolTips
[13-Nov-2025 12:53:44 UTC] Instantiated class: \RomethemeKit\RkitWrapperLink
[13-Nov-2025 12:53:44 UTC] Loaded file: blur_effects.php
[13-Nov-2025 12:53:44 UTC] Loaded file: rkit_post_duplicator.php
[13-Nov-2025 12:53:44 UTC] Loaded file: rkit_tool_tips.php
[13-Nov-2025 12:53:44 UTC] Loaded file: rkit_wrapper_link.php
[13-Nov-2025 12:53:44 UTC] Class not found: \RomethemeKit\Rkit_Custom_Cursor
[13-Nov-2025 12:53:44 UTC] Instantiated class: \RomethemeKit\RkitDuplicator
[13-Nov-2025 12:53:44 UTC] Instantiated class: \RomethemeKit\BlurEffects
[13-Nov-2025 12:53:44 UTC] Class not found: \RomethemeKit\Rkit_Sticky_Content
[13-Nov-2025 12:53:44 UTC] Instantiated class: \RomethemeKit\RkitToolTips
[13-Nov-2025 12:53:44 UTC] Instantiated class: \RomethemeKit\RkitWrapperLink
[13-Nov-2025 12:53:44 UTC] Loaded file: blur_effects.php
[13-Nov-2025 12:53:44 UTC] Loaded file: rkit_post_duplicator.php
[13-Nov-2025 12:53:44 UTC] Loaded file: rkit_tool_tips.php
[13-Nov-2025 12:53:44 UTC] Loaded file: rkit_wrapper_link.php
[13-Nov-2025 12:53:44 UTC] Class not found: \RomethemeKit\Rkit_Custom_Cursor
[13-Nov-2025 12:53:44 UTC] Instantiated class: \RomethemeKit\RkitDuplicator
[13-Nov-2025 12:53:44 UTC] Instantiated class: \RomethemeKit\BlurEffects
[13-Nov-2025 12:53:44 UTC] Class not found: \RomethemeKit\Rkit_Sticky_Content
[13-Nov-2025 12:53:44 UTC] Instantiated class: \RomethemeKit\RkitToolTips
[13-Nov-2025 12:53:44 UTC] Instantiated class: \RomethemeKit\RkitWrapperLink
[13-Nov-2025 12:53:45 UTC] Loaded file: blur_effects.php
[13-Nov-2025 12:53:45 UTC] Loaded file: rkit_post_duplicator.php
[13-Nov-2025 12:53:45 UTC] Loaded file: rkit_tool_tips.php
[13-Nov-2025 12:53:45 UTC] Loaded file: rkit_wrapper_link.php
[13-Nov-2025 12:53:45 UTC] Class not found: \RomethemeKit\Rkit_Custom_Cursor
[13-Nov-2025 12:53:45 UTC] Instantiated class: \RomethemeKit\RkitDuplicator
[13-Nov-2025 12:53:45 UTC] Instantiated class: \RomethemeKit\BlurEffects
[13-Nov-2025 12:53:45 UTC] Class not found: \RomethemeKit\Rkit_Sticky_Content
[13-Nov-2025 12:53:45 UTC] Instantiated class: \RomethemeKit\RkitToolTips
[13-Nov-2025 12:53:45 UTC] Instantiated class: \RomethemeKit\RkitWrapperLink
[13-Nov-2025 12:53:45 UTC] [Soltour API info] Request to master/getAllOrigins: {"productType":"PACKAGE"}
[13-Nov-2025 12:53:45 UTC] [Soltour API info] Response from master/getAllOrigins: {"origins":[{"code":"LIS","airportType":"AIRPORT","description":"Lisboa","dynamic":false},{"code":"OPO","airportType":"AIRPORT","description":"Oporto (Porto)","dynamic":false},{"code":"FAO","airportType":"AIRPORT","description":"Faro","dynamic":false},{"code":"FNC","airportType":"AIRPORT","description":"Funchal","dynamic":false},{"code":"BJZ","airportType":"AIRPORT","description":"Badajoz","dynamic":false},{"code":"LCG","airportType":"AIRPORT","description":"La Coruña","dynamic":false},{"code":
[13-Nov-2025 12:53:58 UTC] Loaded file: blur_effects.php
[13-Nov-2025 12:53:58 UTC] Loaded file: rkit_post_duplicator.php
[13-Nov-2025 12:53:58 UTC] Loaded file: rkit_tool_tips.php
[13-Nov-2025 12:53:58 UTC] Loaded file: rkit_wrapper_link.php
[13-Nov-2025 12:53:58 UTC] Class not found: \RomethemeKit\Rkit_Custom_Cursor
[13-Nov-2025 12:53:58 UTC] Instantiated class: \RomethemeKit\RkitDuplicator
[13-Nov-2025 12:53:58 UTC] Instantiated class: \RomethemeKit\BlurEffects
[13-Nov-2025 12:53:58 UTC] Class not found: \RomethemeKit\Rkit_Sticky_Content
[13-Nov-2025 12:53:58 UTC] Instantiated class: \RomethemeKit\RkitToolTips
[13-Nov-2025 12:53:58 UTC] Instantiated class: \RomethemeKit\RkitWrapperLink
[13-Nov-2025 12:53:58 UTC] Loaded file: blur_effects.php
[13-Nov-2025 12:53:58 UTC] Loaded file: rkit_post_duplicator.php
[13-Nov-2025 12:53:58 UTC] Loaded file: rkit_tool_tips.php
[13-Nov-2025 12:53:58 UTC] Loaded file: rkit_wrapper_link.php
[13-Nov-2025 12:53:58 UTC] Class not found: \RomethemeKit\Rkit_Custom_Cursor
[13-Nov-2025 12:53:58 UTC] Instantiated class: \RomethemeKit\RkitDuplicator
[13-Nov-2025 12:53:58 UTC] Instantiated class: \RomethemeKit\BlurEffects
[13-Nov-2025 12:53:58 UTC] Class not found: \RomethemeKit\Rkit_Sticky_Content
[13-Nov-2025 12:53:58 UTC] Instantiated class: \RomethemeKit\RkitToolTips
[13-Nov-2025 12:53:58 UTC] Instantiated class: \RomethemeKit\RkitWrapperLink
[13-Nov-2025 12:54:02 UTC] Loaded file: blur_effects.php
[13-Nov-2025 12:54:02 UTC] Loaded file: rkit_post_duplicator.php
[13-Nov-2025 12:54:02 UTC] Loaded file: rkit_tool_tips.php
[13-Nov-2025 12:54:02 UTC] Loaded file: rkit_wrapper_link.php
[13-Nov-2025 12:54:02 UTC] Class not found: \RomethemeKit\Rkit_Custom_Cursor
[13-Nov-2025 12:54:02 UTC] Instantiated class: \RomethemeKit\RkitDuplicator
[13-Nov-2025 12:54:02 UTC] Instantiated class: \RomethemeKit\BlurEffects
[13-Nov-2025 12:54:02 UTC] Class not found: \RomethemeKit\Rkit_Sticky_Content
[13-Nov-2025 12:54:02 UTC] Instantiated class: \RomethemeKit\RkitToolTips
[13-Nov-2025 12:54:02 UTC] Instantiated class: \RomethemeKit\RkitWrapperLink
[13-Nov-2025 12:54:04 UTC] Loaded file: blur_effects.php
[13-Nov-2025 12:54:04 UTC] Loaded file: rkit_post_duplicator.php
[13-Nov-2025 12:54:04 UTC] Loaded file: rkit_tool_tips.php
[13-Nov-2025 12:54:04 UTC] Loaded file: rkit_wrapper_link.php
[13-Nov-2025 12:54:04 UTC] Class not found: \RomethemeKit\Rkit_Custom_Cursor
[13-Nov-2025 12:54:04 UTC] Instantiated class: \RomethemeKit\RkitDuplicator
[13-Nov-2025 12:54:04 UTC] Instantiated class: \RomethemeKit\BlurEffects
[13-Nov-2025 12:54:04 UTC] Class not found: \RomethemeKit\Rkit_Sticky_Content
[13-Nov-2025 12:54:04 UTC] Instantiated class: \RomethemeKit\RkitToolTips
[13-Nov-2025 12:54:04 UTC] Instantiated class: \RomethemeKit\RkitWrapperLink
[13-Nov-2025 12:54:07 UTC] Loaded file: blur_effects.php
[13-Nov-2025 12:54:07 UTC] Loaded file: rkit_post_duplicator.php
[13-Nov-2025 12:54:07 UTC] Loaded file: rkit_tool_tips.php
[13-Nov-2025 12:54:07 UTC] Loaded file: rkit_wrapper_link.php
[13-Nov-2025 12:54:07 UTC] Class not found: \RomethemeKit\Rkit_Custom_Cursor
[13-Nov-2025 12:54:07 UTC] Instantiated class: \RomethemeKit\RkitDuplicator
[13-Nov-2025 12:54:07 UTC] Instantiated class: \RomethemeKit\BlurEffects
[13-Nov-2025 12:54:07 UTC] Class not found: \RomethemeKit\Rkit_Sticky_Content
[13-Nov-2025 12:54:07 UTC] Instantiated class: \RomethemeKit\RkitToolTips
[13-Nov-2025 12:54:07 UTC] Instantiated class: \RomethemeKit\RkitWrapperLink
[13-Nov-2025 12:54:07 UTC] Loaded file: blur_effects.php
[13-Nov-2025 12:54:07 UTC] Loaded file: rkit_post_duplicator.php
[13-Nov-2025 12:54:07 UTC] Loaded file: rkit_tool_tips.php
[13-Nov-2025 12:54:07 UTC] Loaded file: rkit_wrapper_link.php
[13-Nov-2025 12:54:07 UTC] Class not found: \RomethemeKit\Rkit_Custom_Cursor
[13-Nov-2025 12:54:07 UTC] Instantiated class: \RomethemeKit\RkitDuplicator
[13-Nov-2025 12:54:07 UTC] Instantiated class: \RomethemeKit\BlurEffects
[13-Nov-2025 12:54:07 UTC] Class not found: \RomethemeKit\Rkit_Sticky_Content
[13-Nov-2025 12:54:07 UTC] Instantiated class: \RomethemeKit\RkitToolTips
[13-Nov-2025 12:54:07 UTC] Instantiated class: \RomethemeKit\RkitWrapperLink
[13-Nov-2025 12:54:08 UTC] Loaded file: blur_effects.php
[13-Nov-2025 12:54:08 UTC] Loaded file: rkit_post_duplicator.php
[13-Nov-2025 12:54:08 UTC] Loaded file: rkit_tool_tips.php
[13-Nov-2025 12:54:08 UTC] Loaded file: rkit_wrapper_link.php
[13-Nov-2025 12:54:08 UTC] Class not found: \RomethemeKit\Rkit_Custom_Cursor
[13-Nov-2025 12:54:08 UTC] Instantiated class: \RomethemeKit\RkitDuplicator
[13-Nov-2025 12:54:08 UTC] Instantiated class: \RomethemeKit\BlurEffects
[13-Nov-2025 12:54:08 UTC] Class not found: \RomethemeKit\Rkit_Sticky_Content
[13-Nov-2025 12:54:08 UTC] Instantiated class: \RomethemeKit\RkitToolTips
[13-Nov-2025 12:54:08 UTC] Instantiated class: \RomethemeKit\RkitWrapperLink
[13-Nov-2025 12:54:09 UTC] Loaded file: blur_effects.php
[13-Nov-2025 12:54:09 UTC] Loaded file: rkit_post_duplicator.php
[13-Nov-2025 12:54:09 UTC] Loaded file: rkit_tool_tips.php
[13-Nov-2025 12:54:09 UTC] Loaded file: rkit_wrapper_link.php
[13-Nov-2025 12:54:09 UTC] Class not found: \RomethemeKit\Rkit_Custom_Cursor
[13-Nov-2025 12:54:09 UTC] Instantiated class: \RomethemeKit\RkitDuplicator
[13-Nov-2025 12:54:09 UTC] Instantiated class: \RomethemeKit\BlurEffects
[13-Nov-2025 12:54:09 UTC] Class not found: \RomethemeKit\Rkit_Sticky_Content
[13-Nov-2025 12:54:09 UTC] Instantiated class: \RomethemeKit\RkitToolTips
[13-Nov-2025 12:54:09 UTC] Instantiated class: \RomethemeKit\RkitWrapperLink
[13-Nov-2025 12:54:09 UTC] Loaded file: blur_effects.php
[13-Nov-2025 12:54:09 UTC] Loaded file: rkit_post_duplicator.php
[13-Nov-2025 12:54:09 UTC] Loaded file: rkit_tool_tips.php
[13-Nov-2025 12:54:09 UTC] Loaded file: rkit_wrapper_link.php
[13-Nov-2025 12:54:09 UTC] Class not found: \RomethemeKit\Rkit_Custom_Cursor
[13-Nov-2025 12:54:09 UTC] Instantiated class: \RomethemeKit\RkitDuplicator
[13-Nov-2025 12:54:09 UTC] Instantiated class: \RomethemeKit\BlurEffects
[13-Nov-2025 12:54:09 UTC] Class not found: \RomethemeKit\Rkit_Sticky_Content
[13-Nov-2025 12:54:09 UTC] Instantiated class: \RomethemeKit\RkitToolTips
[13-Nov-2025 12:54:09 UTC] Instantiated class: \RomethemeKit\RkitWrapperLink
[13-Nov-2025 12:54:09 UTC] Loaded file: blur_effects.php
[13-Nov-2025 12:54:09 UTC] Loaded file: rkit_post_duplicator.php
[13-Nov-2025 12:54:09 UTC] Loaded file: rkit_tool_tips.php
[13-Nov-2025 12:54:09 UTC] Loaded file: rkit_wrapper_link.php
[13-Nov-2025 12:54:09 UTC] Class not found: \RomethemeKit\Rkit_Custom_Cursor
[13-Nov-2025 12:54:09 UTC] Instantiated class: \RomethemeKit\RkitDuplicator
[13-Nov-2025 12:54:09 UTC] Instantiated class: \RomethemeKit\BlurEffects
[13-Nov-2025 12:54:09 UTC] Class not found: \RomethemeKit\Rkit_Sticky_Content
[13-Nov-2025 12:54:09 UTC] Instantiated class: \RomethemeKit\RkitToolTips
[13-Nov-2025 12:54:09 UTC] Instantiated class: \RomethemeKit\RkitWrapperLink
[13-Nov-2025 12:54:09 UTC] Loaded file: blur_effects.php
[13-Nov-2025 12:54:09 UTC] Loaded file: rkit_post_duplicator.php
[13-Nov-2025 12:54:09 UTC] Loaded file: rkit_tool_tips.php
[13-Nov-2025 12:54:09 UTC] Loaded file: rkit_wrapper_link.php
[13-Nov-2025 12:54:09 UTC] Class not found: \RomethemeKit\Rkit_Custom_Cursor
[13-Nov-2025 12:54:09 UTC] Instantiated class: \RomethemeKit\RkitDuplicator
[13-Nov-2025 12:54:09 UTC] Instantiated class: \RomethemeKit\BlurEffects
[13-Nov-2025 12:54:09 UTC] Class not found: \RomethemeKit\Rkit_Sticky_Content
[13-Nov-2025 12:54:09 UTC] Instantiated class: \RomethemeKit\RkitToolTips
[13-Nov-2025 12:54:09 UTC] Instantiated class: \RomethemeKit\RkitWrapperLink
[13-Nov-2025 12:54:10 UTC] [Soltour API info] Request to master/getAllOrigins: {"productType":"PACKAGE"}
[13-Nov-2025 12:54:10 UTC] [Soltour API info] Response from master/getAllOrigins: {"origins":[{"code":"LIS","airportType":"AIRPORT","description":"Lisboa","dynamic":false},{"code":"OPO","airportType":"AIRPORT","description":"Oporto (Porto)","dynamic":false},{"code":"FAO","airportType":"AIRPORT","description":"Faro","dynamic":false},{"code":"FNC","airportType":"AIRPORT","description":"Funchal","dynamic":false},{"code":"BJZ","airportType":"AIRPORT","description":"Badajoz","dynamic":false},{"code":"LCG","airportType":"AIRPORT","description":"La Coruña","dynamic":false},{"code":
[13-Nov-2025 12:54:12 UTC] Loaded file: blur_effects.php
[13-Nov-2025 12:54:12 UTC] Loaded file: rkit_post_duplicator.php
[13-Nov-2025 12:54:12 UTC] Loaded file: rkit_tool_tips.php
[13-Nov-2025 12:54:12 UTC] Loaded file: rkit_wrapper_link.php
[13-Nov-2025 12:54:12 UTC] Class not found: \RomethemeKit\Rkit_Custom_Cursor
[13-Nov-2025 12:54:12 UTC] Instantiated class: \RomethemeKit\RkitDuplicator
[13-Nov-2025 12:54:12 UTC] Instantiated class: \RomethemeKit\BlurEffects
[13-Nov-2025 12:54:12 UTC] Class not found: \RomethemeKit\Rkit_Sticky_Content
[13-Nov-2025 12:54:12 UTC] Instantiated class: \RomethemeKit\RkitToolTips
[13-Nov-2025 12:54:12 UTC] Instantiated class: \RomethemeKit\RkitWrapperLink
[13-Nov-2025 12:54:13 UTC] Loaded file: blur_effects.php
[13-Nov-2025 12:54:13 UTC] Loaded file: rkit_post_duplicator.php
[13-Nov-2025 12:54:13 UTC] Loaded file: rkit_tool_tips.php
[13-Nov-2025 12:54:13 UTC] Loaded file: rkit_wrapper_link.php
[13-Nov-2025 12:54:13 UTC] Class not found: \RomethemeKit\Rkit_Custom_Cursor
[13-Nov-2025 12:54:13 UTC] Instantiated class: \RomethemeKit\RkitDuplicator
[13-Nov-2025 12:54:13 UTC] Instantiated class: \RomethemeKit\BlurEffects
[13-Nov-2025 12:54:13 UTC] Class not found: \RomethemeKit\Rkit_Sticky_Content
[13-Nov-2025 12:54:13 UTC] Instantiated class: \RomethemeKit\RkitToolTips
[13-Nov-2025 12:54:13 UTC] Instantiated class: \RomethemeKit\RkitWrapperLink
[13-Nov-2025 12:54:20 UTC] Loaded file: blur_effects.php
[13-Nov-2025 12:54:20 UTC] Loaded file: rkit_post_duplicator.php
[13-Nov-2025 12:54:20 UTC] Loaded file: rkit_tool_tips.php
[13-Nov-2025 12:54:20 UTC] Loaded file: rkit_wrapper_link.php
[13-Nov-2025 12:54:20 UTC] Class not found: \RomethemeKit\Rkit_Custom_Cursor
[13-Nov-2025 12:54:20 UTC] Instantiated class: \RomethemeKit\RkitDuplicator
[13-Nov-2025 12:54:20 UTC] Instantiated class: \RomethemeKit\BlurEffects
[13-Nov-2025 12:54:20 UTC] Class not found: \RomethemeKit\Rkit_Sticky_Content
[13-Nov-2025 12:54:20 UTC] Instantiated class: \RomethemeKit\RkitToolTips
[13-Nov-2025 12:54:20 UTC] Instantiated class: \RomethemeKit\RkitWrapperLink
[13-Nov-2025 12:54:21 UTC] Loaded file: blur_effects.php
[13-Nov-2025 12:54:21 UTC] Loaded file: rkit_post_duplicator.php
[13-Nov-2025 12:54:21 UTC] Loaded file: rkit_tool_tips.php
[13-Nov-2025 12:54:21 UTC] Loaded file: rkit_wrapper_link.php
[13-Nov-2025 12:54:21 UTC] Class not found: \RomethemeKit\Rkit_Custom_Cursor
[13-Nov-2025 12:54:21 UTC] Instantiated class: \RomethemeKit\RkitDuplicator
[13-Nov-2025 12:54:21 UTC] Instantiated class: \RomethemeKit\BlurEffects
[13-Nov-2025 12:54:21 UTC] Class not found: \RomethemeKit\Rkit_Sticky_Content
[13-Nov-2025 12:54:21 UTC] Instantiated class: \RomethemeKit\RkitToolTips
[13-Nov-2025 12:54:21 UTC] Instantiated class: \RomethemeKit\RkitWrapperLink
[13-Nov-2025 12:54:23 UTC] Loaded file: blur_effects.php
[13-Nov-2025 12:54:23 UTC] Loaded file: rkit_post_duplicator.php
[13-Nov-2025 12:54:23 UTC] Loaded file: rkit_tool_tips.php
[13-Nov-2025 12:54:23 UTC] Loaded file: rkit_wrapper_link.php
[13-Nov-2025 12:54:23 UTC] Class not found: \RomethemeKit\Rkit_Custom_Cursor
[13-Nov-2025 12:54:23 UTC] Instantiated class: \RomethemeKit\RkitDuplicator
[13-Nov-2025 12:54:23 UTC] Instantiated class: \RomethemeKit\BlurEffects
[13-Nov-2025 12:54:23 UTC] Class not found: \RomethemeKit\Rkit_Sticky_Content
[13-Nov-2025 12:54:23 UTC] Instantiated class: \RomethemeKit\RkitToolTips
[13-Nov-2025 12:54:23 UTC] Instantiated class: \RomethemeKit\RkitWrapperLink
[13-Nov-2025 12:54:24 UTC] Loaded file: blur_effects.php
[13-Nov-2025 12:54:24 UTC] Loaded file: rkit_post_duplicator.php
[13-Nov-2025 12:54:24 UTC] Loaded file: rkit_tool_tips.php
[13-Nov-2025 12:54:24 UTC] Loaded file: rkit_wrapper_link.php
[13-Nov-2025 12:54:24 UTC] Class not found: \RomethemeKit\Rkit_Custom_Cursor
[13-Nov-2025 12:54:24 UTC] Instantiated class: \RomethemeKit\RkitDuplicator
[13-Nov-2025 12:54:24 UTC] Instantiated class: \RomethemeKit\BlurEffects
[13-Nov-2025 12:54:24 UTC] Class not found: \RomethemeKit\Rkit_Sticky_Content
[13-Nov-2025 12:54:24 UTC] Instantiated class: \RomethemeKit\RkitToolTips
[13-Nov-2025 12:54:24 UTC] Instantiated class: \RomethemeKit\RkitWrapperLink
[13-Nov-2025 12:54:26 UTC] Loaded file: blur_effects.php
[13-Nov-2025 12:54:26 UTC] Loaded file: rkit_post_duplicator.php
[13-Nov-2025 12:54:26 UTC] Loaded file: rkit_tool_tips.php
[13-Nov-2025 12:54:26 UTC] Loaded file: rkit_wrapper_link.php
[13-Nov-2025 12:54:26 UTC] Class not found: \RomethemeKit\Rkit_Custom_Cursor
[13-Nov-2025 12:54:26 UTC] Instantiated class: \RomethemeKit\RkitDuplicator
[13-Nov-2025 12:54:26 UTC] Instantiated class: \RomethemeKit\BlurEffects
[13-Nov-2025 12:54:26 UTC] Class not found: \RomethemeKit\Rkit_Sticky_Content
[13-Nov-2025 12:54:26 UTC] Instantiated class: \RomethemeKit\RkitToolTips
[13-Nov-2025 12:54:26 UTC] Instantiated class: \RomethemeKit\RkitWrapperLink
[13-Nov-2025 12:54:27 UTC] Loaded file: blur_effects.php
[13-Nov-2025 12:54:27 UTC] Loaded file: rkit_post_duplicator.php
[13-Nov-2025 12:54:27 UTC] Loaded file: rkit_tool_tips.php
[13-Nov-2025 12:54:27 UTC] Loaded file: rkit_wrapper_link.php
[13-Nov-2025 12:54:27 UTC] Class not found: \RomethemeKit\Rkit_Custom_Cursor
[13-Nov-2025 12:54:27 UTC] Instantiated class: \RomethemeKit\RkitDuplicator
[13-Nov-2025 12:54:27 UTC] Instantiated class: \RomethemeKit\BlurEffects
[13-Nov-2025 12:54:27 UTC] Class not found: \RomethemeKit\Rkit_Sticky_Content
[13-Nov-2025 12:54:27 UTC] Instantiated class: \RomethemeKit\RkitToolTips
[13-Nov-2025 12:54:27 UTC] Instantiated class: \RomethemeKit\RkitWrapperLink
[13-Nov-2025 12:54:27 UTC] Loaded file: blur_effects.php
[13-Nov-2025 12:54:27 UTC] Loaded file: rkit_post_duplicator.php
[13-Nov-2025 12:54:27 UTC] Loaded file: rkit_tool_tips.php
[13-Nov-2025 12:54:27 UTC] Loaded file: rkit_wrapper_link.php
[13-Nov-2025 12:54:27 UTC] Class not found: \RomethemeKit\Rkit_Custom_Cursor
[13-Nov-2025 12:54:27 UTC] Instantiated class: \RomethemeKit\RkitDuplicator
[13-Nov-2025 12:54:27 UTC] Instantiated class: \RomethemeKit\BlurEffects
[13-Nov-2025 12:54:27 UTC] Class not found: \RomethemeKit\Rkit_Sticky_Content
[13-Nov-2025 12:54:27 UTC] Instantiated class: \RomethemeKit\RkitToolTips
[13-Nov-2025 12:54:27 UTC] Instantiated class: \RomethemeKit\RkitWrapperLink
[13-Nov-2025 12:54:30 UTC] Loaded file: blur_effects.php
[13-Nov-2025 12:54:30 UTC] Loaded file: rkit_post_duplicator.php
[13-Nov-2025 12:54:30 UTC] Loaded file: rkit_tool_tips.php
[13-Nov-2025 12:54:30 UTC] Loaded file: rkit_wrapper_link.php
[13-Nov-2025 12:54:30 UTC] Class not found: \RomethemeKit\Rkit_Custom_Cursor
[13-Nov-2025 12:54:30 UTC] Instantiated class: \RomethemeKit\RkitDuplicator
[13-Nov-2025 12:54:30 UTC] Instantiated class: \RomethemeKit\BlurEffects
[13-Nov-2025 12:54:30 UTC] Class not found: \RomethemeKit\Rkit_Sticky_Content
[13-Nov-2025 12:54:30 UTC] Instantiated class: \RomethemeKit\RkitToolTips
[13-Nov-2025 12:54:30 UTC] Instantiated class: \RomethemeKit\RkitWrapperLink
[13-Nov-2025 12:54:31 UTC] Loaded file: blur_effects.php
[13-Nov-2025 12:54:31 UTC] Loaded file: rkit_post_duplicator.php
[13-Nov-2025 12:54:31 UTC] Loaded file: rkit_tool_tips.php
[13-Nov-2025 12:54:31 UTC] Loaded file: rkit_wrapper_link.php
[13-Nov-2025 12:54:31 UTC] Class not found: \RomethemeKit\Rkit_Custom_Cursor
[13-Nov-2025 12:54:31 UTC] Instantiated class: \RomethemeKit\RkitDuplicator
[13-Nov-2025 12:54:31 UTC] Instantiated class: \RomethemeKit\BlurEffects
[13-Nov-2025 12:54:31 UTC] Class not found: \RomethemeKit\Rkit_Sticky_Content
[13-Nov-2025 12:54:31 UTC] Instantiated class: \RomethemeKit\RkitToolTips
[13-Nov-2025 12:54:31 UTC] Instantiated class: \RomethemeKit\RkitWrapperLink
[13-Nov-2025 12:54:33 UTC] Loaded file: blur_effects.php
[13-Nov-2025 12:54:33 UTC] Loaded file: rkit_post_duplicator.php
[13-Nov-2025 12:54:33 UTC] Loaded file: rkit_tool_tips.php
[13-Nov-2025 12:54:33 UTC] Loaded file: rkit_wrapper_link.php
[13-Nov-2025 12:54:33 UTC] Class not found: \RomethemeKit\Rkit_Custom_Cursor
[13-Nov-2025 12:54:33 UTC] Instantiated class: \RomethemeKit\RkitDuplicator
[13-Nov-2025 12:54:33 UTC] Instantiated class: \RomethemeKit\BlurEffects
[13-Nov-2025 12:54:33 UTC] Class not found: \RomethemeKit\Rkit_Sticky_Content
[13-Nov-2025 12:54:33 UTC] Instantiated class: \RomethemeKit\RkitToolTips
[13-Nov-2025 12:54:33 UTC] Instantiated class: \RomethemeKit\RkitWrapperLink
[13-Nov-2025 12:54:34 UTC] Loaded file: blur_effects.php
[13-Nov-2025 12:54:34 UTC] Loaded file: rkit_post_duplicator.php
[13-Nov-2025 12:54:34 UTC] Loaded file: rkit_tool_tips.php
[13-Nov-2025 12:54:34 UTC] Loaded file: rkit_wrapper_link.php
[13-Nov-2025 12:54:34 UTC] Class not found: \RomethemeKit\Rkit_Custom_Cursor
[13-Nov-2025 12:54:34 UTC] Instantiated class: \RomethemeKit\RkitDuplicator
[13-Nov-2025 12:54:34 UTC] Instantiated class: \RomethemeKit\BlurEffects
[13-Nov-2025 12:54:34 UTC] Class not found: \RomethemeKit\Rkit_Sticky_Content
[13-Nov-2025 12:54:34 UTC] Instantiated class: \RomethemeKit\RkitToolTips
[13-Nov-2025 12:54:34 UTC] Instantiated class: \RomethemeKit\RkitWrapperLink
[13-Nov-2025 12:54:36 UTC] Loaded file: blur_effects.php
[13-Nov-2025 12:54:36 UTC] Loaded file: rkit_post_duplicator.php
[13-Nov-2025 12:54:36 UTC] Loaded file: rkit_tool_tips.php
[13-Nov-2025 12:54:36 UTC] Loaded file: rkit_wrapper_link.php
[13-Nov-2025 12:54:36 UTC] Class not found: \RomethemeKit\Rkit_Custom_Cursor
[13-Nov-2025 12:54:36 UTC] Instantiated class: \RomethemeKit\RkitDuplicator
[13-Nov-2025 12:54:36 UTC] Instantiated class: \RomethemeKit\BlurEffects
[13-Nov-2025 12:54:36 UTC] Class not found: \RomethemeKit\Rkit_Sticky_Content
[13-Nov-2025 12:54:36 UTC] Instantiated class: \RomethemeKit\RkitToolTips
[13-Nov-2025 12:54:36 UTC] Instantiated class: \RomethemeKit\RkitWrapperLink
[13-Nov-2025 12:54:37 UTC] Loaded file: blur_effects.php
[13-Nov-2025 12:54:37 UTC] Loaded file: rkit_post_duplicator.php
[13-Nov-2025 12:54:37 UTC] Loaded file: rkit_tool_tips.php
[13-Nov-2025 12:54:37 UTC] Loaded file: rkit_wrapper_link.php
[13-Nov-2025 12:54:37 UTC] Class not found: \RomethemeKit\Rkit_Custom_Cursor
[13-Nov-2025 12:54:37 UTC] Instantiated class: \RomethemeKit\RkitDuplicator
[13-Nov-2025 12:54:37 UTC] Instantiated class: \RomethemeKit\BlurEffects
[13-Nov-2025 12:54:37 UTC] Class not found: \RomethemeKit\Rkit_Sticky_Content
[13-Nov-2025 12:54:37 UTC] Instantiated class: \RomethemeKit\RkitToolTips
[13-Nov-2025 12:54:37 UTC] Instantiated class: \RomethemeKit\RkitWrapperLink
[13-Nov-2025 12:54:39 UTC] Loaded file: blur_effects.php
[13-Nov-2025 12:54:39 UTC] Loaded file: rkit_post_duplicator.php
[13-Nov-2025 12:54:39 UTC] Loaded file: rkit_tool_tips.php
[13-Nov-2025 12:54:39 UTC] Loaded file: rkit_wrapper_link.php
[13-Nov-2025 12:54:39 UTC] Class not found: \RomethemeKit\Rkit_Custom_Cursor
[13-Nov-2025 12:54:39 UTC] Instantiated class: \RomethemeKit\RkitDuplicator
[13-Nov-2025 12:54:39 UTC] Instantiated class: \RomethemeKit\BlurEffects
[13-Nov-2025 12:54:39 UTC] Class not found: \RomethemeKit\Rkit_Sticky_Content
[13-Nov-2025 12:54:39 UTC] Instantiated class: \RomethemeKit\RkitToolTips
[13-Nov-2025 12:54:39 UTC] Instantiated class: \RomethemeKit\RkitWrapperLink
[13-Nov-2025 12:54:40 UTC] Loaded file: blur_effects.php
[13-Nov-2025 12:54:40 UTC] Loaded file: rkit_post_duplicator.php
[13-Nov-2025 12:54:40 UTC] Loaded file: rkit_tool_tips.php
[13-Nov-2025 12:54:40 UTC] Loaded file: rkit_wrapper_link.php
[13-Nov-2025 12:54:40 UTC] Class not found: \RomethemeKit\Rkit_Custom_Cursor
[13-Nov-2025 12:54:40 UTC] Instantiated class: \RomethemeKit\RkitDuplicator
[13-Nov-2025 12:54:40 UTC] Instantiated class: \RomethemeKit\BlurEffects
[13-Nov-2025 12:54:40 UTC] Class not found: \RomethemeKit\Rkit_Sticky_Content
[13-Nov-2025 12:54:40 UTC] Instantiated class: \RomethemeKit\RkitToolTips
[13-Nov-2025 12:54:40 UTC] Instantiated class: \RomethemeKit\RkitWrapperLink
[13-Nov-2025 12:54:40 UTC] Loaded file: blur_effects.php
[13-Nov-2025 12:54:40 UTC] Loaded file: rkit_post_duplicator.php
[13-Nov-2025 12:54:40 UTC] Loaded file: rkit_tool_tips.php
[13-Nov-2025 12:54:40 UTC] Loaded file: rkit_wrapper_link.php
[13-Nov-2025 12:54:40 UTC] Class not found: \RomethemeKit\Rkit_Custom_Cursor
[13-Nov-2025 12:54:40 UTC] Instantiated class: \RomethemeKit\RkitDuplicator
[13-Nov-2025 12:54:40 UTC] Instantiated class: \RomethemeKit\BlurEffects
[13-Nov-2025 12:54:40 UTC] Class not found: \RomethemeKit\Rkit_Sticky_Content
[13-Nov-2025 12:54:40 UTC] Instantiated class: \RomethemeKit\RkitToolTips
[13-Nov-2025 12:54:40 UTC] Instantiated class: \RomethemeKit\RkitWrapperLink
[13-Nov-2025 12:54:42 UTC] Loaded file: blur_effects.php
[13-Nov-2025 12:54:42 UTC] Loaded file: rkit_post_duplicator.php
[13-Nov-2025 12:54:42 UTC] Loaded file: rkit_tool_tips.php
[13-Nov-2025 12:54:42 UTC] Loaded file: rkit_wrapper_link.php
[13-Nov-2025 12:54:42 UTC] Class not found: \RomethemeKit\Rkit_Custom_Cursor
[13-Nov-2025 12:54:42 UTC] Instantiated class: \RomethemeKit\RkitDuplicator
[13-Nov-2025 12:54:42 UTC] Instantiated class: \RomethemeKit\BlurEffects
[13-Nov-2025 12:54:42 UTC] Class not found: \RomethemeKit\Rkit_Sticky_Content
[13-Nov-2025 12:54:42 UTC] Instantiated class: \RomethemeKit\RkitToolTips
[13-Nov-2025 12:54:42 UTC] Instantiated class: \RomethemeKit\RkitWrapperLink
[13-Nov-2025 12:54:43 UTC] Loaded file: blur_effects.php
[13-Nov-2025 12:54:43 UTC] Loaded file: rkit_post_duplicator.php
[13-Nov-2025 12:54:43 UTC] Loaded file: rkit_tool_tips.php
[13-Nov-2025 12:54:43 UTC] Loaded file: rkit_wrapper_link.php
[13-Nov-2025 12:54:43 UTC] Class not found: \RomethemeKit\Rkit_Custom_Cursor
[13-Nov-2025 12:54:43 UTC] Instantiated class: \RomethemeKit\RkitDuplicator
[13-Nov-2025 12:54:43 UTC] Instantiated class: \RomethemeKit\BlurEffects
[13-Nov-2025 12:54:43 UTC] Class not found: \RomethemeKit\Rkit_Sticky_Content
[13-Nov-2025 12:54:43 UTC] Instantiated class: \RomethemeKit\RkitToolTips
[13-Nov-2025 12:54:43 UTC] Instantiated class: \RomethemeKit\RkitWrapperLink
[13-Nov-2025 12:54:45 UTC] Loaded file: blur_effects.php
[13-Nov-2025 12:54:45 UTC] Loaded file: rkit_post_duplicator.php
[13-Nov-2025 12:54:45 UTC] Loaded file: rkit_tool_tips.php
[13-Nov-2025 12:54:45 UTC] Loaded file: rkit_wrapper_link.php
[13-Nov-2025 12:54:45 UTC] Class not found: \RomethemeKit\Rkit_Custom_Cursor
[13-Nov-2025 12:54:45 UTC] Instantiated class: \RomethemeKit\RkitDuplicator
[13-Nov-2025 12:54:45 UTC] Instantiated class: \RomethemeKit\BlurEffects
[13-Nov-2025 12:54:45 UTC] Class not found: \RomethemeKit\Rkit_Sticky_Content
[13-Nov-2025 12:54:45 UTC] Instantiated class: \RomethemeKit\RkitToolTips
[13-Nov-2025 12:54:45 UTC] Instantiated class: \RomethemeKit\RkitWrapperLink
[13-Nov-2025 12:54:46 UTC] Loaded file: blur_effects.php
[13-Nov-2025 12:54:46 UTC] Loaded file: rkit_post_duplicator.php
[13-Nov-2025 12:54:46 UTC] Loaded file: rkit_tool_tips.php
[13-Nov-2025 12:54:46 UTC] Loaded file: rkit_wrapper_link.php
[13-Nov-2025 12:54:46 UTC] Class not found: \RomethemeKit\Rkit_Custom_Cursor
[13-Nov-2025 12:54:46 UTC] Instantiated class: \RomethemeKit\RkitDuplicator
[13-Nov-2025 12:54:46 UTC] Instantiated class: \RomethemeKit\BlurEffects
[13-Nov-2025 12:54:46 UTC] Class not found: \RomethemeKit\Rkit_Sticky_Content
[13-Nov-2025 12:54:46 UTC] Instantiated class: \RomethemeKit\RkitToolTips
[13-Nov-2025 12:54:46 UTC] Instantiated class: \RomethemeKit\RkitWrapperLink
[13-Nov-2025 12:54:48 UTC] Loaded file: blur_effects.php
[13-Nov-2025 12:54:48 UTC] Loaded file: rkit_post_duplicator.php
[13-Nov-2025 12:54:48 UTC] Loaded file: rkit_tool_tips.php
[13-Nov-2025 12:54:48 UTC] Loaded file: rkit_wrapper_link.php
[13-Nov-2025 12:54:48 UTC] Class not found: \RomethemeKit\Rkit_Custom_Cursor
[13-Nov-2025 12:54:48 UTC] Instantiated class: \RomethemeKit\RkitDuplicator
[13-Nov-2025 12:54:48 UTC] Instantiated class: \RomethemeKit\BlurEffects
[13-Nov-2025 12:54:48 UTC] Class not found: \RomethemeKit\Rkit_Sticky_Content
[13-Nov-2025 12:54:48 UTC] Instantiated class: \RomethemeKit\RkitToolTips
[13-Nov-2025 12:54:48 UTC] Instantiated class: \RomethemeKit\RkitWrapperLink
[13-Nov-2025 12:54:49 UTC] Loaded file: blur_effects.php
[13-Nov-2025 12:54:49 UTC] Loaded file: rkit_post_duplicator.php
[13-Nov-2025 12:54:49 UTC] Loaded file: rkit_tool_tips.php
[13-Nov-2025 12:54:49 UTC] Loaded file: rkit_wrapper_link.php
[13-Nov-2025 12:54:49 UTC] Class not found: \RomethemeKit\Rkit_Custom_Cursor
[13-Nov-2025 12:54:49 UTC] Instantiated class: \RomethemeKit\RkitDuplicator
[13-Nov-2025 12:54:49 UTC] Instantiated class: \RomethemeKit\BlurEffects
[13-Nov-2025 12:54:49 UTC] Class not found: \RomethemeKit\Rkit_Sticky_Content
[13-Nov-2025 12:54:49 UTC] Instantiated class: \RomethemeKit\RkitToolTips
[13-Nov-2025 12:54:49 UTC] Instantiated class: \RomethemeKit\RkitWrapperLink
[13-Nov-2025 12:54:51 UTC] Loaded file: blur_effects.php
[13-Nov-2025 12:54:51 UTC] Loaded file: rkit_post_duplicator.php
[13-Nov-2025 12:54:51 UTC] Loaded file: rkit_tool_tips.php
[13-Nov-2025 12:54:51 UTC] Loaded file: rkit_wrapper_link.php
[13-Nov-2025 12:54:51 UTC] Class not found: \RomethemeKit\Rkit_Custom_Cursor
[13-Nov-2025 12:54:51 UTC] Instantiated class: \RomethemeKit\RkitDuplicator
[13-Nov-2025 12:54:51 UTC] Instantiated class: \RomethemeKit\BlurEffects
[13-Nov-2025 12:54:51 UTC] Class not found: \RomethemeKit\Rkit_Sticky_Content
[13-Nov-2025 12:54:51 UTC] Instantiated class: \RomethemeKit\RkitToolTips
[13-Nov-2025 12:54:51 UTC] Instantiated class: \RomethemeKit\RkitWrapperLink
[13-Nov-2025 12:54:52 UTC] Loaded file: blur_effects.php
[13-Nov-2025 12:54:52 UTC] Loaded file: rkit_post_duplicator.php
[13-Nov-2025 12:54:52 UTC] Loaded file: rkit_tool_tips.php
[13-Nov-2025 12:54:52 UTC] Loaded file: rkit_wrapper_link.php
[13-Nov-2025 12:54:52 UTC] Class not found: \RomethemeKit\Rkit_Custom_Cursor
[13-Nov-2025 12:54:52 UTC] Instantiated class: \RomethemeKit\RkitDuplicator
[13-Nov-2025 12:54:52 UTC] Instantiated class: \RomethemeKit\BlurEffects
[13-Nov-2025 12:54:52 UTC] Class not found: \RomethemeKit\Rkit_Sticky_Content
[13-Nov-2025 12:54:52 UTC] Instantiated class: \RomethemeKit\RkitToolTips
[13-Nov-2025 12:54:52 UTC] Instantiated class: \RomethemeKit\RkitWrapperLink
[13-Nov-2025 12:54:55 UTC] Loaded file: blur_effects.php
[13-Nov-2025 12:54:55 UTC] Loaded file: rkit_post_duplicator.php
[13-Nov-2025 12:54:55 UTC] Loaded file: rkit_tool_tips.php
[13-Nov-2025 12:54:55 UTC] Loaded file: rkit_wrapper_link.php
[13-Nov-2025 12:54:55 UTC] Class not found: \RomethemeKit\Rkit_Custom_Cursor
[13-Nov-2025 12:54:55 UTC] Instantiated class: \RomethemeKit\RkitDuplicator
[13-Nov-2025 12:54:55 UTC] Instantiated class: \RomethemeKit\BlurEffects
[13-Nov-2025 12:54:55 UTC] Class not found: \RomethemeKit\Rkit_Sticky_Content
[13-Nov-2025 12:54:55 UTC] Instantiated class: \RomethemeKit\RkitToolTips
[13-Nov-2025 12:54:55 UTC] Instantiated class: \RomethemeKit\RkitWrapperLink
[13-Nov-2025 12:54:56 UTC] Loaded file: blur_effects.php
[13-Nov-2025 12:54:56 UTC] Loaded file: rkit_post_duplicator.php
[13-Nov-2025 12:54:56 UTC] Loaded file: rkit_tool_tips.php
[13-Nov-2025 12:54:56 UTC] Loaded file: rkit_wrapper_link.php
[13-Nov-2025 12:54:56 UTC] Class not found: \RomethemeKit\Rkit_Custom_Cursor
[13-Nov-2025 12:54:56 UTC] Instantiated class: \RomethemeKit\RkitDuplicator
[13-Nov-2025 12:54:56 UTC] Instantiated class: \RomethemeKit\BlurEffects
[13-Nov-2025 12:54:56 UTC] Class not found: \RomethemeKit\Rkit_Sticky_Content
[13-Nov-2025 12:54:56 UTC] Instantiated class: \RomethemeKit\RkitToolTips
[13-Nov-2025 12:54:56 UTC] Instantiated class: \RomethemeKit\RkitWrapperLink
[13-Nov-2025 12:54:58 UTC] Loaded file: blur_effects.php
[13-Nov-2025 12:54:58 UTC] Loaded file: rkit_post_duplicator.php
[13-Nov-2025 12:54:58 UTC] Loaded file: rkit_tool_tips.php
[13-Nov-2025 12:54:58 UTC] Loaded file: rkit_wrapper_link.php
[13-Nov-2025 12:54:58 UTC] Class not found: \RomethemeKit\Rkit_Custom_Cursor
[13-Nov-2025 12:54:58 UTC] Instantiated class: \RomethemeKit\RkitDuplicator
[13-Nov-2025 12:54:58 UTC] Instantiated class: \RomethemeKit\BlurEffects
[13-Nov-2025 12:54:58 UTC] Class not found: \RomethemeKit\Rkit_Sticky_Content
[13-Nov-2025 12:54:58 UTC] Instantiated class: \RomethemeKit\RkitToolTips
[13-Nov-2025 12:54:58 UTC] Instantiated class: \RomethemeKit\RkitWrapperLink
[13-Nov-2025 12:54:59 UTC] Loaded file: blur_effects.php
[13-Nov-2025 12:54:59 UTC] Loaded file: rkit_post_duplicator.php
[13-Nov-2025 12:54:59 UTC] Loaded file: rkit_tool_tips.php
[13-Nov-2025 12:54:59 UTC] Loaded file: rkit_wrapper_link.php
[13-Nov-2025 12:54:59 UTC] Class not found: \RomethemeKit\Rkit_Custom_Cursor
[13-Nov-2025 12:54:59 UTC] Instantiated class: \RomethemeKit\RkitDuplicator
[13-Nov-2025 12:54:59 UTC] Instantiated class: \RomethemeKit\BlurEffects
[13-Nov-2025 12:54:59 UTC] Class not found: \RomethemeKit\Rkit_Sticky_Content
[13-Nov-2025 12:54:59 UTC] Instantiated class: \RomethemeKit\RkitToolTips
[13-Nov-2025 12:54:59 UTC] Instantiated class: \RomethemeKit\RkitWrapperLink
[13-Nov-2025 12:55:00 UTC] Loaded file: blur_effects.php
[13-Nov-2025 12:55:00 UTC] Loaded file: rkit_post_duplicator.php
[13-Nov-2025 12:55:00 UTC] Loaded file: rkit_tool_tips.php
[13-Nov-2025 12:55:00 UTC] Loaded file: rkit_wrapper_link.php
[13-Nov-2025 12:55:00 UTC] Class not found: \RomethemeKit\Rkit_Custom_Cursor
[13-Nov-2025 12:55:00 UTC] Instantiated class: \RomethemeKit\RkitDuplicator
[13-Nov-2025 12:55:00 UTC] Instantiated class: \RomethemeKit\BlurEffects
[13-Nov-2025 12:55:00 UTC] Class not found: \RomethemeKit\Rkit_Sticky_Content
[13-Nov-2025 12:55:00 UTC] Instantiated class: \RomethemeKit\RkitToolTips
[13-Nov-2025 12:55:00 UTC] Instantiated class: \RomethemeKit\RkitWrapperLink
[13-Nov-2025 12:55:01 UTC] Loaded file: blur_effects.php
[13-Nov-2025 12:55:01 UTC] Loaded file: rkit_post_duplicator.php
[13-Nov-2025 12:55:01 UTC] Loaded file: rkit_tool_tips.php
[13-Nov-2025 12:55:01 UTC] Loaded file: rkit_wrapper_link.php
[13-Nov-2025 12:55:01 UTC] Class not found: \RomethemeKit\Rkit_Custom_Cursor
[13-Nov-2025 12:55:01 UTC] Instantiated class: \RomethemeKit\RkitDuplicator
[13-Nov-2025 12:55:01 UTC] Instantiated class: \RomethemeKit\BlurEffects
[13-Nov-2025 12:55:01 UTC] Class not found: \RomethemeKit\Rkit_Sticky_Content
[13-Nov-2025 12:55:01 UTC] Instantiated class: \RomethemeKit\RkitToolTips
[13-Nov-2025 12:55:01 UTC] Instantiated class: \RomethemeKit\RkitWrapperLink
[13-Nov-2025 12:55:02 UTC] Loaded file: blur_effects.php
[13-Nov-2025 12:55:02 UTC] Loaded file: rkit_post_duplicator.php
[13-Nov-2025 12:55:02 UTC] Loaded file: rkit_tool_tips.php
[13-Nov-2025 12:55:02 UTC] Loaded file: rkit_wrapper_link.php
[13-Nov-2025 12:55:02 UTC] Class not found: \RomethemeKit\Rkit_Custom_Cursor
[13-Nov-2025 12:55:02 UTC] Instantiated class: \RomethemeKit\RkitDuplicator
[13-Nov-2025 12:55:02 UTC] Instantiated class: \RomethemeKit\BlurEffects
[13-Nov-2025 12:55:02 UTC] Class not found: \RomethemeKit\Rkit_Sticky_Content
[13-Nov-2025 12:55:02 UTC] Instantiated class: \RomethemeKit\RkitToolTips
[13-Nov-2025 12:55:02 UTC] Instantiated class: \RomethemeKit\RkitWrapperLink
[13-Nov-2025 12:55:05 UTC] Loaded file: blur_effects.php
[13-Nov-2025 12:55:05 UTC] Loaded file: rkit_post_duplicator.php
[13-Nov-2025 12:55:05 UTC] Loaded file: rkit_tool_tips.php
[13-Nov-2025 12:55:05 UTC] Loaded file: rkit_wrapper_link.php
[13-Nov-2025 12:55:05 UTC] Class not found: \RomethemeKit\Rkit_Custom_Cursor
[13-Nov-2025 12:55:05 UTC] Instantiated class: \RomethemeKit\RkitDuplicator
[13-Nov-2025 12:55:05 UTC] Instantiated class: \RomethemeKit\BlurEffects
[13-Nov-2025 12:55:05 UTC] Class not found: \RomethemeKit\Rkit_Sticky_Content
[13-Nov-2025 12:55:05 UTC] Instantiated class: \RomethemeKit\RkitToolTips
[13-Nov-2025 12:55:05 UTC] Instantiated class: \RomethemeKit\RkitWrapperLink
[13-Nov-2025 12:55:06 UTC] Loaded file: blur_effects.php
[13-Nov-2025 12:55:06 UTC] Loaded file: rkit_post_duplicator.php
[13-Nov-2025 12:55:06 UTC] Loaded file: rkit_tool_tips.php
[13-Nov-2025 12:55:06 UTC] Loaded file: rkit_wrapper_link.php
[13-Nov-2025 12:55:06 UTC] Class not found: \RomethemeKit\Rkit_Custom_Cursor
[13-Nov-2025 12:55:06 UTC] Instantiated class: \RomethemeKit\RkitDuplicator
[13-Nov-2025 12:55:06 UTC] Instantiated class: \RomethemeKit\BlurEffects
[13-Nov-2025 12:55:06 UTC] Class not found: \RomethemeKit\Rkit_Sticky_Content
[13-Nov-2025 12:55:06 UTC] Instantiated class: \RomethemeKit\RkitToolTips
[13-Nov-2025 12:55:06 UTC] Instantiated class: \RomethemeKit\RkitWrapperLink
[13-Nov-2025 12:55:08 UTC] Loaded file: blur_effects.php
[13-Nov-2025 12:55:08 UTC] Loaded file: rkit_post_duplicator.php
[13-Nov-2025 12:55:08 UTC] Loaded file: rkit_tool_tips.php
[13-Nov-2025 12:55:08 UTC] Loaded file: rkit_wrapper_link.php
[13-Nov-2025 12:55:08 UTC] Class not found: \RomethemeKit\Rkit_Custom_Cursor
[13-Nov-2025 12:55:08 UTC] Instantiated class: \RomethemeKit\RkitDuplicator
[13-Nov-2025 12:55:08 UTC] Instantiated class: \RomethemeKit\BlurEffects
[13-Nov-2025 12:55:08 UTC] Class not found: \RomethemeKit\Rkit_Sticky_Content
[13-Nov-2025 12:55:08 UTC] Instantiated class: \RomethemeKit\RkitToolTips
[13-Nov-2025 12:55:08 UTC] Instantiated class: \RomethemeKit\RkitWrapperLink
[13-Nov-2025 12:55:09 UTC] Loaded file: blur_effects.php
[13-Nov-2025 12:55:09 UTC] Loaded file: rkit_post_duplicator.php
[13-Nov-2025 12:55:09 UTC] Loaded file: rkit_tool_tips.php
[13-Nov-2025 12:55:09 UTC] Loaded file: rkit_wrapper_link.php
[13-Nov-2025 12:55:09 UTC] Class not found: \RomethemeKit\Rkit_Custom_Cursor
[13-Nov-2025 12:55:09 UTC] Instantiated class: \RomethemeKit\RkitDuplicator
[13-Nov-2025 12:55:09 UTC] Instantiated class: \RomethemeKit\BlurEffects
[13-Nov-2025 12:55:09 UTC] Class not found: \RomethemeKit\Rkit_Sticky_Content
[13-Nov-2025 12:55:09 UTC] Instantiated class: \RomethemeKit\RkitToolTips
[13-Nov-2025 12:55:09 UTC] Instantiated class: \RomethemeKit\RkitWrapperLink
[13-Nov-2025 12:55:11 UTC] Loaded file: blur_effects.php
[13-Nov-2025 12:55:11 UTC] Loaded file: rkit_post_duplicator.php
[13-Nov-2025 12:55:11 UTC] Loaded file: rkit_tool_tips.php
[13-Nov-2025 12:55:11 UTC] Loaded file: rkit_wrapper_link.php
[13-Nov-2025 12:55:11 UTC] Class not found: \RomethemeKit\Rkit_Custom_Cursor
[13-Nov-2025 12:55:11 UTC] Instantiated class: \RomethemeKit\RkitDuplicator
[13-Nov-2025 12:55:11 UTC] Instantiated class: \RomethemeKit\BlurEffects
[13-Nov-2025 12:55:11 UTC] Class not found: \RomethemeKit\Rkit_Sticky_Content
[13-Nov-2025 12:55:11 UTC] Instantiated class: \RomethemeKit\RkitToolTips
[13-Nov-2025 12:55:11 UTC] Instantiated class: \RomethemeKit\RkitWrapperLink
[13-Nov-2025 12:55:12 UTC] Loaded file: blur_effects.php
[13-Nov-2025 12:55:12 UTC] Loaded file: rkit_post_duplicator.php
[13-Nov-2025 12:55:12 UTC] Loaded file: rkit_tool_tips.php
[13-Nov-2025 12:55:12 UTC] Loaded file: rkit_wrapper_link.php
[13-Nov-2025 12:55:12 UTC] Class not found: \RomethemeKit\Rkit_Custom_Cursor
[13-Nov-2025 12:55:12 UTC] Instantiated class: \RomethemeKit\RkitDuplicator
[13-Nov-2025 12:55:12 UTC] Instantiated class: \RomethemeKit\BlurEffects
[13-Nov-2025 12:55:12 UTC] Class not found: \RomethemeKit\Rkit_Sticky_Content
[13-Nov-2025 12:55:12 UTC] Instantiated class: \RomethemeKit\RkitToolTips
[13-Nov-2025 12:55:12 UTC] Instantiated class: \RomethemeKit\RkitWrapperLink
[13-Nov-2025 12:55:15 UTC] Loaded file: blur_effects.php
[13-Nov-2025 12:55:15 UTC] Loaded file: rkit_post_duplicator.php
[13-Nov-2025 12:55:15 UTC] Loaded file: rkit_tool_tips.php
[13-Nov-2025 12:55:15 UTC] Loaded file: rkit_wrapper_link.php
[13-Nov-2025 12:55:15 UTC] Class not found: \RomethemeKit\Rkit_Custom_Cursor
[13-Nov-2025 12:55:15 UTC] Instantiated class: \RomethemeKit\RkitDuplicator
[13-Nov-2025 12:55:15 UTC] Instantiated class: \RomethemeKit\BlurEffects
[13-Nov-2025 12:55:15 UTC] Class not found: \RomethemeKit\Rkit_Sticky_Content
[13-Nov-2025 12:55:15 UTC] Instantiated class: \RomethemeKit\RkitToolTips
[13-Nov-2025 12:55:15 UTC] Instantiated class: \RomethemeKit\RkitWrapperLink
[13-Nov-2025 12:55:16 UTC] Loaded file: blur_effects.php
[13-Nov-2025 12:55:16 UTC] Loaded file: rkit_post_duplicator.php
[13-Nov-2025 12:55:16 UTC] Loaded file: rkit_tool_tips.php
[13-Nov-2025 12:55:16 UTC] Loaded file: rkit_wrapper_link.php
[13-Nov-2025 12:55:16 UTC] Class not found: \RomethemeKit\Rkit_Custom_Cursor
[13-Nov-2025 12:55:16 UTC] Instantiated class: \RomethemeKit\RkitDuplicator
[13-Nov-2025 12:55:16 UTC] Instantiated class: \RomethemeKit\BlurEffects
[13-Nov-2025 12:55:16 UTC] Class not found: \RomethemeKit\Rkit_Sticky_Content
[13-Nov-2025 12:55:16 UTC] Instantiated class: \RomethemeKit\RkitToolTips
[13-Nov-2025 12:55:16 UTC] Instantiated class: \RomethemeKit\RkitWrapperLink
[13-Nov-2025 12:55:18 UTC] Loaded file: blur_effects.php
[13-Nov-2025 12:55:18 UTC] Loaded file: rkit_post_duplicator.php
[13-Nov-2025 12:55:18 UTC] Loaded file: rkit_tool_tips.php
[13-Nov-2025 12:55:18 UTC] Loaded file: rkit_wrapper_link.php
[13-Nov-2025 12:55:18 UTC] Class not found: \RomethemeKit\Rkit_Custom_Cursor
[13-Nov-2025 12:55:18 UTC] Instantiated class: \RomethemeKit\RkitDuplicator
[13-Nov-2025 12:55:18 UTC] Instantiated class: \RomethemeKit\BlurEffects
[13-Nov-2025 12:55:18 UTC] Class not found: \RomethemeKit\Rkit_Sticky_Content
[13-Nov-2025 12:55:18 UTC] Instantiated class: \RomethemeKit\RkitToolTips
[13-Nov-2025 12:55:18 UTC] Instantiated class: \RomethemeKit\RkitWrapperLink
[13-Nov-2025 12:55:19 UTC] Loaded file: blur_effects.php
[13-Nov-2025 12:55:19 UTC] Loaded file: rkit_post_duplicator.php
[13-Nov-2025 12:55:19 UTC] Loaded file: rkit_tool_tips.php
[13-Nov-2025 12:55:19 UTC] Loaded file: rkit_wrapper_link.php
[13-Nov-2025 12:55:19 UTC] Class not found: \RomethemeKit\Rkit_Custom_Cursor
[13-Nov-2025 12:55:19 UTC] Instantiated class: \RomethemeKit\RkitDuplicator
[13-Nov-2025 12:55:19 UTC] Instantiated class: \RomethemeKit\BlurEffects
[13-Nov-2025 12:55:19 UTC] Class not found: \RomethemeKit\Rkit_Sticky_Content
[13-Nov-2025 12:55:19 UTC] Instantiated class: \RomethemeKit\RkitToolTips
[13-Nov-2025 12:55:19 UTC] Instantiated class: \RomethemeKit\RkitWrapperLink
[13-Nov-2025 12:55:22 UTC] Loaded file: blur_effects.php
[13-Nov-2025 12:55:22 UTC] Loaded file: rkit_post_duplicator.php
[13-Nov-2025 12:55:22 UTC] Loaded file: rkit_tool_tips.php
[13-Nov-2025 12:55:22 UTC] Loaded file: rkit_wrapper_link.php
[13-Nov-2025 12:55:22 UTC] Class not found: \RomethemeKit\Rkit_Custom_Cursor
[13-Nov-2025 12:55:22 UTC] Instantiated class: \RomethemeKit\RkitDuplicator
[13-Nov-2025 12:55:22 UTC] Instantiated class: \RomethemeKit\BlurEffects
[13-Nov-2025 12:55:22 UTC] Class not found: \RomethemeKit\Rkit_Sticky_Content
[13-Nov-2025 12:55:22 UTC] Instantiated class: \RomethemeKit\RkitToolTips
[13-Nov-2025 12:55:22 UTC] Instantiated class: \RomethemeKit\RkitWrapperLink
[13-Nov-2025 12:55:23 UTC] Loaded file: blur_effects.php
[13-Nov-2025 12:55:23 UTC] Loaded file: rkit_post_duplicator.php
[13-Nov-2025 12:55:23 UTC] Loaded file: rkit_tool_tips.php
[13-Nov-2025 12:55:23 UTC] Loaded file: rkit_wrapper_link.php
[13-Nov-2025 12:55:23 UTC] Class not found: \RomethemeKit\Rkit_Custom_Cursor
[13-Nov-2025 12:55:23 UTC] Instantiated class: \RomethemeKit\RkitDuplicator
[13-Nov-2025 12:55:23 UTC] Instantiated class: \RomethemeKit\BlurEffects
[13-Nov-2025 12:55:23 UTC] Class not found: \RomethemeKit\Rkit_Sticky_Content
[13-Nov-2025 12:55:23 UTC] Instantiated class: \RomethemeKit\RkitToolTips
[13-Nov-2025 12:55:23 UTC] Instantiated class: \RomethemeKit\RkitWrapperLink
[13-Nov-2025 12:55:23 UTC] Loaded file: blur_effects.php
[13-Nov-2025 12:55:23 UTC] Loaded file: rkit_post_duplicator.php
[13-Nov-2025 12:55:23 UTC] Loaded file: rkit_tool_tips.php
[13-Nov-2025 12:55:23 UTC] Loaded file: rkit_wrapper_link.php
[13-Nov-2025 12:55:23 UTC] Class not found: \RomethemeKit\Rkit_Custom_Cursor
[13-Nov-2025 12:55:23 UTC] Instantiated class: \RomethemeKit\RkitDuplicator
[13-Nov-2025 12:55:23 UTC] Instantiated class: \RomethemeKit\BlurEffects
[13-Nov-2025 12:55:23 UTC] Class not found: \RomethemeKit\Rkit_Sticky_Content
[13-Nov-2025 12:55:23 UTC] Instantiated class: \RomethemeKit\RkitToolTips
[13-Nov-2025 12:55:23 UTC] Instantiated class: \RomethemeKit\RkitWrapperLink
[13-Nov-2025 12:55:26 UTC] Loaded file: blur_effects.php
[13-Nov-2025 12:55:26 UTC] Loaded file: rkit_post_duplicator.php
[13-Nov-2025 12:55:26 UTC] Loaded file: rkit_tool_tips.php
[13-Nov-2025 12:55:26 UTC] Loaded file: rkit_wrapper_link.php
[13-Nov-2025 12:55:26 UTC] Class not found: \RomethemeKit\Rkit_Custom_Cursor
[13-Nov-2025 12:55:26 UTC] Instantiated class: \RomethemeKit\RkitDuplicator
[13-Nov-2025 12:55:26 UTC] Instantiated class: \RomethemeKit\BlurEffects
[13-Nov-2025 12:55:26 UTC] Class not found: \RomethemeKit\Rkit_Sticky_Content
[13-Nov-2025 12:55:26 UTC] Instantiated class: \RomethemeKit\RkitToolTips
[13-Nov-2025 12:55:26 UTC] Instantiated class: \RomethemeKit\RkitWrapperLink
[13-Nov-2025 12:55:27 UTC] Loaded file: blur_effects.php
[13-Nov-2025 12:55:27 UTC] Loaded file: rkit_post_duplicator.php
[13-Nov-2025 12:55:27 UTC] Loaded file: rkit_tool_tips.php
[13-Nov-2025 12:55:27 UTC] Loaded file: rkit_wrapper_link.php
[13-Nov-2025 12:55:27 UTC] Class not found: \RomethemeKit\Rkit_Custom_Cursor
[13-Nov-2025 12:55:27 UTC] Instantiated class: \RomethemeKit\RkitDuplicator
[13-Nov-2025 12:55:27 UTC] Instantiated class: \RomethemeKit\BlurEffects
[13-Nov-2025 12:55:27 UTC] Class not found: \RomethemeKit\Rkit_Sticky_Content
[13-Nov-2025 12:55:27 UTC] Instantiated class: \RomethemeKit\RkitToolTips
[13-Nov-2025 12:55:27 UTC] Instantiated class: \RomethemeKit\RkitWrapperLink
[13-Nov-2025 12:55:28 UTC] Loaded file: blur_effects.php
[13-Nov-2025 12:55:28 UTC] Loaded file: rkit_post_duplicator.php
[13-Nov-2025 12:55:28 UTC] Loaded file: rkit_tool_tips.php
[13-Nov-2025 12:55:28 UTC] Loaded file: rkit_wrapper_link.php
[13-Nov-2025 12:55:28 UTC] Class not found: \RomethemeKit\Rkit_Custom_Cursor
[13-Nov-2025 12:55:28 UTC] Instantiated class: \RomethemeKit\RkitDuplicator
[13-Nov-2025 12:55:28 UTC] Instantiated class: \RomethemeKit\BlurEffects
[13-Nov-2025 12:55:28 UTC] Class not found: \RomethemeKit\Rkit_Sticky_Content
[13-Nov-2025 12:55:28 UTC] Instantiated class: \RomethemeKit\RkitToolTips
[13-Nov-2025 12:55:28 UTC] Instantiated class: \RomethemeKit\RkitWrapperLink
[13-Nov-2025 12:55:29 UTC] Loaded file: blur_effects.php
[13-Nov-2025 12:55:29 UTC] Loaded file: rkit_post_duplicator.php
[13-Nov-2025 12:55:29 UTC] Loaded file: rkit_tool_tips.php
[13-Nov-2025 12:55:29 UTC] Loaded file: rkit_wrapper_link.php
[13-Nov-2025 12:55:29 UTC] Class not found: \RomethemeKit\Rkit_Custom_Cursor
[13-Nov-2025 12:55:29 UTC] Instantiated class: \RomethemeKit\RkitDuplicator
[13-Nov-2025 12:55:29 UTC] Instantiated class: \RomethemeKit\BlurEffects
[13-Nov-2025 12:55:29 UTC] Class not found: \RomethemeKit\Rkit_Sticky_Content
[13-Nov-2025 12:55:29 UTC] Instantiated class: \RomethemeKit\RkitToolTips
[13-Nov-2025 12:55:29 UTC] Instantiated class: \RomethemeKit\RkitWrapperLink
[13-Nov-2025 12:55:30 UTC] Loaded file: blur_effects.php
[13-Nov-2025 12:55:30 UTC] Loaded file: rkit_post_duplicator.php
[13-Nov-2025 12:55:30 UTC] Loaded file: rkit_tool_tips.php
[13-Nov-2025 12:55:30 UTC] Loaded file: rkit_wrapper_link.php
[13-Nov-2025 12:55:30 UTC] Class not found: \RomethemeKit\Rkit_Custom_Cursor
[13-Nov-2025 12:55:30 UTC] Instantiated class: \RomethemeKit\RkitDuplicator
[13-Nov-2025 12:55:30 UTC] Instantiated class: \RomethemeKit\BlurEffects
[13-Nov-2025 12:55:30 UTC] Class not found: \RomethemeKit\Rkit_Sticky_Content
[13-Nov-2025 12:55:30 UTC] Instantiated class: \RomethemeKit\RkitToolTips
[13-Nov-2025 12:55:30 UTC] Instantiated class: \RomethemeKit\RkitWrapperLink
[13-Nov-2025 12:55:57 UTC] Loaded file: blur_effects.php
[13-Nov-2025 12:55:57 UTC] Loaded file: rkit_post_duplicator.php
[13-Nov-2025 12:55:57 UTC] Loaded file: rkit_tool_tips.php
[13-Nov-2025 12:55:57 UTC] Loaded file: rkit_wrapper_link.php
[13-Nov-2025 12:55:57 UTC] Class not found: \RomethemeKit\Rkit_Custom_Cursor
[13-Nov-2025 12:55:57 UTC] Instantiated class: \RomethemeKit\RkitDuplicator
[13-Nov-2025 12:55:57 UTC] Instantiated class: \RomethemeKit\BlurEffects
[13-Nov-2025 12:55:57 UTC] Class not found: \RomethemeKit\Rkit_Sticky_Content
[13-Nov-2025 12:55:57 UTC] Instantiated class: \RomethemeKit\RkitToolTips
[13-Nov-2025 12:55:57 UTC] Instantiated class: \RomethemeKit\RkitWrapperLink
[13-Nov-2025 12:55:58 UTC] Soltour Booking V2: Plugin desativado
[13-Nov-2025 12:55:58 UTC] Loaded file: blur_effects.php
[13-Nov-2025 12:55:58 UTC] Loaded file: rkit_post_duplicator.php
[13-Nov-2025 12:55:58 UTC] Loaded file: rkit_tool_tips.php
[13-Nov-2025 12:55:58 UTC] Loaded file: rkit_wrapper_link.php
[13-Nov-2025 12:55:58 UTC] Class not found: \RomethemeKit\Rkit_Custom_Cursor
[13-Nov-2025 12:55:58 UTC] Instantiated class: \RomethemeKit\RkitDuplicator
[13-Nov-2025 12:55:58 UTC] Instantiated class: \RomethemeKit\BlurEffects
[13-Nov-2025 12:55:58 UTC] Class not found: \RomethemeKit\Rkit_Sticky_Content
[13-Nov-2025 12:55:58 UTC] Instantiated class: \RomethemeKit\RkitToolTips
[13-Nov-2025 12:55:58 UTC] Instantiated class: \RomethemeKit\RkitWrapperLink
[13-Nov-2025 12:55:58 UTC] [Soltour API info] Request to login/login: {"brand":"SOLTOUR","market":"XMLPT","languageCode":"PT","username":"BEAUTYT999","password":"XMLBEAUTYT999"}
[13-Nov-2025 12:55:58 UTC] [Soltour API info] Response from login/login: {"sessionToken":"eyJhbGciOiJIUzI1NiIsInR5cCI6IkpXVCJ9.eyJ1IjoiQkVBVVRZVDk5OSIsImRiaSI6IjQwMDM1OTA5IiwiYiI6IlNPTFRPVVIiLCJtIjoiWE1MUFQiLCJsbmciOiJQVCIsImNsIjoiQkVBVVRZVCIsIm9mIjoiOTk5IiwiYXBwIjpudWxsLCJtYWlsIjoiY3VuaGFAYmVhdXR5dHJhdmVsLnB0IiwicmwiOlsiQUdFTkNJQSIsIkNPTVVOIiwiQ09OU1VMVEEiLCJGQUNUVVJBQ0lPTiIsIk5FV19XRUIiXSwidG0iOjE3NjMwMzg1NTg1NjIsInN0cHRtIjpudWxsLCJzdHBqd3QiOm51bGwsInN0cGlkIjpudWxsLCJvdmMiOmZhbHNlLCJzZWxsIjp0cnVlLCJhcHQiOm51bGwsImRldCI6dHJ1ZSwibmV4cCI6dHJ1ZSwic2VpeiI6ZmFsc2UsInVhZ0
[13-Nov-2025 12:55:58 UTC] [Soltour API info] Session token obtido com sucesso
[13-Nov-2025 12:55:58 UTC] Loaded file: blur_effects.php
[13-Nov-2025 12:55:58 UTC] Loaded file: rkit_post_duplicator.php
[13-Nov-2025 12:55:58 UTC] Loaded file: rkit_tool_tips.php
[13-Nov-2025 12:55:58 UTC] Loaded file: rkit_wrapper_link.php
[13-Nov-2025 12:55:58 UTC] Class not found: \RomethemeKit\Rkit_Custom_Cursor
[13-Nov-2025 12:55:58 UTC] Instantiated class: \RomethemeKit\RkitDuplicator
[13-Nov-2025 12:55:58 UTC] Instantiated class: \RomethemeKit\BlurEffects
[13-Nov-2025 12:55:58 UTC] Class not found: \RomethemeKit\Rkit_Sticky_Content
[13-Nov-2025 12:55:58 UTC] Instantiated class: \RomethemeKit\RkitToolTips
[13-Nov-2025 12:55:58 UTC] Instantiated class: \RomethemeKit\RkitWrapperLink
[13-Nov-2025 12:56:03 UTC] Loaded file: blur_effects.php
[13-Nov-2025 12:56:03 UTC] Loaded file: rkit_post_duplicator.php
[13-Nov-2025 12:56:03 UTC] Loaded file: rkit_tool_tips.php
[13-Nov-2025 12:56:03 UTC] Loaded file: rkit_wrapper_link.php
[13-Nov-2025 12:56:03 UTC] Class not found: \RomethemeKit\Rkit_Custom_Cursor
[13-Nov-2025 12:56:03 UTC] Instantiated class: \RomethemeKit\RkitDuplicator
[13-Nov-2025 12:56:03 UTC] Instantiated class: \RomethemeKit\BlurEffects
[13-Nov-2025 12:56:03 UTC] Class not found: \RomethemeKit\Rkit_Sticky_Content
[13-Nov-2025 12:56:03 UTC] Instantiated class: \RomethemeKit\RkitToolTips
[13-Nov-2025 12:56:03 UTC] Instantiated class: \RomethemeKit\RkitWrapperLink
[13-Nov-2025 12:56:27 UTC] Loaded file: blur_effects.php
[13-Nov-2025 12:56:27 UTC] Loaded file: rkit_post_duplicator.php
[13-Nov-2025 12:56:27 UTC] Loaded file: rkit_tool_tips.php
[13-Nov-2025 12:56:27 UTC] Loaded file: rkit_wrapper_link.php
[13-Nov-2025 12:56:27 UTC] Class not found: \RomethemeKit\Rkit_Custom_Cursor
[13-Nov-2025 12:56:27 UTC] Instantiated class: \RomethemeKit\RkitDuplicator
[13-Nov-2025 12:56:27 UTC] Instantiated class: \RomethemeKit\BlurEffects
[13-Nov-2025 12:56:27 UTC] Class not found: \RomethemeKit\Rkit_Sticky_Content
[13-Nov-2025 12:56:27 UTC] Instantiated class: \RomethemeKit\RkitToolTips
[13-Nov-2025 12:56:27 UTC] Instantiated class: \RomethemeKit\RkitWrapperLink
[13-Nov-2025 12:56:27 UTC] Loaded file: blur_effects.php
[13-Nov-2025 12:56:27 UTC] Loaded file: rkit_post_duplicator.php
[13-Nov-2025 12:56:27 UTC] Loaded file: rkit_tool_tips.php
[13-Nov-2025 12:56:27 UTC] Loaded file: rkit_wrapper_link.php
[13-Nov-2025 12:56:27 UTC] Class not found: \RomethemeKit\Rkit_Custom_Cursor
[13-Nov-2025 12:56:27 UTC] Instantiated class: \RomethemeKit\RkitDuplicator
[13-Nov-2025 12:56:27 UTC] Instantiated class: \RomethemeKit\BlurEffects
[13-Nov-2025 12:56:27 UTC] Class not found: \RomethemeKit\Rkit_Sticky_Content
[13-Nov-2025 12:56:27 UTC] Instantiated class: \RomethemeKit\RkitToolTips
[13-Nov-2025 12:56:27 UTC] Instantiated class: \RomethemeKit\RkitWrapperLink
[13-Nov-2025 12:56:28 UTC] Loaded file: blur_effects.php
[13-Nov-2025 12:56:28 UTC] Loaded file: rkit_post_duplicator.php
[13-Nov-2025 12:56:28 UTC] Loaded file: rkit_tool_tips.php
[13-Nov-2025 12:56:28 UTC] Loaded file: rkit_wrapper_link.php
[13-Nov-2025 12:56:28 UTC] Class not found: \RomethemeKit\Rkit_Custom_Cursor
[13-Nov-2025 12:56:28 UTC] Instantiated class: \RomethemeKit\RkitDuplicator
[13-Nov-2025 12:56:28 UTC] Instantiated class: \RomethemeKit\BlurEffects
[13-Nov-2025 12:56:28 UTC] Class not found: \RomethemeKit\Rkit_Sticky_Content
[13-Nov-2025 12:56:28 UTC] Instantiated class: \RomethemeKit\RkitToolTips
[13-Nov-2025 12:56:28 UTC] Instantiated class: \RomethemeKit\RkitWrapperLink
[13-Nov-2025 12:58:29 UTC] Loaded file: blur_effects.php
[13-Nov-2025 12:58:29 UTC] Loaded file: rkit_post_duplicator.php
[13-Nov-2025 12:58:29 UTC] Loaded file: rkit_tool_tips.php
[13-Nov-2025 12:58:29 UTC] Loaded file: rkit_wrapper_link.php
[13-Nov-2025 12:58:29 UTC] Class not found: \RomethemeKit\Rkit_Custom_Cursor
[13-Nov-2025 12:58:29 UTC] Instantiated class: \RomethemeKit\RkitDuplicator
[13-Nov-2025 12:58:29 UTC] Instantiated class: \RomethemeKit\BlurEffects
[13-Nov-2025 12:58:29 UTC] Class not found: \RomethemeKit\Rkit_Sticky_Content
[13-Nov-2025 12:58:29 UTC] Instantiated class: \RomethemeKit\RkitToolTips
[13-Nov-2025 12:58:29 UTC] Instantiated class: \RomethemeKit\RkitWrapperLink
[13-Nov-2025 12:58:30 UTC] Loaded file: blur_effects.php
[13-Nov-2025 12:58:30 UTC] Loaded file: rkit_post_duplicator.php
[13-Nov-2025 12:58:30 UTC] Loaded file: rkit_tool_tips.php
[13-Nov-2025 12:58:30 UTC] Loaded file: rkit_wrapper_link.php
[13-Nov-2025 12:58:30 UTC] Class not found: \RomethemeKit\Rkit_Custom_Cursor
[13-Nov-2025 12:58:30 UTC] Instantiated class: \RomethemeKit\RkitDuplicator
[13-Nov-2025 12:58:30 UTC] Instantiated class: \RomethemeKit\BlurEffects
[13-Nov-2025 12:58:30 UTC] Class not found: \RomethemeKit\Rkit_Sticky_Content
[13-Nov-2025 12:58:30 UTC] Instantiated class: \RomethemeKit\RkitToolTips
[13-Nov-2025 12:58:30 UTC] Instantiated class: \RomethemeKit\RkitWrapperLink
[13-Nov-2025 12:58:30 UTC] Loaded file: blur_effects.php
[13-Nov-2025 12:58:30 UTC] Loaded file: rkit_post_duplicator.php
[13-Nov-2025 12:58:30 UTC] Loaded file: rkit_tool_tips.php
[13-Nov-2025 12:58:30 UTC] Loaded file: rkit_wrapper_link.php
[13-Nov-2025 12:58:30 UTC] Class not found: \RomethemeKit\Rkit_Custom_Cursor
[13-Nov-2025 12:58:30 UTC] Instantiated class: \RomethemeKit\RkitDuplicator
[13-Nov-2025 12:58:30 UTC] Instantiated class: \RomethemeKit\BlurEffects
[13-Nov-2025 12:58:30 UTC] Class not found: \RomethemeKit\Rkit_Sticky_Content
[13-Nov-2025 12:58:30 UTC] Instantiated class: \RomethemeKit\RkitToolTips
[13-Nov-2025 12:58:30 UTC] Instantiated class: \RomethemeKit\RkitWrapperLink
[13-Nov-2025 12:59:07 UTC] Loaded file: blur_effects.php
[13-Nov-2025 12:59:07 UTC] Loaded file: rkit_post_duplicator.php
[13-Nov-2025 12:59:07 UTC] Loaded file: rkit_tool_tips.php
[13-Nov-2025 12:59:07 UTC] Loaded file: rkit_wrapper_link.php
[13-Nov-2025 12:59:07 UTC] Class not found: \RomethemeKit\Rkit_Custom_Cursor
[13-Nov-2025 12:59:07 UTC] Instantiated class: \RomethemeKit\RkitDuplicator
[13-Nov-2025 12:59:07 UTC] Instantiated class: \RomethemeKit\BlurEffects
[13-Nov-2025 12:59:07 UTC] Class not found: \RomethemeKit\Rkit_Sticky_Content
[13-Nov-2025 12:59:07 UTC] Instantiated class: \RomethemeKit\RkitToolTips
[13-Nov-2025 12:59:07 UTC] Instantiated class: \RomethemeKit\RkitWrapperLink
[13-Nov-2025 12:59:08 UTC] Loaded file: blur_effects.php
[13-Nov-2025 12:59:08 UTC] Loaded file: rkit_post_duplicator.php
[13-Nov-2025 12:59:08 UTC] Loaded file: rkit_tool_tips.php
[13-Nov-2025 12:59:08 UTC] Loaded file: rkit_wrapper_link.php
[13-Nov-2025 12:59:08 UTC] Class not found: \RomethemeKit\Rkit_Custom_Cursor
[13-Nov-2025 12:59:08 UTC] Instantiated class: \RomethemeKit\RkitDuplicator
[13-Nov-2025 12:59:08 UTC] Instantiated class: \RomethemeKit\BlurEffects
[13-Nov-2025 12:59:08 UTC] Class not found: \RomethemeKit\Rkit_Sticky_Content
[13-Nov-2025 12:59:08 UTC] Instantiated class: \RomethemeKit\RkitToolTips
[13-Nov-2025 12:59:08 UTC] Instantiated class: \RomethemeKit\RkitWrapperLink
[13-Nov-2025 12:59:14 UTC] Loaded file: blur_effects.php
[13-Nov-2025 12:59:14 UTC] Loaded file: rkit_post_duplicator.php
[13-Nov-2025 12:59:14 UTC] Loaded file: rkit_tool_tips.php
[13-Nov-2025 12:59:14 UTC] Loaded file: rkit_wrapper_link.php
[13-Nov-2025 12:59:14 UTC] Class not found: \RomethemeKit\Rkit_Custom_Cursor
[13-Nov-2025 12:59:14 UTC] Instantiated class: \RomethemeKit\RkitDuplicator
[13-Nov-2025 12:59:14 UTC] Instantiated class: \RomethemeKit\BlurEffects
[13-Nov-2025 12:59:14 UTC] Class not found: \RomethemeKit\Rkit_Sticky_Content
[13-Nov-2025 12:59:14 UTC] Instantiated class: \RomethemeKit\RkitToolTips
[13-Nov-2025 12:59:14 UTC] Instantiated class: \RomethemeKit\RkitWrapperLink
[13-Nov-2025 12:59:17 UTC] Loaded file: blur_effects.php
[13-Nov-2025 12:59:17 UTC] Loaded file: rkit_post_duplicator.php
[13-Nov-2025 12:59:17 UTC] Loaded file: rkit_tool_tips.php
[13-Nov-2025 12:59:17 UTC] Loaded file: rkit_wrapper_link.php
[13-Nov-2025 12:59:17 UTC] Class not found: \RomethemeKit\Rkit_Custom_Cursor
[13-Nov-2025 12:59:17 UTC] Instantiated class: \RomethemeKit\RkitDuplicator
[13-Nov-2025 12:59:17 UTC] Instantiated class: \RomethemeKit\BlurEffects
[13-Nov-2025 12:59:17 UTC] Class not found: \RomethemeKit\Rkit_Sticky_Content
[13-Nov-2025 12:59:17 UTC] Instantiated class: \RomethemeKit\RkitToolTips
[13-Nov-2025 12:59:17 UTC] Instantiated class: \RomethemeKit\RkitWrapperLink
[13-Nov-2025 12:59:18 UTC] Soltour Booking V2: Plugin ativado com sucesso
[13-Nov-2025 12:59:18 UTC] Loaded file: blur_effects.php
[13-Nov-2025 12:59:18 UTC] Loaded file: rkit_post_duplicator.php
[13-Nov-2025 12:59:18 UTC] Loaded file: rkit_tool_tips.php
[13-Nov-2025 12:59:18 UTC] Loaded file: rkit_wrapper_link.php
[13-Nov-2025 12:59:18 UTC] Class not found: \RomethemeKit\Rkit_Custom_Cursor
[13-Nov-2025 12:59:18 UTC] Instantiated class: \RomethemeKit\RkitDuplicator
[13-Nov-2025 12:59:18 UTC] Instantiated class: \RomethemeKit\BlurEffects
[13-Nov-2025 12:59:18 UTC] Class not found: \RomethemeKit\Rkit_Sticky_Content
[13-Nov-2025 12:59:18 UTC] Instantiated class: \RomethemeKit\RkitToolTips
[13-Nov-2025 12:59:18 UTC] Instantiated class: \RomethemeKit\RkitWrapperLink
[13-Nov-2025 12:59:32 UTC] Loaded file: blur_effects.php
[13-Nov-2025 12:59:32 UTC] Loaded file: rkit_post_duplicator.php
[13-Nov-2025 12:59:32 UTC] Loaded file: rkit_tool_tips.php
[13-Nov-2025 12:59:32 UTC] Loaded file: rkit_wrapper_link.php
[13-Nov-2025 12:59:32 UTC] Class not found: \RomethemeKit\Rkit_Custom_Cursor
[13-Nov-2025 12:59:32 UTC] Instantiated class: \RomethemeKit\RkitDuplicator
[13-Nov-2025 12:59:32 UTC] Instantiated class: \RomethemeKit\BlurEffects
[13-Nov-2025 12:59:32 UTC] Class not found: \RomethemeKit\Rkit_Sticky_Content
[13-Nov-2025 12:59:32 UTC] Instantiated class: \RomethemeKit\RkitToolTips
[13-Nov-2025 12:59:32 UTC] Instantiated class: \RomethemeKit\RkitWrapperLink
[13-Nov-2025 12:59:33 UTC] Loaded file: blur_effects.php
[13-Nov-2025 12:59:33 UTC] Loaded file: rkit_post_duplicator.php
[13-Nov-2025 12:59:33 UTC] Loaded file: rkit_tool_tips.php
[13-Nov-2025 12:59:33 UTC] Loaded file: rkit_wrapper_link.php
[13-Nov-2025 12:59:33 UTC] Class not found: \RomethemeKit\Rkit_Custom_Cursor
[13-Nov-2025 12:59:33 UTC] Instantiated class: \RomethemeKit\RkitDuplicator
[13-Nov-2025 12:59:33 UTC] Instantiated class: \RomethemeKit\BlurEffects
[13-Nov-2025 12:59:33 UTC] Class not found: \RomethemeKit\Rkit_Sticky_Content
[13-Nov-2025 12:59:33 UTC] Instantiated class: \RomethemeKit\RkitToolTips
[13-Nov-2025 12:59:33 UTC] Instantiated class: \RomethemeKit\RkitWrapperLink
[13-Nov-2025 12:59:33 UTC] Loaded file: blur_effects.php
[13-Nov-2025 12:59:33 UTC] Loaded file: rkit_post_duplicator.php
[13-Nov-2025 12:59:33 UTC] Loaded file: rkit_tool_tips.php
[13-Nov-2025 12:59:33 UTC] Loaded file: rkit_wrapper_link.php
[13-Nov-2025 12:59:33 UTC] Class not found: \RomethemeKit\Rkit_Custom_Cursor
[13-Nov-2025 12:59:33 UTC] Instantiated class: \RomethemeKit\RkitDuplicator
[13-Nov-2025 12:59:33 UTC] Instantiated class: \RomethemeKit\BlurEffects
[13-Nov-2025 12:59:33 UTC] Class not found: \RomethemeKit\Rkit_Sticky_Content
[13-Nov-2025 12:59:33 UTC] Instantiated class: \RomethemeKit\RkitToolTips
[13-Nov-2025 12:59:33 UTC] Instantiated class: \RomethemeKit\RkitWrapperLink
[13-Nov-2025 12:59:34 UTC] Loaded file: blur_effects.php
[13-Nov-2025 12:59:34 UTC] Loaded file: rkit_post_duplicator.php
[13-Nov-2025 12:59:34 UTC] Loaded file: rkit_tool_tips.php
[13-Nov-2025 12:59:34 UTC] Loaded file: rkit_wrapper_link.php
[13-Nov-2025 12:59:34 UTC] Class not found: \RomethemeKit\Rkit_Custom_Cursor
[13-Nov-2025 12:59:34 UTC] Instantiated class: \RomethemeKit\RkitDuplicator
[13-Nov-2025 12:59:34 UTC] Instantiated class: \RomethemeKit\BlurEffects
[13-Nov-2025 12:59:34 UTC] Class not found: \RomethemeKit\Rkit_Sticky_Content
[13-Nov-2025 12:59:34 UTC] Instantiated class: \RomethemeKit\RkitToolTips
[13-Nov-2025 12:59:34 UTC] Instantiated class: \RomethemeKit\RkitWrapperLink
[13-Nov-2025 12:59:39 UTC] Loaded file: blur_effects.php
[13-Nov-2025 12:59:39 UTC] Loaded file: rkit_post_duplicator.php
[13-Nov-2025 12:59:39 UTC] Loaded file: rkit_tool_tips.php
[13-Nov-2025 12:59:39 UTC] Loaded file: rkit_wrapper_link.php
[13-Nov-2025 12:59:39 UTC] Class not found: \RomethemeKit\Rkit_Custom_Cursor
[13-Nov-2025 12:59:39 UTC] Instantiated class: \RomethemeKit\RkitDuplicator
[13-Nov-2025 12:59:39 UTC] Instantiated class: \RomethemeKit\BlurEffects
[13-Nov-2025 12:59:39 UTC] Class not found: \RomethemeKit\Rkit_Sticky_Content
[13-Nov-2025 12:59:39 UTC] Instantiated class: \RomethemeKit\RkitToolTips
[13-Nov-2025 12:59:39 UTC] Instantiated class: \RomethemeKit\RkitWrapperLink
[13-Nov-2025 12:59:40 UTC] Loaded file: blur_effects.php
[13-Nov-2025 12:59:40 UTC] Loaded file: rkit_post_duplicator.php
[13-Nov-2025 12:59:40 UTC] Loaded file: rkit_tool_tips.php
[13-Nov-2025 12:59:40 UTC] Loaded file: rkit_wrapper_link.php
[13-Nov-2025 12:59:40 UTC] Class not found: \RomethemeKit\Rkit_Custom_Cursor
[13-Nov-2025 12:59:40 UTC] Instantiated class: \RomethemeKit\RkitDuplicator
[13-Nov-2025 12:59:40 UTC] Instantiated class: \RomethemeKit\BlurEffects
[13-Nov-2025 12:59:40 UTC] Class not found: \RomethemeKit\Rkit_Sticky_Content
[13-Nov-2025 12:59:40 UTC] Instantiated class: \RomethemeKit\RkitToolTips
[13-Nov-2025 12:59:40 UTC] Instantiated class: \RomethemeKit\RkitWrapperLink
[13-Nov-2025 12:59:40 UTC] Loaded file: blur_effects.php
[13-Nov-2025 12:59:40 UTC] Loaded file: rkit_post_duplicator.php
[13-Nov-2025 12:59:40 UTC] Loaded file: rkit_tool_tips.php
[13-Nov-2025 12:59:40 UTC] Loaded file: rkit_wrapper_link.php
[13-Nov-2025 12:59:40 UTC] Class not found: \RomethemeKit\Rkit_Custom_Cursor
[13-Nov-2025 12:59:40 UTC] Instantiated class: \RomethemeKit\RkitDuplicator
[13-Nov-2025 12:59:40 UTC] Instantiated class: \RomethemeKit\BlurEffects
[13-Nov-2025 12:59:40 UTC] Class not found: \RomethemeKit\Rkit_Sticky_Content
[13-Nov-2025 12:59:40 UTC] Instantiated class: \RomethemeKit\RkitToolTips
[13-Nov-2025 12:59:40 UTC] Instantiated class: \RomethemeKit\RkitWrapperLink
[13-Nov-2025 12:59:40 UTC] Loaded file: blur_effects.php
[13-Nov-2025 12:59:40 UTC] Loaded file: rkit_post_duplicator.php
[13-Nov-2025 12:59:40 UTC] Loaded file: rkit_tool_tips.php
[13-Nov-2025 12:59:40 UTC] Loaded file: rkit_wrapper_link.php
[13-Nov-2025 12:59:40 UTC] Class not found: \RomethemeKit\Rkit_Custom_Cursor
[13-Nov-2025 12:59:40 UTC] Instantiated class: \RomethemeKit\RkitDuplicator
[13-Nov-2025 12:59:40 UTC] Instantiated class: \RomethemeKit\BlurEffects
[13-Nov-2025 12:59:40 UTC] Loaded file: blur_effects.php
[13-Nov-2025 12:59:40 UTC] Class not found: \RomethemeKit\Rkit_Sticky_Content
[13-Nov-2025 12:59:40 UTC] Instantiated class: \RomethemeKit\RkitToolTips
[13-Nov-2025 12:59:40 UTC] Instantiated class: \RomethemeKit\RkitWrapperLink
[13-Nov-2025 12:59:40 UTC] Loaded file: rkit_post_duplicator.php
[13-Nov-2025 12:59:40 UTC] Loaded file: rkit_tool_tips.php
[13-Nov-2025 12:59:40 UTC] Loaded file: rkit_wrapper_link.php
[13-Nov-2025 12:59:40 UTC] Class not found: \RomethemeKit\Rkit_Custom_Cursor
[13-Nov-2025 12:59:40 UTC] Instantiated class: \RomethemeKit\RkitDuplicator
[13-Nov-2025 12:59:40 UTC] Instantiated class: \RomethemeKit\BlurEffects
[13-Nov-2025 12:59:40 UTC] Class not found: \RomethemeKit\Rkit_Sticky_Content
[13-Nov-2025 12:59:40 UTC] Instantiated class: \RomethemeKit\RkitToolTips
[13-Nov-2025 12:59:40 UTC] Instantiated class: \RomethemeKit\RkitWrapperLink
[13-Nov-2025 12:59:43 UTC] Loaded file: blur_effects.php
[13-Nov-2025 12:59:43 UTC] Loaded file: rkit_post_duplicator.php
[13-Nov-2025 12:59:43 UTC] Loaded file: rkit_tool_tips.php
[13-Nov-2025 12:59:43 UTC] Loaded file: rkit_wrapper_link.php
[13-Nov-2025 12:59:43 UTC] Class not found: \RomethemeKit\Rkit_Custom_Cursor
[13-Nov-2025 12:59:43 UTC] Instantiated class: \RomethemeKit\RkitDuplicator
[13-Nov-2025 12:59:43 UTC] Instantiated class: \RomethemeKit\BlurEffects
[13-Nov-2025 12:59:43 UTC] Class not found: \RomethemeKit\Rkit_Sticky_Content
[13-Nov-2025 12:59:43 UTC] Instantiated class: \RomethemeKit\RkitToolTips
[13-Nov-2025 12:59:43 UTC] Instantiated class: \RomethemeKit\RkitWrapperLink
[13-Nov-2025 12:59:44 UTC] [Soltour API info] Request to master/getAllOrigins: {"productType":"PACKAGE","destinationCode":"PUJ"}
[13-Nov-2025 12:59:47 UTC] [Soltour API info] Response from master/getAllOrigins: {"origins":[{"code":"LCG","name":"A Coruña","airportType":"AIRPORT","destinationCode":"LCG","destinationName":"LA CORUNA","description":"A Coruña","dynamic":false},{"code":"ABC","name":"Albacete","airportType":"AIRPORT","description":"Albacete","dynamic":false},{"code":"ALC","name":"Alicante","airportType":"AIRPORT","destinationCode":"ALC","destinationName":"ALICANTE","description":"Alicante","dynamic":false},{"code":"LEI","name":"Almería","airportType":"AIRPORT","destinationCode":"LEI","dest
[13-Nov-2025 12:59:55 UTC] Loaded file: blur_effects.php
[13-Nov-2025 12:59:55 UTC] Loaded file: rkit_post_duplicator.php
[13-Nov-2025 12:59:55 UTC] Loaded file: rkit_tool_tips.php
[13-Nov-2025 12:59:55 UTC] Loaded file: rkit_wrapper_link.php
[13-Nov-2025 12:59:55 UTC] Class not found: \RomethemeKit\Rkit_Custom_Cursor
[13-Nov-2025 12:59:55 UTC] Instantiated class: \RomethemeKit\RkitDuplicator
[13-Nov-2025 12:59:55 UTC] Instantiated class: \RomethemeKit\BlurEffects
[13-Nov-2025 12:59:55 UTC] Class not found: \RomethemeKit\Rkit_Sticky_Content
[13-Nov-2025 12:59:55 UTC] Instantiated class: \RomethemeKit\RkitToolTips
[13-Nov-2025 12:59:55 UTC] Instantiated class: \RomethemeKit\RkitWrapperLink
[13-Nov-2025 13:00:00 UTC] Loaded file: blur_effects.php
[13-Nov-2025 13:00:00 UTC] Loaded file: rkit_post_duplicator.php
[13-Nov-2025 13:00:00 UTC] Loaded file: rkit_tool_tips.php
[13-Nov-2025 13:00:00 UTC] Loaded file: rkit_wrapper_link.php
[13-Nov-2025 13:00:00 UTC] Class not found: \RomethemeKit\Rkit_Custom_Cursor
[13-Nov-2025 13:00:00 UTC] Instantiated class: \RomethemeKit\RkitDuplicator
[13-Nov-2025 13:00:00 UTC] Instantiated class: \RomethemeKit\BlurEffects
[13-Nov-2025 13:00:00 UTC] Class not found: \RomethemeKit\Rkit_Sticky_Content
[13-Nov-2025 13:00:00 UTC] Instantiated class: \RomethemeKit\RkitToolTips
[13-Nov-2025 13:00:00 UTC] Instantiated class: \RomethemeKit\RkitWrapperLink
[13-Nov-2025 13:00:38 UTC] Loaded file: blur_effects.php
[13-Nov-2025 13:00:38 UTC] Loaded file: rkit_post_duplicator.php
[13-Nov-2025 13:00:38 UTC] Loaded file: rkit_tool_tips.php
[13-Nov-2025 13:00:38 UTC] Loaded file: rkit_wrapper_link.php
[13-Nov-2025 13:00:38 UTC] Class not found: \RomethemeKit\Rkit_Custom_Cursor
[13-Nov-2025 13:00:38 UTC] Instantiated class: \RomethemeKit\RkitDuplicator
[13-Nov-2025 13:00:38 UTC] Instantiated class: \RomethemeKit\BlurEffects
[13-Nov-2025 13:00:38 UTC] Class not found: \RomethemeKit\Rkit_Sticky_Content
[13-Nov-2025 13:00:38 UTC] Instantiated class: \RomethemeKit\RkitToolTips
[13-Nov-2025 13:00:38 UTC] Instantiated class: \RomethemeKit\RkitWrapperLink
[13-Nov-2025 13:00:38 UTC] Loaded file: blur_effects.php
[13-Nov-2025 13:00:38 UTC] Loaded file: rkit_post_duplicator.php
[13-Nov-2025 13:00:38 UTC] Loaded file: rkit_tool_tips.php
[13-Nov-2025 13:00:38 UTC] Loaded file: rkit_wrapper_link.php
[13-Nov-2025 13:00:38 UTC] Class not found: \RomethemeKit\Rkit_Custom_Cursor
[13-Nov-2025 13:00:38 UTC] Instantiated class: \RomethemeKit\RkitDuplicator
[13-Nov-2025 13:00:38 UTC] Instantiated class: \RomethemeKit\BlurEffects
[13-Nov-2025 13:00:38 UTC] Class not found: \RomethemeKit\Rkit_Sticky_Content
[13-Nov-2025 13:00:38 UTC] Instantiated class: \RomethemeKit\RkitToolTips
[13-Nov-2025 13:00:38 UTC] Instantiated class: \RomethemeKit\RkitWrapperLink
