[09-Nov-2025 18:33:40 UTC] Loaded file: blur_effects.php
[09-Nov-2025 18:33:40 UTC] Loaded file: rkit_post_duplicator.php
[09-Nov-2025 18:33:40 UTC] Loaded file: rkit_tool_tips.php
[09-Nov-2025 18:33:40 UTC] Loaded file: rkit_wrapper_link.php
[09-Nov-2025 18:33:40 UTC] Class not found: \RomethemeKit\Rkit_Custom_Cursor
[09-Nov-2025 18:33:40 UTC] Instantiated class: \RomethemeKit\RkitDuplicator
[09-Nov-2025 18:33:40 UTC] Instantiated class: \RomethemeKit\BlurEffects
[09-Nov-2025 18:33:40 UTC] Class not found: \RomethemeKit\Rkit_Sticky_Content
[09-Nov-2025 18:33:40 UTC] Instantiated class: \RomethemeKit\RkitToolTips
[09-Nov-2025 18:33:40 UTC] Instantiated class: \RomethemeKit\RkitWrapperLink
[09-Nov-2025 18:33:41 UTC] Loaded file: blur_effects.php
[09-Nov-2025 18:33:41 UTC] Loaded file: rkit_post_duplicator.php
[09-Nov-2025 18:33:41 UTC] Loaded file: rkit_tool_tips.php
[09-Nov-2025 18:33:41 UTC] Loaded file: rkit_wrapper_link.php
[09-Nov-2025 18:33:41 UTC] Class not found: \RomethemeKit\Rkit_Custom_Cursor
[09-Nov-2025 18:33:41 UTC] Instantiated class: \RomethemeKit\RkitDuplicator
[09-Nov-2025 18:33:41 UTC] Instantiated class: \RomethemeKit\BlurEffects
[09-Nov-2025 18:33:41 UTC] Class not found: \RomethemeKit\Rkit_Sticky_Content
[09-Nov-2025 18:33:41 UTC] Instantiated class: \RomethemeKit\RkitToolTips
[09-Nov-2025 18:33:41 UTC] Instantiated class: \RomethemeKit\RkitWrapperLink
[09-Nov-2025 18:33:41 UTC] Loaded file: blur_effects.php
[09-Nov-2025 18:33:41 UTC] Loaded file: rkit_post_duplicator.php
[09-Nov-2025 18:33:41 UTC] Loaded file: rkit_tool_tips.php
[09-Nov-2025 18:33:41 UTC] Loaded file: rkit_wrapper_link.php
[09-Nov-2025 18:33:41 UTC] Class not found: \RomethemeKit\Rkit_Custom_Cursor
[09-Nov-2025 18:33:41 UTC] Instantiated class: \RomethemeKit\RkitDuplicator
[09-Nov-2025 18:33:41 UTC] Instantiated class: \RomethemeKit\BlurEffects
[09-Nov-2025 18:33:41 UTC] Class not found: \RomethemeKit\Rkit_Sticky_Content
[09-Nov-2025 18:33:41 UTC] Instantiated class: \RomethemeKit\RkitToolTips
[09-Nov-2025 18:33:41 UTC] Instantiated class: \RomethemeKit\RkitWrapperLink
[09-Nov-2025 18:33:43 UTC] Loaded file: blur_effects.php
[09-Nov-2025 18:33:43 UTC] Loaded file: rkit_post_duplicator.php
[09-Nov-2025 18:33:43 UTC] Loaded file: rkit_tool_tips.php
[09-Nov-2025 18:33:43 UTC] Loaded file: rkit_wrapper_link.php
[09-Nov-2025 18:33:43 UTC] Class not found: \RomethemeKit\Rkit_Custom_Cursor
[09-Nov-2025 18:33:43 UTC] Instantiated class: \RomethemeKit\RkitDuplicator
[09-Nov-2025 18:33:43 UTC] Instantiated class: \RomethemeKit\BlurEffects
[09-Nov-2025 18:33:43 UTC] Class not found: \RomethemeKit\Rkit_Sticky_Content
[09-Nov-2025 18:33:43 UTC] Instantiated class: \RomethemeKit\RkitToolTips
[09-Nov-2025 18:33:43 UTC] Instantiated class: \RomethemeKit\RkitWrapperLink
[09-Nov-2025 18:33:51 UTC] Loaded file: blur_effects.php
[09-Nov-2025 18:33:51 UTC] Loaded file: rkit_post_duplicator.php
[09-Nov-2025 18:33:51 UTC] Loaded file: rkit_tool_tips.php
[09-Nov-2025 18:33:51 UTC] Loaded file: rkit_wrapper_link.php
[09-Nov-2025 18:33:51 UTC] Class not found: \RomethemeKit\Rkit_Custom_Cursor
[09-Nov-2025 18:33:51 UTC] Instantiated class: \RomethemeKit\RkitDuplicator
[09-Nov-2025 18:33:51 UTC] Instantiated class: \RomethemeKit\BlurEffects
[09-Nov-2025 18:33:51 UTC] Class not found: \RomethemeKit\Rkit_Sticky_Content
[09-Nov-2025 18:33:51 UTC] Instantiated class: \RomethemeKit\RkitToolTips
[09-Nov-2025 18:33:51 UTC] Instantiated class: \RomethemeKit\RkitWrapperLink
[09-Nov-2025 18:33:53 UTC] Loaded file: blur_effects.php
[09-Nov-2025 18:33:53 UTC] Loaded file: rkit_post_duplicator.php
[09-Nov-2025 18:33:53 UTC] Loaded file: rkit_tool_tips.php
[09-Nov-2025 18:33:53 UTC] Loaded file: rkit_wrapper_link.php
[09-Nov-2025 18:33:53 UTC] Class not found: \RomethemeKit\Rkit_Custom_Cursor
[09-Nov-2025 18:33:53 UTC] Instantiated class: \RomethemeKit\RkitDuplicator
[09-Nov-2025 18:33:53 UTC] Instantiated class: \RomethemeKit\BlurEffects
[09-Nov-2025 18:33:53 UTC] Class not found: \RomethemeKit\Rkit_Sticky_Content
[09-Nov-2025 18:33:53 UTC] Instantiated class: \RomethemeKit\RkitToolTips
[09-Nov-2025 18:33:53 UTC] Instantiated class: \RomethemeKit\RkitWrapperLink
[09-Nov-2025 18:33:54 UTC] Soltour Booking V2: Plugin ativado com sucesso
[09-Nov-2025 18:33:55 UTC] Loaded file: blur_effects.php
[09-Nov-2025 18:33:55 UTC] Loaded file: rkit_post_duplicator.php
[09-Nov-2025 18:33:55 UTC] Loaded file: rkit_tool_tips.php
[09-Nov-2025 18:33:55 UTC] Loaded file: rkit_wrapper_link.php
[09-Nov-2025 18:33:55 UTC] Class not found: \RomethemeKit\Rkit_Custom_Cursor
[09-Nov-2025 18:33:55 UTC] Instantiated class: \RomethemeKit\RkitDuplicator
[09-Nov-2025 18:33:55 UTC] Instantiated class: \RomethemeKit\BlurEffects
[09-Nov-2025 18:33:55 UTC] Class not found: \RomethemeKit\Rkit_Sticky_Content
[09-Nov-2025 18:33:55 UTC] Instantiated class: \RomethemeKit\RkitToolTips
[09-Nov-2025 18:33:55 UTC] Instantiated class: \RomethemeKit\RkitWrapperLink
[09-Nov-2025 18:33:55 UTC] [Soltour API info] Request to login/login: {"brand":"SOLTOUR","market":"XMLPT","languageCode":"PT","username":"BEAUTYT999","password":"XMLBEAUTYT999"}
[09-Nov-2025 18:33:55 UTC] [Soltour API info] Response from login/login: {"sessionToken":"eyJhbGciOiJIUzI1NiIsInR5cCI6IkpXVCJ9.eyJ1IjoiQkVBVVRZVDk5OSIsImRiaSI6IjQwMDI5OTMzIiwiYiI6IlNPTFRPVVIiLCJtIjoiWE1MUFQiLCJsbmciOiJQVCIsImNsIjoiQkVBVVRZVCIsIm9mIjoiOTk5IiwiYXBwIjpudWxsLCJtYWlsIjoiY3VuaGFAYmVhdXR5dHJhdmVsLnB0IiwicmwiOlsiQUdFTkNJQSIsIkNPTVVOIiwiQ09OU1VMVEEiLCJGQUNUVVJBQ0lPTiIsIk5FV19XRUIiXSwidG0iOjE3NjI3MTMyMzUxNjcsInN0cHRtIjpudWxsLCJzdHBqd3QiOm51bGwsInN0cGlkIjpudWxsLCJvdmMiOmZhbHNlLCJzZWxsIjp0cnVlLCJhcHQiOm51bGwsImRldCI6dHJ1ZSwibmV4cCI6dHJ1ZSwic2VpeiI6ZmFsc2UsInVhZ0
[09-Nov-2025 18:33:55 UTC] [Soltour API info] Session token obtido com sucesso
[09-Nov-2025 18:33:57 UTC] Loaded file: blur_effects.php
[09-Nov-2025 18:33:57 UTC] Loaded file: rkit_post_duplicator.php
[09-Nov-2025 18:33:57 UTC] Loaded file: rkit_tool_tips.php
[09-Nov-2025 18:33:57 UTC] Loaded file: rkit_wrapper_link.php
[09-Nov-2025 18:33:57 UTC] Class not found: \RomethemeKit\Rkit_Custom_Cursor
[09-Nov-2025 18:33:57 UTC] Instantiated class: \RomethemeKit\RkitDuplicator
[09-Nov-2025 18:33:57 UTC] Instantiated class: \RomethemeKit\BlurEffects
[09-Nov-2025 18:33:57 UTC] Class not found: \RomethemeKit\Rkit_Sticky_Content
[09-Nov-2025 18:33:57 UTC] Instantiated class: \RomethemeKit\RkitToolTips
[09-Nov-2025 18:33:57 UTC] Instantiated class: \RomethemeKit\RkitWrapperLink
[09-Nov-2025 18:33:58 UTC] Loaded file: blur_effects.php
[09-Nov-2025 18:33:58 UTC] Loaded file: rkit_post_duplicator.php
[09-Nov-2025 18:33:58 UTC] Loaded file: rkit_tool_tips.php
[09-Nov-2025 18:33:58 UTC] Loaded file: rkit_wrapper_link.php
[09-Nov-2025 18:33:58 UTC] Class not found: \RomethemeKit\Rkit_Custom_Cursor
[09-Nov-2025 18:33:58 UTC] Instantiated class: \RomethemeKit\RkitDuplicator
[09-Nov-2025 18:33:58 UTC] Instantiated class: \RomethemeKit\BlurEffects
[09-Nov-2025 18:33:58 UTC] Class not found: \RomethemeKit\Rkit_Sticky_Content
[09-Nov-2025 18:33:58 UTC] Instantiated class: \RomethemeKit\RkitToolTips
[09-Nov-2025 18:33:58 UTC] Instantiated class: \RomethemeKit\RkitWrapperLink
[09-Nov-2025 18:34:04 UTC] Loaded file: blur_effects.php
[09-Nov-2025 18:34:04 UTC] Loaded file: rkit_post_duplicator.php
[09-Nov-2025 18:34:04 UTC] Loaded file: rkit_tool_tips.php
[09-Nov-2025 18:34:04 UTC] Loaded file: rkit_wrapper_link.php
[09-Nov-2025 18:34:04 UTC] Class not found: \RomethemeKit\Rkit_Custom_Cursor
[09-Nov-2025 18:34:04 UTC] Instantiated class: \RomethemeKit\RkitDuplicator
[09-Nov-2025 18:34:04 UTC] Instantiated class: \RomethemeKit\BlurEffects
[09-Nov-2025 18:34:04 UTC] Class not found: \RomethemeKit\Rkit_Sticky_Content
[09-Nov-2025 18:34:04 UTC] Instantiated class: \RomethemeKit\RkitToolTips
[09-Nov-2025 18:34:04 UTC] Instantiated class: \RomethemeKit\RkitWrapperLink
[09-Nov-2025 18:34:09 UTC] Loaded file: blur_effects.php
[09-Nov-2025 18:34:09 UTC] Loaded file: rkit_post_duplicator.php
[09-Nov-2025 18:34:09 UTC] Loaded file: rkit_tool_tips.php
[09-Nov-2025 18:34:09 UTC] Loaded file: rkit_wrapper_link.php
[09-Nov-2025 18:34:09 UTC] Class not found: \RomethemeKit\Rkit_Custom_Cursor
[09-Nov-2025 18:34:09 UTC] Instantiated class: \RomethemeKit\RkitDuplicator
[09-Nov-2025 18:34:09 UTC] Instantiated class: \RomethemeKit\BlurEffects
[09-Nov-2025 18:34:09 UTC] Class not found: \RomethemeKit\Rkit_Sticky_Content
[09-Nov-2025 18:34:09 UTC] Instantiated class: \RomethemeKit\RkitToolTips
[09-Nov-2025 18:34:09 UTC] Instantiated class: \RomethemeKit\RkitWrapperLink
[09-Nov-2025 18:34:10 UTC] Loaded file: blur_effects.php
[09-Nov-2025 18:34:10 UTC] Loaded file: rkit_post_duplicator.php
[09-Nov-2025 18:34:10 UTC] Loaded file: rkit_tool_tips.php
[09-Nov-2025 18:34:10 UTC] Loaded file: rkit_wrapper_link.php
[09-Nov-2025 18:34:10 UTC] Class not found: \RomethemeKit\Rkit_Custom_Cursor
[09-Nov-2025 18:34:10 UTC] Instantiated class: \RomethemeKit\RkitDuplicator
[09-Nov-2025 18:34:10 UTC] Instantiated class: \RomethemeKit\BlurEffects
[09-Nov-2025 18:34:10 UTC] Class not found: \RomethemeKit\Rkit_Sticky_Content
[09-Nov-2025 18:34:10 UTC] Instantiated class: \RomethemeKit\RkitToolTips
[09-Nov-2025 18:34:10 UTC] Instantiated class: \RomethemeKit\RkitWrapperLink
[09-Nov-2025 18:34:10 UTC] Loaded file: blur_effects.php
[09-Nov-2025 18:34:10 UTC] Loaded file: rkit_post_duplicator.php
[09-Nov-2025 18:34:10 UTC] Loaded file: blur_effects.php
[09-Nov-2025 18:34:10 UTC] Loaded file: rkit_post_duplicator.php
[09-Nov-2025 18:34:10 UTC] Loaded file: rkit_tool_tips.php
[09-Nov-2025 18:34:10 UTC] Loaded file: rkit_wrapper_link.php
[09-Nov-2025 18:34:10 UTC] Class not found: \RomethemeKit\Rkit_Custom_Cursor
[09-Nov-2025 18:34:10 UTC] Instantiated class: \RomethemeKit\RkitDuplicator
[09-Nov-2025 18:34:10 UTC] Instantiated class: \RomethemeKit\BlurEffects
[09-Nov-2025 18:34:10 UTC] Class not found: \RomethemeKit\Rkit_Sticky_Content
[09-Nov-2025 18:34:10 UTC] Instantiated class: \RomethemeKit\RkitToolTips
[09-Nov-2025 18:34:10 UTC] Instantiated class: \RomethemeKit\RkitWrapperLink
[09-Nov-2025 18:34:10 UTC] Loaded file: rkit_tool_tips.php
[09-Nov-2025 18:34:10 UTC] Loaded file: rkit_wrapper_link.php
[09-Nov-2025 18:34:10 UTC] Class not found: \RomethemeKit\Rkit_Custom_Cursor
[09-Nov-2025 18:34:10 UTC] Instantiated class: \RomethemeKit\RkitDuplicator
[09-Nov-2025 18:34:10 UTC] Instantiated class: \RomethemeKit\BlurEffects
[09-Nov-2025 18:34:10 UTC] Class not found: \RomethemeKit\Rkit_Sticky_Content
[09-Nov-2025 18:34:10 UTC] Instantiated class: \RomethemeKit\RkitToolTips
[09-Nov-2025 18:34:10 UTC] Instantiated class: \RomethemeKit\RkitWrapperLink
[09-Nov-2025 18:34:14 UTC] Loaded file: blur_effects.php
[09-Nov-2025 18:34:14 UTC] Loaded file: rkit_post_duplicator.php
[09-Nov-2025 18:34:14 UTC] Loaded file: rkit_tool_tips.php
[09-Nov-2025 18:34:14 UTC] Loaded file: rkit_wrapper_link.php
[09-Nov-2025 18:34:14 UTC] Class not found: \RomethemeKit\Rkit_Custom_Cursor
[09-Nov-2025 18:34:14 UTC] Instantiated class: \RomethemeKit\RkitDuplicator
[09-Nov-2025 18:34:14 UTC] Instantiated class: \RomethemeKit\BlurEffects
[09-Nov-2025 18:34:14 UTC] Class not found: \RomethemeKit\Rkit_Sticky_Content
[09-Nov-2025 18:34:14 UTC] Instantiated class: \RomethemeKit\RkitToolTips
[09-Nov-2025 18:34:14 UTC] Instantiated class: \RomethemeKit\RkitWrapperLink
[09-Nov-2025 18:34:14 UTC] [Soltour API info] Request to master/getAllOrigins: {"productType":"PACKAGE","destinationCode":"PUJ"}
[09-Nov-2025 18:34:14 UTC] [Soltour API info] Response from master/getAllOrigins: {"origins":[{"code":"LCG","name":"A Coruña","airportType":"AIRPORT","destinationCode":"LCG","destinationName":"LA CORUNA","description":"A Coruña","dynamic":false},{"code":"ABC","name":"Albacete","airportType":"AIRPORT","description":"Albacete","dynamic":false},{"code":"ALC","name":"Alicante","airportType":"AIRPORT","destinationCode":"ALC","destinationName":"ALICANTE","description":"Alicante","dynamic":false},{"code":"LEI","name":"Almería","airportType":"AIRPORT","destinationCode":"LEI","dest
[09-Nov-2025 18:34:20 UTC] Loaded file: blur_effects.php
[09-Nov-2025 18:34:20 UTC] Loaded file: rkit_post_duplicator.php
[09-Nov-2025 18:34:20 UTC] Loaded file: rkit_tool_tips.php
[09-Nov-2025 18:34:20 UTC] Loaded file: rkit_wrapper_link.php
[09-Nov-2025 18:34:20 UTC] Class not found: \RomethemeKit\Rkit_Custom_Cursor
[09-Nov-2025 18:34:20 UTC] Instantiated class: \RomethemeKit\RkitDuplicator
[09-Nov-2025 18:34:20 UTC] Instantiated class: \RomethemeKit\BlurEffects
[09-Nov-2025 18:34:20 UTC] Class not found: \RomethemeKit\Rkit_Sticky_Content
[09-Nov-2025 18:34:20 UTC] Instantiated class: \RomethemeKit\RkitToolTips
[09-Nov-2025 18:34:20 UTC] Instantiated class: \RomethemeKit\RkitWrapperLink
[09-Nov-2025 18:34:25 UTC] Loaded file: blur_effects.php
[09-Nov-2025 18:34:25 UTC] Loaded file: rkit_post_duplicator.php
[09-Nov-2025 18:34:25 UTC] Loaded file: rkit_tool_tips.php
[09-Nov-2025 18:34:25 UTC] Loaded file: rkit_wrapper_link.php
[09-Nov-2025 18:34:25 UTC] Class not found: \RomethemeKit\Rkit_Custom_Cursor
[09-Nov-2025 18:34:25 UTC] Instantiated class: \RomethemeKit\RkitDuplicator
[09-Nov-2025 18:34:25 UTC] Instantiated class: \RomethemeKit\BlurEffects
[09-Nov-2025 18:34:25 UTC] Class not found: \RomethemeKit\Rkit_Sticky_Content
[09-Nov-2025 18:34:25 UTC] Instantiated class: \RomethemeKit\RkitToolTips
[09-Nov-2025 18:34:25 UTC] Instantiated class: \RomethemeKit\RkitWrapperLink
[09-Nov-2025 18:34:25 UTC] Loaded file: blur_effects.php
[09-Nov-2025 18:34:25 UTC] Loaded file: rkit_post_duplicator.php
[09-Nov-2025 18:34:25 UTC] Loaded file: rkit_tool_tips.php
[09-Nov-2025 18:34:25 UTC] Loaded file: rkit_wrapper_link.php
[09-Nov-2025 18:34:25 UTC] Class not found: \RomethemeKit\Rkit_Custom_Cursor
[09-Nov-2025 18:34:25 UTC] Instantiated class: \RomethemeKit\RkitDuplicator
[09-Nov-2025 18:34:25 UTC] Instantiated class: \RomethemeKit\BlurEffects
[09-Nov-2025 18:34:25 UTC] Class not found: \RomethemeKit\Rkit_Sticky_Content
[09-Nov-2025 18:34:25 UTC] Instantiated class: \RomethemeKit\RkitToolTips
[09-Nov-2025 18:34:25 UTC] Instantiated class: \RomethemeKit\RkitWrapperLink
[09-Nov-2025 18:34:26 UTC] [Soltour API info] === AJAX SEARCH PACKAGES CALLED ===
[09-Nov-2025 18:34:26 UTC] [Soltour API info] Params recebidos do frontend:
[09-Nov-2025 18:34:26 UTC] [Soltour API info]   - first_item: 0
[09-Nov-2025 18:34:26 UTC] [Soltour API info]   - item_count: 10
[09-Nov-2025 18:34:26 UTC] [Soltour API info] Params completos: {"originCode":"MAD","destinationCode":"PUJ","startDate":"2025-11-16","numNights":7,"rooms":[{"passengers":[{"type":"ADULT","age":30},{"type":"ADULT","age":30}]}],"firstItem":0,"itemCount":10}
[09-Nov-2025 18:34:26 UTC] [Soltour API info] Enviando para API Soltour (booking/availability):
[09-Nov-2025 18:34:26 UTC] [Soltour API info]   - criteria.pagination.firstItem: 0
[09-Nov-2025 18:34:26 UTC] [Soltour API info]   - criteria.pagination.itemCount: 10
[09-Nov-2025 18:34:26 UTC] [Soltour API info] Request to booking/availability: {"productType":"PACKAGE","criteria":{"order":{"type":"PRICE","direction":"ASC"},"pagination":{"firstItem":0,"itemCount":10}},"languageCode":"PT","params":{"startDate":"2025-11-16","endDate":"2025-11-23","residentType":"NONE","accomodation":{"rooms":[{"passengers":[{"type":"ADULT","age":30},{"type":"ADULT","age":30}]}]},"hotelParams":{"destinationCode":"PUJ","includeImmediatePayment":true},"flightParams":{"itineraries":[{"origins":["MAD"],"destinations":["PUJ"]}],"directFlightsOnly":false,"includeImmediatePayment":true}}}
[09-Nov-2025 18:34:32 UTC] [Soltour API info] Response from booking/availability: {"productType":"PACKAGE","availToken":"o5J4+ay1VSWkLMxUzNZf9ZG4QT0P1RdKd2Rv7h2h4wA=","timestamp":"2025-11-09T19:34:26.322187970","serviceType":"UNDEFINED","agencyInformation":{"clientCode":"BEAUTYT","branchOfficeCode":"999","taxApplicationType":"ISC","taxRate":0,"paymentType":"PP","commission":{"currency":"EUR","rate":15}},"budgets":[{"booked":false,"selected":false,"hotelServices":[{"responseId":"6F/YNomsbdz6nAs9jBcvbyqXZtCs5DVs7w+pIK0NnQs=","id":"0755ddbd-2220-44a2-9b7c-cd9553708e9f","type":"H
[09-Nov-2025 18:34:32 UTC] [Soltour API info] Resposta da API Soltour:
[09-Nov-2025 18:34:32 UTC] [Soltour API info]   - budgets: 68
[09-Nov-2025 18:34:32 UTC] [Soltour API info]   - totalCount: 0
[09-Nov-2025 18:34:32 UTC] [Soltour API info]   - hotels: 32
[09-Nov-2025 18:34:32 UTC] [Soltour API info]   - availToken: SIM
[09-Nov-2025 18:34:32 UTC] Loaded file: blur_effects.php
[09-Nov-2025 18:34:32 UTC] Loaded file: rkit_post_duplicator.php
[09-Nov-2025 18:34:32 UTC] Loaded file: rkit_tool_tips.php
[09-Nov-2025 18:34:32 UTC] Loaded file: rkit_wrapper_link.php
[09-Nov-2025 18:34:32 UTC] Class not found: \RomethemeKit\Rkit_Custom_Cursor
[09-Nov-2025 18:34:32 UTC] Instantiated class: \RomethemeKit\RkitDuplicator
[09-Nov-2025 18:34:32 UTC] Instantiated class: \RomethemeKit\BlurEffects
[09-Nov-2025 18:34:32 UTC] Class not found: \RomethemeKit\Rkit_Sticky_Content
[09-Nov-2025 18:34:32 UTC] Instantiated class: \RomethemeKit\RkitToolTips
[09-Nov-2025 18:34:32 UTC] Instantiated class: \RomethemeKit\RkitWrapperLink
[09-Nov-2025 18:34:33 UTC] Loaded file: blur_effects.php
[09-Nov-2025 18:34:33 UTC] Loaded file: rkit_post_duplicator.php
[09-Nov-2025 18:34:33 UTC] Loaded file: rkit_tool_tips.php
[09-Nov-2025 18:34:33 UTC] Loaded file: rkit_wrapper_link.php
[09-Nov-2025 18:34:33 UTC] Class not found: \RomethemeKit\Rkit_Custom_Cursor
[09-Nov-2025 18:34:33 UTC] Instantiated class: \RomethemeKit\RkitDuplicator
[09-Nov-2025 18:34:33 UTC] Instantiated class: \RomethemeKit\BlurEffects
[09-Nov-2025 18:34:33 UTC] Class not found: \RomethemeKit\Rkit_Sticky_Content
[09-Nov-2025 18:34:33 UTC] Instantiated class: \RomethemeKit\RkitToolTips
[09-Nov-2025 18:34:33 UTC] Instantiated class: \RomethemeKit\RkitWrapperLink
[09-Nov-2025 18:34:34 UTC] Loaded file: blur_effects.php
[09-Nov-2025 18:34:34 UTC] Loaded file: rkit_post_duplicator.php
[09-Nov-2025 18:34:34 UTC] Loaded file: rkit_tool_tips.php
[09-Nov-2025 18:34:34 UTC] Loaded file: rkit_wrapper_link.php
[09-Nov-2025 18:34:34 UTC] Class not found: \RomethemeKit\Rkit_Custom_Cursor
[09-Nov-2025 18:34:34 UTC] Instantiated class: \RomethemeKit\RkitDuplicator
[09-Nov-2025 18:34:34 UTC] Instantiated class: \RomethemeKit\BlurEffects
[09-Nov-2025 18:34:34 UTC] Class not found: \RomethemeKit\Rkit_Sticky_Content
[09-Nov-2025 18:34:34 UTC] Instantiated class: \RomethemeKit\RkitToolTips
[09-Nov-2025 18:34:34 UTC] Instantiated class: \RomethemeKit\RkitWrapperLink
[09-Nov-2025 18:34:34 UTC] Loaded file: blur_effects.php
[09-Nov-2025 18:34:34 UTC] Loaded file: rkit_post_duplicator.php
[09-Nov-2025 18:34:34 UTC] Loaded file: rkit_tool_tips.php
[09-Nov-2025 18:34:34 UTC] Loaded file: rkit_wrapper_link.php
[09-Nov-2025 18:34:34 UTC] Class not found: \RomethemeKit\Rkit_Custom_Cursor
[09-Nov-2025 18:34:34 UTC] Instantiated class: \RomethemeKit\RkitDuplicator
[09-Nov-2025 18:34:34 UTC] Instantiated class: \RomethemeKit\BlurEffects
[09-Nov-2025 18:34:34 UTC] Class not found: \RomethemeKit\Rkit_Sticky_Content
[09-Nov-2025 18:34:34 UTC] Instantiated class: \RomethemeKit\RkitToolTips
[09-Nov-2025 18:34:34 UTC] Instantiated class: \RomethemeKit\RkitWrapperLink
[09-Nov-2025 18:34:34 UTC] Loaded file: blur_effects.php
[09-Nov-2025 18:34:34 UTC] Loaded file: rkit_post_duplicator.php
[09-Nov-2025 18:34:34 UTC] Loaded file: rkit_tool_tips.php
[09-Nov-2025 18:34:34 UTC] Loaded file: rkit_wrapper_link.php
[09-Nov-2025 18:34:34 UTC] Class not found: \RomethemeKit\Rkit_Custom_Cursor
[09-Nov-2025 18:34:34 UTC] Instantiated class: \RomethemeKit\RkitDuplicator
[09-Nov-2025 18:34:34 UTC] Instantiated class: \RomethemeKit\BlurEffects
[09-Nov-2025 18:34:34 UTC] Class not found: \RomethemeKit\Rkit_Sticky_Content
[09-Nov-2025 18:34:34 UTC] Instantiated class: \RomethemeKit\RkitToolTips
[09-Nov-2025 18:34:34 UTC] Instantiated class: \RomethemeKit\RkitWrapperLink
[09-Nov-2025 18:34:34 UTC] Loaded file: blur_effects.php
[09-Nov-2025 18:34:34 UTC] Loaded file: rkit_post_duplicator.php
[09-Nov-2025 18:34:34 UTC] Loaded file: rkit_tool_tips.php
[09-Nov-2025 18:34:34 UTC] Loaded file: rkit_wrapper_link.php
[09-Nov-2025 18:34:34 UTC] Class not found: \RomethemeKit\Rkit_Custom_Cursor
[09-Nov-2025 18:34:34 UTC] Instantiated class: \RomethemeKit\RkitDuplicator
[09-Nov-2025 18:34:34 UTC] Instantiated class: \RomethemeKit\BlurEffects
[09-Nov-2025 18:34:34 UTC] Class not found: \RomethemeKit\Rkit_Sticky_Content
[09-Nov-2025 18:34:34 UTC] Instantiated class: \RomethemeKit\RkitToolTips
[09-Nov-2025 18:34:34 UTC] Loaded file: blur_effects.php
[09-Nov-2025 18:34:34 UTC] Instantiated class: \RomethemeKit\RkitWrapperLink
[09-Nov-2025 18:34:34 UTC] Loaded file: rkit_post_duplicator.php
[09-Nov-2025 18:34:34 UTC] Loaded file: rkit_tool_tips.php
[09-Nov-2025 18:34:34 UTC] Loaded file: rkit_wrapper_link.php
[09-Nov-2025 18:34:34 UTC] Class not found: \RomethemeKit\Rkit_Custom_Cursor
[09-Nov-2025 18:34:34 UTC] Instantiated class: \RomethemeKit\RkitDuplicator
[09-Nov-2025 18:34:34 UTC] Instantiated class: \RomethemeKit\BlurEffects
[09-Nov-2025 18:34:34 UTC] Class not found: \RomethemeKit\Rkit_Sticky_Content
[09-Nov-2025 18:34:34 UTC] Instantiated class: \RomethemeKit\RkitToolTips
[09-Nov-2025 18:34:34 UTC] Instantiated class: \RomethemeKit\RkitWrapperLink
[09-Nov-2025 18:34:34 UTC] [Soltour API info] Getting details for budget: H68719##TI##0$4733961544055821184@@CLASSICAL01, hotel: H68719
[09-Nov-2025 18:34:34 UTC] [Soltour API info] Request to booking/details: {"productType":"PACKAGE","availToken":"o5J4+ay1VSWkLMxUzNZf9ZG4QT0P1RdKd2Rv7h2h4wA=","budgetId":"H68719##TI##0$4733961544055821184@@CLASSICAL01","hotelParams":{"hotelCode":"H68719","providerCode":"UNDEFINED"}}
[09-Nov-2025 18:34:34 UTC] [Soltour API info] Getting details for budget: H24##TI##0$5043103239038778065@@CLASSICAL01, hotel: H24
[09-Nov-2025 18:34:34 UTC] [Soltour API info] Request to booking/details: {"productType":"PACKAGE","availToken":"o5J4+ay1VSWkLMxUzNZf9ZG4QT0P1RdKd2Rv7h2h4wA=","budgetId":"H24##TI##0$5043103239038778065@@CLASSICAL01","hotelParams":{"hotelCode":"H24","providerCode":"UNDEFINED"}}
[09-Nov-2025 18:34:34 UTC] [Soltour API info] Getting details for budget: H199543##SA##0$5376755452423805227@@CLASSICAL01, hotel: H199543
[09-Nov-2025 18:34:34 UTC] [Soltour API info] Request to booking/details: {"productType":"PACKAGE","availToken":"o5J4+ay1VSWkLMxUzNZf9ZG4QT0P1RdKd2Rv7h2h4wA=","budgetId":"H199543##SA##0$5376755452423805227@@CLASSICAL01","hotelParams":{"hotelCode":"H199543","providerCode":"UNDEFINED"}}
[09-Nov-2025 18:34:34 UTC] [Soltour API info] Getting details for budget: H49702##TI##0$4713366935988088204@@CLASSICAL01, hotel: H49702
[09-Nov-2025 18:34:34 UTC] [Soltour API info] Request to booking/details: {"productType":"PACKAGE","availToken":"o5J4+ay1VSWkLMxUzNZf9ZG4QT0P1RdKd2Rv7h2h4wA=","budgetId":"H49702##TI##0$4713366935988088204@@CLASSICAL01","hotelParams":{"hotelCode":"H49702","providerCode":"UNDEFINED"}}
[09-Nov-2025 18:34:34 UTC] [Soltour API info] Getting details for budget: H408431##SA##0$4733958215924387809@@CLASSICAL01, hotel: H408431
[09-Nov-2025 18:34:34 UTC] [Soltour API info] Request to booking/details: {"productType":"PACKAGE","availToken":"o5J4+ay1VSWkLMxUzNZf9ZG4QT0P1RdKd2Rv7h2h4wA=","budgetId":"H408431##SA##0$4733958215924387809@@CLASSICAL01","hotelParams":{"hotelCode":"H408431","providerCode":"UNDEFINED"}}
[09-Nov-2025 18:34:35 UTC] [Soltour API info] Response from booking/details: {"availToken":"o5J4+ay1VSWkLMxUzNZf9ZG4QT0P1RdKd2Rv7h2h4wA=","timestamp":"2025-11-09T19:34:35.291804512","serviceType":"UNDEFINED","agencyInformation":{"clientCode":"BEAUTYT","branchOfficeCode":"999","taxApplicationType":"ISC","taxRate":0,"paymentType":"PP","commission":{"currency":"EUR","rate":15}},"params":{"startDate":"2025-11-16","endDate":"2025-11-23","accomodation":{"rooms":[{"passengers":[{"age":30,"type":"ADULT"},{"age":30,"type":"ADULT"}]}]},"residentType":"NONE","numNights":0,"flightPa
[09-Nov-2025 18:34:35 UTC] [Soltour API info] Details response structure: {"has_budget":false,"has_details":true,"has_error":false,"error_msg":null}
[09-Nov-2025 18:34:35 UTC] [Soltour API info] Response from booking/details: {"availToken":"o5J4+ay1VSWkLMxUzNZf9ZG4QT0P1RdKd2Rv7h2h4wA=","timestamp":"2025-11-09T19:34:35.360094612","serviceType":"UNDEFINED","agencyInformation":{"clientCode":"BEAUTYT","branchOfficeCode":"999","taxApplicationType":"ISC","taxRate":0,"paymentType":"PP","commission":{"currency":"EUR","rate":15}},"params":{"startDate":"2025-11-16","endDate":"2025-11-23","accomodation":{"rooms":[{"passengers":[{"age":30,"type":"ADULT"},{"age":30,"type":"ADULT"}]}]},"residentType":"NONE","numNights":0,"flightPa
[09-Nov-2025 18:34:35 UTC] [Soltour API info] Details response structure: {"has_budget":false,"has_details":true,"has_error":false,"error_msg":null}
[09-Nov-2025 18:34:35 UTC] [Soltour API info] Response from booking/details: {"availToken":"o5J4+ay1VSWkLMxUzNZf9ZG4QT0P1RdKd2Rv7h2h4wA=","timestamp":"2025-11-09T19:34:35.392264679","serviceType":"UNDEFINED","agencyInformation":{"clientCode":"BEAUTYT","branchOfficeCode":"999","taxApplicationType":"ISC","taxRate":0,"paymentType":"PP","commission":{"currency":"EUR","rate":15}},"params":{"startDate":"2025-11-16","endDate":"2025-11-23","accomodation":{"rooms":[{"passengers":[{"age":30,"type":"ADULT"},{"age":30,"type":"ADULT"}]}]},"residentType":"NONE","numNights":0,"flightPa
[09-Nov-2025 18:34:35 UTC] [Soltour API info] Details response structure: {"has_budget":false,"has_details":true,"has_error":false,"error_msg":null}
[09-Nov-2025 18:34:35 UTC] [Soltour API info] Response from booking/details: {"availToken":"o5J4+ay1VSWkLMxUzNZf9ZG4QT0P1RdKd2Rv7h2h4wA=","timestamp":"2025-11-09T19:34:35.399548354","serviceType":"UNDEFINED","agencyInformation":{"clientCode":"BEAUTYT","branchOfficeCode":"999","taxApplicationType":"ISC","taxRate":0,"paymentType":"PP","commission":{"currency":"EUR","rate":15}},"params":{"startDate":"2025-11-16","endDate":"2025-11-23","accomodation":{"rooms":[{"passengers":[{"age":30,"type":"ADULT"},{"age":30,"type":"ADULT"}]}]},"residentType":"NONE","numNights":0,"flightPa
[09-Nov-2025 18:34:35 UTC] [Soltour API info] Details response structure: {"has_budget":false,"has_details":true,"has_error":false,"error_msg":null}
[09-Nov-2025 18:34:35 UTC] Loaded file: blur_effects.php
[09-Nov-2025 18:34:35 UTC] Loaded file: rkit_post_duplicator.php
[09-Nov-2025 18:34:35 UTC] Loaded file: rkit_tool_tips.php
[09-Nov-2025 18:34:35 UTC] Loaded file: rkit_wrapper_link.php
[09-Nov-2025 18:34:35 UTC] Class not found: \RomethemeKit\Rkit_Custom_Cursor
[09-Nov-2025 18:34:35 UTC] Instantiated class: \RomethemeKit\RkitDuplicator
[09-Nov-2025 18:34:35 UTC] Instantiated class: \RomethemeKit\BlurEffects
[09-Nov-2025 18:34:35 UTC] Class not found: \RomethemeKit\Rkit_Sticky_Content
[09-Nov-2025 18:34:35 UTC] Instantiated class: \RomethemeKit\RkitToolTips
[09-Nov-2025 18:34:35 UTC] Instantiated class: \RomethemeKit\RkitWrapperLink
[09-Nov-2025 18:34:35 UTC] [Soltour API info] Response from booking/details: {"availToken":"o5J4+ay1VSWkLMxUzNZf9ZG4QT0P1RdKd2Rv7h2h4wA=","timestamp":"2025-11-09T19:34:35.615211469","serviceType":"UNDEFINED","agencyInformation":{"clientCode":"BEAUTYT","branchOfficeCode":"999","taxApplicationType":"ISC","taxRate":0,"paymentType":"PP","commission":{"currency":"EUR","rate":15}},"params":{"startDate":"2025-11-16","endDate":"2025-11-23","accomodation":{"rooms":[{"passengers":[{"age":30,"type":"ADULT"},{"age":30,"type":"ADULT"}]}]},"residentType":"NONE","numNights":0,"flightPa
[09-Nov-2025 18:34:35 UTC] [Soltour API info] Details response structure: {"has_budget":false,"has_details":true,"has_error":false,"error_msg":null}
[09-Nov-2025 18:34:36 UTC] [Soltour API info] Getting details for budget: H50725##TI##0$4945405357990805918@@CLASSICAL01, hotel: H50725
[09-Nov-2025 18:34:36 UTC] [Soltour API info] Request to booking/details: {"productType":"PACKAGE","availToken":"o5J4+ay1VSWkLMxUzNZf9ZG4QT0P1RdKd2Rv7h2h4wA=","budgetId":"H50725##TI##0$4945405357990805918@@CLASSICAL01","hotelParams":{"hotelCode":"H50725","providerCode":"UNDEFINED"}}
[09-Nov-2025 18:34:36 UTC] Loaded file: blur_effects.php
[09-Nov-2025 18:34:36 UTC] Loaded file: rkit_post_duplicator.php
[09-Nov-2025 18:34:36 UTC] Loaded file: rkit_tool_tips.php
[09-Nov-2025 18:34:36 UTC] Loaded file: rkit_wrapper_link.php
[09-Nov-2025 18:34:36 UTC] Class not found: \RomethemeKit\Rkit_Custom_Cursor
[09-Nov-2025 18:34:36 UTC] Instantiated class: \RomethemeKit\RkitDuplicator
[09-Nov-2025 18:34:36 UTC] Instantiated class: \RomethemeKit\BlurEffects
[09-Nov-2025 18:34:36 UTC] Class not found: \RomethemeKit\Rkit_Sticky_Content
[09-Nov-2025 18:34:36 UTC] Instantiated class: \RomethemeKit\RkitToolTips
[09-Nov-2025 18:34:36 UTC] Instantiated class: \RomethemeKit\RkitWrapperLink
[09-Nov-2025 18:34:36 UTC] Loaded file: blur_effects.php
[09-Nov-2025 18:34:36 UTC] Loaded file: rkit_post_duplicator.php
[09-Nov-2025 18:34:36 UTC] Loaded file: rkit_tool_tips.php
[09-Nov-2025 18:34:36 UTC] Loaded file: rkit_wrapper_link.php
[09-Nov-2025 18:34:36 UTC] Class not found: \RomethemeKit\Rkit_Custom_Cursor
[09-Nov-2025 18:34:36 UTC] Instantiated class: \RomethemeKit\RkitDuplicator
[09-Nov-2025 18:34:36 UTC] Instantiated class: \RomethemeKit\BlurEffects
[09-Nov-2025 18:34:36 UTC] Class not found: \RomethemeKit\Rkit_Sticky_Content
[09-Nov-2025 18:34:36 UTC] Instantiated class: \RomethemeKit\RkitToolTips
[09-Nov-2025 18:34:36 UTC] Instantiated class: \RomethemeKit\RkitWrapperLink
[09-Nov-2025 18:34:36 UTC] Loaded file: blur_effects.php
[09-Nov-2025 18:34:36 UTC] Loaded file: rkit_post_duplicator.php
[09-Nov-2025 18:34:36 UTC] Loaded file: rkit_tool_tips.php
[09-Nov-2025 18:34:36 UTC] Loaded file: rkit_wrapper_link.php
[09-Nov-2025 18:34:36 UTC] Class not found: \RomethemeKit\Rkit_Custom_Cursor
[09-Nov-2025 18:34:36 UTC] Instantiated class: \RomethemeKit\RkitDuplicator
[09-Nov-2025 18:34:36 UTC] Instantiated class: \RomethemeKit\BlurEffects
[09-Nov-2025 18:34:36 UTC] Class not found: \RomethemeKit\Rkit_Sticky_Content
[09-Nov-2025 18:34:36 UTC] Instantiated class: \RomethemeKit\RkitToolTips
[09-Nov-2025 18:34:36 UTC] Instantiated class: \RomethemeKit\RkitWrapperLink
[09-Nov-2025 18:34:36 UTC] Loaded file: blur_effects.php
[09-Nov-2025 18:34:36 UTC] Loaded file: rkit_post_duplicator.php
[09-Nov-2025 18:34:36 UTC] Loaded file: rkit_tool_tips.php
[09-Nov-2025 18:34:36 UTC] Loaded file: rkit_wrapper_link.php
[09-Nov-2025 18:34:36 UTC] Class not found: \RomethemeKit\Rkit_Custom_Cursor
[09-Nov-2025 18:34:36 UTC] Instantiated class: \RomethemeKit\RkitDuplicator
[09-Nov-2025 18:34:36 UTC] Instantiated class: \RomethemeKit\BlurEffects
[09-Nov-2025 18:34:36 UTC] Class not found: \RomethemeKit\Rkit_Sticky_Content
[09-Nov-2025 18:34:36 UTC] Instantiated class: \RomethemeKit\RkitToolTips
[09-Nov-2025 18:34:36 UTC] Instantiated class: \RomethemeKit\RkitWrapperLink
[09-Nov-2025 18:34:36 UTC] [Soltour API info] Response from booking/details: {"availToken":"o5J4+ay1VSWkLMxUzNZf9ZG4QT0P1RdKd2Rv7h2h4wA=","timestamp":"2025-11-09T19:34:36.632783355","serviceType":"UNDEFINED","agencyInformation":{"clientCode":"BEAUTYT","branchOfficeCode":"999","taxApplicationType":"ISC","taxRate":0,"paymentType":"PP","commission":{"currency":"EUR","rate":15}},"params":{"startDate":"2025-11-16","endDate":"2025-11-23","accomodation":{"rooms":[{"passengers":[{"age":30,"type":"ADULT"},{"age":30,"type":"ADULT"}]}]},"residentType":"NONE","numNights":0,"flightPa
[09-Nov-2025 18:34:36 UTC] [Soltour API info] Details response structure: {"has_budget":false,"has_details":true,"has_error":false,"error_msg":null}
[09-Nov-2025 18:34:37 UTC] [Soltour API info] Getting details for budget: H35##TI##0$4669103068963578124@@CLASSICAL01, hotel: H35
[09-Nov-2025 18:34:37 UTC] [Soltour API info] Request to booking/details: {"productType":"PACKAGE","availToken":"o5J4+ay1VSWkLMxUzNZf9ZG4QT0P1RdKd2Rv7h2h4wA=","budgetId":"H35##TI##0$4669103068963578124@@CLASSICAL01","hotelParams":{"hotelCode":"H35","providerCode":"UNDEFINED"}}
[09-Nov-2025 18:34:37 UTC] [Soltour API info] Getting details for budget: H14##TI##0$5446643912985915864@@CLASSICAL01, hotel: H14
[09-Nov-2025 18:34:37 UTC] [Soltour API info] Request to booking/details: {"productType":"PACKAGE","availToken":"o5J4+ay1VSWkLMxUzNZf9ZG4QT0P1RdKd2Rv7h2h4wA=","budgetId":"H14##TI##0$5446643912985915864@@CLASSICAL01","hotelParams":{"hotelCode":"H14","providerCode":"UNDEFINED"}}
[09-Nov-2025 18:34:37 UTC] [Soltour API info] Getting details for budget: H99741##TI##0$4778280173148422866@@CLASSICAL01, hotel: H99741
[09-Nov-2025 18:34:37 UTC] [Soltour API info] Request to booking/details: {"productType":"PACKAGE","availToken":"o5J4+ay1VSWkLMxUzNZf9ZG4QT0P1RdKd2Rv7h2h4wA=","budgetId":"H99741##TI##0$4778280173148422866@@CLASSICAL01","hotelParams":{"hotelCode":"H99741","providerCode":"UNDEFINED"}}
[09-Nov-2025 18:34:37 UTC] [Soltour API info] Getting details for budget: H199374##TI##0$4972009992579398778@@CLASSICAL01, hotel: H199374
[09-Nov-2025 18:34:37 UTC] [Soltour API info] Request to booking/details: {"productType":"PACKAGE","availToken":"o5J4+ay1VSWkLMxUzNZf9ZG4QT0P1RdKd2Rv7h2h4wA=","budgetId":"H199374##TI##0$4972009992579398778@@CLASSICAL01","hotelParams":{"hotelCode":"H199374","providerCode":"UNDEFINED"}}
[09-Nov-2025 18:34:37 UTC] [Soltour API info] Response from booking/details: {"availToken":"o5J4+ay1VSWkLMxUzNZf9ZG4QT0P1RdKd2Rv7h2h4wA=","timestamp":"2025-11-09T19:34:37.745201922","serviceType":"UNDEFINED","agencyInformation":{"clientCode":"BEAUTYT","branchOfficeCode":"999","taxApplicationType":"ISC","taxRate":0,"paymentType":"PP","commission":{"currency":"EUR","rate":15}},"params":{"startDate":"2025-11-16","endDate":"2025-11-23","accomodation":{"rooms":[{"passengers":[{"age":30,"type":"ADULT"},{"age":30,"type":"ADULT"}]}]},"residentType":"NONE","numNights":0,"flightPa
[09-Nov-2025 18:34:37 UTC] [Soltour API info] Details response structure: {"has_budget":false,"has_details":true,"has_error":false,"error_msg":null}
[09-Nov-2025 18:34:37 UTC] [Soltour API info] Response from booking/details: {"availToken":"o5J4+ay1VSWkLMxUzNZf9ZG4QT0P1RdKd2Rv7h2h4wA=","timestamp":"2025-11-09T19:34:37.740818747","serviceType":"UNDEFINED","agencyInformation":{"clientCode":"BEAUTYT","branchOfficeCode":"999","taxApplicationType":"ISC","taxRate":0,"paymentType":"PP","commission":{"currency":"EUR","rate":15}},"params":{"startDate":"2025-11-16","endDate":"2025-11-23","accomodation":{"rooms":[{"passengers":[{"age":30,"type":"ADULT"},{"age":30,"type":"ADULT"}]}]},"residentType":"NONE","numNights":0,"flightPa
[09-Nov-2025 18:34:37 UTC] [Soltour API info] Details response structure: {"has_budget":false,"has_details":true,"has_error":false,"error_msg":null}
[09-Nov-2025 18:34:37 UTC] [Soltour API info] Response from booking/details: {"availToken":"o5J4+ay1VSWkLMxUzNZf9ZG4QT0P1RdKd2Rv7h2h4wA=","timestamp":"2025-11-09T19:34:37.796687475","serviceType":"UNDEFINED","agencyInformation":{"clientCode":"BEAUTYT","branchOfficeCode":"999","taxApplicationType":"ISC","taxRate":0,"paymentType":"PP","commission":{"currency":"EUR","rate":15}},"params":{"startDate":"2025-11-16","endDate":"2025-11-23","accomodation":{"rooms":[{"passengers":[{"age":30,"type":"ADULT"},{"age":30,"type":"ADULT"}]}]},"residentType":"NONE","numNights":0,"flightPa
[09-Nov-2025 18:34:37 UTC] [Soltour API info] Details response structure: {"has_budget":false,"has_details":true,"has_error":false,"error_msg":null}
[09-Nov-2025 18:34:38 UTC] [Soltour API info] Response from booking/details: {"availToken":"o5J4+ay1VSWkLMxUzNZf9ZG4QT0P1RdKd2Rv7h2h4wA=","timestamp":"2025-11-09T19:34:38.034620284","serviceType":"UNDEFINED","agencyInformation":{"clientCode":"BEAUTYT","branchOfficeCode":"999","taxApplicationType":"ISC","taxRate":0,"paymentType":"PP","commission":{"currency":"EUR","rate":15}},"params":{"startDate":"2025-11-16","endDate":"2025-11-23","accomodation":{"rooms":[{"passengers":[{"age":30,"type":"ADULT"},{"age":30,"type":"ADULT"}]}]},"residentType":"NONE","numNights":0,"flightPa
[09-Nov-2025 18:34:38 UTC] [Soltour API info] Details response structure: {"has_budget":false,"has_details":true,"has_error":false,"error_msg":null}
[09-Nov-2025 18:34:59 UTC] Loaded file: blur_effects.php
[09-Nov-2025 18:34:59 UTC] Loaded file: rkit_post_duplicator.php
[09-Nov-2025 18:34:59 UTC] Loaded file: rkit_tool_tips.php
[09-Nov-2025 18:34:59 UTC] Loaded file: rkit_wrapper_link.php
[09-Nov-2025 18:34:59 UTC] Class not found: \RomethemeKit\Rkit_Custom_Cursor
[09-Nov-2025 18:34:59 UTC] Instantiated class: \RomethemeKit\RkitDuplicator
[09-Nov-2025 18:34:59 UTC] Instantiated class: \RomethemeKit\BlurEffects
[09-Nov-2025 18:34:59 UTC] Class not found: \RomethemeKit\Rkit_Sticky_Content
[09-Nov-2025 18:34:59 UTC] Instantiated class: \RomethemeKit\RkitToolTips
[09-Nov-2025 18:34:59 UTC] Instantiated class: \RomethemeKit\RkitWrapperLink
[09-Nov-2025 18:35:00 UTC] Loaded file: blur_effects.php
[09-Nov-2025 18:35:00 UTC] Loaded file: rkit_post_duplicator.php
[09-Nov-2025 18:35:00 UTC] Loaded file: rkit_tool_tips.php
[09-Nov-2025 18:35:00 UTC] Loaded file: rkit_wrapper_link.php
[09-Nov-2025 18:35:00 UTC] Class not found: \RomethemeKit\Rkit_Custom_Cursor
[09-Nov-2025 18:35:00 UTC] Instantiated class: \RomethemeKit\RkitDuplicator
[09-Nov-2025 18:35:00 UTC] Instantiated class: \RomethemeKit\BlurEffects
[09-Nov-2025 18:35:00 UTC] Class not found: \RomethemeKit\Rkit_Sticky_Content
[09-Nov-2025 18:35:00 UTC] Instantiated class: \RomethemeKit\RkitToolTips
[09-Nov-2025 18:35:00 UTC] Instantiated class: \RomethemeKit\RkitWrapperLink
[09-Nov-2025 18:35:02 UTC] Loaded file: blur_effects.php
[09-Nov-2025 18:35:02 UTC] Loaded file: rkit_post_duplicator.php
[09-Nov-2025 18:35:02 UTC] Loaded file: rkit_tool_tips.php
[09-Nov-2025 18:35:02 UTC] Loaded file: rkit_wrapper_link.php
[09-Nov-2025 18:35:02 UTC] Class not found: \RomethemeKit\Rkit_Custom_Cursor
[09-Nov-2025 18:35:02 UTC] Instantiated class: \RomethemeKit\RkitDuplicator
[09-Nov-2025 18:35:02 UTC] Instantiated class: \RomethemeKit\BlurEffects
[09-Nov-2025 18:35:02 UTC] Class not found: \RomethemeKit\Rkit_Sticky_Content
[09-Nov-2025 18:35:02 UTC] Instantiated class: \RomethemeKit\RkitToolTips
[09-Nov-2025 18:35:02 UTC] Instantiated class: \RomethemeKit\RkitWrapperLink
[09-Nov-2025 18:35:03 UTC] [Soltour API info] === AJAX SEARCH PACKAGES CALLED ===
[09-Nov-2025 18:35:03 UTC] [Soltour API info] Params recebidos do frontend:
[09-Nov-2025 18:35:03 UTC] [Soltour API info]   - first_item: 10
[09-Nov-2025 18:35:03 UTC] [Soltour API info]   - item_count: 10
[09-Nov-2025 18:35:03 UTC] [Soltour API info] Params completos: {"originCode":"MAD","destinationCode":"PUJ","startDate":"2025-11-16","numNights":7,"rooms":[{"passengers":[{"type":"ADULT","age":30},{"type":"ADULT","age":30}]}],"firstItem":10,"itemCount":10}
[09-Nov-2025 18:35:03 UTC] [Soltour API info] Enviando para API Soltour (booking/availability):
[09-Nov-2025 18:35:03 UTC] [Soltour API info]   - criteria.pagination.firstItem: 10
[09-Nov-2025 18:35:03 UTC] [Soltour API info]   - criteria.pagination.itemCount: 10
[09-Nov-2025 18:35:03 UTC] [Soltour API info] Request to booking/availability: {"productType":"PACKAGE","criteria":{"order":{"type":"PRICE","direction":"ASC"},"pagination":{"firstItem":10,"itemCount":10}},"languageCode":"PT","params":{"startDate":"2025-11-16","endDate":"2025-11-23","residentType":"NONE","accomodation":{"rooms":[{"passengers":[{"type":"ADULT","age":30},{"type":"ADULT","age":30}]}]},"hotelParams":{"destinationCode":"PUJ","includeImmediatePayment":true},"flightParams":{"itineraries":[{"origins":["MAD"],"destinations":["PUJ"]}],"directFlightsOnly":false,"includeImmediatePayment":true}}}
[09-Nov-2025 18:35:06 UTC] [Soltour API info] Response from booking/availability: {"productType":"PACKAGE","availToken":"DL8VCQQOl2Kr+URIh4FCFcLreBHp2GEedDFmUiljxgc=","timestamp":"2025-11-09T19:35:03.669298392","serviceType":"UNDEFINED","agencyInformation":{"clientCode":"BEAUTYT","branchOfficeCode":"999","taxApplicationType":"ISC","taxRate":0,"paymentType":"PP","commission":{"currency":"EUR","rate":15}},"budgets":[{"booked":false,"selected":true,"flightServices":[{"responseId":"-319221572","id":"67419d6f-5569-4cc5-9388-1ced6d3c50fb","type":"FLIGHT","priceApplicationType":"BY_
[09-Nov-2025 18:35:06 UTC] [Soltour API info] Resposta da API Soltour:
[09-Nov-2025 18:35:06 UTC] [Soltour API info]   - budgets: 2
[09-Nov-2025 18:35:06 UTC] [Soltour API info]   - totalCount: 0
[09-Nov-2025 18:35:06 UTC] [Soltour API info]   - hotels: 0
[09-Nov-2025 18:35:06 UTC] [Soltour API info]   - availToken: SIM
[09-Nov-2025 18:35:13 UTC] Loaded file: blur_effects.php
[09-Nov-2025 18:35:13 UTC] Loaded file: rkit_post_duplicator.php
[09-Nov-2025 18:35:13 UTC] Loaded file: rkit_tool_tips.php
[09-Nov-2025 18:35:13 UTC] Loaded file: rkit_wrapper_link.php
[09-Nov-2025 18:35:13 UTC] Class not found: \RomethemeKit\Rkit_Custom_Cursor
[09-Nov-2025 18:35:13 UTC] Instantiated class: \RomethemeKit\RkitDuplicator
[09-Nov-2025 18:35:13 UTC] Instantiated class: \RomethemeKit\BlurEffects
[09-Nov-2025 18:35:13 UTC] Class not found: \RomethemeKit\Rkit_Sticky_Content
[09-Nov-2025 18:35:13 UTC] Instantiated class: \RomethemeKit\RkitToolTips
[09-Nov-2025 18:35:13 UTC] Instantiated class: \RomethemeKit\RkitWrapperLink
[09-Nov-2025 18:35:14 UTC] [Soltour API info] === AJAX SEARCH PACKAGES CALLED ===
[09-Nov-2025 18:35:14 UTC] [Soltour API info] Params recebidos do frontend:
[09-Nov-2025 18:35:14 UTC] [Soltour API info]   - first_item: 10
[09-Nov-2025 18:35:14 UTC] [Soltour API info]   - item_count: 10
[09-Nov-2025 18:35:14 UTC] [Soltour API info] Params completos: {"originCode":"MAD","destinationCode":"PUJ","startDate":"2025-11-16","numNights":7,"rooms":[{"passengers":[{"type":"ADULT","age":30},{"type":"ADULT","age":30}]}],"firstItem":10,"itemCount":10}
[09-Nov-2025 18:35:14 UTC] [Soltour API info] Enviando para API Soltour (booking/availability):
[09-Nov-2025 18:35:14 UTC] [Soltour API info]   - criteria.pagination.firstItem: 10
[09-Nov-2025 18:35:14 UTC] [Soltour API info]   - criteria.pagination.itemCount: 10
[09-Nov-2025 18:35:14 UTC] [Soltour API info] Request to booking/availability: {"productType":"PACKAGE","criteria":{"order":{"type":"PRICE","direction":"ASC"},"pagination":{"firstItem":10,"itemCount":10}},"languageCode":"PT","params":{"startDate":"2025-11-16","endDate":"2025-11-23","residentType":"NONE","accomodation":{"rooms":[{"passengers":[{"type":"ADULT","age":30},{"type":"ADULT","age":30}]}]},"hotelParams":{"destinationCode":"PUJ","includeImmediatePayment":true},"flightParams":{"itineraries":[{"origins":["MAD"],"destinations":["PUJ"]}],"directFlightsOnly":false,"includeImmediatePayment":true}}}
[09-Nov-2025 18:35:17 UTC] [Soltour API info] Response from booking/availability: {"productType":"PACKAGE","availToken":"OZWN45+JuJ/7gH+yy+gYCM9/tGwOu7bfzfAqXF5UTvc=","timestamp":"2025-11-09T19:35:14.336598819","serviceType":"UNDEFINED","agencyInformation":{"clientCode":"BEAUTYT","branchOfficeCode":"999","taxApplicationType":"ISC","taxRate":0,"paymentType":"PP","commission":{"currency":"EUR","rate":15}},"budgets":[{"booked":false,"selected":true,"flightServices":[{"responseId":"-319221572","id":"120f58a0-250a-40c5-a665-c0bc7570c4c4","type":"FLIGHT","priceApplicationType":"BY_
[09-Nov-2025 18:35:17 UTC] [Soltour API info] Resposta da API Soltour:
[09-Nov-2025 18:35:17 UTC] [Soltour API info]   - budgets: 2
[09-Nov-2025 18:35:17 UTC] [Soltour API info]   - totalCount: 0
[09-Nov-2025 18:35:17 UTC] [Soltour API info]   - hotels: 0
[09-Nov-2025 18:35:17 UTC] [Soltour API info]   - availToken: SIM
[09-Nov-2025 18:35:20 UTC] Loaded file: blur_effects.php
[09-Nov-2025 18:35:20 UTC] Loaded file: rkit_post_duplicator.php
[09-Nov-2025 18:35:20 UTC] Loaded file: rkit_tool_tips.php
[09-Nov-2025 18:35:20 UTC] Loaded file: rkit_wrapper_link.php
[09-Nov-2025 18:35:20 UTC] Class not found: \RomethemeKit\Rkit_Custom_Cursor
[09-Nov-2025 18:35:20 UTC] Instantiated class: \RomethemeKit\RkitDuplicator
[09-Nov-2025 18:35:20 UTC] Instantiated class: \RomethemeKit\BlurEffects
[09-Nov-2025 18:35:20 UTC] Class not found: \RomethemeKit\Rkit_Sticky_Content
[09-Nov-2025 18:35:20 UTC] Instantiated class: \RomethemeKit\RkitToolTips
[09-Nov-2025 18:35:20 UTC] Instantiated class: \RomethemeKit\RkitWrapperLink
[09-Nov-2025 18:35:20 UTC] [Soltour API info] === AJAX SEARCH PACKAGES CALLED ===
[09-Nov-2025 18:35:20 UTC] [Soltour API info] Params recebidos do frontend:
[09-Nov-2025 18:35:20 UTC] [Soltour API info]   - first_item: 20
[09-Nov-2025 18:35:20 UTC] [Soltour API info]   - item_count: 10
[09-Nov-2025 18:35:20 UTC] [Soltour API info] Params completos: {"originCode":"MAD","destinationCode":"PUJ","startDate":"2025-11-16","numNights":7,"rooms":[{"passengers":[{"type":"ADULT","age":30},{"type":"ADULT","age":30}]}],"firstItem":20,"itemCount":10}
[09-Nov-2025 18:35:20 UTC] [Soltour API info] Enviando para API Soltour (booking/availability):
[09-Nov-2025 18:35:20 UTC] [Soltour API info]   - criteria.pagination.firstItem: 20
[09-Nov-2025 18:35:20 UTC] [Soltour API info]   - criteria.pagination.itemCount: 10
[09-Nov-2025 18:35:20 UTC] [Soltour API info] Request to booking/availability: {"productType":"PACKAGE","criteria":{"order":{"type":"PRICE","direction":"ASC"},"pagination":{"firstItem":20,"itemCount":10}},"languageCode":"PT","params":{"startDate":"2025-11-16","endDate":"2025-11-23","residentType":"NONE","accomodation":{"rooms":[{"passengers":[{"type":"ADULT","age":30},{"type":"ADULT","age":30}]}]},"hotelParams":{"destinationCode":"PUJ","includeImmediatePayment":true},"flightParams":{"itineraries":[{"origins":["MAD"],"destinations":["PUJ"]}],"directFlightsOnly":false,"includeImmediatePayment":true}}}
[09-Nov-2025 18:35:23 UTC] [Soltour API info] Response from booking/availability: {"productType":"PACKAGE","availToken":"KkaC+wJ66FKazwCOR8rqalulGO9w2R/ANFBS8opgu2U=","timestamp":"2025-11-09T19:35:21.035700481","serviceType":"UNDEFINED","agencyInformation":{"clientCode":"BEAUTYT","branchOfficeCode":"999","taxApplicationType":"ISC","taxRate":0,"paymentType":"PP","commission":{"currency":"EUR","rate":15}},"budgets":[{"booked":false,"selected":true,"flightServices":[{"responseId":"-319221572","id":"c7b73eb8-26ea-4e70-854c-2a14c8f284ce","type":"FLIGHT","priceApplicationType":"BY_
[09-Nov-2025 18:35:23 UTC] [Soltour API info] Resposta da API Soltour:
[09-Nov-2025 18:35:23 UTC] [Soltour API info]   - budgets: 2
[09-Nov-2025 18:35:23 UTC] [Soltour API info]   - totalCount: 0
[09-Nov-2025 18:35:23 UTC] [Soltour API info]   - hotels: 0
[09-Nov-2025 18:35:23 UTC] [Soltour API info]   - availToken: SIM
[09-Nov-2025 18:36:00 UTC] Loaded file: blur_effects.php
[09-Nov-2025 18:36:00 UTC] Loaded file: rkit_post_duplicator.php
[09-Nov-2025 18:36:00 UTC] Loaded file: rkit_tool_tips.php
[09-Nov-2025 18:36:00 UTC] Loaded file: rkit_wrapper_link.php
[09-Nov-2025 18:36:00 UTC] Class not found: \RomethemeKit\Rkit_Custom_Cursor
[09-Nov-2025 18:36:00 UTC] Instantiated class: \RomethemeKit\RkitDuplicator
[09-Nov-2025 18:36:00 UTC] Instantiated class: \RomethemeKit\BlurEffects
[09-Nov-2025 18:36:00 UTC] Class not found: \RomethemeKit\Rkit_Sticky_Content
[09-Nov-2025 18:36:00 UTC] Instantiated class: \RomethemeKit\RkitToolTips
[09-Nov-2025 18:36:00 UTC] Instantiated class: \RomethemeKit\RkitWrapperLink
[09-Nov-2025 18:36:01 UTC] Loaded file: blur_effects.php
[09-Nov-2025 18:36:01 UTC] Loaded file: rkit_post_duplicator.php
[09-Nov-2025 18:36:01 UTC] Loaded file: rkit_tool_tips.php
[09-Nov-2025 18:36:01 UTC] Loaded file: rkit_wrapper_link.php
[09-Nov-2025 18:36:01 UTC] Class not found: \RomethemeKit\Rkit_Custom_Cursor
[09-Nov-2025 18:36:01 UTC] Instantiated class: \RomethemeKit\RkitDuplicator
[09-Nov-2025 18:36:01 UTC] Instantiated class: \RomethemeKit\BlurEffects
[09-Nov-2025 18:36:01 UTC] Class not found: \RomethemeKit\Rkit_Sticky_Content
[09-Nov-2025 18:36:01 UTC] Instantiated class: \RomethemeKit\RkitToolTips
[09-Nov-2025 18:36:01 UTC] Instantiated class: \RomethemeKit\RkitWrapperLink
