
[14-Nov-2025 20:36:16 UTC] Loaded file: rkit_post_duplicator.php
[14-Nov-2025 20:36:16 UTC] Loaded file: rkit_tool_tips.php
[14-Nov-2025 20:36:16 UTC] Loaded file: rkit_wrapper_link.php
[14-Nov-2025 20:36:16 UTC] Class not found: \RomethemeKit\Rkit_Custom_Cursor
[14-Nov-2025 20:36:16 UTC] Instantiated class: \RomethemeKit\RkitDuplicator
[14-Nov-2025 20:36:16 UTC] Instantiated class: \RomethemeKit\BlurEffects
[14-Nov-2025 20:36:16 UTC] Class not found: \RomethemeKit\Rkit_Sticky_Content
[14-Nov-2025 20:36:16 UTC] Instantiated class: \RomethemeKit\RkitToolTips
[14-Nov-2025 20:36:16 UTC] Instantiated class: \RomethemeKit\RkitWrapperLink
[14-Nov-2025 20:36:16 UTC] [Soltour API info] Response from booking/details: {"availToken":"itgr+shwabyOUr+BpoSpbc3mZJq4tQiFlErlo1MD8HM=","timestamp":"2025-11-14T21:36:16.573822840","serviceType":"UNDEFINED","agencyInformation":{"clientCode":"BEAUTYT","branchOfficeCode":"999","taxApplicationType":"ISC","taxRate":0,"paymentType":"PP","commission":{"currency":"EUR","rate":15}},"params":{"startDate":"2025-11-23","endDate":"2025-11-30","accomodation":{"rooms":[{"passengers":[{"age":30,"type":"ADULT"},{"age":6,"type":"CHILD"}]},{"passengers":[{"age":30,"type":"ADULT"},{"age":
[14-Nov-2025 20:36:16 UTC] [Soltour API info] Details response structure: {"has_budget":false,"has_details":true,"has_error":false,"error_msg":null}
[14-Nov-2025 20:36:16 UTC] [Soltour API info] Response from booking/details: {"availToken":"itgr+shwabyOUr+BpoSpbc3mZJq4tQiFlErlo1MD8HM=","timestamp":"2025-11-14T21:36:16.480115494","serviceType":"UNDEFINED","agencyInformation":{"clientCode":"BEAUTYT","branchOfficeCode":"999","taxApplicationType":"ISC","taxRate":0,"paymentType":"PP","commission":{"currency":"EUR","rate":15}},"params":{"startDate":"2025-11-23","endDate":"2025-11-30","accomodation":{"rooms":[{"passengers":[{"age":30,"type":"ADULT"},{"age":6,"type":"CHILD"}]},{"passengers":[{"age":30,"type":"ADULT"},{"age":
[14-Nov-2025 20:36:16 UTC] [Soltour API info] Details response structure: {"has_budget":false,"has_details":true,"has_error":false,"error_msg":null}
[14-Nov-2025 20:36:17 UTC] [Soltour API info] Getting details for budget: H217184##TI##0$4763361302966774192#1$5567429542515051156@@FLEXIBLE05, hotel: H217184
[14-Nov-2025 20:36:17 UTC] [Soltour API info] Request to booking/details: {"productType":"PACKAGE","availToken":"itgr+shwabyOUr+BpoSpbc3mZJq4tQiFlErlo1MD8HM=","budgetId":"H217184##TI##0$4763361302966774192#1$5567429542515051156@@FLEXIBLE05","hotelParams":{"hotelCode":"H217184","providerCode":"UNDEFINED"}}
[14-Nov-2025 20:36:17 UTC] [Soltour API info] Response from booking/details: {"availToken":"itgr+shwabyOUr+BpoSpbc3mZJq4tQiFlErlo1MD8HM=","timestamp":"2025-11-14T21:36:17.604631510","serviceType":"UNDEFINED","agencyInformation":{"clientCode":"BEAUTYT","branchOfficeCode":"999","taxApplicationType":"ISC","taxRate":0,"paymentType":"PP","commission":{"currency":"EUR","rate":15}},"params":{"startDate":"2025-11-23","endDate":"2025-11-30","accomodation":{"rooms":[{"passengers":[{"age":30,"type":"ADULT"},{"age":6,"type":"CHILD"}]},{"passengers":[{"age":30,"type":"ADULT"},{"age":
[14-Nov-2025 20:36:17 UTC] [Soltour API info] Details response structure: {"has_budget":false,"has_details":true,"has_error":false,"error_msg":null}
[14-Nov-2025 20:36:17 UTC] Loaded file: blur_effects.php
[14-Nov-2025 20:36:17 UTC] Loaded file: rkit_post_duplicator.php
[14-Nov-2025 20:36:17 UTC] Loaded file: rkit_tool_tips.php
[14-Nov-2025 20:36:17 UTC] Loaded file: rkit_wrapper_link.php
[14-Nov-2025 20:36:17 UTC] Class not found: \RomethemeKit\Rkit_Custom_Cursor
[14-Nov-2025 20:36:17 UTC] Instantiated class: \RomethemeKit\RkitDuplicator
[14-Nov-2025 20:36:17 UTC] Instantiated class: \RomethemeKit\BlurEffects
[14-Nov-2025 20:36:17 UTC] Class not found: \RomethemeKit\Rkit_Sticky_Content
[14-Nov-2025 20:36:17 UTC] Instantiated class: \RomethemeKit\RkitToolTips
[14-Nov-2025 20:36:17 UTC] Instantiated class: \RomethemeKit\RkitWrapperLink
[14-Nov-2025 20:36:17 UTC] Loaded file: blur_effects.php
[14-Nov-2025 20:36:17 UTC] Loaded file: rkit_post_duplicator.php
[14-Nov-2025 20:36:17 UTC] Loaded file: rkit_tool_tips.php
[14-Nov-2025 20:36:17 UTC] Loaded file: rkit_wrapper_link.php
[14-Nov-2025 20:36:17 UTC] Class not found: \RomethemeKit\Rkit_Custom_Cursor
[14-Nov-2025 20:36:17 UTC] Instantiated class: \RomethemeKit\RkitDuplicator
[14-Nov-2025 20:36:17 UTC] Instantiated class: \RomethemeKit\BlurEffects
[14-Nov-2025 20:36:17 UTC] Class not found: \RomethemeKit\Rkit_Sticky_Content
[14-Nov-2025 20:36:17 UTC] Instantiated class: \RomethemeKit\RkitToolTips
[14-Nov-2025 20:36:17 UTC] Instantiated class: \RomethemeKit\RkitWrapperLink
[14-Nov-2025 20:36:17 UTC] Loaded file: blur_effects.php
[14-Nov-2025 20:36:17 UTC] Loaded file: rkit_post_duplicator.php
[14-Nov-2025 20:36:17 UTC] Loaded file: rkit_tool_tips.php
[14-Nov-2025 20:36:17 UTC] Loaded file: rkit_wrapper_link.php
[14-Nov-2025 20:36:17 UTC] Class not found: \RomethemeKit\Rkit_Custom_Cursor
[14-Nov-2025 20:36:17 UTC] Instantiated class: \RomethemeKit\RkitDuplicator
[14-Nov-2025 20:36:17 UTC] Instantiated class: \RomethemeKit\BlurEffects
[14-Nov-2025 20:36:17 UTC] Class not found: \RomethemeKit\Rkit_Sticky_Content
[14-Nov-2025 20:36:17 UTC] Instantiated class: \RomethemeKit\RkitToolTips
[14-Nov-2025 20:36:17 UTC] Instantiated class: \RomethemeKit\RkitWrapperLink
[14-Nov-2025 20:36:17 UTC] Loaded file: blur_effects.php
[14-Nov-2025 20:36:17 UTC] Loaded file: rkit_post_duplicator.php
[14-Nov-2025 20:36:17 UTC] Loaded file: rkit_tool_tips.php
[14-Nov-2025 20:36:17 UTC] Loaded file: rkit_wrapper_link.php
[14-Nov-2025 20:36:17 UTC] Class not found: \RomethemeKit\Rkit_Custom_Cursor
[14-Nov-2025 20:36:17 UTC] Instantiated class: \RomethemeKit\RkitDuplicator
[14-Nov-2025 20:36:17 UTC] Instantiated class: \RomethemeKit\BlurEffects
[14-Nov-2025 20:36:17 UTC] Class not found: \RomethemeKit\Rkit_Sticky_Content
[14-Nov-2025 20:36:17 UTC] Instantiated class: \RomethemeKit\RkitToolTips
[14-Nov-2025 20:36:17 UTC] Instantiated class: \RomethemeKit\RkitWrapperLink
[14-Nov-2025 20:36:18 UTC] [Soltour API info] Getting details for budget: H35##TI##0$5123395636724591974#1$5214934259998356060@@FLEXIBLE05, hotel: H35
[14-Nov-2025 20:36:18 UTC] [Soltour API info] Request to booking/details: {"productType":"PACKAGE","availToken":"itgr+shwabyOUr+BpoSpbc3mZJq4tQiFlErlo1MD8HM=","budgetId":"H35##TI##0$5123395636724591974#1$5214934259998356060@@FLEXIBLE05","hotelParams":{"hotelCode":"H35","providerCode":"UNDEFINED"}}
[14-Nov-2025 20:36:18 UTC] [Soltour API info] Getting details for budget: H3##TI##0$5200336675508121487#1$4723005153200329368@@FLEXIBLE05, hotel: H3
[14-Nov-2025 20:36:18 UTC] [Soltour API info] Request to booking/details: {"productType":"PACKAGE","availToken":"itgr+shwabyOUr+BpoSpbc3mZJq4tQiFlErlo1MD8HM=","budgetId":"H3##TI##0$5200336675508121487#1$4723005153200329368@@FLEXIBLE05","hotelParams":{"hotelCode":"H3","providerCode":"UNDEFINED"}}
[14-Nov-2025 20:36:18 UTC] [Soltour API info] Getting details for budget: H3784##TI##0$5669562152851680387#1$4741209281052735719@@FLEXIBLE05, hotel: H3784
[14-Nov-2025 20:36:18 UTC] [Soltour API info] Request to booking/details: {"productType":"PACKAGE","availToken":"itgr+shwabyOUr+BpoSpbc3mZJq4tQiFlErlo1MD8HM=","budgetId":"H3784##TI##0$5669562152851680387#1$4741209281052735719@@FLEXIBLE05","hotelParams":{"hotelCode":"H3784","providerCode":"UNDEFINED"}}
[14-Nov-2025 20:36:18 UTC] [Soltour API info] Getting details for budget: H199372##TI##0$5377367807980095676#1$4880976045069025303@@FLEXIBLE05, hotel: H199372
[14-Nov-2025 20:36:18 UTC] [Soltour API info] Request to booking/details: {"productType":"PACKAGE","availToken":"itgr+shwabyOUr+BpoSpbc3mZJq4tQiFlErlo1MD8HM=","budgetId":"H199372##TI##0$5377367807980095676#1$4880976045069025303@@FLEXIBLE05","hotelParams":{"hotelCode":"H199372","providerCode":"UNDEFINED"}}
[14-Nov-2025 20:36:18 UTC] Loaded file: blur_effects.php
[14-Nov-2025 20:36:18 UTC] Loaded file: rkit_post_duplicator.php
[14-Nov-2025 20:36:18 UTC] Loaded file: rkit_tool_tips.php
[14-Nov-2025 20:36:18 UTC] Loaded file: rkit_wrapper_link.php
[14-Nov-2025 20:36:18 UTC] Class not found: \RomethemeKit\Rkit_Custom_Cursor
[14-Nov-2025 20:36:18 UTC] Instantiated class: \RomethemeKit\RkitDuplicator
[14-Nov-2025 20:36:18 UTC] Instantiated class: \RomethemeKit\BlurEffects
[14-Nov-2025 20:36:18 UTC] Class not found: \RomethemeKit\Rkit_Sticky_Content
[14-Nov-2025 20:36:18 UTC] Instantiated class: \RomethemeKit\RkitToolTips
[14-Nov-2025 20:36:18 UTC] Instantiated class: \RomethemeKit\RkitWrapperLink
[14-Nov-2025 20:36:19 UTC] [Soltour API info] Response from booking/details: {"availToken":"itgr+shwabyOUr+BpoSpbc3mZJq4tQiFlErlo1MD8HM=","timestamp":"2025-11-14T21:36:18.972059359","serviceType":"UNDEFINED","agencyInformation":{"clientCode":"BEAUTYT","branchOfficeCode":"999","taxApplicationType":"ISC","taxRate":0,"paymentType":"PP","commission":{"currency":"EUR","rate":15}},"params":{"startDate":"2025-11-23","endDate":"2025-11-30","accomodation":{"rooms":[{"passengers":[{"age":30,"type":"ADULT"},{"age":6,"type":"CHILD"}]},{"passengers":[{"age":30,"type":"ADULT"},{"age":
[14-Nov-2025 20:36:19 UTC] [Soltour API info] Details response structure: {"has_budget":false,"has_details":true,"has_error":false,"error_msg":null}
[14-Nov-2025 20:36:19 UTC] [Soltour API info] Response from booking/details: {"availToken":"itgr+shwabyOUr+BpoSpbc3mZJq4tQiFlErlo1MD8HM=","timestamp":"2025-11-14T21:36:19.052870140","serviceType":"UNDEFINED","agencyInformation":{"clientCode":"BEAUTYT","branchOfficeCode":"999","taxApplicationType":"ISC","taxRate":0,"paymentType":"PP","commission":{"currency":"EUR","rate":15}},"params":{"startDate":"2025-11-23","endDate":"2025-11-30","accomodation":{"rooms":[{"passengers":[{"age":30,"type":"ADULT"},{"age":6,"type":"CHILD"}]},{"passengers":[{"age":30,"type":"ADULT"},{"age":
[14-Nov-2025 20:36:19 UTC] [Soltour API info] Details response structure: {"has_budget":false,"has_details":true,"has_error":false,"error_msg":null}
[14-Nov-2025 20:36:19 UTC] [Soltour API info] Response from booking/details: {"availToken":"itgr+shwabyOUr+BpoSpbc3mZJq4tQiFlErlo1MD8HM=","timestamp":"2025-11-14T21:36:19.202895007","serviceType":"UNDEFINED","agencyInformation":{"clientCode":"BEAUTYT","branchOfficeCode":"999","taxApplicationType":"ISC","taxRate":0,"paymentType":"PP","commission":{"currency":"EUR","rate":15}},"params":{"startDate":"2025-11-23","endDate":"2025-11-30","accomodation":{"rooms":[{"passengers":[{"age":30,"type":"ADULT"},{"age":6,"type":"CHILD"}]},{"passengers":[{"age":30,"type":"ADULT"},{"age":
[14-Nov-2025 20:36:19 UTC] [Soltour API info] Details response structure: {"has_budget":false,"has_details":true,"has_error":false,"error_msg":null}
[14-Nov-2025 20:36:19 UTC] [Soltour API info] Getting details for budget: H81784##TI##0$4718704062201738006#1$5071766212595520270@@FLEXIBLE05, hotel: H81784
[14-Nov-2025 20:36:19 UTC] [Soltour API info] Request to booking/details: {"productType":"PACKAGE","availToken":"itgr+shwabyOUr+BpoSpbc3mZJq4tQiFlErlo1MD8HM=","budgetId":"H81784##TI##0$4718704062201738006#1$5071766212595520270@@FLEXIBLE05","hotelParams":{"hotelCode":"H81784","providerCode":"UNDEFINED"}}
[14-Nov-2025 20:36:19 UTC] [Soltour API info] Response from booking/details: {"availToken":"itgr+shwabyOUr+BpoSpbc3mZJq4tQiFlErlo1MD8HM=","timestamp":"2025-11-14T21:36:19.309264275","serviceType":"UNDEFINED","agencyInformation":{"clientCode":"BEAUTYT","branchOfficeCode":"999","taxApplicationType":"ISC","taxRate":0,"paymentType":"PP","commission":{"currency":"EUR","rate":15}},"params":{"startDate":"2025-11-23","endDate":"2025-11-30","accomodation":{"rooms":[{"passengers":[{"age":30,"type":"ADULT"},{"age":6,"type":"CHILD"}]},{"passengers":[{"age":30,"type":"ADULT"},{"age":
[14-Nov-2025 20:36:19 UTC] [Soltour API info] Details response structure: {"has_budget":false,"has_details":true,"has_error":false,"error_msg":null}
[14-Nov-2025 20:36:20 UTC] [Soltour API info] Response from booking/details: {"availToken":"itgr+shwabyOUr+BpoSpbc3mZJq4tQiFlErlo1MD8HM=","timestamp":"2025-11-14T21:36:20.040061961","serviceType":"UNDEFINED","agencyInformation":{"clientCode":"BEAUTYT","branchOfficeCode":"999","taxApplicationType":"ISC","taxRate":0,"paymentType":"PP","commission":{"currency":"EUR","rate":15}},"params":{"startDate":"2025-11-23","endDate":"2025-11-30","accomodation":{"rooms":[{"passengers":[{"age":30,"type":"ADULT"},{"age":6,"type":"CHILD"}]},{"passengers":[{"age":30,"type":"ADULT"},{"age":
[14-Nov-2025 20:36:20 UTC] [Soltour API info] Details response structure: {"has_budget":false,"has_details":true,"has_error":false,"error_msg":null}
[14-Nov-2025 20:36:51 UTC] Loaded file: blur_effects.php
[14-Nov-2025 20:36:51 UTC] Loaded file: rkit_post_duplicator.php
[14-Nov-2025 20:36:51 UTC] Loaded file: rkit_tool_tips.php
[14-Nov-2025 20:36:51 UTC] Loaded file: rkit_wrapper_link.php
[14-Nov-2025 20:36:51 UTC] Class not found: \RomethemeKit\Rkit_Custom_Cursor
[14-Nov-2025 20:36:51 UTC] Instantiated class: \RomethemeKit\RkitDuplicator
[14-Nov-2025 20:36:51 UTC] Instantiated class: \RomethemeKit\BlurEffects
[14-Nov-2025 20:36:51 UTC] Class not found: \RomethemeKit\Rkit_Sticky_Content
[14-Nov-2025 20:36:51 UTC] Instantiated class: \RomethemeKit\RkitToolTips
[14-Nov-2025 20:36:51 UTC] Instantiated class: \RomethemeKit\RkitWrapperLink
[14-Nov-2025 20:36:52 UTC] Loaded file: blur_effects.php
[14-Nov-2025 20:36:52 UTC] Loaded file: rkit_post_duplicator.php
[14-Nov-2025 20:36:52 UTC] Loaded file: rkit_tool_tips.php
[14-Nov-2025 20:36:52 UTC] Loaded file: rkit_wrapper_link.php
[14-Nov-2025 20:36:52 UTC] Class not found: \RomethemeKit\Rkit_Custom_Cursor
[14-Nov-2025 20:36:52 UTC] Instantiated class: \RomethemeKit\RkitDuplicator
[14-Nov-2025 20:36:52 UTC] Instantiated class: \RomethemeKit\BlurEffects
[14-Nov-2025 20:36:52 UTC] Class not found: \RomethemeKit\Rkit_Sticky_Content
[14-Nov-2025 20:36:52 UTC] Instantiated class: \RomethemeKit\RkitToolTips
[14-Nov-2025 20:36:52 UTC] Instantiated class: \RomethemeKit\RkitWrapperLink
